Namespace(device=0, log_steps=1, use_node_embedding=False, use_sgc_embedding=True, num_sgc_iterations=3, num_layers=3, hidden_channels=256, dropout=0, lr=0.01, batch_size=256, epochs=30, runs=10, rsv=0.1)
Run: 01, Epoch: 01, Train: 57.71%, Valid: 55.32%, Test: 53.46%
Run: 01, Epoch: 02, Train: 60.66%, Valid: 57.52%, Test: 54.38%
Run: 01, Epoch: 03, Train: 61.36%, Valid: 60.81%, Test: 58.18%
Run: 01, Epoch: 04, Train: 62.56%, Valid: 60.52%, Test: 58.14%
Run: 01, Epoch: 05, Train: 62.19%, Valid: 61.02%, Test: 58.90%
Run: 01, Epoch: 06, Train: 63.82%, Valid: 59.78%, Test: 57.24%
Run: 01, Epoch: 07, Train: 63.45%, Valid: 61.83%, Test: 59.44%
Run: 01, Epoch: 08, Train: 64.54%, Valid: 58.99%, Test: 56.94%
Run: 01, Epoch: 09, Train: 64.68%, Valid: 58.49%, Test: 56.48%
Run: 01, Epoch: 10, Train: 65.40%, Valid: 60.79%, Test: 58.20%
Run: 01, Epoch: 11, Train: 65.25%, Valid: 61.11%, Test: 57.65%
Run: 01, Epoch: 12, Train: 64.94%, Valid: 59.48%, Test: 57.69%
Run: 01, Epoch: 13, Train: 67.01%, Valid: 61.06%, Test: 58.92%
Run: 01, Epoch: 14, Train: 66.82%, Valid: 62.18%, Test: 59.54%
Run: 01, Epoch: 15, Train: 66.94%, Valid: 61.31%, Test: 58.54%
Run: 01, Epoch: 16, Train: 67.50%, Valid: 61.26%, Test: 58.87%
Run: 01, Epoch: 17, Train: 67.38%, Valid: 62.65%, Test: 59.81%
Run: 01, Epoch: 18, Train: 67.44%, Valid: 58.96%, Test: 56.81%
Run: 01, Epoch: 19, Train: 68.42%, Valid: 61.41%, Test: 59.54%
Run: 01, Epoch: 20, Train: 69.18%, Valid: 61.18%, Test: 58.57%
Run: 01, Epoch: 21, Train: 68.15%, Valid: 57.97%, Test: 57.11%
Run: 01, Epoch: 22, Train: 69.33%, Valid: 61.81%, Test: 59.23%
Run: 01, Epoch: 23, Train: 69.26%, Valid: 61.14%, Test: 58.70%
Run: 01, Epoch: 24, Train: 68.87%, Valid: 59.54%, Test: 57.49%
Run: 01, Epoch: 25, Train: 69.24%, Valid: 60.87%, Test: 58.39%
Run: 01, Epoch: 26, Train: 69.32%, Valid: 61.88%, Test: 59.60%
Run: 01, Epoch: 27, Train: 70.44%, Valid: 62.15%, Test: 59.81%
Run: 01, Epoch: 28, Train: 70.09%, Valid: 59.43%, Test: 57.86%
Run: 01, Epoch: 29, Train: 70.68%, Valid: 62.24%, Test: 59.57%
Run: 01, Epoch: 30, Train: 70.21%, Valid: 59.05%, Test: 57.56%
Run 01:
Highest Train: 70.68
Highest Valid: 62.65
  Final Train: 67.38
   Final Test: 59.81
Run: 02, Epoch: 01, Train: 57.20%, Valid: 52.55%, Test: 50.70%
Run: 02, Epoch: 02, Train: 59.91%, Valid: 55.58%, Test: 54.04%
Run: 02, Epoch: 03, Train: 61.92%, Valid: 57.87%, Test: 56.05%
Run: 02, Epoch: 04, Train: 62.74%, Valid: 57.59%, Test: 56.59%
Run: 02, Epoch: 05, Train: 63.26%, Valid: 60.39%, Test: 57.21%
Run: 02, Epoch: 06, Train: 63.82%, Valid: 61.18%, Test: 57.82%
Run: 02, Epoch: 07, Train: 63.86%, Valid: 60.70%, Test: 58.02%
Run: 02, Epoch: 08, Train: 64.74%, Valid: 60.95%, Test: 58.17%
Run: 02, Epoch: 09, Train: 65.57%, Valid: 59.91%, Test: 58.15%
Run: 02, Epoch: 10, Train: 64.29%, Valid: 57.36%, Test: 56.30%
Run: 02, Epoch: 11, Train: 66.46%, Valid: 61.67%, Test: 59.26%
Run: 02, Epoch: 12, Train: 64.61%, Valid: 62.82%, Test: 59.98%
Run: 02, Epoch: 13, Train: 65.96%, Valid: 61.76%, Test: 58.94%
Run: 02, Epoch: 14, Train: 66.08%, Valid: 60.61%, Test: 57.43%
Run: 02, Epoch: 15, Train: 66.78%, Valid: 60.48%, Test: 58.05%
Run: 02, Epoch: 16, Train: 67.45%, Valid: 60.40%, Test: 58.92%
Run: 02, Epoch: 17, Train: 67.21%, Valid: 60.64%, Test: 58.47%
Run: 02, Epoch: 18, Train: 67.87%, Valid: 61.75%, Test: 59.28%
Run: 02, Epoch: 19, Train: 68.90%, Valid: 60.82%, Test: 58.64%
Run: 02, Epoch: 20, Train: 68.88%, Valid: 60.54%, Test: 57.39%
Run: 02, Epoch: 21, Train: 69.47%, Valid: 61.88%, Test: 58.97%
Run: 02, Epoch: 22, Train: 69.00%, Valid: 61.06%, Test: 58.39%
Run: 02, Epoch: 23, Train: 68.43%, Valid: 61.78%, Test: 58.53%
Run: 02, Epoch: 24, Train: 69.21%, Valid: 60.17%, Test: 58.23%
Run: 02, Epoch: 25, Train: 69.62%, Valid: 59.23%, Test: 57.70%
Run: 02, Epoch: 26, Train: 69.98%, Valid: 61.01%, Test: 58.34%
Run: 02, Epoch: 27, Train: 70.29%, Valid: 61.41%, Test: 58.89%
Run: 02, Epoch: 28, Train: 70.09%, Valid: 61.83%, Test: 59.42%
Run: 02, Epoch: 29, Train: 70.22%, Valid: 61.26%, Test: 58.95%
Run: 02, Epoch: 30, Train: 70.31%, Valid: 60.67%, Test: 58.40%
Run 02:
Highest Train: 70.31
Highest Valid: 62.82
  Final Train: 64.61
   Final Test: 59.98
Run: 03, Epoch: 01, Train: 58.64%, Valid: 54.50%, Test: 52.71%
Run: 03, Epoch: 02, Train: 61.46%, Valid: 58.55%, Test: 55.94%
Run: 03, Epoch: 03, Train: 60.33%, Valid: 57.60%, Test: 56.66%
Run: 03, Epoch: 04, Train: 63.31%, Valid: 61.04%, Test: 58.34%
Run: 03, Epoch: 05, Train: 62.08%, Valid: 59.74%, Test: 56.64%
Run: 03, Epoch: 06, Train: 63.70%, Valid: 60.38%, Test: 57.32%
Run: 03, Epoch: 07, Train: 63.60%, Valid: 59.05%, Test: 56.98%
Run: 03, Epoch: 08, Train: 62.78%, Valid: 55.62%, Test: 54.26%
Run: 03, Epoch: 09, Train: 65.71%, Valid: 60.35%, Test: 58.18%
Run: 03, Epoch: 10, Train: 65.83%, Valid: 60.92%, Test: 58.32%
Run: 03, Epoch: 11, Train: 66.09%, Valid: 59.32%, Test: 57.64%
Run: 03, Epoch: 12, Train: 66.88%, Valid: 61.50%, Test: 58.31%
Run: 03, Epoch: 13, Train: 66.26%, Valid: 60.85%, Test: 58.82%
Run: 03, Epoch: 14, Train: 66.15%, Valid: 57.22%, Test: 56.48%
Run: 03, Epoch: 15, Train: 66.79%, Valid: 63.27%, Test: 59.82%
Run: 03, Epoch: 16, Train: 67.70%, Valid: 61.60%, Test: 59.12%
Run: 03, Epoch: 17, Train: 67.62%, Valid: 62.09%, Test: 58.67%
Run: 03, Epoch: 18, Train: 67.47%, Valid: 60.00%, Test: 58.13%
Run: 03, Epoch: 19, Train: 68.24%, Valid: 61.04%, Test: 58.35%
Run: 03, Epoch: 20, Train: 68.52%, Valid: 60.83%, Test: 58.53%
Run: 03, Epoch: 21, Train: 68.66%, Valid: 62.36%, Test: 59.85%
Run: 03, Epoch: 22, Train: 68.78%, Valid: 61.99%, Test: 59.41%
Run: 03, Epoch: 23, Train: 69.20%, Valid: 61.70%, Test: 58.95%
Run: 03, Epoch: 24, Train: 70.05%, Valid: 62.57%, Test: 60.37%
Run: 03, Epoch: 25, Train: 70.02%, Valid: 61.18%, Test: 59.22%
Run: 03, Epoch: 26, Train: 69.31%, Valid: 61.59%, Test: 59.00%
Run: 03, Epoch: 27, Train: 69.42%, Valid: 62.15%, Test: 58.89%
Run: 03, Epoch: 28, Train: 69.61%, Valid: 59.44%, Test: 57.54%
Run: 03, Epoch: 29, Train: 70.84%, Valid: 61.05%, Test: 58.80%
Run: 03, Epoch: 30, Train: 70.65%, Valid: 61.67%, Test: 59.27%
Run 03:
Highest Train: 70.84
Highest Valid: 63.27
  Final Train: 66.79
   Final Test: 59.82
Run: 04, Epoch: 01, Train: 56.51%, Valid: 52.04%, Test: 51.14%
Run: 04, Epoch: 02, Train: 59.58%, Valid: 55.85%, Test: 54.15%
Run: 04, Epoch: 03, Train: 61.74%, Valid: 58.29%, Test: 56.02%
Run: 04, Epoch: 04, Train: 63.50%, Valid: 59.18%, Test: 56.67%
Run: 04, Epoch: 05, Train: 62.51%, Valid: 59.21%, Test: 57.44%
Run: 04, Epoch: 06, Train: 63.42%, Valid: 59.75%, Test: 56.97%
Run: 04, Epoch: 07, Train: 63.88%, Valid: 59.13%, Test: 57.07%
Run: 04, Epoch: 08, Train: 64.33%, Valid: 59.22%, Test: 57.69%
Run: 04, Epoch: 09, Train: 65.16%, Valid: 62.03%, Test: 58.73%
Run: 04, Epoch: 10, Train: 65.06%, Valid: 59.50%, Test: 57.73%
Run: 04, Epoch: 11, Train: 65.26%, Valid: 59.83%, Test: 58.43%
Run: 04, Epoch: 12, Train: 66.85%, Valid: 60.46%, Test: 57.62%
Run: 04, Epoch: 13, Train: 66.22%, Valid: 61.74%, Test: 57.65%
Run: 04, Epoch: 14, Train: 66.14%, Valid: 62.40%, Test: 59.34%
Run: 04, Epoch: 15, Train: 66.90%, Valid: 60.98%, Test: 57.33%
Run: 04, Epoch: 16, Train: 66.54%, Valid: 61.54%, Test: 58.07%
Run: 04, Epoch: 17, Train: 67.94%, Valid: 61.18%, Test: 59.02%
Run: 04, Epoch: 18, Train: 68.05%, Valid: 61.44%, Test: 58.63%
Run: 04, Epoch: 19, Train: 67.18%, Valid: 62.69%, Test: 59.61%
Run: 04, Epoch: 20, Train: 67.35%, Valid: 63.24%, Test: 59.76%
Run: 04, Epoch: 21, Train: 68.88%, Valid: 61.13%, Test: 57.97%
Run: 04, Epoch: 22, Train: 69.59%, Valid: 62.69%, Test: 60.00%
Run: 04, Epoch: 23, Train: 69.36%, Valid: 60.88%, Test: 58.02%
Run: 04, Epoch: 24, Train: 69.83%, Valid: 61.24%, Test: 58.50%
Run: 04, Epoch: 25, Train: 69.58%, Valid: 60.63%, Test: 58.50%
Run: 04, Epoch: 26, Train: 69.77%, Valid: 59.66%, Test: 57.51%
Run: 04, Epoch: 27, Train: 69.24%, Valid: 61.22%, Test: 59.39%
Run: 04, Epoch: 28, Train: 70.41%, Valid: 61.61%, Test: 58.96%
Run: 04, Epoch: 29, Train: 70.29%, Valid: 61.30%, Test: 58.70%
Run: 04, Epoch: 30, Train: 70.94%, Valid: 62.06%, Test: 59.49%
Run 04:
Highest Train: 70.94
Highest Valid: 63.24
  Final Train: 67.35
   Final Test: 59.76
Run: 05, Epoch: 01, Train: 59.31%, Valid: 56.21%, Test: 54.48%
Run: 05, Epoch: 02, Train: 59.39%, Valid: 58.24%, Test: 55.59%
Run: 05, Epoch: 03, Train: 61.41%, Valid: 61.40%, Test: 58.96%
Run: 05, Epoch: 04, Train: 60.98%, Valid: 54.93%, Test: 53.07%
Run: 05, Epoch: 05, Train: 62.88%, Valid: 60.04%, Test: 58.37%
Run: 05, Epoch: 06, Train: 63.91%, Valid: 60.20%, Test: 58.15%
Run: 05, Epoch: 07, Train: 64.85%, Valid: 61.51%, Test: 58.92%
Run: 05, Epoch: 08, Train: 64.62%, Valid: 60.33%, Test: 58.22%
Run: 05, Epoch: 09, Train: 65.05%, Valid: 58.66%, Test: 57.86%
Run: 05, Epoch: 10, Train: 65.07%, Valid: 60.47%, Test: 58.22%
Run: 05, Epoch: 11, Train: 65.86%, Valid: 60.95%, Test: 58.66%
Run: 05, Epoch: 12, Train: 66.48%, Valid: 61.28%, Test: 58.67%
Run: 05, Epoch: 13, Train: 66.31%, Valid: 59.17%, Test: 57.21%
Run: 05, Epoch: 14, Train: 66.55%, Valid: 61.35%, Test: 58.93%
Run: 05, Epoch: 15, Train: 67.91%, Valid: 62.33%, Test: 59.22%
Run: 05, Epoch: 16, Train: 67.79%, Valid: 63.17%, Test: 59.35%
Run: 05, Epoch: 17, Train: 68.44%, Valid: 61.51%, Test: 59.15%
Run: 05, Epoch: 18, Train: 67.22%, Valid: 59.47%, Test: 57.82%
Run: 05, Epoch: 19, Train: 68.73%, Valid: 61.70%, Test: 59.77%
Run: 05, Epoch: 20, Train: 67.70%, Valid: 59.01%, Test: 57.43%
Run: 05, Epoch: 21, Train: 68.26%, Valid: 61.62%, Test: 59.04%
Run: 05, Epoch: 22, Train: 68.17%, Valid: 59.90%, Test: 58.01%
Run: 05, Epoch: 23, Train: 68.48%, Valid: 62.88%, Test: 60.06%
Run: 05, Epoch: 24, Train: 69.10%, Valid: 58.64%, Test: 57.38%
Run: 05, Epoch: 25, Train: 69.96%, Valid: 60.24%, Test: 58.67%
Run: 05, Epoch: 26, Train: 69.64%, Valid: 60.01%, Test: 57.52%
Run: 05, Epoch: 27, Train: 69.76%, Valid: 60.19%, Test: 58.58%
Run: 05, Epoch: 28, Train: 69.54%, Valid: 59.90%, Test: 57.69%
Run: 05, Epoch: 29, Train: 71.03%, Valid: 62.19%, Test: 59.36%
Run: 05, Epoch: 30, Train: 69.15%, Valid: 58.77%, Test: 56.93%
Run 05:
Highest Train: 71.03
Highest Valid: 63.17
  Final Train: 67.79
   Final Test: 59.35
Run: 06, Epoch: 01, Train: 58.83%, Valid: 56.08%, Test: 53.41%
Run: 06, Epoch: 02, Train: 61.21%, Valid: 57.42%, Test: 55.73%
Run: 06, Epoch: 03, Train: 61.03%, Valid: 59.75%, Test: 57.70%
Run: 06, Epoch: 04, Train: 61.81%, Valid: 57.46%, Test: 55.62%
Run: 06, Epoch: 05, Train: 62.71%, Valid: 58.34%, Test: 56.45%
Run: 06, Epoch: 06, Train: 63.01%, Valid: 57.73%, Test: 56.06%
Run: 06, Epoch: 07, Train: 62.65%, Valid: 57.64%, Test: 54.99%
Run: 06, Epoch: 08, Train: 64.28%, Valid: 61.01%, Test: 57.22%
Run: 06, Epoch: 09, Train: 64.64%, Valid: 57.15%, Test: 56.61%
Run: 06, Epoch: 10, Train: 65.63%, Valid: 59.72%, Test: 57.52%
Run: 06, Epoch: 11, Train: 64.88%, Valid: 60.50%, Test: 57.92%
Run: 06, Epoch: 12, Train: 67.09%, Valid: 61.92%, Test: 58.98%
Run: 06, Epoch: 13, Train: 67.25%, Valid: 61.88%, Test: 59.28%
Run: 06, Epoch: 14, Train: 67.06%, Valid: 61.76%, Test: 59.15%
Run: 06, Epoch: 15, Train: 66.07%, Valid: 59.32%, Test: 57.57%
Run: 06, Epoch: 16, Train: 66.24%, Valid: 58.39%, Test: 57.05%
Run: 06, Epoch: 17, Train: 67.88%, Valid: 61.90%, Test: 59.19%
Run: 06, Epoch: 18, Train: 67.95%, Valid: 59.67%, Test: 57.78%
Run: 06, Epoch: 19, Train: 68.52%, Valid: 61.57%, Test: 59.28%
Run: 06, Epoch: 20, Train: 68.91%, Valid: 60.74%, Test: 57.82%
Run: 06, Epoch: 21, Train: 68.70%, Valid: 62.41%, Test: 59.71%
Run: 06, Epoch: 22, Train: 69.10%, Valid: 61.10%, Test: 59.31%
Run: 06, Epoch: 23, Train: 68.70%, Valid: 60.58%, Test: 58.45%
Run: 06, Epoch: 24, Train: 69.03%, Valid: 58.60%, Test: 58.00%
Run: 06, Epoch: 25, Train: 69.88%, Valid: 61.04%, Test: 59.12%
Run: 06, Epoch: 26, Train: 69.47%, Valid: 59.59%, Test: 57.42%
Run: 06, Epoch: 27, Train: 69.75%, Valid: 63.22%, Test: 59.54%
Run: 06, Epoch: 28, Train: 69.52%, Valid: 59.29%, Test: 57.83%
Run: 06, Epoch: 29, Train: 69.97%, Valid: 62.50%, Test: 59.73%
Run: 06, Epoch: 30, Train: 71.36%, Valid: 61.92%, Test: 59.44%
Run 06:
Highest Train: 71.36
Highest Valid: 63.22
  Final Train: 69.75
   Final Test: 59.54
Run: 07, Epoch: 01, Train: 58.85%, Valid: 56.10%, Test: 54.61%
Run: 07, Epoch: 02, Train: 57.27%, Valid: 57.50%, Test: 55.04%
Run: 07, Epoch: 03, Train: 61.80%, Valid: 57.69%, Test: 55.87%
Run: 07, Epoch: 04, Train: 61.74%, Valid: 56.45%, Test: 54.52%
Run: 07, Epoch: 05, Train: 62.99%, Valid: 58.18%, Test: 56.81%
Run: 07, Epoch: 06, Train: 62.95%, Valid: 57.85%, Test: 55.90%
Run: 07, Epoch: 07, Train: 63.74%, Valid: 58.53%, Test: 57.09%
Run: 07, Epoch: 08, Train: 64.92%, Valid: 60.33%, Test: 57.41%
Run: 07, Epoch: 09, Train: 65.40%, Valid: 61.40%, Test: 58.70%
Run: 07, Epoch: 10, Train: 65.39%, Valid: 60.34%, Test: 58.26%
Run: 07, Epoch: 11, Train: 64.77%, Valid: 56.94%, Test: 55.66%
Run: 07, Epoch: 12, Train: 65.88%, Valid: 62.43%, Test: 59.50%
Run: 07, Epoch: 13, Train: 67.24%, Valid: 60.74%, Test: 58.43%
Run: 07, Epoch: 14, Train: 66.56%, Valid: 60.51%, Test: 58.19%
Run: 07, Epoch: 15, Train: 66.74%, Valid: 58.57%, Test: 57.33%
Run: 07, Epoch: 16, Train: 67.67%, Valid: 60.79%, Test: 58.61%
Run: 07, Epoch: 17, Train: 66.83%, Valid: 58.56%, Test: 57.13%
Run: 07, Epoch: 18, Train: 68.97%, Valid: 62.69%, Test: 59.99%
Run: 07, Epoch: 19, Train: 67.83%, Valid: 62.79%, Test: 59.76%
Run: 07, Epoch: 20, Train: 67.66%, Valid: 59.52%, Test: 57.72%
Run: 07, Epoch: 21, Train: 68.77%, Valid: 61.18%, Test: 58.85%
Run: 07, Epoch: 22, Train: 68.84%, Valid: 60.19%, Test: 57.65%
Run: 07, Epoch: 23, Train: 69.23%, Valid: 61.34%, Test: 59.04%
Run: 07, Epoch: 24, Train: 69.45%, Valid: 60.40%, Test: 58.59%
Run: 07, Epoch: 25, Train: 69.07%, Valid: 58.92%, Test: 57.34%
Run: 07, Epoch: 26, Train: 70.63%, Valid: 61.57%, Test: 58.62%
Run: 07, Epoch: 27, Train: 69.84%, Valid: 60.73%, Test: 58.26%
Run: 07, Epoch: 28, Train: 70.99%, Valid: 60.53%, Test: 58.64%
Run: 07, Epoch: 29, Train: 69.99%, Valid: 61.25%, Test: 58.77%
Run: 07, Epoch: 30, Train: 71.53%, Valid: 62.10%, Test: 59.27%
Run 07:
Highest Train: 71.53
Highest Valid: 62.79
  Final Train: 67.83
   Final Test: 59.76
Run: 08, Epoch: 01, Train: 57.03%, Valid: 52.19%, Test: 50.42%
Run: 08, Epoch: 02, Train: 61.35%, Valid: 57.54%, Test: 55.22%
Run: 08, Epoch: 03, Train: 61.88%, Valid: 57.66%, Test: 55.70%
Run: 08, Epoch: 04, Train: 62.74%, Valid: 58.17%, Test: 56.18%
Run: 08, Epoch: 05, Train: 63.17%, Valid: 62.05%, Test: 59.58%
Run: 08, Epoch: 06, Train: 62.25%, Valid: 56.55%, Test: 55.40%
Run: 08, Epoch: 07, Train: 64.73%, Valid: 61.54%, Test: 58.83%
Run: 08, Epoch: 08, Train: 65.47%, Valid: 61.08%, Test: 59.25%
Run: 08, Epoch: 09, Train: 65.05%, Valid: 59.76%, Test: 57.57%
Run: 08, Epoch: 10, Train: 65.39%, Valid: 62.37%, Test: 59.06%
Run: 08, Epoch: 11, Train: 65.98%, Valid: 61.45%, Test: 58.94%
Run: 08, Epoch: 12, Train: 66.80%, Valid: 61.78%, Test: 59.05%
Run: 08, Epoch: 13, Train: 66.25%, Valid: 62.34%, Test: 59.18%
Run: 08, Epoch: 14, Train: 67.28%, Valid: 60.43%, Test: 58.16%
Run: 08, Epoch: 15, Train: 67.31%, Valid: 60.99%, Test: 58.85%
Run: 08, Epoch: 16, Train: 67.27%, Valid: 60.72%, Test: 58.80%
Run: 08, Epoch: 17, Train: 67.65%, Valid: 58.81%, Test: 57.75%
Run: 08, Epoch: 18, Train: 68.01%, Valid: 60.80%, Test: 58.42%
Run: 08, Epoch: 19, Train: 68.12%, Valid: 61.60%, Test: 59.77%
Run: 08, Epoch: 20, Train: 69.08%, Valid: 61.34%, Test: 59.28%
Run: 08, Epoch: 21, Train: 68.68%, Valid: 61.59%, Test: 59.36%
Run: 08, Epoch: 22, Train: 68.08%, Valid: 62.55%, Test: 58.75%
Run: 08, Epoch: 23, Train: 68.77%, Valid: 58.99%, Test: 57.23%
Run: 08, Epoch: 24, Train: 69.04%, Valid: 61.02%, Test: 58.59%
Run: 08, Epoch: 25, Train: 69.92%, Valid: 61.15%, Test: 59.49%
Run: 08, Epoch: 26, Train: 69.24%, Valid: 58.41%, Test: 57.06%
Run: 08, Epoch: 27, Train: 70.09%, Valid: 60.10%, Test: 58.53%
Run: 08, Epoch: 28, Train: 70.57%, Valid: 61.23%, Test: 58.18%
Run: 08, Epoch: 29, Train: 70.64%, Valid: 62.58%, Test: 59.80%
Run: 08, Epoch: 30, Train: 70.21%, Valid: 60.05%, Test: 57.85%
Run 08:
Highest Train: 70.64
Highest Valid: 62.58
  Final Train: 70.64
   Final Test: 59.80
Run: 09, Epoch: 01, Train: 57.90%, Valid: 56.15%, Test: 54.02%
Run: 09, Epoch: 02, Train: 60.64%, Valid: 58.37%, Test: 56.63%
Run: 09, Epoch: 03, Train: 61.29%, Valid: 58.61%, Test: 56.32%
Run: 09, Epoch: 04, Train: 61.97%, Valid: 59.81%, Test: 57.14%
Run: 09, Epoch: 05, Train: 63.84%, Valid: 61.30%, Test: 58.96%
Run: 09, Epoch: 06, Train: 63.35%, Valid: 60.69%, Test: 57.99%
Run: 09, Epoch: 07, Train: 63.96%, Valid: 59.88%, Test: 57.26%
Run: 09, Epoch: 08, Train: 65.60%, Valid: 60.26%, Test: 58.35%
Run: 09, Epoch: 09, Train: 64.64%, Valid: 58.99%, Test: 58.08%
Run: 09, Epoch: 10, Train: 65.32%, Valid: 61.88%, Test: 59.53%
Run: 09, Epoch: 11, Train: 66.23%, Valid: 62.43%, Test: 58.73%
Run: 09, Epoch: 12, Train: 66.06%, Valid: 61.21%, Test: 58.77%
Run: 09, Epoch: 13, Train: 66.36%, Valid: 62.33%, Test: 59.09%
Run: 09, Epoch: 14, Train: 66.15%, Valid: 58.29%, Test: 57.23%
Run: 09, Epoch: 15, Train: 67.19%, Valid: 59.09%, Test: 57.52%
Run: 09, Epoch: 16, Train: 66.85%, Valid: 62.28%, Test: 59.65%
Run: 09, Epoch: 17, Train: 67.94%, Valid: 62.73%, Test: 59.99%
Run: 09, Epoch: 18, Train: 66.60%, Valid: 57.64%, Test: 56.70%
Run: 09, Epoch: 19, Train: 68.25%, Valid: 63.08%, Test: 59.82%
Run: 09, Epoch: 20, Train: 68.63%, Valid: 61.03%, Test: 58.92%
Run: 09, Epoch: 21, Train: 68.83%, Valid: 59.14%, Test: 57.92%
Run: 09, Epoch: 22, Train: 68.87%, Valid: 60.95%, Test: 58.52%
Run: 09, Epoch: 23, Train: 68.69%, Valid: 60.55%, Test: 58.26%
Run: 09, Epoch: 24, Train: 69.80%, Valid: 61.25%, Test: 58.33%
Run: 09, Epoch: 25, Train: 69.88%, Valid: 60.99%, Test: 58.68%
Run: 09, Epoch: 26, Train: 70.45%, Valid: 62.86%, Test: 59.98%
Run: 09, Epoch: 27, Train: 69.65%, Valid: 59.12%, Test: 57.46%
Run: 09, Epoch: 28, Train: 69.49%, Valid: 59.01%, Test: 57.27%
Run: 09, Epoch: 29, Train: 70.76%, Valid: 62.23%, Test: 59.20%
Run: 09, Epoch: 30, Train: 69.87%, Valid: 58.52%, Test: 56.46%
Run 09:
Highest Train: 70.76
Highest Valid: 63.08
  Final Train: 68.25
   Final Test: 59.82
Run: 10, Epoch: 01, Train: 59.21%, Valid: 55.70%, Test: 54.76%
Run: 10, Epoch: 02, Train: 60.27%, Valid: 57.24%, Test: 55.74%
Run: 10, Epoch: 03, Train: 61.32%, Valid: 57.37%, Test: 55.00%
Run: 10, Epoch: 04, Train: 62.46%, Valid: 59.89%, Test: 57.98%
Run: 10, Epoch: 05, Train: 61.85%, Valid: 56.01%, Test: 54.61%
Run: 10, Epoch: 06, Train: 64.28%, Valid: 58.58%, Test: 56.55%
Run: 10, Epoch: 07, Train: 63.69%, Valid: 60.39%, Test: 57.96%
Run: 10, Epoch: 08, Train: 64.66%, Valid: 58.78%, Test: 57.48%
Run: 10, Epoch: 09, Train: 64.78%, Valid: 63.17%, Test: 59.93%
Run: 10, Epoch: 10, Train: 64.82%, Valid: 61.11%, Test: 57.59%
Run: 10, Epoch: 11, Train: 65.39%, Valid: 59.96%, Test: 57.25%
Run: 10, Epoch: 12, Train: 66.35%, Valid: 61.18%, Test: 59.28%
Run: 10, Epoch: 13, Train: 65.49%, Valid: 59.24%, Test: 57.56%
Run: 10, Epoch: 14, Train: 67.75%, Valid: 62.17%, Test: 59.23%
Run: 10, Epoch: 15, Train: 67.70%, Valid: 61.57%, Test: 59.07%
Run: 10, Epoch: 16, Train: 66.81%, Valid: 59.45%, Test: 57.89%
Run: 10, Epoch: 17, Train: 67.16%, Valid: 59.04%, Test: 57.52%
Run: 10, Epoch: 18, Train: 67.49%, Valid: 58.70%, Test: 57.21%
Run: 10, Epoch: 19, Train: 67.67%, Valid: 59.64%, Test: 58.27%
Run: 10, Epoch: 20, Train: 68.15%, Valid: 60.01%, Test: 58.28%
Run: 10, Epoch: 21, Train: 69.23%, Valid: 62.54%, Test: 59.53%
Run: 10, Epoch: 22, Train: 69.98%, Valid: 62.69%, Test: 59.50%
Run: 10, Epoch: 23, Train: 69.04%, Valid: 62.97%, Test: 60.01%
Run: 10, Epoch: 24, Train: 69.66%, Valid: 60.81%, Test: 58.75%
Run: 10, Epoch: 25, Train: 69.51%, Valid: 62.20%, Test: 59.02%
Run: 10, Epoch: 26, Train: 69.28%, Valid: 59.00%, Test: 57.03%
Run: 10, Epoch: 27, Train: 70.49%, Valid: 62.36%, Test: 59.73%
Run: 10, Epoch: 28, Train: 69.70%, Valid: 61.82%, Test: 58.90%
Run: 10, Epoch: 29, Train: 70.41%, Valid: 62.09%, Test: 59.58%
Run: 10, Epoch: 30, Train: 70.14%, Valid: 59.68%, Test: 56.81%
Run 10:
Highest Train: 70.49
Highest Valid: 63.17
  Final Train: 64.78
   Final Test: 59.93
All runs:
Highest Train: 70.86 ± 0.37
Highest Valid: 63.00 ± 0.26
  Final Train: 67.52 ± 1.89
   Final Test: 59.76 ± 0.18
