Namespace(device=0, log_steps=1, use_node_embedding=False, use_sgc_embedding=True, num_sgc_iterations=3, num_layers=3, hidden_channels=256, dropout=0, lr=0.01, batch_size=256, epochs=30, runs=10, rsv=0.125)
Run: 01, Epoch: 01, Train: 57.00%, Valid: 55.33%, Test: 53.34%
Run: 01, Epoch: 02, Train: 61.90%, Valid: 58.48%, Test: 56.66%
Run: 01, Epoch: 03, Train: 61.72%, Valid: 59.99%, Test: 58.25%
Run: 01, Epoch: 04, Train: 63.66%, Valid: 60.24%, Test: 57.58%
Run: 01, Epoch: 05, Train: 62.83%, Valid: 58.63%, Test: 56.70%
Run: 01, Epoch: 06, Train: 64.09%, Valid: 60.10%, Test: 58.25%
Run: 01, Epoch: 07, Train: 65.08%, Valid: 61.86%, Test: 59.21%
Run: 01, Epoch: 08, Train: 64.81%, Valid: 60.05%, Test: 56.75%
Run: 01, Epoch: 09, Train: 65.29%, Valid: 58.83%, Test: 56.89%
Run: 01, Epoch: 10, Train: 64.89%, Valid: 62.83%, Test: 59.36%
Run: 01, Epoch: 11, Train: 64.47%, Valid: 60.44%, Test: 58.04%
Run: 01, Epoch: 12, Train: 65.60%, Valid: 60.71%, Test: 58.57%
Run: 01, Epoch: 13, Train: 66.57%, Valid: 61.25%, Test: 59.39%
Run: 01, Epoch: 14, Train: 66.53%, Valid: 60.09%, Test: 58.13%
Run: 01, Epoch: 15, Train: 67.01%, Valid: 61.37%, Test: 58.57%
Run: 01, Epoch: 16, Train: 67.24%, Valid: 63.12%, Test: 59.83%
Run: 01, Epoch: 17, Train: 67.37%, Valid: 62.50%, Test: 60.38%
Run: 01, Epoch: 18, Train: 67.58%, Valid: 60.96%, Test: 58.34%
Run: 01, Epoch: 19, Train: 68.66%, Valid: 62.34%, Test: 59.72%
Run: 01, Epoch: 20, Train: 67.90%, Valid: 62.12%, Test: 58.92%
Run: 01, Epoch: 21, Train: 68.68%, Valid: 61.18%, Test: 58.99%
Run: 01, Epoch: 22, Train: 68.28%, Valid: 62.43%, Test: 59.46%
Run: 01, Epoch: 23, Train: 69.29%, Valid: 62.12%, Test: 60.03%
Run: 01, Epoch: 24, Train: 69.29%, Valid: 61.16%, Test: 58.03%
Run: 01, Epoch: 25, Train: 69.68%, Valid: 61.94%, Test: 59.50%
Run: 01, Epoch: 26, Train: 69.38%, Valid: 60.60%, Test: 58.66%
Run: 01, Epoch: 27, Train: 70.02%, Valid: 62.80%, Test: 60.51%
Run: 01, Epoch: 28, Train: 69.59%, Valid: 62.95%, Test: 60.22%
Run: 01, Epoch: 29, Train: 69.53%, Valid: 61.92%, Test: 58.93%
Run: 01, Epoch: 30, Train: 70.52%, Valid: 61.97%, Test: 58.97%
Run 01:
Highest Train: 70.52
Highest Valid: 63.12
  Final Train: 67.24
   Final Test: 59.83
Run: 02, Epoch: 01, Train: 57.70%, Valid: 53.88%, Test: 51.74%
Run: 02, Epoch: 02, Train: 60.54%, Valid: 57.35%, Test: 55.38%
Run: 02, Epoch: 03, Train: 62.10%, Valid: 61.07%, Test: 57.25%
Run: 02, Epoch: 04, Train: 63.00%, Valid: 57.81%, Test: 56.83%
Run: 02, Epoch: 05, Train: 63.16%, Valid: 60.05%, Test: 58.17%
Run: 02, Epoch: 06, Train: 63.41%, Valid: 62.32%, Test: 59.07%
Run: 02, Epoch: 07, Train: 65.18%, Valid: 59.69%, Test: 58.50%
Run: 02, Epoch: 08, Train: 64.96%, Valid: 61.61%, Test: 59.63%
Run: 02, Epoch: 09, Train: 63.49%, Valid: 59.08%, Test: 56.75%
Run: 02, Epoch: 10, Train: 65.33%, Valid: 63.06%, Test: 60.20%
Run: 02, Epoch: 11, Train: 66.85%, Valid: 61.38%, Test: 58.78%
Run: 02, Epoch: 12, Train: 66.37%, Valid: 60.73%, Test: 58.31%
Run: 02, Epoch: 13, Train: 66.09%, Valid: 60.73%, Test: 58.85%
Run: 02, Epoch: 14, Train: 66.95%, Valid: 62.45%, Test: 59.72%
Run: 02, Epoch: 15, Train: 67.38%, Valid: 63.58%, Test: 60.64%
Run: 02, Epoch: 16, Train: 67.19%, Valid: 59.40%, Test: 56.91%
Run: 02, Epoch: 17, Train: 67.84%, Valid: 61.15%, Test: 59.09%
Run: 02, Epoch: 18, Train: 68.36%, Valid: 62.06%, Test: 59.29%
Run: 02, Epoch: 19, Train: 68.58%, Valid: 61.73%, Test: 59.27%
Run: 02, Epoch: 20, Train: 67.99%, Valid: 60.38%, Test: 58.40%
Run: 02, Epoch: 21, Train: 68.80%, Valid: 62.21%, Test: 59.41%
Run: 02, Epoch: 22, Train: 69.18%, Valid: 61.93%, Test: 59.75%
Run: 02, Epoch: 23, Train: 69.62%, Valid: 61.21%, Test: 58.36%
Run: 02, Epoch: 24, Train: 69.15%, Valid: 61.74%, Test: 59.13%
Run: 02, Epoch: 25, Train: 68.11%, Valid: 59.72%, Test: 57.63%
Run: 02, Epoch: 26, Train: 69.88%, Valid: 61.33%, Test: 59.16%
Run: 02, Epoch: 27, Train: 69.98%, Valid: 61.47%, Test: 58.77%
Run: 02, Epoch: 28, Train: 70.02%, Valid: 61.97%, Test: 59.15%
Run: 02, Epoch: 29, Train: 70.07%, Valid: 62.73%, Test: 59.38%
Run: 02, Epoch: 30, Train: 70.06%, Valid: 62.15%, Test: 59.40%
Run 02:
Highest Train: 70.07
Highest Valid: 63.58
  Final Train: 67.38
   Final Test: 60.64
Run: 03, Epoch: 01, Train: 58.47%, Valid: 56.26%, Test: 53.11%
Run: 03, Epoch: 02, Train: 59.54%, Valid: 57.97%, Test: 55.35%
Run: 03, Epoch: 03, Train: 60.69%, Valid: 56.98%, Test: 55.40%
Run: 03, Epoch: 04, Train: 62.82%, Valid: 59.45%, Test: 57.67%
Run: 03, Epoch: 05, Train: 63.32%, Valid: 60.89%, Test: 57.92%
Run: 03, Epoch: 06, Train: 63.26%, Valid: 59.08%, Test: 57.59%
Run: 03, Epoch: 07, Train: 63.45%, Valid: 61.94%, Test: 59.95%
Run: 03, Epoch: 08, Train: 65.11%, Valid: 62.99%, Test: 60.24%
Run: 03, Epoch: 09, Train: 65.41%, Valid: 62.20%, Test: 60.03%
Run: 03, Epoch: 10, Train: 64.51%, Valid: 63.24%, Test: 60.39%
Run: 03, Epoch: 11, Train: 65.94%, Valid: 59.92%, Test: 57.93%
Run: 03, Epoch: 12, Train: 65.48%, Valid: 60.67%, Test: 58.22%
Run: 03, Epoch: 13, Train: 67.03%, Valid: 60.86%, Test: 59.08%
Run: 03, Epoch: 14, Train: 67.10%, Valid: 59.75%, Test: 57.28%
Run: 03, Epoch: 15, Train: 67.56%, Valid: 61.11%, Test: 58.49%
Run: 03, Epoch: 16, Train: 67.59%, Valid: 60.79%, Test: 58.41%
Run: 03, Epoch: 17, Train: 67.48%, Valid: 61.48%, Test: 59.39%
Run: 03, Epoch: 18, Train: 67.59%, Valid: 62.72%, Test: 59.22%
Run: 03, Epoch: 19, Train: 67.70%, Valid: 62.54%, Test: 60.04%
Run: 03, Epoch: 20, Train: 68.67%, Valid: 62.26%, Test: 60.06%
Run: 03, Epoch: 21, Train: 68.53%, Valid: 59.97%, Test: 58.43%
Run: 03, Epoch: 22, Train: 68.59%, Valid: 59.71%, Test: 58.41%
Run: 03, Epoch: 23, Train: 69.07%, Valid: 61.66%, Test: 58.48%
Run: 03, Epoch: 24, Train: 69.12%, Valid: 60.99%, Test: 59.30%
Run: 03, Epoch: 25, Train: 69.15%, Valid: 62.10%, Test: 59.75%
Run: 03, Epoch: 26, Train: 69.18%, Valid: 63.38%, Test: 60.40%
Run: 03, Epoch: 27, Train: 69.67%, Valid: 61.21%, Test: 58.85%
Run: 03, Epoch: 28, Train: 69.66%, Valid: 61.01%, Test: 58.70%
Run: 03, Epoch: 29, Train: 70.30%, Valid: 63.00%, Test: 60.72%
Run: 03, Epoch: 30, Train: 69.89%, Valid: 61.76%, Test: 59.32%
Run 03:
Highest Train: 70.30
Highest Valid: 63.38
  Final Train: 69.18
   Final Test: 60.40
Run: 04, Epoch: 01, Train: 58.47%, Valid: 56.27%, Test: 54.12%
Run: 04, Epoch: 02, Train: 60.95%, Valid: 56.30%, Test: 55.24%
Run: 04, Epoch: 03, Train: 61.87%, Valid: 56.58%, Test: 55.48%
Run: 04, Epoch: 04, Train: 62.44%, Valid: 57.20%, Test: 55.55%
Run: 04, Epoch: 05, Train: 62.22%, Valid: 60.44%, Test: 57.63%
Run: 04, Epoch: 06, Train: 63.90%, Valid: 59.59%, Test: 58.13%
Run: 04, Epoch: 07, Train: 64.43%, Valid: 61.44%, Test: 59.54%
Run: 04, Epoch: 08, Train: 64.54%, Valid: 60.18%, Test: 58.48%
Run: 04, Epoch: 09, Train: 64.73%, Valid: 60.38%, Test: 57.99%
Run: 04, Epoch: 10, Train: 65.77%, Valid: 59.72%, Test: 58.16%
Run: 04, Epoch: 11, Train: 66.20%, Valid: 61.33%, Test: 58.48%
Run: 04, Epoch: 12, Train: 64.59%, Valid: 62.93%, Test: 60.19%
Run: 04, Epoch: 13, Train: 64.97%, Valid: 59.08%, Test: 57.65%
Run: 04, Epoch: 14, Train: 65.81%, Valid: 62.14%, Test: 58.08%
Run: 04, Epoch: 15, Train: 66.27%, Valid: 62.72%, Test: 59.47%
Run: 04, Epoch: 16, Train: 67.31%, Valid: 60.81%, Test: 58.51%
Run: 04, Epoch: 17, Train: 68.04%, Valid: 60.37%, Test: 58.48%
Run: 04, Epoch: 18, Train: 68.08%, Valid: 61.04%, Test: 59.04%
Run: 04, Epoch: 19, Train: 68.03%, Valid: 63.19%, Test: 60.78%
Run: 04, Epoch: 20, Train: 68.17%, Valid: 62.80%, Test: 59.60%
Run: 04, Epoch: 21, Train: 68.53%, Valid: 61.20%, Test: 58.96%
Run: 04, Epoch: 22, Train: 68.86%, Valid: 61.18%, Test: 59.04%
Run: 04, Epoch: 23, Train: 69.54%, Valid: 61.84%, Test: 59.77%
Run: 04, Epoch: 24, Train: 69.26%, Valid: 61.32%, Test: 58.95%
Run: 04, Epoch: 25, Train: 68.42%, Valid: 63.51%, Test: 60.41%
Run: 04, Epoch: 26, Train: 69.34%, Valid: 60.77%, Test: 58.35%
Run: 04, Epoch: 27, Train: 69.21%, Valid: 60.82%, Test: 58.49%
Run: 04, Epoch: 28, Train: 69.97%, Valid: 60.08%, Test: 58.46%
Run: 04, Epoch: 29, Train: 69.87%, Valid: 62.66%, Test: 60.24%
Run: 04, Epoch: 30, Train: 70.16%, Valid: 61.66%, Test: 59.83%
Run 04:
Highest Train: 70.16
Highest Valid: 63.51
  Final Train: 68.42
   Final Test: 60.41
Run: 05, Epoch: 01, Train: 58.56%, Valid: 54.52%, Test: 52.73%
Run: 05, Epoch: 02, Train: 61.37%, Valid: 60.30%, Test: 57.70%
Run: 05, Epoch: 03, Train: 61.29%, Valid: 56.18%, Test: 53.91%
Run: 05, Epoch: 04, Train: 62.45%, Valid: 57.35%, Test: 56.36%
Run: 05, Epoch: 05, Train: 63.61%, Valid: 60.44%, Test: 57.21%
Run: 05, Epoch: 06, Train: 63.24%, Valid: 57.69%, Test: 55.42%
Run: 05, Epoch: 07, Train: 63.76%, Valid: 62.68%, Test: 60.46%
Run: 05, Epoch: 08, Train: 64.89%, Valid: 61.88%, Test: 59.26%
Run: 05, Epoch: 09, Train: 65.38%, Valid: 60.86%, Test: 58.20%
Run: 05, Epoch: 10, Train: 65.67%, Valid: 60.65%, Test: 58.56%
Run: 05, Epoch: 11, Train: 65.89%, Valid: 61.32%, Test: 59.14%
Run: 05, Epoch: 12, Train: 66.04%, Valid: 60.26%, Test: 58.36%
Run: 05, Epoch: 13, Train: 66.59%, Valid: 59.83%, Test: 58.25%
Run: 05, Epoch: 14, Train: 67.90%, Valid: 62.23%, Test: 59.78%
Run: 05, Epoch: 15, Train: 66.74%, Valid: 60.47%, Test: 58.33%
Run: 05, Epoch: 16, Train: 67.47%, Valid: 59.73%, Test: 58.13%
Run: 05, Epoch: 17, Train: 67.37%, Valid: 59.50%, Test: 58.25%
Run: 05, Epoch: 18, Train: 67.81%, Valid: 63.99%, Test: 60.59%
Run: 05, Epoch: 19, Train: 68.27%, Valid: 61.51%, Test: 59.05%
Run: 05, Epoch: 20, Train: 68.04%, Valid: 62.47%, Test: 59.58%
Run: 05, Epoch: 21, Train: 68.40%, Valid: 61.89%, Test: 59.57%
Run: 05, Epoch: 22, Train: 69.67%, Valid: 62.45%, Test: 59.84%
Run: 05, Epoch: 23, Train: 68.99%, Valid: 59.39%, Test: 57.72%
Run: 05, Epoch: 24, Train: 69.23%, Valid: 62.33%, Test: 59.55%
Run: 05, Epoch: 25, Train: 70.13%, Valid: 62.66%, Test: 60.34%
Run: 05, Epoch: 26, Train: 68.72%, Valid: 59.15%, Test: 57.84%
Run: 05, Epoch: 27, Train: 69.24%, Valid: 60.12%, Test: 58.92%
Run: 05, Epoch: 28, Train: 69.27%, Valid: 62.08%, Test: 59.15%
Run: 05, Epoch: 29, Train: 70.54%, Valid: 61.71%, Test: 58.84%
Run: 05, Epoch: 30, Train: 70.60%, Valid: 62.01%, Test: 59.16%
Run 05:
Highest Train: 70.60
Highest Valid: 63.99
  Final Train: 67.81
   Final Test: 60.59
Run: 06, Epoch: 01, Train: 58.47%, Valid: 53.84%, Test: 52.01%
Run: 06, Epoch: 02, Train: 60.13%, Valid: 58.86%, Test: 56.54%
Run: 06, Epoch: 03, Train: 61.47%, Valid: 57.63%, Test: 55.62%
Run: 06, Epoch: 04, Train: 61.99%, Valid: 56.64%, Test: 55.79%
Run: 06, Epoch: 05, Train: 62.94%, Valid: 57.56%, Test: 56.26%
Run: 06, Epoch: 06, Train: 64.21%, Valid: 61.32%, Test: 59.03%
Run: 06, Epoch: 07, Train: 64.90%, Valid: 60.56%, Test: 58.05%
Run: 06, Epoch: 08, Train: 64.57%, Valid: 62.05%, Test: 59.05%
Run: 06, Epoch: 09, Train: 65.48%, Valid: 62.50%, Test: 59.49%
Run: 06, Epoch: 10, Train: 65.39%, Valid: 59.47%, Test: 57.82%
Run: 06, Epoch: 11, Train: 65.26%, Valid: 63.07%, Test: 60.07%
Run: 06, Epoch: 12, Train: 66.18%, Valid: 63.40%, Test: 59.97%
Run: 06, Epoch: 13, Train: 66.65%, Valid: 60.56%, Test: 57.53%
Run: 06, Epoch: 14, Train: 67.14%, Valid: 59.88%, Test: 57.57%
Run: 06, Epoch: 15, Train: 67.44%, Valid: 60.40%, Test: 59.17%
Run: 06, Epoch: 16, Train: 67.60%, Valid: 61.78%, Test: 59.44%
Run: 06, Epoch: 17, Train: 67.91%, Valid: 61.08%, Test: 59.08%
Run: 06, Epoch: 18, Train: 67.90%, Valid: 61.09%, Test: 58.89%
Run: 06, Epoch: 19, Train: 67.35%, Valid: 58.95%, Test: 58.24%
Run: 06, Epoch: 20, Train: 67.42%, Valid: 63.01%, Test: 59.71%
Run: 06, Epoch: 21, Train: 68.63%, Valid: 60.98%, Test: 59.19%
Run: 06, Epoch: 22, Train: 69.00%, Valid: 61.36%, Test: 59.30%
Run: 06, Epoch: 23, Train: 68.85%, Valid: 61.52%, Test: 59.49%
Run: 06, Epoch: 24, Train: 69.23%, Valid: 62.50%, Test: 58.48%
Run: 06, Epoch: 25, Train: 69.49%, Valid: 61.37%, Test: 58.86%
Run: 06, Epoch: 26, Train: 69.46%, Valid: 60.91%, Test: 59.00%
Run: 06, Epoch: 27, Train: 68.83%, Valid: 62.70%, Test: 60.46%
Run: 06, Epoch: 28, Train: 69.63%, Valid: 61.35%, Test: 58.98%
Run: 06, Epoch: 29, Train: 69.00%, Valid: 61.85%, Test: 59.16%
Run: 06, Epoch: 30, Train: 70.71%, Valid: 62.27%, Test: 60.16%
Run 06:
Highest Train: 70.71
Highest Valid: 63.40
  Final Train: 66.18
   Final Test: 59.97
Run: 07, Epoch: 01, Train: 58.92%, Valid: 58.12%, Test: 55.95%
Run: 07, Epoch: 02, Train: 59.19%, Valid: 58.54%, Test: 55.42%
Run: 07, Epoch: 03, Train: 61.63%, Valid: 56.74%, Test: 56.03%
Run: 07, Epoch: 04, Train: 62.66%, Valid: 58.03%, Test: 55.87%
Run: 07, Epoch: 05, Train: 63.61%, Valid: 59.65%, Test: 56.78%
Run: 07, Epoch: 06, Train: 63.23%, Valid: 59.06%, Test: 56.57%
Run: 07, Epoch: 07, Train: 64.13%, Valid: 58.09%, Test: 56.54%
Run: 07, Epoch: 08, Train: 65.02%, Valid: 60.24%, Test: 57.68%
Run: 07, Epoch: 09, Train: 65.15%, Valid: 61.11%, Test: 58.91%
Run: 07, Epoch: 10, Train: 64.59%, Valid: 58.45%, Test: 57.04%
Run: 07, Epoch: 11, Train: 65.54%, Valid: 60.72%, Test: 58.66%
Run: 07, Epoch: 12, Train: 66.84%, Valid: 63.03%, Test: 60.52%
Run: 07, Epoch: 13, Train: 66.86%, Valid: 60.22%, Test: 58.92%
Run: 07, Epoch: 14, Train: 66.02%, Valid: 58.55%, Test: 57.78%
Run: 07, Epoch: 15, Train: 67.36%, Valid: 60.43%, Test: 58.70%
Run: 07, Epoch: 16, Train: 67.20%, Valid: 62.91%, Test: 60.16%
Run: 07, Epoch: 17, Train: 67.66%, Valid: 61.16%, Test: 58.74%
Run: 07, Epoch: 18, Train: 67.52%, Valid: 60.77%, Test: 58.28%
Run: 07, Epoch: 19, Train: 68.19%, Valid: 62.13%, Test: 59.16%
Run: 07, Epoch: 20, Train: 67.39%, Valid: 59.15%, Test: 58.45%
Run: 07, Epoch: 21, Train: 68.39%, Valid: 60.22%, Test: 59.03%
Run: 07, Epoch: 22, Train: 69.18%, Valid: 61.39%, Test: 59.38%
Run: 07, Epoch: 23, Train: 68.90%, Valid: 63.28%, Test: 60.56%
Run: 07, Epoch: 24, Train: 69.17%, Valid: 62.10%, Test: 59.86%
Run: 07, Epoch: 25, Train: 69.48%, Valid: 63.49%, Test: 60.84%
Run: 07, Epoch: 26, Train: 69.67%, Valid: 62.13%, Test: 58.99%
Run: 07, Epoch: 27, Train: 70.09%, Valid: 62.13%, Test: 59.86%
Run: 07, Epoch: 28, Train: 70.45%, Valid: 62.25%, Test: 59.76%
Run: 07, Epoch: 29, Train: 69.85%, Valid: 60.26%, Test: 59.06%
Run: 07, Epoch: 30, Train: 70.61%, Valid: 61.57%, Test: 59.86%
Run 07:
Highest Train: 70.61
Highest Valid: 63.49
  Final Train: 69.48
   Final Test: 60.84
Run: 08, Epoch: 01, Train: 58.31%, Valid: 54.16%, Test: 52.69%
Run: 08, Epoch: 02, Train: 60.31%, Valid: 56.26%, Test: 54.55%
Run: 08, Epoch: 03, Train: 61.78%, Valid: 60.03%, Test: 57.11%
Run: 08, Epoch: 04, Train: 63.29%, Valid: 60.26%, Test: 58.34%
Run: 08, Epoch: 05, Train: 63.31%, Valid: 60.87%, Test: 58.47%
Run: 08, Epoch: 06, Train: 63.33%, Valid: 59.48%, Test: 56.92%
Run: 08, Epoch: 07, Train: 64.84%, Valid: 62.24%, Test: 59.68%
Run: 08, Epoch: 08, Train: 64.80%, Valid: 59.41%, Test: 58.01%
Run: 08, Epoch: 09, Train: 64.66%, Valid: 62.89%, Test: 59.97%
Run: 08, Epoch: 10, Train: 64.10%, Valid: 59.43%, Test: 57.98%
Run: 08, Epoch: 11, Train: 65.46%, Valid: 59.62%, Test: 58.32%
Run: 08, Epoch: 12, Train: 65.75%, Valid: 59.38%, Test: 58.01%
Run: 08, Epoch: 13, Train: 66.78%, Valid: 60.75%, Test: 59.01%
Run: 08, Epoch: 14, Train: 66.86%, Valid: 60.21%, Test: 57.85%
Run: 08, Epoch: 15, Train: 67.47%, Valid: 62.34%, Test: 60.41%
Run: 08, Epoch: 16, Train: 65.26%, Valid: 62.02%, Test: 59.34%
Run: 08, Epoch: 17, Train: 66.26%, Valid: 57.02%, Test: 56.06%
Run: 08, Epoch: 18, Train: 68.22%, Valid: 63.21%, Test: 60.22%
Run: 08, Epoch: 19, Train: 67.92%, Valid: 61.22%, Test: 58.47%
Run: 08, Epoch: 20, Train: 68.26%, Valid: 60.70%, Test: 59.24%
Run: 08, Epoch: 21, Train: 68.48%, Valid: 61.34%, Test: 59.24%
Run: 08, Epoch: 22, Train: 68.86%, Valid: 61.73%, Test: 59.29%
Run: 08, Epoch: 23, Train: 68.73%, Valid: 61.42%, Test: 58.68%
Run: 08, Epoch: 24, Train: 69.75%, Valid: 63.04%, Test: 60.39%
Run: 08, Epoch: 25, Train: 68.93%, Valid: 59.82%, Test: 58.51%
Run: 08, Epoch: 26, Train: 68.97%, Valid: 62.77%, Test: 60.47%
Run: 08, Epoch: 27, Train: 69.45%, Valid: 60.55%, Test: 58.87%
Run: 08, Epoch: 28, Train: 70.20%, Valid: 61.59%, Test: 59.89%
Run: 08, Epoch: 29, Train: 70.30%, Valid: 61.45%, Test: 59.43%
Run: 08, Epoch: 30, Train: 69.84%, Valid: 61.28%, Test: 58.74%
Run 08:
Highest Train: 70.30
Highest Valid: 63.21
  Final Train: 68.22
   Final Test: 60.22
Run: 09, Epoch: 01, Train: 57.44%, Valid: 55.82%, Test: 53.37%
Run: 09, Epoch: 02, Train: 60.31%, Valid: 57.69%, Test: 54.88%
Run: 09, Epoch: 03, Train: 62.14%, Valid: 58.75%, Test: 56.99%
Run: 09, Epoch: 04, Train: 61.57%, Valid: 57.70%, Test: 55.88%
Run: 09, Epoch: 05, Train: 63.82%, Valid: 60.31%, Test: 58.52%
Run: 09, Epoch: 06, Train: 63.37%, Valid: 57.49%, Test: 55.90%
Run: 09, Epoch: 07, Train: 64.18%, Valid: 58.99%, Test: 57.29%
Run: 09, Epoch: 08, Train: 65.03%, Valid: 58.44%, Test: 57.39%
Run: 09, Epoch: 09, Train: 65.49%, Valid: 62.04%, Test: 59.97%
Run: 09, Epoch: 10, Train: 65.39%, Valid: 58.63%, Test: 57.43%
Run: 09, Epoch: 11, Train: 65.93%, Valid: 62.83%, Test: 60.05%
Run: 09, Epoch: 12, Train: 66.11%, Valid: 59.97%, Test: 58.17%
Run: 09, Epoch: 13, Train: 66.43%, Valid: 61.04%, Test: 58.05%
Run: 09, Epoch: 14, Train: 67.24%, Valid: 62.66%, Test: 59.96%
Run: 09, Epoch: 15, Train: 66.81%, Valid: 61.09%, Test: 59.21%
Run: 09, Epoch: 16, Train: 67.50%, Valid: 62.29%, Test: 59.57%
Run: 09, Epoch: 17, Train: 67.28%, Valid: 61.39%, Test: 58.89%
Run: 09, Epoch: 18, Train: 68.11%, Valid: 60.32%, Test: 58.80%
Run: 09, Epoch: 19, Train: 68.50%, Valid: 62.69%, Test: 59.63%
Run: 09, Epoch: 20, Train: 68.70%, Valid: 61.44%, Test: 59.20%
Run: 09, Epoch: 21, Train: 68.68%, Valid: 60.44%, Test: 58.97%
Run: 09, Epoch: 22, Train: 67.87%, Valid: 62.28%, Test: 59.27%
Run: 09, Epoch: 23, Train: 69.24%, Valid: 61.74%, Test: 59.73%
Run: 09, Epoch: 24, Train: 69.03%, Valid: 60.40%, Test: 58.78%
Run: 09, Epoch: 25, Train: 69.25%, Valid: 61.41%, Test: 59.03%
Run: 09, Epoch: 26, Train: 69.73%, Valid: 62.12%, Test: 59.72%
Run: 09, Epoch: 27, Train: 69.63%, Valid: 61.87%, Test: 59.61%
Run: 09, Epoch: 28, Train: 69.26%, Valid: 61.23%, Test: 59.16%
Run: 09, Epoch: 29, Train: 69.77%, Valid: 59.91%, Test: 58.60%
Run: 09, Epoch: 30, Train: 70.53%, Valid: 61.78%, Test: 59.07%
Run 09:
Highest Train: 70.53
Highest Valid: 62.83
  Final Train: 65.93
   Final Test: 60.05
Run: 10, Epoch: 01, Train: 57.56%, Valid: 54.75%, Test: 53.03%
Run: 10, Epoch: 02, Train: 61.20%, Valid: 55.78%, Test: 53.90%
Run: 10, Epoch: 03, Train: 60.45%, Valid: 59.11%, Test: 56.44%
Run: 10, Epoch: 04, Train: 61.36%, Valid: 56.83%, Test: 54.62%
Run: 10, Epoch: 05, Train: 63.19%, Valid: 59.17%, Test: 56.63%
Run: 10, Epoch: 06, Train: 62.62%, Valid: 56.96%, Test: 56.00%
Run: 10, Epoch: 07, Train: 64.33%, Valid: 61.81%, Test: 59.24%
Run: 10, Epoch: 08, Train: 64.84%, Valid: 60.52%, Test: 58.14%
Run: 10, Epoch: 09, Train: 64.65%, Valid: 59.25%, Test: 57.17%
Run: 10, Epoch: 10, Train: 65.23%, Valid: 59.81%, Test: 58.20%
Run: 10, Epoch: 11, Train: 65.60%, Valid: 58.42%, Test: 57.41%
Run: 10, Epoch: 12, Train: 65.96%, Valid: 61.74%, Test: 60.00%
Run: 10, Epoch: 13, Train: 67.79%, Valid: 63.10%, Test: 60.52%
Run: 10, Epoch: 14, Train: 66.86%, Valid: 60.33%, Test: 58.70%
Run: 10, Epoch: 15, Train: 67.33%, Valid: 60.95%, Test: 59.15%
Run: 10, Epoch: 16, Train: 67.95%, Valid: 61.86%, Test: 59.88%
Run: 10, Epoch: 17, Train: 67.70%, Valid: 61.23%, Test: 59.35%
Run: 10, Epoch: 18, Train: 67.78%, Valid: 60.81%, Test: 58.84%
Run: 10, Epoch: 19, Train: 68.37%, Valid: 61.33%, Test: 59.40%
Run: 10, Epoch: 20, Train: 68.64%, Valid: 62.41%, Test: 59.99%
Run: 10, Epoch: 21, Train: 68.68%, Valid: 61.78%, Test: 59.48%
Run: 10, Epoch: 22, Train: 68.15%, Valid: 62.16%, Test: 59.19%
Run: 10, Epoch: 23, Train: 68.98%, Valid: 60.16%, Test: 58.24%
Run: 10, Epoch: 24, Train: 69.39%, Valid: 61.06%, Test: 58.68%
Run: 10, Epoch: 25, Train: 68.74%, Valid: 61.26%, Test: 59.03%
Run: 10, Epoch: 26, Train: 69.25%, Valid: 62.82%, Test: 60.29%
Run: 10, Epoch: 27, Train: 69.70%, Valid: 59.32%, Test: 58.02%
Run: 10, Epoch: 28, Train: 70.04%, Valid: 62.53%, Test: 59.55%
Run: 10, Epoch: 29, Train: 69.76%, Valid: 62.54%, Test: 59.37%
Run: 10, Epoch: 30, Train: 69.60%, Valid: 59.40%, Test: 58.22%
Run 10:
Highest Train: 70.04
Highest Valid: 63.10
  Final Train: 67.79
   Final Test: 60.52
All runs:
Highest Train: 70.39 ± 0.24
Highest Valid: 63.36 ± 0.32
  Final Train: 67.76 ± 1.15
   Final Test: 60.35 ± 0.32
