Namespace(device=0, log_steps=1, use_node_embedding=False, use_sgc_embedding=True, num_sgc_iterations=3, num_layers=3, hidden_channels=256, dropout=0, lr=0.01, batch_size=256, epochs=30, runs=10, rsv=0.15)
Run: 01, Epoch: 01, Train: 57.94%, Valid: 54.93%, Test: 53.57%
Run: 01, Epoch: 02, Train: 61.45%, Valid: 58.44%, Test: 56.20%
Run: 01, Epoch: 03, Train: 62.17%, Valid: 61.24%, Test: 58.06%
Run: 01, Epoch: 04, Train: 62.86%, Valid: 59.69%, Test: 57.59%
Run: 01, Epoch: 05, Train: 63.46%, Valid: 62.56%, Test: 59.69%
Run: 01, Epoch: 06, Train: 62.83%, Valid: 58.50%, Test: 57.12%
Run: 01, Epoch: 07, Train: 63.70%, Valid: 63.53%, Test: 60.70%
Run: 01, Epoch: 08, Train: 65.20%, Valid: 63.23%, Test: 60.52%
Run: 01, Epoch: 09, Train: 65.77%, Valid: 62.39%, Test: 59.57%
Run: 01, Epoch: 10, Train: 65.62%, Valid: 59.39%, Test: 58.10%
Run: 01, Epoch: 11, Train: 65.98%, Valid: 62.12%, Test: 59.46%
Run: 01, Epoch: 12, Train: 67.01%, Valid: 60.94%, Test: 58.82%
Run: 01, Epoch: 13, Train: 66.66%, Valid: 61.45%, Test: 59.28%
Run: 01, Epoch: 14, Train: 66.86%, Valid: 60.53%, Test: 58.81%
Run: 01, Epoch: 15, Train: 66.57%, Valid: 59.23%, Test: 58.20%
Run: 01, Epoch: 16, Train: 67.01%, Valid: 60.93%, Test: 58.61%
Run: 01, Epoch: 17, Train: 67.38%, Valid: 61.68%, Test: 59.98%
Run: 01, Epoch: 18, Train: 68.12%, Valid: 60.61%, Test: 58.57%
Run: 01, Epoch: 19, Train: 66.98%, Valid: 58.86%, Test: 57.66%
Run: 01, Epoch: 20, Train: 68.47%, Valid: 62.50%, Test: 59.56%
Run: 01, Epoch: 21, Train: 68.68%, Valid: 63.04%, Test: 60.49%
Run: 01, Epoch: 22, Train: 68.31%, Valid: 61.37%, Test: 59.34%
Run: 01, Epoch: 23, Train: 69.23%, Valid: 61.82%, Test: 59.17%
Run: 01, Epoch: 24, Train: 69.23%, Valid: 62.56%, Test: 60.29%
Run: 01, Epoch: 25, Train: 69.79%, Valid: 61.79%, Test: 59.78%
Run: 01, Epoch: 26, Train: 69.77%, Valid: 61.42%, Test: 58.80%
Run: 01, Epoch: 27, Train: 69.19%, Valid: 60.77%, Test: 59.03%
Run: 01, Epoch: 28, Train: 69.87%, Valid: 62.80%, Test: 60.14%
Run: 01, Epoch: 29, Train: 69.65%, Valid: 62.07%, Test: 59.80%
Run: 01, Epoch: 30, Train: 69.49%, Valid: 64.01%, Test: 61.22%
Run 01:
Highest Train: 69.87
Highest Valid: 64.01
  Final Train: 69.49
   Final Test: 61.22
Run: 02, Epoch: 01, Train: 59.26%, Valid: 55.94%, Test: 53.85%
Run: 02, Epoch: 02, Train: 60.97%, Valid: 57.00%, Test: 54.23%
Run: 02, Epoch: 03, Train: 61.94%, Valid: 60.17%, Test: 57.56%
Run: 02, Epoch: 04, Train: 63.50%, Valid: 61.13%, Test: 58.72%
Run: 02, Epoch: 05, Train: 63.67%, Valid: 59.27%, Test: 57.99%
Run: 02, Epoch: 06, Train: 63.06%, Valid: 58.25%, Test: 56.05%
Run: 02, Epoch: 07, Train: 63.84%, Valid: 61.88%, Test: 58.36%
Run: 02, Epoch: 08, Train: 65.38%, Valid: 61.59%, Test: 59.42%
Run: 02, Epoch: 09, Train: 65.84%, Valid: 62.62%, Test: 60.14%
Run: 02, Epoch: 10, Train: 65.13%, Valid: 59.11%, Test: 57.06%
Run: 02, Epoch: 11, Train: 65.38%, Valid: 60.52%, Test: 57.71%
Run: 02, Epoch: 12, Train: 66.24%, Valid: 61.35%, Test: 59.30%
Run: 02, Epoch: 13, Train: 66.83%, Valid: 61.74%, Test: 59.93%
Run: 02, Epoch: 14, Train: 66.27%, Valid: 60.58%, Test: 58.03%
Run: 02, Epoch: 15, Train: 66.93%, Valid: 62.57%, Test: 59.10%
Run: 02, Epoch: 16, Train: 67.61%, Valid: 62.22%, Test: 59.97%
Run: 02, Epoch: 17, Train: 67.10%, Valid: 62.87%, Test: 60.03%
Run: 02, Epoch: 18, Train: 68.18%, Valid: 63.35%, Test: 60.18%
Run: 02, Epoch: 19, Train: 68.21%, Valid: 63.57%, Test: 60.27%
Run: 02, Epoch: 20, Train: 67.57%, Valid: 61.26%, Test: 58.90%
Run: 02, Epoch: 21, Train: 68.14%, Valid: 62.23%, Test: 59.79%
Run: 02, Epoch: 22, Train: 68.96%, Valid: 63.53%, Test: 60.59%
Run: 02, Epoch: 23, Train: 67.90%, Valid: 62.81%, Test: 60.04%
Run: 02, Epoch: 24, Train: 68.98%, Valid: 62.46%, Test: 59.97%
Run: 02, Epoch: 25, Train: 69.67%, Valid: 62.56%, Test: 59.91%
Run: 02, Epoch: 26, Train: 68.96%, Valid: 62.78%, Test: 59.83%
Run: 02, Epoch: 27, Train: 69.25%, Valid: 63.81%, Test: 60.85%
Run: 02, Epoch: 28, Train: 69.23%, Valid: 60.90%, Test: 59.10%
Run: 02, Epoch: 29, Train: 69.83%, Valid: 63.72%, Test: 60.45%
Run: 02, Epoch: 30, Train: 67.53%, Valid: 63.08%, Test: 59.96%
Run 02:
Highest Train: 69.83
Highest Valid: 63.81
  Final Train: 69.25
   Final Test: 60.85
Run: 03, Epoch: 01, Train: 57.14%, Valid: 57.10%, Test: 55.25%
Run: 03, Epoch: 02, Train: 60.99%, Valid: 56.69%, Test: 54.57%
Run: 03, Epoch: 03, Train: 61.65%, Valid: 56.82%, Test: 55.92%
Run: 03, Epoch: 04, Train: 62.41%, Valid: 57.38%, Test: 56.03%
Run: 03, Epoch: 05, Train: 63.14%, Valid: 58.25%, Test: 57.28%
Run: 03, Epoch: 06, Train: 63.81%, Valid: 58.72%, Test: 57.24%
Run: 03, Epoch: 07, Train: 64.92%, Valid: 62.00%, Test: 59.34%
Run: 03, Epoch: 08, Train: 64.41%, Valid: 60.19%, Test: 58.40%
Run: 03, Epoch: 09, Train: 64.78%, Valid: 63.24%, Test: 60.34%
Run: 03, Epoch: 10, Train: 65.37%, Valid: 63.18%, Test: 60.80%
Run: 03, Epoch: 11, Train: 66.29%, Valid: 61.08%, Test: 58.69%
Run: 03, Epoch: 12, Train: 66.71%, Valid: 62.64%, Test: 59.55%
Run: 03, Epoch: 13, Train: 66.79%, Valid: 61.57%, Test: 59.18%
Run: 03, Epoch: 14, Train: 66.90%, Valid: 62.43%, Test: 59.88%
Run: 03, Epoch: 15, Train: 67.26%, Valid: 61.79%, Test: 59.84%
Run: 03, Epoch: 16, Train: 68.35%, Valid: 63.74%, Test: 61.11%
Run: 03, Epoch: 17, Train: 67.86%, Valid: 63.21%, Test: 60.64%
Run: 03, Epoch: 18, Train: 68.52%, Valid: 63.15%, Test: 59.86%
Run: 03, Epoch: 19, Train: 68.02%, Valid: 63.60%, Test: 61.21%
Run: 03, Epoch: 20, Train: 67.97%, Valid: 60.84%, Test: 58.56%
Run: 03, Epoch: 21, Train: 68.36%, Valid: 61.92%, Test: 59.87%
Run: 03, Epoch: 22, Train: 68.06%, Valid: 60.89%, Test: 58.65%
Run: 03, Epoch: 23, Train: 68.06%, Valid: 63.65%, Test: 60.58%
Run: 03, Epoch: 24, Train: 68.62%, Valid: 63.42%, Test: 60.65%
Run: 03, Epoch: 25, Train: 69.00%, Valid: 63.31%, Test: 60.97%
Run: 03, Epoch: 26, Train: 69.28%, Valid: 62.39%, Test: 60.43%
Run: 03, Epoch: 27, Train: 68.51%, Valid: 59.70%, Test: 58.45%
Run: 03, Epoch: 28, Train: 69.89%, Valid: 63.13%, Test: 60.62%
Run: 03, Epoch: 29, Train: 69.41%, Valid: 63.52%, Test: 61.12%
Run: 03, Epoch: 30, Train: 69.49%, Valid: 60.05%, Test: 57.40%
Run 03:
Highest Train: 69.89
Highest Valid: 63.74
  Final Train: 68.35
   Final Test: 61.11
Run: 04, Epoch: 01, Train: 60.12%, Valid: 58.42%, Test: 56.08%
Run: 04, Epoch: 02, Train: 59.91%, Valid: 56.25%, Test: 55.27%
Run: 04, Epoch: 03, Train: 61.79%, Valid: 58.64%, Test: 56.64%
Run: 04, Epoch: 04, Train: 62.83%, Valid: 59.84%, Test: 57.42%
Run: 04, Epoch: 05, Train: 63.78%, Valid: 60.90%, Test: 58.71%
Run: 04, Epoch: 06, Train: 64.30%, Valid: 61.79%, Test: 59.43%
Run: 04, Epoch: 07, Train: 64.90%, Valid: 62.18%, Test: 59.38%
Run: 04, Epoch: 08, Train: 64.74%, Valid: 61.63%, Test: 59.33%
Run: 04, Epoch: 09, Train: 64.91%, Valid: 60.50%, Test: 58.69%
Run: 04, Epoch: 10, Train: 66.12%, Valid: 61.94%, Test: 60.15%
Run: 04, Epoch: 11, Train: 66.66%, Valid: 62.39%, Test: 59.88%
Run: 04, Epoch: 12, Train: 65.67%, Valid: 63.74%, Test: 60.30%
Run: 04, Epoch: 13, Train: 66.58%, Valid: 59.84%, Test: 57.73%
Run: 04, Epoch: 14, Train: 67.22%, Valid: 62.40%, Test: 60.17%
Run: 04, Epoch: 15, Train: 67.02%, Valid: 63.36%, Test: 60.75%
Run: 04, Epoch: 16, Train: 66.93%, Valid: 60.74%, Test: 58.73%
Run: 04, Epoch: 17, Train: 67.75%, Valid: 60.83%, Test: 59.39%
Run: 04, Epoch: 18, Train: 67.73%, Valid: 63.17%, Test: 60.10%
Run: 04, Epoch: 19, Train: 67.96%, Valid: 61.78%, Test: 59.29%
Run: 04, Epoch: 20, Train: 68.37%, Valid: 61.98%, Test: 59.23%
Run: 04, Epoch: 21, Train: 67.60%, Valid: 64.27%, Test: 61.57%
Run: 04, Epoch: 22, Train: 68.51%, Valid: 62.42%, Test: 60.02%
Run: 04, Epoch: 23, Train: 68.58%, Valid: 63.32%, Test: 60.10%
Run: 04, Epoch: 24, Train: 69.37%, Valid: 62.04%, Test: 59.37%
Run: 04, Epoch: 25, Train: 69.36%, Valid: 62.87%, Test: 60.13%
Run: 04, Epoch: 26, Train: 69.31%, Valid: 62.18%, Test: 59.79%
Run: 04, Epoch: 27, Train: 69.89%, Valid: 63.61%, Test: 60.49%
Run: 04, Epoch: 28, Train: 69.55%, Valid: 61.16%, Test: 58.92%
Run: 04, Epoch: 29, Train: 69.28%, Valid: 61.79%, Test: 59.08%
Run: 04, Epoch: 30, Train: 70.49%, Valid: 63.49%, Test: 60.39%
Run 04:
Highest Train: 70.49
Highest Valid: 64.27
  Final Train: 67.60
   Final Test: 61.57
Run: 05, Epoch: 01, Train: 59.10%, Valid: 55.71%, Test: 53.92%
Run: 05, Epoch: 02, Train: 59.86%, Valid: 57.49%, Test: 55.45%
Run: 05, Epoch: 03, Train: 62.26%, Valid: 59.59%, Test: 57.34%
Run: 05, Epoch: 04, Train: 62.92%, Valid: 61.00%, Test: 58.50%
Run: 05, Epoch: 05, Train: 62.20%, Valid: 61.69%, Test: 58.63%
Run: 05, Epoch: 06, Train: 63.55%, Valid: 58.37%, Test: 57.39%
Run: 05, Epoch: 07, Train: 62.18%, Valid: 62.00%, Test: 58.62%
Run: 05, Epoch: 08, Train: 64.14%, Valid: 62.08%, Test: 59.67%
Run: 05, Epoch: 09, Train: 65.22%, Valid: 59.72%, Test: 57.77%
Run: 05, Epoch: 10, Train: 65.19%, Valid: 59.56%, Test: 58.04%
Run: 05, Epoch: 11, Train: 65.91%, Valid: 62.86%, Test: 59.43%
Run: 05, Epoch: 12, Train: 66.65%, Valid: 62.00%, Test: 59.05%
Run: 05, Epoch: 13, Train: 66.44%, Valid: 61.29%, Test: 58.91%
Run: 05, Epoch: 14, Train: 66.30%, Valid: 59.78%, Test: 57.84%
Run: 05, Epoch: 15, Train: 66.89%, Valid: 62.22%, Test: 59.31%
Run: 05, Epoch: 16, Train: 67.31%, Valid: 62.09%, Test: 59.58%
Run: 05, Epoch: 17, Train: 67.54%, Valid: 61.54%, Test: 58.36%
Run: 05, Epoch: 18, Train: 67.90%, Valid: 64.04%, Test: 61.22%
Run: 05, Epoch: 19, Train: 67.85%, Valid: 61.01%, Test: 58.41%
Run: 05, Epoch: 20, Train: 67.40%, Valid: 60.80%, Test: 58.53%
Run: 05, Epoch: 21, Train: 68.45%, Valid: 62.13%, Test: 60.17%
Run: 05, Epoch: 22, Train: 68.94%, Valid: 63.76%, Test: 61.03%
Run: 05, Epoch: 23, Train: 67.92%, Valid: 60.79%, Test: 59.07%
Run: 05, Epoch: 24, Train: 69.65%, Valid: 62.12%, Test: 59.48%
Run: 05, Epoch: 25, Train: 69.05%, Valid: 63.59%, Test: 60.38%
Run: 05, Epoch: 26, Train: 68.48%, Valid: 64.03%, Test: 60.89%
Run: 05, Epoch: 27, Train: 69.99%, Valid: 63.61%, Test: 60.60%
Run: 05, Epoch: 28, Train: 68.37%, Valid: 61.25%, Test: 59.32%
Run: 05, Epoch: 29, Train: 70.17%, Valid: 63.21%, Test: 60.64%
Run: 05, Epoch: 30, Train: 68.94%, Valid: 59.53%, Test: 57.88%
Run 05:
Highest Train: 70.17
Highest Valid: 64.04
  Final Train: 67.90
   Final Test: 61.22
Run: 06, Epoch: 01, Train: 58.35%, Valid: 53.39%, Test: 52.26%
Run: 06, Epoch: 02, Train: 61.72%, Valid: 58.67%, Test: 56.66%
Run: 06, Epoch: 03, Train: 62.19%, Valid: 56.83%, Test: 54.75%
Run: 06, Epoch: 04, Train: 62.18%, Valid: 58.95%, Test: 57.06%
Run: 06, Epoch: 05, Train: 63.45%, Valid: 61.80%, Test: 58.46%
Run: 06, Epoch: 06, Train: 64.22%, Valid: 61.22%, Test: 59.02%
Run: 06, Epoch: 07, Train: 63.83%, Valid: 62.05%, Test: 59.18%
Run: 06, Epoch: 08, Train: 63.55%, Valid: 57.15%, Test: 56.22%
Run: 06, Epoch: 09, Train: 65.84%, Valid: 61.81%, Test: 59.35%
Run: 06, Epoch: 10, Train: 65.50%, Valid: 62.11%, Test: 59.42%
Run: 06, Epoch: 11, Train: 66.34%, Valid: 61.96%, Test: 59.08%
Run: 06, Epoch: 12, Train: 66.67%, Valid: 61.86%, Test: 59.79%
Run: 06, Epoch: 13, Train: 66.71%, Valid: 63.02%, Test: 59.74%
Run: 06, Epoch: 14, Train: 65.72%, Valid: 59.73%, Test: 58.32%
Run: 06, Epoch: 15, Train: 67.69%, Valid: 62.62%, Test: 60.38%
Run: 06, Epoch: 16, Train: 67.53%, Valid: 61.00%, Test: 59.30%
Run: 06, Epoch: 17, Train: 67.08%, Valid: 60.51%, Test: 58.59%
Run: 06, Epoch: 18, Train: 67.96%, Valid: 62.69%, Test: 59.50%
Run: 06, Epoch: 19, Train: 67.65%, Valid: 61.84%, Test: 59.20%
Run: 06, Epoch: 20, Train: 68.66%, Valid: 63.56%, Test: 60.46%
Run: 06, Epoch: 21, Train: 69.17%, Valid: 62.79%, Test: 59.75%
Run: 06, Epoch: 22, Train: 67.74%, Valid: 62.87%, Test: 59.99%
Run: 06, Epoch: 23, Train: 68.43%, Valid: 62.81%, Test: 60.27%
Run: 06, Epoch: 24, Train: 68.49%, Valid: 63.64%, Test: 60.96%
Run: 06, Epoch: 25, Train: 69.09%, Valid: 61.38%, Test: 58.60%
Run: 06, Epoch: 26, Train: 69.36%, Valid: 63.17%, Test: 60.63%
Run: 06, Epoch: 27, Train: 69.93%, Valid: 62.98%, Test: 60.68%
Run: 06, Epoch: 28, Train: 68.47%, Valid: 60.30%, Test: 58.11%
Run: 06, Epoch: 29, Train: 69.72%, Valid: 61.20%, Test: 59.59%
Run: 06, Epoch: 30, Train: 69.79%, Valid: 61.37%, Test: 59.39%
Run 06:
Highest Train: 69.93
Highest Valid: 63.64
  Final Train: 68.50
   Final Test: 60.96
Run: 07, Epoch: 01, Train: 58.50%, Valid: 53.98%, Test: 52.75%
Run: 07, Epoch: 02, Train: 60.81%, Valid: 57.10%, Test: 56.15%
Run: 07, Epoch: 03, Train: 62.00%, Valid: 59.64%, Test: 57.73%
Run: 07, Epoch: 04, Train: 62.92%, Valid: 60.70%, Test: 58.59%
Run: 07, Epoch: 05, Train: 63.79%, Valid: 59.80%, Test: 57.27%
Run: 07, Epoch: 06, Train: 63.71%, Valid: 62.41%, Test: 59.91%
Run: 07, Epoch: 07, Train: 64.16%, Valid: 61.27%, Test: 59.36%
Run: 07, Epoch: 08, Train: 64.74%, Valid: 60.88%, Test: 58.16%
Run: 07, Epoch: 09, Train: 65.14%, Valid: 60.05%, Test: 58.08%
Run: 07, Epoch: 10, Train: 64.94%, Valid: 63.04%, Test: 60.04%
Run: 07, Epoch: 11, Train: 66.17%, Valid: 60.10%, Test: 58.36%
Run: 07, Epoch: 12, Train: 66.36%, Valid: 61.09%, Test: 58.90%
Run: 07, Epoch: 13, Train: 66.09%, Valid: 61.23%, Test: 58.11%
Run: 07, Epoch: 14, Train: 66.98%, Valid: 62.11%, Test: 59.05%
Run: 07, Epoch: 15, Train: 67.31%, Valid: 62.05%, Test: 59.67%
Run: 07, Epoch: 16, Train: 66.85%, Valid: 60.02%, Test: 58.89%
Run: 07, Epoch: 17, Train: 67.71%, Valid: 63.50%, Test: 60.57%
Run: 07, Epoch: 18, Train: 66.32%, Valid: 62.09%, Test: 59.07%
Run: 07, Epoch: 19, Train: 68.40%, Valid: 61.76%, Test: 59.37%
Run: 07, Epoch: 20, Train: 68.10%, Valid: 63.44%, Test: 60.26%
Run: 07, Epoch: 21, Train: 68.49%, Valid: 60.69%, Test: 57.28%
Run: 07, Epoch: 22, Train: 68.70%, Valid: 62.85%, Test: 60.28%
Run: 07, Epoch: 23, Train: 68.60%, Valid: 61.22%, Test: 58.77%
Run: 07, Epoch: 24, Train: 69.37%, Valid: 63.18%, Test: 60.62%
Run: 07, Epoch: 25, Train: 69.62%, Valid: 63.22%, Test: 60.38%
Run: 07, Epoch: 26, Train: 69.09%, Valid: 62.09%, Test: 59.70%
Run: 07, Epoch: 27, Train: 69.49%, Valid: 62.46%, Test: 60.49%
Run: 07, Epoch: 28, Train: 69.55%, Valid: 62.58%, Test: 59.36%
Run: 07, Epoch: 29, Train: 69.78%, Valid: 62.88%, Test: 60.27%
Run: 07, Epoch: 30, Train: 69.87%, Valid: 63.62%, Test: 60.91%
Run 07:
Highest Train: 69.87
Highest Valid: 63.62
  Final Train: 69.87
   Final Test: 60.91
Run: 08, Epoch: 01, Train: 57.59%, Valid: 53.41%, Test: 51.78%
Run: 08, Epoch: 02, Train: 60.82%, Valid: 57.79%, Test: 55.44%
Run: 08, Epoch: 03, Train: 62.22%, Valid: 58.55%, Test: 56.71%
Run: 08, Epoch: 04, Train: 62.27%, Valid: 58.47%, Test: 57.04%
Run: 08, Epoch: 05, Train: 63.51%, Valid: 59.95%, Test: 58.58%
Run: 08, Epoch: 06, Train: 63.52%, Valid: 59.99%, Test: 58.35%
Run: 08, Epoch: 07, Train: 64.43%, Valid: 60.33%, Test: 58.71%
Run: 08, Epoch: 08, Train: 64.61%, Valid: 61.36%, Test: 59.26%
Run: 08, Epoch: 09, Train: 64.96%, Valid: 61.76%, Test: 59.93%
Run: 08, Epoch: 10, Train: 65.87%, Valid: 62.87%, Test: 60.54%
Run: 08, Epoch: 11, Train: 65.20%, Valid: 60.48%, Test: 58.45%
Run: 08, Epoch: 12, Train: 66.93%, Valid: 61.64%, Test: 59.48%
Run: 08, Epoch: 13, Train: 66.33%, Valid: 59.91%, Test: 58.96%
Run: 08, Epoch: 14, Train: 67.15%, Valid: 61.35%, Test: 59.28%
Run: 08, Epoch: 15, Train: 66.34%, Valid: 58.67%, Test: 57.17%
Run: 08, Epoch: 16, Train: 67.23%, Valid: 59.37%, Test: 57.90%
Run: 08, Epoch: 17, Train: 67.58%, Valid: 62.90%, Test: 59.92%
Run: 08, Epoch: 18, Train: 67.83%, Valid: 61.87%, Test: 60.00%
Run: 08, Epoch: 19, Train: 68.33%, Valid: 61.72%, Test: 59.53%
Run: 08, Epoch: 20, Train: 67.88%, Valid: 62.65%, Test: 60.44%
Run: 08, Epoch: 21, Train: 68.26%, Valid: 63.91%, Test: 61.26%
Run: 08, Epoch: 22, Train: 68.53%, Valid: 63.23%, Test: 60.44%
Run: 08, Epoch: 23, Train: 67.08%, Valid: 61.49%, Test: 58.82%
Run: 08, Epoch: 24, Train: 67.85%, Valid: 61.93%, Test: 58.80%
Run: 08, Epoch: 25, Train: 68.43%, Valid: 62.46%, Test: 59.81%
Run: 08, Epoch: 26, Train: 69.30%, Valid: 62.37%, Test: 59.75%
Run: 08, Epoch: 27, Train: 69.13%, Valid: 60.49%, Test: 58.96%
Run: 08, Epoch: 28, Train: 70.31%, Valid: 62.61%, Test: 60.28%
Run: 08, Epoch: 29, Train: 69.99%, Valid: 63.70%, Test: 60.69%
Run: 08, Epoch: 30, Train: 69.75%, Valid: 63.42%, Test: 60.43%
Run 08:
Highest Train: 70.31
Highest Valid: 63.91
  Final Train: 68.26
   Final Test: 61.26
Run: 09, Epoch: 01, Train: 58.91%, Valid: 53.87%, Test: 52.62%
Run: 09, Epoch: 02, Train: 61.57%, Valid: 58.83%, Test: 56.49%
Run: 09, Epoch: 03, Train: 62.54%, Valid: 60.81%, Test: 58.37%
Run: 09, Epoch: 04, Train: 63.52%, Valid: 59.49%, Test: 56.89%
Run: 09, Epoch: 05, Train: 62.20%, Valid: 57.49%, Test: 55.85%
Run: 09, Epoch: 06, Train: 64.08%, Valid: 58.41%, Test: 55.92%
Run: 09, Epoch: 07, Train: 64.59%, Valid: 59.83%, Test: 57.19%
Run: 09, Epoch: 08, Train: 64.96%, Valid: 59.49%, Test: 57.83%
Run: 09, Epoch: 09, Train: 65.55%, Valid: 60.35%, Test: 58.85%
Run: 09, Epoch: 10, Train: 66.00%, Valid: 61.41%, Test: 59.66%
Run: 09, Epoch: 11, Train: 66.33%, Valid: 60.29%, Test: 58.33%
Run: 09, Epoch: 12, Train: 66.41%, Valid: 62.32%, Test: 59.94%
Run: 09, Epoch: 13, Train: 67.05%, Valid: 63.09%, Test: 60.20%
Run: 09, Epoch: 14, Train: 67.21%, Valid: 62.93%, Test: 60.16%
Run: 09, Epoch: 15, Train: 66.70%, Valid: 59.20%, Test: 57.28%
Run: 09, Epoch: 16, Train: 67.56%, Valid: 60.88%, Test: 59.00%
Run: 09, Epoch: 17, Train: 68.08%, Valid: 61.57%, Test: 58.92%
Run: 09, Epoch: 18, Train: 67.63%, Valid: 63.16%, Test: 60.57%
Run: 09, Epoch: 19, Train: 68.26%, Valid: 62.23%, Test: 60.18%
Run: 09, Epoch: 20, Train: 68.63%, Valid: 62.35%, Test: 59.92%
Run: 09, Epoch: 21, Train: 68.29%, Valid: 61.83%, Test: 59.42%
Run: 09, Epoch: 22, Train: 68.81%, Valid: 63.16%, Test: 60.45%
Run: 09, Epoch: 23, Train: 68.74%, Valid: 61.54%, Test: 59.39%
Run: 09, Epoch: 24, Train: 68.17%, Valid: 63.06%, Test: 60.62%
Run: 09, Epoch: 25, Train: 68.59%, Valid: 63.47%, Test: 60.67%
Run: 09, Epoch: 26, Train: 69.79%, Valid: 62.50%, Test: 59.55%
Run: 09, Epoch: 27, Train: 69.19%, Valid: 61.72%, Test: 59.63%
Run: 09, Epoch: 28, Train: 69.69%, Valid: 63.57%, Test: 60.87%
Run: 09, Epoch: 29, Train: 68.66%, Valid: 62.73%, Test: 59.53%
Run: 09, Epoch: 30, Train: 69.70%, Valid: 60.50%, Test: 59.09%
Run 09:
Highest Train: 69.79
Highest Valid: 63.57
  Final Train: 69.69
   Final Test: 60.87
Run: 10, Epoch: 01, Train: 58.24%, Valid: 54.95%, Test: 53.51%
Run: 10, Epoch: 02, Train: 61.43%, Valid: 57.81%, Test: 56.60%
Run: 10, Epoch: 03, Train: 62.08%, Valid: 60.07%, Test: 56.98%
Run: 10, Epoch: 04, Train: 62.45%, Valid: 56.74%, Test: 54.73%
Run: 10, Epoch: 05, Train: 64.41%, Valid: 60.92%, Test: 58.39%
Run: 10, Epoch: 06, Train: 64.47%, Valid: 61.55%, Test: 59.70%
Run: 10, Epoch: 07, Train: 65.02%, Valid: 60.89%, Test: 59.02%
Run: 10, Epoch: 08, Train: 64.78%, Valid: 60.75%, Test: 59.26%
Run: 10, Epoch: 09, Train: 65.25%, Valid: 63.22%, Test: 60.56%
Run: 10, Epoch: 10, Train: 66.02%, Valid: 60.97%, Test: 59.55%
Run: 10, Epoch: 11, Train: 66.36%, Valid: 62.17%, Test: 59.89%
Run: 10, Epoch: 12, Train: 66.41%, Valid: 61.83%, Test: 59.66%
Run: 10, Epoch: 13, Train: 66.79%, Valid: 63.47%, Test: 60.58%
Run: 10, Epoch: 14, Train: 66.51%, Valid: 63.05%, Test: 60.55%
Run: 10, Epoch: 15, Train: 66.80%, Valid: 61.12%, Test: 59.52%
Run: 10, Epoch: 16, Train: 67.36%, Valid: 63.08%, Test: 60.74%
Run: 10, Epoch: 17, Train: 67.54%, Valid: 61.58%, Test: 59.16%
Run: 10, Epoch: 18, Train: 67.57%, Valid: 62.92%, Test: 60.41%
Run: 10, Epoch: 19, Train: 67.96%, Valid: 61.56%, Test: 59.50%
Run: 10, Epoch: 20, Train: 67.70%, Valid: 63.28%, Test: 60.18%
Run: 10, Epoch: 21, Train: 68.81%, Valid: 63.08%, Test: 60.01%
Run: 10, Epoch: 22, Train: 68.48%, Valid: 62.99%, Test: 60.11%
Run: 10, Epoch: 23, Train: 68.65%, Valid: 61.67%, Test: 59.69%
Run: 10, Epoch: 24, Train: 69.69%, Valid: 64.19%, Test: 60.90%
Run: 10, Epoch: 25, Train: 69.80%, Valid: 61.82%, Test: 59.28%
Run: 10, Epoch: 26, Train: 69.66%, Valid: 62.38%, Test: 59.84%
Run: 10, Epoch: 27, Train: 68.78%, Valid: 63.53%, Test: 60.14%
Run: 10, Epoch: 28, Train: 70.20%, Valid: 62.32%, Test: 59.57%
Run: 10, Epoch: 29, Train: 69.73%, Valid: 62.29%, Test: 59.39%
Run: 10, Epoch: 30, Train: 69.85%, Valid: 63.21%, Test: 60.19%
Run 10:
Highest Train: 70.20
Highest Valid: 64.19
  Final Train: 69.69
   Final Test: 60.90
All runs:
Highest Train: 70.04 ± 0.24
Highest Valid: 63.88 ± 0.24
  Final Train: 68.86 ± 0.83
   Final Test: 61.09 ± 0.23
