Namespace(device=0, log_steps=1, use_node_embedding=False, use_sgc_embedding=True, num_sgc_iterations=3, num_layers=3, hidden_channels=256, dropout=0, lr=0.01, batch_size=256, epochs=30, runs=10, rsv=0.175)
Run: 01, Epoch: 01, Train: 57.65%, Valid: 53.57%, Test: 51.95%
Run: 01, Epoch: 02, Train: 61.32%, Valid: 59.00%, Test: 56.30%
Run: 01, Epoch: 03, Train: 62.04%, Valid: 60.29%, Test: 58.12%
Run: 01, Epoch: 04, Train: 62.97%, Valid: 60.18%, Test: 57.74%
Run: 01, Epoch: 05, Train: 63.68%, Valid: 60.17%, Test: 58.22%
Run: 01, Epoch: 06, Train: 64.85%, Valid: 63.72%, Test: 61.16%
Run: 01, Epoch: 07, Train: 64.73%, Valid: 63.40%, Test: 60.76%
Run: 01, Epoch: 08, Train: 65.36%, Valid: 62.52%, Test: 60.44%
Run: 01, Epoch: 09, Train: 64.70%, Valid: 60.96%, Test: 58.80%
Run: 01, Epoch: 10, Train: 65.46%, Valid: 61.48%, Test: 58.91%
Run: 01, Epoch: 11, Train: 66.32%, Valid: 61.64%, Test: 59.35%
Run: 01, Epoch: 12, Train: 66.48%, Valid: 63.35%, Test: 60.28%
Run: 01, Epoch: 13, Train: 66.96%, Valid: 63.76%, Test: 61.02%
Run: 01, Epoch: 14, Train: 67.11%, Valid: 63.94%, Test: 60.78%
Run: 01, Epoch: 15, Train: 66.71%, Valid: 63.58%, Test: 60.61%
Run: 01, Epoch: 16, Train: 67.60%, Valid: 63.95%, Test: 60.96%
Run: 01, Epoch: 17, Train: 67.24%, Valid: 60.65%, Test: 59.45%
Run: 01, Epoch: 18, Train: 66.70%, Valid: 64.18%, Test: 60.74%
Run: 01, Epoch: 19, Train: 67.86%, Valid: 61.99%, Test: 59.54%
Run: 01, Epoch: 20, Train: 68.56%, Valid: 62.64%, Test: 60.09%
Run: 01, Epoch: 21, Train: 68.31%, Valid: 63.17%, Test: 60.75%
Run: 01, Epoch: 22, Train: 68.43%, Valid: 63.29%, Test: 60.82%
Run: 01, Epoch: 23, Train: 68.83%, Valid: 62.79%, Test: 60.30%
Run: 01, Epoch: 24, Train: 68.80%, Valid: 61.95%, Test: 59.46%
Run: 01, Epoch: 25, Train: 68.59%, Valid: 63.20%, Test: 60.80%
Run: 01, Epoch: 26, Train: 69.58%, Valid: 62.31%, Test: 60.34%
Run: 01, Epoch: 27, Train: 68.62%, Valid: 60.09%, Test: 58.74%
Run: 01, Epoch: 28, Train: 69.43%, Valid: 61.42%, Test: 58.61%
Run: 01, Epoch: 29, Train: 68.54%, Valid: 63.79%, Test: 60.34%
Run: 01, Epoch: 30, Train: 69.18%, Valid: 62.69%, Test: 60.16%
Run 01:
Highest Train: 69.58
Highest Valid: 64.18
  Final Train: 66.70
   Final Test: 60.74
Run: 02, Epoch: 01, Train: 58.79%, Valid: 56.90%, Test: 54.97%
Run: 02, Epoch: 02, Train: 59.83%, Valid: 58.40%, Test: 55.86%
Run: 02, Epoch: 03, Train: 62.62%, Valid: 58.82%, Test: 57.38%
Run: 02, Epoch: 04, Train: 63.41%, Valid: 60.10%, Test: 58.24%
Run: 02, Epoch: 05, Train: 63.31%, Valid: 57.57%, Test: 56.29%
Run: 02, Epoch: 06, Train: 64.70%, Valid: 61.33%, Test: 59.33%
Run: 02, Epoch: 07, Train: 63.95%, Valid: 59.45%, Test: 58.20%
Run: 02, Epoch: 08, Train: 65.17%, Valid: 62.03%, Test: 59.81%
Run: 02, Epoch: 09, Train: 65.45%, Valid: 60.40%, Test: 58.43%
Run: 02, Epoch: 10, Train: 64.53%, Valid: 59.25%, Test: 57.89%
Run: 02, Epoch: 11, Train: 65.39%, Valid: 60.11%, Test: 57.94%
Run: 02, Epoch: 12, Train: 66.80%, Valid: 62.06%, Test: 59.95%
Run: 02, Epoch: 13, Train: 66.77%, Valid: 63.10%, Test: 60.23%
Run: 02, Epoch: 14, Train: 66.89%, Valid: 62.57%, Test: 59.54%
Run: 02, Epoch: 15, Train: 66.92%, Valid: 63.50%, Test: 60.62%
Run: 02, Epoch: 16, Train: 67.34%, Valid: 64.09%, Test: 61.22%
Run: 02, Epoch: 17, Train: 67.56%, Valid: 61.97%, Test: 59.91%
Run: 02, Epoch: 18, Train: 68.20%, Valid: 63.55%, Test: 60.36%
Run: 02, Epoch: 19, Train: 67.40%, Valid: 62.48%, Test: 59.80%
Run: 02, Epoch: 20, Train: 67.90%, Valid: 63.48%, Test: 60.23%
Run: 02, Epoch: 21, Train: 67.29%, Valid: 61.69%, Test: 59.31%
Run: 02, Epoch: 22, Train: 68.05%, Valid: 61.06%, Test: 59.20%
Run: 02, Epoch: 23, Train: 68.19%, Valid: 62.88%, Test: 59.92%
Run: 02, Epoch: 24, Train: 68.91%, Valid: 61.85%, Test: 59.94%
Run: 02, Epoch: 25, Train: 68.86%, Valid: 62.69%, Test: 59.91%
Run: 02, Epoch: 26, Train: 69.80%, Valid: 62.47%, Test: 60.40%
Run: 02, Epoch: 27, Train: 69.31%, Valid: 62.41%, Test: 60.12%
Run: 02, Epoch: 28, Train: 69.36%, Valid: 63.37%, Test: 60.80%
Run: 02, Epoch: 29, Train: 68.90%, Valid: 60.78%, Test: 58.65%
Run: 02, Epoch: 30, Train: 70.04%, Valid: 64.10%, Test: 61.37%
Run 02:
Highest Train: 70.04
Highest Valid: 64.10
  Final Train: 70.04
   Final Test: 61.37
Run: 03, Epoch: 01, Train: 59.72%, Valid: 58.48%, Test: 56.76%
Run: 03, Epoch: 02, Train: 61.45%, Valid: 58.29%, Test: 55.24%
Run: 03, Epoch: 03, Train: 61.98%, Valid: 59.89%, Test: 57.34%
Run: 03, Epoch: 04, Train: 63.44%, Valid: 60.09%, Test: 58.04%
Run: 03, Epoch: 05, Train: 64.21%, Valid: 60.09%, Test: 59.04%
Run: 03, Epoch: 06, Train: 63.92%, Valid: 58.90%, Test: 57.44%
Run: 03, Epoch: 07, Train: 65.39%, Valid: 62.43%, Test: 60.69%
Run: 03, Epoch: 08, Train: 64.82%, Valid: 59.55%, Test: 57.76%
Run: 03, Epoch: 09, Train: 65.75%, Valid: 62.01%, Test: 59.80%
Run: 03, Epoch: 10, Train: 66.54%, Valid: 62.52%, Test: 59.47%
Run: 03, Epoch: 11, Train: 65.90%, Valid: 63.33%, Test: 60.23%
Run: 03, Epoch: 12, Train: 66.49%, Valid: 61.74%, Test: 59.90%
Run: 03, Epoch: 13, Train: 67.05%, Valid: 63.20%, Test: 60.37%
Run: 03, Epoch: 14, Train: 67.33%, Valid: 63.47%, Test: 60.82%
Run: 03, Epoch: 15, Train: 66.77%, Valid: 62.39%, Test: 59.98%
Run: 03, Epoch: 16, Train: 67.05%, Valid: 64.36%, Test: 61.01%
Run: 03, Epoch: 17, Train: 67.50%, Valid: 62.40%, Test: 59.66%
Run: 03, Epoch: 18, Train: 66.39%, Valid: 59.25%, Test: 57.48%
Run: 03, Epoch: 19, Train: 67.94%, Valid: 62.33%, Test: 59.52%
Run: 03, Epoch: 20, Train: 68.07%, Valid: 62.93%, Test: 60.65%
Run: 03, Epoch: 21, Train: 68.60%, Valid: 63.48%, Test: 60.47%
Run: 03, Epoch: 22, Train: 68.29%, Valid: 60.52%, Test: 58.89%
Run: 03, Epoch: 23, Train: 67.96%, Valid: 60.56%, Test: 59.18%
Run: 03, Epoch: 24, Train: 68.74%, Valid: 62.21%, Test: 59.28%
Run: 03, Epoch: 25, Train: 68.87%, Valid: 62.38%, Test: 60.25%
Run: 03, Epoch: 26, Train: 68.54%, Valid: 63.98%, Test: 60.59%
Run: 03, Epoch: 27, Train: 69.41%, Valid: 64.12%, Test: 61.23%
Run: 03, Epoch: 28, Train: 69.38%, Valid: 64.68%, Test: 61.96%
Run: 03, Epoch: 29, Train: 69.87%, Valid: 62.83%, Test: 60.62%
Run: 03, Epoch: 30, Train: 69.70%, Valid: 62.57%, Test: 60.29%
Run 03:
Highest Train: 69.87
Highest Valid: 64.68
  Final Train: 69.38
   Final Test: 61.96
Run: 04, Epoch: 01, Train: 60.16%, Valid: 56.53%, Test: 54.37%
Run: 04, Epoch: 02, Train: 60.04%, Valid: 59.40%, Test: 56.69%
Run: 04, Epoch: 03, Train: 62.22%, Valid: 59.09%, Test: 57.13%
Run: 04, Epoch: 04, Train: 62.36%, Valid: 58.38%, Test: 57.15%
Run: 04, Epoch: 05, Train: 63.61%, Valid: 58.23%, Test: 57.20%
Run: 04, Epoch: 06, Train: 63.56%, Valid: 62.52%, Test: 59.06%
Run: 04, Epoch: 07, Train: 64.74%, Valid: 62.05%, Test: 59.56%
Run: 04, Epoch: 08, Train: 64.48%, Valid: 59.45%, Test: 58.00%
Run: 04, Epoch: 09, Train: 65.56%, Valid: 61.93%, Test: 59.79%
Run: 04, Epoch: 10, Train: 65.86%, Valid: 61.20%, Test: 58.73%
Run: 04, Epoch: 11, Train: 66.12%, Valid: 63.35%, Test: 60.82%
Run: 04, Epoch: 12, Train: 66.59%, Valid: 62.17%, Test: 60.04%
Run: 04, Epoch: 13, Train: 65.94%, Valid: 61.51%, Test: 59.35%
Run: 04, Epoch: 14, Train: 66.54%, Valid: 63.46%, Test: 61.25%
Run: 04, Epoch: 15, Train: 65.63%, Valid: 62.59%, Test: 60.65%
Run: 04, Epoch: 16, Train: 67.59%, Valid: 62.28%, Test: 60.15%
Run: 04, Epoch: 17, Train: 67.52%, Valid: 61.46%, Test: 59.78%
Run: 04, Epoch: 18, Train: 67.81%, Valid: 62.56%, Test: 59.98%
Run: 04, Epoch: 19, Train: 68.26%, Valid: 61.81%, Test: 59.84%
Run: 04, Epoch: 20, Train: 67.87%, Valid: 63.12%, Test: 60.81%
Run: 04, Epoch: 21, Train: 68.53%, Valid: 61.98%, Test: 59.48%
Run: 04, Epoch: 22, Train: 69.24%, Valid: 63.27%, Test: 60.72%
Run: 04, Epoch: 23, Train: 68.07%, Valid: 60.72%, Test: 59.38%
Run: 04, Epoch: 24, Train: 68.98%, Valid: 63.59%, Test: 60.65%
Run: 04, Epoch: 25, Train: 68.96%, Valid: 63.84%, Test: 61.04%
Run: 04, Epoch: 26, Train: 69.23%, Valid: 61.32%, Test: 59.06%
Run: 04, Epoch: 27, Train: 68.89%, Valid: 61.36%, Test: 59.25%
Run: 04, Epoch: 28, Train: 69.89%, Valid: 63.28%, Test: 60.21%
Run: 04, Epoch: 29, Train: 69.93%, Valid: 62.73%, Test: 60.01%
Run: 04, Epoch: 30, Train: 69.96%, Valid: 63.14%, Test: 60.69%
Run 04:
Highest Train: 69.96
Highest Valid: 63.84
  Final Train: 68.96
   Final Test: 61.04
Run: 05, Epoch: 01, Train: 58.48%, Valid: 54.54%, Test: 52.77%
Run: 05, Epoch: 02, Train: 58.51%, Valid: 59.56%, Test: 55.88%
Run: 05, Epoch: 03, Train: 62.55%, Valid: 61.67%, Test: 59.05%
Run: 05, Epoch: 04, Train: 63.05%, Valid: 59.53%, Test: 57.24%
Run: 05, Epoch: 05, Train: 63.30%, Valid: 58.60%, Test: 57.24%
Run: 05, Epoch: 06, Train: 63.71%, Valid: 62.36%, Test: 60.08%
Run: 05, Epoch: 07, Train: 64.77%, Valid: 62.37%, Test: 59.79%
Run: 05, Epoch: 08, Train: 65.30%, Valid: 62.31%, Test: 59.54%
Run: 05, Epoch: 09, Train: 66.05%, Valid: 61.52%, Test: 59.17%
Run: 05, Epoch: 10, Train: 66.06%, Valid: 62.67%, Test: 60.15%
Run: 05, Epoch: 11, Train: 66.08%, Valid: 63.81%, Test: 60.96%
Run: 05, Epoch: 12, Train: 64.96%, Valid: 64.37%, Test: 60.51%
Run: 05, Epoch: 13, Train: 65.92%, Valid: 59.71%, Test: 57.92%
Run: 05, Epoch: 14, Train: 66.26%, Valid: 60.77%, Test: 58.92%
Run: 05, Epoch: 15, Train: 67.68%, Valid: 63.13%, Test: 60.21%
Run: 05, Epoch: 16, Train: 67.86%, Valid: 62.92%, Test: 60.20%
Run: 05, Epoch: 17, Train: 67.51%, Valid: 62.59%, Test: 59.78%
Run: 05, Epoch: 18, Train: 67.91%, Valid: 62.93%, Test: 59.57%
Run: 05, Epoch: 19, Train: 66.96%, Valid: 64.23%, Test: 60.98%
Run: 05, Epoch: 20, Train: 68.54%, Valid: 61.58%, Test: 59.06%
Run: 05, Epoch: 21, Train: 68.72%, Valid: 63.11%, Test: 60.80%
Run: 05, Epoch: 22, Train: 68.22%, Valid: 64.34%, Test: 61.58%
Run: 05, Epoch: 23, Train: 68.59%, Valid: 63.77%, Test: 61.30%
Run: 05, Epoch: 24, Train: 68.94%, Valid: 62.77%, Test: 60.03%
Run: 05, Epoch: 25, Train: 69.11%, Valid: 64.71%, Test: 61.80%
Run: 05, Epoch: 26, Train: 69.26%, Valid: 62.10%, Test: 59.89%
Run: 05, Epoch: 27, Train: 68.94%, Valid: 64.42%, Test: 61.57%
Run: 05, Epoch: 28, Train: 68.99%, Valid: 62.00%, Test: 59.76%
Run: 05, Epoch: 29, Train: 69.17%, Valid: 63.58%, Test: 60.46%
Run: 05, Epoch: 30, Train: 68.69%, Valid: 62.56%, Test: 59.21%
Run 05:
Highest Train: 69.26
Highest Valid: 64.71
  Final Train: 69.11
   Final Test: 61.80
Run: 06, Epoch: 01, Train: 59.74%, Valid: 55.40%, Test: 53.33%
Run: 06, Epoch: 02, Train: 60.92%, Valid: 59.21%, Test: 55.40%
Run: 06, Epoch: 03, Train: 62.04%, Valid: 59.32%, Test: 56.65%
Run: 06, Epoch: 04, Train: 62.69%, Valid: 58.26%, Test: 56.10%
Run: 06, Epoch: 05, Train: 63.37%, Valid: 61.62%, Test: 59.60%
Run: 06, Epoch: 06, Train: 64.56%, Valid: 59.58%, Test: 58.41%
Run: 06, Epoch: 07, Train: 64.51%, Valid: 59.39%, Test: 57.62%
Run: 06, Epoch: 08, Train: 64.29%, Valid: 62.93%, Test: 59.88%
Run: 06, Epoch: 09, Train: 64.63%, Valid: 63.52%, Test: 60.48%
Run: 06, Epoch: 10, Train: 64.95%, Valid: 64.00%, Test: 61.06%
Run: 06, Epoch: 11, Train: 66.26%, Valid: 63.70%, Test: 61.54%
Run: 06, Epoch: 12, Train: 66.85%, Valid: 62.39%, Test: 60.34%
Run: 06, Epoch: 13, Train: 67.15%, Valid: 63.12%, Test: 60.77%
Run: 06, Epoch: 14, Train: 67.01%, Valid: 61.42%, Test: 58.98%
Run: 06, Epoch: 15, Train: 65.48%, Valid: 58.98%, Test: 57.83%
Run: 06, Epoch: 16, Train: 66.66%, Valid: 60.97%, Test: 59.08%
Run: 06, Epoch: 17, Train: 67.40%, Valid: 61.32%, Test: 59.17%
Run: 06, Epoch: 18, Train: 67.15%, Valid: 60.11%, Test: 59.07%
Run: 06, Epoch: 19, Train: 67.93%, Valid: 62.40%, Test: 59.54%
Run: 06, Epoch: 20, Train: 67.85%, Valid: 61.07%, Test: 59.11%
Run: 06, Epoch: 21, Train: 67.02%, Valid: 62.62%, Test: 59.96%
Run: 06, Epoch: 22, Train: 67.89%, Valid: 62.13%, Test: 59.35%
Run: 06, Epoch: 23, Train: 68.45%, Valid: 62.06%, Test: 59.32%
Run: 06, Epoch: 24, Train: 69.39%, Valid: 63.99%, Test: 61.10%
Run: 06, Epoch: 25, Train: 68.93%, Valid: 62.54%, Test: 59.76%
Run: 06, Epoch: 26, Train: 68.48%, Valid: 61.75%, Test: 59.43%
Run: 06, Epoch: 27, Train: 68.62%, Valid: 60.37%, Test: 58.34%
Run: 06, Epoch: 28, Train: 69.55%, Valid: 62.68%, Test: 60.57%
Run: 06, Epoch: 29, Train: 69.83%, Valid: 64.39%, Test: 61.53%
Run: 06, Epoch: 30, Train: 69.74%, Valid: 61.74%, Test: 59.17%
Run 06:
Highest Train: 69.83
Highest Valid: 64.39
  Final Train: 69.83
   Final Test: 61.53
Run: 07, Epoch: 01, Train: 59.82%, Valid: 57.11%, Test: 55.21%
Run: 07, Epoch: 02, Train: 60.56%, Valid: 58.65%, Test: 54.65%
Run: 07, Epoch: 03, Train: 62.11%, Valid: 60.88%, Test: 58.14%
Run: 07, Epoch: 04, Train: 62.85%, Valid: 58.21%, Test: 56.56%
Run: 07, Epoch: 05, Train: 64.81%, Valid: 61.25%, Test: 59.81%
Run: 07, Epoch: 06, Train: 64.82%, Valid: 61.46%, Test: 59.51%
Run: 07, Epoch: 07, Train: 64.58%, Valid: 62.44%, Test: 59.99%
Run: 07, Epoch: 08, Train: 64.29%, Valid: 61.50%, Test: 59.01%
Run: 07, Epoch: 09, Train: 64.00%, Valid: 59.81%, Test: 57.14%
Run: 07, Epoch: 10, Train: 65.88%, Valid: 61.15%, Test: 59.29%
Run: 07, Epoch: 11, Train: 65.90%, Valid: 60.38%, Test: 58.96%
Run: 07, Epoch: 12, Train: 65.82%, Valid: 60.85%, Test: 59.62%
Run: 07, Epoch: 13, Train: 66.83%, Valid: 62.43%, Test: 59.94%
Run: 07, Epoch: 14, Train: 66.77%, Valid: 61.90%, Test: 59.83%
Run: 07, Epoch: 15, Train: 67.77%, Valid: 63.56%, Test: 61.04%
Run: 07, Epoch: 16, Train: 66.87%, Valid: 61.57%, Test: 58.82%
Run: 07, Epoch: 17, Train: 68.02%, Valid: 62.99%, Test: 60.53%
Run: 07, Epoch: 18, Train: 68.12%, Valid: 62.69%, Test: 60.24%
Run: 07, Epoch: 19, Train: 68.32%, Valid: 62.61%, Test: 59.50%
Run: 07, Epoch: 20, Train: 67.84%, Valid: 63.53%, Test: 60.96%
Run: 07, Epoch: 21, Train: 68.63%, Valid: 63.29%, Test: 60.40%
Run: 07, Epoch: 22, Train: 68.53%, Valid: 63.50%, Test: 60.38%
Run: 07, Epoch: 23, Train: 67.80%, Valid: 63.28%, Test: 60.84%
Run: 07, Epoch: 24, Train: 68.72%, Valid: 63.77%, Test: 60.47%
Run: 07, Epoch: 25, Train: 68.70%, Valid: 63.54%, Test: 60.43%
Run: 07, Epoch: 26, Train: 69.29%, Valid: 62.71%, Test: 60.58%
Run: 07, Epoch: 27, Train: 69.31%, Valid: 61.29%, Test: 59.62%
Run: 07, Epoch: 28, Train: 69.61%, Valid: 64.18%, Test: 61.43%
Run: 07, Epoch: 29, Train: 69.53%, Valid: 63.46%, Test: 60.88%
Run: 07, Epoch: 30, Train: 69.75%, Valid: 62.69%, Test: 59.97%
Run 07:
Highest Train: 69.75
Highest Valid: 64.18
  Final Train: 69.61
   Final Test: 61.43
Run: 08, Epoch: 01, Train: 59.67%, Valid: 56.00%, Test: 54.60%
Run: 08, Epoch: 02, Train: 59.53%, Valid: 59.68%, Test: 57.08%
Run: 08, Epoch: 03, Train: 62.46%, Valid: 60.56%, Test: 58.03%
Run: 08, Epoch: 04, Train: 62.89%, Valid: 60.17%, Test: 58.29%
Run: 08, Epoch: 05, Train: 63.43%, Valid: 60.46%, Test: 58.43%
Run: 08, Epoch: 06, Train: 63.38%, Valid: 59.19%, Test: 57.16%
Run: 08, Epoch: 07, Train: 64.80%, Valid: 63.19%, Test: 61.01%
Run: 08, Epoch: 08, Train: 64.89%, Valid: 62.20%, Test: 59.41%
Run: 08, Epoch: 09, Train: 65.91%, Valid: 63.31%, Test: 60.80%
Run: 08, Epoch: 10, Train: 65.02%, Valid: 60.51%, Test: 58.54%
Run: 08, Epoch: 11, Train: 66.59%, Valid: 62.50%, Test: 59.53%
Run: 08, Epoch: 12, Train: 66.41%, Valid: 61.78%, Test: 59.41%
Run: 08, Epoch: 13, Train: 66.20%, Valid: 59.80%, Test: 57.43%
Run: 08, Epoch: 14, Train: 66.72%, Valid: 61.43%, Test: 59.39%
Run: 08, Epoch: 15, Train: 67.95%, Valid: 62.81%, Test: 60.23%
Run: 08, Epoch: 16, Train: 66.79%, Valid: 60.10%, Test: 58.47%
Run: 08, Epoch: 17, Train: 68.12%, Valid: 63.06%, Test: 60.69%
Run: 08, Epoch: 18, Train: 67.73%, Valid: 62.22%, Test: 59.89%
Run: 08, Epoch: 19, Train: 67.93%, Valid: 63.85%, Test: 61.62%
Run: 08, Epoch: 20, Train: 68.35%, Valid: 63.56%, Test: 60.37%
Run: 08, Epoch: 21, Train: 68.70%, Valid: 63.08%, Test: 59.99%
Run: 08, Epoch: 22, Train: 68.27%, Valid: 63.47%, Test: 60.87%
Run: 08, Epoch: 23, Train: 68.89%, Valid: 63.98%, Test: 61.23%
Run: 08, Epoch: 24, Train: 68.02%, Valid: 60.59%, Test: 59.27%
Run: 08, Epoch: 25, Train: 68.74%, Valid: 62.23%, Test: 59.55%
Run: 08, Epoch: 26, Train: 68.78%, Valid: 63.44%, Test: 60.57%
Run: 08, Epoch: 27, Train: 69.36%, Valid: 63.59%, Test: 61.13%
Run: 08, Epoch: 28, Train: 69.46%, Valid: 62.96%, Test: 60.20%
Run: 08, Epoch: 29, Train: 69.12%, Valid: 61.73%, Test: 59.33%
Run: 08, Epoch: 30, Train: 69.13%, Valid: 61.03%, Test: 59.20%
Run 08:
Highest Train: 69.46
Highest Valid: 63.98
  Final Train: 68.89
   Final Test: 61.23
Run: 09, Epoch: 01, Train: 59.36%, Valid: 55.94%, Test: 54.32%
Run: 09, Epoch: 02, Train: 60.67%, Valid: 55.98%, Test: 54.74%
Run: 09, Epoch: 03, Train: 61.79%, Valid: 61.22%, Test: 58.21%
Run: 09, Epoch: 04, Train: 63.80%, Valid: 59.77%, Test: 57.15%
Run: 09, Epoch: 05, Train: 63.61%, Valid: 59.32%, Test: 57.60%
Run: 09, Epoch: 06, Train: 64.24%, Valid: 61.68%, Test: 59.72%
Run: 09, Epoch: 07, Train: 64.61%, Valid: 62.01%, Test: 58.43%
Run: 09, Epoch: 08, Train: 64.40%, Valid: 63.28%, Test: 59.93%
Run: 09, Epoch: 09, Train: 66.23%, Valid: 62.45%, Test: 60.56%
Run: 09, Epoch: 10, Train: 65.07%, Valid: 62.65%, Test: 59.61%
Run: 09, Epoch: 11, Train: 65.71%, Valid: 59.83%, Test: 58.16%
Run: 09, Epoch: 12, Train: 66.33%, Valid: 62.89%, Test: 59.57%
Run: 09, Epoch: 13, Train: 67.17%, Valid: 62.21%, Test: 59.99%
Run: 09, Epoch: 14, Train: 65.92%, Valid: 63.78%, Test: 61.04%
Run: 09, Epoch: 15, Train: 66.60%, Valid: 60.33%, Test: 58.73%
Run: 09, Epoch: 16, Train: 67.21%, Valid: 62.92%, Test: 60.15%
Run: 09, Epoch: 17, Train: 68.04%, Valid: 61.74%, Test: 60.05%
Run: 09, Epoch: 18, Train: 68.08%, Valid: 61.72%, Test: 59.68%
Run: 09, Epoch: 19, Train: 68.65%, Valid: 63.30%, Test: 60.55%
Run: 09, Epoch: 20, Train: 68.60%, Valid: 61.95%, Test: 58.98%
Run: 09, Epoch: 21, Train: 67.98%, Valid: 64.19%, Test: 61.09%
Run: 09, Epoch: 22, Train: 68.52%, Valid: 64.13%, Test: 61.43%
Run: 09, Epoch: 23, Train: 69.08%, Valid: 62.54%, Test: 60.25%
Run: 09, Epoch: 24, Train: 68.66%, Valid: 64.07%, Test: 61.18%
Run: 09, Epoch: 25, Train: 68.56%, Valid: 62.17%, Test: 60.09%
Run: 09, Epoch: 26, Train: 69.10%, Valid: 61.28%, Test: 59.07%
Run: 09, Epoch: 27, Train: 69.15%, Valid: 62.49%, Test: 60.41%
Run: 09, Epoch: 28, Train: 69.16%, Valid: 63.42%, Test: 60.92%
Run: 09, Epoch: 29, Train: 69.94%, Valid: 62.48%, Test: 60.25%
Run: 09, Epoch: 30, Train: 70.41%, Valid: 63.33%, Test: 60.44%
Run 09:
Highest Train: 70.41
Highest Valid: 64.19
  Final Train: 67.98
   Final Test: 61.09
Run: 10, Epoch: 01, Train: 59.45%, Valid: 55.78%, Test: 53.85%
Run: 10, Epoch: 02, Train: 61.45%, Valid: 57.15%, Test: 56.05%
Run: 10, Epoch: 03, Train: 61.93%, Valid: 58.77%, Test: 55.98%
Run: 10, Epoch: 04, Train: 62.94%, Valid: 59.34%, Test: 57.65%
Run: 10, Epoch: 05, Train: 63.64%, Valid: 60.43%, Test: 57.53%
Run: 10, Epoch: 06, Train: 63.04%, Valid: 57.67%, Test: 56.77%
Run: 10, Epoch: 07, Train: 64.13%, Valid: 58.86%, Test: 57.43%
Run: 10, Epoch: 08, Train: 64.33%, Valid: 62.69%, Test: 59.31%
Run: 10, Epoch: 09, Train: 65.16%, Valid: 63.15%, Test: 60.32%
Run: 10, Epoch: 10, Train: 65.03%, Valid: 64.67%, Test: 61.45%
Run: 10, Epoch: 11, Train: 66.28%, Valid: 61.45%, Test: 59.47%
Run: 10, Epoch: 12, Train: 66.59%, Valid: 62.83%, Test: 60.15%
Run: 10, Epoch: 13, Train: 66.00%, Valid: 60.65%, Test: 58.62%
Run: 10, Epoch: 14, Train: 67.03%, Valid: 62.92%, Test: 59.99%
Run: 10, Epoch: 15, Train: 67.51%, Valid: 60.84%, Test: 58.56%
Run: 10, Epoch: 16, Train: 67.41%, Valid: 64.26%, Test: 61.11%
Run: 10, Epoch: 17, Train: 68.18%, Valid: 62.70%, Test: 60.35%
Run: 10, Epoch: 18, Train: 67.77%, Valid: 61.83%, Test: 60.00%
Run: 10, Epoch: 19, Train: 68.67%, Valid: 62.67%, Test: 60.13%
Run: 10, Epoch: 20, Train: 68.65%, Valid: 61.83%, Test: 59.71%
Run: 10, Epoch: 21, Train: 67.86%, Valid: 61.37%, Test: 59.76%
Run: 10, Epoch: 22, Train: 68.26%, Valid: 63.72%, Test: 60.37%
Run: 10, Epoch: 23, Train: 69.20%, Valid: 62.38%, Test: 59.77%
Run: 10, Epoch: 24, Train: 69.07%, Valid: 62.32%, Test: 59.68%
Run: 10, Epoch: 25, Train: 69.09%, Valid: 64.22%, Test: 61.21%
Run: 10, Epoch: 26, Train: 68.49%, Valid: 64.24%, Test: 61.58%
Run: 10, Epoch: 27, Train: 69.57%, Valid: 62.44%, Test: 60.27%
Run: 10, Epoch: 28, Train: 69.20%, Valid: 61.47%, Test: 59.72%
Run: 10, Epoch: 29, Train: 69.61%, Valid: 62.26%, Test: 60.10%
Run: 10, Epoch: 30, Train: 69.77%, Valid: 62.54%, Test: 59.96%
Run 10:
Highest Train: 69.77
Highest Valid: 64.67
  Final Train: 65.03
   Final Test: 61.45
All runs:
Highest Train: 69.79 ± 0.32
Highest Valid: 64.29 ± 0.31
  Final Train: 68.55 ± 1.58
   Final Test: 61.37 ± 0.36
