Namespace(device=0, log_steps=1, use_node_embedding=False, use_sgc_embedding=True, num_sgc_iterations=3, num_layers=3, hidden_channels=256, dropout=0, lr=0.01, batch_size=256, epochs=30, runs=10, rsv=0.275)
Run: 01, Epoch: 01, Train: 60.49%, Valid: 55.85%, Test: 54.45%
Run: 01, Epoch: 02, Train: 62.87%, Valid: 59.50%, Test: 57.88%
Run: 01, Epoch: 03, Train: 63.85%, Valid: 62.33%, Test: 59.35%
Run: 01, Epoch: 04, Train: 63.48%, Valid: 62.17%, Test: 59.32%
Run: 01, Epoch: 05, Train: 64.35%, Valid: 60.15%, Test: 59.02%
Run: 01, Epoch: 06, Train: 64.80%, Valid: 62.40%, Test: 59.63%
Run: 01, Epoch: 07, Train: 64.42%, Valid: 63.45%, Test: 60.55%
Run: 01, Epoch: 08, Train: 65.88%, Valid: 62.85%, Test: 60.11%
Run: 01, Epoch: 09, Train: 64.95%, Valid: 64.14%, Test: 60.65%
Run: 01, Epoch: 10, Train: 65.95%, Valid: 62.56%, Test: 60.09%
Run: 01, Epoch: 11, Train: 66.90%, Valid: 62.74%, Test: 60.15%
Run: 01, Epoch: 12, Train: 66.43%, Valid: 62.31%, Test: 60.41%
Run: 01, Epoch: 13, Train: 65.95%, Valid: 63.51%, Test: 60.59%
Run: 01, Epoch: 14, Train: 67.42%, Valid: 62.28%, Test: 60.51%
Run: 01, Epoch: 15, Train: 66.46%, Valid: 60.10%, Test: 58.75%
Run: 01, Epoch: 16, Train: 66.85%, Valid: 65.07%, Test: 62.27%
Run: 01, Epoch: 17, Train: 67.78%, Valid: 64.76%, Test: 61.77%
Run: 01, Epoch: 18, Train: 67.92%, Valid: 64.25%, Test: 61.72%
Run: 01, Epoch: 19, Train: 68.43%, Valid: 63.55%, Test: 61.03%
Run: 01, Epoch: 20, Train: 67.82%, Valid: 62.37%, Test: 60.50%
Run: 01, Epoch: 21, Train: 68.44%, Valid: 63.96%, Test: 61.34%
Run: 01, Epoch: 22, Train: 67.77%, Valid: 64.69%, Test: 61.73%
Run: 01, Epoch: 23, Train: 68.23%, Valid: 62.77%, Test: 60.62%
Run: 01, Epoch: 24, Train: 68.32%, Valid: 64.42%, Test: 61.59%
Run: 01, Epoch: 25, Train: 68.89%, Valid: 63.11%, Test: 60.69%
Run: 01, Epoch: 26, Train: 68.95%, Valid: 62.55%, Test: 60.65%
Run: 01, Epoch: 27, Train: 69.33%, Valid: 64.14%, Test: 61.40%
Run: 01, Epoch: 28, Train: 69.26%, Valid: 64.81%, Test: 61.98%
Run: 01, Epoch: 29, Train: 69.15%, Valid: 63.27%, Test: 60.89%
Run: 01, Epoch: 30, Train: 68.83%, Valid: 64.37%, Test: 61.34%
Run 01:
Highest Train: 69.33
Highest Valid: 65.07
  Final Train: 66.85
   Final Test: 62.27
Run: 02, Epoch: 01, Train: 60.12%, Valid: 58.31%, Test: 55.71%
Run: 02, Epoch: 02, Train: 61.62%, Valid: 56.23%, Test: 54.69%
Run: 02, Epoch: 03, Train: 63.79%, Valid: 61.14%, Test: 59.24%
Run: 02, Epoch: 04, Train: 64.22%, Valid: 61.83%, Test: 60.14%
Run: 02, Epoch: 05, Train: 64.81%, Valid: 63.45%, Test: 60.59%
Run: 02, Epoch: 06, Train: 64.99%, Valid: 63.42%, Test: 60.77%
Run: 02, Epoch: 07, Train: 65.87%, Valid: 61.74%, Test: 58.53%
Run: 02, Epoch: 08, Train: 64.99%, Valid: 63.90%, Test: 61.09%
Run: 02, Epoch: 09, Train: 66.59%, Valid: 63.20%, Test: 61.11%
Run: 02, Epoch: 10, Train: 65.67%, Valid: 64.51%, Test: 61.34%
Run: 02, Epoch: 11, Train: 67.06%, Valid: 63.09%, Test: 61.08%
Run: 02, Epoch: 12, Train: 66.93%, Valid: 64.19%, Test: 61.19%
Run: 02, Epoch: 13, Train: 67.35%, Valid: 63.33%, Test: 61.08%
Run: 02, Epoch: 14, Train: 67.17%, Valid: 62.43%, Test: 60.00%
Run: 02, Epoch: 15, Train: 67.16%, Valid: 63.94%, Test: 61.53%
Run: 02, Epoch: 16, Train: 67.60%, Valid: 63.00%, Test: 61.25%
Run: 02, Epoch: 17, Train: 67.85%, Valid: 64.28%, Test: 61.57%
Run: 02, Epoch: 18, Train: 67.83%, Valid: 64.48%, Test: 61.59%
Run: 02, Epoch: 19, Train: 68.10%, Valid: 62.02%, Test: 60.18%
Run: 02, Epoch: 20, Train: 68.54%, Valid: 64.21%, Test: 61.41%
Run: 02, Epoch: 21, Train: 68.35%, Valid: 62.53%, Test: 60.31%
Run: 02, Epoch: 22, Train: 68.26%, Valid: 62.35%, Test: 59.84%
Run: 02, Epoch: 23, Train: 68.93%, Valid: 63.36%, Test: 60.71%
Run: 02, Epoch: 24, Train: 68.92%, Valid: 64.63%, Test: 61.53%
Run: 02, Epoch: 25, Train: 68.77%, Valid: 64.17%, Test: 61.75%
Run: 02, Epoch: 26, Train: 68.18%, Valid: 64.67%, Test: 61.45%
Run: 02, Epoch: 27, Train: 68.92%, Valid: 62.14%, Test: 59.95%
Run: 02, Epoch: 28, Train: 68.48%, Valid: 63.24%, Test: 60.19%
Run: 02, Epoch: 29, Train: 69.59%, Valid: 63.68%, Test: 61.71%
Run: 02, Epoch: 30, Train: 69.52%, Valid: 63.96%, Test: 61.62%
Run 02:
Highest Train: 69.59
Highest Valid: 64.67
  Final Train: 68.18
   Final Test: 61.45
Run: 03, Epoch: 01, Train: 59.35%, Valid: 55.70%, Test: 53.27%
Run: 03, Epoch: 02, Train: 61.27%, Valid: 57.62%, Test: 55.95%
Run: 03, Epoch: 03, Train: 63.04%, Valid: 59.08%, Test: 56.82%
Run: 03, Epoch: 04, Train: 63.52%, Valid: 59.40%, Test: 57.74%
Run: 03, Epoch: 05, Train: 63.46%, Valid: 60.84%, Test: 58.58%
Run: 03, Epoch: 06, Train: 64.67%, Valid: 61.74%, Test: 59.65%
Run: 03, Epoch: 07, Train: 65.61%, Valid: 63.85%, Test: 61.13%
Run: 03, Epoch: 08, Train: 65.73%, Valid: 63.08%, Test: 60.95%
Run: 03, Epoch: 09, Train: 65.68%, Valid: 63.60%, Test: 60.07%
Run: 03, Epoch: 10, Train: 66.44%, Valid: 63.94%, Test: 61.26%
Run: 03, Epoch: 11, Train: 66.08%, Valid: 60.51%, Test: 59.16%
Run: 03, Epoch: 12, Train: 66.84%, Valid: 64.84%, Test: 61.67%
Run: 03, Epoch: 13, Train: 66.50%, Valid: 61.29%, Test: 59.79%
Run: 03, Epoch: 14, Train: 67.22%, Valid: 63.96%, Test: 60.90%
Run: 03, Epoch: 15, Train: 67.40%, Valid: 64.20%, Test: 60.89%
Run: 03, Epoch: 16, Train: 67.87%, Valid: 63.65%, Test: 60.17%
Run: 03, Epoch: 17, Train: 67.96%, Valid: 63.70%, Test: 61.33%
Run: 03, Epoch: 18, Train: 67.62%, Valid: 64.23%, Test: 61.31%
Run: 03, Epoch: 19, Train: 67.39%, Valid: 62.83%, Test: 60.34%
Run: 03, Epoch: 20, Train: 68.28%, Valid: 63.96%, Test: 61.70%
Run: 03, Epoch: 21, Train: 68.58%, Valid: 63.52%, Test: 61.42%
Run: 03, Epoch: 22, Train: 68.70%, Valid: 64.30%, Test: 61.36%
Run: 03, Epoch: 23, Train: 68.83%, Valid: 63.37%, Test: 60.68%
Run: 03, Epoch: 24, Train: 68.65%, Valid: 62.89%, Test: 60.63%
Run: 03, Epoch: 25, Train: 68.57%, Valid: 64.94%, Test: 61.91%
Run: 03, Epoch: 26, Train: 68.73%, Valid: 62.85%, Test: 60.45%
Run: 03, Epoch: 27, Train: 69.61%, Valid: 63.12%, Test: 61.36%
Run: 03, Epoch: 28, Train: 69.17%, Valid: 63.30%, Test: 61.24%
Run: 03, Epoch: 29, Train: 69.00%, Valid: 64.79%, Test: 61.68%
Run: 03, Epoch: 30, Train: 68.30%, Valid: 64.34%, Test: 60.99%
Run 03:
Highest Train: 69.61
Highest Valid: 64.94
  Final Train: 68.57
   Final Test: 61.91
Run: 04, Epoch: 01, Train: 59.90%, Valid: 55.72%, Test: 53.66%
Run: 04, Epoch: 02, Train: 62.48%, Valid: 60.74%, Test: 58.12%
Run: 04, Epoch: 03, Train: 63.42%, Valid: 62.55%, Test: 59.92%
Run: 04, Epoch: 04, Train: 63.00%, Valid: 62.60%, Test: 58.82%
Run: 04, Epoch: 05, Train: 64.59%, Valid: 62.13%, Test: 59.80%
Run: 04, Epoch: 06, Train: 65.19%, Valid: 61.08%, Test: 59.24%
Run: 04, Epoch: 07, Train: 65.45%, Valid: 63.75%, Test: 61.31%
Run: 04, Epoch: 08, Train: 65.98%, Valid: 63.95%, Test: 61.45%
Run: 04, Epoch: 09, Train: 66.00%, Valid: 63.67%, Test: 61.02%
Run: 04, Epoch: 10, Train: 66.38%, Valid: 63.63%, Test: 61.15%
Run: 04, Epoch: 11, Train: 66.46%, Valid: 63.96%, Test: 60.98%
Run: 04, Epoch: 12, Train: 65.86%, Valid: 59.87%, Test: 58.33%
Run: 04, Epoch: 13, Train: 67.49%, Valid: 63.84%, Test: 61.27%
Run: 04, Epoch: 14, Train: 67.34%, Valid: 63.04%, Test: 59.91%
Run: 04, Epoch: 15, Train: 68.12%, Valid: 64.58%, Test: 61.92%
Run: 04, Epoch: 16, Train: 67.21%, Valid: 62.80%, Test: 60.29%
Run: 04, Epoch: 17, Train: 66.67%, Valid: 59.80%, Test: 58.11%
Run: 04, Epoch: 18, Train: 67.57%, Valid: 62.46%, Test: 60.26%
Run: 04, Epoch: 19, Train: 68.14%, Valid: 63.79%, Test: 61.21%
Run: 04, Epoch: 20, Train: 66.97%, Valid: 60.50%, Test: 59.33%
Run: 04, Epoch: 21, Train: 68.29%, Valid: 64.76%, Test: 61.78%
Run: 04, Epoch: 22, Train: 68.24%, Valid: 63.28%, Test: 60.70%
Run: 04, Epoch: 23, Train: 69.06%, Valid: 64.48%, Test: 61.40%
Run: 04, Epoch: 24, Train: 68.61%, Valid: 64.23%, Test: 61.22%
Run: 04, Epoch: 25, Train: 68.89%, Valid: 63.77%, Test: 60.98%
Run: 04, Epoch: 26, Train: 68.69%, Valid: 64.89%, Test: 61.32%
Run: 04, Epoch: 27, Train: 68.61%, Valid: 62.70%, Test: 60.44%
Run: 04, Epoch: 28, Train: 69.16%, Valid: 62.92%, Test: 60.46%
Run: 04, Epoch: 29, Train: 68.91%, Valid: 63.88%, Test: 61.19%
Run: 04, Epoch: 30, Train: 68.99%, Valid: 64.62%, Test: 61.38%
Run 04:
Highest Train: 69.16
Highest Valid: 64.89
  Final Train: 68.69
   Final Test: 61.32
Run: 05, Epoch: 01, Train: 60.92%, Valid: 59.99%, Test: 57.15%
Run: 05, Epoch: 02, Train: 60.96%, Valid: 56.14%, Test: 55.10%
Run: 05, Epoch: 03, Train: 62.06%, Valid: 60.70%, Test: 58.81%
Run: 05, Epoch: 04, Train: 64.21%, Valid: 62.41%, Test: 59.80%
Run: 05, Epoch: 05, Train: 65.06%, Valid: 63.59%, Test: 61.17%
Run: 05, Epoch: 06, Train: 65.63%, Valid: 62.58%, Test: 59.74%
Run: 05, Epoch: 07, Train: 65.70%, Valid: 62.43%, Test: 60.50%
Run: 05, Epoch: 08, Train: 65.51%, Valid: 63.83%, Test: 61.02%
Run: 05, Epoch: 09, Train: 66.12%, Valid: 62.00%, Test: 58.50%
Run: 05, Epoch: 10, Train: 66.19%, Valid: 62.52%, Test: 60.69%
Run: 05, Epoch: 11, Train: 66.93%, Valid: 64.34%, Test: 61.76%
Run: 05, Epoch: 12, Train: 67.03%, Valid: 63.43%, Test: 61.30%
Run: 05, Epoch: 13, Train: 66.45%, Valid: 63.81%, Test: 61.39%
Run: 05, Epoch: 14, Train: 65.60%, Valid: 59.18%, Test: 58.45%
Run: 05, Epoch: 15, Train: 67.64%, Valid: 64.58%, Test: 61.68%
Run: 05, Epoch: 16, Train: 67.62%, Valid: 63.11%, Test: 60.39%
Run: 05, Epoch: 17, Train: 68.18%, Valid: 63.39%, Test: 61.14%
Run: 05, Epoch: 18, Train: 67.59%, Valid: 64.75%, Test: 61.70%
Run: 05, Epoch: 19, Train: 68.05%, Valid: 62.83%, Test: 60.85%
Run: 05, Epoch: 20, Train: 68.43%, Valid: 64.52%, Test: 61.56%
Run: 05, Epoch: 21, Train: 67.97%, Valid: 63.96%, Test: 61.42%
Run: 05, Epoch: 22, Train: 68.24%, Valid: 64.55%, Test: 61.63%
Run: 05, Epoch: 23, Train: 68.71%, Valid: 63.66%, Test: 60.98%
Run: 05, Epoch: 24, Train: 68.56%, Valid: 63.19%, Test: 60.11%
Run: 05, Epoch: 25, Train: 68.56%, Valid: 62.03%, Test: 60.39%
Run: 05, Epoch: 26, Train: 68.83%, Valid: 63.60%, Test: 60.15%
Run: 05, Epoch: 27, Train: 69.02%, Valid: 62.36%, Test: 60.76%
Run: 05, Epoch: 28, Train: 69.40%, Valid: 63.37%, Test: 61.18%
Run: 05, Epoch: 29, Train: 68.95%, Valid: 64.70%, Test: 61.48%
Run: 05, Epoch: 30, Train: 68.97%, Valid: 64.18%, Test: 61.36%
Run 05:
Highest Train: 69.40
Highest Valid: 64.75
  Final Train: 67.59
   Final Test: 61.70
Run: 06, Epoch: 01, Train: 59.51%, Valid: 55.46%, Test: 54.61%
Run: 06, Epoch: 02, Train: 62.24%, Valid: 60.20%, Test: 58.48%
Run: 06, Epoch: 03, Train: 63.70%, Valid: 61.64%, Test: 58.65%
Run: 06, Epoch: 04, Train: 64.11%, Valid: 59.43%, Test: 58.62%
Run: 06, Epoch: 05, Train: 64.66%, Valid: 62.16%, Test: 60.07%
Run: 06, Epoch: 06, Train: 64.27%, Valid: 59.34%, Test: 58.12%
Run: 06, Epoch: 07, Train: 64.49%, Valid: 59.51%, Test: 58.42%
Run: 06, Epoch: 08, Train: 65.37%, Valid: 64.31%, Test: 61.11%
Run: 06, Epoch: 09, Train: 66.13%, Valid: 62.20%, Test: 60.43%
Run: 06, Epoch: 10, Train: 65.45%, Valid: 59.50%, Test: 58.09%
Run: 06, Epoch: 11, Train: 66.60%, Valid: 63.73%, Test: 60.67%
Run: 06, Epoch: 12, Train: 66.86%, Valid: 63.17%, Test: 59.27%
Run: 06, Epoch: 13, Train: 66.98%, Valid: 62.39%, Test: 60.05%
Run: 06, Epoch: 14, Train: 66.39%, Valid: 63.82%, Test: 60.81%
Run: 06, Epoch: 15, Train: 67.54%, Valid: 64.28%, Test: 61.52%
Run: 06, Epoch: 16, Train: 67.16%, Valid: 62.66%, Test: 60.60%
Run: 06, Epoch: 17, Train: 67.94%, Valid: 63.58%, Test: 60.74%
Run: 06, Epoch: 18, Train: 67.87%, Valid: 62.97%, Test: 60.51%
Run: 06, Epoch: 19, Train: 67.34%, Valid: 62.59%, Test: 60.22%
Run: 06, Epoch: 20, Train: 68.31%, Valid: 63.33%, Test: 61.48%
Run: 06, Epoch: 21, Train: 68.28%, Valid: 64.80%, Test: 62.02%
Run: 06, Epoch: 22, Train: 68.73%, Valid: 63.74%, Test: 60.99%
Run: 06, Epoch: 23, Train: 68.43%, Valid: 64.11%, Test: 60.71%
Run: 06, Epoch: 24, Train: 68.88%, Valid: 64.02%, Test: 61.47%
Run: 06, Epoch: 25, Train: 69.01%, Valid: 64.03%, Test: 61.53%
Run: 06, Epoch: 26, Train: 69.10%, Valid: 63.27%, Test: 60.45%
Run: 06, Epoch: 27, Train: 69.08%, Valid: 64.14%, Test: 61.45%
Run: 06, Epoch: 28, Train: 69.06%, Valid: 62.95%, Test: 60.84%
Run: 06, Epoch: 29, Train: 69.49%, Valid: 64.19%, Test: 61.76%
Run: 06, Epoch: 30, Train: 69.94%, Valid: 64.59%, Test: 61.59%
Run 06:
Highest Train: 69.94
Highest Valid: 64.80
  Final Train: 68.28
   Final Test: 62.02
Run: 07, Epoch: 01, Train: 60.39%, Valid: 62.05%, Test: 58.67%
Run: 07, Epoch: 02, Train: 61.89%, Valid: 58.27%, Test: 56.99%
Run: 07, Epoch: 03, Train: 63.17%, Valid: 59.93%, Test: 58.12%
Run: 07, Epoch: 04, Train: 64.12%, Valid: 60.69%, Test: 59.05%
Run: 07, Epoch: 05, Train: 64.91%, Valid: 61.76%, Test: 59.61%
Run: 07, Epoch: 06, Train: 64.53%, Valid: 59.87%, Test: 58.42%
Run: 07, Epoch: 07, Train: 65.53%, Valid: 63.08%, Test: 60.69%
Run: 07, Epoch: 08, Train: 65.74%, Valid: 62.44%, Test: 60.15%
Run: 07, Epoch: 09, Train: 66.40%, Valid: 63.33%, Test: 60.63%
Run: 07, Epoch: 10, Train: 66.21%, Valid: 63.83%, Test: 60.52%
Run: 07, Epoch: 11, Train: 66.42%, Valid: 63.06%, Test: 59.98%
Run: 07, Epoch: 12, Train: 66.96%, Valid: 63.93%, Test: 61.37%
Run: 07, Epoch: 13, Train: 66.93%, Valid: 63.38%, Test: 60.32%
Run: 07, Epoch: 14, Train: 67.35%, Valid: 62.59%, Test: 60.43%
Run: 07, Epoch: 15, Train: 67.19%, Valid: 64.47%, Test: 60.81%
Run: 07, Epoch: 16, Train: 67.87%, Valid: 64.48%, Test: 61.69%
Run: 07, Epoch: 17, Train: 66.38%, Valid: 59.50%, Test: 59.04%
Run: 07, Epoch: 18, Train: 67.80%, Valid: 64.84%, Test: 61.21%
Run: 07, Epoch: 19, Train: 67.10%, Valid: 60.72%, Test: 59.08%
Run: 07, Epoch: 20, Train: 68.21%, Valid: 63.88%, Test: 61.05%
Run: 07, Epoch: 21, Train: 68.19%, Valid: 63.39%, Test: 61.02%
Run: 07, Epoch: 22, Train: 68.22%, Valid: 62.88%, Test: 60.72%
Run: 07, Epoch: 23, Train: 68.24%, Valid: 62.38%, Test: 60.41%
Run: 07, Epoch: 24, Train: 69.08%, Valid: 63.57%, Test: 61.27%
Run: 07, Epoch: 25, Train: 68.49%, Valid: 63.48%, Test: 60.52%
Run: 07, Epoch: 26, Train: 68.13%, Valid: 63.92%, Test: 60.88%
Run: 07, Epoch: 27, Train: 68.49%, Valid: 62.82%, Test: 60.48%
Run: 07, Epoch: 28, Train: 69.12%, Valid: 62.89%, Test: 60.98%
Run: 07, Epoch: 29, Train: 69.48%, Valid: 63.74%, Test: 61.15%
Run: 07, Epoch: 30, Train: 69.26%, Valid: 64.14%, Test: 61.54%
Run 07:
Highest Train: 69.48
Highest Valid: 64.84
  Final Train: 67.80
   Final Test: 61.21
Run: 08, Epoch: 01, Train: 61.64%, Valid: 59.28%, Test: 57.27%
Run: 08, Epoch: 02, Train: 62.51%, Valid: 59.30%, Test: 56.91%
Run: 08, Epoch: 03, Train: 62.98%, Valid: 59.73%, Test: 57.91%
Run: 08, Epoch: 04, Train: 64.22%, Valid: 61.11%, Test: 59.01%
Run: 08, Epoch: 05, Train: 64.68%, Valid: 62.15%, Test: 59.79%
Run: 08, Epoch: 06, Train: 64.60%, Valid: 62.53%, Test: 60.15%
Run: 08, Epoch: 07, Train: 64.66%, Valid: 61.15%, Test: 58.18%
Run: 08, Epoch: 08, Train: 66.04%, Valid: 63.18%, Test: 59.63%
Run: 08, Epoch: 09, Train: 66.16%, Valid: 62.78%, Test: 60.44%
Run: 08, Epoch: 10, Train: 66.39%, Valid: 63.81%, Test: 61.01%
Run: 08, Epoch: 11, Train: 66.57%, Valid: 63.28%, Test: 60.81%
Run: 08, Epoch: 12, Train: 66.40%, Valid: 64.01%, Test: 61.15%
Run: 08, Epoch: 13, Train: 65.85%, Valid: 62.65%, Test: 60.20%
Run: 08, Epoch: 14, Train: 66.51%, Valid: 63.05%, Test: 60.71%
Run: 08, Epoch: 15, Train: 67.34%, Valid: 61.79%, Test: 59.93%
Run: 08, Epoch: 16, Train: 67.87%, Valid: 64.72%, Test: 61.64%
Run: 08, Epoch: 17, Train: 67.91%, Valid: 64.01%, Test: 61.45%
Run: 08, Epoch: 18, Train: 68.30%, Valid: 64.25%, Test: 61.59%
Run: 08, Epoch: 19, Train: 67.96%, Valid: 62.48%, Test: 60.59%
Run: 08, Epoch: 20, Train: 67.76%, Valid: 64.57%, Test: 61.77%
Run: 08, Epoch: 21, Train: 68.72%, Valid: 64.20%, Test: 61.81%
Run: 08, Epoch: 22, Train: 68.89%, Valid: 63.19%, Test: 60.53%
Run: 08, Epoch: 23, Train: 68.44%, Valid: 64.28%, Test: 61.61%
Run: 08, Epoch: 24, Train: 68.95%, Valid: 63.71%, Test: 60.96%
Run: 08, Epoch: 25, Train: 67.66%, Valid: 60.30%, Test: 58.71%
Run: 08, Epoch: 26, Train: 68.96%, Valid: 63.90%, Test: 61.13%
Run: 08, Epoch: 27, Train: 68.84%, Valid: 62.93%, Test: 59.73%
Run: 08, Epoch: 28, Train: 69.42%, Valid: 63.76%, Test: 61.34%
Run: 08, Epoch: 29, Train: 68.95%, Valid: 64.93%, Test: 62.13%
Run: 08, Epoch: 30, Train: 69.56%, Valid: 64.57%, Test: 61.80%
Run 08:
Highest Train: 69.56
Highest Valid: 64.93
  Final Train: 68.95
   Final Test: 62.13
Run: 09, Epoch: 01, Train: 59.55%, Valid: 59.07%, Test: 56.48%
Run: 09, Epoch: 02, Train: 62.92%, Valid: 62.13%, Test: 59.49%
Run: 09, Epoch: 03, Train: 63.06%, Valid: 58.52%, Test: 55.82%
Run: 09, Epoch: 04, Train: 64.08%, Valid: 59.29%, Test: 56.74%
Run: 09, Epoch: 05, Train: 64.14%, Valid: 60.97%, Test: 59.15%
Run: 09, Epoch: 06, Train: 64.94%, Valid: 63.83%, Test: 61.38%
Run: 09, Epoch: 07, Train: 65.38%, Valid: 61.60%, Test: 59.08%
Run: 09, Epoch: 08, Train: 65.25%, Valid: 62.41%, Test: 60.11%
Run: 09, Epoch: 09, Train: 65.92%, Valid: 62.72%, Test: 60.13%
Run: 09, Epoch: 10, Train: 66.43%, Valid: 63.36%, Test: 59.89%
Run: 09, Epoch: 11, Train: 67.04%, Valid: 64.06%, Test: 61.53%
Run: 09, Epoch: 12, Train: 66.05%, Valid: 61.53%, Test: 59.91%
Run: 09, Epoch: 13, Train: 66.98%, Valid: 63.44%, Test: 60.80%
Run: 09, Epoch: 14, Train: 66.80%, Valid: 62.07%, Test: 59.74%
Run: 09, Epoch: 15, Train: 67.76%, Valid: 62.35%, Test: 59.73%
Run: 09, Epoch: 16, Train: 67.37%, Valid: 64.32%, Test: 60.62%
Run: 09, Epoch: 17, Train: 67.13%, Valid: 61.47%, Test: 58.93%
Run: 09, Epoch: 18, Train: 68.21%, Valid: 63.40%, Test: 60.78%
Run: 09, Epoch: 19, Train: 68.28%, Valid: 63.58%, Test: 61.09%
Run: 09, Epoch: 20, Train: 68.42%, Valid: 64.91%, Test: 61.94%
Run: 09, Epoch: 21, Train: 68.53%, Valid: 63.62%, Test: 61.12%
Run: 09, Epoch: 22, Train: 68.94%, Valid: 64.17%, Test: 61.36%
Run: 09, Epoch: 23, Train: 68.70%, Valid: 64.48%, Test: 61.89%
Run: 09, Epoch: 24, Train: 69.15%, Valid: 63.90%, Test: 61.03%
Run: 09, Epoch: 25, Train: 68.91%, Valid: 63.38%, Test: 60.72%
Run: 09, Epoch: 26, Train: 69.38%, Valid: 64.21%, Test: 61.16%
Run: 09, Epoch: 27, Train: 69.56%, Valid: 64.10%, Test: 61.11%
Run: 09, Epoch: 28, Train: 69.29%, Valid: 64.54%, Test: 61.75%
Run: 09, Epoch: 29, Train: 69.18%, Valid: 63.76%, Test: 60.90%
Run: 09, Epoch: 30, Train: 69.40%, Valid: 62.95%, Test: 60.32%
Run 09:
Highest Train: 69.56
Highest Valid: 64.91
  Final Train: 68.42
   Final Test: 61.94
Run: 10, Epoch: 01, Train: 59.71%, Valid: 57.66%, Test: 55.46%
Run: 10, Epoch: 02, Train: 62.84%, Valid: 60.62%, Test: 58.54%
Run: 10, Epoch: 03, Train: 62.95%, Valid: 60.59%, Test: 58.13%
Run: 10, Epoch: 04, Train: 63.90%, Valid: 60.62%, Test: 57.92%
Run: 10, Epoch: 05, Train: 64.85%, Valid: 61.00%, Test: 58.35%
Run: 10, Epoch: 06, Train: 64.35%, Valid: 60.57%, Test: 58.71%
Run: 10, Epoch: 07, Train: 65.49%, Valid: 63.35%, Test: 60.62%
Run: 10, Epoch: 08, Train: 65.98%, Valid: 63.71%, Test: 60.91%
Run: 10, Epoch: 09, Train: 66.03%, Valid: 61.86%, Test: 59.33%
Run: 10, Epoch: 10, Train: 66.06%, Valid: 61.03%, Test: 59.28%
Run: 10, Epoch: 11, Train: 66.57%, Valid: 62.67%, Test: 59.95%
Run: 10, Epoch: 12, Train: 66.66%, Valid: 62.42%, Test: 60.27%
Run: 10, Epoch: 13, Train: 66.80%, Valid: 64.57%, Test: 61.17%
Run: 10, Epoch: 14, Train: 67.03%, Valid: 61.80%, Test: 59.98%
Run: 10, Epoch: 15, Train: 68.13%, Valid: 63.48%, Test: 61.43%
Run: 10, Epoch: 16, Train: 67.60%, Valid: 62.84%, Test: 60.63%
Run: 10, Epoch: 17, Train: 67.89%, Valid: 63.34%, Test: 60.36%
Run: 10, Epoch: 18, Train: 67.56%, Valid: 61.49%, Test: 59.80%
Run: 10, Epoch: 19, Train: 67.14%, Valid: 60.81%, Test: 59.53%
Run: 10, Epoch: 20, Train: 68.59%, Valid: 64.35%, Test: 61.65%
Run: 10, Epoch: 21, Train: 67.01%, Valid: 64.91%, Test: 61.95%
Run: 10, Epoch: 22, Train: 68.42%, Valid: 64.34%, Test: 61.45%
Run: 10, Epoch: 23, Train: 68.87%, Valid: 63.01%, Test: 60.93%
Run: 10, Epoch: 24, Train: 68.71%, Valid: 63.90%, Test: 60.27%
Run: 10, Epoch: 25, Train: 69.31%, Valid: 63.89%, Test: 60.79%
Run: 10, Epoch: 26, Train: 68.79%, Valid: 61.92%, Test: 60.27%
Run: 10, Epoch: 27, Train: 69.20%, Valid: 63.32%, Test: 60.92%
Run: 10, Epoch: 28, Train: 69.14%, Valid: 64.92%, Test: 61.70%
Run: 10, Epoch: 29, Train: 69.22%, Valid: 63.18%, Test: 60.82%
Run: 10, Epoch: 30, Train: 69.60%, Valid: 64.12%, Test: 61.40%
Run 10:
Highest Train: 69.60
Highest Valid: 64.92
  Final Train: 69.14
   Final Test: 61.70
All runs:
Highest Train: 69.52 ± 0.21
Highest Valid: 64.87 ± 0.11
  Final Train: 68.25 ± 0.68
   Final Test: 61.77 ± 0.35
