Namespace(device=0, log_steps=1, use_node_embedding=False, use_sgc_embedding=True, num_sgc_iterations=3, num_layers=3, hidden_channels=256, dropout=0, lr=0.01, batch_size=256, epochs=30, runs=10, rsv=0.3)
Run: 01, Epoch: 01, Train: 61.05%, Valid: 61.30%, Test: 58.00%
Run: 01, Epoch: 02, Train: 61.81%, Valid: 62.23%, Test: 59.49%
Run: 01, Epoch: 03, Train: 63.23%, Valid: 61.99%, Test: 58.89%
Run: 01, Epoch: 04, Train: 63.84%, Valid: 59.75%, Test: 58.01%
Run: 01, Epoch: 05, Train: 63.94%, Valid: 63.64%, Test: 60.35%
Run: 01, Epoch: 06, Train: 64.71%, Valid: 65.05%, Test: 61.77%
Run: 01, Epoch: 07, Train: 65.42%, Valid: 62.55%, Test: 60.41%
Run: 01, Epoch: 08, Train: 66.06%, Valid: 64.02%, Test: 60.23%
Run: 01, Epoch: 09, Train: 66.25%, Valid: 62.24%, Test: 60.17%
Run: 01, Epoch: 10, Train: 66.69%, Valid: 63.81%, Test: 61.19%
Run: 01, Epoch: 11, Train: 66.14%, Valid: 61.29%, Test: 59.80%
Run: 01, Epoch: 12, Train: 66.87%, Valid: 62.72%, Test: 60.30%
Run: 01, Epoch: 13, Train: 66.79%, Valid: 64.45%, Test: 61.20%
Run: 01, Epoch: 14, Train: 67.45%, Valid: 63.97%, Test: 61.60%
Run: 01, Epoch: 15, Train: 67.55%, Valid: 62.66%, Test: 60.76%
Run: 01, Epoch: 16, Train: 67.68%, Valid: 63.04%, Test: 59.98%
Run: 01, Epoch: 17, Train: 67.03%, Valid: 60.58%, Test: 58.23%
Run: 01, Epoch: 18, Train: 68.31%, Valid: 64.30%, Test: 61.31%
Run: 01, Epoch: 19, Train: 68.45%, Valid: 64.29%, Test: 61.37%
Run: 01, Epoch: 20, Train: 68.30%, Valid: 63.26%, Test: 60.39%
Run: 01, Epoch: 21, Train: 68.43%, Valid: 64.30%, Test: 61.27%
Run: 01, Epoch: 22, Train: 68.64%, Valid: 65.14%, Test: 61.82%
Run: 01, Epoch: 23, Train: 68.51%, Valid: 62.39%, Test: 60.49%
Run: 01, Epoch: 24, Train: 68.43%, Valid: 62.69%, Test: 60.43%
Run: 01, Epoch: 25, Train: 66.66%, Valid: 60.01%, Test: 58.53%
Run: 01, Epoch: 26, Train: 68.80%, Valid: 64.22%, Test: 61.31%
Run: 01, Epoch: 27, Train: 69.00%, Valid: 62.68%, Test: 60.61%
Run: 01, Epoch: 28, Train: 69.25%, Valid: 64.17%, Test: 61.63%
Run: 01, Epoch: 29, Train: 69.27%, Valid: 63.05%, Test: 60.72%
Run: 01, Epoch: 30, Train: 69.09%, Valid: 65.02%, Test: 61.94%
Run 01:
Highest Train: 69.27
Highest Valid: 65.14
  Final Train: 68.64
   Final Test: 61.82
Run: 02, Epoch: 01, Train: 60.96%, Valid: 61.54%, Test: 58.81%
Run: 02, Epoch: 02, Train: 62.05%, Valid: 60.53%, Test: 58.43%
Run: 02, Epoch: 03, Train: 64.04%, Valid: 61.22%, Test: 58.85%
Run: 02, Epoch: 04, Train: 62.61%, Valid: 60.07%, Test: 58.09%
Run: 02, Epoch: 05, Train: 64.40%, Valid: 61.27%, Test: 59.16%
Run: 02, Epoch: 06, Train: 64.83%, Valid: 62.62%, Test: 59.59%
Run: 02, Epoch: 07, Train: 65.57%, Valid: 61.72%, Test: 59.42%
Run: 02, Epoch: 08, Train: 66.17%, Valid: 63.23%, Test: 60.48%
Run: 02, Epoch: 09, Train: 65.66%, Valid: 64.05%, Test: 60.87%
Run: 02, Epoch: 10, Train: 66.30%, Valid: 63.33%, Test: 60.86%
Run: 02, Epoch: 11, Train: 65.93%, Valid: 61.54%, Test: 59.70%
Run: 02, Epoch: 12, Train: 66.85%, Valid: 64.29%, Test: 61.33%
Run: 02, Epoch: 13, Train: 67.19%, Valid: 64.87%, Test: 61.45%
Run: 02, Epoch: 14, Train: 66.74%, Valid: 63.82%, Test: 60.71%
Run: 02, Epoch: 15, Train: 67.21%, Valid: 65.07%, Test: 61.55%
Run: 02, Epoch: 16, Train: 68.00%, Valid: 64.26%, Test: 61.55%
Run: 02, Epoch: 17, Train: 67.67%, Valid: 63.56%, Test: 60.82%
Run: 02, Epoch: 18, Train: 68.24%, Valid: 63.97%, Test: 61.20%
Run: 02, Epoch: 19, Train: 67.76%, Valid: 64.27%, Test: 61.50%
Run: 02, Epoch: 20, Train: 67.24%, Valid: 61.72%, Test: 59.65%
Run: 02, Epoch: 21, Train: 68.53%, Valid: 63.18%, Test: 60.73%
Run: 02, Epoch: 22, Train: 68.74%, Valid: 65.02%, Test: 61.04%
Run: 02, Epoch: 23, Train: 68.63%, Valid: 65.32%, Test: 62.21%
Run: 02, Epoch: 24, Train: 68.97%, Valid: 64.06%, Test: 60.54%
Run: 02, Epoch: 25, Train: 68.69%, Valid: 65.16%, Test: 61.86%
Run: 02, Epoch: 26, Train: 68.33%, Valid: 62.93%, Test: 60.55%
Run: 02, Epoch: 27, Train: 68.80%, Valid: 62.91%, Test: 60.30%
Run: 02, Epoch: 28, Train: 69.18%, Valid: 64.14%, Test: 61.04%
Run: 02, Epoch: 29, Train: 69.50%, Valid: 64.80%, Test: 61.33%
Run: 02, Epoch: 30, Train: 69.72%, Valid: 63.97%, Test: 60.95%
Run 02:
Highest Train: 69.72
Highest Valid: 65.32
  Final Train: 68.63
   Final Test: 62.21
Run: 03, Epoch: 01, Train: 60.44%, Valid: 58.54%, Test: 55.85%
Run: 03, Epoch: 02, Train: 61.89%, Valid: 60.85%, Test: 58.66%
Run: 03, Epoch: 03, Train: 62.45%, Valid: 62.37%, Test: 58.83%
Run: 03, Epoch: 04, Train: 64.42%, Valid: 61.13%, Test: 59.33%
Run: 03, Epoch: 05, Train: 64.22%, Valid: 63.52%, Test: 61.29%
Run: 03, Epoch: 06, Train: 65.06%, Valid: 62.55%, Test: 60.39%
Run: 03, Epoch: 07, Train: 65.05%, Valid: 60.51%, Test: 58.99%
Run: 03, Epoch: 08, Train: 65.93%, Valid: 63.20%, Test: 60.24%
Run: 03, Epoch: 09, Train: 66.27%, Valid: 62.26%, Test: 60.04%
Run: 03, Epoch: 10, Train: 66.19%, Valid: 62.32%, Test: 60.02%
Run: 03, Epoch: 11, Train: 66.80%, Valid: 62.32%, Test: 60.38%
Run: 03, Epoch: 12, Train: 66.96%, Valid: 63.66%, Test: 61.12%
Run: 03, Epoch: 13, Train: 67.32%, Valid: 64.43%, Test: 60.96%
Run: 03, Epoch: 14, Train: 67.38%, Valid: 62.93%, Test: 61.12%
Run: 03, Epoch: 15, Train: 67.54%, Valid: 63.59%, Test: 60.33%
Run: 03, Epoch: 16, Train: 67.96%, Valid: 64.18%, Test: 60.95%
Run: 03, Epoch: 17, Train: 66.25%, Valid: 65.91%, Test: 62.56%
Run: 03, Epoch: 18, Train: 68.09%, Valid: 64.89%, Test: 61.48%
Run: 03, Epoch: 19, Train: 68.11%, Valid: 63.54%, Test: 60.91%
Run: 03, Epoch: 20, Train: 68.36%, Valid: 63.08%, Test: 60.47%
Run: 03, Epoch: 21, Train: 68.07%, Valid: 63.85%, Test: 60.95%
Run: 03, Epoch: 22, Train: 68.59%, Valid: 64.57%, Test: 61.60%
Run: 03, Epoch: 23, Train: 68.04%, Valid: 64.94%, Test: 62.12%
Run: 03, Epoch: 24, Train: 68.66%, Valid: 63.39%, Test: 60.69%
Run: 03, Epoch: 25, Train: 68.86%, Valid: 63.35%, Test: 60.97%
Run: 03, Epoch: 26, Train: 68.43%, Valid: 62.16%, Test: 60.15%
Run: 03, Epoch: 27, Train: 69.35%, Valid: 64.55%, Test: 61.55%
Run: 03, Epoch: 28, Train: 68.74%, Valid: 63.92%, Test: 61.27%
Run: 03, Epoch: 29, Train: 69.16%, Valid: 64.71%, Test: 61.79%
Run: 03, Epoch: 30, Train: 69.08%, Valid: 65.35%, Test: 62.08%
Run 03:
Highest Train: 69.35
Highest Valid: 65.91
  Final Train: 66.25
   Final Test: 62.56
Run: 04, Epoch: 01, Train: 61.39%, Valid: 59.52%, Test: 56.36%
Run: 04, Epoch: 02, Train: 62.55%, Valid: 60.94%, Test: 58.33%
Run: 04, Epoch: 03, Train: 63.01%, Valid: 58.83%, Test: 57.94%
Run: 04, Epoch: 04, Train: 64.02%, Valid: 61.17%, Test: 59.07%
Run: 04, Epoch: 05, Train: 64.52%, Valid: 59.59%, Test: 58.40%
Run: 04, Epoch: 06, Train: 65.04%, Valid: 62.07%, Test: 59.76%
Run: 04, Epoch: 07, Train: 66.09%, Valid: 63.94%, Test: 61.39%
Run: 04, Epoch: 08, Train: 65.11%, Valid: 62.79%, Test: 60.18%
Run: 04, Epoch: 09, Train: 65.99%, Valid: 65.08%, Test: 62.02%
Run: 04, Epoch: 10, Train: 66.52%, Valid: 64.05%, Test: 61.36%
Run: 04, Epoch: 11, Train: 66.60%, Valid: 63.49%, Test: 61.06%
Run: 04, Epoch: 12, Train: 66.84%, Valid: 63.80%, Test: 61.37%
Run: 04, Epoch: 13, Train: 67.33%, Valid: 63.70%, Test: 60.40%
Run: 04, Epoch: 14, Train: 66.53%, Valid: 60.69%, Test: 59.40%
Run: 04, Epoch: 15, Train: 66.89%, Valid: 62.76%, Test: 60.24%
Run: 04, Epoch: 16, Train: 67.41%, Valid: 64.32%, Test: 61.45%
Run: 04, Epoch: 17, Train: 67.81%, Valid: 63.66%, Test: 60.95%
Run: 04, Epoch: 18, Train: 67.99%, Valid: 63.02%, Test: 60.59%
Run: 04, Epoch: 19, Train: 67.68%, Valid: 62.10%, Test: 60.20%
Run: 04, Epoch: 20, Train: 68.11%, Valid: 64.49%, Test: 61.53%
Run: 04, Epoch: 21, Train: 68.32%, Valid: 64.27%, Test: 61.80%
Run: 04, Epoch: 22, Train: 68.56%, Valid: 64.40%, Test: 61.04%
Run: 04, Epoch: 23, Train: 68.96%, Valid: 65.08%, Test: 62.19%
Run: 04, Epoch: 24, Train: 67.88%, Valid: 64.66%, Test: 61.52%
Run: 04, Epoch: 25, Train: 69.11%, Valid: 63.47%, Test: 60.39%
Run: 04, Epoch: 26, Train: 69.10%, Valid: 63.91%, Test: 61.17%
Run: 04, Epoch: 27, Train: 68.71%, Valid: 64.13%, Test: 61.56%
Run: 04, Epoch: 28, Train: 68.92%, Valid: 62.60%, Test: 60.68%
Run: 04, Epoch: 29, Train: 68.70%, Valid: 62.57%, Test: 60.40%
Run: 04, Epoch: 30, Train: 69.52%, Valid: 64.09%, Test: 61.69%
Run 04:
Highest Train: 69.52
Highest Valid: 65.08
  Final Train: 68.96
   Final Test: 62.19
Run: 05, Epoch: 01, Train: 60.71%, Valid: 58.76%, Test: 57.01%
Run: 05, Epoch: 02, Train: 61.17%, Valid: 60.54%, Test: 58.06%
Run: 05, Epoch: 03, Train: 63.06%, Valid: 60.68%, Test: 58.44%
Run: 05, Epoch: 04, Train: 64.25%, Valid: 62.22%, Test: 59.07%
Run: 05, Epoch: 05, Train: 64.10%, Valid: 62.12%, Test: 59.39%
Run: 05, Epoch: 06, Train: 65.39%, Valid: 62.92%, Test: 60.80%
Run: 05, Epoch: 07, Train: 64.78%, Valid: 63.72%, Test: 60.22%
Run: 05, Epoch: 08, Train: 65.65%, Valid: 64.60%, Test: 60.84%
Run: 05, Epoch: 09, Train: 66.15%, Valid: 62.07%, Test: 60.08%
Run: 05, Epoch: 10, Train: 65.47%, Valid: 60.52%, Test: 58.62%
Run: 05, Epoch: 11, Train: 66.38%, Valid: 62.08%, Test: 60.39%
Run: 05, Epoch: 12, Train: 67.11%, Valid: 63.79%, Test: 60.24%
Run: 05, Epoch: 13, Train: 66.85%, Valid: 62.87%, Test: 59.91%
Run: 05, Epoch: 14, Train: 67.40%, Valid: 65.29%, Test: 62.45%
Run: 05, Epoch: 15, Train: 67.64%, Valid: 63.74%, Test: 61.62%
Run: 05, Epoch: 16, Train: 67.12%, Valid: 63.37%, Test: 60.69%
Run: 05, Epoch: 17, Train: 67.08%, Valid: 64.84%, Test: 61.83%
Run: 05, Epoch: 18, Train: 67.65%, Valid: 62.75%, Test: 60.73%
Run: 05, Epoch: 19, Train: 68.10%, Valid: 65.22%, Test: 62.13%
Run: 05, Epoch: 20, Train: 67.92%, Valid: 62.23%, Test: 60.49%
Run: 05, Epoch: 21, Train: 68.66%, Valid: 63.80%, Test: 60.99%
Run: 05, Epoch: 22, Train: 68.24%, Valid: 64.43%, Test: 61.39%
Run: 05, Epoch: 23, Train: 68.95%, Valid: 64.39%, Test: 61.18%
Run: 05, Epoch: 24, Train: 68.50%, Valid: 62.99%, Test: 60.87%
Run: 05, Epoch: 25, Train: 68.78%, Valid: 64.77%, Test: 61.21%
Run: 05, Epoch: 26, Train: 69.21%, Valid: 64.28%, Test: 61.63%
Run: 05, Epoch: 27, Train: 68.44%, Valid: 62.90%, Test: 60.47%
Run: 05, Epoch: 28, Train: 69.24%, Valid: 64.62%, Test: 61.68%
Run: 05, Epoch: 29, Train: 68.96%, Valid: 62.95%, Test: 60.62%
Run: 05, Epoch: 30, Train: 69.29%, Valid: 64.32%, Test: 61.01%
Run 05:
Highest Train: 69.29
Highest Valid: 65.29
  Final Train: 67.40
   Final Test: 62.45
Run: 06, Epoch: 01, Train: 61.38%, Valid: 60.55%, Test: 57.62%
Run: 06, Epoch: 02, Train: 62.74%, Valid: 58.61%, Test: 57.17%
Run: 06, Epoch: 03, Train: 62.92%, Valid: 59.94%, Test: 57.68%
Run: 06, Epoch: 04, Train: 64.27%, Valid: 60.52%, Test: 58.06%
Run: 06, Epoch: 05, Train: 63.71%, Valid: 63.79%, Test: 60.69%
Run: 06, Epoch: 06, Train: 64.87%, Valid: 63.34%, Test: 60.87%
Run: 06, Epoch: 07, Train: 65.84%, Valid: 63.07%, Test: 60.67%
Run: 06, Epoch: 08, Train: 64.19%, Valid: 58.92%, Test: 57.74%
Run: 06, Epoch: 09, Train: 65.77%, Valid: 64.69%, Test: 61.73%
Run: 06, Epoch: 10, Train: 65.64%, Valid: 64.61%, Test: 61.75%
Run: 06, Epoch: 11, Train: 66.67%, Valid: 63.58%, Test: 61.19%
Run: 06, Epoch: 12, Train: 66.42%, Valid: 63.14%, Test: 60.35%
Run: 06, Epoch: 13, Train: 66.38%, Valid: 61.64%, Test: 60.19%
Run: 06, Epoch: 14, Train: 67.26%, Valid: 62.34%, Test: 60.42%
Run: 06, Epoch: 15, Train: 66.76%, Valid: 61.03%, Test: 59.16%
Run: 06, Epoch: 16, Train: 66.42%, Valid: 61.05%, Test: 59.54%
Run: 06, Epoch: 17, Train: 66.90%, Valid: 64.94%, Test: 61.69%
Run: 06, Epoch: 18, Train: 67.68%, Valid: 64.12%, Test: 61.34%
Run: 06, Epoch: 19, Train: 68.12%, Valid: 62.99%, Test: 60.94%
Run: 06, Epoch: 20, Train: 68.61%, Valid: 64.67%, Test: 61.54%
Run: 06, Epoch: 21, Train: 66.94%, Valid: 64.26%, Test: 61.04%
Run: 06, Epoch: 22, Train: 68.58%, Valid: 63.49%, Test: 60.78%
Run: 06, Epoch: 23, Train: 68.63%, Valid: 64.68%, Test: 61.70%
Run: 06, Epoch: 24, Train: 68.61%, Valid: 63.19%, Test: 61.27%
Run: 06, Epoch: 25, Train: 69.10%, Valid: 63.30%, Test: 60.88%
Run: 06, Epoch: 26, Train: 69.04%, Valid: 64.63%, Test: 61.86%
Run: 06, Epoch: 27, Train: 69.26%, Valid: 65.04%, Test: 61.82%
Run: 06, Epoch: 28, Train: 68.98%, Valid: 63.70%, Test: 61.16%
Run: 06, Epoch: 29, Train: 69.17%, Valid: 63.70%, Test: 60.67%
Run: 06, Epoch: 30, Train: 69.50%, Valid: 64.63%, Test: 61.40%
Run 06:
Highest Train: 69.50
Highest Valid: 65.04
  Final Train: 69.26
   Final Test: 61.82
Run: 07, Epoch: 01, Train: 59.81%, Valid: 54.76%, Test: 53.94%
Run: 07, Epoch: 02, Train: 62.58%, Valid: 59.92%, Test: 57.39%
Run: 07, Epoch: 03, Train: 64.09%, Valid: 62.53%, Test: 60.36%
Run: 07, Epoch: 04, Train: 63.82%, Valid: 60.03%, Test: 58.11%
Run: 07, Epoch: 05, Train: 64.50%, Valid: 63.38%, Test: 60.47%
Run: 07, Epoch: 06, Train: 64.69%, Valid: 61.62%, Test: 59.66%
Run: 07, Epoch: 07, Train: 65.62%, Valid: 62.59%, Test: 60.27%
Run: 07, Epoch: 08, Train: 65.63%, Valid: 62.20%, Test: 60.13%
Run: 07, Epoch: 09, Train: 66.26%, Valid: 64.51%, Test: 61.26%
Run: 07, Epoch: 10, Train: 65.53%, Valid: 60.24%, Test: 59.04%
Run: 07, Epoch: 11, Train: 66.41%, Valid: 63.43%, Test: 61.13%
Run: 07, Epoch: 12, Train: 67.14%, Valid: 64.33%, Test: 61.60%
Run: 07, Epoch: 13, Train: 67.16%, Valid: 63.20%, Test: 59.89%
Run: 07, Epoch: 14, Train: 67.35%, Valid: 63.23%, Test: 60.61%
Run: 07, Epoch: 15, Train: 67.42%, Valid: 62.83%, Test: 60.67%
Run: 07, Epoch: 16, Train: 67.58%, Valid: 64.16%, Test: 61.18%
Run: 07, Epoch: 17, Train: 67.61%, Valid: 63.53%, Test: 60.24%
Run: 07, Epoch: 18, Train: 67.88%, Valid: 64.51%, Test: 61.75%
Run: 07, Epoch: 19, Train: 68.19%, Valid: 62.56%, Test: 60.31%
Run: 07, Epoch: 20, Train: 67.93%, Valid: 62.44%, Test: 60.26%
Run: 07, Epoch: 21, Train: 67.72%, Valid: 61.81%, Test: 59.53%
Run: 07, Epoch: 22, Train: 68.70%, Valid: 64.29%, Test: 61.76%
Run: 07, Epoch: 23, Train: 68.11%, Valid: 61.97%, Test: 60.64%
Run: 07, Epoch: 24, Train: 68.40%, Valid: 63.02%, Test: 60.50%
Run: 07, Epoch: 25, Train: 69.21%, Valid: 64.96%, Test: 62.18%
Run: 07, Epoch: 26, Train: 68.79%, Valid: 64.72%, Test: 61.74%
Run: 07, Epoch: 27, Train: 69.58%, Valid: 64.53%, Test: 62.08%
Run: 07, Epoch: 28, Train: 69.28%, Valid: 64.67%, Test: 61.82%
Run: 07, Epoch: 29, Train: 69.33%, Valid: 63.42%, Test: 60.68%
Run: 07, Epoch: 30, Train: 69.50%, Valid: 65.20%, Test: 62.36%
Run 07:
Highest Train: 69.58
Highest Valid: 65.20
  Final Train: 69.50
   Final Test: 62.36
Run: 08, Epoch: 01, Train: 61.30%, Valid: 60.14%, Test: 56.83%
Run: 08, Epoch: 02, Train: 62.19%, Valid: 59.52%, Test: 58.08%
Run: 08, Epoch: 03, Train: 63.36%, Valid: 61.02%, Test: 57.92%
Run: 08, Epoch: 04, Train: 63.86%, Valid: 59.45%, Test: 57.47%
Run: 08, Epoch: 05, Train: 64.63%, Valid: 60.97%, Test: 58.87%
Run: 08, Epoch: 06, Train: 65.95%, Valid: 63.48%, Test: 61.02%
Run: 08, Epoch: 07, Train: 65.45%, Valid: 63.79%, Test: 60.64%
Run: 08, Epoch: 08, Train: 65.52%, Valid: 63.39%, Test: 59.35%
Run: 08, Epoch: 09, Train: 65.54%, Valid: 63.57%, Test: 61.22%
Run: 08, Epoch: 10, Train: 66.30%, Valid: 61.71%, Test: 59.96%
Run: 08, Epoch: 11, Train: 66.17%, Valid: 61.52%, Test: 59.32%
Run: 08, Epoch: 12, Train: 66.80%, Valid: 62.07%, Test: 60.09%
Run: 08, Epoch: 13, Train: 67.33%, Valid: 64.57%, Test: 61.59%
Run: 08, Epoch: 14, Train: 67.58%, Valid: 63.60%, Test: 60.80%
Run: 08, Epoch: 15, Train: 67.03%, Valid: 62.64%, Test: 59.81%
Run: 08, Epoch: 16, Train: 67.37%, Valid: 62.78%, Test: 60.75%
Run: 08, Epoch: 17, Train: 67.91%, Valid: 64.87%, Test: 62.17%
Run: 08, Epoch: 18, Train: 67.97%, Valid: 62.97%, Test: 60.83%
Run: 08, Epoch: 19, Train: 67.86%, Valid: 64.51%, Test: 61.92%
Run: 08, Epoch: 20, Train: 68.02%, Valid: 64.55%, Test: 61.53%
Run: 08, Epoch: 21, Train: 67.95%, Valid: 62.52%, Test: 60.62%
Run: 08, Epoch: 22, Train: 68.03%, Valid: 62.95%, Test: 60.22%
Run: 08, Epoch: 23, Train: 67.74%, Valid: 61.36%, Test: 59.62%
Run: 08, Epoch: 24, Train: 67.79%, Valid: 64.31%, Test: 61.03%
Run: 08, Epoch: 25, Train: 69.01%, Valid: 64.16%, Test: 61.29%
Run: 08, Epoch: 26, Train: 69.16%, Valid: 63.81%, Test: 61.10%
Run: 08, Epoch: 27, Train: 68.55%, Valid: 64.27%, Test: 61.33%
Run: 08, Epoch: 28, Train: 69.08%, Valid: 64.48%, Test: 61.69%
Run: 08, Epoch: 29, Train: 69.55%, Valid: 64.04%, Test: 61.09%
Run: 08, Epoch: 30, Train: 69.28%, Valid: 63.35%, Test: 61.09%
Run 08:
Highest Train: 69.55
Highest Valid: 64.87
  Final Train: 67.91
   Final Test: 62.17
Run: 09, Epoch: 01, Train: 61.62%, Valid: 60.15%, Test: 58.37%
Run: 09, Epoch: 02, Train: 62.73%, Valid: 59.61%, Test: 57.48%
Run: 09, Epoch: 03, Train: 63.71%, Valid: 60.78%, Test: 58.97%
Run: 09, Epoch: 04, Train: 64.57%, Valid: 62.31%, Test: 60.11%
Run: 09, Epoch: 05, Train: 64.35%, Valid: 63.42%, Test: 59.79%
Run: 09, Epoch: 06, Train: 65.43%, Valid: 62.87%, Test: 60.36%
Run: 09, Epoch: 07, Train: 65.17%, Valid: 60.19%, Test: 58.62%
Run: 09, Epoch: 08, Train: 66.09%, Valid: 61.89%, Test: 59.13%
Run: 09, Epoch: 09, Train: 65.68%, Valid: 62.17%, Test: 60.25%
Run: 09, Epoch: 10, Train: 65.93%, Valid: 63.43%, Test: 60.02%
Run: 09, Epoch: 11, Train: 67.03%, Valid: 63.49%, Test: 60.71%
Run: 09, Epoch: 12, Train: 66.09%, Valid: 60.57%, Test: 58.75%
Run: 09, Epoch: 13, Train: 67.27%, Valid: 62.55%, Test: 60.51%
Run: 09, Epoch: 14, Train: 67.70%, Valid: 64.38%, Test: 61.72%
Run: 09, Epoch: 15, Train: 67.54%, Valid: 64.59%, Test: 62.27%
Run: 09, Epoch: 16, Train: 67.77%, Valid: 65.16%, Test: 62.00%
Run: 09, Epoch: 17, Train: 68.00%, Valid: 63.97%, Test: 61.20%
Run: 09, Epoch: 18, Train: 67.40%, Valid: 62.36%, Test: 59.85%
Run: 09, Epoch: 19, Train: 67.89%, Valid: 62.77%, Test: 60.08%
Run: 09, Epoch: 20, Train: 68.34%, Valid: 64.82%, Test: 61.61%
Run: 09, Epoch: 21, Train: 68.16%, Valid: 64.34%, Test: 61.31%
Run: 09, Epoch: 22, Train: 68.47%, Valid: 64.35%, Test: 61.73%
Run: 09, Epoch: 23, Train: 68.82%, Valid: 64.73%, Test: 61.44%
Run: 09, Epoch: 24, Train: 68.17%, Valid: 62.18%, Test: 60.11%
Run: 09, Epoch: 25, Train: 68.80%, Valid: 62.67%, Test: 60.09%
Run: 09, Epoch: 26, Train: 68.92%, Valid: 63.50%, Test: 60.89%
Run: 09, Epoch: 27, Train: 68.89%, Valid: 63.84%, Test: 61.03%
Run: 09, Epoch: 28, Train: 69.24%, Valid: 64.56%, Test: 61.46%
Run: 09, Epoch: 29, Train: 68.51%, Valid: 65.04%, Test: 61.74%
Run: 09, Epoch: 30, Train: 69.21%, Valid: 64.27%, Test: 61.46%
Run 09:
Highest Train: 69.24
Highest Valid: 65.16
  Final Train: 67.77
   Final Test: 62.00
Run: 10, Epoch: 01, Train: 60.65%, Valid: 59.46%, Test: 56.88%
Run: 10, Epoch: 02, Train: 59.90%, Valid: 56.75%, Test: 55.19%
Run: 10, Epoch: 03, Train: 62.91%, Valid: 58.81%, Test: 56.95%
Run: 10, Epoch: 04, Train: 63.89%, Valid: 64.11%, Test: 60.55%
Run: 10, Epoch: 05, Train: 64.95%, Valid: 63.19%, Test: 60.79%
Run: 10, Epoch: 06, Train: 65.07%, Valid: 63.90%, Test: 61.17%
Run: 10, Epoch: 07, Train: 65.60%, Valid: 62.71%, Test: 60.74%
Run: 10, Epoch: 08, Train: 65.14%, Valid: 59.90%, Test: 58.55%
Run: 10, Epoch: 09, Train: 65.73%, Valid: 63.51%, Test: 60.34%
Run: 10, Epoch: 10, Train: 66.51%, Valid: 63.04%, Test: 60.68%
Run: 10, Epoch: 11, Train: 66.53%, Valid: 62.17%, Test: 60.16%
Run: 10, Epoch: 12, Train: 66.41%, Valid: 64.24%, Test: 61.82%
Run: 10, Epoch: 13, Train: 67.03%, Valid: 62.68%, Test: 60.19%
Run: 10, Epoch: 14, Train: 67.06%, Valid: 63.92%, Test: 61.25%
Run: 10, Epoch: 15, Train: 67.04%, Valid: 64.57%, Test: 61.77%
Run: 10, Epoch: 16, Train: 67.87%, Valid: 63.54%, Test: 60.79%
Run: 10, Epoch: 17, Train: 68.07%, Valid: 64.13%, Test: 61.41%
Run: 10, Epoch: 18, Train: 67.49%, Valid: 62.58%, Test: 60.06%
Run: 10, Epoch: 19, Train: 67.78%, Valid: 63.00%, Test: 59.68%
Run: 10, Epoch: 20, Train: 68.70%, Valid: 64.28%, Test: 61.41%
Run: 10, Epoch: 21, Train: 68.34%, Valid: 62.93%, Test: 60.87%
Run: 10, Epoch: 22, Train: 68.60%, Valid: 64.32%, Test: 61.24%
Run: 10, Epoch: 23, Train: 68.50%, Valid: 65.09%, Test: 61.82%
Run: 10, Epoch: 24, Train: 68.41%, Valid: 62.45%, Test: 60.52%
Run: 10, Epoch: 25, Train: 68.57%, Valid: 63.62%, Test: 61.17%
Run: 10, Epoch: 26, Train: 69.01%, Valid: 63.59%, Test: 61.32%
Run: 10, Epoch: 27, Train: 69.22%, Valid: 63.53%, Test: 61.16%
Run: 10, Epoch: 28, Train: 68.89%, Valid: 62.90%, Test: 60.46%
Run: 10, Epoch: 29, Train: 69.47%, Valid: 63.96%, Test: 60.96%
Run: 10, Epoch: 30, Train: 69.14%, Valid: 63.89%, Test: 61.43%
Run 10:
Highest Train: 69.47
Highest Valid: 65.09
  Final Train: 68.50
   Final Test: 61.82
All runs:
Highest Train: 69.45 ± 0.16
Highest Valid: 65.21 ± 0.28
  Final Train: 68.28 ± 0.97
   Final Test: 62.14 ± 0.27
