Namespace(device=0, log_steps=1, use_node_embedding=False, use_sgc_embedding=True, num_sgc_iterations=3, num_layers=3, hidden_channels=256, dropout=0, lr=0.01, batch_size=256, epochs=30, runs=10, rsv=0.325)
Run: 01, Epoch: 01, Train: 59.92%, Valid: 58.77%, Test: 55.67%
Run: 01, Epoch: 02, Train: 62.53%, Valid: 59.04%, Test: 57.90%
Run: 01, Epoch: 03, Train: 63.10%, Valid: 59.47%, Test: 58.31%
Run: 01, Epoch: 04, Train: 63.63%, Valid: 63.10%, Test: 60.15%
Run: 01, Epoch: 05, Train: 64.62%, Valid: 61.84%, Test: 59.71%
Run: 01, Epoch: 06, Train: 64.88%, Valid: 61.18%, Test: 58.72%
Run: 01, Epoch: 07, Train: 65.44%, Valid: 63.66%, Test: 60.60%
Run: 01, Epoch: 08, Train: 65.60%, Valid: 61.60%, Test: 59.94%
Run: 01, Epoch: 09, Train: 65.26%, Valid: 61.50%, Test: 59.28%
Run: 01, Epoch: 10, Train: 66.40%, Valid: 62.78%, Test: 60.73%
Run: 01, Epoch: 11, Train: 66.79%, Valid: 65.08%, Test: 62.09%
Run: 01, Epoch: 12, Train: 66.76%, Valid: 63.20%, Test: 60.52%
Run: 01, Epoch: 13, Train: 67.11%, Valid: 64.84%, Test: 61.46%
Run: 01, Epoch: 14, Train: 66.84%, Valid: 62.58%, Test: 60.48%
Run: 01, Epoch: 15, Train: 67.30%, Valid: 63.22%, Test: 60.12%
Run: 01, Epoch: 16, Train: 67.40%, Valid: 64.50%, Test: 61.06%
Run: 01, Epoch: 17, Train: 67.48%, Valid: 64.76%, Test: 62.05%
Run: 01, Epoch: 18, Train: 68.13%, Valid: 64.39%, Test: 61.67%
Run: 01, Epoch: 19, Train: 67.95%, Valid: 63.37%, Test: 60.94%
Run: 01, Epoch: 20, Train: 67.77%, Valid: 64.85%, Test: 61.72%
Run: 01, Epoch: 21, Train: 68.52%, Valid: 65.18%, Test: 62.02%
Run: 01, Epoch: 22, Train: 68.64%, Valid: 64.66%, Test: 62.05%
Run: 01, Epoch: 23, Train: 68.79%, Valid: 64.78%, Test: 61.60%
Run: 01, Epoch: 24, Train: 68.73%, Valid: 63.74%, Test: 61.01%
Run: 01, Epoch: 25, Train: 68.62%, Valid: 63.32%, Test: 60.58%
Run: 01, Epoch: 26, Train: 69.12%, Valid: 64.99%, Test: 62.25%
Run: 01, Epoch: 27, Train: 68.90%, Valid: 64.68%, Test: 62.19%
Run: 01, Epoch: 28, Train: 69.17%, Valid: 63.14%, Test: 60.47%
Run: 01, Epoch: 29, Train: 69.39%, Valid: 63.74%, Test: 61.29%
Run: 01, Epoch: 30, Train: 69.29%, Valid: 63.79%, Test: 60.97%
Run 01:
Highest Train: 69.39
Highest Valid: 65.18
  Final Train: 68.52
   Final Test: 62.02
Run: 02, Epoch: 01, Train: 61.57%, Valid: 57.72%, Test: 56.40%
Run: 02, Epoch: 02, Train: 61.90%, Valid: 61.35%, Test: 58.61%
Run: 02, Epoch: 03, Train: 63.75%, Valid: 60.30%, Test: 58.30%
Run: 02, Epoch: 04, Train: 64.89%, Valid: 62.18%, Test: 59.98%
Run: 02, Epoch: 05, Train: 64.88%, Valid: 63.96%, Test: 60.68%
Run: 02, Epoch: 06, Train: 64.52%, Valid: 63.32%, Test: 60.68%
Run: 02, Epoch: 07, Train: 65.43%, Valid: 61.84%, Test: 59.64%
Run: 02, Epoch: 08, Train: 65.52%, Valid: 62.51%, Test: 59.99%
Run: 02, Epoch: 09, Train: 65.44%, Valid: 60.17%, Test: 58.89%
Run: 02, Epoch: 10, Train: 66.09%, Valid: 64.26%, Test: 60.58%
Run: 02, Epoch: 11, Train: 66.47%, Valid: 63.51%, Test: 60.83%
Run: 02, Epoch: 12, Train: 66.67%, Valid: 64.36%, Test: 60.97%
Run: 02, Epoch: 13, Train: 66.21%, Valid: 64.75%, Test: 61.15%
Run: 02, Epoch: 14, Train: 66.56%, Valid: 63.44%, Test: 60.62%
Run: 02, Epoch: 15, Train: 67.53%, Valid: 63.92%, Test: 60.97%
Run: 02, Epoch: 16, Train: 67.68%, Valid: 63.46%, Test: 61.21%
Run: 02, Epoch: 17, Train: 67.83%, Valid: 64.08%, Test: 61.07%
Run: 02, Epoch: 18, Train: 67.41%, Valid: 62.20%, Test: 60.12%
Run: 02, Epoch: 19, Train: 68.08%, Valid: 64.06%, Test: 61.25%
Run: 02, Epoch: 20, Train: 68.33%, Valid: 64.11%, Test: 61.55%
Run: 02, Epoch: 21, Train: 67.74%, Valid: 62.69%, Test: 60.46%
Run: 02, Epoch: 22, Train: 67.83%, Valid: 62.66%, Test: 60.08%
Run: 02, Epoch: 23, Train: 68.70%, Valid: 64.24%, Test: 61.79%
Run: 02, Epoch: 24, Train: 68.67%, Valid: 63.12%, Test: 60.95%
Run: 02, Epoch: 25, Train: 68.05%, Valid: 62.98%, Test: 60.34%
Run: 02, Epoch: 26, Train: 68.26%, Valid: 64.87%, Test: 61.59%
Run: 02, Epoch: 27, Train: 68.76%, Valid: 64.44%, Test: 61.44%
Run: 02, Epoch: 28, Train: 68.97%, Valid: 64.18%, Test: 61.43%
Run: 02, Epoch: 29, Train: 68.84%, Valid: 64.11%, Test: 61.63%
Run: 02, Epoch: 30, Train: 69.34%, Valid: 64.13%, Test: 61.53%
Run 02:
Highest Train: 69.34
Highest Valid: 64.87
  Final Train: 68.26
   Final Test: 61.59
Run: 03, Epoch: 01, Train: 60.19%, Valid: 56.80%, Test: 54.83%
Run: 03, Epoch: 02, Train: 63.38%, Valid: 60.22%, Test: 57.75%
Run: 03, Epoch: 03, Train: 63.07%, Valid: 60.60%, Test: 58.70%
Run: 03, Epoch: 04, Train: 64.84%, Valid: 62.54%, Test: 60.07%
Run: 03, Epoch: 05, Train: 65.17%, Valid: 62.15%, Test: 60.52%
Run: 03, Epoch: 06, Train: 64.30%, Valid: 63.67%, Test: 60.69%
Run: 03, Epoch: 07, Train: 65.58%, Valid: 63.14%, Test: 60.67%
Run: 03, Epoch: 08, Train: 64.96%, Valid: 64.25%, Test: 61.01%
Run: 03, Epoch: 09, Train: 66.42%, Valid: 62.92%, Test: 59.35%
Run: 03, Epoch: 10, Train: 66.26%, Valid: 62.73%, Test: 60.71%
Run: 03, Epoch: 11, Train: 66.21%, Valid: 62.78%, Test: 60.35%
Run: 03, Epoch: 12, Train: 66.55%, Valid: 65.04%, Test: 61.97%
Run: 03, Epoch: 13, Train: 66.77%, Valid: 62.32%, Test: 60.36%
Run: 03, Epoch: 14, Train: 67.44%, Valid: 62.93%, Test: 59.46%
Run: 03, Epoch: 15, Train: 67.75%, Valid: 64.78%, Test: 61.56%
Run: 03, Epoch: 16, Train: 67.56%, Valid: 63.87%, Test: 61.29%
Run: 03, Epoch: 17, Train: 67.70%, Valid: 64.34%, Test: 61.92%
Run: 03, Epoch: 18, Train: 67.86%, Valid: 62.97%, Test: 60.70%
Run: 03, Epoch: 19, Train: 67.96%, Valid: 64.95%, Test: 62.18%
Run: 03, Epoch: 20, Train: 68.02%, Valid: 64.72%, Test: 61.18%
Run: 03, Epoch: 21, Train: 68.02%, Valid: 63.74%, Test: 61.09%
Run: 03, Epoch: 22, Train: 68.62%, Valid: 64.34%, Test: 61.81%
Run: 03, Epoch: 23, Train: 68.77%, Valid: 64.80%, Test: 62.15%
Run: 03, Epoch: 24, Train: 68.64%, Valid: 63.40%, Test: 61.08%
Run: 03, Epoch: 25, Train: 68.68%, Valid: 63.90%, Test: 61.57%
Run: 03, Epoch: 26, Train: 69.07%, Valid: 63.91%, Test: 61.17%
Run: 03, Epoch: 27, Train: 68.85%, Valid: 63.82%, Test: 61.37%
Run: 03, Epoch: 28, Train: 68.75%, Valid: 63.36%, Test: 60.64%
Run: 03, Epoch: 29, Train: 68.50%, Valid: 62.20%, Test: 60.12%
Run: 03, Epoch: 30, Train: 69.29%, Valid: 63.53%, Test: 61.19%
Run 03:
Highest Train: 69.29
Highest Valid: 65.04
  Final Train: 66.55
   Final Test: 61.97
Run: 04, Epoch: 01, Train: 60.53%, Valid: 56.53%, Test: 54.68%
Run: 04, Epoch: 02, Train: 63.34%, Valid: 60.72%, Test: 58.85%
Run: 04, Epoch: 03, Train: 63.76%, Valid: 62.53%, Test: 60.02%
Run: 04, Epoch: 04, Train: 63.97%, Valid: 63.18%, Test: 60.11%
Run: 04, Epoch: 05, Train: 65.14%, Valid: 62.73%, Test: 59.91%
Run: 04, Epoch: 06, Train: 64.99%, Valid: 60.42%, Test: 58.98%
Run: 04, Epoch: 07, Train: 65.23%, Valid: 61.29%, Test: 59.14%
Run: 04, Epoch: 08, Train: 66.01%, Valid: 63.62%, Test: 61.05%
Run: 04, Epoch: 09, Train: 66.47%, Valid: 62.50%, Test: 60.62%
Run: 04, Epoch: 10, Train: 65.91%, Valid: 60.95%, Test: 59.34%
Run: 04, Epoch: 11, Train: 66.80%, Valid: 64.14%, Test: 61.44%
Run: 04, Epoch: 12, Train: 66.13%, Valid: 61.46%, Test: 60.08%
Run: 04, Epoch: 13, Train: 66.82%, Valid: 63.77%, Test: 61.19%
Run: 04, Epoch: 14, Train: 66.30%, Valid: 61.28%, Test: 59.22%
Run: 04, Epoch: 15, Train: 67.44%, Valid: 65.01%, Test: 62.20%
Run: 04, Epoch: 16, Train: 67.64%, Valid: 65.03%, Test: 61.73%
Run: 04, Epoch: 17, Train: 67.49%, Valid: 62.20%, Test: 59.59%
Run: 04, Epoch: 18, Train: 67.58%, Valid: 63.20%, Test: 61.05%
Run: 04, Epoch: 19, Train: 68.20%, Valid: 63.28%, Test: 60.44%
Run: 04, Epoch: 20, Train: 68.24%, Valid: 64.65%, Test: 61.90%
Run: 04, Epoch: 21, Train: 67.25%, Valid: 61.50%, Test: 59.61%
Run: 04, Epoch: 22, Train: 68.82%, Valid: 64.88%, Test: 62.05%
Run: 04, Epoch: 23, Train: 68.63%, Valid: 64.77%, Test: 61.40%
Run: 04, Epoch: 24, Train: 68.57%, Valid: 62.99%, Test: 61.06%
Run: 04, Epoch: 25, Train: 68.62%, Valid: 62.80%, Test: 60.18%
Run: 04, Epoch: 26, Train: 68.77%, Valid: 63.85%, Test: 61.55%
Run: 04, Epoch: 27, Train: 69.18%, Valid: 64.15%, Test: 61.70%
Run: 04, Epoch: 28, Train: 68.96%, Valid: 63.16%, Test: 60.51%
Run: 04, Epoch: 29, Train: 68.96%, Valid: 65.77%, Test: 62.56%
Run: 04, Epoch: 30, Train: 67.86%, Valid: 60.74%, Test: 59.53%
Run 04:
Highest Train: 69.18
Highest Valid: 65.77
  Final Train: 68.96
   Final Test: 62.56
Run: 05, Epoch: 01, Train: 61.36%, Valid: 58.62%, Test: 56.79%
Run: 05, Epoch: 02, Train: 61.99%, Valid: 58.11%, Test: 56.97%
Run: 05, Epoch: 03, Train: 63.55%, Valid: 61.49%, Test: 59.55%
Run: 05, Epoch: 04, Train: 63.98%, Valid: 61.01%, Test: 59.06%
Run: 05, Epoch: 05, Train: 64.70%, Valid: 60.85%, Test: 58.58%
Run: 05, Epoch: 06, Train: 65.38%, Valid: 62.27%, Test: 59.87%
Run: 05, Epoch: 07, Train: 64.65%, Valid: 64.57%, Test: 61.35%
Run: 05, Epoch: 08, Train: 65.26%, Valid: 60.73%, Test: 58.98%
Run: 05, Epoch: 09, Train: 66.23%, Valid: 65.31%, Test: 62.35%
Run: 05, Epoch: 10, Train: 66.74%, Valid: 64.30%, Test: 61.60%
Run: 05, Epoch: 11, Train: 66.10%, Valid: 63.29%, Test: 60.15%
Run: 05, Epoch: 12, Train: 66.91%, Valid: 62.61%, Test: 60.44%
Run: 05, Epoch: 13, Train: 66.71%, Valid: 61.19%, Test: 59.58%
Run: 05, Epoch: 14, Train: 67.22%, Valid: 64.82%, Test: 61.29%
Run: 05, Epoch: 15, Train: 67.31%, Valid: 63.06%, Test: 60.11%
Run: 05, Epoch: 16, Train: 67.51%, Valid: 63.09%, Test: 60.69%
Run: 05, Epoch: 17, Train: 67.46%, Valid: 63.01%, Test: 60.04%
Run: 05, Epoch: 18, Train: 67.66%, Valid: 64.70%, Test: 61.80%
Run: 05, Epoch: 19, Train: 67.66%, Valid: 62.66%, Test: 60.48%
Run: 05, Epoch: 20, Train: 67.83%, Valid: 63.48%, Test: 60.78%
Run: 05, Epoch: 21, Train: 68.38%, Valid: 64.54%, Test: 61.45%
Run: 05, Epoch: 22, Train: 68.30%, Valid: 63.86%, Test: 61.02%
Run: 05, Epoch: 23, Train: 68.23%, Valid: 63.33%, Test: 60.69%
Run: 05, Epoch: 24, Train: 68.43%, Valid: 63.41%, Test: 60.41%
Run: 05, Epoch: 25, Train: 68.45%, Valid: 65.03%, Test: 62.16%
Run: 05, Epoch: 26, Train: 69.14%, Valid: 64.59%, Test: 61.83%
Run: 05, Epoch: 27, Train: 68.70%, Valid: 64.81%, Test: 61.85%
Run: 05, Epoch: 28, Train: 69.09%, Valid: 63.61%, Test: 61.01%
Run: 05, Epoch: 29, Train: 68.97%, Valid: 64.80%, Test: 61.65%
Run: 05, Epoch: 30, Train: 68.67%, Valid: 62.63%, Test: 60.92%
Run 05:
Highest Train: 69.14
Highest Valid: 65.31
  Final Train: 66.23
   Final Test: 62.35
Run: 06, Epoch: 01, Train: 61.51%, Valid: 57.35%, Test: 55.44%
Run: 06, Epoch: 02, Train: 62.11%, Valid: 59.20%, Test: 56.83%
Run: 06, Epoch: 03, Train: 62.48%, Valid: 62.27%, Test: 59.44%
Run: 06, Epoch: 04, Train: 64.01%, Valid: 62.34%, Test: 59.48%
Run: 06, Epoch: 05, Train: 64.15%, Valid: 63.73%, Test: 60.77%
Run: 06, Epoch: 06, Train: 64.01%, Valid: 59.02%, Test: 57.98%
Run: 06, Epoch: 07, Train: 65.22%, Valid: 64.10%, Test: 61.64%
Run: 06, Epoch: 08, Train: 65.76%, Valid: 61.98%, Test: 60.07%
Run: 06, Epoch: 09, Train: 65.91%, Valid: 61.32%, Test: 59.98%
Run: 06, Epoch: 10, Train: 66.13%, Valid: 64.19%, Test: 61.32%
Run: 06, Epoch: 11, Train: 66.49%, Valid: 61.18%, Test: 58.77%
Run: 06, Epoch: 12, Train: 66.48%, Valid: 65.02%, Test: 61.68%
Run: 06, Epoch: 13, Train: 67.10%, Valid: 63.40%, Test: 60.76%
Run: 06, Epoch: 14, Train: 66.30%, Valid: 61.63%, Test: 59.60%
Run: 06, Epoch: 15, Train: 67.47%, Valid: 64.30%, Test: 61.04%
Run: 06, Epoch: 16, Train: 67.77%, Valid: 63.14%, Test: 60.94%
Run: 06, Epoch: 17, Train: 67.44%, Valid: 62.63%, Test: 60.83%
Run: 06, Epoch: 18, Train: 68.10%, Valid: 63.80%, Test: 61.06%
Run: 06, Epoch: 19, Train: 68.00%, Valid: 63.37%, Test: 60.55%
Run: 06, Epoch: 20, Train: 67.98%, Valid: 63.18%, Test: 60.71%
Run: 06, Epoch: 21, Train: 68.35%, Valid: 64.56%, Test: 61.64%
Run: 06, Epoch: 22, Train: 68.17%, Valid: 63.92%, Test: 61.15%
Run: 06, Epoch: 23, Train: 68.66%, Valid: 63.58%, Test: 61.31%
Run: 06, Epoch: 24, Train: 68.77%, Valid: 63.44%, Test: 60.69%
Run: 06, Epoch: 25, Train: 68.36%, Valid: 62.17%, Test: 60.61%
Run: 06, Epoch: 26, Train: 68.76%, Valid: 63.61%, Test: 61.17%
Run: 06, Epoch: 27, Train: 68.90%, Valid: 64.09%, Test: 60.69%
Run: 06, Epoch: 28, Train: 69.06%, Valid: 64.18%, Test: 61.51%
Run: 06, Epoch: 29, Train: 69.18%, Valid: 64.29%, Test: 61.11%
Run: 06, Epoch: 30, Train: 69.08%, Valid: 63.71%, Test: 60.60%
Run 06:
Highest Train: 69.18
Highest Valid: 65.02
  Final Train: 66.48
   Final Test: 61.68
Run: 07, Epoch: 01, Train: 60.30%, Valid: 56.39%, Test: 54.41%
Run: 07, Epoch: 02, Train: 61.70%, Valid: 61.25%, Test: 58.89%
Run: 07, Epoch: 03, Train: 63.38%, Valid: 63.32%, Test: 60.33%
Run: 07, Epoch: 04, Train: 63.51%, Valid: 62.34%, Test: 59.17%
Run: 07, Epoch: 05, Train: 64.37%, Valid: 63.97%, Test: 61.01%
Run: 07, Epoch: 06, Train: 65.28%, Valid: 63.21%, Test: 60.63%
Run: 07, Epoch: 07, Train: 65.77%, Valid: 62.10%, Test: 58.91%
Run: 07, Epoch: 08, Train: 65.80%, Valid: 62.70%, Test: 60.51%
Run: 07, Epoch: 09, Train: 66.13%, Valid: 64.05%, Test: 60.50%
Run: 07, Epoch: 10, Train: 66.58%, Valid: 64.74%, Test: 61.61%
Run: 07, Epoch: 11, Train: 66.61%, Valid: 62.61%, Test: 60.53%
Run: 07, Epoch: 12, Train: 67.54%, Valid: 64.37%, Test: 62.01%
Run: 07, Epoch: 13, Train: 67.09%, Valid: 62.94%, Test: 60.60%
Run: 07, Epoch: 14, Train: 66.97%, Valid: 64.10%, Test: 61.65%
Run: 07, Epoch: 15, Train: 67.26%, Valid: 64.81%, Test: 61.41%
Run: 07, Epoch: 16, Train: 67.33%, Valid: 64.41%, Test: 61.40%
Run: 07, Epoch: 17, Train: 68.11%, Valid: 64.58%, Test: 62.09%
Run: 07, Epoch: 18, Train: 67.64%, Valid: 63.38%, Test: 61.04%
Run: 07, Epoch: 19, Train: 68.11%, Valid: 63.29%, Test: 60.55%
Run: 07, Epoch: 20, Train: 68.34%, Valid: 64.05%, Test: 61.80%
Run: 07, Epoch: 21, Train: 68.23%, Valid: 64.78%, Test: 62.53%
Run: 07, Epoch: 22, Train: 67.99%, Valid: 64.32%, Test: 61.57%
Run: 07, Epoch: 23, Train: 68.35%, Valid: 63.25%, Test: 60.49%
Run: 07, Epoch: 24, Train: 68.47%, Valid: 63.92%, Test: 61.39%
Run: 07, Epoch: 25, Train: 68.75%, Valid: 64.10%, Test: 61.65%
Run: 07, Epoch: 26, Train: 68.58%, Valid: 64.40%, Test: 61.73%
Run: 07, Epoch: 27, Train: 69.40%, Valid: 64.70%, Test: 62.05%
Run: 07, Epoch: 28, Train: 68.67%, Valid: 64.21%, Test: 61.60%
Run: 07, Epoch: 29, Train: 68.44%, Valid: 61.97%, Test: 60.35%
Run: 07, Epoch: 30, Train: 69.40%, Valid: 64.96%, Test: 61.71%
Run 07:
Highest Train: 69.40
Highest Valid: 64.96
  Final Train: 69.40
   Final Test: 61.71
Run: 08, Epoch: 01, Train: 59.14%, Valid: 53.80%, Test: 52.86%
Run: 08, Epoch: 02, Train: 61.95%, Valid: 58.25%, Test: 56.87%
Run: 08, Epoch: 03, Train: 63.84%, Valid: 60.95%, Test: 58.86%
Run: 08, Epoch: 04, Train: 63.89%, Valid: 61.23%, Test: 59.19%
Run: 08, Epoch: 05, Train: 63.98%, Valid: 63.94%, Test: 61.04%
Run: 08, Epoch: 06, Train: 65.62%, Valid: 62.68%, Test: 60.47%
Run: 08, Epoch: 07, Train: 65.20%, Valid: 61.89%, Test: 59.49%
Run: 08, Epoch: 08, Train: 65.42%, Valid: 64.28%, Test: 61.43%
Run: 08, Epoch: 09, Train: 65.63%, Valid: 61.31%, Test: 59.22%
Run: 08, Epoch: 10, Train: 65.89%, Valid: 61.54%, Test: 60.07%
Run: 08, Epoch: 11, Train: 66.28%, Valid: 62.47%, Test: 60.42%
Run: 08, Epoch: 12, Train: 66.87%, Valid: 62.80%, Test: 60.47%
Run: 08, Epoch: 13, Train: 67.16%, Valid: 63.20%, Test: 60.29%
Run: 08, Epoch: 14, Train: 67.35%, Valid: 63.90%, Test: 60.80%
Run: 08, Epoch: 15, Train: 67.18%, Valid: 64.21%, Test: 61.62%
Run: 08, Epoch: 16, Train: 67.97%, Valid: 64.01%, Test: 61.27%
Run: 08, Epoch: 17, Train: 67.93%, Valid: 64.78%, Test: 62.26%
Run: 08, Epoch: 18, Train: 67.74%, Valid: 62.85%, Test: 61.15%
Run: 08, Epoch: 19, Train: 68.12%, Valid: 64.66%, Test: 61.54%
Run: 08, Epoch: 20, Train: 67.09%, Valid: 64.09%, Test: 61.10%
Run: 08, Epoch: 21, Train: 67.89%, Valid: 64.73%, Test: 61.45%
Run: 08, Epoch: 22, Train: 68.66%, Valid: 64.09%, Test: 61.22%
Run: 08, Epoch: 23, Train: 68.63%, Valid: 64.12%, Test: 61.34%
Run: 08, Epoch: 24, Train: 68.05%, Valid: 62.72%, Test: 60.29%
Run: 08, Epoch: 25, Train: 68.45%, Valid: 64.79%, Test: 62.03%
Run: 08, Epoch: 26, Train: 69.01%, Valid: 64.17%, Test: 61.50%
Run: 08, Epoch: 27, Train: 68.88%, Valid: 63.88%, Test: 61.13%
Run: 08, Epoch: 28, Train: 68.94%, Valid: 62.82%, Test: 60.58%
Run: 08, Epoch: 29, Train: 69.17%, Valid: 63.59%, Test: 60.74%
Run: 08, Epoch: 30, Train: 69.42%, Valid: 64.12%, Test: 61.27%
Run 08:
Highest Train: 69.42
Highest Valid: 64.79
  Final Train: 68.45
   Final Test: 62.03
Run: 09, Epoch: 01, Train: 60.89%, Valid: 57.66%, Test: 56.40%
Run: 09, Epoch: 02, Train: 62.28%, Valid: 60.48%, Test: 57.82%
Run: 09, Epoch: 03, Train: 63.90%, Valid: 62.45%, Test: 59.54%
Run: 09, Epoch: 04, Train: 63.83%, Valid: 60.70%, Test: 58.30%
Run: 09, Epoch: 05, Train: 64.94%, Valid: 61.59%, Test: 58.76%
Run: 09, Epoch: 06, Train: 65.27%, Valid: 61.98%, Test: 59.69%
Run: 09, Epoch: 07, Train: 65.67%, Valid: 64.11%, Test: 60.68%
Run: 09, Epoch: 08, Train: 65.43%, Valid: 64.25%, Test: 61.19%
Run: 09, Epoch: 09, Train: 66.29%, Valid: 62.15%, Test: 60.12%
Run: 09, Epoch: 10, Train: 66.33%, Valid: 62.99%, Test: 60.48%
Run: 09, Epoch: 11, Train: 66.36%, Valid: 64.51%, Test: 61.84%
Run: 09, Epoch: 12, Train: 66.61%, Valid: 61.81%, Test: 59.97%
Run: 09, Epoch: 13, Train: 67.15%, Valid: 62.59%, Test: 59.80%
Run: 09, Epoch: 14, Train: 66.43%, Valid: 65.33%, Test: 62.42%
Run: 09, Epoch: 15, Train: 67.71%, Valid: 65.01%, Test: 61.82%
Run: 09, Epoch: 16, Train: 67.90%, Valid: 64.70%, Test: 62.10%
Run: 09, Epoch: 17, Train: 67.38%, Valid: 61.51%, Test: 59.88%
Run: 09, Epoch: 18, Train: 68.16%, Valid: 64.54%, Test: 61.39%
Run: 09, Epoch: 19, Train: 68.30%, Valid: 63.94%, Test: 61.56%
Run: 09, Epoch: 20, Train: 66.91%, Valid: 60.70%, Test: 58.81%
Run: 09, Epoch: 21, Train: 68.25%, Valid: 63.18%, Test: 60.78%
Run: 09, Epoch: 22, Train: 68.12%, Valid: 63.14%, Test: 60.22%
Run: 09, Epoch: 23, Train: 68.52%, Valid: 63.23%, Test: 61.07%
Run: 09, Epoch: 24, Train: 68.53%, Valid: 64.12%, Test: 60.74%
Run: 09, Epoch: 25, Train: 69.19%, Valid: 64.55%, Test: 61.77%
Run: 09, Epoch: 26, Train: 68.95%, Valid: 63.22%, Test: 60.62%
Run: 09, Epoch: 27, Train: 69.43%, Valid: 63.75%, Test: 61.37%
Run: 09, Epoch: 28, Train: 69.42%, Valid: 64.67%, Test: 61.29%
Run: 09, Epoch: 29, Train: 69.37%, Valid: 64.39%, Test: 61.93%
Run: 09, Epoch: 30, Train: 69.22%, Valid: 64.78%, Test: 61.80%
Run 09:
Highest Train: 69.43
Highest Valid: 65.33
  Final Train: 66.43
   Final Test: 62.42
Run: 10, Epoch: 01, Train: 60.33%, Valid: 56.71%, Test: 54.68%
Run: 10, Epoch: 02, Train: 62.91%, Valid: 61.84%, Test: 58.26%
Run: 10, Epoch: 03, Train: 63.19%, Valid: 64.11%, Test: 61.27%
Run: 10, Epoch: 04, Train: 64.36%, Valid: 62.44%, Test: 60.12%
Run: 10, Epoch: 05, Train: 64.62%, Valid: 62.50%, Test: 60.59%
Run: 10, Epoch: 06, Train: 65.49%, Valid: 62.34%, Test: 59.97%
Run: 10, Epoch: 07, Train: 65.60%, Valid: 62.71%, Test: 60.16%
Run: 10, Epoch: 08, Train: 65.08%, Valid: 64.81%, Test: 61.44%
Run: 10, Epoch: 09, Train: 66.08%, Valid: 63.70%, Test: 60.82%
Run: 10, Epoch: 10, Train: 66.51%, Valid: 64.87%, Test: 61.82%
Run: 10, Epoch: 11, Train: 66.47%, Valid: 64.63%, Test: 61.80%
Run: 10, Epoch: 12, Train: 66.74%, Valid: 62.29%, Test: 60.07%
Run: 10, Epoch: 13, Train: 66.88%, Valid: 62.30%, Test: 60.36%
Run: 10, Epoch: 14, Train: 67.26%, Valid: 63.55%, Test: 61.21%
Run: 10, Epoch: 15, Train: 67.77%, Valid: 63.49%, Test: 60.78%
Run: 10, Epoch: 16, Train: 67.73%, Valid: 63.44%, Test: 60.46%
Run: 10, Epoch: 17, Train: 67.53%, Valid: 62.62%, Test: 60.78%
Run: 10, Epoch: 18, Train: 67.96%, Valid: 64.77%, Test: 61.96%
Run: 10, Epoch: 19, Train: 68.19%, Valid: 64.63%, Test: 62.49%
Run: 10, Epoch: 20, Train: 68.19%, Valid: 63.08%, Test: 60.59%
Run: 10, Epoch: 21, Train: 68.39%, Valid: 63.59%, Test: 61.23%
Run: 10, Epoch: 22, Train: 68.33%, Valid: 65.43%, Test: 61.99%
Run: 10, Epoch: 23, Train: 67.95%, Valid: 62.28%, Test: 59.72%
Run: 10, Epoch: 24, Train: 68.76%, Valid: 64.12%, Test: 60.98%
Run: 10, Epoch: 25, Train: 68.79%, Valid: 64.66%, Test: 61.64%
Run: 10, Epoch: 26, Train: 68.78%, Valid: 62.86%, Test: 60.78%
Run: 10, Epoch: 27, Train: 68.91%, Valid: 62.95%, Test: 60.97%
Run: 10, Epoch: 28, Train: 69.33%, Valid: 63.93%, Test: 61.82%
Run: 10, Epoch: 29, Train: 68.80%, Valid: 63.10%, Test: 60.45%
Run: 10, Epoch: 30, Train: 69.16%, Valid: 63.25%, Test: 60.90%
Run 10:
Highest Train: 69.33
Highest Valid: 65.43
  Final Train: 68.33
   Final Test: 61.99
All runs:
Highest Train: 69.31 ± 0.11
Highest Valid: 65.17 ± 0.30
  Final Train: 67.76 ± 1.20
   Final Test: 62.03 ± 0.33
