Namespace(device=0, log_steps=1, use_node_embedding=False, use_sgc_embedding=True, num_sgc_iterations=3, num_layers=3, hidden_channels=256, dropout=0, lr=0.01, batch_size=256, epochs=30, runs=10, rsv=0.35)
Run: 01, Epoch: 01, Train: 60.75%, Valid: 56.91%, Test: 54.86%
Run: 01, Epoch: 02, Train: 62.51%, Valid: 58.07%, Test: 56.65%
Run: 01, Epoch: 03, Train: 63.41%, Valid: 62.34%, Test: 59.23%
Run: 01, Epoch: 04, Train: 64.43%, Valid: 62.74%, Test: 60.78%
Run: 01, Epoch: 05, Train: 64.65%, Valid: 63.35%, Test: 59.73%
Run: 01, Epoch: 06, Train: 65.28%, Valid: 60.66%, Test: 59.07%
Run: 01, Epoch: 07, Train: 65.73%, Valid: 64.73%, Test: 61.64%
Run: 01, Epoch: 08, Train: 66.12%, Valid: 62.82%, Test: 60.20%
Run: 01, Epoch: 09, Train: 65.73%, Valid: 63.92%, Test: 61.44%
Run: 01, Epoch: 10, Train: 66.63%, Valid: 63.85%, Test: 61.22%
Run: 01, Epoch: 11, Train: 66.80%, Valid: 64.78%, Test: 61.78%
Run: 01, Epoch: 12, Train: 66.83%, Valid: 65.41%, Test: 61.72%
Run: 01, Epoch: 13, Train: 67.24%, Valid: 62.88%, Test: 60.95%
Run: 01, Epoch: 14, Train: 66.99%, Valid: 64.68%, Test: 61.16%
Run: 01, Epoch: 15, Train: 67.93%, Valid: 65.40%, Test: 62.04%
Run: 01, Epoch: 16, Train: 68.05%, Valid: 64.71%, Test: 61.61%
Run: 01, Epoch: 17, Train: 67.48%, Valid: 64.21%, Test: 60.95%
Run: 01, Epoch: 18, Train: 68.13%, Valid: 64.76%, Test: 62.25%
Run: 01, Epoch: 19, Train: 67.74%, Valid: 64.57%, Test: 61.69%
Run: 01, Epoch: 20, Train: 68.15%, Valid: 64.33%, Test: 61.80%
Run: 01, Epoch: 21, Train: 67.55%, Valid: 64.78%, Test: 60.91%
Run: 01, Epoch: 22, Train: 68.06%, Valid: 64.86%, Test: 61.79%
Run: 01, Epoch: 23, Train: 68.62%, Valid: 63.88%, Test: 61.27%
Run: 01, Epoch: 24, Train: 68.65%, Valid: 64.89%, Test: 62.05%
Run: 01, Epoch: 25, Train: 68.62%, Valid: 64.33%, Test: 61.74%
Run: 01, Epoch: 26, Train: 68.67%, Valid: 64.19%, Test: 60.92%
Run: 01, Epoch: 27, Train: 69.10%, Valid: 64.27%, Test: 61.39%
Run: 01, Epoch: 28, Train: 68.76%, Valid: 64.34%, Test: 61.59%
Run: 01, Epoch: 29, Train: 69.21%, Valid: 64.47%, Test: 61.48%
Run: 01, Epoch: 30, Train: 69.17%, Valid: 64.12%, Test: 61.18%
Run 01:
Highest Train: 69.21
Highest Valid: 65.41
  Final Train: 66.83
   Final Test: 61.72
Run: 02, Epoch: 01, Train: 59.98%, Valid: 55.34%, Test: 52.93%
Run: 02, Epoch: 02, Train: 63.01%, Valid: 60.54%, Test: 58.18%
Run: 02, Epoch: 03, Train: 63.80%, Valid: 60.44%, Test: 58.95%
Run: 02, Epoch: 04, Train: 64.43%, Valid: 60.88%, Test: 59.19%
Run: 02, Epoch: 05, Train: 64.88%, Valid: 64.06%, Test: 60.82%
Run: 02, Epoch: 06, Train: 65.08%, Valid: 61.52%, Test: 59.67%
Run: 02, Epoch: 07, Train: 65.46%, Valid: 63.48%, Test: 59.81%
Run: 02, Epoch: 08, Train: 66.07%, Valid: 64.69%, Test: 61.92%
Run: 02, Epoch: 09, Train: 65.28%, Valid: 60.70%, Test: 59.41%
Run: 02, Epoch: 10, Train: 66.60%, Valid: 63.77%, Test: 61.19%
Run: 02, Epoch: 11, Train: 66.24%, Valid: 63.59%, Test: 60.76%
Run: 02, Epoch: 12, Train: 66.27%, Valid: 60.96%, Test: 60.01%
Run: 02, Epoch: 13, Train: 66.16%, Valid: 65.43%, Test: 62.10%
Run: 02, Epoch: 14, Train: 67.28%, Valid: 63.95%, Test: 61.12%
Run: 02, Epoch: 15, Train: 67.63%, Valid: 64.72%, Test: 62.01%
Run: 02, Epoch: 16, Train: 67.55%, Valid: 63.33%, Test: 60.58%
Run: 02, Epoch: 17, Train: 67.34%, Valid: 63.05%, Test: 60.00%
Run: 02, Epoch: 18, Train: 67.35%, Valid: 62.13%, Test: 60.32%
Run: 02, Epoch: 19, Train: 68.10%, Valid: 64.75%, Test: 62.01%
Run: 02, Epoch: 20, Train: 68.18%, Valid: 64.24%, Test: 61.57%
Run: 02, Epoch: 21, Train: 68.04%, Valid: 62.81%, Test: 59.57%
Run: 02, Epoch: 22, Train: 68.36%, Valid: 62.62%, Test: 59.66%
Run: 02, Epoch: 23, Train: 68.28%, Valid: 63.15%, Test: 60.66%
Run: 02, Epoch: 24, Train: 68.65%, Valid: 65.14%, Test: 61.68%
Run: 02, Epoch: 25, Train: 68.55%, Valid: 64.64%, Test: 60.93%
Run: 02, Epoch: 26, Train: 68.52%, Valid: 63.33%, Test: 60.68%
Run: 02, Epoch: 27, Train: 69.07%, Valid: 64.25%, Test: 61.43%
Run: 02, Epoch: 28, Train: 68.91%, Valid: 63.80%, Test: 61.19%
Run: 02, Epoch: 29, Train: 69.13%, Valid: 63.73%, Test: 61.27%
Run: 02, Epoch: 30, Train: 68.70%, Valid: 65.18%, Test: 62.26%
Run 02:
Highest Train: 69.13
Highest Valid: 65.43
  Final Train: 66.16
   Final Test: 62.10
Run: 03, Epoch: 01, Train: 60.43%, Valid: 60.15%, Test: 57.22%
Run: 03, Epoch: 02, Train: 62.19%, Valid: 57.54%, Test: 56.40%
Run: 03, Epoch: 03, Train: 62.78%, Valid: 63.52%, Test: 60.32%
Run: 03, Epoch: 04, Train: 63.66%, Valid: 61.81%, Test: 59.66%
Run: 03, Epoch: 05, Train: 64.59%, Valid: 62.78%, Test: 59.99%
Run: 03, Epoch: 06, Train: 64.52%, Valid: 61.90%, Test: 59.53%
Run: 03, Epoch: 07, Train: 64.54%, Valid: 59.81%, Test: 58.78%
Run: 03, Epoch: 08, Train: 65.41%, Valid: 61.85%, Test: 59.29%
Run: 03, Epoch: 09, Train: 65.83%, Valid: 64.62%, Test: 61.62%
Run: 03, Epoch: 10, Train: 66.80%, Valid: 64.21%, Test: 61.62%
Run: 03, Epoch: 11, Train: 65.96%, Valid: 61.32%, Test: 59.40%
Run: 03, Epoch: 12, Train: 66.34%, Valid: 62.70%, Test: 60.43%
Run: 03, Epoch: 13, Train: 67.15%, Valid: 63.06%, Test: 60.95%
Run: 03, Epoch: 14, Train: 66.98%, Valid: 61.95%, Test: 59.92%
Run: 03, Epoch: 15, Train: 67.31%, Valid: 64.16%, Test: 60.81%
Run: 03, Epoch: 16, Train: 67.64%, Valid: 64.72%, Test: 61.71%
Run: 03, Epoch: 17, Train: 66.85%, Valid: 61.07%, Test: 60.09%
Run: 03, Epoch: 18, Train: 67.48%, Valid: 62.27%, Test: 60.40%
Run: 03, Epoch: 19, Train: 68.38%, Valid: 64.24%, Test: 61.52%
Run: 03, Epoch: 20, Train: 67.82%, Valid: 64.73%, Test: 60.82%
Run: 03, Epoch: 21, Train: 68.20%, Valid: 64.48%, Test: 61.98%
Run: 03, Epoch: 22, Train: 68.37%, Valid: 64.68%, Test: 61.61%
Run: 03, Epoch: 23, Train: 68.00%, Valid: 62.78%, Test: 60.29%
Run: 03, Epoch: 24, Train: 67.28%, Valid: 61.24%, Test: 59.73%
Run: 03, Epoch: 25, Train: 68.52%, Valid: 64.69%, Test: 61.71%
Run: 03, Epoch: 26, Train: 68.61%, Valid: 63.98%, Test: 61.74%
Run: 03, Epoch: 27, Train: 68.77%, Valid: 64.13%, Test: 61.73%
Run: 03, Epoch: 28, Train: 68.91%, Valid: 63.96%, Test: 60.87%
Run: 03, Epoch: 29, Train: 69.37%, Valid: 65.17%, Test: 62.43%
Run: 03, Epoch: 30, Train: 69.25%, Valid: 64.50%, Test: 61.62%
Run 03:
Highest Train: 69.37
Highest Valid: 65.17
  Final Train: 69.37
   Final Test: 62.43
Run: 04, Epoch: 01, Train: 61.52%, Valid: 59.83%, Test: 56.92%
Run: 04, Epoch: 02, Train: 62.84%, Valid: 60.42%, Test: 58.65%
Run: 04, Epoch: 03, Train: 63.91%, Valid: 61.09%, Test: 59.21%
Run: 04, Epoch: 04, Train: 63.69%, Valid: 59.95%, Test: 58.16%
Run: 04, Epoch: 05, Train: 64.29%, Valid: 59.76%, Test: 57.87%
Run: 04, Epoch: 06, Train: 65.09%, Valid: 61.71%, Test: 59.76%
Run: 04, Epoch: 07, Train: 65.94%, Valid: 63.68%, Test: 61.35%
Run: 04, Epoch: 08, Train: 65.71%, Valid: 64.09%, Test: 61.22%
Run: 04, Epoch: 09, Train: 66.11%, Valid: 63.17%, Test: 60.03%
Run: 04, Epoch: 10, Train: 66.19%, Valid: 62.42%, Test: 59.96%
Run: 04, Epoch: 11, Train: 66.68%, Valid: 63.83%, Test: 61.26%
Run: 04, Epoch: 12, Train: 66.64%, Valid: 62.00%, Test: 59.88%
Run: 04, Epoch: 13, Train: 67.35%, Valid: 64.00%, Test: 61.29%
Run: 04, Epoch: 14, Train: 67.07%, Valid: 62.80%, Test: 61.00%
Run: 04, Epoch: 15, Train: 66.63%, Valid: 65.77%, Test: 62.80%
Run: 04, Epoch: 16, Train: 66.21%, Valid: 60.34%, Test: 58.97%
Run: 04, Epoch: 17, Train: 67.16%, Valid: 62.56%, Test: 60.86%
Run: 04, Epoch: 18, Train: 68.14%, Valid: 63.80%, Test: 61.43%
Run: 04, Epoch: 19, Train: 67.85%, Valid: 64.38%, Test: 61.59%
Run: 04, Epoch: 20, Train: 67.85%, Valid: 63.71%, Test: 61.33%
Run: 04, Epoch: 21, Train: 67.84%, Valid: 64.89%, Test: 61.11%
Run: 04, Epoch: 22, Train: 67.87%, Valid: 63.37%, Test: 60.41%
Run: 04, Epoch: 23, Train: 68.30%, Valid: 64.01%, Test: 60.85%
Run: 04, Epoch: 24, Train: 68.68%, Valid: 64.41%, Test: 61.36%
Run: 04, Epoch: 25, Train: 68.91%, Valid: 63.99%, Test: 61.16%
Run: 04, Epoch: 26, Train: 68.89%, Valid: 64.38%, Test: 61.48%
Run: 04, Epoch: 27, Train: 68.63%, Valid: 65.11%, Test: 61.43%
Run: 04, Epoch: 28, Train: 68.11%, Valid: 65.30%, Test: 61.90%
Run: 04, Epoch: 29, Train: 69.20%, Valid: 64.47%, Test: 61.65%
Run: 04, Epoch: 30, Train: 69.39%, Valid: 64.19%, Test: 61.40%
Run 04:
Highest Train: 69.39
Highest Valid: 65.77
  Final Train: 66.63
   Final Test: 62.80
Run: 05, Epoch: 01, Train: 61.21%, Valid: 59.61%, Test: 57.65%
Run: 05, Epoch: 02, Train: 62.20%, Valid: 60.81%, Test: 58.28%
Run: 05, Epoch: 03, Train: 63.21%, Valid: 60.02%, Test: 58.53%
Run: 05, Epoch: 04, Train: 64.88%, Valid: 62.95%, Test: 60.44%
Run: 05, Epoch: 05, Train: 65.11%, Valid: 62.72%, Test: 60.76%
Run: 05, Epoch: 06, Train: 64.93%, Valid: 62.19%, Test: 59.12%
Run: 05, Epoch: 07, Train: 65.44%, Valid: 61.49%, Test: 59.40%
Run: 05, Epoch: 08, Train: 65.86%, Valid: 61.97%, Test: 59.98%
Run: 05, Epoch: 09, Train: 66.13%, Valid: 62.95%, Test: 60.79%
Run: 05, Epoch: 10, Train: 66.62%, Valid: 63.41%, Test: 60.70%
Run: 05, Epoch: 11, Train: 66.99%, Valid: 63.74%, Test: 61.46%
Run: 05, Epoch: 12, Train: 66.48%, Valid: 64.84%, Test: 60.87%
Run: 05, Epoch: 13, Train: 66.61%, Valid: 64.71%, Test: 61.75%
Run: 05, Epoch: 14, Train: 67.59%, Valid: 63.56%, Test: 60.99%
Run: 05, Epoch: 15, Train: 67.32%, Valid: 63.27%, Test: 60.62%
Run: 05, Epoch: 16, Train: 67.61%, Valid: 64.91%, Test: 62.38%
Run: 05, Epoch: 17, Train: 67.86%, Valid: 64.61%, Test: 61.97%
Run: 05, Epoch: 18, Train: 67.84%, Valid: 64.60%, Test: 61.17%
Run: 05, Epoch: 19, Train: 67.62%, Valid: 65.82%, Test: 62.57%
Run: 05, Epoch: 20, Train: 67.46%, Valid: 61.50%, Test: 59.54%
Run: 05, Epoch: 21, Train: 68.64%, Valid: 64.92%, Test: 61.79%
Run: 05, Epoch: 22, Train: 68.28%, Valid: 64.08%, Test: 61.67%
Run: 05, Epoch: 23, Train: 67.85%, Valid: 62.65%, Test: 59.98%
Run: 05, Epoch: 24, Train: 68.63%, Valid: 65.05%, Test: 61.94%
Run: 05, Epoch: 25, Train: 68.45%, Valid: 65.01%, Test: 61.54%
Run: 05, Epoch: 26, Train: 68.76%, Valid: 65.02%, Test: 61.83%
Run: 05, Epoch: 27, Train: 68.93%, Valid: 63.63%, Test: 60.63%
Run: 05, Epoch: 28, Train: 69.09%, Valid: 63.74%, Test: 61.09%
Run: 05, Epoch: 29, Train: 69.06%, Valid: 64.18%, Test: 61.00%
Run: 05, Epoch: 30, Train: 68.59%, Valid: 65.12%, Test: 61.90%
Run 05:
Highest Train: 69.09
Highest Valid: 65.82
  Final Train: 67.62
   Final Test: 62.57
Run: 06, Epoch: 01, Train: 60.60%, Valid: 58.95%, Test: 57.12%
Run: 06, Epoch: 02, Train: 62.68%, Valid: 61.45%, Test: 58.79%
Run: 06, Epoch: 03, Train: 63.73%, Valid: 60.57%, Test: 59.04%
Run: 06, Epoch: 04, Train: 64.20%, Valid: 60.58%, Test: 58.59%
Run: 06, Epoch: 05, Train: 65.23%, Valid: 62.23%, Test: 59.79%
Run: 06, Epoch: 06, Train: 65.38%, Valid: 63.21%, Test: 60.41%
Run: 06, Epoch: 07, Train: 66.13%, Valid: 64.08%, Test: 60.83%
Run: 06, Epoch: 08, Train: 65.96%, Valid: 64.04%, Test: 61.60%
Run: 06, Epoch: 09, Train: 65.43%, Valid: 61.49%, Test: 58.60%
Run: 06, Epoch: 10, Train: 65.56%, Valid: 61.57%, Test: 59.37%
Run: 06, Epoch: 11, Train: 66.52%, Valid: 64.42%, Test: 61.32%
Run: 06, Epoch: 12, Train: 67.15%, Valid: 63.87%, Test: 61.05%
Run: 06, Epoch: 13, Train: 67.41%, Valid: 63.83%, Test: 61.24%
Run: 06, Epoch: 14, Train: 66.92%, Valid: 64.54%, Test: 61.02%
Run: 06, Epoch: 15, Train: 67.73%, Valid: 64.50%, Test: 61.56%
Run: 06, Epoch: 16, Train: 67.84%, Valid: 63.15%, Test: 61.15%
Run: 06, Epoch: 17, Train: 67.17%, Valid: 62.59%, Test: 59.84%
Run: 06, Epoch: 18, Train: 67.92%, Valid: 64.71%, Test: 61.70%
Run: 06, Epoch: 19, Train: 66.94%, Valid: 65.33%, Test: 61.68%
Run: 06, Epoch: 20, Train: 68.25%, Valid: 63.51%, Test: 61.04%
Run: 06, Epoch: 21, Train: 67.61%, Valid: 64.91%, Test: 61.86%
Run: 06, Epoch: 22, Train: 68.15%, Valid: 63.35%, Test: 60.58%
Run: 06, Epoch: 23, Train: 68.75%, Valid: 63.71%, Test: 61.14%
Run: 06, Epoch: 24, Train: 68.37%, Valid: 64.38%, Test: 61.64%
Run: 06, Epoch: 25, Train: 68.61%, Valid: 64.94%, Test: 61.98%
Run: 06, Epoch: 26, Train: 68.04%, Valid: 61.28%, Test: 59.88%
Run: 06, Epoch: 27, Train: 68.62%, Valid: 62.37%, Test: 60.70%
Run: 06, Epoch: 28, Train: 68.55%, Valid: 63.17%, Test: 61.21%
Run: 06, Epoch: 29, Train: 68.78%, Valid: 62.94%, Test: 60.92%
Run: 06, Epoch: 30, Train: 68.64%, Valid: 64.64%, Test: 61.52%
Run 06:
Highest Train: 68.78
Highest Valid: 65.33
  Final Train: 66.94
   Final Test: 61.68
Run: 07, Epoch: 01, Train: 60.76%, Valid: 56.50%, Test: 55.02%
Run: 07, Epoch: 02, Train: 63.52%, Valid: 62.64%, Test: 59.77%
Run: 07, Epoch: 03, Train: 63.38%, Valid: 59.71%, Test: 57.94%
Run: 07, Epoch: 04, Train: 64.43%, Valid: 63.14%, Test: 60.76%
Run: 07, Epoch: 05, Train: 64.28%, Valid: 63.74%, Test: 60.87%
Run: 07, Epoch: 06, Train: 65.49%, Valid: 62.45%, Test: 60.10%
Run: 07, Epoch: 07, Train: 65.80%, Valid: 62.39%, Test: 60.73%
Run: 07, Epoch: 08, Train: 65.90%, Valid: 63.51%, Test: 61.07%
Run: 07, Epoch: 09, Train: 65.57%, Valid: 64.60%, Test: 61.89%
Run: 07, Epoch: 10, Train: 66.12%, Valid: 61.48%, Test: 59.70%
Run: 07, Epoch: 11, Train: 66.94%, Valid: 64.83%, Test: 61.93%
Run: 07, Epoch: 12, Train: 67.22%, Valid: 63.16%, Test: 60.96%
Run: 07, Epoch: 13, Train: 67.25%, Valid: 65.41%, Test: 62.04%
Run: 07, Epoch: 14, Train: 67.44%, Valid: 64.26%, Test: 61.68%
Run: 07, Epoch: 15, Train: 67.32%, Valid: 64.24%, Test: 61.67%
Run: 07, Epoch: 16, Train: 67.34%, Valid: 64.94%, Test: 62.18%
Run: 07, Epoch: 17, Train: 68.02%, Valid: 64.31%, Test: 61.71%
Run: 07, Epoch: 18, Train: 67.35%, Valid: 65.10%, Test: 61.50%
Run: 07, Epoch: 19, Train: 67.53%, Valid: 62.62%, Test: 59.72%
Run: 07, Epoch: 20, Train: 68.13%, Valid: 65.01%, Test: 61.93%
Run: 07, Epoch: 21, Train: 67.43%, Valid: 65.58%, Test: 61.35%
Run: 07, Epoch: 22, Train: 68.03%, Valid: 64.43%, Test: 61.34%
Run: 07, Epoch: 23, Train: 68.71%, Valid: 64.05%, Test: 61.34%
Run: 07, Epoch: 24, Train: 68.25%, Valid: 62.83%, Test: 61.07%
Run: 07, Epoch: 25, Train: 67.93%, Valid: 62.28%, Test: 60.05%
Run: 07, Epoch: 26, Train: 68.63%, Valid: 63.81%, Test: 61.12%
Run: 07, Epoch: 27, Train: 68.73%, Valid: 63.33%, Test: 60.93%
Run: 07, Epoch: 28, Train: 69.25%, Valid: 64.03%, Test: 61.64%
Run: 07, Epoch: 29, Train: 68.43%, Valid: 64.37%, Test: 61.37%
Run: 07, Epoch: 30, Train: 69.02%, Valid: 64.60%, Test: 61.65%
Run 07:
Highest Train: 69.25
Highest Valid: 65.58
  Final Train: 67.43
   Final Test: 61.35
Run: 08, Epoch: 01, Train: 61.54%, Valid: 59.27%, Test: 56.34%
Run: 08, Epoch: 02, Train: 62.85%, Valid: 61.22%, Test: 57.24%
Run: 08, Epoch: 03, Train: 63.92%, Valid: 62.14%, Test: 59.68%
Run: 08, Epoch: 04, Train: 64.10%, Valid: 61.02%, Test: 59.19%
Run: 08, Epoch: 05, Train: 64.97%, Valid: 64.21%, Test: 60.66%
Run: 08, Epoch: 06, Train: 65.32%, Valid: 62.15%, Test: 59.70%
Run: 08, Epoch: 07, Train: 65.67%, Valid: 62.00%, Test: 60.51%
Run: 08, Epoch: 08, Train: 66.18%, Valid: 64.94%, Test: 62.04%
Run: 08, Epoch: 09, Train: 65.65%, Valid: 64.20%, Test: 60.13%
Run: 08, Epoch: 10, Train: 65.34%, Valid: 65.51%, Test: 62.02%
Run: 08, Epoch: 11, Train: 66.47%, Valid: 64.99%, Test: 61.57%
Run: 08, Epoch: 12, Train: 66.50%, Valid: 63.40%, Test: 60.91%
Run: 08, Epoch: 13, Train: 66.35%, Valid: 61.80%, Test: 59.42%
Run: 08, Epoch: 14, Train: 67.34%, Valid: 63.33%, Test: 61.15%
Run: 08, Epoch: 15, Train: 67.65%, Valid: 64.13%, Test: 61.74%
Run: 08, Epoch: 16, Train: 67.86%, Valid: 64.01%, Test: 61.18%
Run: 08, Epoch: 17, Train: 67.16%, Valid: 64.23%, Test: 61.72%
Run: 08, Epoch: 18, Train: 67.78%, Valid: 64.32%, Test: 61.57%
Run: 08, Epoch: 19, Train: 68.56%, Valid: 64.47%, Test: 62.21%
Run: 08, Epoch: 20, Train: 67.82%, Valid: 62.96%, Test: 60.75%
Run: 08, Epoch: 21, Train: 68.27%, Valid: 64.49%, Test: 61.94%
Run: 08, Epoch: 22, Train: 68.12%, Valid: 62.72%, Test: 59.45%
Run: 08, Epoch: 23, Train: 68.37%, Valid: 62.87%, Test: 60.36%
Run: 08, Epoch: 24, Train: 68.12%, Valid: 64.22%, Test: 60.94%
Run: 08, Epoch: 25, Train: 68.75%, Valid: 63.67%, Test: 60.51%
Run: 08, Epoch: 26, Train: 68.18%, Valid: 62.62%, Test: 60.00%
Run: 08, Epoch: 27, Train: 68.30%, Valid: 62.73%, Test: 60.36%
Run: 08, Epoch: 28, Train: 68.24%, Valid: 62.21%, Test: 59.94%
Run: 08, Epoch: 29, Train: 68.99%, Valid: 65.06%, Test: 62.13%
Run: 08, Epoch: 30, Train: 69.31%, Valid: 64.47%, Test: 61.63%
Run 08:
Highest Train: 69.31
Highest Valid: 65.51
  Final Train: 65.34
   Final Test: 62.02
Run: 09, Epoch: 01, Train: 61.95%, Valid: 59.19%, Test: 56.20%
Run: 09, Epoch: 02, Train: 62.29%, Valid: 58.74%, Test: 57.82%
Run: 09, Epoch: 03, Train: 63.17%, Valid: 63.39%, Test: 59.58%
Run: 09, Epoch: 04, Train: 64.83%, Valid: 63.46%, Test: 60.64%
Run: 09, Epoch: 05, Train: 64.74%, Valid: 63.24%, Test: 60.18%
Run: 09, Epoch: 06, Train: 64.96%, Valid: 63.41%, Test: 60.35%
Run: 09, Epoch: 07, Train: 65.38%, Valid: 61.39%, Test: 59.24%
Run: 09, Epoch: 08, Train: 65.76%, Valid: 63.18%, Test: 60.02%
Run: 09, Epoch: 09, Train: 66.01%, Valid: 60.95%, Test: 58.30%
Run: 09, Epoch: 10, Train: 67.03%, Valid: 64.74%, Test: 61.86%
Run: 09, Epoch: 11, Train: 66.93%, Valid: 63.51%, Test: 61.22%
Run: 09, Epoch: 12, Train: 67.06%, Valid: 63.58%, Test: 61.28%
Run: 09, Epoch: 13, Train: 67.18%, Valid: 63.16%, Test: 61.37%
Run: 09, Epoch: 14, Train: 67.34%, Valid: 64.50%, Test: 61.81%
Run: 09, Epoch: 15, Train: 67.42%, Valid: 62.68%, Test: 60.98%
Run: 09, Epoch: 16, Train: 67.29%, Valid: 64.95%, Test: 61.61%
Run: 09, Epoch: 17, Train: 67.25%, Valid: 61.64%, Test: 59.31%
Run: 09, Epoch: 18, Train: 67.78%, Valid: 64.76%, Test: 61.90%
Run: 09, Epoch: 19, Train: 67.39%, Valid: 64.86%, Test: 61.67%
Run: 09, Epoch: 20, Train: 68.06%, Valid: 64.21%, Test: 61.41%
Run: 09, Epoch: 21, Train: 68.07%, Valid: 64.97%, Test: 61.42%
Run: 09, Epoch: 22, Train: 68.30%, Valid: 64.61%, Test: 61.96%
Run: 09, Epoch: 23, Train: 68.74%, Valid: 65.27%, Test: 62.63%
Run: 09, Epoch: 24, Train: 68.44%, Valid: 62.80%, Test: 60.15%
Run: 09, Epoch: 25, Train: 69.12%, Valid: 65.18%, Test: 62.01%
Run: 09, Epoch: 26, Train: 68.94%, Valid: 64.94%, Test: 61.56%
Run: 09, Epoch: 27, Train: 68.55%, Valid: 64.69%, Test: 60.90%
Run: 09, Epoch: 28, Train: 68.94%, Valid: 64.14%, Test: 61.19%
Run: 09, Epoch: 29, Train: 69.11%, Valid: 65.46%, Test: 62.25%
Run: 09, Epoch: 30, Train: 68.53%, Valid: 64.77%, Test: 61.54%
Run 09:
Highest Train: 69.12
Highest Valid: 65.46
  Final Train: 69.11
   Final Test: 62.25
Run: 10, Epoch: 01, Train: 60.62%, Valid: 55.65%, Test: 53.60%
Run: 10, Epoch: 02, Train: 62.90%, Valid: 61.78%, Test: 59.17%
Run: 10, Epoch: 03, Train: 63.82%, Valid: 62.04%, Test: 59.15%
Run: 10, Epoch: 04, Train: 64.65%, Valid: 62.11%, Test: 59.78%
Run: 10, Epoch: 05, Train: 64.83%, Valid: 62.16%, Test: 59.52%
Run: 10, Epoch: 06, Train: 65.71%, Valid: 63.99%, Test: 61.35%
Run: 10, Epoch: 07, Train: 65.75%, Valid: 62.71%, Test: 60.36%
Run: 10, Epoch: 08, Train: 65.29%, Valid: 63.76%, Test: 60.68%
Run: 10, Epoch: 09, Train: 66.53%, Valid: 64.52%, Test: 61.26%
Run: 10, Epoch: 10, Train: 66.11%, Valid: 65.55%, Test: 62.12%
Run: 10, Epoch: 11, Train: 66.37%, Valid: 62.25%, Test: 60.33%
Run: 10, Epoch: 12, Train: 66.06%, Valid: 60.78%, Test: 58.49%
Run: 10, Epoch: 13, Train: 66.91%, Valid: 62.57%, Test: 59.99%
Run: 10, Epoch: 14, Train: 67.44%, Valid: 64.00%, Test: 60.86%
Run: 10, Epoch: 15, Train: 66.72%, Valid: 65.36%, Test: 62.24%
Run: 10, Epoch: 16, Train: 67.63%, Valid: 64.73%, Test: 61.53%
Run: 10, Epoch: 17, Train: 67.45%, Valid: 64.24%, Test: 61.34%
Run: 10, Epoch: 18, Train: 67.87%, Valid: 63.51%, Test: 61.04%
Run: 10, Epoch: 19, Train: 67.03%, Valid: 64.94%, Test: 61.91%
Run: 10, Epoch: 20, Train: 68.27%, Valid: 65.17%, Test: 62.10%
Run: 10, Epoch: 21, Train: 68.14%, Valid: 63.72%, Test: 60.66%
Run: 10, Epoch: 22, Train: 68.56%, Valid: 63.83%, Test: 60.94%
Run: 10, Epoch: 23, Train: 68.54%, Valid: 63.94%, Test: 60.99%
Run: 10, Epoch: 24, Train: 68.17%, Valid: 63.53%, Test: 61.12%
Run: 10, Epoch: 25, Train: 68.39%, Valid: 64.30%, Test: 61.17%
Run: 10, Epoch: 26, Train: 68.32%, Valid: 63.65%, Test: 60.98%
Run: 10, Epoch: 27, Train: 68.54%, Valid: 64.98%, Test: 61.77%
Run: 10, Epoch: 28, Train: 69.06%, Valid: 65.40%, Test: 62.17%
Run: 10, Epoch: 29, Train: 68.39%, Valid: 61.82%, Test: 60.11%
Run: 10, Epoch: 30, Train: 69.14%, Valid: 65.44%, Test: 62.23%
Run 10:
Highest Train: 69.14
Highest Valid: 65.55
  Final Train: 66.11
   Final Test: 62.12
All runs:
Highest Train: 69.18 ± 0.18
Highest Valid: 65.50 ± 0.19
  Final Train: 67.15 ± 1.28
   Final Test: 62.10 ± 0.44
