Namespace(device=0, log_steps=1, use_node_embedding=False, use_sgc_embedding=True, num_sgc_iterations=3, num_layers=3, hidden_channels=256, dropout=0, lr=0.01, batch_size=256, epochs=30, runs=10, rsv=0.375)
Run: 01, Epoch: 01, Train: 60.90%, Valid: 57.26%, Test: 55.27%
Run: 01, Epoch: 02, Train: 63.24%, Valid: 62.04%, Test: 59.31%
Run: 01, Epoch: 03, Train: 62.79%, Valid: 58.53%, Test: 56.85%
Run: 01, Epoch: 04, Train: 64.17%, Valid: 63.10%, Test: 60.08%
Run: 01, Epoch: 05, Train: 64.46%, Valid: 60.66%, Test: 58.72%
Run: 01, Epoch: 06, Train: 65.48%, Valid: 62.31%, Test: 60.01%
Run: 01, Epoch: 07, Train: 66.00%, Valid: 64.43%, Test: 61.57%
Run: 01, Epoch: 08, Train: 66.23%, Valid: 63.98%, Test: 60.79%
Run: 01, Epoch: 09, Train: 66.55%, Valid: 65.18%, Test: 61.99%
Run: 01, Epoch: 10, Train: 66.63%, Valid: 63.56%, Test: 60.62%
Run: 01, Epoch: 11, Train: 67.03%, Valid: 64.45%, Test: 61.17%
Run: 01, Epoch: 12, Train: 67.21%, Valid: 64.57%, Test: 62.05%
Run: 01, Epoch: 13, Train: 66.44%, Valid: 61.72%, Test: 59.44%
Run: 01, Epoch: 14, Train: 67.40%, Valid: 64.28%, Test: 61.26%
Run: 01, Epoch: 15, Train: 66.29%, Valid: 62.15%, Test: 60.15%
Run: 01, Epoch: 16, Train: 67.73%, Valid: 64.08%, Test: 61.37%
Run: 01, Epoch: 17, Train: 67.56%, Valid: 63.64%, Test: 61.18%
Run: 01, Epoch: 18, Train: 67.79%, Valid: 63.77%, Test: 61.42%
Run: 01, Epoch: 19, Train: 67.67%, Valid: 63.24%, Test: 60.73%
Run: 01, Epoch: 20, Train: 67.84%, Valid: 63.19%, Test: 60.75%
Run: 01, Epoch: 21, Train: 68.31%, Valid: 64.22%, Test: 61.21%
Run: 01, Epoch: 22, Train: 67.87%, Valid: 62.89%, Test: 60.33%
Run: 01, Epoch: 23, Train: 68.21%, Valid: 64.21%, Test: 61.67%
Run: 01, Epoch: 24, Train: 68.12%, Valid: 63.89%, Test: 61.49%
Run: 01, Epoch: 25, Train: 68.83%, Valid: 65.37%, Test: 61.61%
Run: 01, Epoch: 26, Train: 68.15%, Valid: 65.10%, Test: 61.65%
Run: 01, Epoch: 27, Train: 68.64%, Valid: 63.46%, Test: 61.24%
Run: 01, Epoch: 28, Train: 69.03%, Valid: 64.59%, Test: 61.31%
Run: 01, Epoch: 29, Train: 68.60%, Valid: 64.35%, Test: 60.78%
Run: 01, Epoch: 30, Train: 68.51%, Valid: 64.85%, Test: 61.48%
Run 01:
Highest Train: 69.03
Highest Valid: 65.37
  Final Train: 68.83
   Final Test: 61.61
Run: 02, Epoch: 01, Train: 61.68%, Valid: 59.73%, Test: 57.20%
Run: 02, Epoch: 02, Train: 61.96%, Valid: 58.30%, Test: 56.99%
Run: 02, Epoch: 03, Train: 63.55%, Valid: 60.76%, Test: 58.51%
Run: 02, Epoch: 04, Train: 64.34%, Valid: 61.87%, Test: 59.59%
Run: 02, Epoch: 05, Train: 64.60%, Valid: 63.89%, Test: 61.17%
Run: 02, Epoch: 06, Train: 65.20%, Valid: 61.63%, Test: 60.04%
Run: 02, Epoch: 07, Train: 65.24%, Valid: 63.14%, Test: 59.90%
Run: 02, Epoch: 08, Train: 65.53%, Valid: 62.22%, Test: 60.39%
Run: 02, Epoch: 09, Train: 66.27%, Valid: 65.22%, Test: 61.93%
Run: 02, Epoch: 10, Train: 66.68%, Valid: 64.10%, Test: 60.87%
Run: 02, Epoch: 11, Train: 66.49%, Valid: 63.99%, Test: 60.73%
Run: 02, Epoch: 12, Train: 66.93%, Valid: 63.69%, Test: 60.92%
Run: 02, Epoch: 13, Train: 66.52%, Valid: 61.84%, Test: 60.04%
Run: 02, Epoch: 14, Train: 66.97%, Valid: 63.34%, Test: 61.26%
Run: 02, Epoch: 15, Train: 67.57%, Valid: 63.22%, Test: 60.83%
Run: 02, Epoch: 16, Train: 67.58%, Valid: 63.93%, Test: 61.29%
Run: 02, Epoch: 17, Train: 67.60%, Valid: 64.12%, Test: 61.33%
Run: 02, Epoch: 18, Train: 68.17%, Valid: 65.62%, Test: 62.40%
Run: 02, Epoch: 19, Train: 68.09%, Valid: 64.60%, Test: 61.27%
Run: 02, Epoch: 20, Train: 68.21%, Valid: 66.02%, Test: 62.67%
Run: 02, Epoch: 21, Train: 68.39%, Valid: 64.35%, Test: 62.04%
Run: 02, Epoch: 22, Train: 68.65%, Valid: 65.20%, Test: 62.33%
Run: 02, Epoch: 23, Train: 68.58%, Valid: 63.72%, Test: 61.17%
Run: 02, Epoch: 24, Train: 68.11%, Valid: 63.55%, Test: 60.35%
Run: 02, Epoch: 25, Train: 68.03%, Valid: 65.16%, Test: 62.42%
Run: 02, Epoch: 26, Train: 68.63%, Valid: 64.12%, Test: 61.04%
Run: 02, Epoch: 27, Train: 68.99%, Valid: 64.98%, Test: 61.90%
Run: 02, Epoch: 28, Train: 68.45%, Valid: 63.10%, Test: 61.36%
Run: 02, Epoch: 29, Train: 67.87%, Valid: 65.02%, Test: 61.67%
Run: 02, Epoch: 30, Train: 68.85%, Valid: 64.60%, Test: 61.62%
Run 02:
Highest Train: 68.99
Highest Valid: 66.02
  Final Train: 68.21
   Final Test: 62.67
Run: 03, Epoch: 01, Train: 61.63%, Valid: 60.46%, Test: 58.02%
Run: 03, Epoch: 02, Train: 62.98%, Valid: 59.98%, Test: 58.14%
Run: 03, Epoch: 03, Train: 64.03%, Valid: 62.88%, Test: 58.66%
Run: 03, Epoch: 04, Train: 64.63%, Valid: 62.96%, Test: 61.04%
Run: 03, Epoch: 05, Train: 64.61%, Valid: 63.66%, Test: 61.07%
Run: 03, Epoch: 06, Train: 65.16%, Valid: 62.66%, Test: 59.88%
Run: 03, Epoch: 07, Train: 65.48%, Valid: 63.49%, Test: 60.94%
Run: 03, Epoch: 08, Train: 65.30%, Valid: 60.98%, Test: 59.45%
Run: 03, Epoch: 09, Train: 65.36%, Valid: 60.28%, Test: 58.43%
Run: 03, Epoch: 10, Train: 66.29%, Valid: 62.68%, Test: 60.18%
Run: 03, Epoch: 11, Train: 66.34%, Valid: 63.95%, Test: 60.63%
Run: 03, Epoch: 12, Train: 66.28%, Valid: 61.36%, Test: 60.01%
Run: 03, Epoch: 13, Train: 66.40%, Valid: 61.17%, Test: 59.09%
Run: 03, Epoch: 14, Train: 67.43%, Valid: 65.31%, Test: 61.42%
Run: 03, Epoch: 15, Train: 67.53%, Valid: 64.99%, Test: 60.97%
Run: 03, Epoch: 16, Train: 67.23%, Valid: 64.97%, Test: 61.58%
Run: 03, Epoch: 17, Train: 67.72%, Valid: 65.01%, Test: 62.02%
Run: 03, Epoch: 18, Train: 67.58%, Valid: 62.42%, Test: 59.77%
Run: 03, Epoch: 19, Train: 68.12%, Valid: 63.93%, Test: 61.09%
Run: 03, Epoch: 20, Train: 68.21%, Valid: 63.89%, Test: 60.86%
Run: 03, Epoch: 21, Train: 68.28%, Valid: 64.60%, Test: 61.77%
Run: 03, Epoch: 22, Train: 68.50%, Valid: 65.01%, Test: 61.55%
Run: 03, Epoch: 23, Train: 68.11%, Valid: 62.84%, Test: 61.11%
Run: 03, Epoch: 24, Train: 68.54%, Valid: 64.88%, Test: 61.39%
Run: 03, Epoch: 25, Train: 68.20%, Valid: 64.15%, Test: 61.25%
Run: 03, Epoch: 26, Train: 69.14%, Valid: 64.83%, Test: 61.80%
Run: 03, Epoch: 27, Train: 69.11%, Valid: 64.71%, Test: 61.65%
Run: 03, Epoch: 28, Train: 69.05%, Valid: 65.55%, Test: 62.14%
Run: 03, Epoch: 29, Train: 68.19%, Valid: 65.26%, Test: 62.41%
Run: 03, Epoch: 30, Train: 68.88%, Valid: 65.38%, Test: 62.43%
Run 03:
Highest Train: 69.14
Highest Valid: 65.55
  Final Train: 69.05
   Final Test: 62.14
Run: 04, Epoch: 01, Train: 61.62%, Valid: 58.63%, Test: 56.80%
Run: 04, Epoch: 02, Train: 61.99%, Valid: 59.77%, Test: 57.89%
Run: 04, Epoch: 03, Train: 63.88%, Valid: 61.43%, Test: 59.79%
Run: 04, Epoch: 04, Train: 63.59%, Valid: 58.90%, Test: 57.93%
Run: 04, Epoch: 05, Train: 65.02%, Valid: 61.87%, Test: 60.04%
Run: 04, Epoch: 06, Train: 65.34%, Valid: 62.30%, Test: 60.07%
Run: 04, Epoch: 07, Train: 64.97%, Valid: 63.39%, Test: 60.64%
Run: 04, Epoch: 08, Train: 66.01%, Valid: 63.21%, Test: 60.71%
Run: 04, Epoch: 09, Train: 66.46%, Valid: 64.92%, Test: 62.03%
Run: 04, Epoch: 10, Train: 66.71%, Valid: 63.53%, Test: 61.35%
Run: 04, Epoch: 11, Train: 66.19%, Valid: 64.76%, Test: 61.80%
Run: 04, Epoch: 12, Train: 66.28%, Valid: 62.25%, Test: 59.77%
Run: 04, Epoch: 13, Train: 66.70%, Valid: 64.34%, Test: 61.37%
Run: 04, Epoch: 14, Train: 66.89%, Valid: 62.37%, Test: 59.82%
Run: 04, Epoch: 15, Train: 67.37%, Valid: 63.75%, Test: 61.07%
Run: 04, Epoch: 16, Train: 67.83%, Valid: 63.46%, Test: 61.51%
Run: 04, Epoch: 17, Train: 67.57%, Valid: 63.04%, Test: 61.26%
Run: 04, Epoch: 18, Train: 67.67%, Valid: 64.08%, Test: 61.51%
Run: 04, Epoch: 19, Train: 67.96%, Valid: 64.17%, Test: 61.41%
Run: 04, Epoch: 20, Train: 67.56%, Valid: 64.21%, Test: 61.68%
Run: 04, Epoch: 21, Train: 68.05%, Valid: 63.93%, Test: 60.60%
Run: 04, Epoch: 22, Train: 67.59%, Valid: 65.02%, Test: 61.31%
Run: 04, Epoch: 23, Train: 68.33%, Valid: 64.38%, Test: 61.53%
Run: 04, Epoch: 24, Train: 68.52%, Valid: 64.12%, Test: 61.36%
Run: 04, Epoch: 25, Train: 68.66%, Valid: 64.31%, Test: 61.92%
Run: 04, Epoch: 26, Train: 68.81%, Valid: 64.83%, Test: 61.36%
Run: 04, Epoch: 27, Train: 68.71%, Valid: 63.50%, Test: 61.34%
Run: 04, Epoch: 28, Train: 68.76%, Valid: 64.93%, Test: 61.38%
Run: 04, Epoch: 29, Train: 69.13%, Valid: 64.97%, Test: 61.45%
Run: 04, Epoch: 30, Train: 69.05%, Valid: 65.07%, Test: 61.93%
Run 04:
Highest Train: 69.13
Highest Valid: 65.07
  Final Train: 69.05
   Final Test: 61.93
Run: 05, Epoch: 01, Train: 59.77%, Valid: 54.45%, Test: 53.66%
Run: 05, Epoch: 02, Train: 62.82%, Valid: 62.89%, Test: 59.81%
Run: 05, Epoch: 03, Train: 63.65%, Valid: 63.29%, Test: 60.76%
Run: 05, Epoch: 04, Train: 63.72%, Valid: 60.15%, Test: 58.43%
Run: 05, Epoch: 05, Train: 63.96%, Valid: 60.57%, Test: 58.43%
Run: 05, Epoch: 06, Train: 65.58%, Valid: 64.14%, Test: 61.24%
Run: 05, Epoch: 07, Train: 65.57%, Valid: 62.70%, Test: 60.44%
Run: 05, Epoch: 08, Train: 66.36%, Valid: 63.28%, Test: 60.23%
Run: 05, Epoch: 09, Train: 65.59%, Valid: 63.53%, Test: 60.70%
Run: 05, Epoch: 10, Train: 65.75%, Valid: 61.28%, Test: 59.79%
Run: 05, Epoch: 11, Train: 66.67%, Valid: 63.23%, Test: 60.40%
Run: 05, Epoch: 12, Train: 66.72%, Valid: 63.84%, Test: 60.98%
Run: 05, Epoch: 13, Train: 66.97%, Valid: 63.45%, Test: 60.82%
Run: 05, Epoch: 14, Train: 65.96%, Valid: 64.23%, Test: 61.55%
Run: 05, Epoch: 15, Train: 67.58%, Valid: 64.18%, Test: 61.64%
Run: 05, Epoch: 16, Train: 67.25%, Valid: 63.56%, Test: 61.00%
Run: 05, Epoch: 17, Train: 67.31%, Valid: 63.14%, Test: 60.64%
Run: 05, Epoch: 18, Train: 67.96%, Valid: 64.51%, Test: 61.47%
Run: 05, Epoch: 19, Train: 68.17%, Valid: 64.80%, Test: 61.58%
Run: 05, Epoch: 20, Train: 67.70%, Valid: 64.73%, Test: 62.06%
Run: 05, Epoch: 21, Train: 68.06%, Valid: 64.65%, Test: 61.12%
Run: 05, Epoch: 22, Train: 68.37%, Valid: 65.39%, Test: 61.85%
Run: 05, Epoch: 23, Train: 68.16%, Valid: 63.89%, Test: 61.13%
Run: 05, Epoch: 24, Train: 68.41%, Valid: 64.92%, Test: 61.31%
Run: 05, Epoch: 25, Train: 68.84%, Valid: 64.07%, Test: 61.19%
Run: 05, Epoch: 26, Train: 68.10%, Valid: 62.02%, Test: 60.14%
Run: 05, Epoch: 27, Train: 68.55%, Valid: 63.80%, Test: 61.29%
Run: 05, Epoch: 28, Train: 68.81%, Valid: 64.89%, Test: 62.09%
Run: 05, Epoch: 29, Train: 68.85%, Valid: 64.40%, Test: 61.73%
Run: 05, Epoch: 30, Train: 68.21%, Valid: 62.89%, Test: 60.79%
Run 05:
Highest Train: 68.85
Highest Valid: 65.39
  Final Train: 68.37
   Final Test: 61.85
Run: 06, Epoch: 01, Train: 61.78%, Valid: 60.89%, Test: 57.90%
Run: 06, Epoch: 02, Train: 62.29%, Valid: 59.28%, Test: 57.18%
Run: 06, Epoch: 03, Train: 63.70%, Valid: 62.56%, Test: 59.76%
Run: 06, Epoch: 04, Train: 64.16%, Valid: 61.77%, Test: 60.02%
Run: 06, Epoch: 05, Train: 65.10%, Valid: 63.77%, Test: 61.17%
Run: 06, Epoch: 06, Train: 64.76%, Valid: 62.13%, Test: 59.76%
Run: 06, Epoch: 07, Train: 65.94%, Valid: 63.97%, Test: 61.06%
Run: 06, Epoch: 08, Train: 65.82%, Valid: 65.32%, Test: 61.94%
Run: 06, Epoch: 09, Train: 65.33%, Valid: 64.06%, Test: 61.03%
Run: 06, Epoch: 10, Train: 66.17%, Valid: 62.60%, Test: 59.35%
Run: 06, Epoch: 11, Train: 66.91%, Valid: 64.40%, Test: 61.46%
Run: 06, Epoch: 12, Train: 66.33%, Valid: 64.94%, Test: 61.74%
Run: 06, Epoch: 13, Train: 67.19%, Valid: 63.62%, Test: 60.32%
Run: 06, Epoch: 14, Train: 66.89%, Valid: 65.25%, Test: 61.60%
Run: 06, Epoch: 15, Train: 67.79%, Valid: 64.92%, Test: 61.68%
Run: 06, Epoch: 16, Train: 66.62%, Valid: 63.95%, Test: 60.32%
Run: 06, Epoch: 17, Train: 67.78%, Valid: 65.35%, Test: 61.87%
Run: 06, Epoch: 18, Train: 67.61%, Valid: 63.49%, Test: 61.09%
Run: 06, Epoch: 19, Train: 68.04%, Valid: 64.85%, Test: 61.92%
Run: 06, Epoch: 20, Train: 68.16%, Valid: 64.21%, Test: 61.29%
Run: 06, Epoch: 21, Train: 68.13%, Valid: 64.45%, Test: 61.43%
Run: 06, Epoch: 22, Train: 68.42%, Valid: 65.65%, Test: 62.11%
Run: 06, Epoch: 23, Train: 68.64%, Valid: 65.30%, Test: 62.37%
Run: 06, Epoch: 24, Train: 68.76%, Valid: 64.86%, Test: 61.64%
Run: 06, Epoch: 25, Train: 68.39%, Valid: 64.39%, Test: 61.71%
Run: 06, Epoch: 26, Train: 68.70%, Valid: 64.84%, Test: 61.36%
Run: 06, Epoch: 27, Train: 68.40%, Valid: 63.37%, Test: 61.17%
Run: 06, Epoch: 28, Train: 68.96%, Valid: 64.07%, Test: 61.44%
Run: 06, Epoch: 29, Train: 68.31%, Valid: 65.96%, Test: 62.92%
Run: 06, Epoch: 30, Train: 68.93%, Valid: 64.94%, Test: 61.71%
Run 06:
Highest Train: 68.96
Highest Valid: 65.96
  Final Train: 68.31
   Final Test: 62.92
Run: 07, Epoch: 01, Train: 60.87%, Valid: 58.52%, Test: 56.41%
Run: 07, Epoch: 02, Train: 63.77%, Valid: 61.91%, Test: 59.69%
Run: 07, Epoch: 03, Train: 63.49%, Valid: 60.35%, Test: 58.16%
Run: 07, Epoch: 04, Train: 64.53%, Valid: 63.09%, Test: 60.27%
Run: 07, Epoch: 05, Train: 64.59%, Valid: 61.39%, Test: 59.10%
Run: 07, Epoch: 06, Train: 65.22%, Valid: 61.44%, Test: 58.09%
Run: 07, Epoch: 07, Train: 65.61%, Valid: 62.66%, Test: 59.36%
Run: 07, Epoch: 08, Train: 65.81%, Valid: 63.78%, Test: 60.44%
Run: 07, Epoch: 09, Train: 66.28%, Valid: 63.48%, Test: 61.08%
Run: 07, Epoch: 10, Train: 65.81%, Valid: 64.55%, Test: 61.94%
Run: 07, Epoch: 11, Train: 66.98%, Valid: 63.33%, Test: 61.08%
Run: 07, Epoch: 12, Train: 66.82%, Valid: 65.22%, Test: 62.36%
Run: 07, Epoch: 13, Train: 67.51%, Valid: 64.49%, Test: 61.33%
Run: 07, Epoch: 14, Train: 66.88%, Valid: 65.07%, Test: 61.80%
Run: 07, Epoch: 15, Train: 67.27%, Valid: 65.58%, Test: 62.78%
Run: 07, Epoch: 16, Train: 67.76%, Valid: 64.47%, Test: 61.45%
Run: 07, Epoch: 17, Train: 67.98%, Valid: 64.62%, Test: 61.64%
Run: 07, Epoch: 18, Train: 68.13%, Valid: 63.48%, Test: 60.16%
Run: 07, Epoch: 19, Train: 67.99%, Valid: 63.75%, Test: 61.03%
Run: 07, Epoch: 20, Train: 67.93%, Valid: 63.56%, Test: 60.65%
Run: 07, Epoch: 21, Train: 68.08%, Valid: 63.57%, Test: 60.80%
Run: 07, Epoch: 22, Train: 68.43%, Valid: 65.01%, Test: 62.07%
Run: 07, Epoch: 23, Train: 68.69%, Valid: 64.87%, Test: 61.52%
Run: 07, Epoch: 24, Train: 68.16%, Valid: 65.23%, Test: 61.53%
Run: 07, Epoch: 25, Train: 68.86%, Valid: 65.18%, Test: 61.86%
Run: 07, Epoch: 26, Train: 68.44%, Valid: 64.06%, Test: 61.45%
Run: 07, Epoch: 27, Train: 68.16%, Valid: 65.09%, Test: 61.80%
Run: 07, Epoch: 28, Train: 68.70%, Valid: 64.97%, Test: 62.14%
Run: 07, Epoch: 29, Train: 68.23%, Valid: 62.37%, Test: 60.05%
Run: 07, Epoch: 30, Train: 68.85%, Valid: 64.09%, Test: 60.46%
Run 07:
Highest Train: 68.86
Highest Valid: 65.58
  Final Train: 67.27
   Final Test: 62.78
Run: 08, Epoch: 01, Train: 61.43%, Valid: 58.47%, Test: 56.61%
Run: 08, Epoch: 02, Train: 63.30%, Valid: 61.01%, Test: 57.96%
Run: 08, Epoch: 03, Train: 63.76%, Valid: 61.26%, Test: 59.53%
Run: 08, Epoch: 04, Train: 64.47%, Valid: 61.73%, Test: 59.44%
Run: 08, Epoch: 05, Train: 63.58%, Valid: 63.18%, Test: 60.13%
Run: 08, Epoch: 06, Train: 65.43%, Valid: 64.44%, Test: 61.60%
Run: 08, Epoch: 07, Train: 65.87%, Valid: 63.77%, Test: 61.02%
Run: 08, Epoch: 08, Train: 65.21%, Valid: 60.38%, Test: 58.71%
Run: 08, Epoch: 09, Train: 66.18%, Valid: 62.30%, Test: 60.02%
Run: 08, Epoch: 10, Train: 66.37%, Valid: 62.52%, Test: 60.80%
Run: 08, Epoch: 11, Train: 66.55%, Valid: 62.22%, Test: 59.85%
Run: 08, Epoch: 12, Train: 66.92%, Valid: 65.77%, Test: 62.60%
Run: 08, Epoch: 13, Train: 67.01%, Valid: 62.16%, Test: 59.00%
Run: 08, Epoch: 14, Train: 67.25%, Valid: 64.65%, Test: 61.75%
Run: 08, Epoch: 15, Train: 67.19%, Valid: 63.35%, Test: 60.63%
Run: 08, Epoch: 16, Train: 66.98%, Valid: 62.03%, Test: 60.07%
Run: 08, Epoch: 17, Train: 67.59%, Valid: 64.57%, Test: 61.00%
Run: 08, Epoch: 18, Train: 67.73%, Valid: 63.91%, Test: 60.34%
Run: 08, Epoch: 19, Train: 67.68%, Valid: 63.71%, Test: 61.15%
Run: 08, Epoch: 20, Train: 68.23%, Valid: 64.28%, Test: 61.08%
Run: 08, Epoch: 21, Train: 67.62%, Valid: 62.37%, Test: 60.17%
Run: 08, Epoch: 22, Train: 68.05%, Valid: 63.52%, Test: 60.73%
Run: 08, Epoch: 23, Train: 67.94%, Valid: 63.04%, Test: 60.82%
Run: 08, Epoch: 24, Train: 68.34%, Valid: 63.30%, Test: 60.77%
Run: 08, Epoch: 25, Train: 68.37%, Valid: 63.48%, Test: 60.88%
Run: 08, Epoch: 26, Train: 68.76%, Valid: 64.42%, Test: 61.31%
Run: 08, Epoch: 27, Train: 68.01%, Valid: 65.00%, Test: 61.50%
Run: 08, Epoch: 28, Train: 68.97%, Valid: 64.44%, Test: 61.03%
Run: 08, Epoch: 29, Train: 68.90%, Valid: 64.23%, Test: 61.18%
Run: 08, Epoch: 30, Train: 69.04%, Valid: 65.80%, Test: 62.82%
Run 08:
Highest Train: 69.04
Highest Valid: 65.80
  Final Train: 69.04
   Final Test: 62.82
Run: 09, Epoch: 01, Train: 60.72%, Valid: 55.45%, Test: 52.32%
Run: 09, Epoch: 02, Train: 62.91%, Valid: 61.09%, Test: 58.54%
Run: 09, Epoch: 03, Train: 64.52%, Valid: 62.62%, Test: 60.04%
Run: 09, Epoch: 04, Train: 63.59%, Valid: 63.64%, Test: 60.43%
Run: 09, Epoch: 05, Train: 64.63%, Valid: 63.22%, Test: 60.69%
Run: 09, Epoch: 06, Train: 65.51%, Valid: 62.12%, Test: 60.00%
Run: 09, Epoch: 07, Train: 65.59%, Valid: 63.13%, Test: 60.15%
Run: 09, Epoch: 08, Train: 65.75%, Valid: 63.96%, Test: 61.03%
Run: 09, Epoch: 09, Train: 66.44%, Valid: 63.71%, Test: 61.11%
Run: 09, Epoch: 10, Train: 65.88%, Valid: 62.90%, Test: 60.67%
Run: 09, Epoch: 11, Train: 66.68%, Valid: 64.44%, Test: 61.35%
Run: 09, Epoch: 12, Train: 66.75%, Valid: 64.11%, Test: 61.37%
Run: 09, Epoch: 13, Train: 67.06%, Valid: 64.79%, Test: 61.67%
Run: 09, Epoch: 14, Train: 67.28%, Valid: 63.90%, Test: 60.34%
Run: 09, Epoch: 15, Train: 67.36%, Valid: 63.17%, Test: 60.29%
Run: 09, Epoch: 16, Train: 67.92%, Valid: 64.20%, Test: 61.22%
Run: 09, Epoch: 17, Train: 67.63%, Valid: 64.51%, Test: 61.17%
Run: 09, Epoch: 18, Train: 68.31%, Valid: 65.12%, Test: 61.88%
Run: 09, Epoch: 19, Train: 67.14%, Valid: 61.81%, Test: 59.86%
Run: 09, Epoch: 20, Train: 68.06%, Valid: 63.85%, Test: 60.54%
Run: 09, Epoch: 21, Train: 68.05%, Valid: 64.59%, Test: 61.80%
Run: 09, Epoch: 22, Train: 68.32%, Valid: 63.33%, Test: 60.80%
Run: 09, Epoch: 23, Train: 68.23%, Valid: 65.13%, Test: 62.07%
Run: 09, Epoch: 24, Train: 68.51%, Valid: 64.51%, Test: 61.29%
Run: 09, Epoch: 25, Train: 68.03%, Valid: 63.97%, Test: 60.81%
Run: 09, Epoch: 26, Train: 68.69%, Valid: 63.54%, Test: 61.03%
Run: 09, Epoch: 27, Train: 68.69%, Valid: 65.30%, Test: 62.04%
Run: 09, Epoch: 28, Train: 68.84%, Valid: 65.07%, Test: 61.96%
Run: 09, Epoch: 29, Train: 68.47%, Valid: 62.99%, Test: 60.80%
Run: 09, Epoch: 30, Train: 68.85%, Valid: 64.44%, Test: 61.11%
Run 09:
Highest Train: 68.85
Highest Valid: 65.30
  Final Train: 68.69
   Final Test: 62.04
Run: 10, Epoch: 01, Train: 61.08%, Valid: 57.83%, Test: 56.27%
Run: 10, Epoch: 02, Train: 63.20%, Valid: 61.16%, Test: 58.59%
Run: 10, Epoch: 03, Train: 63.49%, Valid: 61.63%, Test: 58.87%
Run: 10, Epoch: 04, Train: 63.65%, Valid: 64.19%, Test: 61.53%
Run: 10, Epoch: 05, Train: 65.04%, Valid: 63.43%, Test: 60.44%
Run: 10, Epoch: 06, Train: 64.35%, Valid: 60.09%, Test: 58.87%
Run: 10, Epoch: 07, Train: 65.25%, Valid: 62.95%, Test: 60.74%
Run: 10, Epoch: 08, Train: 66.08%, Valid: 62.47%, Test: 60.11%
Run: 10, Epoch: 09, Train: 65.93%, Valid: 62.05%, Test: 60.17%
Run: 10, Epoch: 10, Train: 66.60%, Valid: 62.74%, Test: 59.45%
Run: 10, Epoch: 11, Train: 66.75%, Valid: 65.07%, Test: 62.46%
Run: 10, Epoch: 12, Train: 65.94%, Valid: 61.33%, Test: 58.95%
Run: 10, Epoch: 13, Train: 67.13%, Valid: 64.25%, Test: 61.34%
Run: 10, Epoch: 14, Train: 67.10%, Valid: 63.12%, Test: 61.21%
Run: 10, Epoch: 15, Train: 65.71%, Valid: 61.18%, Test: 59.42%
Run: 10, Epoch: 16, Train: 67.18%, Valid: 62.13%, Test: 60.24%
Run: 10, Epoch: 17, Train: 67.24%, Valid: 61.68%, Test: 59.07%
Run: 10, Epoch: 18, Train: 67.82%, Valid: 64.38%, Test: 61.60%
Run: 10, Epoch: 19, Train: 67.93%, Valid: 64.15%, Test: 61.34%
Run: 10, Epoch: 20, Train: 68.24%, Valid: 64.54%, Test: 62.24%
Run: 10, Epoch: 21, Train: 67.82%, Valid: 62.91%, Test: 60.48%
Run: 10, Epoch: 22, Train: 68.32%, Valid: 64.57%, Test: 61.13%
Run: 10, Epoch: 23, Train: 68.52%, Valid: 64.34%, Test: 61.69%
Run: 10, Epoch: 24, Train: 68.68%, Valid: 65.32%, Test: 62.01%
Run: 10, Epoch: 25, Train: 68.29%, Valid: 63.55%, Test: 60.94%
Run: 10, Epoch: 26, Train: 68.33%, Valid: 62.96%, Test: 60.20%
Run: 10, Epoch: 27, Train: 68.76%, Valid: 64.36%, Test: 61.75%
Run: 10, Epoch: 28, Train: 68.11%, Valid: 65.16%, Test: 61.98%
Run: 10, Epoch: 29, Train: 68.20%, Valid: 65.39%, Test: 61.24%
Run: 10, Epoch: 30, Train: 68.96%, Valid: 65.54%, Test: 62.41%
Run 10:
Highest Train: 68.96
Highest Valid: 65.54
  Final Train: 68.96
   Final Test: 62.41
All runs:
Highest Train: 68.98 ± 0.11
Highest Valid: 65.56 ± 0.30
  Final Train: 68.58 ± 0.56
   Final Test: 62.32 ± 0.46
