Namespace(device=0, log_steps=1, use_node_embedding=False, use_sgc_embedding=True, num_sgc_iterations=3, num_layers=3, hidden_channels=256, dropout=0, lr=0.01, batch_size=256, epochs=30, runs=10, rsv=0.4)
Run: 01, Epoch: 01, Train: 61.61%, Valid: 56.58%, Test: 55.29%
Run: 01, Epoch: 02, Train: 61.94%, Valid: 62.68%, Test: 59.87%
Run: 01, Epoch: 03, Train: 63.46%, Valid: 60.01%, Test: 58.68%
Run: 01, Epoch: 04, Train: 64.76%, Valid: 64.56%, Test: 62.00%
Run: 01, Epoch: 05, Train: 64.71%, Valid: 62.21%, Test: 59.41%
Run: 01, Epoch: 06, Train: 65.56%, Valid: 62.97%, Test: 60.52%
Run: 01, Epoch: 07, Train: 64.99%, Valid: 60.25%, Test: 58.29%
Run: 01, Epoch: 08, Train: 65.90%, Valid: 65.02%, Test: 61.80%
Run: 01, Epoch: 09, Train: 65.57%, Valid: 60.70%, Test: 59.52%
Run: 01, Epoch: 10, Train: 65.90%, Valid: 62.46%, Test: 59.77%
Run: 01, Epoch: 11, Train: 66.19%, Valid: 64.91%, Test: 62.12%
Run: 01, Epoch: 12, Train: 67.29%, Valid: 64.44%, Test: 61.36%
Run: 01, Epoch: 13, Train: 66.99%, Valid: 63.74%, Test: 61.15%
Run: 01, Epoch: 14, Train: 67.66%, Valid: 64.73%, Test: 61.83%
Run: 01, Epoch: 15, Train: 67.34%, Valid: 62.98%, Test: 60.58%
Run: 01, Epoch: 16, Train: 66.19%, Valid: 65.71%, Test: 62.63%
Run: 01, Epoch: 17, Train: 67.72%, Valid: 63.64%, Test: 60.66%
Run: 01, Epoch: 18, Train: 67.50%, Valid: 62.56%, Test: 60.47%
Run: 01, Epoch: 19, Train: 67.66%, Valid: 63.91%, Test: 61.10%
Run: 01, Epoch: 20, Train: 68.01%, Valid: 64.96%, Test: 61.86%
Run: 01, Epoch: 21, Train: 67.95%, Valid: 64.30%, Test: 61.41%
Run: 01, Epoch: 22, Train: 68.12%, Valid: 64.22%, Test: 61.28%
Run: 01, Epoch: 23, Train: 67.82%, Valid: 65.49%, Test: 62.49%
Run: 01, Epoch: 24, Train: 68.21%, Valid: 64.44%, Test: 61.63%
Run: 01, Epoch: 25, Train: 68.00%, Valid: 64.92%, Test: 61.95%
Run: 01, Epoch: 26, Train: 68.00%, Valid: 65.24%, Test: 62.04%
Run: 01, Epoch: 27, Train: 68.44%, Valid: 63.81%, Test: 61.23%
Run: 01, Epoch: 28, Train: 68.81%, Valid: 63.99%, Test: 60.71%
Run: 01, Epoch: 29, Train: 68.77%, Valid: 64.45%, Test: 61.63%
Run: 01, Epoch: 30, Train: 68.42%, Valid: 62.44%, Test: 59.88%
Run 01:
Highest Train: 68.81
Highest Valid: 65.71
  Final Train: 66.19
   Final Test: 62.63
Run: 02, Epoch: 01, Train: 60.72%, Valid: 57.44%, Test: 55.51%
Run: 02, Epoch: 02, Train: 62.21%, Valid: 59.71%, Test: 58.10%
Run: 02, Epoch: 03, Train: 63.18%, Valid: 61.11%, Test: 58.15%
Run: 02, Epoch: 04, Train: 63.09%, Valid: 63.91%, Test: 60.95%
Run: 02, Epoch: 05, Train: 64.93%, Valid: 61.79%, Test: 59.52%
Run: 02, Epoch: 06, Train: 64.84%, Valid: 64.82%, Test: 61.43%
Run: 02, Epoch: 07, Train: 65.98%, Valid: 63.20%, Test: 61.03%
Run: 02, Epoch: 08, Train: 66.06%, Valid: 64.11%, Test: 61.62%
Run: 02, Epoch: 09, Train: 66.43%, Valid: 63.69%, Test: 60.07%
Run: 02, Epoch: 10, Train: 65.45%, Valid: 60.11%, Test: 58.48%
Run: 02, Epoch: 11, Train: 66.34%, Valid: 63.53%, Test: 60.81%
Run: 02, Epoch: 12, Train: 66.41%, Valid: 63.13%, Test: 60.66%
Run: 02, Epoch: 13, Train: 66.43%, Valid: 65.58%, Test: 62.14%
Run: 02, Epoch: 14, Train: 67.20%, Valid: 64.66%, Test: 61.96%
Run: 02, Epoch: 15, Train: 67.45%, Valid: 64.70%, Test: 61.84%
Run: 02, Epoch: 16, Train: 67.58%, Valid: 64.55%, Test: 62.03%
Run: 02, Epoch: 17, Train: 67.57%, Valid: 64.62%, Test: 62.15%
Run: 02, Epoch: 18, Train: 67.28%, Valid: 65.34%, Test: 62.55%
Run: 02, Epoch: 19, Train: 67.25%, Valid: 65.36%, Test: 62.32%
Run: 02, Epoch: 20, Train: 68.02%, Valid: 63.70%, Test: 61.32%
Run: 02, Epoch: 21, Train: 68.14%, Valid: 64.27%, Test: 61.61%
Run: 02, Epoch: 22, Train: 68.62%, Valid: 64.74%, Test: 61.63%
Run: 02, Epoch: 23, Train: 68.27%, Valid: 65.32%, Test: 61.92%
Run: 02, Epoch: 24, Train: 68.35%, Valid: 63.82%, Test: 61.00%
Run: 02, Epoch: 25, Train: 68.04%, Valid: 63.33%, Test: 61.03%
Run: 02, Epoch: 26, Train: 68.06%, Valid: 63.20%, Test: 60.47%
Run: 02, Epoch: 27, Train: 68.08%, Valid: 64.91%, Test: 62.04%
Run: 02, Epoch: 28, Train: 68.70%, Valid: 65.42%, Test: 62.32%
Run: 02, Epoch: 29, Train: 68.69%, Valid: 64.19%, Test: 61.17%
Run: 02, Epoch: 30, Train: 68.49%, Valid: 64.00%, Test: 61.29%
Run 02:
Highest Train: 68.70
Highest Valid: 65.58
  Final Train: 66.43
   Final Test: 62.14
Run: 03, Epoch: 01, Train: 60.14%, Valid: 61.34%, Test: 58.58%
Run: 03, Epoch: 02, Train: 62.65%, Valid: 62.65%, Test: 59.94%
Run: 03, Epoch: 03, Train: 63.16%, Valid: 63.26%, Test: 60.19%
Run: 03, Epoch: 04, Train: 64.47%, Valid: 62.39%, Test: 58.48%
Run: 03, Epoch: 05, Train: 64.57%, Valid: 60.81%, Test: 58.47%
Run: 03, Epoch: 06, Train: 65.13%, Valid: 61.80%, Test: 59.87%
Run: 03, Epoch: 07, Train: 66.25%, Valid: 63.88%, Test: 61.42%
Run: 03, Epoch: 08, Train: 65.68%, Valid: 64.06%, Test: 60.87%
Run: 03, Epoch: 09, Train: 66.31%, Valid: 64.29%, Test: 61.60%
Run: 03, Epoch: 10, Train: 66.89%, Valid: 63.44%, Test: 60.90%
Run: 03, Epoch: 11, Train: 66.55%, Valid: 63.66%, Test: 61.15%
Run: 03, Epoch: 12, Train: 66.29%, Valid: 62.32%, Test: 59.95%
Run: 03, Epoch: 13, Train: 66.29%, Valid: 61.03%, Test: 59.58%
Run: 03, Epoch: 14, Train: 67.09%, Valid: 63.03%, Test: 60.21%
Run: 03, Epoch: 15, Train: 67.46%, Valid: 64.19%, Test: 61.56%
Run: 03, Epoch: 16, Train: 67.01%, Valid: 62.39%, Test: 60.16%
Run: 03, Epoch: 17, Train: 67.95%, Valid: 64.24%, Test: 61.57%
Run: 03, Epoch: 18, Train: 67.82%, Valid: 64.52%, Test: 61.60%
Run: 03, Epoch: 19, Train: 67.83%, Valid: 64.20%, Test: 61.47%
Run: 03, Epoch: 20, Train: 67.40%, Valid: 65.15%, Test: 61.62%
Run: 03, Epoch: 21, Train: 67.80%, Valid: 63.58%, Test: 60.49%
Run: 03, Epoch: 22, Train: 68.13%, Valid: 65.87%, Test: 62.79%
Run: 03, Epoch: 23, Train: 68.64%, Valid: 65.25%, Test: 61.72%
Run: 03, Epoch: 24, Train: 68.35%, Valid: 65.00%, Test: 61.90%
Run: 03, Epoch: 25, Train: 67.46%, Valid: 65.50%, Test: 62.55%
Run: 03, Epoch: 26, Train: 68.69%, Valid: 64.11%, Test: 61.31%
Run: 03, Epoch: 27, Train: 68.30%, Valid: 63.12%, Test: 61.36%
Run: 03, Epoch: 28, Train: 68.21%, Valid: 64.95%, Test: 62.13%
Run: 03, Epoch: 29, Train: 68.92%, Valid: 64.84%, Test: 61.59%
Run: 03, Epoch: 30, Train: 69.12%, Valid: 65.46%, Test: 62.04%
Run 03:
Highest Train: 69.12
Highest Valid: 65.87
  Final Train: 68.13
   Final Test: 62.79
Run: 04, Epoch: 01, Train: 61.45%, Valid: 58.60%, Test: 56.83%
Run: 04, Epoch: 02, Train: 63.56%, Valid: 62.35%, Test: 60.07%
Run: 04, Epoch: 03, Train: 64.32%, Valid: 62.66%, Test: 60.07%
Run: 04, Epoch: 04, Train: 64.39%, Valid: 63.43%, Test: 60.20%
Run: 04, Epoch: 05, Train: 65.46%, Valid: 63.23%, Test: 60.81%
Run: 04, Epoch: 06, Train: 65.10%, Valid: 61.53%, Test: 58.89%
Run: 04, Epoch: 07, Train: 65.50%, Valid: 61.11%, Test: 59.64%
Run: 04, Epoch: 08, Train: 66.11%, Valid: 63.13%, Test: 60.70%
Run: 04, Epoch: 09, Train: 66.37%, Valid: 63.84%, Test: 61.55%
Run: 04, Epoch: 10, Train: 66.25%, Valid: 64.01%, Test: 61.02%
Run: 04, Epoch: 11, Train: 66.31%, Valid: 64.12%, Test: 60.82%
Run: 04, Epoch: 12, Train: 66.93%, Valid: 63.08%, Test: 60.72%
Run: 04, Epoch: 13, Train: 66.47%, Valid: 62.72%, Test: 60.91%
Run: 04, Epoch: 14, Train: 67.12%, Valid: 65.52%, Test: 62.65%
Run: 04, Epoch: 15, Train: 67.26%, Valid: 64.49%, Test: 61.03%
Run: 04, Epoch: 16, Train: 67.70%, Valid: 63.71%, Test: 61.57%
Run: 04, Epoch: 17, Train: 67.54%, Valid: 63.31%, Test: 60.65%
Run: 04, Epoch: 18, Train: 67.69%, Valid: 63.18%, Test: 61.03%
Run: 04, Epoch: 19, Train: 67.91%, Valid: 64.90%, Test: 61.87%
Run: 04, Epoch: 20, Train: 68.08%, Valid: 65.08%, Test: 61.80%
Run: 04, Epoch: 21, Train: 67.84%, Valid: 64.13%, Test: 61.40%
Run: 04, Epoch: 22, Train: 68.39%, Valid: 63.80%, Test: 61.52%
Run: 04, Epoch: 23, Train: 68.25%, Valid: 64.60%, Test: 61.40%
Run: 04, Epoch: 24, Train: 68.51%, Valid: 64.78%, Test: 62.21%
Run: 04, Epoch: 25, Train: 68.42%, Valid: 63.71%, Test: 61.37%
Run: 04, Epoch: 26, Train: 68.77%, Valid: 64.72%, Test: 61.67%
Run: 04, Epoch: 27, Train: 68.90%, Valid: 65.43%, Test: 62.22%
Run: 04, Epoch: 28, Train: 68.57%, Valid: 64.99%, Test: 61.75%
Run: 04, Epoch: 29, Train: 69.16%, Valid: 64.30%, Test: 61.25%
Run: 04, Epoch: 30, Train: 68.93%, Valid: 64.38%, Test: 61.89%
Run 04:
Highest Train: 69.16
Highest Valid: 65.52
  Final Train: 67.12
   Final Test: 62.65
Run: 05, Epoch: 01, Train: 61.13%, Valid: 59.49%, Test: 56.54%
Run: 05, Epoch: 02, Train: 62.21%, Valid: 57.81%, Test: 56.12%
Run: 05, Epoch: 03, Train: 63.10%, Valid: 62.65%, Test: 59.84%
Run: 05, Epoch: 04, Train: 64.67%, Valid: 61.49%, Test: 59.50%
Run: 05, Epoch: 05, Train: 64.24%, Valid: 60.72%, Test: 58.92%
Run: 05, Epoch: 06, Train: 65.57%, Valid: 62.65%, Test: 60.43%
Run: 05, Epoch: 07, Train: 64.92%, Valid: 61.23%, Test: 58.72%
Run: 05, Epoch: 08, Train: 66.15%, Valid: 64.86%, Test: 62.26%
Run: 05, Epoch: 09, Train: 66.11%, Valid: 63.07%, Test: 60.83%
Run: 05, Epoch: 10, Train: 66.59%, Valid: 63.99%, Test: 60.55%
Run: 05, Epoch: 11, Train: 66.19%, Valid: 63.14%, Test: 60.84%
Run: 05, Epoch: 12, Train: 66.56%, Valid: 63.66%, Test: 61.48%
Run: 05, Epoch: 13, Train: 67.58%, Valid: 64.59%, Test: 61.55%
Run: 05, Epoch: 14, Train: 66.90%, Valid: 62.41%, Test: 59.11%
Run: 05, Epoch: 15, Train: 67.81%, Valid: 64.71%, Test: 61.38%
Run: 05, Epoch: 16, Train: 66.51%, Valid: 65.67%, Test: 62.32%
Run: 05, Epoch: 17, Train: 67.78%, Valid: 64.60%, Test: 62.22%
Run: 05, Epoch: 18, Train: 67.84%, Valid: 65.09%, Test: 62.21%
Run: 05, Epoch: 19, Train: 67.94%, Valid: 64.76%, Test: 61.51%
Run: 05, Epoch: 20, Train: 67.73%, Valid: 65.89%, Test: 62.26%
Run: 05, Epoch: 21, Train: 67.67%, Valid: 62.88%, Test: 59.89%
Run: 05, Epoch: 22, Train: 68.22%, Valid: 64.36%, Test: 61.57%
Run: 05, Epoch: 23, Train: 67.76%, Valid: 63.05%, Test: 60.81%
Run: 05, Epoch: 24, Train: 67.97%, Valid: 65.08%, Test: 61.70%
Run: 05, Epoch: 25, Train: 68.35%, Valid: 63.93%, Test: 61.36%
Run: 05, Epoch: 26, Train: 67.75%, Valid: 64.57%, Test: 61.76%
Run: 05, Epoch: 27, Train: 69.00%, Valid: 64.80%, Test: 61.92%
Run: 05, Epoch: 28, Train: 68.42%, Valid: 63.31%, Test: 60.82%
Run: 05, Epoch: 29, Train: 68.28%, Valid: 64.89%, Test: 61.99%
Run: 05, Epoch: 30, Train: 68.84%, Valid: 64.14%, Test: 61.45%
Run 05:
Highest Train: 69.00
Highest Valid: 65.89
  Final Train: 67.73
   Final Test: 62.26
Run: 06, Epoch: 01, Train: 60.63%, Valid: 59.78%, Test: 57.39%
Run: 06, Epoch: 02, Train: 61.67%, Valid: 57.47%, Test: 56.37%
Run: 06, Epoch: 03, Train: 64.00%, Valid: 62.71%, Test: 60.03%
Run: 06, Epoch: 04, Train: 64.54%, Valid: 63.45%, Test: 61.09%
Run: 06, Epoch: 05, Train: 64.43%, Valid: 64.38%, Test: 61.42%
Run: 06, Epoch: 06, Train: 65.35%, Valid: 64.52%, Test: 61.21%
Run: 06, Epoch: 07, Train: 65.58%, Valid: 63.23%, Test: 60.98%
Run: 06, Epoch: 08, Train: 65.80%, Valid: 63.13%, Test: 60.04%
Run: 06, Epoch: 09, Train: 66.04%, Valid: 61.29%, Test: 59.12%
Run: 06, Epoch: 10, Train: 66.13%, Valid: 65.32%, Test: 61.77%
Run: 06, Epoch: 11, Train: 66.65%, Valid: 64.24%, Test: 61.34%
Run: 06, Epoch: 12, Train: 66.44%, Valid: 63.40%, Test: 60.38%
Run: 06, Epoch: 13, Train: 66.35%, Valid: 65.50%, Test: 62.39%
Run: 06, Epoch: 14, Train: 67.05%, Valid: 64.18%, Test: 61.56%
Run: 06, Epoch: 15, Train: 67.18%, Valid: 63.92%, Test: 61.29%
Run: 06, Epoch: 16, Train: 67.27%, Valid: 63.24%, Test: 60.82%
Run: 06, Epoch: 17, Train: 67.39%, Valid: 63.00%, Test: 60.51%
Run: 06, Epoch: 18, Train: 68.06%, Valid: 64.82%, Test: 62.02%
Run: 06, Epoch: 19, Train: 68.03%, Valid: 64.05%, Test: 61.44%
Run: 06, Epoch: 20, Train: 68.18%, Valid: 64.24%, Test: 60.90%
Run: 06, Epoch: 21, Train: 68.54%, Valid: 64.71%, Test: 61.52%
Run: 06, Epoch: 22, Train: 67.87%, Valid: 62.84%, Test: 60.92%
Run: 06, Epoch: 23, Train: 67.91%, Valid: 64.23%, Test: 62.00%
Run: 06, Epoch: 24, Train: 68.30%, Valid: 63.71%, Test: 61.34%
Run: 06, Epoch: 25, Train: 68.27%, Valid: 63.25%, Test: 61.17%
Run: 06, Epoch: 26, Train: 68.34%, Valid: 63.57%, Test: 60.54%
Run: 06, Epoch: 27, Train: 68.81%, Valid: 65.74%, Test: 62.85%
Run: 06, Epoch: 28, Train: 68.37%, Valid: 62.81%, Test: 60.68%
Run: 06, Epoch: 29, Train: 69.10%, Valid: 64.04%, Test: 61.23%
Run: 06, Epoch: 30, Train: 68.63%, Valid: 63.24%, Test: 61.06%
Run 06:
Highest Train: 69.10
Highest Valid: 65.74
  Final Train: 68.81
   Final Test: 62.85
Run: 07, Epoch: 01, Train: 61.76%, Valid: 60.96%, Test: 58.41%
Run: 07, Epoch: 02, Train: 62.00%, Valid: 62.00%, Test: 58.95%
Run: 07, Epoch: 03, Train: 64.30%, Valid: 62.76%, Test: 60.19%
Run: 07, Epoch: 04, Train: 63.56%, Valid: 61.27%, Test: 59.42%
Run: 07, Epoch: 05, Train: 64.30%, Valid: 64.90%, Test: 61.45%
Run: 07, Epoch: 06, Train: 64.31%, Valid: 60.60%, Test: 59.33%
Run: 07, Epoch: 07, Train: 65.07%, Valid: 61.23%, Test: 57.98%
Run: 07, Epoch: 08, Train: 65.69%, Valid: 61.90%, Test: 60.02%
Run: 07, Epoch: 09, Train: 66.26%, Valid: 65.66%, Test: 62.17%
Run: 07, Epoch: 10, Train: 65.35%, Valid: 64.98%, Test: 61.19%
Run: 07, Epoch: 11, Train: 66.04%, Valid: 60.75%, Test: 59.23%
Run: 07, Epoch: 12, Train: 66.56%, Valid: 64.93%, Test: 61.64%
Run: 07, Epoch: 13, Train: 66.55%, Valid: 62.49%, Test: 60.06%
Run: 07, Epoch: 14, Train: 67.38%, Valid: 63.96%, Test: 61.17%
Run: 07, Epoch: 15, Train: 67.04%, Valid: 64.44%, Test: 61.74%
Run: 07, Epoch: 16, Train: 67.64%, Valid: 63.23%, Test: 60.33%
Run: 07, Epoch: 17, Train: 67.42%, Valid: 65.37%, Test: 62.06%
Run: 07, Epoch: 18, Train: 67.93%, Valid: 65.19%, Test: 62.41%
Run: 07, Epoch: 19, Train: 67.59%, Valid: 63.24%, Test: 61.06%
Run: 07, Epoch: 20, Train: 67.82%, Valid: 65.45%, Test: 61.99%
Run: 07, Epoch: 21, Train: 68.01%, Valid: 65.53%, Test: 62.37%
Run: 07, Epoch: 22, Train: 67.69%, Valid: 62.97%, Test: 60.70%
Run: 07, Epoch: 23, Train: 67.65%, Valid: 64.11%, Test: 61.33%
Run: 07, Epoch: 24, Train: 68.73%, Valid: 64.63%, Test: 61.77%
Run: 07, Epoch: 25, Train: 68.84%, Valid: 65.35%, Test: 62.24%
Run: 07, Epoch: 26, Train: 68.38%, Valid: 64.71%, Test: 62.07%
Run: 07, Epoch: 27, Train: 68.24%, Valid: 64.62%, Test: 61.70%
Run: 07, Epoch: 28, Train: 69.16%, Valid: 64.71%, Test: 61.54%
Run: 07, Epoch: 29, Train: 67.97%, Valid: 65.98%, Test: 62.40%
Run: 07, Epoch: 30, Train: 68.53%, Valid: 64.13%, Test: 60.78%
Run 07:
Highest Train: 69.16
Highest Valid: 65.98
  Final Train: 67.97
   Final Test: 62.40
Run: 08, Epoch: 01, Train: 61.52%, Valid: 58.03%, Test: 56.67%
Run: 08, Epoch: 02, Train: 63.43%, Valid: 61.34%, Test: 58.18%
Run: 08, Epoch: 03, Train: 62.77%, Valid: 58.32%, Test: 56.42%
Run: 08, Epoch: 04, Train: 63.66%, Valid: 61.15%, Test: 58.79%
Run: 08, Epoch: 05, Train: 64.28%, Valid: 60.85%, Test: 58.95%
Run: 08, Epoch: 06, Train: 65.45%, Valid: 62.14%, Test: 59.47%
Run: 08, Epoch: 07, Train: 65.06%, Valid: 62.57%, Test: 59.81%
Run: 08, Epoch: 08, Train: 65.82%, Valid: 62.83%, Test: 59.34%
Run: 08, Epoch: 09, Train: 66.03%, Valid: 62.95%, Test: 61.11%
Run: 08, Epoch: 10, Train: 65.79%, Valid: 61.36%, Test: 59.59%
Run: 08, Epoch: 11, Train: 66.53%, Valid: 64.92%, Test: 61.10%
Run: 08, Epoch: 12, Train: 66.14%, Valid: 65.33%, Test: 62.23%
Run: 08, Epoch: 13, Train: 67.11%, Valid: 63.28%, Test: 60.93%
Run: 08, Epoch: 14, Train: 66.90%, Valid: 65.04%, Test: 61.54%
Run: 08, Epoch: 15, Train: 67.31%, Valid: 63.79%, Test: 61.26%
Run: 08, Epoch: 16, Train: 67.51%, Valid: 64.37%, Test: 61.40%
Run: 08, Epoch: 17, Train: 67.54%, Valid: 64.03%, Test: 61.01%
Run: 08, Epoch: 18, Train: 67.77%, Valid: 63.86%, Test: 61.20%
Run: 08, Epoch: 19, Train: 67.85%, Valid: 63.96%, Test: 61.42%
Run: 08, Epoch: 20, Train: 68.03%, Valid: 62.95%, Test: 60.69%
Run: 08, Epoch: 21, Train: 68.12%, Valid: 65.13%, Test: 61.32%
Run: 08, Epoch: 22, Train: 67.25%, Valid: 65.16%, Test: 61.98%
Run: 08, Epoch: 23, Train: 67.79%, Valid: 65.85%, Test: 63.02%
Run: 08, Epoch: 24, Train: 67.98%, Valid: 65.09%, Test: 61.86%
Run: 08, Epoch: 25, Train: 68.62%, Valid: 63.82%, Test: 61.27%
Run: 08, Epoch: 26, Train: 68.70%, Valid: 64.52%, Test: 61.38%
Run: 08, Epoch: 27, Train: 68.86%, Valid: 64.38%, Test: 61.28%
Run: 08, Epoch: 28, Train: 68.85%, Valid: 65.59%, Test: 62.40%
Run: 08, Epoch: 29, Train: 68.42%, Valid: 63.45%, Test: 60.53%
Run: 08, Epoch: 30, Train: 69.13%, Valid: 64.29%, Test: 60.90%
Run 08:
Highest Train: 69.13
Highest Valid: 65.85
  Final Train: 67.79
   Final Test: 63.02
Run: 09, Epoch: 01, Train: 61.56%, Valid: 59.47%, Test: 56.21%
Run: 09, Epoch: 02, Train: 63.51%, Valid: 60.02%, Test: 57.64%
Run: 09, Epoch: 03, Train: 63.76%, Valid: 60.16%, Test: 58.54%
Run: 09, Epoch: 04, Train: 64.31%, Valid: 62.95%, Test: 60.16%
Run: 09, Epoch: 05, Train: 65.32%, Valid: 63.85%, Test: 61.05%
Run: 09, Epoch: 06, Train: 65.33%, Valid: 64.59%, Test: 61.40%
Run: 09, Epoch: 07, Train: 66.08%, Valid: 62.76%, Test: 60.49%
Run: 09, Epoch: 08, Train: 66.54%, Valid: 63.53%, Test: 60.78%
Run: 09, Epoch: 09, Train: 65.85%, Valid: 64.30%, Test: 61.35%
Run: 09, Epoch: 10, Train: 66.56%, Valid: 63.03%, Test: 60.59%
Run: 09, Epoch: 11, Train: 66.16%, Valid: 61.58%, Test: 59.08%
Run: 09, Epoch: 12, Train: 66.44%, Valid: 65.41%, Test: 62.36%
Run: 09, Epoch: 13, Train: 66.75%, Valid: 62.46%, Test: 60.17%
Run: 09, Epoch: 14, Train: 67.29%, Valid: 65.48%, Test: 62.56%
Run: 09, Epoch: 15, Train: 66.63%, Valid: 61.45%, Test: 59.97%
Run: 09, Epoch: 16, Train: 67.58%, Valid: 64.63%, Test: 61.93%
Run: 09, Epoch: 17, Train: 67.29%, Valid: 65.09%, Test: 62.10%
Run: 09, Epoch: 18, Train: 68.07%, Valid: 64.88%, Test: 61.56%
Run: 09, Epoch: 19, Train: 67.48%, Valid: 65.51%, Test: 62.60%
Run: 09, Epoch: 20, Train: 67.94%, Valid: 65.41%, Test: 62.46%
Run: 09, Epoch: 21, Train: 68.18%, Valid: 64.11%, Test: 61.36%
Run: 09, Epoch: 22, Train: 68.16%, Valid: 64.57%, Test: 61.32%
Run: 09, Epoch: 23, Train: 67.90%, Valid: 63.05%, Test: 60.98%
Run: 09, Epoch: 24, Train: 67.72%, Valid: 65.14%, Test: 61.87%
Run: 09, Epoch: 25, Train: 68.68%, Valid: 64.90%, Test: 62.32%
Run: 09, Epoch: 26, Train: 68.23%, Valid: 63.08%, Test: 60.92%
Run: 09, Epoch: 27, Train: 68.36%, Valid: 65.51%, Test: 62.40%
Run: 09, Epoch: 28, Train: 68.26%, Valid: 63.36%, Test: 61.00%
Run: 09, Epoch: 29, Train: 67.83%, Valid: 62.08%, Test: 60.53%
Run: 09, Epoch: 30, Train: 68.59%, Valid: 64.82%, Test: 61.39%
Run 09:
Highest Train: 68.68
Highest Valid: 65.51
  Final Train: 68.36
   Final Test: 62.40
Run: 10, Epoch: 01, Train: 61.20%, Valid: 58.20%, Test: 56.59%
Run: 10, Epoch: 02, Train: 63.03%, Valid: 58.66%, Test: 57.59%
Run: 10, Epoch: 03, Train: 63.68%, Valid: 58.97%, Test: 57.55%
Run: 10, Epoch: 04, Train: 64.23%, Valid: 60.45%, Test: 58.62%
Run: 10, Epoch: 05, Train: 64.02%, Valid: 60.37%, Test: 58.48%
Run: 10, Epoch: 06, Train: 65.45%, Valid: 64.25%, Test: 61.07%
Run: 10, Epoch: 07, Train: 65.63%, Valid: 62.73%, Test: 60.45%
Run: 10, Epoch: 08, Train: 65.75%, Valid: 62.08%, Test: 60.35%
Run: 10, Epoch: 09, Train: 66.28%, Valid: 64.05%, Test: 60.91%
Run: 10, Epoch: 10, Train: 66.96%, Valid: 63.07%, Test: 60.61%
Run: 10, Epoch: 11, Train: 66.96%, Valid: 64.15%, Test: 61.44%
Run: 10, Epoch: 12, Train: 66.73%, Valid: 65.41%, Test: 61.46%
Run: 10, Epoch: 13, Train: 67.09%, Valid: 63.24%, Test: 60.87%
Run: 10, Epoch: 14, Train: 66.83%, Valid: 64.03%, Test: 61.19%
Run: 10, Epoch: 15, Train: 67.11%, Valid: 63.73%, Test: 61.13%
Run: 10, Epoch: 16, Train: 66.70%, Valid: 65.67%, Test: 62.19%
Run: 10, Epoch: 17, Train: 68.03%, Valid: 64.21%, Test: 61.54%
Run: 10, Epoch: 18, Train: 67.65%, Valid: 64.56%, Test: 61.35%
Run: 10, Epoch: 19, Train: 67.99%, Valid: 65.41%, Test: 62.16%
Run: 10, Epoch: 20, Train: 67.88%, Valid: 64.06%, Test: 61.20%
Run: 10, Epoch: 21, Train: 67.98%, Valid: 65.79%, Test: 62.50%
Run: 10, Epoch: 22, Train: 68.41%, Valid: 65.30%, Test: 62.67%
Run: 10, Epoch: 23, Train: 68.04%, Valid: 62.91%, Test: 60.99%
Run: 10, Epoch: 24, Train: 68.31%, Valid: 64.77%, Test: 62.13%
Run: 10, Epoch: 25, Train: 67.76%, Valid: 61.65%, Test: 60.12%
Run: 10, Epoch: 26, Train: 68.82%, Valid: 65.04%, Test: 61.88%
Run: 10, Epoch: 27, Train: 67.80%, Valid: 65.38%, Test: 62.39%
Run: 10, Epoch: 28, Train: 68.57%, Valid: 64.09%, Test: 61.71%
Run: 10, Epoch: 29, Train: 68.21%, Valid: 65.43%, Test: 61.52%
Run: 10, Epoch: 30, Train: 69.00%, Valid: 65.04%, Test: 61.93%
Run 10:
Highest Train: 69.00
Highest Valid: 65.79
  Final Train: 67.98
   Final Test: 62.50
All runs:
Highest Train: 68.99 ± 0.19
Highest Valid: 65.74 ± 0.16
  Final Train: 67.65 ± 0.83
   Final Test: 62.56 ± 0.28
