Namespace(device=0, log_steps=1, use_node_embedding=False, use_sgc_embedding=True, num_sgc_iterations=3, num_layers=3, hidden_channels=256, dropout=0, lr=0.01, batch_size=256, epochs=30, runs=10, rsv=0.425)
Run: 01, Epoch: 01, Train: 61.71%, Valid: 59.12%, Test: 56.67%
Run: 01, Epoch: 02, Train: 62.58%, Valid: 63.56%, Test: 59.98%
Run: 01, Epoch: 03, Train: 64.01%, Valid: 61.67%, Test: 59.03%
Run: 01, Epoch: 04, Train: 64.26%, Valid: 60.85%, Test: 59.05%
Run: 01, Epoch: 05, Train: 64.65%, Valid: 63.98%, Test: 61.15%
Run: 01, Epoch: 06, Train: 64.80%, Valid: 61.13%, Test: 58.90%
Run: 01, Epoch: 07, Train: 65.37%, Valid: 64.38%, Test: 61.65%
Run: 01, Epoch: 08, Train: 65.32%, Valid: 63.52%, Test: 60.89%
Run: 01, Epoch: 09, Train: 66.15%, Valid: 65.45%, Test: 62.35%
Run: 01, Epoch: 10, Train: 66.38%, Valid: 64.56%, Test: 61.20%
Run: 01, Epoch: 11, Train: 66.57%, Valid: 63.31%, Test: 60.82%
Run: 01, Epoch: 12, Train: 66.73%, Valid: 65.67%, Test: 62.15%
Run: 01, Epoch: 13, Train: 67.45%, Valid: 64.31%, Test: 61.42%
Run: 01, Epoch: 14, Train: 67.62%, Valid: 64.30%, Test: 61.02%
Run: 01, Epoch: 15, Train: 67.68%, Valid: 64.51%, Test: 61.18%
Run: 01, Epoch: 16, Train: 66.57%, Valid: 65.66%, Test: 61.89%
Run: 01, Epoch: 17, Train: 67.51%, Valid: 63.97%, Test: 61.30%
Run: 01, Epoch: 18, Train: 67.92%, Valid: 63.98%, Test: 61.60%
Run: 01, Epoch: 19, Train: 67.92%, Valid: 63.41%, Test: 60.99%
Run: 01, Epoch: 20, Train: 68.07%, Valid: 64.96%, Test: 61.30%
Run: 01, Epoch: 21, Train: 67.26%, Valid: 61.51%, Test: 60.01%
Run: 01, Epoch: 22, Train: 68.10%, Valid: 64.71%, Test: 61.67%
Run: 01, Epoch: 23, Train: 68.29%, Valid: 64.19%, Test: 61.24%
Run: 01, Epoch: 24, Train: 67.48%, Valid: 65.98%, Test: 62.69%
Run: 01, Epoch: 25, Train: 68.46%, Valid: 64.35%, Test: 61.13%
Run: 01, Epoch: 26, Train: 68.07%, Valid: 65.34%, Test: 62.00%
Run: 01, Epoch: 27, Train: 68.76%, Valid: 65.59%, Test: 62.22%
Run: 01, Epoch: 28, Train: 68.37%, Valid: 64.20%, Test: 60.94%
Run: 01, Epoch: 29, Train: 68.44%, Valid: 64.82%, Test: 61.67%
Run: 01, Epoch: 30, Train: 68.57%, Valid: 63.96%, Test: 61.07%
Run 01:
Highest Train: 68.76
Highest Valid: 65.98
  Final Train: 67.48
   Final Test: 62.69
Run: 02, Epoch: 01, Train: 60.98%, Valid: 57.40%, Test: 55.55%
Run: 02, Epoch: 02, Train: 63.31%, Valid: 61.86%, Test: 59.20%
Run: 02, Epoch: 03, Train: 63.45%, Valid: 60.09%, Test: 58.32%
Run: 02, Epoch: 04, Train: 64.24%, Valid: 63.76%, Test: 60.99%
Run: 02, Epoch: 05, Train: 63.30%, Valid: 58.42%, Test: 57.65%
Run: 02, Epoch: 06, Train: 65.77%, Valid: 63.00%, Test: 60.88%
Run: 02, Epoch: 07, Train: 66.03%, Valid: 62.75%, Test: 59.92%
Run: 02, Epoch: 08, Train: 65.19%, Valid: 60.61%, Test: 58.98%
Run: 02, Epoch: 09, Train: 66.07%, Valid: 63.62%, Test: 60.84%
Run: 02, Epoch: 10, Train: 65.94%, Valid: 64.55%, Test: 61.19%
Run: 02, Epoch: 11, Train: 66.84%, Valid: 64.85%, Test: 61.62%
Run: 02, Epoch: 12, Train: 66.55%, Valid: 64.23%, Test: 61.30%
Run: 02, Epoch: 13, Train: 66.60%, Valid: 63.88%, Test: 61.45%
Run: 02, Epoch: 14, Train: 67.42%, Valid: 64.68%, Test: 62.11%
Run: 02, Epoch: 15, Train: 66.80%, Valid: 64.95%, Test: 61.69%
Run: 02, Epoch: 16, Train: 67.01%, Valid: 62.42%, Test: 60.13%
Run: 02, Epoch: 17, Train: 67.42%, Valid: 63.11%, Test: 60.70%
Run: 02, Epoch: 18, Train: 67.33%, Valid: 64.13%, Test: 61.46%
Run: 02, Epoch: 19, Train: 66.87%, Valid: 65.16%, Test: 62.01%
Run: 02, Epoch: 20, Train: 67.60%, Valid: 65.18%, Test: 61.75%
Run: 02, Epoch: 21, Train: 67.97%, Valid: 63.54%, Test: 61.08%
Run: 02, Epoch: 22, Train: 68.21%, Valid: 64.70%, Test: 61.20%
Run: 02, Epoch: 23, Train: 66.87%, Valid: 65.25%, Test: 61.76%
Run: 02, Epoch: 24, Train: 68.15%, Valid: 64.31%, Test: 61.51%
Run: 02, Epoch: 25, Train: 68.28%, Valid: 64.11%, Test: 61.61%
Run: 02, Epoch: 26, Train: 67.42%, Valid: 61.82%, Test: 59.92%
Run: 02, Epoch: 27, Train: 66.92%, Valid: 66.09%, Test: 62.62%
Run: 02, Epoch: 28, Train: 68.90%, Valid: 64.30%, Test: 61.32%
Run: 02, Epoch: 29, Train: 68.38%, Valid: 64.00%, Test: 60.92%
Run: 02, Epoch: 30, Train: 68.45%, Valid: 66.11%, Test: 62.56%
Run 02:
Highest Train: 68.90
Highest Valid: 66.11
  Final Train: 68.45
   Final Test: 62.56
Run: 03, Epoch: 01, Train: 61.41%, Valid: 56.67%, Test: 54.69%
Run: 03, Epoch: 02, Train: 63.36%, Valid: 60.91%, Test: 57.72%
Run: 03, Epoch: 03, Train: 62.88%, Valid: 60.87%, Test: 58.43%
Run: 03, Epoch: 04, Train: 64.72%, Valid: 63.81%, Test: 60.82%
Run: 03, Epoch: 05, Train: 64.54%, Valid: 61.03%, Test: 59.27%
Run: 03, Epoch: 06, Train: 65.31%, Valid: 62.99%, Test: 60.39%
Run: 03, Epoch: 07, Train: 65.55%, Valid: 62.54%, Test: 60.34%
Run: 03, Epoch: 08, Train: 65.62%, Valid: 62.06%, Test: 59.99%
Run: 03, Epoch: 09, Train: 66.55%, Valid: 65.57%, Test: 62.44%
Run: 03, Epoch: 10, Train: 65.87%, Valid: 61.43%, Test: 59.54%
Run: 03, Epoch: 11, Train: 65.37%, Valid: 61.34%, Test: 59.40%
Run: 03, Epoch: 12, Train: 65.99%, Valid: 65.92%, Test: 62.31%
Run: 03, Epoch: 13, Train: 67.19%, Valid: 64.46%, Test: 61.37%
Run: 03, Epoch: 14, Train: 66.66%, Valid: 63.10%, Test: 60.04%
Run: 03, Epoch: 15, Train: 67.44%, Valid: 64.69%, Test: 62.10%
Run: 03, Epoch: 16, Train: 66.99%, Valid: 62.51%, Test: 60.63%
Run: 03, Epoch: 17, Train: 68.05%, Valid: 64.46%, Test: 61.72%
Run: 03, Epoch: 18, Train: 67.56%, Valid: 64.58%, Test: 61.70%
Run: 03, Epoch: 19, Train: 67.86%, Valid: 63.83%, Test: 61.28%
Run: 03, Epoch: 20, Train: 68.21%, Valid: 65.32%, Test: 62.24%
Run: 03, Epoch: 21, Train: 68.35%, Valid: 64.24%, Test: 61.82%
Run: 03, Epoch: 22, Train: 68.10%, Valid: 63.59%, Test: 60.64%
Run: 03, Epoch: 23, Train: 68.13%, Valid: 64.58%, Test: 61.49%
Run: 03, Epoch: 24, Train: 67.75%, Valid: 65.14%, Test: 61.45%
Run: 03, Epoch: 25, Train: 68.46%, Valid: 65.17%, Test: 61.61%
Run: 03, Epoch: 26, Train: 68.05%, Valid: 63.00%, Test: 60.48%
Run: 03, Epoch: 27, Train: 68.45%, Valid: 65.40%, Test: 61.83%
Run: 03, Epoch: 28, Train: 68.69%, Valid: 63.67%, Test: 61.31%
Run: 03, Epoch: 29, Train: 68.48%, Valid: 65.03%, Test: 61.77%
Run: 03, Epoch: 30, Train: 68.73%, Valid: 63.45%, Test: 60.85%
Run 03:
Highest Train: 68.73
Highest Valid: 65.92
  Final Train: 65.99
   Final Test: 62.31
Run: 04, Epoch: 01, Train: 60.43%, Valid: 61.91%, Test: 58.88%
Run: 04, Epoch: 02, Train: 63.18%, Valid: 59.60%, Test: 58.16%
Run: 04, Epoch: 03, Train: 63.63%, Valid: 60.70%, Test: 58.63%
Run: 04, Epoch: 04, Train: 64.31%, Valid: 61.33%, Test: 58.91%
Run: 04, Epoch: 05, Train: 64.56%, Valid: 61.81%, Test: 59.15%
Run: 04, Epoch: 06, Train: 65.74%, Valid: 63.03%, Test: 60.33%
Run: 04, Epoch: 07, Train: 65.70%, Valid: 64.59%, Test: 61.36%
Run: 04, Epoch: 08, Train: 66.35%, Valid: 63.11%, Test: 60.45%
Run: 04, Epoch: 09, Train: 66.19%, Valid: 62.41%, Test: 59.83%
Run: 04, Epoch: 10, Train: 66.37%, Valid: 63.46%, Test: 60.60%
Run: 04, Epoch: 11, Train: 66.95%, Valid: 63.69%, Test: 61.07%
Run: 04, Epoch: 12, Train: 66.27%, Valid: 62.14%, Test: 60.27%
Run: 04, Epoch: 13, Train: 67.55%, Valid: 65.69%, Test: 62.57%
Run: 04, Epoch: 14, Train: 67.41%, Valid: 64.47%, Test: 61.87%
Run: 04, Epoch: 15, Train: 66.80%, Valid: 62.19%, Test: 60.16%
Run: 04, Epoch: 16, Train: 66.94%, Valid: 65.84%, Test: 62.41%
Run: 04, Epoch: 17, Train: 67.80%, Valid: 65.21%, Test: 61.80%
Run: 04, Epoch: 18, Train: 67.23%, Valid: 63.38%, Test: 61.15%
Run: 04, Epoch: 19, Train: 67.56%, Valid: 62.83%, Test: 60.37%
Run: 04, Epoch: 20, Train: 68.10%, Valid: 65.35%, Test: 62.04%
Run: 04, Epoch: 21, Train: 68.27%, Valid: 64.40%, Test: 61.69%
Run: 04, Epoch: 22, Train: 68.32%, Valid: 65.24%, Test: 61.84%
Run: 04, Epoch: 23, Train: 67.88%, Valid: 63.17%, Test: 61.04%
Run: 04, Epoch: 24, Train: 68.51%, Valid: 65.79%, Test: 62.32%
Run: 04, Epoch: 25, Train: 67.69%, Valid: 65.44%, Test: 61.79%
Run: 04, Epoch: 26, Train: 68.35%, Valid: 65.38%, Test: 61.99%
Run: 04, Epoch: 27, Train: 67.75%, Valid: 62.17%, Test: 60.20%
Run: 04, Epoch: 28, Train: 67.87%, Valid: 65.15%, Test: 61.89%
Run: 04, Epoch: 29, Train: 68.05%, Valid: 65.45%, Test: 61.61%
Run: 04, Epoch: 30, Train: 68.75%, Valid: 63.66%, Test: 60.72%
Run 04:
Highest Train: 68.75
Highest Valid: 65.84
  Final Train: 66.94
   Final Test: 62.41
Run: 05, Epoch: 01, Train: 61.09%, Valid: 57.77%, Test: 55.84%
Run: 05, Epoch: 02, Train: 62.29%, Valid: 62.27%, Test: 59.43%
Run: 05, Epoch: 03, Train: 63.65%, Valid: 61.42%, Test: 59.26%
Run: 05, Epoch: 04, Train: 64.33%, Valid: 61.63%, Test: 59.21%
Run: 05, Epoch: 05, Train: 64.72%, Valid: 61.73%, Test: 59.91%
Run: 05, Epoch: 06, Train: 65.10%, Valid: 60.81%, Test: 59.10%
Run: 05, Epoch: 07, Train: 65.76%, Valid: 63.58%, Test: 60.51%
Run: 05, Epoch: 08, Train: 65.90%, Valid: 62.75%, Test: 60.81%
Run: 05, Epoch: 09, Train: 66.41%, Valid: 63.97%, Test: 61.48%
Run: 05, Epoch: 10, Train: 65.30%, Valid: 64.99%, Test: 62.24%
Run: 05, Epoch: 11, Train: 66.69%, Valid: 64.12%, Test: 60.85%
Run: 05, Epoch: 12, Train: 65.69%, Valid: 60.61%, Test: 58.93%
Run: 05, Epoch: 13, Train: 66.87%, Valid: 62.92%, Test: 60.33%
Run: 05, Epoch: 14, Train: 66.53%, Valid: 65.57%, Test: 62.52%
Run: 05, Epoch: 15, Train: 67.06%, Valid: 65.27%, Test: 62.49%
Run: 05, Epoch: 16, Train: 67.36%, Valid: 64.31%, Test: 61.31%
Run: 05, Epoch: 17, Train: 67.30%, Valid: 65.43%, Test: 62.33%
Run: 05, Epoch: 18, Train: 67.55%, Valid: 65.46%, Test: 62.27%
Run: 05, Epoch: 19, Train: 67.98%, Valid: 63.67%, Test: 60.63%
Run: 05, Epoch: 20, Train: 68.34%, Valid: 64.47%, Test: 62.05%
Run: 05, Epoch: 21, Train: 67.63%, Valid: 65.73%, Test: 63.09%
Run: 05, Epoch: 22, Train: 67.46%, Valid: 62.60%, Test: 60.37%
Run: 05, Epoch: 23, Train: 67.35%, Valid: 62.29%, Test: 59.76%
Run: 05, Epoch: 24, Train: 68.36%, Valid: 64.46%, Test: 61.86%
Run: 05, Epoch: 25, Train: 67.82%, Valid: 62.87%, Test: 61.03%
Run: 05, Epoch: 26, Train: 68.55%, Valid: 64.95%, Test: 61.65%
Run: 05, Epoch: 27, Train: 68.68%, Valid: 64.84%, Test: 61.40%
Run: 05, Epoch: 28, Train: 68.74%, Valid: 64.67%, Test: 60.91%
Run: 05, Epoch: 29, Train: 68.77%, Valid: 64.96%, Test: 61.83%
Run: 05, Epoch: 30, Train: 68.59%, Valid: 64.31%, Test: 61.84%
Run 05:
Highest Train: 68.77
Highest Valid: 65.73
  Final Train: 67.63
   Final Test: 63.09
Run: 06, Epoch: 01, Train: 61.08%, Valid: 57.71%, Test: 55.54%
Run: 06, Epoch: 02, Train: 62.99%, Valid: 61.64%, Test: 59.09%
Run: 06, Epoch: 03, Train: 63.96%, Valid: 62.86%, Test: 59.53%
Run: 06, Epoch: 04, Train: 64.86%, Valid: 62.33%, Test: 60.31%
Run: 06, Epoch: 05, Train: 64.55%, Valid: 63.67%, Test: 60.42%
Run: 06, Epoch: 06, Train: 64.69%, Valid: 63.32%, Test: 60.52%
Run: 06, Epoch: 07, Train: 65.15%, Valid: 60.78%, Test: 59.03%
Run: 06, Epoch: 08, Train: 65.87%, Valid: 63.45%, Test: 61.19%
Run: 06, Epoch: 09, Train: 66.16%, Valid: 63.80%, Test: 60.76%
Run: 06, Epoch: 10, Train: 66.48%, Valid: 64.21%, Test: 61.80%
Run: 06, Epoch: 11, Train: 66.56%, Valid: 62.93%, Test: 60.21%
Run: 06, Epoch: 12, Train: 66.90%, Valid: 63.79%, Test: 61.02%
Run: 06, Epoch: 13, Train: 67.31%, Valid: 64.34%, Test: 61.48%
Run: 06, Epoch: 14, Train: 66.72%, Valid: 61.98%, Test: 59.45%
Run: 06, Epoch: 15, Train: 67.26%, Valid: 64.40%, Test: 61.46%
Run: 06, Epoch: 16, Train: 67.72%, Valid: 64.41%, Test: 61.59%
Run: 06, Epoch: 17, Train: 67.83%, Valid: 64.55%, Test: 61.90%
Run: 06, Epoch: 18, Train: 67.62%, Valid: 64.49%, Test: 61.72%
Run: 06, Epoch: 19, Train: 67.49%, Valid: 62.72%, Test: 60.66%
Run: 06, Epoch: 20, Train: 68.10%, Valid: 64.03%, Test: 61.03%
Run: 06, Epoch: 21, Train: 68.08%, Valid: 64.33%, Test: 60.96%
Run: 06, Epoch: 22, Train: 66.85%, Valid: 65.82%, Test: 62.58%
Run: 06, Epoch: 23, Train: 68.16%, Valid: 64.77%, Test: 61.76%
Run: 06, Epoch: 24, Train: 68.22%, Valid: 65.14%, Test: 62.06%
Run: 06, Epoch: 25, Train: 67.61%, Valid: 62.81%, Test: 60.72%
Run: 06, Epoch: 26, Train: 68.45%, Valid: 65.02%, Test: 62.19%
Run: 06, Epoch: 27, Train: 68.29%, Valid: 63.28%, Test: 60.13%
Run: 06, Epoch: 28, Train: 68.74%, Valid: 64.27%, Test: 61.37%
Run: 06, Epoch: 29, Train: 68.73%, Valid: 65.82%, Test: 62.53%
Run: 06, Epoch: 30, Train: 68.83%, Valid: 64.33%, Test: 61.07%
Run 06:
Highest Train: 68.83
Highest Valid: 65.82
  Final Train: 66.85
   Final Test: 62.58
Run: 07, Epoch: 01, Train: 60.91%, Valid: 57.69%, Test: 55.74%
Run: 07, Epoch: 02, Train: 62.59%, Valid: 58.47%, Test: 56.31%
Run: 07, Epoch: 03, Train: 63.32%, Valid: 62.16%, Test: 60.07%
Run: 07, Epoch: 04, Train: 64.18%, Valid: 60.81%, Test: 58.06%
Run: 07, Epoch: 05, Train: 64.76%, Valid: 62.33%, Test: 59.91%
Run: 07, Epoch: 06, Train: 64.45%, Valid: 65.17%, Test: 61.94%
Run: 07, Epoch: 07, Train: 64.98%, Valid: 60.53%, Test: 59.06%
Run: 07, Epoch: 08, Train: 65.91%, Valid: 63.50%, Test: 59.89%
Run: 07, Epoch: 09, Train: 66.08%, Valid: 64.24%, Test: 61.30%
Run: 07, Epoch: 10, Train: 66.01%, Valid: 62.59%, Test: 59.91%
Run: 07, Epoch: 11, Train: 66.93%, Valid: 64.54%, Test: 61.19%
Run: 07, Epoch: 12, Train: 67.01%, Valid: 64.31%, Test: 61.09%
Run: 07, Epoch: 13, Train: 66.41%, Valid: 62.91%, Test: 61.27%
Run: 07, Epoch: 14, Train: 67.05%, Valid: 64.39%, Test: 61.27%
Run: 07, Epoch: 15, Train: 67.43%, Valid: 64.13%, Test: 61.31%
Run: 07, Epoch: 16, Train: 67.05%, Valid: 64.70%, Test: 61.81%
Run: 07, Epoch: 17, Train: 67.02%, Valid: 64.60%, Test: 61.14%
Run: 07, Epoch: 18, Train: 67.68%, Valid: 63.37%, Test: 60.65%
Run: 07, Epoch: 19, Train: 67.21%, Valid: 62.30%, Test: 59.86%
Run: 07, Epoch: 20, Train: 67.42%, Valid: 63.64%, Test: 60.71%
Run: 07, Epoch: 21, Train: 67.98%, Valid: 64.29%, Test: 60.88%
Run: 07, Epoch: 22, Train: 67.95%, Valid: 64.81%, Test: 62.02%
Run: 07, Epoch: 23, Train: 67.58%, Valid: 65.26%, Test: 61.73%
Run: 07, Epoch: 24, Train: 68.40%, Valid: 64.76%, Test: 61.50%
Run: 07, Epoch: 25, Train: 68.34%, Valid: 63.98%, Test: 61.41%
Run: 07, Epoch: 26, Train: 68.12%, Valid: 65.03%, Test: 61.81%
Run: 07, Epoch: 27, Train: 68.64%, Valid: 64.34%, Test: 61.95%
Run: 07, Epoch: 28, Train: 68.63%, Valid: 65.64%, Test: 62.40%
Run: 07, Epoch: 29, Train: 68.99%, Valid: 64.99%, Test: 62.12%
Run: 07, Epoch: 30, Train: 68.62%, Valid: 64.78%, Test: 61.34%
Run 07:
Highest Train: 68.99
Highest Valid: 65.64
  Final Train: 68.63
   Final Test: 62.40
Run: 08, Epoch: 01, Train: 61.45%, Valid: 60.83%, Test: 58.40%
Run: 08, Epoch: 02, Train: 63.09%, Valid: 60.56%, Test: 58.71%
Run: 08, Epoch: 03, Train: 63.26%, Valid: 59.90%, Test: 57.75%
Run: 08, Epoch: 04, Train: 63.80%, Valid: 64.57%, Test: 61.07%
Run: 08, Epoch: 05, Train: 64.88%, Valid: 62.64%, Test: 60.09%
Run: 08, Epoch: 06, Train: 65.23%, Valid: 61.97%, Test: 59.40%
Run: 08, Epoch: 07, Train: 66.03%, Valid: 64.46%, Test: 61.47%
Run: 08, Epoch: 08, Train: 66.12%, Valid: 63.09%, Test: 60.52%
Run: 08, Epoch: 09, Train: 66.05%, Valid: 64.77%, Test: 62.33%
Run: 08, Epoch: 10, Train: 66.36%, Valid: 63.58%, Test: 60.89%
Run: 08, Epoch: 11, Train: 67.25%, Valid: 64.65%, Test: 61.51%
Run: 08, Epoch: 12, Train: 66.00%, Valid: 60.97%, Test: 59.47%
Run: 08, Epoch: 13, Train: 67.02%, Valid: 63.05%, Test: 60.66%
Run: 08, Epoch: 14, Train: 67.21%, Valid: 63.48%, Test: 59.72%
Run: 08, Epoch: 15, Train: 67.02%, Valid: 63.09%, Test: 60.53%
Run: 08, Epoch: 16, Train: 67.19%, Valid: 64.31%, Test: 61.77%
Run: 08, Epoch: 17, Train: 67.62%, Valid: 65.06%, Test: 62.20%
Run: 08, Epoch: 18, Train: 67.72%, Valid: 63.03%, Test: 60.99%
Run: 08, Epoch: 19, Train: 67.59%, Valid: 63.11%, Test: 61.06%
Run: 08, Epoch: 20, Train: 67.59%, Valid: 62.81%, Test: 60.48%
Run: 08, Epoch: 21, Train: 68.07%, Valid: 64.19%, Test: 61.53%
Run: 08, Epoch: 22, Train: 67.09%, Valid: 65.43%, Test: 61.91%
Run: 08, Epoch: 23, Train: 67.29%, Valid: 61.97%, Test: 60.80%
Run: 08, Epoch: 24, Train: 68.47%, Valid: 64.95%, Test: 61.63%
Run: 08, Epoch: 25, Train: 68.26%, Valid: 64.21%, Test: 60.91%
Run: 08, Epoch: 26, Train: 68.24%, Valid: 64.96%, Test: 61.76%
Run: 08, Epoch: 27, Train: 68.10%, Valid: 65.35%, Test: 61.97%
Run: 08, Epoch: 28, Train: 68.50%, Valid: 65.15%, Test: 61.72%
Run: 08, Epoch: 29, Train: 67.89%, Valid: 62.31%, Test: 60.44%
Run: 08, Epoch: 30, Train: 68.84%, Valid: 64.33%, Test: 61.30%
Run 08:
Highest Train: 68.84
Highest Valid: 65.43
  Final Train: 67.09
   Final Test: 61.91
Run: 09, Epoch: 01, Train: 61.09%, Valid: 59.10%, Test: 56.72%
Run: 09, Epoch: 02, Train: 62.17%, Valid: 58.31%, Test: 56.26%
Run: 09, Epoch: 03, Train: 63.57%, Valid: 59.73%, Test: 57.49%
Run: 09, Epoch: 04, Train: 64.22%, Valid: 61.48%, Test: 59.58%
Run: 09, Epoch: 05, Train: 65.16%, Valid: 63.37%, Test: 60.99%
Run: 09, Epoch: 06, Train: 65.13%, Valid: 63.03%, Test: 60.17%
Run: 09, Epoch: 07, Train: 65.54%, Valid: 65.12%, Test: 62.22%
Run: 09, Epoch: 08, Train: 65.74%, Valid: 65.66%, Test: 62.76%
Run: 09, Epoch: 09, Train: 66.29%, Valid: 62.79%, Test: 60.57%
Run: 09, Epoch: 10, Train: 66.33%, Valid: 62.38%, Test: 60.38%
Run: 09, Epoch: 11, Train: 66.76%, Valid: 64.64%, Test: 61.66%
Run: 09, Epoch: 12, Train: 65.95%, Valid: 64.53%, Test: 61.31%
Run: 09, Epoch: 13, Train: 67.12%, Valid: 63.55%, Test: 61.04%
Run: 09, Epoch: 14, Train: 67.11%, Valid: 64.76%, Test: 61.84%
Run: 09, Epoch: 15, Train: 67.14%, Valid: 63.70%, Test: 60.88%
Run: 09, Epoch: 16, Train: 66.76%, Valid: 62.19%, Test: 59.68%
Run: 09, Epoch: 17, Train: 67.52%, Valid: 63.07%, Test: 60.73%
Run: 09, Epoch: 18, Train: 67.00%, Valid: 65.51%, Test: 62.37%
Run: 09, Epoch: 19, Train: 68.04%, Valid: 64.51%, Test: 61.76%
Run: 09, Epoch: 20, Train: 67.93%, Valid: 63.51%, Test: 60.55%
Run: 09, Epoch: 21, Train: 67.44%, Valid: 65.52%, Test: 62.51%
Run: 09, Epoch: 22, Train: 68.15%, Valid: 64.54%, Test: 61.77%
Run: 09, Epoch: 23, Train: 68.00%, Valid: 63.23%, Test: 60.71%
Run: 09, Epoch: 24, Train: 68.42%, Valid: 64.89%, Test: 61.81%
Run: 09, Epoch: 25, Train: 68.22%, Valid: 65.20%, Test: 62.14%
Run: 09, Epoch: 26, Train: 67.81%, Valid: 63.20%, Test: 60.57%
Run: 09, Epoch: 27, Train: 68.55%, Valid: 65.02%, Test: 62.23%
Run: 09, Epoch: 28, Train: 68.27%, Valid: 63.81%, Test: 61.12%
Run: 09, Epoch: 29, Train: 68.56%, Valid: 63.85%, Test: 60.83%
Run: 09, Epoch: 30, Train: 68.74%, Valid: 64.86%, Test: 62.22%
Run 09:
Highest Train: 68.74
Highest Valid: 65.66
  Final Train: 65.74
   Final Test: 62.76
Run: 10, Epoch: 01, Train: 59.95%, Valid: 57.80%, Test: 54.30%
Run: 10, Epoch: 02, Train: 62.44%, Valid: 58.34%, Test: 57.08%
Run: 10, Epoch: 03, Train: 63.82%, Valid: 60.85%, Test: 59.05%
Run: 10, Epoch: 04, Train: 63.94%, Valid: 62.07%, Test: 59.00%
Run: 10, Epoch: 05, Train: 63.15%, Valid: 57.63%, Test: 56.96%
Run: 10, Epoch: 06, Train: 65.08%, Valid: 62.55%, Test: 60.54%
Run: 10, Epoch: 07, Train: 65.57%, Valid: 64.46%, Test: 61.44%
Run: 10, Epoch: 08, Train: 65.61%, Valid: 61.09%, Test: 58.56%
Run: 10, Epoch: 09, Train: 65.75%, Valid: 62.81%, Test: 60.46%
Run: 10, Epoch: 10, Train: 66.96%, Valid: 64.48%, Test: 61.30%
Run: 10, Epoch: 11, Train: 66.69%, Valid: 64.17%, Test: 61.19%
Run: 10, Epoch: 12, Train: 67.38%, Valid: 64.81%, Test: 61.53%
Run: 10, Epoch: 13, Train: 67.12%, Valid: 65.82%, Test: 62.30%
Run: 10, Epoch: 14, Train: 66.17%, Valid: 61.93%, Test: 60.07%
Run: 10, Epoch: 15, Train: 66.48%, Valid: 65.98%, Test: 62.68%
Run: 10, Epoch: 16, Train: 67.29%, Valid: 65.08%, Test: 61.99%
Run: 10, Epoch: 17, Train: 67.57%, Valid: 63.92%, Test: 61.09%
Run: 10, Epoch: 18, Train: 67.79%, Valid: 64.45%, Test: 61.90%
Run: 10, Epoch: 19, Train: 67.45%, Valid: 65.74%, Test: 62.69%
Run: 10, Epoch: 20, Train: 67.84%, Valid: 63.87%, Test: 61.03%
Run: 10, Epoch: 21, Train: 67.56%, Valid: 62.64%, Test: 60.28%
Run: 10, Epoch: 22, Train: 67.02%, Valid: 65.89%, Test: 62.31%
Run: 10, Epoch: 23, Train: 68.40%, Valid: 65.11%, Test: 62.41%
Run: 10, Epoch: 24, Train: 68.54%, Valid: 64.51%, Test: 61.83%
Run: 10, Epoch: 25, Train: 67.18%, Valid: 65.51%, Test: 62.09%
Run: 10, Epoch: 26, Train: 68.69%, Valid: 65.33%, Test: 62.33%
Run: 10, Epoch: 27, Train: 68.62%, Valid: 64.17%, Test: 61.43%
Run: 10, Epoch: 28, Train: 66.51%, Valid: 64.68%, Test: 60.60%
Run: 10, Epoch: 29, Train: 68.08%, Valid: 65.78%, Test: 62.37%
Run: 10, Epoch: 30, Train: 68.00%, Valid: 65.51%, Test: 61.91%
Run 10:
Highest Train: 68.69
Highest Valid: 65.98
  Final Train: 66.48
   Final Test: 62.68
All runs:
Highest Train: 68.80 ± 0.09
Highest Valid: 65.81 ± 0.20
  Final Train: 67.13 ± 0.95
   Final Test: 62.54 ± 0.31
