Namespace(device=0, log_steps=1, use_node_embedding=False, use_sgc_embedding=True, num_sgc_iterations=3, num_layers=3, hidden_channels=256, dropout=0, lr=0.01, batch_size=256, epochs=30, runs=10, rsv=0.45)
Run: 01, Epoch: 01, Train: 61.06%, Valid: 58.66%, Test: 56.41%
Run: 01, Epoch: 02, Train: 62.35%, Valid: 60.88%, Test: 58.26%
Run: 01, Epoch: 03, Train: 64.27%, Valid: 61.13%, Test: 58.97%
Run: 01, Epoch: 04, Train: 64.43%, Valid: 63.00%, Test: 59.98%
Run: 01, Epoch: 05, Train: 64.86%, Valid: 62.98%, Test: 60.38%
Run: 01, Epoch: 06, Train: 63.94%, Valid: 65.19%, Test: 61.82%
Run: 01, Epoch: 07, Train: 66.07%, Valid: 64.23%, Test: 61.31%
Run: 01, Epoch: 08, Train: 65.23%, Valid: 64.51%, Test: 61.05%
Run: 01, Epoch: 09, Train: 65.11%, Valid: 60.72%, Test: 59.16%
Run: 01, Epoch: 10, Train: 66.43%, Valid: 62.79%, Test: 60.03%
Run: 01, Epoch: 11, Train: 67.25%, Valid: 65.41%, Test: 62.02%
Run: 01, Epoch: 12, Train: 66.86%, Valid: 65.28%, Test: 61.84%
Run: 01, Epoch: 13, Train: 66.27%, Valid: 61.56%, Test: 60.16%
Run: 01, Epoch: 14, Train: 67.16%, Valid: 64.55%, Test: 61.32%
Run: 01, Epoch: 15, Train: 66.98%, Valid: 65.48%, Test: 62.24%
Run: 01, Epoch: 16, Train: 67.31%, Valid: 63.31%, Test: 61.01%
Run: 01, Epoch: 17, Train: 67.29%, Valid: 63.66%, Test: 60.52%
Run: 01, Epoch: 18, Train: 67.23%, Valid: 63.86%, Test: 61.16%
Run: 01, Epoch: 19, Train: 67.84%, Valid: 64.00%, Test: 61.16%
Run: 01, Epoch: 20, Train: 67.65%, Valid: 64.04%, Test: 60.69%
Run: 01, Epoch: 21, Train: 68.22%, Valid: 65.69%, Test: 62.45%
Run: 01, Epoch: 22, Train: 68.47%, Valid: 64.85%, Test: 61.20%
Run: 01, Epoch: 23, Train: 68.06%, Valid: 65.03%, Test: 61.88%
Run: 01, Epoch: 24, Train: 67.29%, Valid: 66.38%, Test: 62.92%
Run: 01, Epoch: 25, Train: 68.55%, Valid: 64.81%, Test: 61.73%
Run: 01, Epoch: 26, Train: 68.15%, Valid: 63.90%, Test: 61.60%
Run: 01, Epoch: 27, Train: 68.66%, Valid: 64.88%, Test: 61.74%
Run: 01, Epoch: 28, Train: 68.31%, Valid: 63.71%, Test: 60.89%
Run: 01, Epoch: 29, Train: 68.49%, Valid: 63.80%, Test: 61.33%
Run: 01, Epoch: 30, Train: 68.52%, Valid: 63.73%, Test: 61.61%
Run 01:
Highest Train: 68.66
Highest Valid: 66.38
  Final Train: 67.29
   Final Test: 62.92
Run: 02, Epoch: 01, Train: 61.50%, Valid: 58.74%, Test: 55.13%
Run: 02, Epoch: 02, Train: 63.32%, Valid: 61.95%, Test: 59.54%
Run: 02, Epoch: 03, Train: 63.97%, Valid: 61.05%, Test: 58.84%
Run: 02, Epoch: 04, Train: 63.85%, Valid: 63.19%, Test: 59.23%
Run: 02, Epoch: 05, Train: 65.28%, Valid: 64.37%, Test: 60.45%
Run: 02, Epoch: 06, Train: 65.46%, Valid: 63.23%, Test: 59.90%
Run: 02, Epoch: 07, Train: 65.70%, Valid: 65.07%, Test: 61.75%
Run: 02, Epoch: 08, Train: 65.64%, Valid: 62.89%, Test: 60.14%
Run: 02, Epoch: 09, Train: 66.20%, Valid: 64.64%, Test: 61.42%
Run: 02, Epoch: 10, Train: 65.79%, Valid: 64.70%, Test: 61.18%
Run: 02, Epoch: 11, Train: 66.82%, Valid: 64.16%, Test: 61.29%
Run: 02, Epoch: 12, Train: 67.03%, Valid: 64.06%, Test: 61.03%
Run: 02, Epoch: 13, Train: 66.20%, Valid: 65.31%, Test: 61.90%
Run: 02, Epoch: 14, Train: 66.83%, Valid: 62.64%, Test: 60.20%
Run: 02, Epoch: 15, Train: 67.47%, Valid: 63.71%, Test: 61.18%
Run: 02, Epoch: 16, Train: 67.71%, Valid: 64.58%, Test: 61.67%
Run: 02, Epoch: 17, Train: 66.99%, Valid: 62.02%, Test: 60.51%
Run: 02, Epoch: 18, Train: 67.78%, Valid: 65.91%, Test: 62.25%
Run: 02, Epoch: 19, Train: 67.93%, Valid: 65.01%, Test: 62.04%
Run: 02, Epoch: 20, Train: 67.96%, Valid: 65.48%, Test: 62.03%
Run: 02, Epoch: 21, Train: 67.93%, Valid: 65.09%, Test: 61.65%
Run: 02, Epoch: 22, Train: 67.94%, Valid: 63.00%, Test: 61.11%
Run: 02, Epoch: 23, Train: 68.19%, Valid: 65.50%, Test: 61.98%
Run: 02, Epoch: 24, Train: 68.37%, Valid: 64.85%, Test: 61.62%
Run: 02, Epoch: 25, Train: 67.14%, Valid: 61.71%, Test: 59.66%
Run: 02, Epoch: 26, Train: 68.41%, Valid: 64.75%, Test: 61.85%
Run: 02, Epoch: 27, Train: 68.63%, Valid: 63.88%, Test: 61.51%
Run: 02, Epoch: 28, Train: 67.66%, Valid: 62.28%, Test: 60.12%
Run: 02, Epoch: 29, Train: 68.80%, Valid: 65.46%, Test: 62.45%
Run: 02, Epoch: 30, Train: 68.58%, Valid: 65.92%, Test: 62.68%
Run 02:
Highest Train: 68.80
Highest Valid: 65.92
  Final Train: 68.58
   Final Test: 62.68
Run: 03, Epoch: 01, Train: 61.68%, Valid: 58.95%, Test: 57.07%
Run: 03, Epoch: 02, Train: 63.40%, Valid: 61.17%, Test: 59.12%
Run: 03, Epoch: 03, Train: 64.11%, Valid: 60.82%, Test: 58.38%
Run: 03, Epoch: 04, Train: 64.52%, Valid: 61.55%, Test: 59.05%
Run: 03, Epoch: 05, Train: 64.86%, Valid: 62.08%, Test: 60.12%
Run: 03, Epoch: 06, Train: 65.74%, Valid: 63.56%, Test: 61.15%
Run: 03, Epoch: 07, Train: 65.92%, Valid: 63.73%, Test: 61.28%
Run: 03, Epoch: 08, Train: 64.70%, Valid: 60.50%, Test: 58.98%
Run: 03, Epoch: 09, Train: 66.23%, Valid: 65.38%, Test: 62.12%
Run: 03, Epoch: 10, Train: 66.67%, Valid: 64.35%, Test: 61.33%
Run: 03, Epoch: 11, Train: 66.81%, Valid: 64.18%, Test: 61.27%
Run: 03, Epoch: 12, Train: 66.91%, Valid: 64.46%, Test: 61.39%
Run: 03, Epoch: 13, Train: 67.05%, Valid: 65.37%, Test: 62.18%
Run: 03, Epoch: 14, Train: 67.60%, Valid: 64.76%, Test: 62.01%
Run: 03, Epoch: 15, Train: 67.58%, Valid: 65.21%, Test: 62.44%
Run: 03, Epoch: 16, Train: 67.66%, Valid: 65.86%, Test: 62.52%
Run: 03, Epoch: 17, Train: 67.48%, Valid: 64.20%, Test: 61.25%
Run: 03, Epoch: 18, Train: 66.57%, Valid: 65.89%, Test: 62.66%
Run: 03, Epoch: 19, Train: 67.96%, Valid: 65.34%, Test: 61.81%
Run: 03, Epoch: 20, Train: 68.01%, Valid: 64.13%, Test: 61.20%
Run: 03, Epoch: 21, Train: 67.23%, Valid: 62.15%, Test: 60.18%
Run: 03, Epoch: 22, Train: 68.47%, Valid: 65.52%, Test: 62.39%
Run: 03, Epoch: 23, Train: 68.17%, Valid: 64.22%, Test: 61.26%
Run: 03, Epoch: 24, Train: 68.49%, Valid: 64.62%, Test: 61.91%
Run: 03, Epoch: 25, Train: 68.54%, Valid: 64.90%, Test: 62.26%
Run: 03, Epoch: 26, Train: 67.65%, Valid: 65.83%, Test: 62.79%
Run: 03, Epoch: 27, Train: 67.94%, Valid: 64.84%, Test: 61.03%
Run: 03, Epoch: 28, Train: 68.75%, Valid: 65.33%, Test: 62.05%
Run: 03, Epoch: 29, Train: 68.74%, Valid: 65.15%, Test: 61.67%
Run: 03, Epoch: 30, Train: 68.43%, Valid: 64.86%, Test: 62.13%
Run 03:
Highest Train: 68.75
Highest Valid: 65.89
  Final Train: 66.57
   Final Test: 62.66
Run: 04, Epoch: 01, Train: 61.99%, Valid: 59.10%, Test: 57.83%
Run: 04, Epoch: 02, Train: 62.90%, Valid: 63.21%, Test: 60.15%
Run: 04, Epoch: 03, Train: 64.09%, Valid: 61.94%, Test: 59.99%
Run: 04, Epoch: 04, Train: 64.39%, Valid: 63.09%, Test: 60.03%
Run: 04, Epoch: 05, Train: 63.96%, Valid: 59.83%, Test: 58.26%
Run: 04, Epoch: 06, Train: 64.90%, Valid: 62.21%, Test: 60.20%
Run: 04, Epoch: 07, Train: 65.49%, Valid: 64.91%, Test: 62.03%
Run: 04, Epoch: 08, Train: 65.98%, Valid: 62.69%, Test: 60.35%
Run: 04, Epoch: 09, Train: 66.74%, Valid: 64.87%, Test: 62.02%
Run: 04, Epoch: 10, Train: 66.57%, Valid: 64.42%, Test: 61.36%
Run: 04, Epoch: 11, Train: 66.68%, Valid: 63.11%, Test: 60.55%
Run: 04, Epoch: 12, Train: 66.33%, Valid: 64.34%, Test: 61.60%
Run: 04, Epoch: 13, Train: 66.29%, Valid: 65.27%, Test: 61.90%
Run: 04, Epoch: 14, Train: 66.64%, Valid: 65.18%, Test: 62.23%
Run: 04, Epoch: 15, Train: 67.61%, Valid: 65.13%, Test: 62.48%
Run: 04, Epoch: 16, Train: 67.36%, Valid: 64.10%, Test: 60.92%
Run: 04, Epoch: 17, Train: 66.77%, Valid: 62.49%, Test: 60.35%
Run: 04, Epoch: 18, Train: 67.64%, Valid: 64.11%, Test: 61.47%
Run: 04, Epoch: 19, Train: 68.25%, Valid: 65.00%, Test: 61.93%
Run: 04, Epoch: 20, Train: 67.38%, Valid: 65.65%, Test: 62.42%
Run: 04, Epoch: 21, Train: 68.40%, Valid: 64.43%, Test: 61.31%
Run: 04, Epoch: 22, Train: 67.93%, Valid: 64.96%, Test: 61.54%
Run: 04, Epoch: 23, Train: 68.16%, Valid: 63.85%, Test: 61.28%
Run: 04, Epoch: 24, Train: 68.22%, Valid: 65.68%, Test: 62.33%
Run: 04, Epoch: 25, Train: 68.78%, Valid: 65.33%, Test: 62.05%
Run: 04, Epoch: 26, Train: 68.67%, Valid: 64.87%, Test: 62.49%
Run: 04, Epoch: 27, Train: 68.55%, Valid: 64.37%, Test: 61.19%
Run: 04, Epoch: 28, Train: 68.85%, Valid: 64.02%, Test: 61.16%
Run: 04, Epoch: 29, Train: 68.56%, Valid: 65.03%, Test: 62.17%
Run: 04, Epoch: 30, Train: 69.11%, Valid: 65.92%, Test: 62.69%
Run 04:
Highest Train: 69.11
Highest Valid: 65.92
  Final Train: 69.11
   Final Test: 62.69
Run: 05, Epoch: 01, Train: 62.15%, Valid: 60.71%, Test: 58.10%
Run: 05, Epoch: 02, Train: 63.18%, Valid: 63.75%, Test: 60.66%
Run: 05, Epoch: 03, Train: 64.09%, Valid: 62.66%, Test: 60.35%
Run: 05, Epoch: 04, Train: 64.87%, Valid: 63.15%, Test: 60.97%
Run: 05, Epoch: 05, Train: 64.79%, Valid: 62.34%, Test: 59.83%
Run: 05, Epoch: 06, Train: 66.06%, Valid: 65.13%, Test: 62.29%
Run: 05, Epoch: 07, Train: 65.82%, Valid: 63.70%, Test: 60.95%
Run: 05, Epoch: 08, Train: 66.15%, Valid: 63.01%, Test: 60.30%
Run: 05, Epoch: 09, Train: 66.79%, Valid: 63.89%, Test: 61.32%
Run: 05, Epoch: 10, Train: 66.64%, Valid: 64.05%, Test: 61.36%
Run: 05, Epoch: 11, Train: 66.32%, Valid: 62.28%, Test: 60.33%
Run: 05, Epoch: 12, Train: 67.02%, Valid: 65.28%, Test: 61.64%
Run: 05, Epoch: 13, Train: 66.84%, Valid: 64.47%, Test: 61.38%
Run: 05, Epoch: 14, Train: 67.32%, Valid: 64.64%, Test: 61.87%
Run: 05, Epoch: 15, Train: 67.80%, Valid: 64.89%, Test: 62.31%
Run: 05, Epoch: 16, Train: 67.51%, Valid: 64.98%, Test: 61.85%
Run: 05, Epoch: 17, Train: 67.42%, Valid: 63.65%, Test: 61.47%
Run: 05, Epoch: 18, Train: 67.80%, Valid: 64.26%, Test: 61.38%
Run: 05, Epoch: 19, Train: 67.91%, Valid: 65.24%, Test: 62.34%
Run: 05, Epoch: 20, Train: 68.39%, Valid: 65.35%, Test: 62.14%
Run: 05, Epoch: 21, Train: 68.14%, Valid: 64.82%, Test: 61.96%
Run: 05, Epoch: 22, Train: 68.29%, Valid: 64.79%, Test: 61.33%
Run: 05, Epoch: 23, Train: 68.14%, Valid: 65.18%, Test: 61.47%
Run: 05, Epoch: 24, Train: 67.65%, Valid: 61.72%, Test: 60.10%
Run: 05, Epoch: 25, Train: 68.46%, Valid: 65.51%, Test: 62.26%
Run: 05, Epoch: 26, Train: 68.02%, Valid: 65.45%, Test: 62.11%
Run: 05, Epoch: 27, Train: 68.80%, Valid: 65.17%, Test: 62.24%
Run: 05, Epoch: 28, Train: 68.77%, Valid: 65.30%, Test: 61.94%
Run: 05, Epoch: 29, Train: 68.98%, Valid: 64.76%, Test: 60.98%
Run: 05, Epoch: 30, Train: 68.17%, Valid: 65.66%, Test: 62.78%
Run 05:
Highest Train: 68.98
Highest Valid: 65.66
  Final Train: 68.17
   Final Test: 62.78
Run: 06, Epoch: 01, Train: 60.99%, Valid: 57.60%, Test: 56.10%
Run: 06, Epoch: 02, Train: 63.24%, Valid: 60.31%, Test: 58.40%
Run: 06, Epoch: 03, Train: 63.61%, Valid: 61.74%, Test: 59.32%
Run: 06, Epoch: 04, Train: 63.98%, Valid: 63.53%, Test: 60.81%
Run: 06, Epoch: 05, Train: 65.16%, Valid: 62.84%, Test: 60.17%
Run: 06, Epoch: 06, Train: 65.52%, Valid: 63.26%, Test: 60.48%
Run: 06, Epoch: 07, Train: 65.25%, Valid: 61.97%, Test: 59.74%
Run: 06, Epoch: 08, Train: 65.79%, Valid: 62.87%, Test: 60.53%
Run: 06, Epoch: 09, Train: 66.15%, Valid: 64.26%, Test: 61.57%
Run: 06, Epoch: 10, Train: 66.04%, Valid: 62.06%, Test: 59.89%
Run: 06, Epoch: 11, Train: 66.31%, Valid: 65.23%, Test: 62.00%
Run: 06, Epoch: 12, Train: 67.46%, Valid: 63.62%, Test: 60.52%
Run: 06, Epoch: 13, Train: 67.28%, Valid: 64.13%, Test: 61.18%
Run: 06, Epoch: 14, Train: 67.35%, Valid: 63.84%, Test: 61.64%
Run: 06, Epoch: 15, Train: 67.41%, Valid: 63.94%, Test: 61.01%
Run: 06, Epoch: 16, Train: 66.43%, Valid: 65.75%, Test: 62.16%
Run: 06, Epoch: 17, Train: 67.92%, Valid: 65.40%, Test: 62.20%
Run: 06, Epoch: 18, Train: 67.88%, Valid: 64.57%, Test: 61.65%
Run: 06, Epoch: 19, Train: 66.88%, Valid: 61.77%, Test: 60.20%
Run: 06, Epoch: 20, Train: 68.16%, Valid: 65.34%, Test: 61.89%
Run: 06, Epoch: 21, Train: 67.93%, Valid: 64.83%, Test: 62.12%
Run: 06, Epoch: 22, Train: 68.12%, Valid: 65.31%, Test: 61.59%
Run: 06, Epoch: 23, Train: 67.77%, Valid: 63.14%, Test: 60.35%
Run: 06, Epoch: 24, Train: 68.46%, Valid: 64.70%, Test: 62.18%
Run: 06, Epoch: 25, Train: 68.49%, Valid: 65.42%, Test: 62.23%
Run: 06, Epoch: 26, Train: 66.99%, Valid: 62.02%, Test: 59.98%
Run: 06, Epoch: 27, Train: 68.69%, Valid: 64.67%, Test: 61.68%
Run: 06, Epoch: 28, Train: 68.70%, Valid: 64.84%, Test: 61.68%
Run: 06, Epoch: 29, Train: 68.74%, Valid: 64.56%, Test: 61.98%
Run: 06, Epoch: 30, Train: 68.70%, Valid: 64.82%, Test: 61.91%
Run 06:
Highest Train: 68.74
Highest Valid: 65.75
  Final Train: 66.43
   Final Test: 62.16
Run: 07, Epoch: 01, Train: 61.98%, Valid: 59.37%, Test: 57.62%
Run: 07, Epoch: 02, Train: 62.89%, Valid: 60.27%, Test: 58.28%
Run: 07, Epoch: 03, Train: 63.86%, Valid: 60.36%, Test: 57.75%
Run: 07, Epoch: 04, Train: 64.06%, Valid: 60.98%, Test: 59.13%
Run: 07, Epoch: 05, Train: 65.37%, Valid: 63.80%, Test: 61.24%
Run: 07, Epoch: 06, Train: 65.54%, Valid: 62.19%, Test: 60.35%
Run: 07, Epoch: 07, Train: 66.10%, Valid: 64.75%, Test: 61.82%
Run: 07, Epoch: 08, Train: 66.16%, Valid: 65.21%, Test: 62.32%
Run: 07, Epoch: 09, Train: 66.33%, Valid: 64.29%, Test: 61.19%
Run: 07, Epoch: 10, Train: 66.68%, Valid: 63.83%, Test: 60.69%
Run: 07, Epoch: 11, Train: 66.83%, Valid: 63.51%, Test: 60.85%
Run: 07, Epoch: 12, Train: 67.02%, Valid: 63.44%, Test: 61.20%
Run: 07, Epoch: 13, Train: 67.17%, Valid: 65.29%, Test: 62.24%
Run: 07, Epoch: 14, Train: 67.50%, Valid: 63.84%, Test: 61.18%
Run: 07, Epoch: 15, Train: 67.10%, Valid: 65.31%, Test: 61.71%
Run: 07, Epoch: 16, Train: 67.67%, Valid: 63.91%, Test: 60.91%
Run: 07, Epoch: 17, Train: 67.54%, Valid: 65.19%, Test: 61.39%
Run: 07, Epoch: 18, Train: 67.62%, Valid: 65.70%, Test: 62.36%
Run: 07, Epoch: 19, Train: 67.91%, Valid: 63.56%, Test: 60.64%
Run: 07, Epoch: 20, Train: 67.78%, Valid: 64.39%, Test: 61.34%
Run: 07, Epoch: 21, Train: 67.91%, Valid: 64.53%, Test: 61.45%
Run: 07, Epoch: 22, Train: 67.78%, Valid: 65.83%, Test: 62.58%
Run: 07, Epoch: 23, Train: 67.99%, Valid: 65.10%, Test: 62.30%
Run: 07, Epoch: 24, Train: 67.80%, Valid: 64.93%, Test: 61.13%
Run: 07, Epoch: 25, Train: 68.42%, Valid: 64.88%, Test: 61.63%
Run: 07, Epoch: 26, Train: 68.50%, Valid: 65.04%, Test: 61.72%
Run: 07, Epoch: 27, Train: 68.58%, Valid: 64.47%, Test: 62.02%
Run: 07, Epoch: 28, Train: 68.71%, Valid: 66.17%, Test: 62.96%
Run: 07, Epoch: 29, Train: 68.90%, Valid: 64.54%, Test: 61.66%
Run: 07, Epoch: 30, Train: 68.59%, Valid: 64.00%, Test: 60.77%
Run 07:
Highest Train: 68.90
Highest Valid: 66.17
  Final Train: 68.71
   Final Test: 62.96
Run: 08, Epoch: 01, Train: 62.21%, Valid: 60.66%, Test: 58.20%
Run: 08, Epoch: 02, Train: 62.92%, Valid: 62.41%, Test: 59.71%
Run: 08, Epoch: 03, Train: 63.14%, Valid: 64.19%, Test: 60.67%
Run: 08, Epoch: 04, Train: 64.31%, Valid: 62.58%, Test: 60.46%
Run: 08, Epoch: 05, Train: 65.21%, Valid: 61.64%, Test: 59.48%
Run: 08, Epoch: 06, Train: 65.57%, Valid: 63.49%, Test: 60.99%
Run: 08, Epoch: 07, Train: 65.77%, Valid: 64.02%, Test: 61.25%
Run: 08, Epoch: 08, Train: 65.71%, Valid: 63.92%, Test: 61.09%
Run: 08, Epoch: 09, Train: 65.06%, Valid: 66.04%, Test: 62.72%
Run: 08, Epoch: 10, Train: 66.71%, Valid: 63.89%, Test: 61.05%
Run: 08, Epoch: 11, Train: 66.95%, Valid: 63.67%, Test: 61.07%
Run: 08, Epoch: 12, Train: 67.38%, Valid: 64.56%, Test: 61.58%
Run: 08, Epoch: 13, Train: 67.30%, Valid: 65.26%, Test: 62.23%
Run: 08, Epoch: 14, Train: 67.35%, Valid: 63.84%, Test: 60.93%
Run: 08, Epoch: 15, Train: 66.33%, Valid: 66.15%, Test: 63.06%
Run: 08, Epoch: 16, Train: 67.22%, Valid: 63.59%, Test: 61.13%
Run: 08, Epoch: 17, Train: 67.73%, Valid: 66.17%, Test: 62.54%
Run: 08, Epoch: 18, Train: 67.46%, Valid: 64.81%, Test: 62.13%
Run: 08, Epoch: 19, Train: 68.26%, Valid: 64.88%, Test: 62.01%
Run: 08, Epoch: 20, Train: 68.21%, Valid: 65.48%, Test: 62.56%
Run: 08, Epoch: 21, Train: 68.12%, Valid: 64.12%, Test: 61.51%
Run: 08, Epoch: 22, Train: 68.63%, Valid: 65.15%, Test: 61.75%
Run: 08, Epoch: 23, Train: 68.21%, Valid: 65.36%, Test: 61.96%
Run: 08, Epoch: 24, Train: 68.69%, Valid: 64.98%, Test: 62.05%
Run: 08, Epoch: 25, Train: 67.97%, Valid: 66.13%, Test: 62.73%
Run: 08, Epoch: 26, Train: 68.52%, Valid: 64.81%, Test: 61.43%
Run: 08, Epoch: 27, Train: 67.86%, Valid: 63.15%, Test: 60.64%
Run: 08, Epoch: 28, Train: 68.15%, Valid: 65.96%, Test: 62.68%
Run: 08, Epoch: 29, Train: 68.77%, Valid: 64.18%, Test: 61.72%
Run: 08, Epoch: 30, Train: 68.78%, Valid: 64.18%, Test: 61.59%
Run 08:
Highest Train: 68.78
Highest Valid: 66.17
  Final Train: 67.73
   Final Test: 62.54
Run: 09, Epoch: 01, Train: 61.85%, Valid: 59.92%, Test: 57.77%
Run: 09, Epoch: 02, Train: 62.03%, Valid: 59.43%, Test: 57.64%
Run: 09, Epoch: 03, Train: 63.46%, Valid: 59.37%, Test: 58.37%
Run: 09, Epoch: 04, Train: 64.05%, Valid: 60.75%, Test: 58.79%
Run: 09, Epoch: 05, Train: 64.91%, Valid: 64.56%, Test: 60.64%
Run: 09, Epoch: 06, Train: 63.37%, Valid: 57.56%, Test: 57.20%
Run: 09, Epoch: 07, Train: 65.90%, Valid: 64.01%, Test: 61.20%
Run: 09, Epoch: 08, Train: 66.17%, Valid: 63.79%, Test: 61.04%
Run: 09, Epoch: 09, Train: 64.76%, Valid: 59.95%, Test: 58.06%
Run: 09, Epoch: 10, Train: 66.89%, Valid: 64.18%, Test: 61.50%
Run: 09, Epoch: 11, Train: 66.77%, Valid: 63.91%, Test: 61.35%
Run: 09, Epoch: 12, Train: 66.87%, Valid: 63.05%, Test: 60.79%
Run: 09, Epoch: 13, Train: 66.90%, Valid: 62.95%, Test: 60.87%
Run: 09, Epoch: 14, Train: 66.78%, Valid: 64.38%, Test: 61.09%
Run: 09, Epoch: 15, Train: 67.17%, Valid: 63.53%, Test: 61.28%
Run: 09, Epoch: 16, Train: 67.23%, Valid: 63.08%, Test: 60.90%
Run: 09, Epoch: 17, Train: 67.13%, Valid: 63.07%, Test: 61.06%
Run: 09, Epoch: 18, Train: 67.57%, Valid: 64.14%, Test: 61.43%
Run: 09, Epoch: 19, Train: 65.98%, Valid: 65.70%, Test: 62.22%
Run: 09, Epoch: 20, Train: 67.87%, Valid: 65.17%, Test: 61.75%
Run: 09, Epoch: 21, Train: 68.15%, Valid: 65.18%, Test: 62.06%
Run: 09, Epoch: 22, Train: 68.44%, Valid: 64.81%, Test: 61.98%
Run: 09, Epoch: 23, Train: 68.37%, Valid: 63.33%, Test: 61.27%
Run: 09, Epoch: 24, Train: 67.79%, Valid: 63.93%, Test: 60.15%
Run: 09, Epoch: 25, Train: 68.60%, Valid: 65.42%, Test: 62.13%
Run: 09, Epoch: 26, Train: 68.49%, Valid: 64.78%, Test: 61.59%
Run: 09, Epoch: 27, Train: 68.34%, Valid: 65.23%, Test: 61.34%
Run: 09, Epoch: 28, Train: 68.29%, Valid: 62.80%, Test: 60.45%
Run: 09, Epoch: 29, Train: 68.76%, Valid: 64.64%, Test: 61.93%
Run: 09, Epoch: 30, Train: 68.77%, Valid: 64.20%, Test: 61.72%
Run 09:
Highest Train: 68.77
Highest Valid: 65.70
  Final Train: 65.98
   Final Test: 62.22
Run: 10, Epoch: 01, Train: 61.13%, Valid: 60.44%, Test: 57.21%
Run: 10, Epoch: 02, Train: 63.20%, Valid: 59.15%, Test: 57.61%
Run: 10, Epoch: 03, Train: 64.48%, Valid: 61.82%, Test: 59.76%
Run: 10, Epoch: 04, Train: 64.98%, Valid: 63.95%, Test: 61.61%
Run: 10, Epoch: 05, Train: 64.50%, Valid: 62.50%, Test: 60.16%
Run: 10, Epoch: 06, Train: 65.50%, Valid: 62.67%, Test: 60.88%
Run: 10, Epoch: 07, Train: 65.56%, Valid: 64.09%, Test: 61.26%
Run: 10, Epoch: 08, Train: 64.86%, Valid: 64.34%, Test: 61.12%
Run: 10, Epoch: 09, Train: 66.33%, Valid: 62.99%, Test: 60.54%
Run: 10, Epoch: 10, Train: 65.74%, Valid: 62.21%, Test: 60.42%
Run: 10, Epoch: 11, Train: 65.92%, Valid: 65.10%, Test: 62.03%
Run: 10, Epoch: 12, Train: 67.03%, Valid: 64.75%, Test: 61.31%
Run: 10, Epoch: 13, Train: 67.22%, Valid: 63.83%, Test: 61.66%
Run: 10, Epoch: 14, Train: 66.89%, Valid: 63.86%, Test: 61.43%
Run: 10, Epoch: 15, Train: 67.43%, Valid: 64.97%, Test: 62.11%
Run: 10, Epoch: 16, Train: 67.46%, Valid: 65.59%, Test: 62.65%
Run: 10, Epoch: 17, Train: 67.42%, Valid: 62.86%, Test: 60.53%
Run: 10, Epoch: 18, Train: 66.71%, Valid: 65.42%, Test: 62.25%
Run: 10, Epoch: 19, Train: 68.13%, Valid: 64.23%, Test: 61.60%
Run: 10, Epoch: 20, Train: 68.08%, Valid: 64.65%, Test: 62.00%
Run: 10, Epoch: 21, Train: 67.34%, Valid: 63.71%, Test: 61.54%
Run: 10, Epoch: 22, Train: 67.49%, Valid: 66.20%, Test: 62.82%
Run: 10, Epoch: 23, Train: 68.22%, Valid: 64.56%, Test: 61.82%
Run: 10, Epoch: 24, Train: 67.47%, Valid: 65.81%, Test: 62.19%
Run: 10, Epoch: 25, Train: 68.50%, Valid: 65.79%, Test: 62.24%
Run: 10, Epoch: 26, Train: 68.08%, Valid: 65.45%, Test: 61.41%
Run: 10, Epoch: 27, Train: 68.76%, Valid: 64.61%, Test: 61.97%
Run: 10, Epoch: 28, Train: 68.83%, Valid: 65.16%, Test: 62.17%
Run: 10, Epoch: 29, Train: 68.70%, Valid: 64.51%, Test: 61.63%
Run: 10, Epoch: 30, Train: 68.85%, Valid: 64.94%, Test: 62.01%
Run 10:
Highest Train: 68.85
Highest Valid: 66.20
  Final Train: 67.49
   Final Test: 62.82
All runs:
Highest Train: 68.83 ± 0.13
Highest Valid: 65.98 ± 0.24
  Final Train: 67.61 ± 1.05
   Final Test: 62.64 ± 0.27
