Namespace(device=0, log_steps=1, use_node_embedding=False, use_sgc_embedding=True, num_sgc_iterations=3, num_layers=3, hidden_channels=256, dropout=0, lr=0.01, batch_size=256, epochs=30, runs=10, rsv=0.475)
Run: 01, Epoch: 01, Train: 61.72%, Valid: 60.17%, Test: 58.33%
Run: 01, Epoch: 02, Train: 62.76%, Valid: 59.25%, Test: 58.24%
Run: 01, Epoch: 03, Train: 64.59%, Valid: 61.18%, Test: 58.94%
Run: 01, Epoch: 04, Train: 65.14%, Valid: 62.81%, Test: 60.57%
Run: 01, Epoch: 05, Train: 64.71%, Valid: 61.85%, Test: 59.94%
Run: 01, Epoch: 06, Train: 65.07%, Valid: 61.57%, Test: 59.33%
Run: 01, Epoch: 07, Train: 65.68%, Valid: 62.08%, Test: 59.72%
Run: 01, Epoch: 08, Train: 65.34%, Valid: 61.16%, Test: 59.49%
Run: 01, Epoch: 09, Train: 66.71%, Valid: 64.72%, Test: 61.79%
Run: 01, Epoch: 10, Train: 65.92%, Valid: 61.54%, Test: 60.13%
Run: 01, Epoch: 11, Train: 66.90%, Valid: 63.75%, Test: 61.42%
Run: 01, Epoch: 12, Train: 66.64%, Valid: 63.29%, Test: 60.81%
Run: 01, Epoch: 13, Train: 67.14%, Valid: 63.75%, Test: 60.52%
Run: 01, Epoch: 14, Train: 66.67%, Valid: 62.70%, Test: 59.20%
Run: 01, Epoch: 15, Train: 67.32%, Valid: 63.62%, Test: 61.44%
Run: 01, Epoch: 16, Train: 67.79%, Valid: 64.37%, Test: 61.51%
Run: 01, Epoch: 17, Train: 67.13%, Valid: 65.62%, Test: 62.21%
Run: 01, Epoch: 18, Train: 67.67%, Valid: 63.18%, Test: 61.22%
Run: 01, Epoch: 19, Train: 67.80%, Valid: 64.88%, Test: 61.92%
Run: 01, Epoch: 20, Train: 67.84%, Valid: 63.58%, Test: 60.21%
Run: 01, Epoch: 21, Train: 67.00%, Valid: 65.81%, Test: 62.64%
Run: 01, Epoch: 22, Train: 68.37%, Valid: 64.97%, Test: 61.67%
Run: 01, Epoch: 23, Train: 67.30%, Valid: 65.73%, Test: 62.51%
Run: 01, Epoch: 24, Train: 67.94%, Valid: 65.75%, Test: 62.69%
Run: 01, Epoch: 25, Train: 68.02%, Valid: 63.64%, Test: 61.43%
Run: 01, Epoch: 26, Train: 68.39%, Valid: 64.32%, Test: 61.46%
Run: 01, Epoch: 27, Train: 68.38%, Valid: 65.09%, Test: 61.71%
Run: 01, Epoch: 28, Train: 68.53%, Valid: 64.84%, Test: 61.80%
Run: 01, Epoch: 29, Train: 68.79%, Valid: 64.99%, Test: 62.20%
Run: 01, Epoch: 30, Train: 68.41%, Valid: 65.35%, Test: 61.46%
Run 01:
Highest Train: 68.79
Highest Valid: 65.81
  Final Train: 67.00
   Final Test: 62.64
Run: 02, Epoch: 01, Train: 61.44%, Valid: 61.18%, Test: 58.81%
Run: 02, Epoch: 02, Train: 62.11%, Valid: 59.08%, Test: 57.74%
Run: 02, Epoch: 03, Train: 63.89%, Valid: 60.07%, Test: 57.43%
Run: 02, Epoch: 04, Train: 64.51%, Valid: 61.07%, Test: 59.51%
Run: 02, Epoch: 05, Train: 65.08%, Valid: 63.83%, Test: 60.92%
Run: 02, Epoch: 06, Train: 65.96%, Valid: 64.01%, Test: 61.24%
Run: 02, Epoch: 07, Train: 66.23%, Valid: 63.69%, Test: 61.38%
Run: 02, Epoch: 08, Train: 66.41%, Valid: 63.69%, Test: 61.36%
Run: 02, Epoch: 09, Train: 65.93%, Valid: 61.67%, Test: 59.68%
Run: 02, Epoch: 10, Train: 66.35%, Valid: 63.38%, Test: 61.18%
Run: 02, Epoch: 11, Train: 66.59%, Valid: 65.61%, Test: 62.57%
Run: 02, Epoch: 12, Train: 67.13%, Valid: 63.94%, Test: 61.63%
Run: 02, Epoch: 13, Train: 67.29%, Valid: 63.50%, Test: 60.73%
Run: 02, Epoch: 14, Train: 66.80%, Valid: 65.12%, Test: 62.26%
Run: 02, Epoch: 15, Train: 67.30%, Valid: 63.81%, Test: 61.22%
Run: 02, Epoch: 16, Train: 67.26%, Valid: 63.65%, Test: 61.37%
Run: 02, Epoch: 17, Train: 67.76%, Valid: 63.93%, Test: 60.94%
Run: 02, Epoch: 18, Train: 67.82%, Valid: 65.11%, Test: 61.94%
Run: 02, Epoch: 19, Train: 67.69%, Valid: 66.04%, Test: 63.18%
Run: 02, Epoch: 20, Train: 68.02%, Valid: 64.51%, Test: 61.36%
Run: 02, Epoch: 21, Train: 68.21%, Valid: 64.07%, Test: 61.29%
Run: 02, Epoch: 22, Train: 68.05%, Valid: 65.00%, Test: 62.07%
Run: 02, Epoch: 23, Train: 67.50%, Valid: 62.63%, Test: 61.12%
Run: 02, Epoch: 24, Train: 68.18%, Valid: 63.60%, Test: 60.86%
Run: 02, Epoch: 25, Train: 68.20%, Valid: 64.13%, Test: 61.21%
Run: 02, Epoch: 26, Train: 68.74%, Valid: 65.00%, Test: 61.96%
Run: 02, Epoch: 27, Train: 68.64%, Valid: 65.70%, Test: 62.56%
Run: 02, Epoch: 28, Train: 68.74%, Valid: 64.79%, Test: 62.03%
Run: 02, Epoch: 29, Train: 68.67%, Valid: 64.48%, Test: 61.79%
Run: 02, Epoch: 30, Train: 68.78%, Valid: 65.09%, Test: 62.16%
Run 02:
Highest Train: 68.78
Highest Valid: 66.04
  Final Train: 67.69
   Final Test: 63.18
Run: 03, Epoch: 01, Train: 61.49%, Valid: 57.64%, Test: 55.33%
Run: 03, Epoch: 02, Train: 63.01%, Valid: 62.64%, Test: 59.46%
Run: 03, Epoch: 03, Train: 63.70%, Valid: 61.00%, Test: 59.39%
Run: 03, Epoch: 04, Train: 64.50%, Valid: 61.60%, Test: 59.35%
Run: 03, Epoch: 05, Train: 64.55%, Valid: 60.29%, Test: 58.65%
Run: 03, Epoch: 06, Train: 65.58%, Valid: 61.99%, Test: 60.27%
Run: 03, Epoch: 07, Train: 65.49%, Valid: 62.45%, Test: 60.14%
Run: 03, Epoch: 08, Train: 66.30%, Valid: 63.58%, Test: 60.71%
Run: 03, Epoch: 09, Train: 65.86%, Valid: 63.83%, Test: 61.37%
Run: 03, Epoch: 10, Train: 66.25%, Valid: 64.82%, Test: 61.81%
Run: 03, Epoch: 11, Train: 66.81%, Valid: 65.38%, Test: 62.16%
Run: 03, Epoch: 12, Train: 67.12%, Valid: 64.73%, Test: 62.18%
Run: 03, Epoch: 13, Train: 67.44%, Valid: 64.59%, Test: 61.98%
Run: 03, Epoch: 14, Train: 67.05%, Valid: 65.34%, Test: 62.10%
Run: 03, Epoch: 15, Train: 67.13%, Valid: 66.34%, Test: 62.84%
Run: 03, Epoch: 16, Train: 67.98%, Valid: 64.28%, Test: 61.51%
Run: 03, Epoch: 17, Train: 66.97%, Valid: 62.57%, Test: 60.83%
Run: 03, Epoch: 18, Train: 67.50%, Valid: 63.70%, Test: 60.98%
Run: 03, Epoch: 19, Train: 67.69%, Valid: 63.82%, Test: 61.56%
Run: 03, Epoch: 20, Train: 67.21%, Valid: 62.84%, Test: 60.63%
Run: 03, Epoch: 21, Train: 68.19%, Valid: 65.41%, Test: 61.73%
Run: 03, Epoch: 22, Train: 68.50%, Valid: 65.09%, Test: 62.29%
Run: 03, Epoch: 23, Train: 68.01%, Valid: 65.17%, Test: 61.77%
Run: 03, Epoch: 24, Train: 68.00%, Valid: 63.87%, Test: 61.58%
Run: 03, Epoch: 25, Train: 68.49%, Valid: 64.71%, Test: 61.71%
Run: 03, Epoch: 26, Train: 68.74%, Valid: 65.20%, Test: 62.00%
Run: 03, Epoch: 27, Train: 68.34%, Valid: 65.44%, Test: 62.38%
Run: 03, Epoch: 28, Train: 68.66%, Valid: 65.23%, Test: 62.27%
Run: 03, Epoch: 29, Train: 68.57%, Valid: 65.32%, Test: 61.85%
Run: 03, Epoch: 30, Train: 68.61%, Valid: 63.46%, Test: 60.87%
Run 03:
Highest Train: 68.74
Highest Valid: 66.34
  Final Train: 67.13
   Final Test: 62.84
Run: 04, Epoch: 01, Train: 61.79%, Valid: 57.35%, Test: 56.47%
Run: 04, Epoch: 02, Train: 62.87%, Valid: 63.04%, Test: 59.49%
Run: 04, Epoch: 03, Train: 64.11%, Valid: 61.53%, Test: 60.16%
Run: 04, Epoch: 04, Train: 64.94%, Valid: 61.73%, Test: 60.21%
Run: 04, Epoch: 05, Train: 64.93%, Valid: 61.75%, Test: 60.15%
Run: 04, Epoch: 06, Train: 65.99%, Valid: 64.37%, Test: 61.54%
Run: 04, Epoch: 07, Train: 65.28%, Valid: 65.34%, Test: 62.33%
Run: 04, Epoch: 08, Train: 65.97%, Valid: 62.69%, Test: 60.93%
Run: 04, Epoch: 09, Train: 66.21%, Valid: 63.41%, Test: 61.30%
Run: 04, Epoch: 10, Train: 66.83%, Valid: 64.52%, Test: 61.87%
Run: 04, Epoch: 11, Train: 66.19%, Valid: 64.74%, Test: 62.09%
Run: 04, Epoch: 12, Train: 67.25%, Valid: 64.84%, Test: 61.77%
Run: 04, Epoch: 13, Train: 65.68%, Valid: 60.41%, Test: 58.62%
Run: 04, Epoch: 14, Train: 67.24%, Valid: 64.17%, Test: 61.40%
Run: 04, Epoch: 15, Train: 66.86%, Valid: 65.67%, Test: 62.27%
Run: 04, Epoch: 16, Train: 67.69%, Valid: 64.10%, Test: 61.20%
Run: 04, Epoch: 17, Train: 67.76%, Valid: 65.82%, Test: 62.65%
Run: 04, Epoch: 18, Train: 67.47%, Valid: 65.81%, Test: 62.43%
Run: 04, Epoch: 19, Train: 67.12%, Valid: 65.87%, Test: 62.75%
Run: 04, Epoch: 20, Train: 67.26%, Valid: 62.31%, Test: 60.45%
Run: 04, Epoch: 21, Train: 68.27%, Valid: 64.64%, Test: 61.47%
Run: 04, Epoch: 22, Train: 67.61%, Valid: 65.06%, Test: 61.98%
Run: 04, Epoch: 23, Train: 67.42%, Valid: 65.74%, Test: 62.76%
Run: 04, Epoch: 24, Train: 68.56%, Valid: 65.37%, Test: 62.34%
Run: 04, Epoch: 25, Train: 68.19%, Valid: 65.74%, Test: 62.51%
Run: 04, Epoch: 26, Train: 68.65%, Valid: 65.38%, Test: 61.88%
Run: 04, Epoch: 27, Train: 67.65%, Valid: 65.94%, Test: 63.01%
Run: 04, Epoch: 28, Train: 68.76%, Valid: 65.51%, Test: 62.21%
Run: 04, Epoch: 29, Train: 68.76%, Valid: 64.98%, Test: 62.08%
Run: 04, Epoch: 30, Train: 68.82%, Valid: 65.42%, Test: 62.36%
Run 04:
Highest Train: 68.82
Highest Valid: 65.94
  Final Train: 67.65
   Final Test: 63.01
Run: 05, Epoch: 01, Train: 62.35%, Valid: 59.28%, Test: 57.10%
Run: 05, Epoch: 02, Train: 63.48%, Valid: 61.59%, Test: 59.46%
Run: 05, Epoch: 03, Train: 64.18%, Valid: 61.39%, Test: 59.30%
Run: 05, Epoch: 04, Train: 63.67%, Valid: 59.51%, Test: 58.30%
Run: 05, Epoch: 05, Train: 64.91%, Valid: 64.57%, Test: 61.19%
Run: 05, Epoch: 06, Train: 64.80%, Valid: 61.07%, Test: 59.88%
Run: 05, Epoch: 07, Train: 65.73%, Valid: 64.68%, Test: 61.42%
Run: 05, Epoch: 08, Train: 65.78%, Valid: 64.55%, Test: 61.78%
Run: 05, Epoch: 09, Train: 66.27%, Valid: 63.05%, Test: 60.44%
Run: 05, Epoch: 10, Train: 66.05%, Valid: 63.91%, Test: 61.15%
Run: 05, Epoch: 11, Train: 67.06%, Valid: 64.89%, Test: 62.14%
Run: 05, Epoch: 12, Train: 67.03%, Valid: 63.89%, Test: 61.75%
Run: 05, Epoch: 13, Train: 66.94%, Valid: 63.21%, Test: 60.99%
Run: 05, Epoch: 14, Train: 67.63%, Valid: 64.48%, Test: 61.81%
Run: 05, Epoch: 15, Train: 66.91%, Valid: 63.33%, Test: 61.11%
Run: 05, Epoch: 16, Train: 67.28%, Valid: 64.61%, Test: 62.02%
Run: 05, Epoch: 17, Train: 67.80%, Valid: 65.03%, Test: 61.88%
Run: 05, Epoch: 18, Train: 66.51%, Valid: 64.73%, Test: 61.07%
Run: 05, Epoch: 19, Train: 68.02%, Valid: 65.06%, Test: 62.01%
Run: 05, Epoch: 20, Train: 67.72%, Valid: 63.17%, Test: 60.55%
Run: 05, Epoch: 21, Train: 68.11%, Valid: 65.04%, Test: 61.89%
Run: 05, Epoch: 22, Train: 66.79%, Valid: 61.43%, Test: 59.58%
Run: 05, Epoch: 23, Train: 67.97%, Valid: 64.86%, Test: 61.90%
Run: 05, Epoch: 24, Train: 68.57%, Valid: 64.74%, Test: 61.53%
Run: 05, Epoch: 25, Train: 68.40%, Valid: 64.54%, Test: 61.92%
Run: 05, Epoch: 26, Train: 68.54%, Valid: 65.75%, Test: 62.61%
Run: 05, Epoch: 27, Train: 68.89%, Valid: 65.21%, Test: 62.24%
Run: 05, Epoch: 28, Train: 68.12%, Valid: 65.71%, Test: 62.51%
Run: 05, Epoch: 29, Train: 68.29%, Valid: 64.39%, Test: 61.70%
Run: 05, Epoch: 30, Train: 68.34%, Valid: 63.65%, Test: 61.42%
Run 05:
Highest Train: 68.89
Highest Valid: 65.75
  Final Train: 68.54
   Final Test: 62.61
Run: 06, Epoch: 01, Train: 61.15%, Valid: 57.17%, Test: 55.95%
Run: 06, Epoch: 02, Train: 62.29%, Valid: 59.73%, Test: 57.88%
Run: 06, Epoch: 03, Train: 63.44%, Valid: 62.18%, Test: 59.71%
Run: 06, Epoch: 04, Train: 64.86%, Valid: 61.45%, Test: 59.82%
Run: 06, Epoch: 05, Train: 64.68%, Valid: 64.00%, Test: 61.17%
Run: 06, Epoch: 06, Train: 65.36%, Valid: 63.77%, Test: 61.31%
Run: 06, Epoch: 07, Train: 66.14%, Valid: 63.90%, Test: 61.40%
Run: 06, Epoch: 08, Train: 65.57%, Valid: 64.40%, Test: 61.73%
Run: 06, Epoch: 09, Train: 66.42%, Valid: 63.96%, Test: 61.03%
Run: 06, Epoch: 10, Train: 66.70%, Valid: 63.54%, Test: 60.66%
Run: 06, Epoch: 11, Train: 66.28%, Valid: 63.61%, Test: 60.58%
Run: 06, Epoch: 12, Train: 66.91%, Valid: 63.93%, Test: 61.08%
Run: 06, Epoch: 13, Train: 66.90%, Valid: 63.15%, Test: 60.44%
Run: 06, Epoch: 14, Train: 67.35%, Valid: 64.39%, Test: 61.76%
Run: 06, Epoch: 15, Train: 67.39%, Valid: 63.67%, Test: 61.13%
Run: 06, Epoch: 16, Train: 67.61%, Valid: 65.08%, Test: 62.30%
Run: 06, Epoch: 17, Train: 67.48%, Valid: 65.52%, Test: 62.67%
Run: 06, Epoch: 18, Train: 67.33%, Valid: 62.76%, Test: 60.36%
Run: 06, Epoch: 19, Train: 67.84%, Valid: 64.70%, Test: 61.70%
Run: 06, Epoch: 20, Train: 68.05%, Valid: 64.42%, Test: 62.04%
Run: 06, Epoch: 21, Train: 68.18%, Valid: 65.21%, Test: 62.17%
Run: 06, Epoch: 22, Train: 68.28%, Valid: 64.43%, Test: 61.64%
Run: 06, Epoch: 23, Train: 67.84%, Valid: 63.16%, Test: 60.54%
Run: 06, Epoch: 24, Train: 68.62%, Valid: 65.30%, Test: 62.16%
Run: 06, Epoch: 25, Train: 68.33%, Valid: 63.81%, Test: 61.36%
Run: 06, Epoch: 26, Train: 68.35%, Valid: 63.87%, Test: 61.22%
Run: 06, Epoch: 27, Train: 68.28%, Valid: 64.93%, Test: 61.57%
Run: 06, Epoch: 28, Train: 68.71%, Valid: 65.38%, Test: 62.43%
Run: 06, Epoch: 29, Train: 68.46%, Valid: 65.70%, Test: 62.71%
Run: 06, Epoch: 30, Train: 68.63%, Valid: 63.95%, Test: 61.65%
Run 06:
Highest Train: 68.71
Highest Valid: 65.70
  Final Train: 68.46
   Final Test: 62.71
Run: 07, Epoch: 01, Train: 61.85%, Valid: 60.68%, Test: 58.16%
Run: 07, Epoch: 02, Train: 62.16%, Valid: 63.24%, Test: 60.65%
Run: 07, Epoch: 03, Train: 62.11%, Valid: 62.07%, Test: 59.16%
Run: 07, Epoch: 04, Train: 64.74%, Valid: 62.47%, Test: 59.47%
Run: 07, Epoch: 05, Train: 64.69%, Valid: 61.54%, Test: 59.67%
Run: 07, Epoch: 06, Train: 64.69%, Valid: 60.15%, Test: 57.87%
Run: 07, Epoch: 07, Train: 66.02%, Valid: 64.64%, Test: 61.98%
Run: 07, Epoch: 08, Train: 66.05%, Valid: 64.57%, Test: 61.60%
Run: 07, Epoch: 09, Train: 66.35%, Valid: 64.03%, Test: 61.66%
Run: 07, Epoch: 10, Train: 66.66%, Valid: 64.33%, Test: 61.16%
Run: 07, Epoch: 11, Train: 66.40%, Valid: 62.49%, Test: 60.37%
Run: 07, Epoch: 12, Train: 66.73%, Valid: 64.44%, Test: 61.48%
Run: 07, Epoch: 13, Train: 67.61%, Valid: 64.61%, Test: 62.05%
Run: 07, Epoch: 14, Train: 67.42%, Valid: 64.68%, Test: 61.99%
Run: 07, Epoch: 15, Train: 67.61%, Valid: 65.03%, Test: 62.26%
Run: 07, Epoch: 16, Train: 67.65%, Valid: 64.23%, Test: 60.95%
Run: 07, Epoch: 17, Train: 67.65%, Valid: 65.46%, Test: 61.99%
Run: 07, Epoch: 18, Train: 67.22%, Valid: 65.79%, Test: 62.86%
Run: 07, Epoch: 19, Train: 68.22%, Valid: 64.78%, Test: 61.78%
Run: 07, Epoch: 20, Train: 67.80%, Valid: 63.90%, Test: 60.82%
Run: 07, Epoch: 21, Train: 68.36%, Valid: 64.52%, Test: 61.94%
Run: 07, Epoch: 22, Train: 68.42%, Valid: 65.47%, Test: 62.74%
Run: 07, Epoch: 23, Train: 67.85%, Valid: 65.99%, Test: 62.41%
Run: 07, Epoch: 24, Train: 67.52%, Valid: 61.87%, Test: 60.60%
Run: 07, Epoch: 25, Train: 68.10%, Valid: 65.82%, Test: 62.40%
Run: 07, Epoch: 26, Train: 68.54%, Valid: 65.79%, Test: 62.37%
Run: 07, Epoch: 27, Train: 68.51%, Valid: 65.90%, Test: 62.71%
Run: 07, Epoch: 28, Train: 68.59%, Valid: 65.56%, Test: 62.37%
Run: 07, Epoch: 29, Train: 69.06%, Valid: 65.24%, Test: 62.30%
Run: 07, Epoch: 30, Train: 68.28%, Valid: 65.48%, Test: 61.72%
Run 07:
Highest Train: 69.06
Highest Valid: 65.99
  Final Train: 67.85
   Final Test: 62.41
Run: 08, Epoch: 01, Train: 61.72%, Valid: 58.30%, Test: 57.09%
Run: 08, Epoch: 02, Train: 61.88%, Valid: 57.72%, Test: 56.50%
Run: 08, Epoch: 03, Train: 64.46%, Valid: 60.91%, Test: 58.99%
Run: 08, Epoch: 04, Train: 65.06%, Valid: 62.73%, Test: 60.92%
Run: 08, Epoch: 05, Train: 65.47%, Valid: 63.92%, Test: 60.71%
Run: 08, Epoch: 06, Train: 65.57%, Valid: 64.59%, Test: 61.46%
Run: 08, Epoch: 07, Train: 66.01%, Valid: 62.60%, Test: 59.99%
Run: 08, Epoch: 08, Train: 66.56%, Valid: 64.79%, Test: 61.39%
Run: 08, Epoch: 09, Train: 66.38%, Valid: 62.79%, Test: 60.78%
Run: 08, Epoch: 10, Train: 66.59%, Valid: 64.97%, Test: 61.30%
Run: 08, Epoch: 11, Train: 66.85%, Valid: 64.60%, Test: 61.49%
Run: 08, Epoch: 12, Train: 66.99%, Valid: 63.74%, Test: 60.90%
Run: 08, Epoch: 13, Train: 67.30%, Valid: 65.22%, Test: 62.53%
Run: 08, Epoch: 14, Train: 66.75%, Valid: 65.29%, Test: 61.47%
Run: 08, Epoch: 15, Train: 67.23%, Valid: 65.35%, Test: 61.73%
Run: 08, Epoch: 16, Train: 67.51%, Valid: 65.36%, Test: 62.57%
Run: 08, Epoch: 17, Train: 67.42%, Valid: 65.37%, Test: 62.49%
Run: 08, Epoch: 18, Train: 68.00%, Valid: 65.14%, Test: 61.64%
Run: 08, Epoch: 19, Train: 67.69%, Valid: 65.39%, Test: 61.82%
Run: 08, Epoch: 20, Train: 67.32%, Valid: 63.21%, Test: 60.38%
Run: 08, Epoch: 21, Train: 68.24%, Valid: 65.64%, Test: 61.90%
Run: 08, Epoch: 22, Train: 68.19%, Valid: 63.68%, Test: 61.33%
Run: 08, Epoch: 23, Train: 68.55%, Valid: 64.97%, Test: 61.97%
Run: 08, Epoch: 24, Train: 68.04%, Valid: 63.32%, Test: 60.81%
Run: 08, Epoch: 25, Train: 68.30%, Valid: 64.48%, Test: 61.62%
Run: 08, Epoch: 26, Train: 68.30%, Valid: 65.44%, Test: 62.65%
Run: 08, Epoch: 27, Train: 67.81%, Valid: 65.39%, Test: 62.06%
Run: 08, Epoch: 28, Train: 68.65%, Valid: 64.06%, Test: 61.33%
Run: 08, Epoch: 29, Train: 68.85%, Valid: 64.89%, Test: 62.39%
Run: 08, Epoch: 30, Train: 68.10%, Valid: 62.95%, Test: 60.58%
Run 08:
Highest Train: 68.85
Highest Valid: 65.64
  Final Train: 68.24
   Final Test: 61.90
Run: 09, Epoch: 01, Train: 61.31%, Valid: 60.78%, Test: 58.04%
Run: 09, Epoch: 02, Train: 63.14%, Valid: 60.49%, Test: 57.57%
Run: 09, Epoch: 03, Train: 63.34%, Valid: 59.25%, Test: 58.20%
Run: 09, Epoch: 04, Train: 64.25%, Valid: 61.03%, Test: 58.52%
Run: 09, Epoch: 05, Train: 64.75%, Valid: 63.88%, Test: 60.98%
Run: 09, Epoch: 06, Train: 64.45%, Valid: 60.14%, Test: 57.87%
Run: 09, Epoch: 07, Train: 64.77%, Valid: 59.93%, Test: 58.63%
Run: 09, Epoch: 08, Train: 65.97%, Valid: 63.27%, Test: 60.68%
Run: 09, Epoch: 09, Train: 65.94%, Valid: 63.06%, Test: 60.79%
Run: 09, Epoch: 10, Train: 65.44%, Valid: 65.38%, Test: 61.80%
Run: 09, Epoch: 11, Train: 66.64%, Valid: 64.00%, Test: 61.18%
Run: 09, Epoch: 12, Train: 66.64%, Valid: 63.47%, Test: 60.81%
Run: 09, Epoch: 13, Train: 67.45%, Valid: 63.85%, Test: 61.83%
Run: 09, Epoch: 14, Train: 66.86%, Valid: 62.96%, Test: 60.60%
Run: 09, Epoch: 15, Train: 67.19%, Valid: 63.76%, Test: 61.13%
Run: 09, Epoch: 16, Train: 66.52%, Valid: 61.69%, Test: 59.57%
Run: 09, Epoch: 17, Train: 67.80%, Valid: 64.85%, Test: 62.10%
Run: 09, Epoch: 18, Train: 67.23%, Valid: 62.49%, Test: 59.43%
Run: 09, Epoch: 19, Train: 67.43%, Valid: 65.04%, Test: 61.46%
Run: 09, Epoch: 20, Train: 67.88%, Valid: 63.90%, Test: 60.98%
Run: 09, Epoch: 21, Train: 68.06%, Valid: 64.54%, Test: 61.00%
Run: 09, Epoch: 22, Train: 67.68%, Valid: 65.11%, Test: 61.39%
Run: 09, Epoch: 23, Train: 68.08%, Valid: 63.49%, Test: 60.72%
Run: 09, Epoch: 24, Train: 67.96%, Valid: 65.89%, Test: 62.28%
Run: 09, Epoch: 25, Train: 68.07%, Valid: 64.75%, Test: 61.90%
Run: 09, Epoch: 26, Train: 67.88%, Valid: 66.20%, Test: 62.79%
Run: 09, Epoch: 27, Train: 68.65%, Valid: 64.00%, Test: 61.41%
Run: 09, Epoch: 28, Train: 68.22%, Valid: 63.13%, Test: 61.14%
Run: 09, Epoch: 29, Train: 68.91%, Valid: 65.28%, Test: 62.04%
Run: 09, Epoch: 30, Train: 68.92%, Valid: 64.63%, Test: 61.57%
Run 09:
Highest Train: 68.92
Highest Valid: 66.20
  Final Train: 67.88
   Final Test: 62.79
Run: 10, Epoch: 01, Train: 62.20%, Valid: 61.60%, Test: 59.08%
Run: 10, Epoch: 02, Train: 63.38%, Valid: 60.86%, Test: 58.61%
Run: 10, Epoch: 03, Train: 64.33%, Valid: 62.08%, Test: 59.79%
Run: 10, Epoch: 04, Train: 64.76%, Valid: 63.26%, Test: 60.43%
Run: 10, Epoch: 05, Train: 65.43%, Valid: 63.71%, Test: 61.05%
Run: 10, Epoch: 06, Train: 64.91%, Valid: 61.79%, Test: 59.49%
Run: 10, Epoch: 07, Train: 66.10%, Valid: 63.67%, Test: 60.78%
Run: 10, Epoch: 08, Train: 65.94%, Valid: 65.24%, Test: 62.49%
Run: 10, Epoch: 09, Train: 66.02%, Valid: 65.15%, Test: 62.06%
Run: 10, Epoch: 10, Train: 66.47%, Valid: 64.50%, Test: 61.95%
Run: 10, Epoch: 11, Train: 66.95%, Valid: 64.42%, Test: 61.81%
Run: 10, Epoch: 12, Train: 66.54%, Valid: 62.35%, Test: 60.40%
Run: 10, Epoch: 13, Train: 66.90%, Valid: 64.29%, Test: 61.82%
Run: 10, Epoch: 14, Train: 67.25%, Valid: 65.14%, Test: 62.02%
Run: 10, Epoch: 15, Train: 67.19%, Valid: 63.22%, Test: 60.55%
Run: 10, Epoch: 16, Train: 66.51%, Valid: 65.87%, Test: 62.52%
Run: 10, Epoch: 17, Train: 66.87%, Valid: 62.25%, Test: 60.25%
Run: 10, Epoch: 18, Train: 67.58%, Valid: 65.46%, Test: 62.06%
Run: 10, Epoch: 19, Train: 68.34%, Valid: 65.53%, Test: 62.27%
Run: 10, Epoch: 20, Train: 68.06%, Valid: 64.86%, Test: 62.03%
Run: 10, Epoch: 21, Train: 68.16%, Valid: 64.78%, Test: 61.49%
Run: 10, Epoch: 22, Train: 67.53%, Valid: 62.77%, Test: 60.95%
Run: 10, Epoch: 23, Train: 68.08%, Valid: 65.97%, Test: 62.50%
Run: 10, Epoch: 24, Train: 68.31%, Valid: 64.64%, Test: 61.87%
Run: 10, Epoch: 25, Train: 68.47%, Valid: 65.22%, Test: 61.99%
Run: 10, Epoch: 26, Train: 68.53%, Valid: 64.89%, Test: 62.27%
Run: 10, Epoch: 27, Train: 68.23%, Valid: 65.53%, Test: 62.56%
Run: 10, Epoch: 28, Train: 68.56%, Valid: 64.41%, Test: 61.75%
Run: 10, Epoch: 29, Train: 69.04%, Valid: 65.30%, Test: 62.06%
Run: 10, Epoch: 30, Train: 67.62%, Valid: 65.90%, Test: 62.55%
Run 10:
Highest Train: 69.04
Highest Valid: 65.97
  Final Train: 68.08
   Final Test: 62.50
All runs:
Highest Train: 68.86 ± 0.12
Highest Valid: 65.94 ± 0.22
  Final Train: 67.85 ± 0.51
   Final Test: 62.66 ± 0.35
