Namespace(device=0, log_steps=1, use_node_embedding=False, use_sgc_embedding=True, num_sgc_iterations=3, num_layers=3, hidden_channels=256, dropout=0, lr=0.01, batch_size=256, epochs=30, runs=10, rsv=0.5)
Run: 01, Epoch: 01, Train: 62.61%, Valid: 58.81%, Test: 56.53%
Run: 01, Epoch: 02, Train: 63.13%, Valid: 62.21%, Test: 59.59%
Run: 01, Epoch: 03, Train: 63.66%, Valid: 62.62%, Test: 60.12%
Run: 01, Epoch: 04, Train: 65.10%, Valid: 63.69%, Test: 61.32%
Run: 01, Epoch: 05, Train: 65.30%, Valid: 63.55%, Test: 60.37%
Run: 01, Epoch: 06, Train: 65.62%, Valid: 63.13%, Test: 60.33%
Run: 01, Epoch: 07, Train: 65.87%, Valid: 62.62%, Test: 59.92%
Run: 01, Epoch: 08, Train: 66.18%, Valid: 63.34%, Test: 60.95%
Run: 01, Epoch: 09, Train: 66.73%, Valid: 63.80%, Test: 61.44%
Run: 01, Epoch: 10, Train: 66.23%, Valid: 64.81%, Test: 61.61%
Run: 01, Epoch: 11, Train: 65.90%, Valid: 60.97%, Test: 59.83%
Run: 01, Epoch: 12, Train: 67.18%, Valid: 63.36%, Test: 60.83%
Run: 01, Epoch: 13, Train: 66.68%, Valid: 65.26%, Test: 61.64%
Run: 01, Epoch: 14, Train: 67.71%, Valid: 64.84%, Test: 61.91%
Run: 01, Epoch: 15, Train: 67.64%, Valid: 65.02%, Test: 62.26%
Run: 01, Epoch: 16, Train: 67.27%, Valid: 65.24%, Test: 62.27%
Run: 01, Epoch: 17, Train: 67.82%, Valid: 65.49%, Test: 61.91%
Run: 01, Epoch: 18, Train: 67.35%, Valid: 64.03%, Test: 61.35%
Run: 01, Epoch: 19, Train: 67.03%, Valid: 62.71%, Test: 60.51%
Run: 01, Epoch: 20, Train: 67.78%, Valid: 65.21%, Test: 61.68%
Run: 01, Epoch: 21, Train: 68.17%, Valid: 63.99%, Test: 61.47%
Run: 01, Epoch: 22, Train: 68.11%, Valid: 65.24%, Test: 62.27%
Run: 01, Epoch: 23, Train: 68.27%, Valid: 64.38%, Test: 61.75%
Run: 01, Epoch: 24, Train: 68.04%, Valid: 65.46%, Test: 62.31%
Run: 01, Epoch: 25, Train: 68.33%, Valid: 65.51%, Test: 62.25%
Run: 01, Epoch: 26, Train: 68.10%, Valid: 65.08%, Test: 61.99%
Run: 01, Epoch: 27, Train: 68.61%, Valid: 65.08%, Test: 62.30%
Run: 01, Epoch: 28, Train: 69.04%, Valid: 64.92%, Test: 62.25%
Run: 01, Epoch: 29, Train: 68.82%, Valid: 65.13%, Test: 61.99%
Run: 01, Epoch: 30, Train: 68.75%, Valid: 64.16%, Test: 61.88%
Run 01:
Highest Train: 69.04
Highest Valid: 65.51
  Final Train: 68.33
   Final Test: 62.25
Run: 02, Epoch: 01, Train: 61.34%, Valid: 57.16%, Test: 55.22%
Run: 02, Epoch: 02, Train: 62.49%, Valid: 61.87%, Test: 59.83%
Run: 02, Epoch: 03, Train: 63.72%, Valid: 63.34%, Test: 59.92%
Run: 02, Epoch: 04, Train: 64.89%, Valid: 61.53%, Test: 59.26%
Run: 02, Epoch: 05, Train: 65.20%, Valid: 61.72%, Test: 59.03%
Run: 02, Epoch: 06, Train: 65.91%, Valid: 64.17%, Test: 61.58%
Run: 02, Epoch: 07, Train: 66.18%, Valid: 64.08%, Test: 61.31%
Run: 02, Epoch: 08, Train: 65.91%, Valid: 64.19%, Test: 61.41%
Run: 02, Epoch: 09, Train: 66.11%, Valid: 62.85%, Test: 61.05%
Run: 02, Epoch: 10, Train: 66.34%, Valid: 65.08%, Test: 62.36%
Run: 02, Epoch: 11, Train: 66.23%, Valid: 62.35%, Test: 60.58%
Run: 02, Epoch: 12, Train: 66.97%, Valid: 64.23%, Test: 61.10%
Run: 02, Epoch: 13, Train: 65.93%, Valid: 66.06%, Test: 62.61%
Run: 02, Epoch: 14, Train: 67.01%, Valid: 64.79%, Test: 61.70%
Run: 02, Epoch: 15, Train: 67.13%, Valid: 64.03%, Test: 61.05%
Run: 02, Epoch: 16, Train: 67.53%, Valid: 65.75%, Test: 62.52%
Run: 02, Epoch: 17, Train: 67.92%, Valid: 64.70%, Test: 60.97%
Run: 02, Epoch: 18, Train: 65.95%, Valid: 66.33%, Test: 62.82%
Run: 02, Epoch: 19, Train: 67.70%, Valid: 63.58%, Test: 60.80%
Run: 02, Epoch: 20, Train: 68.17%, Valid: 65.55%, Test: 62.56%
Run: 02, Epoch: 21, Train: 68.19%, Valid: 63.89%, Test: 61.17%
Run: 02, Epoch: 22, Train: 68.24%, Valid: 64.24%, Test: 61.48%
Run: 02, Epoch: 23, Train: 67.75%, Valid: 64.76%, Test: 60.95%
Run: 02, Epoch: 24, Train: 68.46%, Valid: 65.60%, Test: 62.29%
Run: 02, Epoch: 25, Train: 68.65%, Valid: 65.02%, Test: 62.08%
Run: 02, Epoch: 26, Train: 68.67%, Valid: 64.73%, Test: 61.64%
Run: 02, Epoch: 27, Train: 67.88%, Valid: 62.88%, Test: 60.98%
Run: 02, Epoch: 28, Train: 68.23%, Valid: 65.62%, Test: 62.40%
Run: 02, Epoch: 29, Train: 68.33%, Valid: 64.16%, Test: 61.48%
Run: 02, Epoch: 30, Train: 69.08%, Valid: 65.48%, Test: 62.18%
Run 02:
Highest Train: 69.08
Highest Valid: 66.33
  Final Train: 65.95
   Final Test: 62.82
Run: 03, Epoch: 01, Train: 61.15%, Valid: 58.31%, Test: 56.59%
Run: 03, Epoch: 02, Train: 63.85%, Valid: 60.67%, Test: 58.34%
Run: 03, Epoch: 03, Train: 64.29%, Valid: 61.48%, Test: 59.49%
Run: 03, Epoch: 04, Train: 63.99%, Valid: 60.34%, Test: 58.32%
Run: 03, Epoch: 05, Train: 65.07%, Valid: 63.02%, Test: 60.13%
Run: 03, Epoch: 06, Train: 65.11%, Valid: 63.76%, Test: 60.97%
Run: 03, Epoch: 07, Train: 66.17%, Valid: 62.67%, Test: 60.27%
Run: 03, Epoch: 08, Train: 66.23%, Valid: 64.42%, Test: 61.65%
Run: 03, Epoch: 09, Train: 65.70%, Valid: 65.11%, Test: 61.79%
Run: 03, Epoch: 10, Train: 66.65%, Valid: 63.90%, Test: 61.24%
Run: 03, Epoch: 11, Train: 66.69%, Valid: 64.65%, Test: 61.47%
Run: 03, Epoch: 12, Train: 67.00%, Valid: 63.45%, Test: 60.90%
Run: 03, Epoch: 13, Train: 66.94%, Valid: 65.64%, Test: 62.76%
Run: 03, Epoch: 14, Train: 67.09%, Valid: 64.56%, Test: 61.26%
Run: 03, Epoch: 15, Train: 67.09%, Valid: 64.83%, Test: 61.00%
Run: 03, Epoch: 16, Train: 67.45%, Valid: 63.20%, Test: 60.60%
Run: 03, Epoch: 17, Train: 67.58%, Valid: 64.74%, Test: 62.03%
Run: 03, Epoch: 18, Train: 67.95%, Valid: 65.44%, Test: 62.55%
Run: 03, Epoch: 19, Train: 67.99%, Valid: 64.46%, Test: 61.78%
Run: 03, Epoch: 20, Train: 67.54%, Valid: 65.98%, Test: 62.58%
Run: 03, Epoch: 21, Train: 67.80%, Valid: 65.84%, Test: 62.47%
Run: 03, Epoch: 22, Train: 68.28%, Valid: 65.71%, Test: 62.56%
Run: 03, Epoch: 23, Train: 68.32%, Valid: 65.40%, Test: 62.51%
Run: 03, Epoch: 24, Train: 68.54%, Valid: 64.90%, Test: 62.01%
Run: 03, Epoch: 25, Train: 68.64%, Valid: 65.62%, Test: 62.65%
Run: 03, Epoch: 26, Train: 68.17%, Valid: 63.04%, Test: 60.83%
Run: 03, Epoch: 27, Train: 68.52%, Valid: 65.86%, Test: 62.75%
Run: 03, Epoch: 28, Train: 68.39%, Valid: 64.25%, Test: 61.52%
Run: 03, Epoch: 29, Train: 69.02%, Valid: 65.32%, Test: 62.34%
Run: 03, Epoch: 30, Train: 67.85%, Valid: 65.79%, Test: 62.43%
Run 03:
Highest Train: 69.02
Highest Valid: 65.98
  Final Train: 67.54
   Final Test: 62.58
Run: 04, Epoch: 01, Train: 60.93%, Valid: 58.31%, Test: 56.83%
Run: 04, Epoch: 02, Train: 62.75%, Valid: 60.00%, Test: 58.36%
Run: 04, Epoch: 03, Train: 64.01%, Valid: 64.09%, Test: 61.01%
Run: 04, Epoch: 04, Train: 64.08%, Valid: 61.03%, Test: 58.86%
Run: 04, Epoch: 05, Train: 64.41%, Valid: 64.57%, Test: 61.13%
Run: 04, Epoch: 06, Train: 64.77%, Valid: 64.66%, Test: 61.36%
Run: 04, Epoch: 07, Train: 65.68%, Valid: 65.05%, Test: 61.62%
Run: 04, Epoch: 08, Train: 65.99%, Valid: 63.41%, Test: 60.93%
Run: 04, Epoch: 09, Train: 66.38%, Valid: 63.89%, Test: 61.11%
Run: 04, Epoch: 10, Train: 66.44%, Valid: 65.05%, Test: 62.32%
Run: 04, Epoch: 11, Train: 66.74%, Valid: 64.69%, Test: 61.76%
Run: 04, Epoch: 12, Train: 67.43%, Valid: 64.66%, Test: 62.10%
Run: 04, Epoch: 13, Train: 67.22%, Valid: 64.24%, Test: 61.95%
Run: 04, Epoch: 14, Train: 67.04%, Valid: 65.46%, Test: 62.25%
Run: 04, Epoch: 15, Train: 67.05%, Valid: 64.43%, Test: 61.77%
Run: 04, Epoch: 16, Train: 67.50%, Valid: 64.85%, Test: 62.01%
Run: 04, Epoch: 17, Train: 67.57%, Valid: 64.31%, Test: 61.42%
Run: 04, Epoch: 18, Train: 67.73%, Valid: 64.14%, Test: 61.39%
Run: 04, Epoch: 19, Train: 67.87%, Valid: 64.55%, Test: 61.75%
Run: 04, Epoch: 20, Train: 67.78%, Valid: 63.86%, Test: 61.34%
Run: 04, Epoch: 21, Train: 68.18%, Valid: 65.25%, Test: 62.32%
Run: 04, Epoch: 22, Train: 67.98%, Valid: 63.63%, Test: 61.36%
Run: 04, Epoch: 23, Train: 68.10%, Valid: 65.32%, Test: 62.42%
Run: 04, Epoch: 24, Train: 68.39%, Valid: 65.39%, Test: 62.55%
Run: 04, Epoch: 25, Train: 68.71%, Valid: 64.91%, Test: 62.13%
Run: 04, Epoch: 26, Train: 67.25%, Valid: 65.91%, Test: 62.44%
Run: 04, Epoch: 27, Train: 68.34%, Valid: 63.66%, Test: 61.03%
Run: 04, Epoch: 28, Train: 68.58%, Valid: 64.74%, Test: 62.05%
Run: 04, Epoch: 29, Train: 68.59%, Valid: 64.59%, Test: 61.78%
Run: 04, Epoch: 30, Train: 68.60%, Valid: 64.45%, Test: 61.03%
Run 04:
Highest Train: 68.71
Highest Valid: 65.91
  Final Train: 67.25
   Final Test: 62.44
Run: 05, Epoch: 01, Train: 60.77%, Valid: 56.41%, Test: 55.21%
Run: 05, Epoch: 02, Train: 63.91%, Valid: 61.12%, Test: 59.48%
Run: 05, Epoch: 03, Train: 63.89%, Valid: 61.22%, Test: 59.21%
Run: 05, Epoch: 04, Train: 65.04%, Valid: 63.92%, Test: 61.04%
Run: 05, Epoch: 05, Train: 65.50%, Valid: 63.40%, Test: 60.72%
Run: 05, Epoch: 06, Train: 65.12%, Valid: 64.37%, Test: 61.15%
Run: 05, Epoch: 07, Train: 65.61%, Valid: 62.28%, Test: 60.42%
Run: 05, Epoch: 08, Train: 65.72%, Valid: 62.96%, Test: 60.68%
Run: 05, Epoch: 09, Train: 66.88%, Valid: 64.66%, Test: 61.76%
Run: 05, Epoch: 10, Train: 66.71%, Valid: 64.60%, Test: 61.74%
Run: 05, Epoch: 11, Train: 66.43%, Valid: 61.90%, Test: 60.25%
Run: 05, Epoch: 12, Train: 66.65%, Valid: 65.00%, Test: 62.16%
Run: 05, Epoch: 13, Train: 67.20%, Valid: 64.26%, Test: 61.52%
Run: 05, Epoch: 14, Train: 67.28%, Valid: 64.65%, Test: 61.82%
Run: 05, Epoch: 15, Train: 67.92%, Valid: 65.24%, Test: 62.00%
Run: 05, Epoch: 16, Train: 67.62%, Valid: 63.66%, Test: 60.92%
Run: 05, Epoch: 17, Train: 68.04%, Valid: 65.49%, Test: 62.35%
Run: 05, Epoch: 18, Train: 67.91%, Valid: 65.28%, Test: 61.68%
Run: 05, Epoch: 19, Train: 66.37%, Valid: 60.63%, Test: 59.07%
Run: 05, Epoch: 20, Train: 68.02%, Valid: 64.17%, Test: 61.43%
Run: 05, Epoch: 21, Train: 67.47%, Valid: 63.15%, Test: 61.03%
Run: 05, Epoch: 22, Train: 68.36%, Valid: 64.54%, Test: 61.51%
Run: 05, Epoch: 23, Train: 68.26%, Valid: 64.38%, Test: 61.91%
Run: 05, Epoch: 24, Train: 68.38%, Valid: 63.85%, Test: 61.16%
Run: 05, Epoch: 25, Train: 68.41%, Valid: 64.16%, Test: 61.35%
Run: 05, Epoch: 26, Train: 68.28%, Valid: 65.96%, Test: 62.57%
Run: 05, Epoch: 27, Train: 68.67%, Valid: 64.93%, Test: 61.92%
Run: 05, Epoch: 28, Train: 68.36%, Valid: 63.60%, Test: 61.24%
Run: 05, Epoch: 29, Train: 68.12%, Valid: 62.94%, Test: 60.86%
Run: 05, Epoch: 30, Train: 68.84%, Valid: 66.03%, Test: 62.71%
Run 05:
Highest Train: 68.84
Highest Valid: 66.03
  Final Train: 68.84
   Final Test: 62.71
Run: 06, Epoch: 01, Train: 62.39%, Valid: 60.38%, Test: 58.16%
Run: 06, Epoch: 02, Train: 62.17%, Valid: 60.08%, Test: 57.57%
Run: 06, Epoch: 03, Train: 63.15%, Valid: 64.32%, Test: 60.62%
Run: 06, Epoch: 04, Train: 64.65%, Valid: 62.18%, Test: 60.07%
Run: 06, Epoch: 05, Train: 65.14%, Valid: 63.68%, Test: 61.11%
Run: 06, Epoch: 06, Train: 65.43%, Valid: 64.70%, Test: 61.69%
Run: 06, Epoch: 07, Train: 65.49%, Valid: 61.06%, Test: 59.46%
Run: 06, Epoch: 08, Train: 65.66%, Valid: 62.02%, Test: 60.17%
Run: 06, Epoch: 09, Train: 66.51%, Valid: 63.27%, Test: 60.98%
Run: 06, Epoch: 10, Train: 66.47%, Valid: 63.12%, Test: 60.69%
Run: 06, Epoch: 11, Train: 66.20%, Valid: 65.63%, Test: 62.39%
Run: 06, Epoch: 12, Train: 67.16%, Valid: 63.65%, Test: 60.88%
Run: 06, Epoch: 13, Train: 67.24%, Valid: 64.03%, Test: 61.51%
Run: 06, Epoch: 14, Train: 67.36%, Valid: 64.69%, Test: 61.18%
Run: 06, Epoch: 15, Train: 66.85%, Valid: 65.18%, Test: 62.26%
Run: 06, Epoch: 16, Train: 67.15%, Valid: 63.91%, Test: 61.06%
Run: 06, Epoch: 17, Train: 68.00%, Valid: 65.19%, Test: 62.12%
Run: 06, Epoch: 18, Train: 67.94%, Valid: 64.89%, Test: 61.94%
Run: 06, Epoch: 19, Train: 67.79%, Valid: 64.63%, Test: 61.46%
Run: 06, Epoch: 20, Train: 67.97%, Valid: 65.41%, Test: 62.42%
Run: 06, Epoch: 21, Train: 68.19%, Valid: 64.17%, Test: 61.47%
Run: 06, Epoch: 22, Train: 68.02%, Valid: 64.38%, Test: 61.87%
Run: 06, Epoch: 23, Train: 68.07%, Valid: 65.24%, Test: 62.31%
Run: 06, Epoch: 24, Train: 68.34%, Valid: 65.17%, Test: 62.68%
Run: 06, Epoch: 25, Train: 68.39%, Valid: 64.87%, Test: 62.42%
Run: 06, Epoch: 26, Train: 68.69%, Valid: 65.26%, Test: 62.60%
Run: 06, Epoch: 27, Train: 68.79%, Valid: 64.93%, Test: 61.86%
Run: 06, Epoch: 28, Train: 68.62%, Valid: 64.97%, Test: 62.04%
Run: 06, Epoch: 29, Train: 68.48%, Valid: 65.54%, Test: 62.36%
Run: 06, Epoch: 30, Train: 68.47%, Valid: 64.30%, Test: 61.29%
Run 06:
Highest Train: 68.79
Highest Valid: 65.63
  Final Train: 66.20
   Final Test: 62.39
Run: 07, Epoch: 01, Train: 61.04%, Valid: 57.49%, Test: 55.89%
Run: 07, Epoch: 02, Train: 62.43%, Valid: 59.83%, Test: 58.67%
Run: 07, Epoch: 03, Train: 64.11%, Valid: 62.66%, Test: 59.63%
Run: 07, Epoch: 04, Train: 63.98%, Valid: 60.34%, Test: 58.77%
Run: 07, Epoch: 05, Train: 65.51%, Valid: 63.98%, Test: 61.32%
Run: 07, Epoch: 06, Train: 65.63%, Valid: 64.38%, Test: 61.85%
Run: 07, Epoch: 07, Train: 65.78%, Valid: 62.19%, Test: 60.23%
Run: 07, Epoch: 08, Train: 65.83%, Valid: 64.33%, Test: 61.53%
Run: 07, Epoch: 09, Train: 66.87%, Valid: 64.51%, Test: 61.62%
Run: 07, Epoch: 10, Train: 66.30%, Valid: 63.85%, Test: 60.71%
Run: 07, Epoch: 11, Train: 67.18%, Valid: 64.35%, Test: 61.66%
Run: 07, Epoch: 12, Train: 66.51%, Valid: 64.94%, Test: 62.08%
Run: 07, Epoch: 13, Train: 67.12%, Valid: 63.68%, Test: 61.59%
Run: 07, Epoch: 14, Train: 67.04%, Valid: 64.59%, Test: 61.73%
Run: 07, Epoch: 15, Train: 67.56%, Valid: 64.87%, Test: 61.91%
Run: 07, Epoch: 16, Train: 67.89%, Valid: 65.28%, Test: 62.34%
Run: 07, Epoch: 17, Train: 67.73%, Valid: 64.40%, Test: 61.68%
Run: 07, Epoch: 18, Train: 66.94%, Valid: 62.19%, Test: 60.48%
Run: 07, Epoch: 19, Train: 67.77%, Valid: 64.08%, Test: 61.51%
Run: 07, Epoch: 20, Train: 67.73%, Valid: 64.87%, Test: 61.48%
Run: 07, Epoch: 21, Train: 68.12%, Valid: 64.35%, Test: 62.01%
Run: 07, Epoch: 22, Train: 68.22%, Valid: 64.61%, Test: 61.38%
Run: 07, Epoch: 23, Train: 67.79%, Valid: 64.52%, Test: 61.59%
Run: 07, Epoch: 24, Train: 68.51%, Valid: 65.50%, Test: 62.24%
Run: 07, Epoch: 25, Train: 68.41%, Valid: 64.76%, Test: 62.06%
Run: 07, Epoch: 26, Train: 68.62%, Valid: 64.79%, Test: 60.83%
Run: 07, Epoch: 27, Train: 68.69%, Valid: 64.91%, Test: 62.34%
Run: 07, Epoch: 28, Train: 68.75%, Valid: 64.66%, Test: 61.76%
Run: 07, Epoch: 29, Train: 68.66%, Valid: 63.97%, Test: 61.55%
Run: 07, Epoch: 30, Train: 68.71%, Valid: 64.15%, Test: 61.62%
Run 07:
Highest Train: 68.75
Highest Valid: 65.50
  Final Train: 68.51
   Final Test: 62.24
Run: 08, Epoch: 01, Train: 60.64%, Valid: 56.23%, Test: 54.93%
Run: 08, Epoch: 02, Train: 63.37%, Valid: 61.55%, Test: 59.30%
Run: 08, Epoch: 03, Train: 64.06%, Valid: 63.92%, Test: 60.70%
Run: 08, Epoch: 04, Train: 63.59%, Valid: 60.02%, Test: 58.87%
Run: 08, Epoch: 05, Train: 65.08%, Valid: 65.20%, Test: 62.05%
Run: 08, Epoch: 06, Train: 64.72%, Valid: 60.57%, Test: 59.47%
Run: 08, Epoch: 07, Train: 65.79%, Valid: 64.45%, Test: 61.64%
Run: 08, Epoch: 08, Train: 65.00%, Valid: 60.69%, Test: 58.87%
Run: 08, Epoch: 09, Train: 66.31%, Valid: 62.73%, Test: 60.92%
Run: 08, Epoch: 10, Train: 66.19%, Valid: 63.61%, Test: 61.24%
Run: 08, Epoch: 11, Train: 67.00%, Valid: 64.09%, Test: 61.30%
Run: 08, Epoch: 12, Train: 66.27%, Valid: 62.18%, Test: 60.77%
Run: 08, Epoch: 13, Train: 66.84%, Valid: 64.47%, Test: 61.72%
Run: 08, Epoch: 14, Train: 67.42%, Valid: 65.07%, Test: 62.20%
Run: 08, Epoch: 15, Train: 66.57%, Valid: 62.18%, Test: 60.04%
Run: 08, Epoch: 16, Train: 67.48%, Valid: 64.63%, Test: 61.67%
Run: 08, Epoch: 17, Train: 67.86%, Valid: 65.07%, Test: 62.44%
Run: 08, Epoch: 18, Train: 67.60%, Valid: 65.00%, Test: 62.04%
Run: 08, Epoch: 19, Train: 67.32%, Valid: 62.97%, Test: 60.74%
Run: 08, Epoch: 20, Train: 67.84%, Valid: 65.05%, Test: 61.83%
Run: 08, Epoch: 21, Train: 67.11%, Valid: 62.86%, Test: 60.00%
Run: 08, Epoch: 22, Train: 67.72%, Valid: 65.28%, Test: 61.81%
Run: 08, Epoch: 23, Train: 67.99%, Valid: 63.68%, Test: 60.74%
Run: 08, Epoch: 24, Train: 67.88%, Valid: 64.67%, Test: 61.16%
Run: 08, Epoch: 25, Train: 67.64%, Valid: 65.53%, Test: 62.17%
Run: 08, Epoch: 26, Train: 68.71%, Valid: 65.20%, Test: 62.47%
Run: 08, Epoch: 27, Train: 68.60%, Valid: 64.61%, Test: 61.99%
Run: 08, Epoch: 28, Train: 68.64%, Valid: 65.34%, Test: 62.39%
Run: 08, Epoch: 29, Train: 68.52%, Valid: 65.01%, Test: 61.99%
Run: 08, Epoch: 30, Train: 68.58%, Valid: 65.42%, Test: 61.94%
Run 08:
Highest Train: 68.71
Highest Valid: 65.53
  Final Train: 67.64
   Final Test: 62.17
Run: 09, Epoch: 01, Train: 61.52%, Valid: 62.33%, Test: 59.26%
Run: 09, Epoch: 02, Train: 63.31%, Valid: 59.71%, Test: 58.14%
Run: 09, Epoch: 03, Train: 63.79%, Valid: 61.06%, Test: 58.38%
Run: 09, Epoch: 04, Train: 65.16%, Valid: 62.38%, Test: 59.93%
Run: 09, Epoch: 05, Train: 64.28%, Valid: 64.90%, Test: 61.93%
Run: 09, Epoch: 06, Train: 65.66%, Valid: 62.59%, Test: 60.23%
Run: 09, Epoch: 07, Train: 66.31%, Valid: 63.41%, Test: 60.98%
Run: 09, Epoch: 08, Train: 66.06%, Valid: 63.19%, Test: 60.95%
Run: 09, Epoch: 09, Train: 66.82%, Valid: 64.31%, Test: 61.38%
Run: 09, Epoch: 10, Train: 66.81%, Valid: 64.25%, Test: 61.84%
Run: 09, Epoch: 11, Train: 66.64%, Valid: 62.81%, Test: 60.66%
Run: 09, Epoch: 12, Train: 67.29%, Valid: 65.53%, Test: 62.37%
Run: 09, Epoch: 13, Train: 67.03%, Valid: 64.72%, Test: 61.99%
Run: 09, Epoch: 14, Train: 66.99%, Valid: 63.04%, Test: 61.17%
Run: 09, Epoch: 15, Train: 67.77%, Valid: 64.79%, Test: 61.89%
Run: 09, Epoch: 16, Train: 67.61%, Valid: 63.88%, Test: 61.45%
Run: 09, Epoch: 17, Train: 67.63%, Valid: 64.59%, Test: 61.64%
Run: 09, Epoch: 18, Train: 67.97%, Valid: 65.16%, Test: 62.18%
Run: 09, Epoch: 19, Train: 68.09%, Valid: 64.09%, Test: 61.24%
Run: 09, Epoch: 20, Train: 67.95%, Valid: 64.51%, Test: 61.66%
Run: 09, Epoch: 21, Train: 67.76%, Valid: 66.01%, Test: 63.01%
Run: 09, Epoch: 22, Train: 68.07%, Valid: 64.18%, Test: 61.69%
Run: 09, Epoch: 23, Train: 68.37%, Valid: 64.89%, Test: 61.78%
Run: 09, Epoch: 24, Train: 68.21%, Valid: 63.35%, Test: 61.17%
Run: 09, Epoch: 25, Train: 67.62%, Valid: 62.56%, Test: 60.94%
Run: 09, Epoch: 26, Train: 68.42%, Valid: 63.82%, Test: 61.68%
Run: 09, Epoch: 27, Train: 68.41%, Valid: 63.09%, Test: 61.12%
Run: 09, Epoch: 28, Train: 68.78%, Valid: 64.55%, Test: 61.93%
Run: 09, Epoch: 29, Train: 68.55%, Valid: 64.61%, Test: 62.12%
Run: 09, Epoch: 30, Train: 68.93%, Valid: 65.15%, Test: 62.29%
Run 09:
Highest Train: 68.93
Highest Valid: 66.01
  Final Train: 67.76
   Final Test: 63.01
Run: 10, Epoch: 01, Train: 61.84%, Valid: 59.24%, Test: 57.23%
Run: 10, Epoch: 02, Train: 63.33%, Valid: 61.33%, Test: 58.73%
Run: 10, Epoch: 03, Train: 64.04%, Valid: 62.20%, Test: 60.01%
Run: 10, Epoch: 04, Train: 63.49%, Valid: 58.95%, Test: 57.02%
Run: 10, Epoch: 05, Train: 64.67%, Valid: 59.84%, Test: 58.24%
Run: 10, Epoch: 06, Train: 65.14%, Valid: 60.87%, Test: 59.13%
Run: 10, Epoch: 07, Train: 65.66%, Valid: 63.68%, Test: 61.41%
Run: 10, Epoch: 08, Train: 65.88%, Valid: 62.19%, Test: 59.88%
Run: 10, Epoch: 09, Train: 66.72%, Valid: 64.22%, Test: 61.58%
Run: 10, Epoch: 10, Train: 66.05%, Valid: 64.85%, Test: 61.45%
Run: 10, Epoch: 11, Train: 67.10%, Valid: 63.96%, Test: 61.18%
Run: 10, Epoch: 12, Train: 67.18%, Valid: 64.10%, Test: 61.69%
Run: 10, Epoch: 13, Train: 67.22%, Valid: 63.98%, Test: 61.50%
Run: 10, Epoch: 14, Train: 67.59%, Valid: 64.85%, Test: 62.07%
Run: 10, Epoch: 15, Train: 67.10%, Valid: 65.48%, Test: 62.21%
Run: 10, Epoch: 16, Train: 67.16%, Valid: 63.90%, Test: 61.47%
Run: 10, Epoch: 17, Train: 67.71%, Valid: 65.15%, Test: 61.64%
Run: 10, Epoch: 18, Train: 68.03%, Valid: 64.28%, Test: 61.61%
Run: 10, Epoch: 19, Train: 67.58%, Valid: 65.04%, Test: 61.92%
Run: 10, Epoch: 20, Train: 68.02%, Valid: 65.62%, Test: 62.44%
Run: 10, Epoch: 21, Train: 68.13%, Valid: 64.15%, Test: 61.59%
Run: 10, Epoch: 22, Train: 68.28%, Valid: 64.40%, Test: 61.53%
Run: 10, Epoch: 23, Train: 68.16%, Valid: 64.68%, Test: 61.46%
Run: 10, Epoch: 24, Train: 68.53%, Valid: 64.70%, Test: 61.96%
Run: 10, Epoch: 25, Train: 68.28%, Valid: 65.53%, Test: 62.37%
Run: 10, Epoch: 26, Train: 68.26%, Valid: 64.21%, Test: 61.71%
Run: 10, Epoch: 27, Train: 68.70%, Valid: 65.35%, Test: 62.02%
Run: 10, Epoch: 28, Train: 68.62%, Valid: 65.74%, Test: 62.15%
Run: 10, Epoch: 29, Train: 67.79%, Valid: 66.17%, Test: 62.77%
Run: 10, Epoch: 30, Train: 68.01%, Valid: 63.09%, Test: 60.96%
Run 10:
Highest Train: 68.70
Highest Valid: 66.17
  Final Train: 67.79
   Final Test: 62.77
All runs:
Highest Train: 68.86 ± 0.15
Highest Valid: 65.86 ± 0.30
  Final Train: 67.58 ± 0.93
   Final Test: 62.54 ± 0.28
