Namespace(device=0, log_steps=1, use_node_embedding=False, use_sgc_embedding=True, num_sgc_iterations=3, num_layers=3, hidden_channels=256, dropout=0, lr=0.01, batch_size=256, epochs=30, runs=10, rsv=0.55)
Run: 01, Epoch: 01, Train: 61.89%, Valid: 61.50%, Test: 59.22%
Run: 01, Epoch: 02, Train: 64.12%, Valid: 61.99%, Test: 59.10%
Run: 01, Epoch: 03, Train: 64.40%, Valid: 63.88%, Test: 61.37%
Run: 01, Epoch: 04, Train: 64.71%, Valid: 61.10%, Test: 58.95%
Run: 01, Epoch: 05, Train: 65.07%, Valid: 62.89%, Test: 60.43%
Run: 01, Epoch: 06, Train: 65.71%, Valid: 64.22%, Test: 61.45%
Run: 01, Epoch: 07, Train: 65.58%, Valid: 62.67%, Test: 60.61%
Run: 01, Epoch: 08, Train: 66.30%, Valid: 63.63%, Test: 61.24%
Run: 01, Epoch: 09, Train: 65.88%, Valid: 63.10%, Test: 60.91%
Run: 01, Epoch: 10, Train: 66.68%, Valid: 63.69%, Test: 60.77%
Run: 01, Epoch: 11, Train: 66.90%, Valid: 65.24%, Test: 62.57%
Run: 01, Epoch: 12, Train: 67.36%, Valid: 64.06%, Test: 61.27%
Run: 01, Epoch: 13, Train: 66.32%, Valid: 62.20%, Test: 60.41%
Run: 01, Epoch: 14, Train: 67.66%, Valid: 64.44%, Test: 61.81%
Run: 01, Epoch: 15, Train: 67.65%, Valid: 65.23%, Test: 62.18%
Run: 01, Epoch: 16, Train: 67.35%, Valid: 63.83%, Test: 61.61%
Run: 01, Epoch: 17, Train: 67.53%, Valid: 65.44%, Test: 62.13%
Run: 01, Epoch: 18, Train: 67.06%, Valid: 63.23%, Test: 60.60%
Run: 01, Epoch: 19, Train: 66.54%, Valid: 65.37%, Test: 62.32%
Run: 01, Epoch: 20, Train: 67.71%, Valid: 65.24%, Test: 62.18%
Run: 01, Epoch: 21, Train: 68.13%, Valid: 64.32%, Test: 61.74%
Run: 01, Epoch: 22, Train: 67.86%, Valid: 63.30%, Test: 60.95%
Run: 01, Epoch: 23, Train: 67.82%, Valid: 65.45%, Test: 62.14%
Run: 01, Epoch: 24, Train: 68.24%, Valid: 65.00%, Test: 61.69%
Run: 01, Epoch: 25, Train: 68.48%, Valid: 64.72%, Test: 62.07%
Run: 01, Epoch: 26, Train: 66.99%, Valid: 66.35%, Test: 63.08%
Run: 01, Epoch: 27, Train: 68.41%, Valid: 64.24%, Test: 61.02%
Run: 01, Epoch: 28, Train: 68.38%, Valid: 65.59%, Test: 62.65%
Run: 01, Epoch: 29, Train: 68.40%, Valid: 65.13%, Test: 61.98%
Run: 01, Epoch: 30, Train: 68.44%, Valid: 65.54%, Test: 62.60%
Run 01:
Highest Train: 68.48
Highest Valid: 66.35
  Final Train: 66.99
   Final Test: 63.08
Run: 02, Epoch: 01, Train: 62.70%, Valid: 60.44%, Test: 58.10%
Run: 02, Epoch: 02, Train: 62.83%, Valid: 62.13%, Test: 59.17%
Run: 02, Epoch: 03, Train: 64.34%, Valid: 61.51%, Test: 59.39%
Run: 02, Epoch: 04, Train: 63.52%, Valid: 64.10%, Test: 61.05%
Run: 02, Epoch: 05, Train: 65.22%, Valid: 62.14%, Test: 59.91%
Run: 02, Epoch: 06, Train: 66.04%, Valid: 63.03%, Test: 60.21%
Run: 02, Epoch: 07, Train: 65.47%, Valid: 62.16%, Test: 59.64%
Run: 02, Epoch: 08, Train: 66.49%, Valid: 63.69%, Test: 60.64%
Run: 02, Epoch: 09, Train: 66.42%, Valid: 64.10%, Test: 60.38%
Run: 02, Epoch: 10, Train: 66.36%, Valid: 65.75%, Test: 62.35%
Run: 02, Epoch: 11, Train: 66.18%, Valid: 61.25%, Test: 59.33%
Run: 02, Epoch: 12, Train: 67.00%, Valid: 64.53%, Test: 62.10%
Run: 02, Epoch: 13, Train: 67.38%, Valid: 64.93%, Test: 62.26%
Run: 02, Epoch: 14, Train: 67.37%, Valid: 63.71%, Test: 61.37%
Run: 02, Epoch: 15, Train: 66.97%, Valid: 63.25%, Test: 61.51%
Run: 02, Epoch: 16, Train: 67.87%, Valid: 64.44%, Test: 61.52%
Run: 02, Epoch: 17, Train: 67.82%, Valid: 65.44%, Test: 62.18%
Run: 02, Epoch: 18, Train: 67.72%, Valid: 64.86%, Test: 62.28%
Run: 02, Epoch: 19, Train: 67.60%, Valid: 65.68%, Test: 62.20%
Run: 02, Epoch: 20, Train: 67.08%, Valid: 65.18%, Test: 62.25%
Run: 02, Epoch: 21, Train: 67.98%, Valid: 65.39%, Test: 62.26%
Run: 02, Epoch: 22, Train: 68.12%, Valid: 64.68%, Test: 62.08%
Run: 02, Epoch: 23, Train: 68.06%, Valid: 64.87%, Test: 61.65%
Run: 02, Epoch: 24, Train: 67.88%, Valid: 63.31%, Test: 61.34%
Run: 02, Epoch: 25, Train: 68.02%, Valid: 64.76%, Test: 61.83%
Run: 02, Epoch: 26, Train: 68.39%, Valid: 63.98%, Test: 61.43%
Run: 02, Epoch: 27, Train: 68.30%, Valid: 64.98%, Test: 61.46%
Run: 02, Epoch: 28, Train: 68.98%, Valid: 65.61%, Test: 62.49%
Run: 02, Epoch: 29, Train: 68.66%, Valid: 65.18%, Test: 62.33%
Run: 02, Epoch: 30, Train: 68.89%, Valid: 65.13%, Test: 62.29%
Run 02:
Highest Train: 68.98
Highest Valid: 65.75
  Final Train: 66.36
   Final Test: 62.35
Run: 03, Epoch: 01, Train: 61.74%, Valid: 57.70%, Test: 55.66%
Run: 03, Epoch: 02, Train: 63.18%, Valid: 61.50%, Test: 59.01%
Run: 03, Epoch: 03, Train: 64.65%, Valid: 63.90%, Test: 60.80%
Run: 03, Epoch: 04, Train: 64.37%, Valid: 61.66%, Test: 59.69%
Run: 03, Epoch: 05, Train: 65.31%, Valid: 63.83%, Test: 61.35%
Run: 03, Epoch: 06, Train: 65.98%, Valid: 64.12%, Test: 61.59%
Run: 03, Epoch: 07, Train: 66.00%, Valid: 62.92%, Test: 60.71%
Run: 03, Epoch: 08, Train: 66.33%, Valid: 65.95%, Test: 62.80%
Run: 03, Epoch: 09, Train: 67.02%, Valid: 64.60%, Test: 61.63%
Run: 03, Epoch: 10, Train: 65.64%, Valid: 65.29%, Test: 62.06%
Run: 03, Epoch: 11, Train: 67.10%, Valid: 64.20%, Test: 61.82%
Run: 03, Epoch: 12, Train: 66.58%, Valid: 63.76%, Test: 61.10%
Run: 03, Epoch: 13, Train: 67.07%, Valid: 63.45%, Test: 60.83%
Run: 03, Epoch: 14, Train: 67.38%, Valid: 65.38%, Test: 62.04%
Run: 03, Epoch: 15, Train: 67.25%, Valid: 64.36%, Test: 61.33%
Run: 03, Epoch: 16, Train: 67.13%, Valid: 62.22%, Test: 60.26%
Run: 03, Epoch: 17, Train: 67.71%, Valid: 64.35%, Test: 60.87%
Run: 03, Epoch: 18, Train: 66.60%, Valid: 61.76%, Test: 60.31%
Run: 03, Epoch: 19, Train: 67.76%, Valid: 64.73%, Test: 61.41%
Run: 03, Epoch: 20, Train: 67.97%, Valid: 65.53%, Test: 62.39%
Run: 03, Epoch: 21, Train: 68.21%, Valid: 64.60%, Test: 61.29%
Run: 03, Epoch: 22, Train: 68.04%, Valid: 64.15%, Test: 61.79%
Run: 03, Epoch: 23, Train: 68.16%, Valid: 64.44%, Test: 62.02%
Run: 03, Epoch: 24, Train: 68.03%, Valid: 66.07%, Test: 62.66%
Run: 03, Epoch: 25, Train: 67.92%, Valid: 63.30%, Test: 61.28%
Run: 03, Epoch: 26, Train: 68.11%, Valid: 65.37%, Test: 62.36%
Run: 03, Epoch: 27, Train: 67.86%, Valid: 65.89%, Test: 62.64%
Run: 03, Epoch: 28, Train: 68.71%, Valid: 64.34%, Test: 61.82%
Run: 03, Epoch: 29, Train: 68.40%, Valid: 65.04%, Test: 61.99%
Run: 03, Epoch: 30, Train: 68.31%, Valid: 64.63%, Test: 61.49%
Run 03:
Highest Train: 68.71
Highest Valid: 66.07
  Final Train: 68.03
   Final Test: 62.66
Run: 04, Epoch: 01, Train: 60.53%, Valid: 59.91%, Test: 57.55%
Run: 04, Epoch: 02, Train: 64.17%, Valid: 62.30%, Test: 59.63%
Run: 04, Epoch: 03, Train: 64.10%, Valid: 61.68%, Test: 58.95%
Run: 04, Epoch: 04, Train: 65.40%, Valid: 63.68%, Test: 61.44%
Run: 04, Epoch: 05, Train: 65.84%, Valid: 63.59%, Test: 61.50%
Run: 04, Epoch: 06, Train: 65.66%, Valid: 63.80%, Test: 61.09%
Run: 04, Epoch: 07, Train: 66.12%, Valid: 63.56%, Test: 60.93%
Run: 04, Epoch: 08, Train: 65.80%, Valid: 64.75%, Test: 61.45%
Run: 04, Epoch: 09, Train: 65.70%, Valid: 61.62%, Test: 59.83%
Run: 04, Epoch: 10, Train: 66.61%, Valid: 64.02%, Test: 61.22%
Run: 04, Epoch: 11, Train: 67.01%, Valid: 64.14%, Test: 61.45%
Run: 04, Epoch: 12, Train: 67.10%, Valid: 63.58%, Test: 61.67%
Run: 04, Epoch: 13, Train: 66.41%, Valid: 64.62%, Test: 61.23%
Run: 04, Epoch: 14, Train: 67.44%, Valid: 65.37%, Test: 62.42%
Run: 04, Epoch: 15, Train: 67.30%, Valid: 64.08%, Test: 60.86%
Run: 04, Epoch: 16, Train: 66.73%, Valid: 62.39%, Test: 60.30%
Run: 04, Epoch: 17, Train: 67.70%, Valid: 64.65%, Test: 61.70%
Run: 04, Epoch: 18, Train: 67.63%, Valid: 64.12%, Test: 61.64%
Run: 04, Epoch: 19, Train: 67.73%, Valid: 65.45%, Test: 62.58%
Run: 04, Epoch: 20, Train: 67.46%, Valid: 63.05%, Test: 60.68%
Run: 04, Epoch: 21, Train: 67.54%, Valid: 65.75%, Test: 62.47%
Run: 04, Epoch: 22, Train: 67.95%, Valid: 65.26%, Test: 61.58%
Run: 04, Epoch: 23, Train: 67.81%, Valid: 65.64%, Test: 61.94%
Run: 04, Epoch: 24, Train: 67.79%, Valid: 66.50%, Test: 63.08%
Run: 04, Epoch: 25, Train: 68.05%, Valid: 64.01%, Test: 61.12%
Run: 04, Epoch: 26, Train: 68.02%, Valid: 66.02%, Test: 62.94%
Run: 04, Epoch: 27, Train: 67.92%, Valid: 65.95%, Test: 62.32%
Run: 04, Epoch: 28, Train: 68.97%, Valid: 65.47%, Test: 62.53%
Run: 04, Epoch: 29, Train: 68.22%, Valid: 66.02%, Test: 62.79%
Run: 04, Epoch: 30, Train: 68.34%, Valid: 64.74%, Test: 61.23%
Run 04:
Highest Train: 68.97
Highest Valid: 66.50
  Final Train: 67.79
   Final Test: 63.08
Run: 05, Epoch: 01, Train: 62.51%, Valid: 58.51%, Test: 56.90%
Run: 05, Epoch: 02, Train: 62.28%, Valid: 58.15%, Test: 56.58%
Run: 05, Epoch: 03, Train: 63.90%, Valid: 61.82%, Test: 59.47%
Run: 05, Epoch: 04, Train: 63.83%, Valid: 63.15%, Test: 60.64%
Run: 05, Epoch: 05, Train: 64.95%, Valid: 65.06%, Test: 62.28%
Run: 05, Epoch: 06, Train: 65.61%, Valid: 62.57%, Test: 59.91%
Run: 05, Epoch: 07, Train: 65.56%, Valid: 62.05%, Test: 59.34%
Run: 05, Epoch: 08, Train: 66.28%, Valid: 64.54%, Test: 62.06%
Run: 05, Epoch: 09, Train: 66.43%, Valid: 63.99%, Test: 61.61%
Run: 05, Epoch: 10, Train: 66.93%, Valid: 64.36%, Test: 61.94%
Run: 05, Epoch: 11, Train: 66.87%, Valid: 64.70%, Test: 61.48%
Run: 05, Epoch: 12, Train: 67.18%, Valid: 64.39%, Test: 61.56%
Run: 05, Epoch: 13, Train: 66.17%, Valid: 61.53%, Test: 59.41%
Run: 05, Epoch: 14, Train: 67.41%, Valid: 64.50%, Test: 61.92%
Run: 05, Epoch: 15, Train: 67.38%, Valid: 64.79%, Test: 61.60%
Run: 05, Epoch: 16, Train: 67.29%, Valid: 62.51%, Test: 60.71%
Run: 05, Epoch: 17, Train: 66.95%, Valid: 65.55%, Test: 62.32%
Run: 05, Epoch: 18, Train: 68.11%, Valid: 64.78%, Test: 62.06%
Run: 05, Epoch: 19, Train: 67.88%, Valid: 64.64%, Test: 61.86%
Run: 05, Epoch: 20, Train: 67.67%, Valid: 65.08%, Test: 62.42%
Run: 05, Epoch: 21, Train: 68.08%, Valid: 65.56%, Test: 62.60%
Run: 05, Epoch: 22, Train: 68.26%, Valid: 64.61%, Test: 62.06%
Run: 05, Epoch: 23, Train: 68.08%, Valid: 64.12%, Test: 61.22%
Run: 05, Epoch: 24, Train: 68.40%, Valid: 64.45%, Test: 61.44%
Run: 05, Epoch: 25, Train: 66.56%, Valid: 66.64%, Test: 63.78%
Run: 05, Epoch: 26, Train: 68.43%, Valid: 64.67%, Test: 62.15%
Run: 05, Epoch: 27, Train: 68.85%, Valid: 64.79%, Test: 61.93%
Run: 05, Epoch: 28, Train: 68.10%, Valid: 65.65%, Test: 62.37%
Run: 05, Epoch: 29, Train: 68.39%, Valid: 64.95%, Test: 61.91%
Run: 05, Epoch: 30, Train: 68.45%, Valid: 64.09%, Test: 61.66%
Run 05:
Highest Train: 68.85
Highest Valid: 66.64
  Final Train: 66.56
   Final Test: 63.78
Run: 06, Epoch: 01, Train: 61.96%, Valid: 60.56%, Test: 57.49%
Run: 06, Epoch: 02, Train: 63.79%, Valid: 59.77%, Test: 57.71%
Run: 06, Epoch: 03, Train: 64.51%, Valid: 63.73%, Test: 60.79%
Run: 06, Epoch: 04, Train: 64.95%, Valid: 64.14%, Test: 61.16%
Run: 06, Epoch: 05, Train: 65.22%, Valid: 63.15%, Test: 60.24%
Run: 06, Epoch: 06, Train: 65.82%, Valid: 63.13%, Test: 60.37%
Run: 06, Epoch: 07, Train: 65.54%, Valid: 64.65%, Test: 61.79%
Run: 06, Epoch: 08, Train: 66.58%, Valid: 64.40%, Test: 61.69%
Run: 06, Epoch: 09, Train: 66.57%, Valid: 64.76%, Test: 62.16%
Run: 06, Epoch: 10, Train: 66.58%, Valid: 64.43%, Test: 61.04%
Run: 06, Epoch: 11, Train: 66.67%, Valid: 64.45%, Test: 61.88%
Run: 06, Epoch: 12, Train: 66.42%, Valid: 65.53%, Test: 62.39%
Run: 06, Epoch: 13, Train: 66.40%, Valid: 61.86%, Test: 60.21%
Run: 06, Epoch: 14, Train: 67.07%, Valid: 63.22%, Test: 61.05%
Run: 06, Epoch: 15, Train: 67.31%, Valid: 63.90%, Test: 60.99%
Run: 06, Epoch: 16, Train: 67.72%, Valid: 65.07%, Test: 61.90%
Run: 06, Epoch: 17, Train: 67.68%, Valid: 64.44%, Test: 61.52%
Run: 06, Epoch: 18, Train: 67.30%, Valid: 64.75%, Test: 61.47%
Run: 06, Epoch: 19, Train: 67.98%, Valid: 64.12%, Test: 62.11%
Run: 06, Epoch: 20, Train: 68.21%, Valid: 64.88%, Test: 61.96%
Run: 06, Epoch: 21, Train: 68.22%, Valid: 65.33%, Test: 62.21%
Run: 06, Epoch: 22, Train: 67.98%, Valid: 64.39%, Test: 61.91%
Run: 06, Epoch: 23, Train: 67.70%, Valid: 63.36%, Test: 60.98%
Run: 06, Epoch: 24, Train: 68.39%, Valid: 65.13%, Test: 61.91%
Run: 06, Epoch: 25, Train: 68.55%, Valid: 64.83%, Test: 62.26%
Run: 06, Epoch: 26, Train: 68.42%, Valid: 65.35%, Test: 62.58%
Run: 06, Epoch: 27, Train: 67.76%, Valid: 65.64%, Test: 62.58%
Run: 06, Epoch: 28, Train: 68.43%, Valid: 63.96%, Test: 61.01%
Run: 06, Epoch: 29, Train: 68.55%, Valid: 64.04%, Test: 61.37%
Run: 06, Epoch: 30, Train: 68.77%, Valid: 65.04%, Test: 62.32%
Run 06:
Highest Train: 68.77
Highest Valid: 65.64
  Final Train: 67.76
   Final Test: 62.58
Run: 07, Epoch: 01, Train: 61.73%, Valid: 58.77%, Test: 57.02%
Run: 07, Epoch: 02, Train: 63.49%, Valid: 60.78%, Test: 58.62%
Run: 07, Epoch: 03, Train: 62.60%, Valid: 63.38%, Test: 60.69%
Run: 07, Epoch: 04, Train: 65.18%, Valid: 63.97%, Test: 61.39%
Run: 07, Epoch: 05, Train: 65.87%, Valid: 64.62%, Test: 61.72%
Run: 07, Epoch: 06, Train: 65.69%, Valid: 65.06%, Test: 62.02%
Run: 07, Epoch: 07, Train: 65.45%, Valid: 64.46%, Test: 61.43%
Run: 07, Epoch: 08, Train: 66.51%, Valid: 65.08%, Test: 62.20%
Run: 07, Epoch: 09, Train: 66.32%, Valid: 62.66%, Test: 60.46%
Run: 07, Epoch: 10, Train: 66.96%, Valid: 64.68%, Test: 61.58%
Run: 07, Epoch: 11, Train: 66.79%, Valid: 65.14%, Test: 61.95%
Run: 07, Epoch: 12, Train: 67.04%, Valid: 64.98%, Test: 61.89%
Run: 07, Epoch: 13, Train: 67.77%, Valid: 65.04%, Test: 62.34%
Run: 07, Epoch: 14, Train: 67.24%, Valid: 64.35%, Test: 61.85%
Run: 07, Epoch: 15, Train: 67.19%, Valid: 64.02%, Test: 61.03%
Run: 07, Epoch: 16, Train: 66.64%, Valid: 65.35%, Test: 62.08%
Run: 07, Epoch: 17, Train: 67.05%, Valid: 62.63%, Test: 59.98%
Run: 07, Epoch: 18, Train: 67.77%, Valid: 63.85%, Test: 61.34%
Run: 07, Epoch: 19, Train: 68.08%, Valid: 65.68%, Test: 62.41%
Run: 07, Epoch: 20, Train: 67.91%, Valid: 64.07%, Test: 61.31%
Run: 07, Epoch: 21, Train: 67.83%, Valid: 64.21%, Test: 61.36%
Run: 07, Epoch: 22, Train: 68.12%, Valid: 64.41%, Test: 61.32%
Run: 07, Epoch: 23, Train: 68.31%, Valid: 64.53%, Test: 62.13%
Run: 07, Epoch: 24, Train: 68.17%, Valid: 63.53%, Test: 61.31%
Run: 07, Epoch: 25, Train: 68.20%, Valid: 65.88%, Test: 62.16%
Run: 07, Epoch: 26, Train: 68.39%, Valid: 65.19%, Test: 62.12%
Run: 07, Epoch: 27, Train: 67.82%, Valid: 63.20%, Test: 61.00%
Run: 07, Epoch: 28, Train: 68.29%, Valid: 64.04%, Test: 61.37%
Run: 07, Epoch: 29, Train: 68.84%, Valid: 64.97%, Test: 61.86%
Run: 07, Epoch: 30, Train: 68.13%, Valid: 63.39%, Test: 61.48%
Run 07:
Highest Train: 68.84
Highest Valid: 65.88
  Final Train: 68.20
   Final Test: 62.16
Run: 08, Epoch: 01, Train: 62.51%, Valid: 62.01%, Test: 59.54%
Run: 08, Epoch: 02, Train: 62.20%, Valid: 57.86%, Test: 56.80%
Run: 08, Epoch: 03, Train: 63.87%, Valid: 61.26%, Test: 58.49%
Run: 08, Epoch: 04, Train: 64.68%, Valid: 64.29%, Test: 61.42%
Run: 08, Epoch: 05, Train: 65.24%, Valid: 62.82%, Test: 60.33%
Run: 08, Epoch: 06, Train: 65.28%, Valid: 61.70%, Test: 59.59%
Run: 08, Epoch: 07, Train: 65.55%, Valid: 64.65%, Test: 61.27%
Run: 08, Epoch: 08, Train: 65.62%, Valid: 65.03%, Test: 62.09%
Run: 08, Epoch: 09, Train: 66.82%, Valid: 63.78%, Test: 61.38%
Run: 08, Epoch: 10, Train: 66.81%, Valid: 65.32%, Test: 61.75%
Run: 08, Epoch: 11, Train: 66.90%, Valid: 64.69%, Test: 61.41%
Run: 08, Epoch: 12, Train: 66.99%, Valid: 64.49%, Test: 62.15%
Run: 08, Epoch: 13, Train: 66.82%, Valid: 64.07%, Test: 60.90%
Run: 08, Epoch: 14, Train: 67.47%, Valid: 65.50%, Test: 62.29%
Run: 08, Epoch: 15, Train: 67.28%, Valid: 63.36%, Test: 61.08%
Run: 08, Epoch: 16, Train: 67.55%, Valid: 65.50%, Test: 62.41%
Run: 08, Epoch: 17, Train: 67.54%, Valid: 64.69%, Test: 61.89%
Run: 08, Epoch: 18, Train: 67.41%, Valid: 66.03%, Test: 62.58%
Run: 08, Epoch: 19, Train: 67.38%, Valid: 63.70%, Test: 60.23%
Run: 08, Epoch: 20, Train: 67.87%, Valid: 64.81%, Test: 62.03%
Run: 08, Epoch: 21, Train: 68.39%, Valid: 64.99%, Test: 62.03%
Run: 08, Epoch: 22, Train: 68.28%, Valid: 64.85%, Test: 60.94%
Run: 08, Epoch: 23, Train: 68.41%, Valid: 64.64%, Test: 62.21%
Run: 08, Epoch: 24, Train: 68.34%, Valid: 64.95%, Test: 62.46%
Run: 08, Epoch: 25, Train: 68.65%, Valid: 64.97%, Test: 62.21%
Run: 08, Epoch: 26, Train: 68.61%, Valid: 64.84%, Test: 61.68%
Run: 08, Epoch: 27, Train: 67.79%, Valid: 62.49%, Test: 60.49%
Run: 08, Epoch: 28, Train: 67.58%, Valid: 62.22%, Test: 60.66%
Run: 08, Epoch: 29, Train: 68.98%, Valid: 64.77%, Test: 62.18%
Run: 08, Epoch: 30, Train: 68.61%, Valid: 64.33%, Test: 61.40%
Run 08:
Highest Train: 68.98
Highest Valid: 66.03
  Final Train: 67.41
   Final Test: 62.58
Run: 09, Epoch: 01, Train: 62.04%, Valid: 60.21%, Test: 57.79%
Run: 09, Epoch: 02, Train: 63.76%, Valid: 62.17%, Test: 59.49%
Run: 09, Epoch: 03, Train: 64.96%, Valid: 62.40%, Test: 60.09%
Run: 09, Epoch: 04, Train: 64.95%, Valid: 62.73%, Test: 59.70%
Run: 09, Epoch: 05, Train: 65.55%, Valid: 64.39%, Test: 61.53%
Run: 09, Epoch: 06, Train: 65.81%, Valid: 63.36%, Test: 60.80%
Run: 09, Epoch: 07, Train: 66.10%, Valid: 63.45%, Test: 60.96%
Run: 09, Epoch: 08, Train: 66.61%, Valid: 64.59%, Test: 62.21%
Run: 09, Epoch: 09, Train: 66.40%, Valid: 64.21%, Test: 61.06%
Run: 09, Epoch: 10, Train: 66.71%, Valid: 64.80%, Test: 61.47%
Run: 09, Epoch: 11, Train: 66.08%, Valid: 61.78%, Test: 59.44%
Run: 09, Epoch: 12, Train: 66.69%, Valid: 65.40%, Test: 62.16%
Run: 09, Epoch: 13, Train: 67.49%, Valid: 64.90%, Test: 61.80%
Run: 09, Epoch: 14, Train: 67.07%, Valid: 64.99%, Test: 62.09%
Run: 09, Epoch: 15, Train: 67.17%, Valid: 64.83%, Test: 62.08%
Run: 09, Epoch: 16, Train: 67.54%, Valid: 65.63%, Test: 62.89%
Run: 09, Epoch: 17, Train: 67.53%, Valid: 65.72%, Test: 62.50%
Run: 09, Epoch: 18, Train: 67.59%, Valid: 64.63%, Test: 61.47%
Run: 09, Epoch: 19, Train: 67.88%, Valid: 64.67%, Test: 62.05%
Run: 09, Epoch: 20, Train: 67.84%, Valid: 64.53%, Test: 61.83%
Run: 09, Epoch: 21, Train: 67.62%, Valid: 66.13%, Test: 63.05%
Run: 09, Epoch: 22, Train: 67.75%, Valid: 64.94%, Test: 61.66%
Run: 09, Epoch: 23, Train: 68.32%, Valid: 65.14%, Test: 62.26%
Run: 09, Epoch: 24, Train: 68.15%, Valid: 64.71%, Test: 61.82%
Run: 09, Epoch: 25, Train: 68.10%, Valid: 63.84%, Test: 61.38%
Run: 09, Epoch: 26, Train: 68.21%, Valid: 65.37%, Test: 62.45%
Run: 09, Epoch: 27, Train: 68.71%, Valid: 65.23%, Test: 62.67%
Run: 09, Epoch: 28, Train: 68.55%, Valid: 64.47%, Test: 61.57%
Run: 09, Epoch: 29, Train: 68.63%, Valid: 65.39%, Test: 62.26%
Run: 09, Epoch: 30, Train: 68.42%, Valid: 64.48%, Test: 61.80%
Run 09:
Highest Train: 68.71
Highest Valid: 66.13
  Final Train: 67.62
   Final Test: 63.05
Run: 10, Epoch: 01, Train: 60.29%, Valid: 60.92%, Test: 57.40%
Run: 10, Epoch: 02, Train: 64.00%, Valid: 63.35%, Test: 60.41%
Run: 10, Epoch: 03, Train: 63.48%, Valid: 60.42%, Test: 58.82%
Run: 10, Epoch: 04, Train: 65.34%, Valid: 63.18%, Test: 60.76%
Run: 10, Epoch: 05, Train: 65.30%, Valid: 64.15%, Test: 60.96%
Run: 10, Epoch: 06, Train: 66.05%, Valid: 64.35%, Test: 61.75%
Run: 10, Epoch: 07, Train: 66.13%, Valid: 64.72%, Test: 61.09%
Run: 10, Epoch: 08, Train: 66.04%, Valid: 64.43%, Test: 62.00%
Run: 10, Epoch: 09, Train: 65.82%, Valid: 62.08%, Test: 60.43%
Run: 10, Epoch: 10, Train: 66.36%, Valid: 62.97%, Test: 60.48%
Run: 10, Epoch: 11, Train: 66.68%, Valid: 63.23%, Test: 60.93%
Run: 10, Epoch: 12, Train: 66.74%, Valid: 65.12%, Test: 61.90%
Run: 10, Epoch: 13, Train: 66.86%, Valid: 64.21%, Test: 61.34%
Run: 10, Epoch: 14, Train: 67.46%, Valid: 65.10%, Test: 62.03%
Run: 10, Epoch: 15, Train: 67.22%, Valid: 64.57%, Test: 62.09%
Run: 10, Epoch: 16, Train: 67.03%, Valid: 65.43%, Test: 62.59%
Run: 10, Epoch: 17, Train: 67.19%, Valid: 62.94%, Test: 60.99%
Run: 10, Epoch: 18, Train: 67.62%, Valid: 64.79%, Test: 61.85%
Run: 10, Epoch: 19, Train: 67.37%, Valid: 62.80%, Test: 60.39%
Run: 10, Epoch: 20, Train: 67.94%, Valid: 64.84%, Test: 62.02%
Run: 10, Epoch: 21, Train: 67.72%, Valid: 64.37%, Test: 61.52%
Run: 10, Epoch: 22, Train: 67.86%, Valid: 63.63%, Test: 60.89%
Run: 10, Epoch: 23, Train: 67.80%, Valid: 65.50%, Test: 62.25%
Run: 10, Epoch: 24, Train: 68.46%, Valid: 65.46%, Test: 62.51%
Run: 10, Epoch: 25, Train: 68.05%, Valid: 65.22%, Test: 61.84%
Run: 10, Epoch: 26, Train: 68.34%, Valid: 65.69%, Test: 62.68%
Run: 10, Epoch: 27, Train: 68.38%, Valid: 64.28%, Test: 61.60%
Run: 10, Epoch: 28, Train: 68.68%, Valid: 64.33%, Test: 61.56%
Run: 10, Epoch: 29, Train: 68.18%, Valid: 65.60%, Test: 62.54%
Run: 10, Epoch: 30, Train: 67.97%, Valid: 63.38%, Test: 61.16%
Run 10:
Highest Train: 68.68
Highest Valid: 65.69
  Final Train: 68.34
   Final Test: 62.68
All runs:
Highest Train: 68.80 ± 0.16
Highest Valid: 66.07 ± 0.34
  Final Train: 67.51 ± 0.67
   Final Test: 62.80 ± 0.46
