Namespace(device=0, log_steps=1, use_node_embedding=False, use_sgc_embedding=True, num_sgc_iterations=3, num_layers=3, hidden_channels=256, dropout=0, lr=0.01, batch_size=256, epochs=30, runs=10, rsv=0.6)
Run: 01, Epoch: 01, Train: 62.15%, Valid: 59.83%, Test: 57.15%
Run: 01, Epoch: 02, Train: 63.40%, Valid: 60.03%, Test: 58.75%
Run: 01, Epoch: 03, Train: 64.28%, Valid: 63.26%, Test: 60.40%
Run: 01, Epoch: 04, Train: 65.19%, Valid: 63.76%, Test: 61.19%
Run: 01, Epoch: 05, Train: 65.28%, Valid: 64.40%, Test: 60.94%
Run: 01, Epoch: 06, Train: 65.79%, Valid: 65.05%, Test: 61.63%
Run: 01, Epoch: 07, Train: 66.12%, Valid: 64.02%, Test: 61.15%
Run: 01, Epoch: 08, Train: 66.07%, Valid: 63.26%, Test: 60.72%
Run: 01, Epoch: 09, Train: 65.46%, Valid: 65.69%, Test: 62.42%
Run: 01, Epoch: 10, Train: 66.85%, Valid: 63.61%, Test: 61.49%
Run: 01, Epoch: 11, Train: 66.42%, Valid: 65.31%, Test: 62.25%
Run: 01, Epoch: 12, Train: 66.74%, Valid: 63.38%, Test: 61.02%
Run: 01, Epoch: 13, Train: 66.50%, Valid: 65.42%, Test: 62.53%
Run: 01, Epoch: 14, Train: 67.28%, Valid: 64.91%, Test: 61.86%
Run: 01, Epoch: 15, Train: 67.15%, Valid: 65.38%, Test: 62.33%
Run: 01, Epoch: 16, Train: 67.53%, Valid: 64.51%, Test: 61.61%
Run: 01, Epoch: 17, Train: 67.89%, Valid: 64.39%, Test: 61.85%
Run: 01, Epoch: 18, Train: 67.90%, Valid: 65.38%, Test: 62.46%
Run: 01, Epoch: 19, Train: 67.42%, Valid: 65.25%, Test: 62.50%
Run: 01, Epoch: 20, Train: 67.62%, Valid: 65.43%, Test: 62.33%
Run: 01, Epoch: 21, Train: 68.07%, Valid: 64.22%, Test: 61.66%
Run: 01, Epoch: 22, Train: 67.79%, Valid: 64.43%, Test: 62.00%
Run: 01, Epoch: 23, Train: 67.36%, Valid: 62.72%, Test: 60.55%
Run: 01, Epoch: 24, Train: 68.18%, Valid: 64.48%, Test: 61.41%
Run: 01, Epoch: 25, Train: 68.21%, Valid: 64.74%, Test: 61.75%
Run: 01, Epoch: 26, Train: 67.60%, Valid: 66.20%, Test: 63.02%
Run: 01, Epoch: 27, Train: 68.35%, Valid: 63.87%, Test: 61.84%
Run: 01, Epoch: 28, Train: 67.42%, Valid: 62.63%, Test: 60.86%
Run: 01, Epoch: 29, Train: 68.40%, Valid: 63.76%, Test: 60.94%
Run: 01, Epoch: 30, Train: 68.22%, Valid: 65.15%, Test: 62.56%
Run 01:
Highest Train: 68.40
Highest Valid: 66.20
  Final Train: 67.60
   Final Test: 63.02
Run: 02, Epoch: 01, Train: 62.47%, Valid: 60.17%, Test: 57.23%
Run: 02, Epoch: 02, Train: 63.49%, Valid: 61.02%, Test: 59.22%
Run: 02, Epoch: 03, Train: 62.45%, Valid: 59.57%, Test: 57.71%
Run: 02, Epoch: 04, Train: 64.54%, Valid: 62.88%, Test: 60.62%
Run: 02, Epoch: 05, Train: 64.62%, Valid: 63.00%, Test: 60.31%
Run: 02, Epoch: 06, Train: 66.26%, Valid: 65.06%, Test: 62.63%
Run: 02, Epoch: 07, Train: 65.91%, Valid: 64.04%, Test: 61.35%
Run: 02, Epoch: 08, Train: 66.49%, Valid: 65.06%, Test: 61.98%
Run: 02, Epoch: 09, Train: 66.06%, Valid: 65.25%, Test: 62.20%
Run: 02, Epoch: 10, Train: 65.90%, Valid: 63.04%, Test: 60.74%
Run: 02, Epoch: 11, Train: 66.69%, Valid: 64.30%, Test: 61.71%
Run: 02, Epoch: 12, Train: 66.50%, Valid: 62.57%, Test: 60.58%
Run: 02, Epoch: 13, Train: 67.11%, Valid: 64.14%, Test: 61.68%
Run: 02, Epoch: 14, Train: 67.01%, Valid: 63.80%, Test: 61.57%
Run: 02, Epoch: 15, Train: 66.26%, Valid: 61.73%, Test: 60.51%
Run: 02, Epoch: 16, Train: 67.34%, Valid: 63.71%, Test: 61.54%
Run: 02, Epoch: 17, Train: 67.36%, Valid: 63.24%, Test: 60.86%
Run: 02, Epoch: 18, Train: 67.75%, Valid: 64.91%, Test: 62.09%
Run: 02, Epoch: 19, Train: 67.42%, Valid: 65.72%, Test: 62.19%
Run: 02, Epoch: 20, Train: 68.21%, Valid: 65.62%, Test: 62.39%
Run: 02, Epoch: 21, Train: 68.29%, Valid: 65.60%, Test: 62.85%
Run: 02, Epoch: 22, Train: 68.15%, Valid: 64.76%, Test: 62.28%
Run: 02, Epoch: 23, Train: 67.75%, Valid: 65.53%, Test: 62.86%
Run: 02, Epoch: 24, Train: 67.48%, Valid: 65.80%, Test: 61.97%
Run: 02, Epoch: 25, Train: 68.31%, Valid: 64.98%, Test: 61.97%
Run: 02, Epoch: 26, Train: 68.37%, Valid: 64.65%, Test: 61.97%
Run: 02, Epoch: 27, Train: 68.37%, Valid: 65.04%, Test: 61.84%
Run: 02, Epoch: 28, Train: 68.50%, Valid: 64.42%, Test: 61.93%
Run: 02, Epoch: 29, Train: 68.23%, Valid: 63.74%, Test: 60.83%
Run: 02, Epoch: 30, Train: 68.15%, Valid: 64.61%, Test: 61.65%
Run 02:
Highest Train: 68.50
Highest Valid: 65.80
  Final Train: 67.48
   Final Test: 61.97
Run: 03, Epoch: 01, Train: 61.18%, Valid: 58.91%, Test: 57.27%
Run: 03, Epoch: 02, Train: 63.48%, Valid: 62.69%, Test: 59.86%
Run: 03, Epoch: 03, Train: 64.57%, Valid: 64.18%, Test: 61.05%
Run: 03, Epoch: 04, Train: 65.33%, Valid: 62.66%, Test: 60.57%
Run: 03, Epoch: 05, Train: 64.37%, Valid: 63.97%, Test: 61.30%
Run: 03, Epoch: 06, Train: 65.79%, Valid: 63.56%, Test: 60.88%
Run: 03, Epoch: 07, Train: 66.08%, Valid: 65.31%, Test: 62.31%
Run: 03, Epoch: 08, Train: 64.39%, Valid: 58.83%, Test: 57.68%
Run: 03, Epoch: 09, Train: 66.89%, Valid: 64.17%, Test: 61.43%
Run: 03, Epoch: 10, Train: 66.79%, Valid: 64.09%, Test: 61.23%
Run: 03, Epoch: 11, Train: 66.85%, Valid: 64.51%, Test: 62.03%
Run: 03, Epoch: 12, Train: 66.34%, Valid: 65.44%, Test: 62.61%
Run: 03, Epoch: 13, Train: 66.33%, Valid: 65.92%, Test: 62.79%
Run: 03, Epoch: 14, Train: 67.14%, Valid: 64.51%, Test: 61.46%
Run: 03, Epoch: 15, Train: 67.58%, Valid: 64.50%, Test: 61.76%
Run: 03, Epoch: 16, Train: 67.41%, Valid: 64.11%, Test: 61.81%
Run: 03, Epoch: 17, Train: 67.48%, Valid: 64.74%, Test: 61.91%
Run: 03, Epoch: 18, Train: 67.71%, Valid: 64.59%, Test: 61.46%
Run: 03, Epoch: 19, Train: 67.75%, Valid: 64.39%, Test: 61.66%
Run: 03, Epoch: 20, Train: 68.21%, Valid: 64.48%, Test: 61.61%
Run: 03, Epoch: 21, Train: 67.25%, Valid: 65.35%, Test: 62.41%
Run: 03, Epoch: 22, Train: 67.50%, Valid: 66.07%, Test: 63.06%
Run: 03, Epoch: 23, Train: 67.68%, Valid: 64.84%, Test: 62.02%
Run: 03, Epoch: 24, Train: 68.07%, Valid: 64.67%, Test: 61.78%
Run: 03, Epoch: 25, Train: 68.01%, Valid: 64.85%, Test: 61.68%
Run: 03, Epoch: 26, Train: 67.85%, Valid: 65.78%, Test: 62.83%
Run: 03, Epoch: 27, Train: 68.01%, Valid: 64.72%, Test: 61.99%
Run: 03, Epoch: 28, Train: 68.45%, Valid: 65.49%, Test: 62.60%
Run: 03, Epoch: 29, Train: 68.76%, Valid: 65.03%, Test: 61.91%
Run: 03, Epoch: 30, Train: 68.50%, Valid: 64.73%, Test: 61.26%
Run 03:
Highest Train: 68.76
Highest Valid: 66.07
  Final Train: 67.50
   Final Test: 63.06
Run: 04, Epoch: 01, Train: 61.61%, Valid: 59.43%, Test: 57.70%
Run: 04, Epoch: 02, Train: 63.03%, Valid: 63.19%, Test: 60.08%
Run: 04, Epoch: 03, Train: 64.48%, Valid: 63.58%, Test: 60.91%
Run: 04, Epoch: 04, Train: 65.40%, Valid: 63.89%, Test: 61.22%
Run: 04, Epoch: 05, Train: 64.62%, Valid: 64.63%, Test: 62.00%
Run: 04, Epoch: 06, Train: 65.00%, Valid: 61.25%, Test: 59.56%
Run: 04, Epoch: 07, Train: 66.13%, Valid: 64.13%, Test: 61.46%
Run: 04, Epoch: 08, Train: 66.79%, Valid: 64.13%, Test: 61.25%
Run: 04, Epoch: 09, Train: 66.56%, Valid: 63.82%, Test: 61.00%
Run: 04, Epoch: 10, Train: 66.52%, Valid: 63.40%, Test: 61.26%
Run: 04, Epoch: 11, Train: 66.45%, Valid: 66.15%, Test: 62.91%
Run: 04, Epoch: 12, Train: 66.74%, Valid: 63.57%, Test: 60.39%
Run: 04, Epoch: 13, Train: 66.88%, Valid: 64.00%, Test: 61.56%
Run: 04, Epoch: 14, Train: 67.16%, Valid: 65.05%, Test: 61.79%
Run: 04, Epoch: 15, Train: 67.36%, Valid: 64.56%, Test: 61.42%
Run: 04, Epoch: 16, Train: 67.60%, Valid: 65.22%, Test: 62.45%
Run: 04, Epoch: 17, Train: 67.50%, Valid: 64.95%, Test: 61.71%
Run: 04, Epoch: 18, Train: 67.79%, Valid: 65.61%, Test: 62.89%
Run: 04, Epoch: 19, Train: 67.85%, Valid: 65.65%, Test: 62.80%
Run: 04, Epoch: 20, Train: 67.77%, Valid: 63.99%, Test: 61.66%
Run: 04, Epoch: 21, Train: 67.96%, Valid: 64.75%, Test: 61.58%
Run: 04, Epoch: 22, Train: 67.66%, Valid: 65.40%, Test: 61.99%
Run: 04, Epoch: 23, Train: 67.72%, Valid: 63.41%, Test: 60.54%
Run: 04, Epoch: 24, Train: 67.68%, Valid: 64.63%, Test: 61.50%
Run: 04, Epoch: 25, Train: 68.29%, Valid: 64.76%, Test: 62.32%
Run: 04, Epoch: 26, Train: 68.24%, Valid: 64.90%, Test: 62.21%
Run: 04, Epoch: 27, Train: 68.06%, Valid: 63.84%, Test: 61.17%
Run: 04, Epoch: 28, Train: 68.59%, Valid: 64.72%, Test: 62.16%
Run: 04, Epoch: 29, Train: 68.38%, Valid: 64.26%, Test: 61.02%
Run: 04, Epoch: 30, Train: 68.69%, Valid: 64.83%, Test: 61.65%
Run 04:
Highest Train: 68.69
Highest Valid: 66.15
  Final Train: 66.45
   Final Test: 62.91
Run: 05, Epoch: 01, Train: 62.77%, Valid: 61.35%, Test: 59.18%
Run: 05, Epoch: 02, Train: 62.57%, Valid: 58.04%, Test: 57.42%
Run: 05, Epoch: 03, Train: 64.18%, Valid: 63.56%, Test: 59.97%
Run: 05, Epoch: 04, Train: 64.51%, Valid: 61.49%, Test: 59.83%
Run: 05, Epoch: 05, Train: 64.97%, Valid: 60.93%, Test: 58.61%
Run: 05, Epoch: 06, Train: 65.26%, Valid: 61.61%, Test: 60.02%
Run: 05, Epoch: 07, Train: 66.28%, Valid: 63.76%, Test: 61.39%
Run: 05, Epoch: 08, Train: 66.05%, Valid: 63.72%, Test: 61.25%
Run: 05, Epoch: 09, Train: 66.52%, Valid: 64.25%, Test: 61.14%
Run: 05, Epoch: 10, Train: 66.72%, Valid: 64.32%, Test: 61.75%
Run: 05, Epoch: 11, Train: 66.86%, Valid: 63.50%, Test: 61.42%
Run: 05, Epoch: 12, Train: 67.12%, Valid: 64.85%, Test: 61.93%
Run: 05, Epoch: 13, Train: 66.81%, Valid: 63.84%, Test: 61.79%
Run: 05, Epoch: 14, Train: 67.26%, Valid: 64.55%, Test: 61.52%
Run: 05, Epoch: 15, Train: 67.30%, Valid: 64.32%, Test: 61.92%
Run: 05, Epoch: 16, Train: 67.36%, Valid: 65.36%, Test: 62.16%
Run: 05, Epoch: 17, Train: 67.64%, Valid: 64.67%, Test: 62.10%
Run: 05, Epoch: 18, Train: 68.12%, Valid: 65.07%, Test: 62.51%
Run: 05, Epoch: 19, Train: 67.79%, Valid: 65.01%, Test: 62.43%
Run: 05, Epoch: 20, Train: 67.15%, Valid: 62.39%, Test: 60.57%
Run: 05, Epoch: 21, Train: 67.76%, Valid: 63.72%, Test: 61.25%
Run: 05, Epoch: 22, Train: 67.97%, Valid: 66.21%, Test: 62.72%
Run: 05, Epoch: 23, Train: 68.38%, Valid: 65.18%, Test: 61.94%
Run: 05, Epoch: 24, Train: 67.89%, Valid: 65.86%, Test: 61.87%
Run: 05, Epoch: 25, Train: 68.31%, Valid: 65.14%, Test: 61.97%
Run: 05, Epoch: 26, Train: 68.02%, Valid: 64.97%, Test: 62.28%
Run: 05, Epoch: 27, Train: 68.25%, Valid: 65.01%, Test: 61.72%
Run: 05, Epoch: 28, Train: 68.10%, Valid: 65.67%, Test: 62.04%
Run: 05, Epoch: 29, Train: 68.08%, Valid: 64.18%, Test: 61.39%
Run: 05, Epoch: 30, Train: 68.52%, Valid: 64.14%, Test: 61.52%
Run 05:
Highest Train: 68.52
Highest Valid: 66.21
  Final Train: 67.97
   Final Test: 62.72
Run: 06, Epoch: 01, Train: 61.61%, Valid: 58.52%, Test: 56.10%
Run: 06, Epoch: 02, Train: 63.44%, Valid: 62.04%, Test: 58.92%
Run: 06, Epoch: 03, Train: 64.00%, Valid: 63.37%, Test: 60.22%
Run: 06, Epoch: 04, Train: 64.61%, Valid: 63.84%, Test: 60.92%
Run: 06, Epoch: 05, Train: 65.60%, Valid: 64.24%, Test: 61.39%
Run: 06, Epoch: 06, Train: 65.92%, Valid: 63.55%, Test: 61.12%
Run: 06, Epoch: 07, Train: 65.97%, Valid: 63.28%, Test: 60.91%
Run: 06, Epoch: 08, Train: 66.08%, Valid: 62.16%, Test: 60.84%
Run: 06, Epoch: 09, Train: 66.81%, Valid: 64.66%, Test: 61.47%
Run: 06, Epoch: 10, Train: 65.61%, Valid: 60.94%, Test: 59.58%
Run: 06, Epoch: 11, Train: 66.42%, Valid: 64.28%, Test: 60.70%
Run: 06, Epoch: 12, Train: 66.92%, Valid: 65.01%, Test: 61.91%
Run: 06, Epoch: 13, Train: 67.23%, Valid: 64.02%, Test: 61.31%
Run: 06, Epoch: 14, Train: 67.40%, Valid: 64.23%, Test: 61.48%
Run: 06, Epoch: 15, Train: 67.66%, Valid: 65.23%, Test: 62.47%
Run: 06, Epoch: 16, Train: 67.46%, Valid: 64.15%, Test: 62.05%
Run: 06, Epoch: 17, Train: 67.41%, Valid: 63.99%, Test: 61.63%
Run: 06, Epoch: 18, Train: 67.82%, Valid: 65.24%, Test: 62.30%
Run: 06, Epoch: 19, Train: 68.03%, Valid: 64.71%, Test: 62.09%
Run: 06, Epoch: 20, Train: 68.09%, Valid: 64.72%, Test: 61.93%
Run: 06, Epoch: 21, Train: 68.00%, Valid: 65.21%, Test: 62.34%
Run: 06, Epoch: 22, Train: 67.52%, Valid: 62.98%, Test: 60.75%
Run: 06, Epoch: 23, Train: 67.42%, Valid: 62.24%, Test: 60.29%
Run: 06, Epoch: 24, Train: 67.79%, Valid: 64.46%, Test: 61.53%
Run: 06, Epoch: 25, Train: 67.85%, Valid: 65.62%, Test: 62.31%
Run: 06, Epoch: 26, Train: 68.62%, Valid: 65.64%, Test: 62.93%
Run: 06, Epoch: 27, Train: 68.17%, Valid: 65.04%, Test: 62.04%
Run: 06, Epoch: 28, Train: 68.37%, Valid: 64.00%, Test: 61.40%
Run: 06, Epoch: 29, Train: 68.54%, Valid: 64.63%, Test: 61.22%
Run: 06, Epoch: 30, Train: 68.23%, Valid: 65.67%, Test: 62.63%
Run 06:
Highest Train: 68.62
Highest Valid: 65.67
  Final Train: 68.23
   Final Test: 62.63
Run: 07, Epoch: 01, Train: 61.26%, Valid: 57.04%, Test: 56.03%
Run: 07, Epoch: 02, Train: 63.91%, Valid: 62.64%, Test: 59.77%
Run: 07, Epoch: 03, Train: 64.49%, Valid: 62.62%, Test: 59.73%
Run: 07, Epoch: 04, Train: 64.98%, Valid: 62.35%, Test: 59.91%
Run: 07, Epoch: 05, Train: 65.47%, Valid: 63.59%, Test: 61.21%
Run: 07, Epoch: 06, Train: 64.14%, Valid: 64.64%, Test: 61.39%
Run: 07, Epoch: 07, Train: 65.96%, Valid: 65.00%, Test: 61.43%
Run: 07, Epoch: 08, Train: 66.20%, Valid: 64.74%, Test: 61.30%
Run: 07, Epoch: 09, Train: 65.81%, Valid: 62.34%, Test: 60.54%
Run: 07, Epoch: 10, Train: 66.82%, Valid: 65.51%, Test: 62.17%
Run: 07, Epoch: 11, Train: 66.51%, Valid: 62.97%, Test: 60.62%
Run: 07, Epoch: 12, Train: 66.91%, Valid: 64.15%, Test: 61.59%
Run: 07, Epoch: 13, Train: 67.14%, Valid: 65.03%, Test: 61.53%
Run: 07, Epoch: 14, Train: 67.39%, Valid: 65.30%, Test: 62.63%
Run: 07, Epoch: 15, Train: 67.15%, Valid: 64.12%, Test: 61.64%
Run: 07, Epoch: 16, Train: 66.65%, Valid: 66.33%, Test: 62.54%
Run: 07, Epoch: 17, Train: 67.49%, Valid: 65.98%, Test: 62.80%
Run: 07, Epoch: 18, Train: 67.60%, Valid: 64.93%, Test: 62.07%
Run: 07, Epoch: 19, Train: 67.90%, Valid: 64.68%, Test: 61.07%
Run: 07, Epoch: 20, Train: 66.57%, Valid: 65.80%, Test: 61.97%
Run: 07, Epoch: 21, Train: 67.23%, Valid: 65.86%, Test: 62.14%
Run: 07, Epoch: 22, Train: 67.70%, Valid: 65.77%, Test: 62.59%
Run: 07, Epoch: 23, Train: 67.79%, Valid: 63.38%, Test: 61.47%
Run: 07, Epoch: 24, Train: 68.30%, Valid: 64.67%, Test: 61.65%
Run: 07, Epoch: 25, Train: 68.07%, Valid: 63.54%, Test: 61.40%
Run: 07, Epoch: 26, Train: 68.30%, Valid: 65.45%, Test: 62.57%
Run: 07, Epoch: 27, Train: 68.26%, Valid: 65.56%, Test: 62.57%
Run: 07, Epoch: 28, Train: 68.67%, Valid: 65.33%, Test: 62.07%
Run: 07, Epoch: 29, Train: 68.03%, Valid: 64.13%, Test: 61.37%
Run: 07, Epoch: 30, Train: 68.53%, Valid: 64.59%, Test: 61.82%
Run 07:
Highest Train: 68.67
Highest Valid: 66.33
  Final Train: 66.65
   Final Test: 62.54
Run: 08, Epoch: 01, Train: 62.86%, Valid: 61.07%, Test: 58.88%
Run: 08, Epoch: 02, Train: 64.42%, Valid: 62.33%, Test: 59.86%
Run: 08, Epoch: 03, Train: 64.91%, Valid: 63.35%, Test: 60.16%
Run: 08, Epoch: 04, Train: 65.34%, Valid: 63.42%, Test: 61.38%
Run: 08, Epoch: 05, Train: 65.82%, Valid: 63.42%, Test: 60.78%
Run: 08, Epoch: 06, Train: 65.66%, Valid: 63.30%, Test: 60.98%
Run: 08, Epoch: 07, Train: 65.87%, Valid: 63.10%, Test: 60.79%
Run: 08, Epoch: 08, Train: 66.59%, Valid: 64.47%, Test: 61.59%
Run: 08, Epoch: 09, Train: 66.61%, Valid: 63.91%, Test: 61.10%
Run: 08, Epoch: 10, Train: 66.85%, Valid: 65.32%, Test: 62.44%
Run: 08, Epoch: 11, Train: 66.26%, Valid: 64.56%, Test: 61.16%
Run: 08, Epoch: 12, Train: 66.86%, Valid: 63.57%, Test: 60.42%
Run: 08, Epoch: 13, Train: 67.42%, Valid: 64.75%, Test: 62.03%
Run: 08, Epoch: 14, Train: 67.35%, Valid: 64.88%, Test: 61.84%
Run: 08, Epoch: 15, Train: 66.80%, Valid: 65.58%, Test: 62.63%
Run: 08, Epoch: 16, Train: 67.77%, Valid: 64.74%, Test: 62.13%
Run: 08, Epoch: 17, Train: 67.93%, Valid: 65.19%, Test: 62.43%
Run: 08, Epoch: 18, Train: 67.34%, Valid: 63.50%, Test: 61.56%
Run: 08, Epoch: 19, Train: 67.65%, Valid: 63.62%, Test: 61.27%
Run: 08, Epoch: 20, Train: 67.74%, Valid: 64.03%, Test: 61.77%
Run: 08, Epoch: 21, Train: 67.81%, Valid: 65.33%, Test: 62.47%
Run: 08, Epoch: 22, Train: 67.99%, Valid: 64.11%, Test: 61.68%
Run: 08, Epoch: 23, Train: 68.36%, Valid: 65.21%, Test: 61.93%
Run: 08, Epoch: 24, Train: 68.36%, Valid: 65.10%, Test: 62.25%
Run: 08, Epoch: 25, Train: 67.97%, Valid: 65.41%, Test: 62.17%
Run: 08, Epoch: 26, Train: 68.37%, Valid: 65.34%, Test: 62.76%
Run: 08, Epoch: 27, Train: 68.43%, Valid: 65.74%, Test: 62.70%
Run: 08, Epoch: 28, Train: 68.54%, Valid: 65.57%, Test: 62.53%
Run: 08, Epoch: 29, Train: 68.62%, Valid: 65.33%, Test: 61.95%
Run: 08, Epoch: 30, Train: 68.37%, Valid: 65.43%, Test: 62.56%
Run 08:
Highest Train: 68.62
Highest Valid: 65.74
  Final Train: 68.43
   Final Test: 62.70
Run: 09, Epoch: 01, Train: 61.73%, Valid: 59.12%, Test: 56.61%
Run: 09, Epoch: 02, Train: 63.26%, Valid: 63.03%, Test: 59.81%
Run: 09, Epoch: 03, Train: 64.78%, Valid: 62.26%, Test: 60.59%
Run: 09, Epoch: 04, Train: 65.19%, Valid: 63.43%, Test: 60.34%
Run: 09, Epoch: 05, Train: 65.50%, Valid: 63.86%, Test: 61.56%
Run: 09, Epoch: 06, Train: 65.77%, Valid: 64.25%, Test: 61.52%
Run: 09, Epoch: 07, Train: 66.59%, Valid: 64.51%, Test: 61.90%
Run: 09, Epoch: 08, Train: 66.43%, Valid: 63.93%, Test: 61.45%
Run: 09, Epoch: 09, Train: 66.01%, Valid: 62.52%, Test: 60.67%
Run: 09, Epoch: 10, Train: 66.48%, Valid: 65.68%, Test: 62.45%
Run: 09, Epoch: 11, Train: 66.73%, Valid: 63.34%, Test: 60.63%
Run: 09, Epoch: 12, Train: 67.23%, Valid: 63.29%, Test: 60.69%
Run: 09, Epoch: 13, Train: 66.23%, Valid: 62.15%, Test: 60.51%
Run: 09, Epoch: 14, Train: 67.52%, Valid: 63.98%, Test: 61.74%
Run: 09, Epoch: 15, Train: 67.66%, Valid: 65.14%, Test: 62.48%
Run: 09, Epoch: 16, Train: 67.58%, Valid: 64.30%, Test: 61.75%
Run: 09, Epoch: 17, Train: 67.51%, Valid: 64.22%, Test: 61.98%
Run: 09, Epoch: 18, Train: 67.54%, Valid: 65.19%, Test: 62.34%
Run: 09, Epoch: 19, Train: 67.96%, Valid: 65.38%, Test: 62.55%
Run: 09, Epoch: 20, Train: 67.65%, Valid: 65.89%, Test: 62.73%
Run: 09, Epoch: 21, Train: 67.70%, Valid: 65.42%, Test: 61.92%
Run: 09, Epoch: 22, Train: 68.07%, Valid: 65.31%, Test: 62.35%
Run: 09, Epoch: 23, Train: 68.16%, Valid: 65.30%, Test: 62.32%
Run: 09, Epoch: 24, Train: 67.44%, Valid: 66.50%, Test: 63.05%
Run: 09, Epoch: 25, Train: 68.06%, Valid: 63.54%, Test: 60.82%
Run: 09, Epoch: 26, Train: 68.53%, Valid: 65.15%, Test: 62.21%
Run: 09, Epoch: 27, Train: 68.41%, Valid: 64.56%, Test: 61.80%
Run: 09, Epoch: 28, Train: 68.43%, Valid: 64.23%, Test: 61.68%
Run: 09, Epoch: 29, Train: 68.40%, Valid: 64.76%, Test: 62.21%
Run: 09, Epoch: 30, Train: 67.99%, Valid: 66.47%, Test: 63.08%
Run 09:
Highest Train: 68.53
Highest Valid: 66.50
  Final Train: 67.44
   Final Test: 63.05
Run: 10, Epoch: 01, Train: 62.58%, Valid: 59.99%, Test: 58.16%
Run: 10, Epoch: 02, Train: 63.74%, Valid: 61.07%, Test: 59.45%
Run: 10, Epoch: 03, Train: 64.63%, Valid: 63.81%, Test: 61.43%
Run: 10, Epoch: 04, Train: 65.01%, Valid: 62.88%, Test: 59.93%
Run: 10, Epoch: 05, Train: 64.79%, Valid: 64.46%, Test: 61.36%
Run: 10, Epoch: 06, Train: 63.74%, Valid: 65.45%, Test: 62.30%
Run: 10, Epoch: 07, Train: 66.10%, Valid: 64.71%, Test: 61.65%
Run: 10, Epoch: 08, Train: 66.51%, Valid: 64.79%, Test: 61.67%
Run: 10, Epoch: 09, Train: 66.70%, Valid: 65.23%, Test: 62.36%
Run: 10, Epoch: 10, Train: 65.83%, Valid: 61.88%, Test: 60.37%
Run: 10, Epoch: 11, Train: 66.58%, Valid: 64.33%, Test: 61.33%
Run: 10, Epoch: 12, Train: 66.70%, Valid: 62.99%, Test: 60.75%
Run: 10, Epoch: 13, Train: 66.96%, Valid: 65.23%, Test: 62.61%
Run: 10, Epoch: 14, Train: 67.19%, Valid: 64.01%, Test: 61.35%
Run: 10, Epoch: 15, Train: 67.18%, Valid: 64.87%, Test: 61.30%
Run: 10, Epoch: 16, Train: 66.88%, Valid: 62.39%, Test: 60.34%
Run: 10, Epoch: 17, Train: 67.75%, Valid: 64.88%, Test: 62.08%
Run: 10, Epoch: 18, Train: 67.33%, Valid: 64.27%, Test: 62.09%
Run: 10, Epoch: 19, Train: 67.86%, Valid: 65.27%, Test: 62.29%
Run: 10, Epoch: 20, Train: 67.23%, Valid: 63.02%, Test: 61.23%
Run: 10, Epoch: 21, Train: 67.93%, Valid: 64.99%, Test: 62.51%
Run: 10, Epoch: 22, Train: 68.04%, Valid: 64.44%, Test: 61.25%
Run: 10, Epoch: 23, Train: 67.81%, Valid: 65.54%, Test: 61.76%
Run: 10, Epoch: 24, Train: 67.44%, Valid: 64.88%, Test: 61.90%
Run: 10, Epoch: 25, Train: 68.36%, Valid: 64.21%, Test: 61.26%
Run: 10, Epoch: 26, Train: 67.82%, Valid: 65.63%, Test: 62.58%
Run: 10, Epoch: 27, Train: 67.67%, Valid: 66.23%, Test: 62.51%
Run: 10, Epoch: 28, Train: 68.42%, Valid: 65.20%, Test: 62.22%
Run: 10, Epoch: 29, Train: 68.46%, Valid: 64.56%, Test: 61.91%
Run: 10, Epoch: 30, Train: 68.49%, Valid: 65.14%, Test: 61.99%
Run 10:
Highest Train: 68.49
Highest Valid: 66.23
  Final Train: 67.67
   Final Test: 62.51
All runs:
Highest Train: 68.58 ± 0.11
Highest Valid: 66.09 ± 0.27
  Final Train: 67.54 ± 0.62
   Final Test: 62.71 ± 0.33
