Namespace(device=0, log_steps=1, use_node_embedding=False, use_sgc_embedding=True, num_sgc_iterations=3, num_layers=3, hidden_channels=256, dropout=0, lr=0.01, batch_size=256, epochs=30, runs=10, rsv=0.65)
Run: 01, Epoch: 01, Train: 61.70%, Valid: 62.11%, Test: 59.24%
Run: 01, Epoch: 02, Train: 63.96%, Valid: 60.18%, Test: 58.14%
Run: 01, Epoch: 03, Train: 63.70%, Valid: 60.42%, Test: 58.40%
Run: 01, Epoch: 04, Train: 65.11%, Valid: 62.56%, Test: 59.93%
Run: 01, Epoch: 05, Train: 66.11%, Valid: 64.52%, Test: 61.30%
Run: 01, Epoch: 06, Train: 65.90%, Valid: 64.51%, Test: 62.01%
Run: 01, Epoch: 07, Train: 65.61%, Valid: 63.73%, Test: 61.26%
Run: 01, Epoch: 08, Train: 63.47%, Valid: 63.59%, Test: 60.44%
Run: 01, Epoch: 09, Train: 66.33%, Valid: 63.43%, Test: 60.69%
Run: 01, Epoch: 10, Train: 65.97%, Valid: 63.18%, Test: 61.02%
Run: 01, Epoch: 11, Train: 66.08%, Valid: 65.68%, Test: 62.52%
Run: 01, Epoch: 12, Train: 67.07%, Valid: 65.11%, Test: 61.86%
Run: 01, Epoch: 13, Train: 66.55%, Valid: 62.90%, Test: 61.07%
Run: 01, Epoch: 14, Train: 66.39%, Valid: 66.28%, Test: 62.88%
Run: 01, Epoch: 15, Train: 67.12%, Valid: 65.13%, Test: 61.91%
Run: 01, Epoch: 16, Train: 67.30%, Valid: 65.94%, Test: 62.43%
Run: 01, Epoch: 17, Train: 67.68%, Valid: 64.75%, Test: 62.11%
Run: 01, Epoch: 18, Train: 67.31%, Valid: 65.87%, Test: 62.61%
Run: 01, Epoch: 19, Train: 67.94%, Valid: 64.61%, Test: 61.20%
Run: 01, Epoch: 20, Train: 67.62%, Valid: 64.88%, Test: 61.35%
Run: 01, Epoch: 21, Train: 68.13%, Valid: 65.47%, Test: 62.23%
Run: 01, Epoch: 22, Train: 67.73%, Valid: 64.90%, Test: 62.26%
Run: 01, Epoch: 23, Train: 67.43%, Valid: 63.30%, Test: 61.33%
Run: 01, Epoch: 24, Train: 68.31%, Valid: 65.31%, Test: 62.27%
Run: 01, Epoch: 25, Train: 68.17%, Valid: 64.96%, Test: 62.24%
Run: 01, Epoch: 26, Train: 68.09%, Valid: 64.88%, Test: 62.05%
Run: 01, Epoch: 27, Train: 68.61%, Valid: 65.43%, Test: 62.94%
Run: 01, Epoch: 28, Train: 68.55%, Valid: 65.74%, Test: 62.57%
Run: 01, Epoch: 29, Train: 68.38%, Valid: 65.16%, Test: 62.32%
Run: 01, Epoch: 30, Train: 68.03%, Valid: 63.66%, Test: 60.73%
Run 01:
Highest Train: 68.61
Highest Valid: 66.28
  Final Train: 66.39
   Final Test: 62.88
Run: 02, Epoch: 01, Train: 62.35%, Valid: 61.22%, Test: 59.36%
Run: 02, Epoch: 02, Train: 62.88%, Valid: 62.93%, Test: 60.25%
Run: 02, Epoch: 03, Train: 63.93%, Valid: 60.42%, Test: 58.60%
Run: 02, Epoch: 04, Train: 65.13%, Valid: 63.30%, Test: 61.08%
Run: 02, Epoch: 05, Train: 65.21%, Valid: 64.56%, Test: 61.57%
Run: 02, Epoch: 06, Train: 65.60%, Valid: 64.50%, Test: 61.29%
Run: 02, Epoch: 07, Train: 66.17%, Valid: 65.34%, Test: 62.38%
Run: 02, Epoch: 08, Train: 66.36%, Valid: 64.78%, Test: 62.09%
Run: 02, Epoch: 09, Train: 65.14%, Valid: 60.73%, Test: 59.17%
Run: 02, Epoch: 10, Train: 65.66%, Valid: 61.88%, Test: 60.43%
Run: 02, Epoch: 11, Train: 66.60%, Valid: 63.02%, Test: 61.13%
Run: 02, Epoch: 12, Train: 65.90%, Valid: 65.03%, Test: 60.89%
Run: 02, Epoch: 13, Train: 65.45%, Valid: 61.13%, Test: 59.69%
Run: 02, Epoch: 14, Train: 67.34%, Valid: 64.02%, Test: 61.33%
Run: 02, Epoch: 15, Train: 67.22%, Valid: 65.55%, Test: 62.54%
Run: 02, Epoch: 16, Train: 67.17%, Valid: 66.21%, Test: 62.95%
Run: 02, Epoch: 17, Train: 66.97%, Valid: 63.13%, Test: 60.70%
Run: 02, Epoch: 18, Train: 67.80%, Valid: 65.26%, Test: 61.95%
Run: 02, Epoch: 19, Train: 67.37%, Valid: 64.51%, Test: 61.14%
Run: 02, Epoch: 20, Train: 68.09%, Valid: 65.02%, Test: 62.08%
Run: 02, Epoch: 21, Train: 67.58%, Valid: 63.55%, Test: 61.58%
Run: 02, Epoch: 22, Train: 67.08%, Valid: 62.85%, Test: 61.05%
Run: 02, Epoch: 23, Train: 68.12%, Valid: 64.62%, Test: 62.02%
Run: 02, Epoch: 24, Train: 67.38%, Valid: 63.11%, Test: 60.68%
Run: 02, Epoch: 25, Train: 67.94%, Valid: 64.50%, Test: 61.35%
Run: 02, Epoch: 26, Train: 67.93%, Valid: 63.88%, Test: 61.56%
Run: 02, Epoch: 27, Train: 68.36%, Valid: 65.09%, Test: 62.33%
Run: 02, Epoch: 28, Train: 68.36%, Valid: 64.88%, Test: 62.45%
Run: 02, Epoch: 29, Train: 68.54%, Valid: 65.28%, Test: 62.20%
Run: 02, Epoch: 30, Train: 68.12%, Valid: 66.10%, Test: 63.07%
Run 02:
Highest Train: 68.54
Highest Valid: 66.21
  Final Train: 67.17
   Final Test: 62.95
Run: 03, Epoch: 01, Train: 61.91%, Valid: 59.24%, Test: 56.89%
Run: 03, Epoch: 02, Train: 63.02%, Valid: 63.32%, Test: 60.49%
Run: 03, Epoch: 03, Train: 64.26%, Valid: 61.92%, Test: 59.95%
Run: 03, Epoch: 04, Train: 65.09%, Valid: 64.62%, Test: 61.81%
Run: 03, Epoch: 05, Train: 65.37%, Valid: 64.46%, Test: 61.27%
Run: 03, Epoch: 06, Train: 66.16%, Valid: 64.78%, Test: 62.24%
Run: 03, Epoch: 07, Train: 66.09%, Valid: 63.77%, Test: 61.61%
Run: 03, Epoch: 08, Train: 66.15%, Valid: 64.99%, Test: 61.67%
Run: 03, Epoch: 09, Train: 65.98%, Valid: 62.55%, Test: 60.29%
Run: 03, Epoch: 10, Train: 66.78%, Valid: 65.66%, Test: 62.84%
Run: 03, Epoch: 11, Train: 66.87%, Valid: 64.84%, Test: 61.28%
Run: 03, Epoch: 12, Train: 66.91%, Valid: 63.20%, Test: 60.95%
Run: 03, Epoch: 13, Train: 67.41%, Valid: 64.72%, Test: 62.27%
Run: 03, Epoch: 14, Train: 67.19%, Valid: 64.72%, Test: 61.98%
Run: 03, Epoch: 15, Train: 66.44%, Valid: 64.22%, Test: 61.30%
Run: 03, Epoch: 16, Train: 67.10%, Valid: 65.63%, Test: 62.71%
Run: 03, Epoch: 17, Train: 67.52%, Valid: 66.06%, Test: 62.46%
Run: 03, Epoch: 18, Train: 67.53%, Valid: 65.55%, Test: 62.42%
Run: 03, Epoch: 19, Train: 67.30%, Valid: 63.80%, Test: 60.99%
Run: 03, Epoch: 20, Train: 67.48%, Valid: 63.58%, Test: 61.51%
Run: 03, Epoch: 21, Train: 67.88%, Valid: 64.88%, Test: 62.14%
Run: 03, Epoch: 22, Train: 67.82%, Valid: 65.53%, Test: 62.40%
Run: 03, Epoch: 23, Train: 68.02%, Valid: 66.03%, Test: 62.61%
Run: 03, Epoch: 24, Train: 66.68%, Valid: 61.39%, Test: 60.18%
Run: 03, Epoch: 25, Train: 66.70%, Valid: 66.32%, Test: 62.81%
Run: 03, Epoch: 26, Train: 68.11%, Valid: 64.07%, Test: 61.40%
Run: 03, Epoch: 27, Train: 67.78%, Valid: 65.63%, Test: 62.36%
Run: 03, Epoch: 28, Train: 68.16%, Valid: 65.59%, Test: 62.57%
Run: 03, Epoch: 29, Train: 68.52%, Valid: 65.36%, Test: 62.55%
Run: 03, Epoch: 30, Train: 68.58%, Valid: 65.30%, Test: 62.49%
Run 03:
Highest Train: 68.58
Highest Valid: 66.32
  Final Train: 66.70
   Final Test: 62.81
Run: 04, Epoch: 01, Train: 62.55%, Valid: 60.95%, Test: 58.91%
Run: 04, Epoch: 02, Train: 63.38%, Valid: 60.60%, Test: 58.49%
Run: 04, Epoch: 03, Train: 64.21%, Valid: 60.87%, Test: 59.30%
Run: 04, Epoch: 04, Train: 64.87%, Valid: 63.47%, Test: 61.08%
Run: 04, Epoch: 05, Train: 65.62%, Valid: 62.72%, Test: 60.90%
Run: 04, Epoch: 06, Train: 65.97%, Valid: 65.41%, Test: 61.93%
Run: 04, Epoch: 07, Train: 65.82%, Valid: 63.44%, Test: 60.89%
Run: 04, Epoch: 08, Train: 66.02%, Valid: 64.31%, Test: 61.40%
Run: 04, Epoch: 09, Train: 66.27%, Valid: 64.48%, Test: 62.01%
Run: 04, Epoch: 10, Train: 65.73%, Valid: 66.18%, Test: 62.80%
Run: 04, Epoch: 11, Train: 67.10%, Valid: 64.35%, Test: 61.95%
Run: 04, Epoch: 12, Train: 66.43%, Valid: 64.96%, Test: 62.12%
Run: 04, Epoch: 13, Train: 66.93%, Valid: 65.30%, Test: 62.61%
Run: 04, Epoch: 14, Train: 67.32%, Valid: 65.01%, Test: 61.97%
Run: 04, Epoch: 15, Train: 67.26%, Valid: 65.63%, Test: 62.31%
Run: 04, Epoch: 16, Train: 67.77%, Valid: 64.86%, Test: 62.12%
Run: 04, Epoch: 17, Train: 67.81%, Valid: 65.23%, Test: 62.33%
Run: 04, Epoch: 18, Train: 67.15%, Valid: 66.56%, Test: 63.17%
Run: 04, Epoch: 19, Train: 66.88%, Valid: 63.44%, Test: 61.01%
Run: 04, Epoch: 20, Train: 67.33%, Valid: 63.52%, Test: 61.58%
Run: 04, Epoch: 21, Train: 67.75%, Valid: 65.60%, Test: 62.11%
Run: 04, Epoch: 22, Train: 67.63%, Valid: 65.24%, Test: 61.81%
Run: 04, Epoch: 23, Train: 67.99%, Valid: 65.35%, Test: 61.81%
Run: 04, Epoch: 24, Train: 67.94%, Valid: 64.25%, Test: 61.03%
Run: 04, Epoch: 25, Train: 68.00%, Valid: 64.12%, Test: 61.47%
Run: 04, Epoch: 26, Train: 68.14%, Valid: 64.33%, Test: 61.88%
Run: 04, Epoch: 27, Train: 68.18%, Valid: 64.97%, Test: 62.51%
Run: 04, Epoch: 28, Train: 68.05%, Valid: 64.83%, Test: 61.47%
Run: 04, Epoch: 29, Train: 68.47%, Valid: 65.94%, Test: 62.28%
Run: 04, Epoch: 30, Train: 68.23%, Valid: 64.01%, Test: 61.51%
Run 04:
Highest Train: 68.47
Highest Valid: 66.56
  Final Train: 67.15
   Final Test: 63.17
Run: 05, Epoch: 01, Train: 61.45%, Valid: 59.45%, Test: 57.43%
Run: 05, Epoch: 02, Train: 64.02%, Valid: 62.19%, Test: 59.50%
Run: 05, Epoch: 03, Train: 63.70%, Valid: 60.09%, Test: 58.81%
Run: 05, Epoch: 04, Train: 64.89%, Valid: 62.57%, Test: 59.92%
Run: 05, Epoch: 05, Train: 65.44%, Valid: 64.28%, Test: 60.80%
Run: 05, Epoch: 06, Train: 65.90%, Valid: 64.71%, Test: 61.58%
Run: 05, Epoch: 07, Train: 65.10%, Valid: 65.72%, Test: 62.13%
Run: 05, Epoch: 08, Train: 66.45%, Valid: 63.43%, Test: 60.53%
Run: 05, Epoch: 09, Train: 65.66%, Valid: 65.68%, Test: 62.36%
Run: 05, Epoch: 10, Train: 66.05%, Valid: 65.28%, Test: 62.58%
Run: 05, Epoch: 11, Train: 66.54%, Valid: 63.78%, Test: 61.22%
Run: 05, Epoch: 12, Train: 67.56%, Valid: 65.36%, Test: 62.46%
Run: 05, Epoch: 13, Train: 66.67%, Valid: 62.82%, Test: 60.55%
Run: 05, Epoch: 14, Train: 67.33%, Valid: 64.14%, Test: 61.75%
Run: 05, Epoch: 15, Train: 67.33%, Valid: 65.84%, Test: 62.61%
Run: 05, Epoch: 16, Train: 67.61%, Valid: 65.07%, Test: 62.38%
Run: 05, Epoch: 17, Train: 66.92%, Valid: 66.12%, Test: 62.62%
Run: 05, Epoch: 18, Train: 67.89%, Valid: 64.92%, Test: 62.15%
Run: 05, Epoch: 19, Train: 67.88%, Valid: 65.28%, Test: 62.11%
Run: 05, Epoch: 20, Train: 67.97%, Valid: 65.14%, Test: 61.93%
Run: 05, Epoch: 21, Train: 67.86%, Valid: 64.91%, Test: 62.28%
Run: 05, Epoch: 22, Train: 67.68%, Valid: 63.78%, Test: 61.41%
Run: 05, Epoch: 23, Train: 67.28%, Valid: 65.97%, Test: 62.72%
Run: 05, Epoch: 24, Train: 67.89%, Valid: 63.41%, Test: 61.29%
Run: 05, Epoch: 25, Train: 68.30%, Valid: 64.85%, Test: 61.71%
Run: 05, Epoch: 26, Train: 67.87%, Valid: 64.66%, Test: 61.71%
Run: 05, Epoch: 27, Train: 67.95%, Valid: 63.74%, Test: 61.26%
Run: 05, Epoch: 28, Train: 67.88%, Valid: 65.85%, Test: 62.01%
Run: 05, Epoch: 29, Train: 68.52%, Valid: 65.50%, Test: 62.80%
Run: 05, Epoch: 30, Train: 68.15%, Valid: 65.98%, Test: 62.67%
Run 05:
Highest Train: 68.52
Highest Valid: 66.12
  Final Train: 66.92
   Final Test: 62.62
Run: 06, Epoch: 01, Train: 62.01%, Valid: 63.10%, Test: 59.93%
Run: 06, Epoch: 02, Train: 63.77%, Valid: 61.78%, Test: 59.73%
Run: 06, Epoch: 03, Train: 64.35%, Valid: 63.65%, Test: 60.81%
Run: 06, Epoch: 04, Train: 65.16%, Valid: 62.86%, Test: 60.83%
Run: 06, Epoch: 05, Train: 65.58%, Valid: 63.68%, Test: 61.21%
Run: 06, Epoch: 06, Train: 65.68%, Valid: 62.26%, Test: 60.41%
Run: 06, Epoch: 07, Train: 66.21%, Valid: 63.95%, Test: 61.78%
Run: 06, Epoch: 08, Train: 65.71%, Valid: 61.62%, Test: 59.73%
Run: 06, Epoch: 09, Train: 65.81%, Valid: 61.55%, Test: 59.78%
Run: 06, Epoch: 10, Train: 66.76%, Valid: 63.62%, Test: 60.74%
Run: 06, Epoch: 11, Train: 66.50%, Valid: 65.54%, Test: 62.76%
Run: 06, Epoch: 12, Train: 66.50%, Valid: 62.88%, Test: 60.55%
Run: 06, Epoch: 13, Train: 67.10%, Valid: 63.93%, Test: 61.53%
Run: 06, Epoch: 14, Train: 67.28%, Valid: 63.80%, Test: 61.57%
Run: 06, Epoch: 15, Train: 67.04%, Valid: 63.04%, Test: 60.96%
Run: 06, Epoch: 16, Train: 67.14%, Valid: 63.75%, Test: 61.58%
Run: 06, Epoch: 17, Train: 67.37%, Valid: 63.92%, Test: 61.39%
Run: 06, Epoch: 18, Train: 67.54%, Valid: 64.60%, Test: 61.55%
Run: 06, Epoch: 19, Train: 67.69%, Valid: 64.56%, Test: 62.27%
Run: 06, Epoch: 20, Train: 67.75%, Valid: 66.13%, Test: 62.83%
Run: 06, Epoch: 21, Train: 67.92%, Valid: 65.05%, Test: 62.36%
Run: 06, Epoch: 22, Train: 68.11%, Valid: 65.72%, Test: 62.42%
Run: 06, Epoch: 23, Train: 68.08%, Valid: 64.87%, Test: 61.43%
Run: 06, Epoch: 24, Train: 68.25%, Valid: 65.38%, Test: 62.38%
Run: 06, Epoch: 25, Train: 68.11%, Valid: 65.58%, Test: 62.14%
Run: 06, Epoch: 26, Train: 67.94%, Valid: 65.89%, Test: 62.75%
Run: 06, Epoch: 27, Train: 68.23%, Valid: 64.60%, Test: 62.12%
Run: 06, Epoch: 28, Train: 68.25%, Valid: 66.14%, Test: 62.74%
Run: 06, Epoch: 29, Train: 68.43%, Valid: 64.97%, Test: 62.39%
Run: 06, Epoch: 30, Train: 67.32%, Valid: 65.22%, Test: 62.22%
Run 06:
Highest Train: 68.43
Highest Valid: 66.14
  Final Train: 68.25
   Final Test: 62.74
Run: 07, Epoch: 01, Train: 61.52%, Valid: 62.13%, Test: 59.20%
Run: 07, Epoch: 02, Train: 63.45%, Valid: 61.22%, Test: 59.12%
Run: 07, Epoch: 03, Train: 64.27%, Valid: 62.09%, Test: 59.85%
Run: 07, Epoch: 04, Train: 64.81%, Valid: 64.98%, Test: 61.62%
Run: 07, Epoch: 05, Train: 64.96%, Valid: 61.44%, Test: 59.98%
Run: 07, Epoch: 06, Train: 64.52%, Valid: 59.70%, Test: 58.60%
Run: 07, Epoch: 07, Train: 65.67%, Valid: 65.34%, Test: 62.01%
Run: 07, Epoch: 08, Train: 66.28%, Valid: 62.95%, Test: 61.09%
Run: 07, Epoch: 09, Train: 66.31%, Valid: 63.60%, Test: 61.64%
Run: 07, Epoch: 10, Train: 66.35%, Valid: 64.88%, Test: 61.54%
Run: 07, Epoch: 11, Train: 66.42%, Valid: 62.81%, Test: 60.45%
Run: 07, Epoch: 12, Train: 66.91%, Valid: 63.53%, Test: 61.27%
Run: 07, Epoch: 13, Train: 66.14%, Valid: 61.52%, Test: 59.95%
Run: 07, Epoch: 14, Train: 66.88%, Valid: 65.74%, Test: 62.27%
Run: 07, Epoch: 15, Train: 66.61%, Valid: 62.68%, Test: 60.32%
Run: 07, Epoch: 16, Train: 67.45%, Valid: 64.87%, Test: 61.89%
Run: 07, Epoch: 17, Train: 67.72%, Valid: 65.01%, Test: 62.07%
Run: 07, Epoch: 18, Train: 67.46%, Valid: 65.92%, Test: 62.75%
Run: 07, Epoch: 19, Train: 67.56%, Valid: 64.20%, Test: 61.75%
Run: 07, Epoch: 20, Train: 67.57%, Valid: 64.76%, Test: 61.37%
Run: 07, Epoch: 21, Train: 67.85%, Valid: 65.24%, Test: 62.14%
Run: 07, Epoch: 22, Train: 68.05%, Valid: 65.97%, Test: 63.13%
Run: 07, Epoch: 23, Train: 66.99%, Valid: 66.25%, Test: 63.10%
Run: 07, Epoch: 24, Train: 67.35%, Valid: 63.08%, Test: 61.52%
Run: 07, Epoch: 25, Train: 68.00%, Valid: 65.98%, Test: 63.03%
Run: 07, Epoch: 26, Train: 67.62%, Valid: 65.51%, Test: 62.53%
Run: 07, Epoch: 27, Train: 68.30%, Valid: 65.11%, Test: 61.86%
Run: 07, Epoch: 28, Train: 68.18%, Valid: 65.20%, Test: 62.16%
Run: 07, Epoch: 29, Train: 68.41%, Valid: 64.53%, Test: 61.61%
Run: 07, Epoch: 30, Train: 68.59%, Valid: 65.43%, Test: 62.20%
Run 07:
Highest Train: 68.59
Highest Valid: 66.25
  Final Train: 66.99
   Final Test: 63.10
Run: 08, Epoch: 01, Train: 60.94%, Valid: 57.19%, Test: 55.63%
Run: 08, Epoch: 02, Train: 63.48%, Valid: 60.88%, Test: 59.16%
Run: 08, Epoch: 03, Train: 64.36%, Valid: 61.78%, Test: 59.05%
Run: 08, Epoch: 04, Train: 64.59%, Valid: 60.58%, Test: 59.00%
Run: 08, Epoch: 05, Train: 65.49%, Valid: 63.92%, Test: 61.51%
Run: 08, Epoch: 06, Train: 65.13%, Valid: 64.84%, Test: 61.81%
Run: 08, Epoch: 07, Train: 66.48%, Valid: 64.87%, Test: 62.16%
Run: 08, Epoch: 08, Train: 65.75%, Valid: 65.23%, Test: 62.02%
Run: 08, Epoch: 09, Train: 66.19%, Valid: 65.48%, Test: 62.38%
Run: 08, Epoch: 10, Train: 66.23%, Valid: 63.08%, Test: 61.11%
Run: 08, Epoch: 11, Train: 66.96%, Valid: 64.59%, Test: 62.02%
Run: 08, Epoch: 12, Train: 67.19%, Valid: 65.52%, Test: 61.82%
Run: 08, Epoch: 13, Train: 67.06%, Valid: 66.00%, Test: 62.68%
Run: 08, Epoch: 14, Train: 66.87%, Valid: 63.52%, Test: 61.32%
Run: 08, Epoch: 15, Train: 66.49%, Valid: 62.49%, Test: 60.68%
Run: 08, Epoch: 16, Train: 67.55%, Valid: 64.69%, Test: 61.84%
Run: 08, Epoch: 17, Train: 66.61%, Valid: 62.07%, Test: 60.42%
Run: 08, Epoch: 18, Train: 66.78%, Valid: 63.08%, Test: 60.91%
Run: 08, Epoch: 19, Train: 67.76%, Valid: 65.46%, Test: 61.61%
Run: 08, Epoch: 20, Train: 67.85%, Valid: 65.75%, Test: 62.48%
Run: 08, Epoch: 21, Train: 67.62%, Valid: 66.05%, Test: 62.97%
Run: 08, Epoch: 22, Train: 67.29%, Valid: 66.06%, Test: 62.56%
Run: 08, Epoch: 23, Train: 67.75%, Valid: 64.53%, Test: 61.67%
Run: 08, Epoch: 24, Train: 68.15%, Valid: 65.36%, Test: 62.13%
Run: 08, Epoch: 25, Train: 67.85%, Valid: 65.16%, Test: 62.43%
Run: 08, Epoch: 26, Train: 68.18%, Valid: 64.29%, Test: 60.83%
Run: 08, Epoch: 27, Train: 68.30%, Valid: 64.49%, Test: 61.72%
Run: 08, Epoch: 28, Train: 68.23%, Valid: 64.14%, Test: 61.83%
Run: 08, Epoch: 29, Train: 68.36%, Valid: 66.33%, Test: 63.03%
Run: 08, Epoch: 30, Train: 68.48%, Valid: 64.53%, Test: 61.45%
Run 08:
Highest Train: 68.48
Highest Valid: 66.33
  Final Train: 68.36
   Final Test: 63.03
Run: 09, Epoch: 01, Train: 61.47%, Valid: 60.07%, Test: 58.07%
Run: 09, Epoch: 02, Train: 62.58%, Valid: 63.22%, Test: 60.19%
Run: 09, Epoch: 03, Train: 64.33%, Valid: 61.24%, Test: 59.57%
Run: 09, Epoch: 04, Train: 64.57%, Valid: 64.00%, Test: 59.95%
Run: 09, Epoch: 05, Train: 65.68%, Valid: 63.78%, Test: 60.92%
Run: 09, Epoch: 06, Train: 66.02%, Valid: 62.65%, Test: 59.83%
Run: 09, Epoch: 07, Train: 66.09%, Valid: 64.29%, Test: 61.19%
Run: 09, Epoch: 08, Train: 66.09%, Valid: 61.76%, Test: 59.16%
Run: 09, Epoch: 09, Train: 66.28%, Valid: 65.23%, Test: 62.02%
Run: 09, Epoch: 10, Train: 66.80%, Valid: 64.43%, Test: 61.32%
Run: 09, Epoch: 11, Train: 66.47%, Valid: 64.99%, Test: 62.07%
Run: 09, Epoch: 12, Train: 67.61%, Valid: 65.34%, Test: 62.13%
Run: 09, Epoch: 13, Train: 66.21%, Valid: 62.41%, Test: 60.35%
Run: 09, Epoch: 14, Train: 67.04%, Valid: 65.81%, Test: 62.82%
Run: 09, Epoch: 15, Train: 66.87%, Valid: 63.74%, Test: 60.83%
Run: 09, Epoch: 16, Train: 67.12%, Valid: 65.25%, Test: 62.24%
Run: 09, Epoch: 17, Train: 67.33%, Valid: 63.88%, Test: 61.84%
Run: 09, Epoch: 18, Train: 67.56%, Valid: 65.43%, Test: 62.67%
Run: 09, Epoch: 19, Train: 67.81%, Valid: 65.07%, Test: 61.95%
Run: 09, Epoch: 20, Train: 67.45%, Valid: 65.16%, Test: 61.78%
Run: 09, Epoch: 21, Train: 68.28%, Valid: 64.41%, Test: 61.59%
Run: 09, Epoch: 22, Train: 67.42%, Valid: 63.15%, Test: 60.73%
Run: 09, Epoch: 23, Train: 68.20%, Valid: 64.93%, Test: 62.06%
Run: 09, Epoch: 24, Train: 67.68%, Valid: 66.17%, Test: 63.23%
Run: 09, Epoch: 25, Train: 67.66%, Valid: 65.76%, Test: 62.67%
Run: 09, Epoch: 26, Train: 68.51%, Valid: 65.40%, Test: 62.67%
Run: 09, Epoch: 27, Train: 68.23%, Valid: 64.70%, Test: 61.96%
Run: 09, Epoch: 28, Train: 67.25%, Valid: 65.93%, Test: 62.80%
Run: 09, Epoch: 29, Train: 68.54%, Valid: 65.59%, Test: 62.68%
Run: 09, Epoch: 30, Train: 68.49%, Valid: 65.10%, Test: 62.44%
Run 09:
Highest Train: 68.54
Highest Valid: 66.17
  Final Train: 67.68
   Final Test: 63.23
Run: 10, Epoch: 01, Train: 62.12%, Valid: 59.35%, Test: 57.64%
Run: 10, Epoch: 02, Train: 62.95%, Valid: 59.10%, Test: 57.30%
Run: 10, Epoch: 03, Train: 64.79%, Valid: 63.87%, Test: 61.15%
Run: 10, Epoch: 04, Train: 64.96%, Valid: 61.82%, Test: 59.92%
Run: 10, Epoch: 05, Train: 65.12%, Valid: 64.07%, Test: 61.35%
Run: 10, Epoch: 06, Train: 65.52%, Valid: 62.26%, Test: 60.53%
Run: 10, Epoch: 07, Train: 65.75%, Valid: 64.25%, Test: 61.31%
Run: 10, Epoch: 08, Train: 66.29%, Valid: 63.69%, Test: 61.41%
Run: 10, Epoch: 09, Train: 66.62%, Valid: 64.70%, Test: 62.01%
Run: 10, Epoch: 10, Train: 66.75%, Valid: 65.27%, Test: 62.30%
Run: 10, Epoch: 11, Train: 66.89%, Valid: 64.28%, Test: 62.09%
Run: 10, Epoch: 12, Train: 67.00%, Valid: 65.30%, Test: 61.68%
Run: 10, Epoch: 13, Train: 67.32%, Valid: 64.93%, Test: 61.83%
Run: 10, Epoch: 14, Train: 66.09%, Valid: 61.81%, Test: 60.35%
Run: 10, Epoch: 15, Train: 67.63%, Valid: 64.18%, Test: 61.64%
Run: 10, Epoch: 16, Train: 67.17%, Valid: 66.08%, Test: 63.28%
Run: 10, Epoch: 17, Train: 67.35%, Valid: 64.46%, Test: 61.27%
Run: 10, Epoch: 18, Train: 67.75%, Valid: 65.00%, Test: 62.25%
Run: 10, Epoch: 19, Train: 67.81%, Valid: 64.12%, Test: 61.49%
Run: 10, Epoch: 20, Train: 67.20%, Valid: 65.26%, Test: 62.15%
Run: 10, Epoch: 21, Train: 67.87%, Valid: 64.88%, Test: 62.27%
Run: 10, Epoch: 22, Train: 67.57%, Valid: 65.39%, Test: 62.28%
Run: 10, Epoch: 23, Train: 67.81%, Valid: 65.34%, Test: 62.01%
Run: 10, Epoch: 24, Train: 68.33%, Valid: 64.48%, Test: 61.81%
Run: 10, Epoch: 25, Train: 68.06%, Valid: 64.56%, Test: 62.13%
Run: 10, Epoch: 26, Train: 68.26%, Valid: 66.07%, Test: 62.79%
Run: 10, Epoch: 27, Train: 68.15%, Valid: 64.96%, Test: 62.24%
Run: 10, Epoch: 28, Train: 68.23%, Valid: 65.75%, Test: 62.48%
Run: 10, Epoch: 29, Train: 67.81%, Valid: 63.71%, Test: 61.40%
Run: 10, Epoch: 30, Train: 68.47%, Valid: 66.06%, Test: 62.99%
Run 10:
Highest Train: 68.47
Highest Valid: 66.08
  Final Train: 67.17
   Final Test: 63.28
All runs:
Highest Train: 68.52 ± 0.06
Highest Valid: 66.25 ± 0.14
  Final Train: 67.28 ± 0.64
   Final Test: 62.98 ± 0.22
