Namespace(device=0, log_steps=1, use_node_embedding=False, use_sgc_embedding=True, num_sgc_iterations=3, num_layers=3, hidden_channels=256, dropout=0, lr=0.01, batch_size=256, epochs=30, runs=10, rsv=0.85)
Run: 01, Epoch: 01, Train: 62.03%, Valid: 62.12%, Test: 59.19%
Run: 01, Epoch: 02, Train: 64.14%, Valid: 62.32%, Test: 60.15%
Run: 01, Epoch: 03, Train: 64.79%, Valid: 62.85%, Test: 60.23%
Run: 01, Epoch: 04, Train: 65.13%, Valid: 61.89%, Test: 59.89%
Run: 01, Epoch: 05, Train: 65.87%, Valid: 66.08%, Test: 62.90%
Run: 01, Epoch: 06, Train: 65.74%, Valid: 63.16%, Test: 61.43%
Run: 01, Epoch: 07, Train: 66.09%, Valid: 65.39%, Test: 62.71%
Run: 01, Epoch: 08, Train: 66.21%, Valid: 63.49%, Test: 61.40%
Run: 01, Epoch: 09, Train: 66.35%, Valid: 64.74%, Test: 61.92%
Run: 01, Epoch: 10, Train: 66.76%, Valid: 65.27%, Test: 61.27%
Run: 01, Epoch: 11, Train: 66.61%, Valid: 65.99%, Test: 62.48%
Run: 01, Epoch: 12, Train: 67.30%, Valid: 65.06%, Test: 62.56%
Run: 01, Epoch: 13, Train: 67.18%, Valid: 64.64%, Test: 61.80%
Run: 01, Epoch: 14, Train: 67.55%, Valid: 64.98%, Test: 62.03%
Run: 01, Epoch: 15, Train: 67.84%, Valid: 66.02%, Test: 62.69%
Run: 01, Epoch: 16, Train: 67.36%, Valid: 65.48%, Test: 62.32%
Run: 01, Epoch: 17, Train: 67.16%, Valid: 65.73%, Test: 62.76%
Run: 01, Epoch: 18, Train: 66.88%, Valid: 66.46%, Test: 63.23%
Run: 01, Epoch: 19, Train: 67.57%, Valid: 65.79%, Test: 63.13%
Run: 01, Epoch: 20, Train: 67.60%, Valid: 65.39%, Test: 62.06%
Run: 01, Epoch: 21, Train: 67.89%, Valid: 64.76%, Test: 61.46%
Run: 01, Epoch: 22, Train: 67.74%, Valid: 64.83%, Test: 62.10%
Run: 01, Epoch: 23, Train: 67.65%, Valid: 64.05%, Test: 61.37%
Run: 01, Epoch: 24, Train: 67.99%, Valid: 65.22%, Test: 62.37%
Run: 01, Epoch: 25, Train: 68.01%, Valid: 65.33%, Test: 61.92%
Run: 01, Epoch: 26, Train: 67.95%, Valid: 65.20%, Test: 62.59%
Run: 01, Epoch: 27, Train: 68.05%, Valid: 65.99%, Test: 62.78%
Run: 01, Epoch: 28, Train: 68.36%, Valid: 66.19%, Test: 63.05%
Run: 01, Epoch: 29, Train: 67.82%, Valid: 66.54%, Test: 63.14%
Run: 01, Epoch: 30, Train: 68.21%, Valid: 66.27%, Test: 62.86%
Run 01:
Highest Train: 68.36
Highest Valid: 66.54
  Final Train: 67.82
   Final Test: 63.14
Run: 02, Epoch: 01, Train: 63.05%, Valid: 62.35%, Test: 59.15%
Run: 02, Epoch: 02, Train: 64.13%, Valid: 63.52%, Test: 60.97%
Run: 02, Epoch: 03, Train: 64.28%, Valid: 61.11%, Test: 59.63%
Run: 02, Epoch: 04, Train: 65.31%, Valid: 63.10%, Test: 60.89%
Run: 02, Epoch: 05, Train: 65.83%, Valid: 65.34%, Test: 62.41%
Run: 02, Epoch: 06, Train: 66.12%, Valid: 64.22%, Test: 61.42%
Run: 02, Epoch: 07, Train: 66.33%, Valid: 65.64%, Test: 62.39%
Run: 02, Epoch: 08, Train: 66.05%, Valid: 62.76%, Test: 60.75%
Run: 02, Epoch: 09, Train: 65.80%, Valid: 65.29%, Test: 62.28%
Run: 02, Epoch: 10, Train: 67.19%, Valid: 64.82%, Test: 62.04%
Run: 02, Epoch: 11, Train: 65.83%, Valid: 62.30%, Test: 60.59%
Run: 02, Epoch: 12, Train: 66.58%, Valid: 63.67%, Test: 61.80%
Run: 02, Epoch: 13, Train: 66.46%, Valid: 65.52%, Test: 62.44%
Run: 02, Epoch: 14, Train: 67.23%, Valid: 65.50%, Test: 62.54%
Run: 02, Epoch: 15, Train: 67.48%, Valid: 64.66%, Test: 61.94%
Run: 02, Epoch: 16, Train: 67.33%, Valid: 64.94%, Test: 62.56%
Run: 02, Epoch: 17, Train: 67.62%, Valid: 64.81%, Test: 62.28%
Run: 02, Epoch: 18, Train: 67.28%, Valid: 66.33%, Test: 63.08%
Run: 02, Epoch: 19, Train: 67.51%, Valid: 65.73%, Test: 62.40%
Run: 02, Epoch: 20, Train: 67.49%, Valid: 65.58%, Test: 62.30%
Run: 02, Epoch: 21, Train: 67.43%, Valid: 65.84%, Test: 62.55%
Run: 02, Epoch: 22, Train: 67.85%, Valid: 64.99%, Test: 62.05%
Run: 02, Epoch: 23, Train: 67.77%, Valid: 65.12%, Test: 62.37%
Run: 02, Epoch: 24, Train: 68.10%, Valid: 65.21%, Test: 62.30%
Run: 02, Epoch: 25, Train: 67.58%, Valid: 64.57%, Test: 62.03%
Run: 02, Epoch: 26, Train: 67.89%, Valid: 64.01%, Test: 61.60%
Run: 02, Epoch: 27, Train: 68.07%, Valid: 64.80%, Test: 62.29%
Run: 02, Epoch: 28, Train: 67.97%, Valid: 64.91%, Test: 62.01%
Run: 02, Epoch: 29, Train: 67.80%, Valid: 66.37%, Test: 63.41%
Run: 02, Epoch: 30, Train: 68.24%, Valid: 64.71%, Test: 61.85%
Run 02:
Highest Train: 68.24
Highest Valid: 66.37
  Final Train: 67.80
   Final Test: 63.41
Run: 03, Epoch: 01, Train: 61.54%, Valid: 57.74%, Test: 56.50%
Run: 03, Epoch: 02, Train: 64.22%, Valid: 61.82%, Test: 59.92%
Run: 03, Epoch: 03, Train: 65.23%, Valid: 63.33%, Test: 61.12%
Run: 03, Epoch: 04, Train: 65.65%, Valid: 63.92%, Test: 61.45%
Run: 03, Epoch: 05, Train: 65.70%, Valid: 64.51%, Test: 61.33%
Run: 03, Epoch: 06, Train: 66.23%, Valid: 64.80%, Test: 62.33%
Run: 03, Epoch: 07, Train: 66.13%, Valid: 64.62%, Test: 62.12%
Run: 03, Epoch: 08, Train: 66.24%, Valid: 63.26%, Test: 60.98%
Run: 03, Epoch: 09, Train: 66.24%, Valid: 63.89%, Test: 61.47%
Run: 03, Epoch: 10, Train: 67.18%, Valid: 65.16%, Test: 62.07%
Run: 03, Epoch: 11, Train: 66.21%, Valid: 62.28%, Test: 60.32%
Run: 03, Epoch: 12, Train: 66.98%, Valid: 65.39%, Test: 62.21%
Run: 03, Epoch: 13, Train: 67.10%, Valid: 65.66%, Test: 62.78%
Run: 03, Epoch: 14, Train: 67.14%, Valid: 66.04%, Test: 62.82%
Run: 03, Epoch: 15, Train: 66.94%, Valid: 63.29%, Test: 60.90%
Run: 03, Epoch: 16, Train: 67.43%, Valid: 65.08%, Test: 62.27%
Run: 03, Epoch: 17, Train: 67.04%, Valid: 64.35%, Test: 61.31%
Run: 03, Epoch: 18, Train: 67.45%, Valid: 64.72%, Test: 62.39%
Run: 03, Epoch: 19, Train: 67.23%, Valid: 63.61%, Test: 61.72%
Run: 03, Epoch: 20, Train: 67.87%, Valid: 65.00%, Test: 62.56%
Run: 03, Epoch: 21, Train: 67.46%, Valid: 64.50%, Test: 61.99%
Run: 03, Epoch: 22, Train: 67.67%, Valid: 65.36%, Test: 61.97%
Run: 03, Epoch: 23, Train: 67.84%, Valid: 65.61%, Test: 62.85%
Run: 03, Epoch: 24, Train: 67.60%, Valid: 66.03%, Test: 62.84%
Run: 03, Epoch: 25, Train: 67.73%, Valid: 66.32%, Test: 63.32%
Run: 03, Epoch: 26, Train: 67.82%, Valid: 66.59%, Test: 63.60%
Run: 03, Epoch: 27, Train: 68.30%, Valid: 65.20%, Test: 62.58%
Run: 03, Epoch: 28, Train: 67.76%, Valid: 63.91%, Test: 61.73%
Run: 03, Epoch: 29, Train: 68.08%, Valid: 66.14%, Test: 63.00%
Run: 03, Epoch: 30, Train: 67.67%, Valid: 66.09%, Test: 63.06%
Run 03:
Highest Train: 68.30
Highest Valid: 66.59
  Final Train: 67.82
   Final Test: 63.60
Run: 04, Epoch: 01, Train: 62.99%, Valid: 61.85%, Test: 59.24%
Run: 04, Epoch: 02, Train: 64.34%, Valid: 62.77%, Test: 60.02%
Run: 04, Epoch: 03, Train: 64.95%, Valid: 62.10%, Test: 59.55%
Run: 04, Epoch: 04, Train: 64.34%, Valid: 60.78%, Test: 59.21%
Run: 04, Epoch: 05, Train: 65.89%, Valid: 65.24%, Test: 62.41%
Run: 04, Epoch: 06, Train: 65.96%, Valid: 62.46%, Test: 60.42%
Run: 04, Epoch: 07, Train: 65.97%, Valid: 63.66%, Test: 61.47%
Run: 04, Epoch: 08, Train: 65.68%, Valid: 62.44%, Test: 60.65%
Run: 04, Epoch: 09, Train: 66.72%, Valid: 64.60%, Test: 61.97%
Run: 04, Epoch: 10, Train: 65.69%, Valid: 65.13%, Test: 61.62%
Run: 04, Epoch: 11, Train: 67.19%, Valid: 64.53%, Test: 61.62%
Run: 04, Epoch: 12, Train: 66.05%, Valid: 65.30%, Test: 62.39%
Run: 04, Epoch: 13, Train: 67.39%, Valid: 64.74%, Test: 62.02%
Run: 04, Epoch: 14, Train: 66.95%, Valid: 63.50%, Test: 61.02%
Run: 04, Epoch: 15, Train: 67.08%, Valid: 64.43%, Test: 61.76%
Run: 04, Epoch: 16, Train: 67.51%, Valid: 65.50%, Test: 62.88%
Run: 04, Epoch: 17, Train: 67.69%, Valid: 64.97%, Test: 62.25%
Run: 04, Epoch: 18, Train: 67.53%, Valid: 64.56%, Test: 61.99%
Run: 04, Epoch: 19, Train: 67.88%, Valid: 66.04%, Test: 63.20%
Run: 04, Epoch: 20, Train: 67.64%, Valid: 64.37%, Test: 61.73%
Run: 04, Epoch: 21, Train: 67.06%, Valid: 66.56%, Test: 63.28%
Run: 04, Epoch: 22, Train: 67.53%, Valid: 64.21%, Test: 62.03%
Run: 04, Epoch: 23, Train: 67.98%, Valid: 65.40%, Test: 62.33%
Run: 04, Epoch: 24, Train: 68.09%, Valid: 64.82%, Test: 61.91%
Run: 04, Epoch: 25, Train: 68.07%, Valid: 66.12%, Test: 62.88%
Run: 04, Epoch: 26, Train: 67.89%, Valid: 64.41%, Test: 62.06%
Run: 04, Epoch: 27, Train: 68.22%, Valid: 66.03%, Test: 62.96%
Run: 04, Epoch: 28, Train: 67.94%, Valid: 66.34%, Test: 62.61%
Run: 04, Epoch: 29, Train: 68.11%, Valid: 65.38%, Test: 62.49%
Run: 04, Epoch: 30, Train: 67.89%, Valid: 65.14%, Test: 61.67%
Run 04:
Highest Train: 68.22
Highest Valid: 66.56
  Final Train: 67.06
   Final Test: 63.28
Run: 05, Epoch: 01, Train: 62.54%, Valid: 60.78%, Test: 58.87%
Run: 05, Epoch: 02, Train: 63.49%, Valid: 60.80%, Test: 58.48%
Run: 05, Epoch: 03, Train: 64.38%, Valid: 63.95%, Test: 61.21%
Run: 05, Epoch: 04, Train: 65.10%, Valid: 64.26%, Test: 61.91%
Run: 05, Epoch: 05, Train: 65.31%, Valid: 65.66%, Test: 62.33%
Run: 05, Epoch: 06, Train: 65.28%, Valid: 62.05%, Test: 60.36%
Run: 05, Epoch: 07, Train: 65.73%, Valid: 62.75%, Test: 60.92%
Run: 05, Epoch: 08, Train: 66.29%, Valid: 63.45%, Test: 61.06%
Run: 05, Epoch: 09, Train: 66.63%, Valid: 65.99%, Test: 62.63%
Run: 05, Epoch: 10, Train: 66.77%, Valid: 63.74%, Test: 61.11%
Run: 05, Epoch: 11, Train: 66.76%, Valid: 63.35%, Test: 60.88%
Run: 05, Epoch: 12, Train: 66.75%, Valid: 65.93%, Test: 62.58%
Run: 05, Epoch: 13, Train: 67.11%, Valid: 64.02%, Test: 61.48%
Run: 05, Epoch: 14, Train: 66.98%, Valid: 65.98%, Test: 62.95%
Run: 05, Epoch: 15, Train: 67.45%, Valid: 65.51%, Test: 62.63%
Run: 05, Epoch: 16, Train: 67.44%, Valid: 65.16%, Test: 62.50%
Run: 05, Epoch: 17, Train: 67.61%, Valid: 64.70%, Test: 62.32%
Run: 05, Epoch: 18, Train: 67.80%, Valid: 65.34%, Test: 62.55%
Run: 05, Epoch: 19, Train: 67.68%, Valid: 64.86%, Test: 62.25%
Run: 05, Epoch: 20, Train: 68.14%, Valid: 65.66%, Test: 62.74%
Run: 05, Epoch: 21, Train: 67.59%, Valid: 66.51%, Test: 62.65%
Run: 05, Epoch: 22, Train: 68.18%, Valid: 65.54%, Test: 62.40%
Run: 05, Epoch: 23, Train: 67.75%, Valid: 64.46%, Test: 62.20%
Run: 05, Epoch: 24, Train: 68.09%, Valid: 65.02%, Test: 62.13%
Run: 05, Epoch: 25, Train: 68.12%, Valid: 66.20%, Test: 63.43%
Run: 05, Epoch: 26, Train: 68.09%, Valid: 66.20%, Test: 63.04%
Run: 05, Epoch: 27, Train: 66.71%, Valid: 66.79%, Test: 63.36%
Run: 05, Epoch: 28, Train: 68.21%, Valid: 66.16%, Test: 62.94%
Run: 05, Epoch: 29, Train: 68.28%, Valid: 65.84%, Test: 62.70%
Run: 05, Epoch: 30, Train: 68.25%, Valid: 65.65%, Test: 62.96%
Run 05:
Highest Train: 68.28
Highest Valid: 66.79
  Final Train: 66.71
   Final Test: 63.36
Run: 06, Epoch: 01, Train: 62.62%, Valid: 62.64%, Test: 60.14%
Run: 06, Epoch: 02, Train: 64.11%, Valid: 63.31%, Test: 60.63%
Run: 06, Epoch: 03, Train: 65.04%, Valid: 64.42%, Test: 61.64%
Run: 06, Epoch: 04, Train: 65.42%, Valid: 64.18%, Test: 61.79%
Run: 06, Epoch: 05, Train: 65.15%, Valid: 64.76%, Test: 61.65%
Run: 06, Epoch: 06, Train: 65.60%, Valid: 63.90%, Test: 60.84%
Run: 06, Epoch: 07, Train: 65.69%, Valid: 62.16%, Test: 60.34%
Run: 06, Epoch: 08, Train: 66.93%, Valid: 64.71%, Test: 62.06%
Run: 06, Epoch: 09, Train: 66.29%, Valid: 64.11%, Test: 61.84%
Run: 06, Epoch: 10, Train: 65.79%, Valid: 61.99%, Test: 60.10%
Run: 06, Epoch: 11, Train: 66.81%, Valid: 63.91%, Test: 61.52%
Run: 06, Epoch: 12, Train: 66.72%, Valid: 64.27%, Test: 61.79%
Run: 06, Epoch: 13, Train: 67.63%, Valid: 65.83%, Test: 62.82%
Run: 06, Epoch: 14, Train: 66.98%, Valid: 65.97%, Test: 62.77%
Run: 06, Epoch: 15, Train: 67.32%, Valid: 65.11%, Test: 61.52%
Run: 06, Epoch: 16, Train: 67.40%, Valid: 65.21%, Test: 62.19%
Run: 06, Epoch: 17, Train: 67.60%, Valid: 65.14%, Test: 61.97%
Run: 06, Epoch: 18, Train: 67.07%, Valid: 62.93%, Test: 61.12%
Run: 06, Epoch: 19, Train: 67.09%, Valid: 66.46%, Test: 63.40%
Run: 06, Epoch: 20, Train: 67.39%, Valid: 64.46%, Test: 61.81%
Run: 06, Epoch: 21, Train: 67.11%, Valid: 65.97%, Test: 62.88%
Run: 06, Epoch: 22, Train: 68.00%, Valid: 65.70%, Test: 62.39%
Run: 06, Epoch: 23, Train: 67.41%, Valid: 66.38%, Test: 63.27%
Run: 06, Epoch: 24, Train: 66.57%, Valid: 66.59%, Test: 62.86%
Run: 06, Epoch: 25, Train: 68.06%, Valid: 65.59%, Test: 63.10%
Run: 06, Epoch: 26, Train: 67.64%, Valid: 66.00%, Test: 62.65%
Run: 06, Epoch: 27, Train: 68.04%, Valid: 65.87%, Test: 62.80%
Run: 06, Epoch: 28, Train: 68.08%, Valid: 64.87%, Test: 61.99%
Run: 06, Epoch: 29, Train: 67.88%, Valid: 65.86%, Test: 62.45%
Run: 06, Epoch: 30, Train: 68.25%, Valid: 64.92%, Test: 61.98%
Run 06:
Highest Train: 68.25
Highest Valid: 66.59
  Final Train: 66.57
   Final Test: 62.86
Run: 07, Epoch: 01, Train: 63.10%, Valid: 61.85%, Test: 59.02%
Run: 07, Epoch: 02, Train: 63.69%, Valid: 62.85%, Test: 60.28%
Run: 07, Epoch: 03, Train: 64.53%, Valid: 64.11%, Test: 61.07%
Run: 07, Epoch: 04, Train: 65.43%, Valid: 62.77%, Test: 60.36%
Run: 07, Epoch: 05, Train: 66.05%, Valid: 65.45%, Test: 62.32%
Run: 07, Epoch: 06, Train: 65.36%, Valid: 65.38%, Test: 62.11%
Run: 07, Epoch: 07, Train: 66.18%, Valid: 64.40%, Test: 61.87%
Run: 07, Epoch: 08, Train: 66.50%, Valid: 64.23%, Test: 61.35%
Run: 07, Epoch: 09, Train: 66.67%, Valid: 64.51%, Test: 62.04%
Run: 07, Epoch: 10, Train: 65.77%, Valid: 62.36%, Test: 60.63%
Run: 07, Epoch: 11, Train: 65.66%, Valid: 65.78%, Test: 61.65%
Run: 07, Epoch: 12, Train: 67.30%, Valid: 64.95%, Test: 62.06%
Run: 07, Epoch: 13, Train: 67.17%, Valid: 65.12%, Test: 62.03%
Run: 07, Epoch: 14, Train: 67.40%, Valid: 64.68%, Test: 61.91%
Run: 07, Epoch: 15, Train: 66.90%, Valid: 63.20%, Test: 61.25%
Run: 07, Epoch: 16, Train: 67.41%, Valid: 65.74%, Test: 62.79%
Run: 07, Epoch: 17, Train: 67.64%, Valid: 65.56%, Test: 62.75%
Run: 07, Epoch: 18, Train: 67.28%, Valid: 66.19%, Test: 63.05%
Run: 07, Epoch: 19, Train: 67.50%, Valid: 64.57%, Test: 61.67%
Run: 07, Epoch: 20, Train: 67.62%, Valid: 64.50%, Test: 61.97%
Run: 07, Epoch: 21, Train: 68.00%, Valid: 65.24%, Test: 62.64%
Run: 07, Epoch: 22, Train: 67.04%, Valid: 65.76%, Test: 62.76%
Run: 07, Epoch: 23, Train: 67.84%, Valid: 65.36%, Test: 62.41%
Run: 07, Epoch: 24, Train: 67.64%, Valid: 64.10%, Test: 61.47%
Run: 07, Epoch: 25, Train: 68.12%, Valid: 65.72%, Test: 63.02%
Run: 07, Epoch: 26, Train: 67.91%, Valid: 66.42%, Test: 63.23%
Run: 07, Epoch: 27, Train: 67.92%, Valid: 64.27%, Test: 61.75%
Run: 07, Epoch: 28, Train: 67.59%, Valid: 63.28%, Test: 61.27%
Run: 07, Epoch: 29, Train: 68.24%, Valid: 65.18%, Test: 61.87%
Run: 07, Epoch: 30, Train: 68.08%, Valid: 64.93%, Test: 62.03%
Run 07:
Highest Train: 68.24
Highest Valid: 66.42
  Final Train: 67.91
   Final Test: 63.23
Run: 08, Epoch: 01, Train: 62.09%, Valid: 58.27%, Test: 56.35%
Run: 08, Epoch: 02, Train: 64.21%, Valid: 61.67%, Test: 59.23%
Run: 08, Epoch: 03, Train: 63.30%, Valid: 59.04%, Test: 57.41%
Run: 08, Epoch: 04, Train: 65.78%, Valid: 63.81%, Test: 61.18%
Run: 08, Epoch: 05, Train: 65.14%, Valid: 65.33%, Test: 62.51%
Run: 08, Epoch: 06, Train: 65.44%, Valid: 62.03%, Test: 60.48%
Run: 08, Epoch: 07, Train: 65.85%, Valid: 62.72%, Test: 59.92%
Run: 08, Epoch: 08, Train: 66.17%, Valid: 63.40%, Test: 61.56%
Run: 08, Epoch: 09, Train: 65.87%, Valid: 62.58%, Test: 60.81%
Run: 08, Epoch: 10, Train: 66.80%, Valid: 65.45%, Test: 62.51%
Run: 08, Epoch: 11, Train: 66.76%, Valid: 65.70%, Test: 62.16%
Run: 08, Epoch: 12, Train: 67.18%, Valid: 65.37%, Test: 62.20%
Run: 08, Epoch: 13, Train: 66.51%, Valid: 66.22%, Test: 62.77%
Run: 08, Epoch: 14, Train: 66.66%, Valid: 63.71%, Test: 61.52%
Run: 08, Epoch: 15, Train: 67.58%, Valid: 64.51%, Test: 61.52%
Run: 08, Epoch: 16, Train: 67.27%, Valid: 64.46%, Test: 61.81%
Run: 08, Epoch: 17, Train: 67.43%, Valid: 66.28%, Test: 62.60%
Run: 08, Epoch: 18, Train: 67.77%, Valid: 65.54%, Test: 62.26%
Run: 08, Epoch: 19, Train: 67.75%, Valid: 64.96%, Test: 61.91%
Run: 08, Epoch: 20, Train: 67.69%, Valid: 65.36%, Test: 62.08%
Run: 08, Epoch: 21, Train: 67.54%, Valid: 64.29%, Test: 61.44%
Run: 08, Epoch: 22, Train: 67.79%, Valid: 64.24%, Test: 61.94%
Run: 08, Epoch: 23, Train: 67.73%, Valid: 64.51%, Test: 62.37%
Run: 08, Epoch: 24, Train: 68.13%, Valid: 65.17%, Test: 61.79%
Run: 08, Epoch: 25, Train: 68.07%, Valid: 65.57%, Test: 62.11%
Run: 08, Epoch: 26, Train: 68.07%, Valid: 65.74%, Test: 61.80%
Run: 08, Epoch: 27, Train: 68.00%, Valid: 64.65%, Test: 61.88%
Run: 08, Epoch: 28, Train: 67.61%, Valid: 66.19%, Test: 62.86%
Run: 08, Epoch: 29, Train: 68.01%, Valid: 64.58%, Test: 62.15%
Run: 08, Epoch: 30, Train: 67.84%, Valid: 66.18%, Test: 62.50%
Run 08:
Highest Train: 68.13
Highest Valid: 66.28
  Final Train: 67.43
   Final Test: 62.60
Run: 09, Epoch: 01, Train: 63.46%, Valid: 62.49%, Test: 60.23%
Run: 09, Epoch: 02, Train: 62.27%, Valid: 63.18%, Test: 60.17%
Run: 09, Epoch: 03, Train: 64.23%, Valid: 62.23%, Test: 60.40%
Run: 09, Epoch: 04, Train: 65.18%, Valid: 62.46%, Test: 60.65%
Run: 09, Epoch: 05, Train: 65.94%, Valid: 64.78%, Test: 62.13%
Run: 09, Epoch: 06, Train: 65.08%, Valid: 65.51%, Test: 62.11%
Run: 09, Epoch: 07, Train: 66.08%, Valid: 63.83%, Test: 61.52%
Run: 09, Epoch: 08, Train: 66.43%, Valid: 64.81%, Test: 62.28%
Run: 09, Epoch: 09, Train: 66.70%, Valid: 64.22%, Test: 60.86%
Run: 09, Epoch: 10, Train: 66.46%, Valid: 66.20%, Test: 63.14%
Run: 09, Epoch: 11, Train: 65.96%, Valid: 66.01%, Test: 62.63%
Run: 09, Epoch: 12, Train: 66.91%, Valid: 63.99%, Test: 61.64%
Run: 09, Epoch: 13, Train: 66.81%, Valid: 63.20%, Test: 61.02%
Run: 09, Epoch: 14, Train: 67.37%, Valid: 65.66%, Test: 62.55%
Run: 09, Epoch: 15, Train: 67.48%, Valid: 65.51%, Test: 62.24%
Run: 09, Epoch: 16, Train: 67.59%, Valid: 65.14%, Test: 62.26%
Run: 09, Epoch: 17, Train: 67.32%, Valid: 64.83%, Test: 62.51%
Run: 09, Epoch: 18, Train: 67.80%, Valid: 64.75%, Test: 61.96%
Run: 09, Epoch: 19, Train: 67.27%, Valid: 66.09%, Test: 62.80%
Run: 09, Epoch: 20, Train: 67.66%, Valid: 65.68%, Test: 62.60%
Run: 09, Epoch: 21, Train: 67.96%, Valid: 65.72%, Test: 62.65%
Run: 09, Epoch: 22, Train: 68.07%, Valid: 65.30%, Test: 62.31%
Run: 09, Epoch: 23, Train: 67.98%, Valid: 65.26%, Test: 62.40%
Run: 09, Epoch: 24, Train: 68.10%, Valid: 65.75%, Test: 62.93%
Run: 09, Epoch: 25, Train: 67.93%, Valid: 64.74%, Test: 62.06%
Run: 09, Epoch: 26, Train: 67.24%, Valid: 62.85%, Test: 60.72%
Run: 09, Epoch: 27, Train: 68.10%, Valid: 66.00%, Test: 62.80%
Run: 09, Epoch: 28, Train: 67.32%, Valid: 66.37%, Test: 63.07%
Run: 09, Epoch: 29, Train: 68.22%, Valid: 66.15%, Test: 63.08%
Run: 09, Epoch: 30, Train: 68.34%, Valid: 65.56%, Test: 62.66%
Run 09:
Highest Train: 68.34
Highest Valid: 66.37
  Final Train: 67.32
   Final Test: 63.07
Run: 10, Epoch: 01, Train: 62.73%, Valid: 62.27%, Test: 59.34%
Run: 10, Epoch: 02, Train: 63.98%, Valid: 63.82%, Test: 61.30%
Run: 10, Epoch: 03, Train: 64.79%, Valid: 61.70%, Test: 58.85%
Run: 10, Epoch: 04, Train: 65.38%, Valid: 62.89%, Test: 60.80%
Run: 10, Epoch: 05, Train: 65.82%, Valid: 64.27%, Test: 61.60%
Run: 10, Epoch: 06, Train: 66.52%, Valid: 64.18%, Test: 61.41%
Run: 10, Epoch: 07, Train: 66.20%, Valid: 64.30%, Test: 61.38%
Run: 10, Epoch: 08, Train: 66.28%, Valid: 63.22%, Test: 60.73%
Run: 10, Epoch: 09, Train: 66.58%, Valid: 65.43%, Test: 62.35%
Run: 10, Epoch: 10, Train: 65.73%, Valid: 66.32%, Test: 62.83%
Run: 10, Epoch: 11, Train: 67.04%, Valid: 64.44%, Test: 61.18%
Run: 10, Epoch: 12, Train: 67.47%, Valid: 64.94%, Test: 61.86%
Run: 10, Epoch: 13, Train: 67.23%, Valid: 64.14%, Test: 61.72%
Run: 10, Epoch: 14, Train: 67.09%, Valid: 63.89%, Test: 60.45%
Run: 10, Epoch: 15, Train: 67.43%, Valid: 65.51%, Test: 62.54%
Run: 10, Epoch: 16, Train: 67.30%, Valid: 64.39%, Test: 62.06%
Run: 10, Epoch: 17, Train: 67.69%, Valid: 66.26%, Test: 62.88%
Run: 10, Epoch: 18, Train: 67.27%, Valid: 65.14%, Test: 61.44%
Run: 10, Epoch: 19, Train: 67.55%, Valid: 64.00%, Test: 61.50%
Run: 10, Epoch: 20, Train: 66.43%, Valid: 66.39%, Test: 63.10%
Run: 10, Epoch: 21, Train: 68.12%, Valid: 65.53%, Test: 62.61%
Run: 10, Epoch: 22, Train: 68.04%, Valid: 65.11%, Test: 62.16%
Run: 10, Epoch: 23, Train: 67.78%, Valid: 64.84%, Test: 61.44%
Run: 10, Epoch: 24, Train: 67.90%, Valid: 66.06%, Test: 63.11%
Run: 10, Epoch: 25, Train: 67.94%, Valid: 65.33%, Test: 62.16%
Run: 10, Epoch: 26, Train: 68.13%, Valid: 65.63%, Test: 62.63%
Run: 10, Epoch: 27, Train: 68.10%, Valid: 64.91%, Test: 62.18%
Run: 10, Epoch: 28, Train: 68.44%, Valid: 65.88%, Test: 62.96%
Run: 10, Epoch: 29, Train: 68.07%, Valid: 65.26%, Test: 62.54%
Run: 10, Epoch: 30, Train: 67.99%, Valid: 66.35%, Test: 62.87%
Run 10:
Highest Train: 68.44
Highest Valid: 66.39
  Final Train: 66.43
   Final Test: 63.10
All runs:
Highest Train: 68.28 ± 0.09
Highest Valid: 66.49 ± 0.15
  Final Train: 67.29 ± 0.57
   Final Test: 63.16 ± 0.28
