Namespace(device=0, log_steps=1, use_node_embedding=False, use_sgc_embedding=True, num_sgc_iterations=3, num_layers=3, hidden_channels=256, dropout=0, lr=0.01, batch_size=256, epochs=30, runs=10, rsv=0.95)
Run: 01, Epoch: 01, Train: 63.43%, Valid: 61.97%, Test: 59.82%
Run: 01, Epoch: 02, Train: 63.02%, Valid: 58.66%, Test: 57.27%
Run: 01, Epoch: 03, Train: 65.17%, Valid: 64.19%, Test: 61.08%
Run: 01, Epoch: 04, Train: 64.73%, Valid: 65.33%, Test: 62.19%
Run: 01, Epoch: 05, Train: 65.65%, Valid: 64.25%, Test: 61.32%
Run: 01, Epoch: 06, Train: 65.61%, Valid: 63.52%, Test: 61.22%
Run: 01, Epoch: 07, Train: 66.32%, Valid: 65.81%, Test: 62.78%
Run: 01, Epoch: 08, Train: 66.57%, Valid: 64.01%, Test: 61.28%
Run: 01, Epoch: 09, Train: 66.62%, Valid: 65.17%, Test: 62.38%
Run: 01, Epoch: 10, Train: 66.67%, Valid: 65.78%, Test: 62.41%
Run: 01, Epoch: 11, Train: 67.09%, Valid: 64.95%, Test: 62.20%
Run: 01, Epoch: 12, Train: 66.62%, Valid: 65.56%, Test: 62.41%
Run: 01, Epoch: 13, Train: 67.05%, Valid: 66.12%, Test: 62.83%
Run: 01, Epoch: 14, Train: 66.89%, Valid: 63.41%, Test: 61.46%
Run: 01, Epoch: 15, Train: 67.42%, Valid: 64.37%, Test: 61.58%
Run: 01, Epoch: 16, Train: 67.15%, Valid: 64.27%, Test: 61.00%
Run: 01, Epoch: 17, Train: 67.75%, Valid: 65.51%, Test: 62.40%
Run: 01, Epoch: 18, Train: 67.73%, Valid: 65.18%, Test: 62.65%
Run: 01, Epoch: 19, Train: 67.92%, Valid: 65.60%, Test: 62.33%
Run: 01, Epoch: 20, Train: 67.78%, Valid: 66.32%, Test: 63.20%
Run: 01, Epoch: 21, Train: 67.64%, Valid: 65.96%, Test: 62.38%
Run: 01, Epoch: 22, Train: 67.88%, Valid: 65.62%, Test: 62.44%
Run: 01, Epoch: 23, Train: 66.84%, Valid: 66.50%, Test: 63.10%
Run: 01, Epoch: 24, Train: 68.01%, Valid: 66.51%, Test: 63.62%
Run: 01, Epoch: 25, Train: 67.94%, Valid: 66.36%, Test: 63.53%
Run: 01, Epoch: 26, Train: 68.39%, Valid: 65.72%, Test: 62.54%
Run: 01, Epoch: 27, Train: 67.92%, Valid: 64.26%, Test: 61.47%
Run: 01, Epoch: 28, Train: 67.59%, Valid: 65.42%, Test: 61.98%
Run: 01, Epoch: 29, Train: 67.59%, Valid: 64.34%, Test: 61.78%
Run: 01, Epoch: 30, Train: 68.25%, Valid: 65.04%, Test: 62.80%
Run 01:
Highest Train: 68.39
Highest Valid: 66.51
  Final Train: 68.01
   Final Test: 63.62
Run: 02, Epoch: 01, Train: 63.36%, Valid: 63.95%, Test: 61.36%
Run: 02, Epoch: 02, Train: 63.97%, Valid: 60.78%, Test: 59.69%
Run: 02, Epoch: 03, Train: 64.98%, Valid: 64.77%, Test: 61.71%
Run: 02, Epoch: 04, Train: 64.95%, Valid: 61.69%, Test: 60.00%
Run: 02, Epoch: 05, Train: 65.29%, Valid: 65.19%, Test: 61.97%
Run: 02, Epoch: 06, Train: 66.19%, Valid: 63.88%, Test: 61.15%
Run: 02, Epoch: 07, Train: 66.68%, Valid: 64.39%, Test: 61.57%
Run: 02, Epoch: 08, Train: 66.59%, Valid: 65.58%, Test: 62.55%
Run: 02, Epoch: 09, Train: 66.11%, Valid: 66.03%, Test: 62.71%
Run: 02, Epoch: 10, Train: 66.84%, Valid: 65.08%, Test: 61.72%
Run: 02, Epoch: 11, Train: 66.75%, Valid: 65.54%, Test: 62.61%
Run: 02, Epoch: 12, Train: 66.43%, Valid: 65.42%, Test: 62.52%
Run: 02, Epoch: 13, Train: 67.09%, Valid: 64.77%, Test: 62.09%
Run: 02, Epoch: 14, Train: 67.39%, Valid: 65.44%, Test: 62.13%
Run: 02, Epoch: 15, Train: 67.24%, Valid: 64.28%, Test: 61.96%
Run: 02, Epoch: 16, Train: 67.79%, Valid: 65.34%, Test: 62.17%
Run: 02, Epoch: 17, Train: 67.43%, Valid: 66.16%, Test: 63.20%
Run: 02, Epoch: 18, Train: 66.61%, Valid: 62.32%, Test: 60.70%
Run: 02, Epoch: 19, Train: 67.62%, Valid: 65.84%, Test: 62.24%
Run: 02, Epoch: 20, Train: 67.43%, Valid: 66.58%, Test: 63.53%
Run: 02, Epoch: 21, Train: 68.03%, Valid: 65.74%, Test: 62.38%
Run: 02, Epoch: 22, Train: 67.71%, Valid: 66.05%, Test: 62.83%
Run: 02, Epoch: 23, Train: 67.49%, Valid: 64.19%, Test: 61.61%
Run: 02, Epoch: 24, Train: 68.03%, Valid: 65.54%, Test: 62.34%
Run: 02, Epoch: 25, Train: 67.47%, Valid: 66.78%, Test: 63.52%
Run: 02, Epoch: 26, Train: 68.03%, Valid: 65.87%, Test: 62.89%
Run: 02, Epoch: 27, Train: 68.26%, Valid: 65.95%, Test: 62.77%
Run: 02, Epoch: 28, Train: 68.18%, Valid: 65.72%, Test: 62.84%
Run: 02, Epoch: 29, Train: 67.86%, Valid: 64.56%, Test: 62.29%
Run: 02, Epoch: 30, Train: 68.16%, Valid: 65.18%, Test: 62.90%
Run 02:
Highest Train: 68.26
Highest Valid: 66.78
  Final Train: 67.47
   Final Test: 63.52
Run: 03, Epoch: 01, Train: 63.17%, Valid: 62.45%, Test: 60.09%
Run: 03, Epoch: 02, Train: 64.57%, Valid: 65.00%, Test: 62.13%
Run: 03, Epoch: 03, Train: 64.75%, Valid: 65.12%, Test: 61.86%
Run: 03, Epoch: 04, Train: 65.98%, Valid: 64.84%, Test: 62.01%
Run: 03, Epoch: 05, Train: 65.55%, Valid: 63.01%, Test: 61.00%
Run: 03, Epoch: 06, Train: 66.18%, Valid: 64.03%, Test: 61.78%
Run: 03, Epoch: 07, Train: 66.34%, Valid: 64.06%, Test: 61.35%
Run: 03, Epoch: 08, Train: 66.78%, Valid: 64.50%, Test: 61.82%
Run: 03, Epoch: 09, Train: 66.83%, Valid: 64.11%, Test: 61.62%
Run: 03, Epoch: 10, Train: 66.35%, Valid: 62.73%, Test: 60.71%
Run: 03, Epoch: 11, Train: 66.87%, Valid: 65.10%, Test: 62.25%
Run: 03, Epoch: 12, Train: 67.34%, Valid: 65.51%, Test: 63.02%
Run: 03, Epoch: 13, Train: 67.13%, Valid: 65.68%, Test: 62.35%
Run: 03, Epoch: 14, Train: 67.09%, Valid: 64.23%, Test: 61.87%
Run: 03, Epoch: 15, Train: 67.40%, Valid: 64.81%, Test: 62.55%
Run: 03, Epoch: 16, Train: 67.46%, Valid: 65.42%, Test: 62.49%
Run: 03, Epoch: 17, Train: 67.56%, Valid: 65.84%, Test: 62.92%
Run: 03, Epoch: 18, Train: 67.46%, Valid: 66.26%, Test: 62.89%
Run: 03, Epoch: 19, Train: 67.34%, Valid: 65.85%, Test: 63.07%
Run: 03, Epoch: 20, Train: 67.73%, Valid: 66.25%, Test: 63.05%
Run: 03, Epoch: 21, Train: 68.02%, Valid: 66.32%, Test: 63.08%
Run: 03, Epoch: 22, Train: 67.81%, Valid: 65.81%, Test: 62.78%
Run: 03, Epoch: 23, Train: 67.87%, Valid: 65.45%, Test: 62.62%
Run: 03, Epoch: 24, Train: 67.68%, Valid: 65.85%, Test: 62.29%
Run: 03, Epoch: 25, Train: 68.24%, Valid: 65.94%, Test: 62.86%
Run: 03, Epoch: 26, Train: 68.30%, Valid: 65.90%, Test: 63.13%
Run: 03, Epoch: 27, Train: 67.33%, Valid: 63.77%, Test: 61.72%
Run: 03, Epoch: 28, Train: 67.84%, Valid: 66.62%, Test: 63.18%
Run: 03, Epoch: 29, Train: 68.23%, Valid: 65.55%, Test: 62.76%
Run: 03, Epoch: 30, Train: 68.17%, Valid: 65.99%, Test: 62.93%
Run 03:
Highest Train: 68.30
Highest Valid: 66.62
  Final Train: 67.84
   Final Test: 63.18
Run: 04, Epoch: 01, Train: 62.76%, Valid: 61.18%, Test: 58.98%
Run: 04, Epoch: 02, Train: 63.68%, Valid: 59.82%, Test: 58.67%
Run: 04, Epoch: 03, Train: 65.45%, Valid: 63.06%, Test: 60.92%
Run: 04, Epoch: 04, Train: 65.28%, Valid: 65.36%, Test: 62.34%
Run: 04, Epoch: 05, Train: 65.56%, Valid: 63.52%, Test: 60.98%
Run: 04, Epoch: 06, Train: 66.33%, Valid: 64.50%, Test: 62.03%
Run: 04, Epoch: 07, Train: 65.69%, Valid: 66.21%, Test: 62.75%
Run: 04, Epoch: 08, Train: 66.80%, Valid: 64.85%, Test: 61.84%
Run: 04, Epoch: 09, Train: 66.64%, Valid: 64.75%, Test: 61.61%
Run: 04, Epoch: 10, Train: 66.87%, Valid: 65.96%, Test: 62.68%
Run: 04, Epoch: 11, Train: 66.86%, Valid: 65.71%, Test: 62.80%
Run: 04, Epoch: 12, Train: 66.57%, Valid: 63.29%, Test: 60.65%
Run: 04, Epoch: 13, Train: 67.41%, Valid: 65.56%, Test: 62.78%
Run: 04, Epoch: 14, Train: 67.01%, Valid: 65.91%, Test: 63.07%
Run: 04, Epoch: 15, Train: 67.50%, Valid: 64.81%, Test: 62.21%
Run: 04, Epoch: 16, Train: 66.61%, Valid: 66.71%, Test: 63.26%
Run: 04, Epoch: 17, Train: 66.99%, Valid: 66.47%, Test: 63.03%
Run: 04, Epoch: 18, Train: 67.55%, Valid: 64.71%, Test: 62.29%
Run: 04, Epoch: 19, Train: 67.67%, Valid: 66.44%, Test: 63.28%
Run: 04, Epoch: 20, Train: 67.64%, Valid: 64.26%, Test: 61.83%
Run: 04, Epoch: 21, Train: 67.90%, Valid: 65.61%, Test: 62.85%
Run: 04, Epoch: 22, Train: 67.65%, Valid: 64.28%, Test: 62.07%
Run: 04, Epoch: 23, Train: 68.00%, Valid: 66.03%, Test: 62.96%
Run: 04, Epoch: 24, Train: 67.91%, Valid: 65.74%, Test: 62.89%
Run: 04, Epoch: 25, Train: 68.16%, Valid: 65.01%, Test: 61.88%
Run: 04, Epoch: 26, Train: 68.10%, Valid: 65.55%, Test: 62.88%
Run: 04, Epoch: 27, Train: 67.54%, Valid: 63.85%, Test: 61.35%
Run: 04, Epoch: 28, Train: 67.99%, Valid: 66.03%, Test: 62.82%
Run: 04, Epoch: 29, Train: 68.25%, Valid: 66.12%, Test: 63.08%
Run: 04, Epoch: 30, Train: 68.23%, Valid: 65.62%, Test: 62.61%
Run 04:
Highest Train: 68.25
Highest Valid: 66.71
  Final Train: 66.61
   Final Test: 63.26
Run: 05, Epoch: 01, Train: 62.95%, Valid: 61.55%, Test: 59.05%
Run: 05, Epoch: 02, Train: 63.98%, Valid: 60.77%, Test: 58.56%
Run: 05, Epoch: 03, Train: 63.91%, Valid: 64.46%, Test: 61.15%
Run: 05, Epoch: 04, Train: 65.46%, Valid: 64.09%, Test: 60.69%
Run: 05, Epoch: 05, Train: 65.68%, Valid: 64.35%, Test: 61.85%
Run: 05, Epoch: 06, Train: 66.38%, Valid: 64.78%, Test: 61.50%
Run: 05, Epoch: 07, Train: 66.35%, Valid: 65.63%, Test: 62.03%
Run: 05, Epoch: 08, Train: 66.44%, Valid: 63.91%, Test: 61.84%
Run: 05, Epoch: 09, Train: 65.45%, Valid: 65.92%, Test: 62.54%
Run: 05, Epoch: 10, Train: 67.01%, Valid: 65.22%, Test: 61.59%
Run: 05, Epoch: 11, Train: 67.30%, Valid: 65.96%, Test: 62.76%
Run: 05, Epoch: 12, Train: 66.46%, Valid: 63.94%, Test: 61.44%
Run: 05, Epoch: 13, Train: 66.47%, Valid: 65.21%, Test: 62.68%
Run: 05, Epoch: 14, Train: 67.02%, Valid: 63.50%, Test: 61.72%
Run: 05, Epoch: 15, Train: 67.48%, Valid: 64.73%, Test: 62.13%
Run: 05, Epoch: 16, Train: 67.42%, Valid: 63.96%, Test: 61.60%
Run: 05, Epoch: 17, Train: 67.18%, Valid: 64.23%, Test: 61.52%
Run: 05, Epoch: 18, Train: 66.33%, Valid: 61.81%, Test: 60.54%
Run: 05, Epoch: 19, Train: 66.88%, Valid: 66.91%, Test: 63.40%
Run: 05, Epoch: 20, Train: 67.85%, Valid: 65.21%, Test: 62.38%
Run: 05, Epoch: 21, Train: 67.42%, Valid: 63.36%, Test: 61.15%
Run: 05, Epoch: 22, Train: 67.71%, Valid: 66.29%, Test: 62.91%
Run: 05, Epoch: 23, Train: 67.95%, Valid: 65.75%, Test: 62.73%
Run: 05, Epoch: 24, Train: 68.11%, Valid: 65.38%, Test: 62.82%
Run: 05, Epoch: 25, Train: 67.83%, Valid: 64.57%, Test: 62.09%
Run: 05, Epoch: 26, Train: 68.22%, Valid: 65.68%, Test: 62.72%
Run: 05, Epoch: 27, Train: 66.99%, Valid: 66.59%, Test: 63.44%
Run: 05, Epoch: 28, Train: 67.88%, Valid: 64.89%, Test: 62.28%
Run: 05, Epoch: 29, Train: 68.18%, Valid: 65.65%, Test: 62.48%
Run: 05, Epoch: 30, Train: 67.84%, Valid: 66.59%, Test: 63.41%
Run 05:
Highest Train: 68.22
Highest Valid: 66.91
  Final Train: 66.88
   Final Test: 63.40
Run: 06, Epoch: 01, Train: 63.29%, Valid: 61.24%, Test: 59.51%
Run: 06, Epoch: 02, Train: 64.64%, Valid: 62.53%, Test: 59.64%
Run: 06, Epoch: 03, Train: 64.79%, Valid: 62.32%, Test: 59.77%
Run: 06, Epoch: 04, Train: 65.59%, Valid: 65.17%, Test: 62.70%
Run: 06, Epoch: 05, Train: 65.72%, Valid: 63.15%, Test: 61.08%
Run: 06, Epoch: 06, Train: 65.67%, Valid: 62.66%, Test: 61.01%
Run: 06, Epoch: 07, Train: 65.41%, Valid: 61.94%, Test: 60.50%
Run: 06, Epoch: 08, Train: 65.42%, Valid: 61.00%, Test: 59.84%
Run: 06, Epoch: 09, Train: 66.56%, Valid: 66.18%, Test: 63.21%
Run: 06, Epoch: 10, Train: 66.90%, Valid: 65.58%, Test: 62.87%
Run: 06, Epoch: 11, Train: 67.08%, Valid: 65.17%, Test: 61.57%
Run: 06, Epoch: 12, Train: 67.00%, Valid: 66.15%, Test: 62.94%
Run: 06, Epoch: 13, Train: 67.22%, Valid: 65.49%, Test: 62.65%
Run: 06, Epoch: 14, Train: 67.30%, Valid: 66.25%, Test: 63.17%
Run: 06, Epoch: 15, Train: 67.58%, Valid: 64.57%, Test: 62.04%
Run: 06, Epoch: 16, Train: 67.25%, Valid: 66.43%, Test: 63.33%
Run: 06, Epoch: 17, Train: 67.57%, Valid: 65.16%, Test: 62.21%
Run: 06, Epoch: 18, Train: 66.43%, Valid: 62.96%, Test: 61.27%
Run: 06, Epoch: 19, Train: 66.83%, Valid: 66.18%, Test: 62.41%
Run: 06, Epoch: 20, Train: 67.25%, Valid: 66.70%, Test: 63.72%
Run: 06, Epoch: 21, Train: 66.64%, Valid: 66.84%, Test: 63.61%
Run: 06, Epoch: 22, Train: 67.59%, Valid: 64.01%, Test: 61.36%
Run: 06, Epoch: 23, Train: 67.26%, Valid: 66.70%, Test: 62.98%
Run: 06, Epoch: 24, Train: 66.83%, Valid: 63.10%, Test: 61.12%
Run: 06, Epoch: 25, Train: 67.89%, Valid: 64.83%, Test: 62.16%
Run: 06, Epoch: 26, Train: 67.88%, Valid: 66.39%, Test: 63.56%
Run: 06, Epoch: 27, Train: 68.06%, Valid: 66.08%, Test: 63.28%
Run: 06, Epoch: 28, Train: 67.95%, Valid: 65.06%, Test: 62.48%
Run: 06, Epoch: 29, Train: 67.79%, Valid: 64.01%, Test: 61.27%
Run: 06, Epoch: 30, Train: 68.09%, Valid: 65.35%, Test: 62.77%
Run 06:
Highest Train: 68.09
Highest Valid: 66.84
  Final Train: 66.64
   Final Test: 63.61
Run: 07, Epoch: 01, Train: 62.65%, Valid: 60.25%, Test: 58.37%
Run: 07, Epoch: 02, Train: 62.70%, Valid: 59.53%, Test: 58.17%
Run: 07, Epoch: 03, Train: 65.01%, Valid: 62.77%, Test: 60.80%
Run: 07, Epoch: 04, Train: 65.79%, Valid: 64.73%, Test: 62.07%
Run: 07, Epoch: 05, Train: 65.79%, Valid: 63.22%, Test: 60.73%
Run: 07, Epoch: 06, Train: 66.21%, Valid: 65.91%, Test: 62.82%
Run: 07, Epoch: 07, Train: 66.44%, Valid: 65.86%, Test: 62.47%
Run: 07, Epoch: 08, Train: 65.56%, Valid: 62.60%, Test: 61.18%
Run: 07, Epoch: 09, Train: 66.54%, Valid: 63.96%, Test: 61.00%
Run: 07, Epoch: 10, Train: 66.68%, Valid: 64.36%, Test: 61.54%
Run: 07, Epoch: 11, Train: 67.17%, Valid: 65.73%, Test: 62.85%
Run: 07, Epoch: 12, Train: 67.05%, Valid: 66.07%, Test: 62.86%
Run: 07, Epoch: 13, Train: 67.10%, Valid: 65.72%, Test: 62.64%
Run: 07, Epoch: 14, Train: 67.47%, Valid: 64.84%, Test: 62.42%
Run: 07, Epoch: 15, Train: 67.40%, Valid: 64.62%, Test: 61.81%
Run: 07, Epoch: 16, Train: 66.61%, Valid: 62.85%, Test: 60.61%
Run: 07, Epoch: 17, Train: 67.36%, Valid: 64.22%, Test: 61.53%
Run: 07, Epoch: 18, Train: 67.79%, Valid: 65.45%, Test: 62.70%
Run: 07, Epoch: 19, Train: 67.22%, Valid: 63.41%, Test: 61.08%
Run: 07, Epoch: 20, Train: 67.76%, Valid: 64.79%, Test: 61.85%
Run: 07, Epoch: 21, Train: 67.56%, Valid: 66.64%, Test: 63.22%
Run: 07, Epoch: 22, Train: 67.89%, Valid: 65.50%, Test: 62.40%
Run: 07, Epoch: 23, Train: 67.76%, Valid: 65.73%, Test: 62.67%
Run: 07, Epoch: 24, Train: 67.76%, Valid: 64.87%, Test: 62.30%
Run: 07, Epoch: 25, Train: 67.44%, Valid: 64.37%, Test: 61.76%
Run: 07, Epoch: 26, Train: 68.11%, Valid: 65.53%, Test: 62.02%
Run: 07, Epoch: 27, Train: 67.59%, Valid: 66.12%, Test: 62.68%
Run: 07, Epoch: 28, Train: 67.60%, Valid: 66.81%, Test: 63.32%
Run: 07, Epoch: 29, Train: 67.51%, Valid: 66.53%, Test: 63.37%
Run: 07, Epoch: 30, Train: 67.93%, Valid: 64.68%, Test: 62.44%
Run 07:
Highest Train: 68.11
Highest Valid: 66.81
  Final Train: 67.60
   Final Test: 63.32
Run: 08, Epoch: 01, Train: 62.54%, Valid: 58.78%, Test: 56.47%
Run: 08, Epoch: 02, Train: 64.66%, Valid: 63.29%, Test: 60.87%
Run: 08, Epoch: 03, Train: 64.98%, Valid: 63.38%, Test: 60.75%
Run: 08, Epoch: 04, Train: 65.05%, Valid: 65.50%, Test: 62.33%
Run: 08, Epoch: 05, Train: 65.87%, Valid: 64.63%, Test: 61.51%
Run: 08, Epoch: 06, Train: 65.92%, Valid: 65.77%, Test: 62.30%
Run: 08, Epoch: 07, Train: 66.34%, Valid: 64.35%, Test: 61.60%
Run: 08, Epoch: 08, Train: 66.61%, Valid: 63.89%, Test: 61.14%
Run: 08, Epoch: 09, Train: 66.96%, Valid: 65.71%, Test: 62.80%
Run: 08, Epoch: 10, Train: 66.63%, Valid: 64.63%, Test: 62.07%
Run: 08, Epoch: 11, Train: 67.14%, Valid: 65.11%, Test: 62.29%
Run: 08, Epoch: 12, Train: 66.71%, Valid: 66.17%, Test: 63.11%
Run: 08, Epoch: 13, Train: 67.38%, Valid: 65.72%, Test: 62.51%
Run: 08, Epoch: 14, Train: 67.08%, Valid: 64.41%, Test: 62.11%
Run: 08, Epoch: 15, Train: 67.50%, Valid: 65.41%, Test: 62.85%
Run: 08, Epoch: 16, Train: 67.82%, Valid: 65.41%, Test: 62.55%
Run: 08, Epoch: 17, Train: 67.39%, Valid: 65.91%, Test: 62.43%
Run: 08, Epoch: 18, Train: 67.78%, Valid: 65.50%, Test: 62.56%
Run: 08, Epoch: 19, Train: 67.72%, Valid: 64.76%, Test: 61.96%
Run: 08, Epoch: 20, Train: 67.70%, Valid: 64.23%, Test: 61.30%
Run: 08, Epoch: 21, Train: 67.99%, Valid: 65.37%, Test: 62.64%
Run: 08, Epoch: 22, Train: 67.65%, Valid: 65.42%, Test: 62.49%
Run: 08, Epoch: 23, Train: 67.68%, Valid: 65.34%, Test: 62.45%
Run: 08, Epoch: 24, Train: 68.06%, Valid: 65.93%, Test: 62.80%
Run: 08, Epoch: 25, Train: 68.07%, Valid: 65.28%, Test: 62.47%
Run: 08, Epoch: 26, Train: 67.63%, Valid: 64.80%, Test: 62.14%
Run: 08, Epoch: 27, Train: 68.15%, Valid: 65.83%, Test: 62.93%
Run: 08, Epoch: 28, Train: 67.89%, Valid: 66.69%, Test: 63.60%
Run: 08, Epoch: 29, Train: 67.49%, Valid: 63.72%, Test: 61.98%
Run: 08, Epoch: 30, Train: 67.87%, Valid: 66.09%, Test: 62.76%
Run 08:
Highest Train: 68.15
Highest Valid: 66.69
  Final Train: 67.89
   Final Test: 63.60
Run: 09, Epoch: 01, Train: 63.04%, Valid: 63.29%, Test: 60.50%
Run: 09, Epoch: 02, Train: 64.04%, Valid: 61.27%, Test: 59.34%
Run: 09, Epoch: 03, Train: 63.79%, Valid: 63.36%, Test: 60.44%
Run: 09, Epoch: 04, Train: 65.99%, Valid: 64.54%, Test: 61.91%
Run: 09, Epoch: 05, Train: 65.39%, Valid: 64.60%, Test: 61.72%
Run: 09, Epoch: 06, Train: 64.88%, Valid: 66.11%, Test: 62.71%
Run: 09, Epoch: 07, Train: 65.32%, Valid: 61.80%, Test: 60.31%
Run: 09, Epoch: 08, Train: 66.47%, Valid: 63.41%, Test: 61.48%
Run: 09, Epoch: 09, Train: 67.09%, Valid: 64.93%, Test: 62.19%
Run: 09, Epoch: 10, Train: 65.72%, Valid: 61.59%, Test: 59.52%
Run: 09, Epoch: 11, Train: 67.16%, Valid: 65.57%, Test: 62.09%
Run: 09, Epoch: 12, Train: 67.20%, Valid: 65.16%, Test: 62.36%
Run: 09, Epoch: 13, Train: 67.25%, Valid: 65.36%, Test: 62.05%
Run: 09, Epoch: 14, Train: 67.45%, Valid: 64.78%, Test: 62.06%
Run: 09, Epoch: 15, Train: 67.29%, Valid: 64.42%, Test: 62.09%
Run: 09, Epoch: 16, Train: 67.64%, Valid: 65.63%, Test: 61.51%
Run: 09, Epoch: 17, Train: 67.60%, Valid: 65.14%, Test: 62.48%
Run: 09, Epoch: 18, Train: 67.58%, Valid: 65.18%, Test: 62.11%
Run: 09, Epoch: 19, Train: 67.76%, Valid: 64.64%, Test: 61.45%
Run: 09, Epoch: 20, Train: 66.96%, Valid: 66.64%, Test: 63.17%
Run: 09, Epoch: 21, Train: 67.86%, Valid: 65.66%, Test: 62.09%
Run: 09, Epoch: 22, Train: 67.81%, Valid: 64.45%, Test: 61.44%
Run: 09, Epoch: 23, Train: 67.82%, Valid: 66.06%, Test: 62.75%
Run: 09, Epoch: 24, Train: 67.50%, Valid: 65.75%, Test: 62.31%
Run: 09, Epoch: 25, Train: 67.40%, Valid: 66.75%, Test: 63.75%
Run: 09, Epoch: 26, Train: 67.88%, Valid: 64.71%, Test: 62.11%
Run: 09, Epoch: 27, Train: 67.73%, Valid: 64.29%, Test: 61.87%
Run: 09, Epoch: 28, Train: 67.89%, Valid: 66.00%, Test: 63.12%
Run: 09, Epoch: 29, Train: 67.91%, Valid: 64.49%, Test: 61.65%
Run: 09, Epoch: 30, Train: 68.23%, Valid: 65.98%, Test: 62.40%
Run 09:
Highest Train: 68.23
Highest Valid: 66.75
  Final Train: 67.40
   Final Test: 63.75
Run: 10, Epoch: 01, Train: 62.46%, Valid: 58.78%, Test: 57.64%
Run: 10, Epoch: 02, Train: 64.24%, Valid: 61.58%, Test: 58.64%
Run: 10, Epoch: 03, Train: 64.23%, Valid: 59.67%, Test: 57.73%
Run: 10, Epoch: 04, Train: 65.75%, Valid: 64.10%, Test: 61.63%
Run: 10, Epoch: 05, Train: 66.10%, Valid: 64.64%, Test: 61.96%
Run: 10, Epoch: 06, Train: 65.87%, Valid: 62.93%, Test: 60.31%
Run: 10, Epoch: 07, Train: 65.67%, Valid: 62.13%, Test: 60.33%
Run: 10, Epoch: 08, Train: 66.73%, Valid: 63.71%, Test: 61.06%
Run: 10, Epoch: 09, Train: 67.01%, Valid: 65.20%, Test: 62.21%
Run: 10, Epoch: 10, Train: 67.13%, Valid: 65.85%, Test: 62.73%
Run: 10, Epoch: 11, Train: 67.43%, Valid: 64.78%, Test: 61.95%
Run: 10, Epoch: 12, Train: 66.52%, Valid: 62.65%, Test: 60.80%
Run: 10, Epoch: 13, Train: 65.95%, Valid: 61.42%, Test: 59.41%
Run: 10, Epoch: 14, Train: 66.44%, Valid: 62.45%, Test: 60.53%
Run: 10, Epoch: 15, Train: 67.37%, Valid: 65.62%, Test: 62.11%
Run: 10, Epoch: 16, Train: 67.12%, Valid: 66.65%, Test: 63.25%
Run: 10, Epoch: 17, Train: 67.44%, Valid: 66.16%, Test: 62.90%
Run: 10, Epoch: 18, Train: 67.41%, Valid: 64.47%, Test: 61.85%
Run: 10, Epoch: 19, Train: 67.67%, Valid: 64.39%, Test: 62.03%
Run: 10, Epoch: 20, Train: 67.01%, Valid: 66.49%, Test: 63.05%
Run: 10, Epoch: 21, Train: 66.75%, Valid: 62.74%, Test: 60.71%
Run: 10, Epoch: 22, Train: 67.43%, Valid: 63.93%, Test: 61.64%
Run: 10, Epoch: 23, Train: 67.96%, Valid: 65.83%, Test: 62.83%
Run: 10, Epoch: 24, Train: 68.13%, Valid: 65.51%, Test: 62.66%
Run: 10, Epoch: 25, Train: 67.89%, Valid: 65.07%, Test: 62.68%
Run: 10, Epoch: 26, Train: 68.26%, Valid: 65.84%, Test: 63.05%
Run: 10, Epoch: 27, Train: 68.22%, Valid: 65.53%, Test: 62.89%
Run: 10, Epoch: 28, Train: 68.05%, Valid: 66.20%, Test: 63.07%
Run: 10, Epoch: 29, Train: 68.18%, Valid: 65.55%, Test: 62.43%
Run: 10, Epoch: 30, Train: 67.72%, Valid: 66.24%, Test: 63.09%
Run 10:
Highest Train: 68.26
Highest Valid: 66.65
  Final Train: 67.12
   Final Test: 63.25
All runs:
Highest Train: 68.22 ± 0.09
Highest Valid: 66.73 ± 0.12
  Final Train: 67.35 ± 0.51
   Final Test: 63.45 ± 0.20
