Namespace(device=0, log_steps=1, inductive=False, num_layers=3, hidden_channels=256, dropout=0.5, batch_size=20000, walk_length=3, lr=0.01, num_steps=30, epochs=20, eval_steps=2, runs=10, rsv=0.15, al='el2n', alpha=0.3)
tensor([ 99311, 131369, 105411,  ..., 160131, 118688, 165174]) 29493
tensor([222340, 232877, 217134,  ..., 227903, 207408, 216541]) 5898
Run: 01, Epoch: 01, Loss: 2.1424
Run: 01, Epoch: 02, Loss: 1.3772
Run: 01, Epoch: 03, Loss: 1.2093
Run: 01, Epoch: 04, Loss: 1.1334
Run: 01, Epoch: 05, Loss: 1.0858
Run: 01, Epoch: 06, Loss: 1.0432
Run: 01, Epoch: 07, Loss: 1.0155
Run: 01, Epoch: 08, Loss: 0.9989
Run: 01, Epoch: 09, Loss: 0.9841
Run: 01, Epoch: 10, Loss: 0.9738
Run: 01, Epoch: 10, Train: 75.76%, Valid: 77.03% Test: 65.49%
Run: 01, Epoch: 11, Loss: 0.9636
Run: 01, Epoch: 12, Loss: 0.9441
Run: 01, Epoch: 12, Train: 76.78%, Valid: 81.76% Test: 68.19%
Run: 01, Epoch: 13, Loss: 0.9435
Run: 01, Epoch: 14, Loss: 0.9334
Run: 01, Epoch: 14, Train: 76.34%, Valid: 74.08% Test: 63.82%
Run: 01, Epoch: 15, Loss: 0.9354
Run: 01, Epoch: 16, Loss: 0.9229
Run: 01, Epoch: 16, Train: 77.13%, Valid: 77.53% Test: 65.22%
Run: 01, Epoch: 17, Loss: 0.9151
Run: 01, Epoch: 18, Loss: 0.9122
Run: 01, Epoch: 18, Train: 77.36%, Valid: 80.16% Test: 67.15%
Run: 01, Epoch: 19, Loss: 0.9155
Run: 01, Epoch: 20, Loss: 0.9066
Run: 01, Epoch: 20, Train: 77.55%, Valid: 80.72% Test: 67.00%
Run 01:
Highest Train: 77.55
Highest Valid: 81.76
  Final Train: 76.78
   Final Test: 68.19
Run: 02, Epoch: 01, Loss: 2.1046
Run: 02, Epoch: 02, Loss: 1.3455
Run: 02, Epoch: 03, Loss: 1.2058
Run: 02, Epoch: 04, Loss: 1.1191
Run: 02, Epoch: 05, Loss: 1.0720
Run: 02, Epoch: 06, Loss: 1.0351
Run: 02, Epoch: 07, Loss: 1.0082
Run: 02, Epoch: 08, Loss: 0.9889
Run: 02, Epoch: 09, Loss: 0.9918
Run: 02, Epoch: 10, Loss: 0.9722
Run: 02, Epoch: 10, Train: 75.87%, Valid: 77.74% Test: 65.95%
Run: 02, Epoch: 11, Loss: 0.9545
Run: 02, Epoch: 12, Loss: 0.9522
Run: 02, Epoch: 12, Train: 76.52%, Valid: 76.75% Test: 64.22%
Run: 02, Epoch: 13, Loss: 0.9400
Run: 02, Epoch: 14, Loss: 0.9398
Run: 02, Epoch: 14, Train: 76.61%, Valid: 78.94% Test: 67.82%
Run: 02, Epoch: 15, Loss: 0.9281
Run: 02, Epoch: 16, Loss: 0.9224
Run: 02, Epoch: 16, Train: 77.13%, Valid: 78.93% Test: 66.43%
Run: 02, Epoch: 17, Loss: 0.9201
Run: 02, Epoch: 18, Loss: 0.9178
Run: 02, Epoch: 18, Train: 77.15%, Valid: 76.09% Test: 64.02%
Run: 02, Epoch: 19, Loss: 0.9036
Run: 02, Epoch: 20, Loss: 0.9050
Run: 02, Epoch: 20, Train: 77.50%, Valid: 79.16% Test: 67.65%
Run 02:
Highest Train: 77.50
Highest Valid: 79.16
  Final Train: 77.50
   Final Test: 67.65
Run: 03, Epoch: 01, Loss: 2.0865
Run: 03, Epoch: 02, Loss: 1.3416
Run: 03, Epoch: 03, Loss: 1.2045
Run: 03, Epoch: 04, Loss: 1.1226
Run: 03, Epoch: 05, Loss: 1.0682
Run: 03, Epoch: 06, Loss: 1.0478
Run: 03, Epoch: 07, Loss: 1.0181
Run: 03, Epoch: 08, Loss: 1.0010
Run: 03, Epoch: 09, Loss: 0.9861
Run: 03, Epoch: 10, Loss: 0.9607
Run: 03, Epoch: 10, Train: 76.52%, Valid: 79.28% Test: 66.90%
Run: 03, Epoch: 11, Loss: 0.9487
Run: 03, Epoch: 12, Loss: 0.9505
Run: 03, Epoch: 12, Train: 76.85%, Valid: 80.48% Test: 66.44%
Run: 03, Epoch: 13, Loss: 0.9467
Run: 03, Epoch: 14, Loss: 0.9348
Run: 03, Epoch: 14, Train: 77.39%, Valid: 81.54% Test: 68.82%
Run: 03, Epoch: 15, Loss: 0.9325
Run: 03, Epoch: 16, Loss: 0.9279
Run: 03, Epoch: 16, Train: 77.23%, Valid: 79.54% Test: 67.27%
Run: 03, Epoch: 17, Loss: 0.9293
Run: 03, Epoch: 18, Loss: 0.9286
Run: 03, Epoch: 18, Train: 77.74%, Valid: 80.18% Test: 67.89%
Run: 03, Epoch: 19, Loss: 0.9291
Run: 03, Epoch: 20, Loss: 0.9073
Run: 03, Epoch: 20, Train: 77.95%, Valid: 79.37% Test: 66.47%
Run 03:
Highest Train: 77.95
Highest Valid: 81.54
  Final Train: 77.39
   Final Test: 68.82
Run: 04, Epoch: 01, Loss: 2.1312
Run: 04, Epoch: 02, Loss: 1.3499
Run: 04, Epoch: 03, Loss: 1.1939
Run: 04, Epoch: 04, Loss: 1.1193
Run: 04, Epoch: 05, Loss: 1.0714
Run: 04, Epoch: 06, Loss: 1.0449
Run: 04, Epoch: 07, Loss: 1.0174
Run: 04, Epoch: 08, Loss: 0.9962
Run: 04, Epoch: 09, Loss: 0.9749
Run: 04, Epoch: 10, Loss: 0.9591
Run: 04, Epoch: 10, Train: 75.85%, Valid: 76.33% Test: 64.48%
Run: 04, Epoch: 11, Loss: 0.9490
Run: 04, Epoch: 12, Loss: 0.9482
Run: 04, Epoch: 12, Train: 76.81%, Valid: 81.96% Test: 68.61%
Run: 04, Epoch: 13, Loss: 0.9473
Run: 04, Epoch: 14, Loss: 0.9256
Run: 04, Epoch: 14, Train: 76.19%, Valid: 77.21% Test: 64.94%
Run: 04, Epoch: 15, Loss: 0.9401
Run: 04, Epoch: 16, Loss: 0.9253
Run: 04, Epoch: 16, Train: 77.19%, Valid: 76.09% Test: 65.54%
Run: 04, Epoch: 17, Loss: 0.9211
Run: 04, Epoch: 18, Loss: 0.9116
Run: 04, Epoch: 18, Train: 77.48%, Valid: 82.47% Test: 69.21%
Run: 04, Epoch: 19, Loss: 0.9130
Run: 04, Epoch: 20, Loss: 0.8993
Run: 04, Epoch: 20, Train: 77.41%, Valid: 80.79% Test: 67.52%
Run 04:
Highest Train: 77.48
Highest Valid: 82.47
  Final Train: 77.48
   Final Test: 69.21
Run: 05, Epoch: 01, Loss: 2.0041
Run: 05, Epoch: 02, Loss: 1.3254
Run: 05, Epoch: 03, Loss: 1.1826
Run: 05, Epoch: 04, Loss: 1.1106
Run: 05, Epoch: 05, Loss: 1.0653
Run: 05, Epoch: 06, Loss: 1.0306
Run: 05, Epoch: 07, Loss: 1.0119
Run: 05, Epoch: 08, Loss: 0.9867
Run: 05, Epoch: 09, Loss: 0.9794
Run: 05, Epoch: 10, Loss: 0.9680
Run: 05, Epoch: 10, Train: 76.07%, Valid: 77.06% Test: 65.48%
Run: 05, Epoch: 11, Loss: 0.9556
Run: 05, Epoch: 12, Loss: 0.9475
Run: 05, Epoch: 12, Train: 76.86%, Valid: 80.62% Test: 67.56%
Run: 05, Epoch: 13, Loss: 0.9380
Run: 05, Epoch: 14, Loss: 0.9284
Run: 05, Epoch: 14, Train: 77.19%, Valid: 78.52% Test: 65.70%
Run: 05, Epoch: 15, Loss: 0.9276
Run: 05, Epoch: 16, Loss: 0.9195
Run: 05, Epoch: 16, Train: 77.69%, Valid: 79.32% Test: 65.57%
Run: 05, Epoch: 17, Loss: 0.9131
Run: 05, Epoch: 18, Loss: 0.8937
Run: 05, Epoch: 18, Train: 78.04%, Valid: 79.43% Test: 66.34%
Run: 05, Epoch: 19, Loss: 0.8885
Run: 05, Epoch: 20, Loss: 0.9045
Run: 05, Epoch: 20, Train: 78.33%, Valid: 81.43% Test: 68.33%
Run 05:
Highest Train: 78.33
Highest Valid: 81.43
  Final Train: 78.33
   Final Test: 68.33
Run: 06, Epoch: 01, Loss: 2.0908
Run: 06, Epoch: 02, Loss: 1.3465
Run: 06, Epoch: 03, Loss: 1.2053
Run: 06, Epoch: 04, Loss: 1.1225
Run: 06, Epoch: 05, Loss: 1.0765
Run: 06, Epoch: 06, Loss: 1.0372
Run: 06, Epoch: 07, Loss: 1.0045
Run: 06, Epoch: 08, Loss: 0.9915
Run: 06, Epoch: 09, Loss: 0.9802
Run: 06, Epoch: 10, Loss: 0.9680
Run: 06, Epoch: 10, Train: 74.94%, Valid: 80.35% Test: 67.23%
Run: 06, Epoch: 11, Loss: 0.9519
Run: 06, Epoch: 12, Loss: 0.9537
Run: 06, Epoch: 12, Train: 75.54%, Valid: 77.13% Test: 65.27%
Run: 06, Epoch: 13, Loss: 0.9388
Run: 06, Epoch: 14, Loss: 0.9252
Run: 06, Epoch: 14, Train: 76.67%, Valid: 77.94% Test: 65.44%
Run: 06, Epoch: 15, Loss: 0.9232
Run: 06, Epoch: 16, Loss: 0.9283
Run: 06, Epoch: 16, Train: 77.59%, Valid: 81.16% Test: 67.91%
Run: 06, Epoch: 17, Loss: 0.9232
Run: 06, Epoch: 18, Loss: 0.9120
Run: 06, Epoch: 18, Train: 78.22%, Valid: 82.25% Test: 69.11%
Run: 06, Epoch: 19, Loss: 0.9094
Run: 06, Epoch: 20, Loss: 0.9163
Run: 06, Epoch: 20, Train: 78.68%, Valid: 79.11% Test: 66.23%
Run 06:
Highest Train: 78.68
Highest Valid: 82.25
  Final Train: 78.22
   Final Test: 69.11
Run: 07, Epoch: 01, Loss: 2.0931
Run: 07, Epoch: 02, Loss: 1.3456
Run: 07, Epoch: 03, Loss: 1.2058
Run: 07, Epoch: 04, Loss: 1.1175
Run: 07, Epoch: 05, Loss: 1.0660
Run: 07, Epoch: 06, Loss: 1.0405
Run: 07, Epoch: 07, Loss: 1.0093
Run: 07, Epoch: 08, Loss: 0.9915
Run: 07, Epoch: 09, Loss: 0.9857
Run: 07, Epoch: 10, Loss: 0.9757
Run: 07, Epoch: 10, Train: 75.76%, Valid: 81.82% Test: 66.38%
Run: 07, Epoch: 11, Loss: 0.9586
Run: 07, Epoch: 12, Loss: 0.9466
Run: 07, Epoch: 12, Train: 76.26%, Valid: 78.33% Test: 65.61%
Run: 07, Epoch: 13, Loss: 0.9342
Run: 07, Epoch: 14, Loss: 0.9261
Run: 07, Epoch: 14, Train: 77.59%, Valid: 81.20% Test: 67.88%
Run: 07, Epoch: 15, Loss: 0.9157
Run: 07, Epoch: 16, Loss: 0.9261
Run: 07, Epoch: 16, Train: 77.35%, Valid: 78.38% Test: 65.02%
Run: 07, Epoch: 17, Loss: 0.9122
Run: 07, Epoch: 18, Loss: 0.9019
Run: 07, Epoch: 18, Train: 77.72%, Valid: 78.03% Test: 65.45%
Run: 07, Epoch: 19, Loss: 0.9061
Run: 07, Epoch: 20, Loss: 0.9044
Run: 07, Epoch: 20, Train: 78.15%, Valid: 81.20% Test: 67.32%
Run 07:
Highest Train: 78.15
Highest Valid: 81.82
  Final Train: 75.76
   Final Test: 66.38
Run: 08, Epoch: 01, Loss: 2.0817
Run: 08, Epoch: 02, Loss: 1.3559
Run: 08, Epoch: 03, Loss: 1.1922
Run: 08, Epoch: 04, Loss: 1.1174
Run: 08, Epoch: 05, Loss: 1.0649
Run: 08, Epoch: 06, Loss: 1.0340
Run: 08, Epoch: 07, Loss: 1.0102
Run: 08, Epoch: 08, Loss: 1.0011
Run: 08, Epoch: 09, Loss: 0.9854
Run: 08, Epoch: 10, Loss: 0.9644
Run: 08, Epoch: 10, Train: 75.55%, Valid: 78.06% Test: 64.98%
Run: 08, Epoch: 11, Loss: 0.9633
Run: 08, Epoch: 12, Loss: 0.9460
Run: 08, Epoch: 12, Train: 76.89%, Valid: 77.09% Test: 64.90%
Run: 08, Epoch: 13, Loss: 0.9296
Run: 08, Epoch: 14, Loss: 0.9238
Run: 08, Epoch: 14, Train: 76.90%, Valid: 78.47% Test: 65.90%
Run: 08, Epoch: 15, Loss: 0.9176
Run: 08, Epoch: 16, Loss: 0.9083
Run: 08, Epoch: 16, Train: 77.63%, Valid: 79.23% Test: 66.19%
Run: 08, Epoch: 17, Loss: 0.9130
Run: 08, Epoch: 18, Loss: 0.9184
Run: 08, Epoch: 18, Train: 77.56%, Valid: 80.59% Test: 66.30%
Run: 08, Epoch: 19, Loss: 0.8982
Run: 08, Epoch: 20, Loss: 0.8950
Run: 08, Epoch: 20, Train: 78.04%, Valid: 82.30% Test: 68.13%
Run 08:
Highest Train: 78.04
Highest Valid: 82.30
  Final Train: 78.04
   Final Test: 68.13
Run: 09, Epoch: 01, Loss: 2.1093
Run: 09, Epoch: 02, Loss: 1.3353
Run: 09, Epoch: 03, Loss: 1.1875
Run: 09, Epoch: 04, Loss: 1.1073
Run: 09, Epoch: 05, Loss: 1.0647
Run: 09, Epoch: 06, Loss: 1.0254
Run: 09, Epoch: 07, Loss: 1.0112
Run: 09, Epoch: 08, Loss: 0.9966
Run: 09, Epoch: 09, Loss: 0.9753
Run: 09, Epoch: 10, Loss: 0.9642
Run: 09, Epoch: 10, Train: 75.00%, Valid: 77.91% Test: 65.22%
Run: 09, Epoch: 11, Loss: 0.9624
Run: 09, Epoch: 12, Loss: 0.9327
Run: 09, Epoch: 12, Train: 76.51%, Valid: 77.77% Test: 64.60%
Run: 09, Epoch: 13, Loss: 0.9430
Run: 09, Epoch: 14, Loss: 0.9346
Run: 09, Epoch: 14, Train: 77.10%, Valid: 79.84% Test: 65.85%
Run: 09, Epoch: 15, Loss: 0.9249
Run: 09, Epoch: 16, Loss: 0.9171
Run: 09, Epoch: 16, Train: 77.52%, Valid: 77.09% Test: 65.31%
Run: 09, Epoch: 17, Loss: 0.9064
Run: 09, Epoch: 18, Loss: 0.8960
Run: 09, Epoch: 18, Train: 78.02%, Valid: 81.67% Test: 67.62%
Run: 09, Epoch: 19, Loss: 0.8947
Run: 09, Epoch: 20, Loss: 0.8923
Run: 09, Epoch: 20, Train: 78.52%, Valid: 84.21% Test: 69.87%
Run 09:
Highest Train: 78.52
Highest Valid: 84.21
  Final Train: 78.52
   Final Test: 69.87
Run: 10, Epoch: 01, Loss: 2.0077
Run: 10, Epoch: 02, Loss: 1.3244
Run: 10, Epoch: 03, Loss: 1.1811
Run: 10, Epoch: 04, Loss: 1.1139
Run: 10, Epoch: 05, Loss: 1.0650
Run: 10, Epoch: 06, Loss: 1.0391
Run: 10, Epoch: 07, Loss: 0.9974
Run: 10, Epoch: 08, Loss: 0.9976
Run: 10, Epoch: 09, Loss: 0.9933
Run: 10, Epoch: 10, Loss: 0.9681
Run: 10, Epoch: 10, Train: 75.55%, Valid: 78.76% Test: 66.51%
Run: 10, Epoch: 11, Loss: 0.9491
Run: 10, Epoch: 12, Loss: 0.9386
Run: 10, Epoch: 12, Train: 76.94%, Valid: 78.76% Test: 66.14%
Run: 10, Epoch: 13, Loss: 0.9314
Run: 10, Epoch: 14, Loss: 0.9292
Run: 10, Epoch: 14, Train: 76.60%, Valid: 77.98% Test: 66.43%
Run: 10, Epoch: 15, Loss: 0.9410
Run: 10, Epoch: 16, Loss: 0.9176
Run: 10, Epoch: 16, Train: 76.33%, Valid: 77.08% Test: 64.59%
Run: 10, Epoch: 17, Loss: 0.9121
Run: 10, Epoch: 18, Loss: 0.9158
Run: 10, Epoch: 18, Train: 77.27%, Valid: 75.53% Test: 63.65%
Run: 10, Epoch: 19, Loss: 0.9068
Run: 10, Epoch: 20, Loss: 0.9022
Run: 10, Epoch: 20, Train: 78.66%, Valid: 76.03% Test: 63.36%
Run 10:
Highest Train: 78.66
Highest Valid: 78.76
  Final Train: 75.55
   Final Test: 66.51
All runs:
Highest Train: 78.08 ± 0.46
Highest Valid: 81.57 ± 1.59
  Final Train: 77.36 ± 1.04
   Final Test: 68.22 ± 1.13
