Namespace(device=0, log_steps=1, inductive=False, num_layers=3, hidden_channels=256, dropout=0.5, batch_size=20000, walk_length=3, lr=0.01, num_steps=30, epochs=20, eval_steps=2, runs=10, rsv=0.15, al='el2n', alpha=0.2)
tensor([ 99311, 131369,  15223,  ..., 135067, 147806, 151182]) 29493
tensor([222340, 232877, 217134,  ..., 227903, 207408, 216541]) 5898
Run: 01, Epoch: 01, Loss: 2.3963
Run: 01, Epoch: 02, Loss: 1.6419
Run: 01, Epoch: 03, Loss: 1.4695
Run: 01, Epoch: 04, Loss: 1.3924
Run: 01, Epoch: 05, Loss: 1.3252
Run: 01, Epoch: 06, Loss: 1.2854
Run: 01, Epoch: 07, Loss: 1.2526
Run: 01, Epoch: 08, Loss: 1.2227
Run: 01, Epoch: 09, Loss: 1.2192
Run: 01, Epoch: 10, Loss: 1.2093
Run: 01, Epoch: 10, Train: 67.33%, Valid: 57.63% Test: 50.37%
Run: 01, Epoch: 11, Loss: 1.1846
Run: 01, Epoch: 12, Loss: 1.1777
Run: 01, Epoch: 12, Train: 66.85%, Valid: 52.09% Test: 46.73%
Run: 01, Epoch: 13, Loss: 1.1699
Run: 01, Epoch: 14, Loss: 1.1625
Run: 01, Epoch: 14, Train: 68.93%, Valid: 56.24% Test: 49.92%
Run: 01, Epoch: 15, Loss: 1.1546
Run: 01, Epoch: 16, Loss: 1.1486
Run: 01, Epoch: 16, Train: 67.47%, Valid: 55.97% Test: 48.94%
Run: 01, Epoch: 17, Loss: 1.1426
Run: 01, Epoch: 18, Loss: 1.1390
Run: 01, Epoch: 18, Train: 69.79%, Valid: 56.48% Test: 49.05%
Run: 01, Epoch: 19, Loss: 1.1389
Run: 01, Epoch: 20, Loss: 1.1258
Run: 01, Epoch: 20, Train: 70.49%, Valid: 56.24% Test: 48.79%
Run 01:
Highest Train: 70.49
Highest Valid: 57.63
  Final Train: 67.33
   Final Test: 50.37
Run: 02, Epoch: 01, Loss: 2.4134
Run: 02, Epoch: 02, Loss: 1.6570
Run: 02, Epoch: 03, Loss: 1.4816
Run: 02, Epoch: 04, Loss: 1.3874
Run: 02, Epoch: 05, Loss: 1.3264
Run: 02, Epoch: 06, Loss: 1.2878
Run: 02, Epoch: 07, Loss: 1.2628
Run: 02, Epoch: 08, Loss: 1.2424
Run: 02, Epoch: 09, Loss: 1.2253
Run: 02, Epoch: 10, Loss: 1.2043
Run: 02, Epoch: 10, Train: 66.42%, Valid: 56.38% Test: 50.21%
Run: 02, Epoch: 11, Loss: 1.1982
Run: 02, Epoch: 12, Loss: 1.1872
Run: 02, Epoch: 12, Train: 68.38%, Valid: 61.17% Test: 52.82%
Run: 02, Epoch: 13, Loss: 1.1692
Run: 02, Epoch: 14, Loss: 1.1654
Run: 02, Epoch: 14, Train: 69.19%, Valid: 59.99% Test: 51.18%
Run: 02, Epoch: 15, Loss: 1.1668
Run: 02, Epoch: 16, Loss: 1.1533
Run: 02, Epoch: 16, Train: 69.13%, Valid: 54.87% Test: 49.10%
Run: 02, Epoch: 17, Loss: 1.1431
Run: 02, Epoch: 18, Loss: 1.1418
Run: 02, Epoch: 18, Train: 70.09%, Valid: 54.82% Test: 48.22%
Run: 02, Epoch: 19, Loss: 1.1295
Run: 02, Epoch: 20, Loss: 1.1570
Run: 02, Epoch: 20, Train: 69.50%, Valid: 55.73% Test: 48.95%
Run 02:
Highest Train: 70.09
Highest Valid: 61.17
  Final Train: 68.38
   Final Test: 52.82
Run: 03, Epoch: 01, Loss: 2.3772
Run: 03, Epoch: 02, Loss: 1.6338
Run: 03, Epoch: 03, Loss: 1.4650
Run: 03, Epoch: 04, Loss: 1.3849
Run: 03, Epoch: 05, Loss: 1.3246
Run: 03, Epoch: 06, Loss: 1.3003
Run: 03, Epoch: 07, Loss: 1.2502
Run: 03, Epoch: 08, Loss: 1.2365
Run: 03, Epoch: 09, Loss: 1.2203
Run: 03, Epoch: 10, Loss: 1.2004
Run: 03, Epoch: 10, Train: 66.89%, Valid: 57.44% Test: 50.17%
Run: 03, Epoch: 11, Loss: 1.1951
Run: 03, Epoch: 12, Loss: 1.1762
Run: 03, Epoch: 12, Train: 68.64%, Valid: 56.77% Test: 49.46%
Run: 03, Epoch: 13, Loss: 1.1724
Run: 03, Epoch: 14, Loss: 1.1645
Run: 03, Epoch: 14, Train: 69.25%, Valid: 55.17% Test: 49.19%
Run: 03, Epoch: 15, Loss: 1.1618
Run: 03, Epoch: 16, Loss: 1.1540
Run: 03, Epoch: 16, Train: 68.86%, Valid: 51.00% Test: 45.04%
Run: 03, Epoch: 17, Loss: 1.1472
Run: 03, Epoch: 18, Loss: 1.1387
Run: 03, Epoch: 18, Train: 70.04%, Valid: 53.36% Test: 48.21%
Run: 03, Epoch: 19, Loss: 1.1319
Run: 03, Epoch: 20, Loss: 1.1295
Run: 03, Epoch: 20, Train: 70.27%, Valid: 54.20% Test: 47.27%
Run 03:
Highest Train: 70.27
Highest Valid: 57.44
  Final Train: 66.89
   Final Test: 50.17
Run: 04, Epoch: 01, Loss: 2.3913
Run: 04, Epoch: 02, Loss: 1.6416
Run: 04, Epoch: 03, Loss: 1.4657
Run: 04, Epoch: 04, Loss: 1.3753
Run: 04, Epoch: 05, Loss: 1.3143
Run: 04, Epoch: 06, Loss: 1.2902
Run: 04, Epoch: 07, Loss: 1.2657
Run: 04, Epoch: 08, Loss: 1.2347
Run: 04, Epoch: 09, Loss: 1.2207
Run: 04, Epoch: 10, Loss: 1.1988
Run: 04, Epoch: 10, Train: 66.82%, Valid: 57.15% Test: 50.13%
Run: 04, Epoch: 11, Loss: 1.1823
Run: 04, Epoch: 12, Loss: 1.1754
Run: 04, Epoch: 12, Train: 68.06%, Valid: 55.93% Test: 49.45%
Run: 04, Epoch: 13, Loss: 1.1845
Run: 04, Epoch: 14, Loss: 1.1600
Run: 04, Epoch: 14, Train: 68.84%, Valid: 55.97% Test: 49.10%
Run: 04, Epoch: 15, Loss: 1.1655
Run: 04, Epoch: 16, Loss: 1.1492
Run: 04, Epoch: 16, Train: 70.10%, Valid: 56.95% Test: 51.14%
Run: 04, Epoch: 17, Loss: 1.1456
Run: 04, Epoch: 18, Loss: 1.1419
Run: 04, Epoch: 18, Train: 70.64%, Valid: 54.24% Test: 47.54%
Run: 04, Epoch: 19, Loss: 1.1273
Run: 04, Epoch: 20, Loss: 1.1212
Run: 04, Epoch: 20, Train: 70.39%, Valid: 55.04% Test: 48.27%
Run 04:
Highest Train: 70.64
Highest Valid: 57.15
  Final Train: 66.82
   Final Test: 50.13
Run: 05, Epoch: 01, Loss: 2.2425
Run: 05, Epoch: 02, Loss: 1.6022
Run: 05, Epoch: 03, Loss: 1.4440
Run: 05, Epoch: 04, Loss: 1.3656
Run: 05, Epoch: 05, Loss: 1.3218
Run: 05, Epoch: 06, Loss: 1.2782
Run: 05, Epoch: 07, Loss: 1.2545
Run: 05, Epoch: 08, Loss: 1.2227
Run: 05, Epoch: 09, Loss: 1.2267
Run: 05, Epoch: 10, Loss: 1.1966
Run: 05, Epoch: 10, Train: 66.24%, Valid: 59.38% Test: 51.65%
Run: 05, Epoch: 11, Loss: 1.1842
Run: 05, Epoch: 12, Loss: 1.1733
Run: 05, Epoch: 12, Train: 67.94%, Valid: 59.43% Test: 52.04%
Run: 05, Epoch: 13, Loss: 1.1668
Run: 05, Epoch: 14, Loss: 1.1572
Run: 05, Epoch: 14, Train: 69.21%, Valid: 57.54% Test: 50.08%
Run: 05, Epoch: 15, Loss: 1.1539
Run: 05, Epoch: 16, Loss: 1.1472
Run: 05, Epoch: 16, Train: 69.78%, Valid: 53.44% Test: 47.92%
Run: 05, Epoch: 17, Loss: 1.1415
Run: 05, Epoch: 18, Loss: 1.1226
Run: 05, Epoch: 18, Train: 70.61%, Valid: 54.31% Test: 48.01%
Run: 05, Epoch: 19, Loss: 1.1127
Run: 05, Epoch: 20, Loss: 1.1248
Run: 05, Epoch: 20, Train: 70.57%, Valid: 57.66% Test: 49.87%
Run 05:
Highest Train: 70.61
Highest Valid: 59.43
  Final Train: 67.94
   Final Test: 52.04
Run: 06, Epoch: 01, Loss: 2.2866
Run: 06, Epoch: 02, Loss: 1.6107
Run: 06, Epoch: 03, Loss: 1.4565
Run: 06, Epoch: 04, Loss: 1.3628
Run: 06, Epoch: 05, Loss: 1.3213
Run: 06, Epoch: 06, Loss: 1.2835
Run: 06, Epoch: 07, Loss: 1.2459
Run: 06, Epoch: 08, Loss: 1.2275
Run: 06, Epoch: 09, Loss: 1.2084
Run: 06, Epoch: 10, Loss: 1.1836
Run: 06, Epoch: 10, Train: 66.99%, Valid: 57.63% Test: 50.57%
Run: 06, Epoch: 11, Loss: 1.1787
Run: 06, Epoch: 12, Loss: 1.1821
Run: 06, Epoch: 12, Train: 68.79%, Valid: 58.32% Test: 50.76%
Run: 06, Epoch: 13, Loss: 1.1586
Run: 06, Epoch: 14, Loss: 1.1465
Run: 06, Epoch: 14, Train: 69.60%, Valid: 56.83% Test: 48.92%
Run: 06, Epoch: 15, Loss: 1.1369
Run: 06, Epoch: 16, Loss: 1.1423
Run: 06, Epoch: 16, Train: 69.56%, Valid: 56.87% Test: 49.24%
Run: 06, Epoch: 17, Loss: 1.1341
Run: 06, Epoch: 18, Loss: 1.1333
Run: 06, Epoch: 18, Train: 71.20%, Valid: 60.92% Test: 52.76%
Run: 06, Epoch: 19, Loss: 1.1277
Run: 06, Epoch: 20, Loss: 1.1302
Run: 06, Epoch: 20, Train: 70.19%, Valid: 56.78% Test: 49.03%
Run 06:
Highest Train: 71.20
Highest Valid: 60.92
  Final Train: 71.20
   Final Test: 52.76
Run: 07, Epoch: 01, Loss: 2.2452
Run: 07, Epoch: 02, Loss: 1.6069
Run: 07, Epoch: 03, Loss: 1.4523
Run: 07, Epoch: 04, Loss: 1.3484
Run: 07, Epoch: 05, Loss: 1.3188
Run: 07, Epoch: 06, Loss: 1.2732
Run: 07, Epoch: 07, Loss: 1.2385
Run: 07, Epoch: 08, Loss: 1.2126
Run: 07, Epoch: 09, Loss: 1.2022
Run: 07, Epoch: 10, Loss: 1.1943
Run: 07, Epoch: 10, Train: 66.43%, Valid: 56.27% Test: 48.36%
Run: 07, Epoch: 11, Loss: 1.1879
Run: 07, Epoch: 12, Loss: 1.1750
Run: 07, Epoch: 12, Train: 67.59%, Valid: 57.43% Test: 49.66%
Run: 07, Epoch: 13, Loss: 1.1585
Run: 07, Epoch: 14, Loss: 1.1524
Run: 07, Epoch: 14, Train: 69.22%, Valid: 54.49% Test: 47.48%
Run: 07, Epoch: 15, Loss: 1.1551
Run: 07, Epoch: 16, Loss: 1.1453
Run: 07, Epoch: 16, Train: 69.20%, Valid: 55.71% Test: 48.51%
Run: 07, Epoch: 17, Loss: 1.1273
Run: 07, Epoch: 18, Loss: 1.1223
Run: 07, Epoch: 18, Train: 70.32%, Valid: 54.32% Test: 48.57%
Run: 07, Epoch: 19, Loss: 1.1259
Run: 07, Epoch: 20, Loss: 1.1184
Run: 07, Epoch: 20, Train: 70.22%, Valid: 55.61% Test: 49.76%
Run 07:
Highest Train: 70.32
Highest Valid: 57.43
  Final Train: 67.59
   Final Test: 49.66
Run: 08, Epoch: 01, Loss: 2.2708
Run: 08, Epoch: 02, Loss: 1.6239
Run: 08, Epoch: 03, Loss: 1.4467
Run: 08, Epoch: 04, Loss: 1.3583
Run: 08, Epoch: 05, Loss: 1.3058
Run: 08, Epoch: 06, Loss: 1.2680
Run: 08, Epoch: 07, Loss: 1.2421
Run: 08, Epoch: 08, Loss: 1.2324
Run: 08, Epoch: 09, Loss: 1.2101
Run: 08, Epoch: 10, Loss: 1.1849
Run: 08, Epoch: 10, Train: 67.52%, Valid: 54.85% Test: 46.93%
Run: 08, Epoch: 11, Loss: 1.1796
Run: 08, Epoch: 12, Loss: 1.1610
Run: 08, Epoch: 12, Train: 68.29%, Valid: 53.66% Test: 47.29%
Run: 08, Epoch: 13, Loss: 1.1430
Run: 08, Epoch: 14, Loss: 1.1491
Run: 08, Epoch: 14, Train: 69.30%, Valid: 54.17% Test: 46.92%
Run: 08, Epoch: 15, Loss: 1.1458
Run: 08, Epoch: 16, Loss: 1.1330
Run: 08, Epoch: 16, Train: 70.07%, Valid: 54.59% Test: 48.36%
Run: 08, Epoch: 17, Loss: 1.1272
Run: 08, Epoch: 18, Loss: 1.1425
Run: 08, Epoch: 18, Train: 70.59%, Valid: 51.25% Test: 45.46%
Run: 08, Epoch: 19, Loss: 1.1103
Run: 08, Epoch: 20, Loss: 1.1100
Run: 08, Epoch: 20, Train: 70.63%, Valid: 53.90% Test: 47.24%
Run 08:
Highest Train: 70.63
Highest Valid: 54.85
  Final Train: 67.52
   Final Test: 46.93
Run: 09, Epoch: 01, Loss: 2.3057
Run: 09, Epoch: 02, Loss: 1.6190
Run: 09, Epoch: 03, Loss: 1.4495
Run: 09, Epoch: 04, Loss: 1.3626
Run: 09, Epoch: 05, Loss: 1.3155
Run: 09, Epoch: 06, Loss: 1.2668
Run: 09, Epoch: 07, Loss: 1.2425
Run: 09, Epoch: 08, Loss: 1.2281
Run: 09, Epoch: 09, Loss: 1.2081
Run: 09, Epoch: 10, Loss: 1.1856
Run: 09, Epoch: 10, Train: 66.88%, Valid: 55.49% Test: 47.50%
Run: 09, Epoch: 11, Loss: 1.1871
Run: 09, Epoch: 12, Loss: 1.1568
Run: 09, Epoch: 12, Train: 68.78%, Valid: 57.26% Test: 50.84%
Run: 09, Epoch: 13, Loss: 1.1694
Run: 09, Epoch: 14, Loss: 1.1670
Run: 09, Epoch: 14, Train: 69.62%, Valid: 58.04% Test: 50.21%
Run: 09, Epoch: 15, Loss: 1.1508
Run: 09, Epoch: 16, Loss: 1.1530
Run: 09, Epoch: 16, Train: 69.77%, Valid: 59.33% Test: 51.91%
Run: 09, Epoch: 17, Loss: 1.1344
Run: 09, Epoch: 18, Loss: 1.1333
Run: 09, Epoch: 18, Train: 69.23%, Valid: 55.02% Test: 47.92%
Run: 09, Epoch: 19, Loss: 1.1208
Run: 09, Epoch: 20, Loss: 1.1207
Run: 09, Epoch: 20, Train: 70.97%, Valid: 57.58% Test: 50.35%
Run 09:
Highest Train: 70.97
Highest Valid: 59.33
  Final Train: 69.77
   Final Test: 51.91
Run: 10, Epoch: 01, Loss: 2.2601
Run: 10, Epoch: 02, Loss: 1.6060
Run: 10, Epoch: 03, Loss: 1.4575
Run: 10, Epoch: 04, Loss: 1.3720
Run: 10, Epoch: 05, Loss: 1.3160
Run: 10, Epoch: 06, Loss: 1.2871
Run: 10, Epoch: 07, Loss: 1.2432
Run: 10, Epoch: 08, Loss: 1.2324
Run: 10, Epoch: 09, Loss: 1.2218
Run: 10, Epoch: 10, Loss: 1.1931
Run: 10, Epoch: 10, Train: 67.68%, Valid: 54.41% Test: 47.63%
Run: 10, Epoch: 11, Loss: 1.1849
Run: 10, Epoch: 12, Loss: 1.1790
Run: 10, Epoch: 12, Train: 67.74%, Valid: 54.66% Test: 47.73%
Run: 10, Epoch: 13, Loss: 1.1627
Run: 10, Epoch: 14, Loss: 1.1582
Run: 10, Epoch: 14, Train: 68.42%, Valid: 53.48% Test: 48.03%
Run: 10, Epoch: 15, Loss: 1.1444
Run: 10, Epoch: 16, Loss: 1.1323
Run: 10, Epoch: 16, Train: 69.55%, Valid: 53.93% Test: 47.62%
Run: 10, Epoch: 17, Loss: 1.1405
Run: 10, Epoch: 18, Loss: 1.1375
Run: 10, Epoch: 18, Train: 69.95%, Valid: 53.66% Test: 47.17%
Run: 10, Epoch: 19, Loss: 1.1364
Run: 10, Epoch: 20, Loss: 1.1358
Run: 10, Epoch: 20, Train: 71.06%, Valid: 53.98% Test: 47.67%
Run 10:
Highest Train: 71.06
Highest Valid: 54.66
  Final Train: 67.74
   Final Test: 47.73
All runs:
Highest Train: 70.63 ± 0.36
Highest Valid: 58.00 ± 2.23
  Final Train: 68.12 ± 1.37
   Final Test: 50.45 ± 2.01
