Namespace(device=0, log_steps=1, inductive=False, num_layers=3, hidden_channels=256, dropout=0.5, batch_size=20000, walk_length=3, lr=0.01, num_steps=30, epochs=20, eval_steps=2, runs=10, rsv=0.15, al='el2n', alpha=0.7)
tensor([  3882,  25400,  39126,  ...,  90440,  48827, 176636]) 29492
tensor([222340, 232877, 217134,  ..., 227903, 207408, 216541]) 5898
Run: 01, Epoch: 01, Loss: 1.5153
Run: 01, Epoch: 02, Loss: 0.7024
Run: 01, Epoch: 03, Loss: 0.6055
Run: 01, Epoch: 04, Loss: 0.5481
Run: 01, Epoch: 05, Loss: 0.5328
Run: 01, Epoch: 06, Loss: 0.5132
Run: 01, Epoch: 07, Loss: 0.4861
Run: 01, Epoch: 08, Loss: 0.4829
Run: 01, Epoch: 09, Loss: 0.4649
Run: 01, Epoch: 10, Loss: 0.4644
Run: 01, Epoch: 10, Train: 89.08%, Valid: 89.67% Test: 77.61%
Run: 01, Epoch: 11, Loss: 0.4523
Run: 01, Epoch: 12, Loss: 0.4530
Run: 01, Epoch: 12, Train: 89.48%, Valid: 89.91% Test: 76.56%
Run: 01, Epoch: 13, Loss: 0.4472
Run: 01, Epoch: 14, Loss: 0.4444
Run: 01, Epoch: 14, Train: 89.55%, Valid: 90.05% Test: 77.42%
Run: 01, Epoch: 15, Loss: 0.4356
Run: 01, Epoch: 16, Loss: 0.4278
Run: 01, Epoch: 16, Train: 90.30%, Valid: 90.62% Test: 77.55%
Run: 01, Epoch: 17, Loss: 0.4270
Run: 01, Epoch: 18, Loss: 0.4242
Run: 01, Epoch: 18, Train: 90.35%, Valid: 90.34% Test: 76.40%
Run: 01, Epoch: 19, Loss: 0.4427
Run: 01, Epoch: 20, Loss: 0.4260
Run: 01, Epoch: 20, Train: 90.36%, Valid: 90.44% Test: 77.46%
Run 01:
Highest Train: 90.36
Highest Valid: 90.62
  Final Train: 90.30
   Final Test: 77.55
Run: 02, Epoch: 01, Loss: 1.5479
Run: 02, Epoch: 02, Loss: 0.7102
Run: 02, Epoch: 03, Loss: 0.6088
Run: 02, Epoch: 04, Loss: 0.5605
Run: 02, Epoch: 05, Loss: 0.5292
Run: 02, Epoch: 06, Loss: 0.5101
Run: 02, Epoch: 07, Loss: 0.4963
Run: 02, Epoch: 08, Loss: 0.4917
Run: 02, Epoch: 09, Loss: 0.4899
Run: 02, Epoch: 10, Loss: 0.4762
Run: 02, Epoch: 10, Train: 89.02%, Valid: 89.67% Test: 77.31%
Run: 02, Epoch: 11, Loss: 0.4565
Run: 02, Epoch: 12, Loss: 0.4565
Run: 02, Epoch: 12, Train: 89.60%, Valid: 89.86% Test: 77.51%
Run: 02, Epoch: 13, Loss: 0.4387
Run: 02, Epoch: 14, Loss: 0.4417
Run: 02, Epoch: 14, Train: 89.86%, Valid: 89.88% Test: 77.27%
Run: 02, Epoch: 15, Loss: 0.4413
Run: 02, Epoch: 16, Loss: 0.4410
Run: 02, Epoch: 16, Train: 89.86%, Valid: 89.91% Test: 77.39%
Run: 02, Epoch: 17, Loss: 0.4351
Run: 02, Epoch: 18, Loss: 0.4371
Run: 02, Epoch: 18, Train: 90.05%, Valid: 90.08% Test: 77.69%
Run: 02, Epoch: 19, Loss: 0.4256
Run: 02, Epoch: 20, Loss: 0.4223
Run: 02, Epoch: 20, Train: 90.35%, Valid: 89.81% Test: 77.34%
Run 02:
Highest Train: 90.35
Highest Valid: 90.08
  Final Train: 90.05
   Final Test: 77.69
Run: 03, Epoch: 01, Loss: 1.5985
Run: 03, Epoch: 02, Loss: 0.7112
Run: 03, Epoch: 03, Loss: 0.6238
Run: 03, Epoch: 04, Loss: 0.5690
Run: 03, Epoch: 05, Loss: 0.5329
Run: 03, Epoch: 06, Loss: 0.5244
Run: 03, Epoch: 07, Loss: 0.5085
Run: 03, Epoch: 08, Loss: 0.4923
Run: 03, Epoch: 09, Loss: 0.4870
Run: 03, Epoch: 10, Loss: 0.4758
Run: 03, Epoch: 10, Train: 88.68%, Valid: 89.83% Test: 77.26%
Run: 03, Epoch: 11, Loss: 0.4594
Run: 03, Epoch: 12, Loss: 0.4633
Run: 03, Epoch: 12, Train: 89.40%, Valid: 90.10% Test: 77.11%
Run: 03, Epoch: 13, Loss: 0.4478
Run: 03, Epoch: 14, Loss: 0.4537
Run: 03, Epoch: 14, Train: 89.39%, Valid: 89.76% Test: 77.34%
Run: 03, Epoch: 15, Loss: 0.4383
Run: 03, Epoch: 16, Loss: 0.4410
Run: 03, Epoch: 16, Train: 89.64%, Valid: 90.27% Test: 77.14%
Run: 03, Epoch: 17, Loss: 0.4389
Run: 03, Epoch: 18, Loss: 0.4325
Run: 03, Epoch: 18, Train: 90.08%, Valid: 90.25% Test: 76.97%
Run: 03, Epoch: 19, Loss: 0.4384
Run: 03, Epoch: 20, Loss: 0.4350
Run: 03, Epoch: 20, Train: 90.33%, Valid: 90.18% Test: 77.05%
Run 03:
Highest Train: 90.33
Highest Valid: 90.27
  Final Train: 89.64
   Final Test: 77.14
Run: 04, Epoch: 01, Loss: 1.4839
Run: 04, Epoch: 02, Loss: 0.6997
Run: 04, Epoch: 03, Loss: 0.6011
Run: 04, Epoch: 04, Loss: 0.5658
Run: 04, Epoch: 05, Loss: 0.5314
Run: 04, Epoch: 06, Loss: 0.5118
Run: 04, Epoch: 07, Loss: 0.4915
Run: 04, Epoch: 08, Loss: 0.4886
Run: 04, Epoch: 09, Loss: 0.4810
Run: 04, Epoch: 10, Loss: 0.4675
Run: 04, Epoch: 10, Train: 88.97%, Valid: 90.20% Test: 77.39%
Run: 04, Epoch: 11, Loss: 0.4597
Run: 04, Epoch: 12, Loss: 0.4544
Run: 04, Epoch: 12, Train: 89.02%, Valid: 89.93% Test: 77.74%
Run: 04, Epoch: 13, Loss: 0.4512
Run: 04, Epoch: 14, Loss: 0.4418
Run: 04, Epoch: 14, Train: 89.44%, Valid: 90.28% Test: 76.66%
Run: 04, Epoch: 15, Loss: 0.4378
Run: 04, Epoch: 16, Loss: 0.4402
Run: 04, Epoch: 16, Train: 89.93%, Valid: 89.86% Test: 77.13%
Run: 04, Epoch: 17, Loss: 0.4356
Run: 04, Epoch: 18, Loss: 0.4355
Run: 04, Epoch: 18, Train: 90.22%, Valid: 89.83% Test: 76.28%
Run: 04, Epoch: 19, Loss: 0.4220
Run: 04, Epoch: 20, Loss: 0.4324
Run: 04, Epoch: 20, Train: 90.20%, Valid: 90.18% Test: 77.52%
Run 04:
Highest Train: 90.22
Highest Valid: 90.28
  Final Train: 89.44
   Final Test: 76.66
Run: 05, Epoch: 01, Loss: 1.4422
Run: 05, Epoch: 02, Loss: 0.6949
Run: 05, Epoch: 03, Loss: 0.6023
Run: 05, Epoch: 04, Loss: 0.5616
Run: 05, Epoch: 05, Loss: 0.5281
Run: 05, Epoch: 06, Loss: 0.5100
Run: 05, Epoch: 07, Loss: 0.4950
Run: 05, Epoch: 08, Loss: 0.4780
Run: 05, Epoch: 09, Loss: 0.4739
Run: 05, Epoch: 10, Loss: 0.4628
Run: 05, Epoch: 10, Train: 89.17%, Valid: 89.57% Test: 77.02%
Run: 05, Epoch: 11, Loss: 0.4545
Run: 05, Epoch: 12, Loss: 0.4530
Run: 05, Epoch: 12, Train: 89.38%, Valid: 89.79% Test: 76.63%
Run: 05, Epoch: 13, Loss: 0.4516
Run: 05, Epoch: 14, Loss: 0.4479
Run: 05, Epoch: 14, Train: 89.41%, Valid: 89.86% Test: 77.36%
Run: 05, Epoch: 15, Loss: 0.4444
Run: 05, Epoch: 16, Loss: 0.4419
Run: 05, Epoch: 16, Train: 89.92%, Valid: 90.34% Test: 77.52%
Run: 05, Epoch: 17, Loss: 0.4317
Run: 05, Epoch: 18, Loss: 0.4296
Run: 05, Epoch: 18, Train: 90.21%, Valid: 90.10% Test: 76.26%
Run: 05, Epoch: 19, Loss: 0.4285
Run: 05, Epoch: 20, Loss: 0.4328
Run: 05, Epoch: 20, Train: 90.58%, Valid: 90.20% Test: 76.12%
Run 05:
Highest Train: 90.58
Highest Valid: 90.34
  Final Train: 89.92
   Final Test: 77.52
Run: 06, Epoch: 01, Loss: 1.4322
Run: 06, Epoch: 02, Loss: 0.6805
Run: 06, Epoch: 03, Loss: 0.6025
Run: 06, Epoch: 04, Loss: 0.5435
Run: 06, Epoch: 05, Loss: 0.5220
Run: 06, Epoch: 06, Loss: 0.5147
Run: 06, Epoch: 07, Loss: 0.4915
Run: 06, Epoch: 08, Loss: 0.4800
Run: 06, Epoch: 09, Loss: 0.4731
Run: 06, Epoch: 10, Loss: 0.4674
Run: 06, Epoch: 10, Train: 88.74%, Valid: 89.64% Test: 77.26%
Run: 06, Epoch: 11, Loss: 0.4546
Run: 06, Epoch: 12, Loss: 0.4459
Run: 06, Epoch: 12, Train: 89.59%, Valid: 89.91% Test: 76.98%
Run: 06, Epoch: 13, Loss: 0.4438
Run: 06, Epoch: 14, Loss: 0.4427
Run: 06, Epoch: 14, Train: 89.33%, Valid: 90.56% Test: 76.38%
Run: 06, Epoch: 15, Loss: 0.4347
Run: 06, Epoch: 16, Loss: 0.4306
Run: 06, Epoch: 16, Train: 90.03%, Valid: 90.34% Test: 76.98%
Run: 06, Epoch: 17, Loss: 0.4381
Run: 06, Epoch: 18, Loss: 0.4282
Run: 06, Epoch: 18, Train: 90.39%, Valid: 90.22% Test: 77.07%
Run: 06, Epoch: 19, Loss: 0.4351
Run: 06, Epoch: 20, Loss: 0.4333
Run: 06, Epoch: 20, Train: 90.35%, Valid: 90.01% Test: 77.11%
Run 06:
Highest Train: 90.39
Highest Valid: 90.56
  Final Train: 89.33
   Final Test: 76.38
Run: 07, Epoch: 01, Loss: 1.5328
Run: 07, Epoch: 02, Loss: 0.6903
Run: 07, Epoch: 03, Loss: 0.6115
Run: 07, Epoch: 04, Loss: 0.5631
Run: 07, Epoch: 05, Loss: 0.5361
Run: 07, Epoch: 06, Loss: 0.5066
Run: 07, Epoch: 07, Loss: 0.4951
Run: 07, Epoch: 08, Loss: 0.4836
Run: 07, Epoch: 09, Loss: 0.4770
Run: 07, Epoch: 10, Loss: 0.4733
Run: 07, Epoch: 10, Train: 89.06%, Valid: 89.57% Test: 77.18%
Run: 07, Epoch: 11, Loss: 0.4613
Run: 07, Epoch: 12, Loss: 0.4484
Run: 07, Epoch: 12, Train: 89.34%, Valid: 89.66% Test: 76.91%
Run: 07, Epoch: 13, Loss: 0.4477
Run: 07, Epoch: 14, Loss: 0.4411
Run: 07, Epoch: 14, Train: 89.73%, Valid: 89.66% Test: 77.28%
Run: 07, Epoch: 15, Loss: 0.4428
Run: 07, Epoch: 16, Loss: 0.4418
Run: 07, Epoch: 16, Train: 89.88%, Valid: 90.00% Test: 76.32%
Run: 07, Epoch: 17, Loss: 0.4346
Run: 07, Epoch: 18, Loss: 0.4331
Run: 07, Epoch: 18, Train: 90.36%, Valid: 90.10% Test: 77.33%
Run: 07, Epoch: 19, Loss: 0.4223
Run: 07, Epoch: 20, Loss: 0.4242
Run: 07, Epoch: 20, Train: 90.34%, Valid: 90.08% Test: 76.84%
Run 07:
Highest Train: 90.36
Highest Valid: 90.10
  Final Train: 90.36
   Final Test: 77.33
Run: 08, Epoch: 01, Loss: 1.3713
Run: 08, Epoch: 02, Loss: 0.6771
Run: 08, Epoch: 03, Loss: 0.5943
Run: 08, Epoch: 04, Loss: 0.5475
Run: 08, Epoch: 05, Loss: 0.5154
Run: 08, Epoch: 06, Loss: 0.5056
Run: 08, Epoch: 07, Loss: 0.4926
Run: 08, Epoch: 08, Loss: 0.4864
Run: 08, Epoch: 09, Loss: 0.4698
Run: 08, Epoch: 10, Loss: 0.4578
Run: 08, Epoch: 10, Train: 89.21%, Valid: 89.66% Test: 77.13%
Run: 08, Epoch: 11, Loss: 0.4586
Run: 08, Epoch: 12, Loss: 0.4476
Run: 08, Epoch: 12, Train: 89.33%, Valid: 90.12% Test: 77.45%
Run: 08, Epoch: 13, Loss: 0.4408
Run: 08, Epoch: 14, Loss: 0.4435
Run: 08, Epoch: 14, Train: 89.58%, Valid: 90.13% Test: 77.20%
Run: 08, Epoch: 15, Loss: 0.4326
Run: 08, Epoch: 16, Loss: 0.4320
Run: 08, Epoch: 16, Train: 90.06%, Valid: 89.96% Test: 77.27%
Run: 08, Epoch: 17, Loss: 0.4311
Run: 08, Epoch: 18, Loss: 0.4323
Run: 08, Epoch: 18, Train: 90.49%, Valid: 90.10% Test: 77.00%
Run: 08, Epoch: 19, Loss: 0.4257
Run: 08, Epoch: 20, Loss: 0.4199
Run: 08, Epoch: 20, Train: 90.33%, Valid: 90.01% Test: 77.42%
Run 08:
Highest Train: 90.49
Highest Valid: 90.13
  Final Train: 89.58
   Final Test: 77.20
Run: 09, Epoch: 01, Loss: 1.4420
Run: 09, Epoch: 02, Loss: 0.6780
Run: 09, Epoch: 03, Loss: 0.5905
Run: 09, Epoch: 04, Loss: 0.5493
Run: 09, Epoch: 05, Loss: 0.5284
Run: 09, Epoch: 06, Loss: 0.5004
Run: 09, Epoch: 07, Loss: 0.4935
Run: 09, Epoch: 08, Loss: 0.4877
Run: 09, Epoch: 09, Loss: 0.4678
Run: 09, Epoch: 10, Loss: 0.4625
Run: 09, Epoch: 10, Train: 89.02%, Valid: 89.66% Test: 75.90%
Run: 09, Epoch: 11, Loss: 0.4511
Run: 09, Epoch: 12, Loss: 0.4450
Run: 09, Epoch: 12, Train: 89.55%, Valid: 90.01% Test: 77.44%
Run: 09, Epoch: 13, Loss: 0.4393
Run: 09, Epoch: 14, Loss: 0.4530
Run: 09, Epoch: 14, Train: 89.92%, Valid: 90.18% Test: 76.92%
Run: 09, Epoch: 15, Loss: 0.4413
Run: 09, Epoch: 16, Loss: 0.4371
Run: 09, Epoch: 16, Train: 89.99%, Valid: 89.71% Test: 76.82%
Run: 09, Epoch: 17, Loss: 0.4312
Run: 09, Epoch: 18, Loss: 0.4330
Run: 09, Epoch: 18, Train: 89.95%, Valid: 89.66% Test: 76.43%
Run: 09, Epoch: 19, Loss: 0.4403
Run: 09, Epoch: 20, Loss: 0.4312
Run: 09, Epoch: 20, Train: 90.52%, Valid: 89.83% Test: 77.75%
Run 09:
Highest Train: 90.52
Highest Valid: 90.18
  Final Train: 89.92
   Final Test: 76.92
Run: 10, Epoch: 01, Loss: 1.4457
Run: 10, Epoch: 02, Loss: 0.6999
Run: 10, Epoch: 03, Loss: 0.6060
Run: 10, Epoch: 04, Loss: 0.5556
Run: 10, Epoch: 05, Loss: 0.5298
Run: 10, Epoch: 06, Loss: 0.5103
Run: 10, Epoch: 07, Loss: 0.4866
Run: 10, Epoch: 08, Loss: 0.4868
Run: 10, Epoch: 09, Loss: 0.4771
Run: 10, Epoch: 10, Loss: 0.4664
Run: 10, Epoch: 10, Train: 88.86%, Valid: 89.83% Test: 77.52%
Run: 10, Epoch: 11, Loss: 0.4597
Run: 10, Epoch: 12, Loss: 0.4493
Run: 10, Epoch: 12, Train: 89.31%, Valid: 89.89% Test: 77.02%
Run: 10, Epoch: 13, Loss: 0.4449
Run: 10, Epoch: 14, Loss: 0.4458
Run: 10, Epoch: 14, Train: 89.63%, Valid: 89.91% Test: 77.39%
Run: 10, Epoch: 15, Loss: 0.4457
Run: 10, Epoch: 16, Loss: 0.4453
Run: 10, Epoch: 16, Train: 89.93%, Valid: 90.34% Test: 77.47%
Run: 10, Epoch: 17, Loss: 0.4398
Run: 10, Epoch: 18, Loss: 0.4376
Run: 10, Epoch: 18, Train: 90.25%, Valid: 90.51% Test: 77.05%
Run: 10, Epoch: 19, Loss: 0.4333
Run: 10, Epoch: 20, Loss: 0.4309
Run: 10, Epoch: 20, Train: 90.44%, Valid: 90.32% Test: 76.99%
Run 10:
Highest Train: 90.44
Highest Valid: 90.51
  Final Train: 90.25
   Final Test: 77.05
All runs:
Highest Train: 90.41 ± 0.10
Highest Valid: 90.31 ± 0.20
  Final Train: 89.88 ± 0.37
   Final Test: 77.14 ± 0.41
