Namespace(device=0, log_steps=1, inductive=False, num_layers=3, hidden_channels=256, dropout=0.5, batch_size=20000, walk_length=3, lr=0.01, num_steps=30, epochs=20, eval_steps=2, runs=10, rsv=0.15, al='el2n', alpha=0.4)
tensor([ 99311, 131369,  96836,  ..., 145141, 176563, 192775]) 29492
tensor([222340, 232877, 217134,  ..., 227903, 207408, 216541]) 5898
Run: 01, Epoch: 01, Loss: 1.8920
Run: 01, Epoch: 02, Loss: 1.1191
Run: 01, Epoch: 03, Loss: 0.9886
Run: 01, Epoch: 04, Loss: 0.9151
Run: 01, Epoch: 05, Loss: 0.8795
Run: 01, Epoch: 06, Loss: 0.8430
Run: 01, Epoch: 07, Loss: 0.8137
Run: 01, Epoch: 08, Loss: 0.8088
Run: 01, Epoch: 09, Loss: 0.7861
Run: 01, Epoch: 10, Loss: 0.7833
Run: 01, Epoch: 10, Train: 81.14%, Valid: 85.59% Test: 72.24%
Run: 01, Epoch: 11, Loss: 0.7715
Run: 01, Epoch: 12, Loss: 0.7549
Run: 01, Epoch: 12, Train: 82.14%, Valid: 88.98% Test: 75.22%
Run: 01, Epoch: 13, Loss: 0.7570
Run: 01, Epoch: 14, Loss: 0.7521
Run: 01, Epoch: 14, Train: 82.57%, Valid: 87.27% Test: 74.00%
Run: 01, Epoch: 15, Loss: 0.7426
Run: 01, Epoch: 16, Loss: 0.7409
Run: 01, Epoch: 16, Train: 82.99%, Valid: 88.17% Test: 74.67%
Run: 01, Epoch: 17, Loss: 0.7335
Run: 01, Epoch: 18, Loss: 0.7270
Run: 01, Epoch: 18, Train: 82.87%, Valid: 87.83% Test: 73.54%
Run: 01, Epoch: 19, Loss: 0.7403
Run: 01, Epoch: 20, Loss: 0.7213
Run: 01, Epoch: 20, Train: 83.30%, Valid: 87.96% Test: 73.95%
Run 01:
Highest Train: 83.30
Highest Valid: 88.98
  Final Train: 82.14
   Final Test: 75.22
Run: 02, Epoch: 01, Loss: 1.7952
Run: 02, Epoch: 02, Loss: 1.0862
Run: 02, Epoch: 03, Loss: 0.9686
Run: 02, Epoch: 04, Loss: 0.9089
Run: 02, Epoch: 05, Loss: 0.8607
Run: 02, Epoch: 06, Loss: 0.8282
Run: 02, Epoch: 07, Loss: 0.8182
Run: 02, Epoch: 08, Loss: 0.8060
Run: 02, Epoch: 09, Loss: 0.8020
Run: 02, Epoch: 10, Loss: 0.7883
Run: 02, Epoch: 10, Train: 81.56%, Valid: 87.37% Test: 73.19%
Run: 02, Epoch: 11, Loss: 0.7808
Run: 02, Epoch: 12, Loss: 0.7592
Run: 02, Epoch: 12, Train: 82.13%, Valid: 87.23% Test: 73.24%
Run: 02, Epoch: 13, Loss: 0.7546
Run: 02, Epoch: 14, Loss: 0.7503
Run: 02, Epoch: 14, Train: 81.88%, Valid: 87.96% Test: 74.81%
Run: 02, Epoch: 15, Loss: 0.7389
Run: 02, Epoch: 16, Loss: 0.7479
Run: 02, Epoch: 16, Train: 82.66%, Valid: 87.42% Test: 73.73%
Run: 02, Epoch: 17, Loss: 0.7385
Run: 02, Epoch: 18, Loss: 0.7359
Run: 02, Epoch: 18, Train: 82.63%, Valid: 88.50% Test: 73.64%
Run: 02, Epoch: 19, Loss: 0.7220
Run: 02, Epoch: 20, Loss: 0.7288
Run: 02, Epoch: 20, Train: 82.67%, Valid: 87.03% Test: 74.59%
Run 02:
Highest Train: 82.67
Highest Valid: 88.50
  Final Train: 82.63
   Final Test: 73.64
Run: 03, Epoch: 01, Loss: 1.8051
Run: 03, Epoch: 02, Loss: 1.0943
Run: 03, Epoch: 03, Loss: 0.9834
Run: 03, Epoch: 04, Loss: 0.9199
Run: 03, Epoch: 05, Loss: 0.8689
Run: 03, Epoch: 06, Loss: 0.8530
Run: 03, Epoch: 07, Loss: 0.8278
Run: 03, Epoch: 08, Loss: 0.8037
Run: 03, Epoch: 09, Loss: 0.7860
Run: 03, Epoch: 10, Loss: 0.7727
Run: 03, Epoch: 10, Train: 81.32%, Valid: 87.74% Test: 74.20%
Run: 03, Epoch: 11, Loss: 0.7638
Run: 03, Epoch: 12, Loss: 0.7650
Run: 03, Epoch: 12, Train: 81.91%, Valid: 88.69% Test: 75.01%
Run: 03, Epoch: 13, Loss: 0.7616
Run: 03, Epoch: 14, Loss: 0.7655
Run: 03, Epoch: 14, Train: 81.86%, Valid: 89.34% Test: 75.52%
Run: 03, Epoch: 15, Loss: 0.7492
Run: 03, Epoch: 16, Loss: 0.7550
Run: 03, Epoch: 16, Train: 82.46%, Valid: 88.83% Test: 75.76%
Run: 03, Epoch: 17, Loss: 0.7465
Run: 03, Epoch: 18, Loss: 0.7389
Run: 03, Epoch: 18, Train: 83.14%, Valid: 88.27% Test: 75.50%
Run: 03, Epoch: 19, Loss: 0.7374
Run: 03, Epoch: 20, Loss: 0.7188
Run: 03, Epoch: 20, Train: 82.91%, Valid: 88.67% Test: 74.78%
Run 03:
Highest Train: 83.14
Highest Valid: 89.34
  Final Train: 81.86
   Final Test: 75.52
Run: 04, Epoch: 01, Loss: 1.9135
Run: 04, Epoch: 02, Loss: 1.1246
Run: 04, Epoch: 03, Loss: 0.9770
Run: 04, Epoch: 04, Loss: 0.9171
Run: 04, Epoch: 05, Loss: 0.8826
Run: 04, Epoch: 06, Loss: 0.8505
Run: 04, Epoch: 07, Loss: 0.8336
Run: 04, Epoch: 08, Loss: 0.8122
Run: 04, Epoch: 09, Loss: 0.8035
Run: 04, Epoch: 10, Loss: 0.7913
Run: 04, Epoch: 10, Train: 81.35%, Valid: 86.81% Test: 74.34%
Run: 04, Epoch: 11, Loss: 0.7671
Run: 04, Epoch: 12, Loss: 0.7666
Run: 04, Epoch: 12, Train: 81.88%, Valid: 85.62% Test: 72.62%
Run: 04, Epoch: 13, Loss: 0.7676
Run: 04, Epoch: 14, Loss: 0.7518
Run: 04, Epoch: 14, Train: 81.44%, Valid: 87.42% Test: 73.61%
Run: 04, Epoch: 15, Loss: 0.7564
Run: 04, Epoch: 16, Loss: 0.7478
Run: 04, Epoch: 16, Train: 82.34%, Valid: 87.54% Test: 75.06%
Run: 04, Epoch: 17, Loss: 0.7406
Run: 04, Epoch: 18, Loss: 0.7288
Run: 04, Epoch: 18, Train: 83.02%, Valid: 85.94% Test: 72.56%
Run: 04, Epoch: 19, Loss: 0.7305
Run: 04, Epoch: 20, Loss: 0.7153
Run: 04, Epoch: 20, Train: 82.93%, Valid: 88.05% Test: 75.30%
Run 04:
Highest Train: 83.02
Highest Valid: 88.05
  Final Train: 82.93
   Final Test: 75.30
Run: 05, Epoch: 01, Loss: 1.8336
Run: 05, Epoch: 02, Loss: 1.0991
Run: 05, Epoch: 03, Loss: 0.9786
Run: 05, Epoch: 04, Loss: 0.9094
Run: 05, Epoch: 05, Loss: 0.8751
Run: 05, Epoch: 06, Loss: 0.8343
Run: 05, Epoch: 07, Loss: 0.8293
Run: 05, Epoch: 08, Loss: 0.8100
Run: 05, Epoch: 09, Loss: 0.7982
Run: 05, Epoch: 10, Loss: 0.7841
Run: 05, Epoch: 10, Train: 81.31%, Valid: 86.01% Test: 73.06%
Run: 05, Epoch: 11, Loss: 0.7655
Run: 05, Epoch: 12, Loss: 0.7647
Run: 05, Epoch: 12, Train: 81.65%, Valid: 85.25% Test: 72.76%
Run: 05, Epoch: 13, Loss: 0.7547
Run: 05, Epoch: 14, Loss: 0.7527
Run: 05, Epoch: 14, Train: 82.12%, Valid: 88.86% Test: 75.62%
Run: 05, Epoch: 15, Loss: 0.7469
Run: 05, Epoch: 16, Loss: 0.7362
Run: 05, Epoch: 16, Train: 82.84%, Valid: 88.06% Test: 74.99%
Run: 05, Epoch: 17, Loss: 0.7286
Run: 05, Epoch: 18, Loss: 0.7320
Run: 05, Epoch: 18, Train: 82.56%, Valid: 88.83% Test: 75.13%
Run: 05, Epoch: 19, Loss: 0.7265
Run: 05, Epoch: 20, Loss: 0.7354
Run: 05, Epoch: 20, Train: 83.62%, Valid: 87.57% Test: 74.10%
Run 05:
Highest Train: 83.62
Highest Valid: 88.86
  Final Train: 82.12
   Final Test: 75.62
Run: 06, Epoch: 01, Loss: 1.8558
Run: 06, Epoch: 02, Loss: 1.0970
Run: 06, Epoch: 03, Loss: 0.9805
Run: 06, Epoch: 04, Loss: 0.9150
Run: 06, Epoch: 05, Loss: 0.8776
Run: 06, Epoch: 06, Loss: 0.8613
Run: 06, Epoch: 07, Loss: 0.8310
Run: 06, Epoch: 08, Loss: 0.8010
Run: 06, Epoch: 09, Loss: 0.8034
Run: 06, Epoch: 10, Loss: 0.7861
Run: 06, Epoch: 10, Train: 81.08%, Valid: 88.67% Test: 75.47%
Run: 06, Epoch: 11, Loss: 0.7694
Run: 06, Epoch: 12, Loss: 0.7630
Run: 06, Epoch: 12, Train: 81.49%, Valid: 89.15% Test: 74.97%
Run: 06, Epoch: 13, Loss: 0.7588
Run: 06, Epoch: 14, Loss: 0.7410
Run: 06, Epoch: 14, Train: 82.20%, Valid: 85.88% Test: 72.21%
Run: 06, Epoch: 15, Loss: 0.7376
Run: 06, Epoch: 16, Loss: 0.7464
Run: 06, Epoch: 16, Train: 82.47%, Valid: 89.61% Test: 75.61%
Run: 06, Epoch: 17, Loss: 0.7503
Run: 06, Epoch: 18, Loss: 0.7345
Run: 06, Epoch: 18, Train: 82.90%, Valid: 89.66% Test: 75.73%
Run: 06, Epoch: 19, Loss: 0.7316
Run: 06, Epoch: 20, Loss: 0.7355
Run: 06, Epoch: 20, Train: 82.84%, Valid: 88.10% Test: 75.32%
Run 06:
Highest Train: 82.90
Highest Valid: 89.66
  Final Train: 82.90
   Final Test: 75.73
Run: 07, Epoch: 01, Loss: 1.8500
Run: 07, Epoch: 02, Loss: 1.0983
Run: 07, Epoch: 03, Loss: 0.9811
Run: 07, Epoch: 04, Loss: 0.9097
Run: 07, Epoch: 05, Loss: 0.8682
Run: 07, Epoch: 06, Loss: 0.8584
Run: 07, Epoch: 07, Loss: 0.8253
Run: 07, Epoch: 08, Loss: 0.8129
Run: 07, Epoch: 09, Loss: 0.8012
Run: 07, Epoch: 10, Loss: 0.7993
Run: 07, Epoch: 10, Train: 81.34%, Valid: 88.03% Test: 74.26%
Run: 07, Epoch: 11, Loss: 0.7725
Run: 07, Epoch: 12, Loss: 0.7615
Run: 07, Epoch: 12, Train: 81.90%, Valid: 85.84% Test: 73.14%
Run: 07, Epoch: 13, Loss: 0.7534
Run: 07, Epoch: 14, Loss: 0.7428
Run: 07, Epoch: 14, Train: 82.70%, Valid: 89.39% Test: 75.85%
Run: 07, Epoch: 15, Loss: 0.7344
Run: 07, Epoch: 16, Loss: 0.7449
Run: 07, Epoch: 16, Train: 82.88%, Valid: 88.30% Test: 73.80%
Run: 07, Epoch: 17, Loss: 0.7374
Run: 07, Epoch: 18, Loss: 0.7307
Run: 07, Epoch: 18, Train: 83.07%, Valid: 86.57% Test: 72.97%
Run: 07, Epoch: 19, Loss: 0.7240
Run: 07, Epoch: 20, Loss: 0.7163
Run: 07, Epoch: 20, Train: 83.48%, Valid: 87.76% Test: 74.34%
Run 07:
Highest Train: 83.48
Highest Valid: 89.39
  Final Train: 82.70
   Final Test: 75.85
Run: 08, Epoch: 01, Loss: 1.8719
Run: 08, Epoch: 02, Loss: 1.1085
Run: 08, Epoch: 03, Loss: 0.9754
Run: 08, Epoch: 04, Loss: 0.9012
Run: 08, Epoch: 05, Loss: 0.8553
Run: 08, Epoch: 06, Loss: 0.8283
Run: 08, Epoch: 07, Loss: 0.8114
Run: 08, Epoch: 08, Loss: 0.8016
Run: 08, Epoch: 09, Loss: 0.7926
Run: 08, Epoch: 10, Loss: 0.7729
Run: 08, Epoch: 10, Train: 81.44%, Valid: 87.88% Test: 74.20%
Run: 08, Epoch: 11, Loss: 0.7702
Run: 08, Epoch: 12, Loss: 0.7667
Run: 08, Epoch: 12, Train: 82.02%, Valid: 83.83% Test: 70.57%
Run: 08, Epoch: 13, Loss: 0.7490
Run: 08, Epoch: 14, Loss: 0.7498
Run: 08, Epoch: 14, Train: 82.30%, Valid: 86.62% Test: 72.95%
Run: 08, Epoch: 15, Loss: 0.7320
Run: 08, Epoch: 16, Loss: 0.7306
Run: 08, Epoch: 16, Train: 83.32%, Valid: 86.64% Test: 72.27%
Run: 08, Epoch: 17, Loss: 0.7284
Run: 08, Epoch: 18, Loss: 0.7337
Run: 08, Epoch: 18, Train: 83.01%, Valid: 88.37% Test: 74.61%
Run: 08, Epoch: 19, Loss: 0.7241
Run: 08, Epoch: 20, Loss: 0.7193
Run: 08, Epoch: 20, Train: 83.65%, Valid: 88.49% Test: 75.60%
Run 08:
Highest Train: 83.65
Highest Valid: 88.49
  Final Train: 83.65
   Final Test: 75.60
Run: 09, Epoch: 01, Loss: 1.9153
Run: 09, Epoch: 02, Loss: 1.1080
Run: 09, Epoch: 03, Loss: 0.9778
Run: 09, Epoch: 04, Loss: 0.9020
Run: 09, Epoch: 05, Loss: 0.8719
Run: 09, Epoch: 06, Loss: 0.8435
Run: 09, Epoch: 07, Loss: 0.8210
Run: 09, Epoch: 08, Loss: 0.8192
Run: 09, Epoch: 09, Loss: 0.7916
Run: 09, Epoch: 10, Loss: 0.7760
Run: 09, Epoch: 10, Train: 81.24%, Valid: 89.23% Test: 74.24%
Run: 09, Epoch: 11, Loss: 0.7698
Run: 09, Epoch: 12, Loss: 0.7520
Run: 09, Epoch: 12, Train: 81.84%, Valid: 87.54% Test: 74.63%
Run: 09, Epoch: 13, Loss: 0.7616
Run: 09, Epoch: 14, Loss: 0.7671
Run: 09, Epoch: 14, Train: 82.33%, Valid: 89.49% Test: 74.91%
Run: 09, Epoch: 15, Loss: 0.7527
Run: 09, Epoch: 16, Loss: 0.7399
Run: 09, Epoch: 16, Train: 81.97%, Valid: 88.54% Test: 74.75%
Run: 09, Epoch: 17, Loss: 0.7228
Run: 09, Epoch: 18, Loss: 0.7280
Run: 09, Epoch: 18, Train: 82.89%, Valid: 89.39% Test: 75.52%
Run: 09, Epoch: 19, Loss: 0.7322
Run: 09, Epoch: 20, Loss: 0.7272
Run: 09, Epoch: 20, Train: 83.20%, Valid: 88.88% Test: 75.72%
Run 09:
Highest Train: 83.20
Highest Valid: 89.49
  Final Train: 82.33
   Final Test: 74.91
Run: 10, Epoch: 01, Loss: 1.8050
Run: 10, Epoch: 02, Loss: 1.0996
Run: 10, Epoch: 03, Loss: 0.9696
Run: 10, Epoch: 04, Loss: 0.9100
Run: 10, Epoch: 05, Loss: 0.8786
Run: 10, Epoch: 06, Loss: 0.8438
Run: 10, Epoch: 07, Loss: 0.8080
Run: 10, Epoch: 08, Loss: 0.8021
Run: 10, Epoch: 09, Loss: 0.7999
Run: 10, Epoch: 10, Loss: 0.7820
Run: 10, Epoch: 10, Train: 81.21%, Valid: 86.79% Test: 74.44%
Run: 10, Epoch: 11, Loss: 0.7710
Run: 10, Epoch: 12, Loss: 0.7566
Run: 10, Epoch: 12, Train: 81.76%, Valid: 86.61% Test: 73.98%
Run: 10, Epoch: 13, Loss: 0.7588
Run: 10, Epoch: 14, Loss: 0.7493
Run: 10, Epoch: 14, Train: 82.30%, Valid: 87.17% Test: 74.02%
Run: 10, Epoch: 15, Loss: 0.7491
Run: 10, Epoch: 16, Loss: 0.7240
Run: 10, Epoch: 16, Train: 82.49%, Valid: 89.39% Test: 76.02%
Run: 10, Epoch: 17, Loss: 0.7225
Run: 10, Epoch: 18, Loss: 0.7275
Run: 10, Epoch: 18, Train: 83.16%, Valid: 88.32% Test: 73.99%
Run: 10, Epoch: 19, Loss: 0.7139
Run: 10, Epoch: 20, Loss: 0.7372
Run: 10, Epoch: 20, Train: 82.98%, Valid: 88.20% Test: 74.00%
Run 10:
Highest Train: 83.16
Highest Valid: 89.39
  Final Train: 82.49
   Final Test: 76.02
All runs:
Highest Train: 83.21 ± 0.31
Highest Valid: 89.01 ± 0.53
  Final Train: 82.57 ± 0.52
   Final Test: 75.34 ± 0.68
