Namespace(device=0, log_steps=1, inductive=False, num_layers=3, hidden_channels=256, dropout=0.5, batch_size=20000, walk_length=3, lr=0.01, num_steps=30, epochs=20, eval_steps=2, runs=10, rsv=0.15, al='el2n', alpha=0.5)
tensor([96836,  3882, 25400,  ..., 85163, 43030, 90020]) 29492
tensor([222340, 232877, 217134,  ..., 227903, 207408, 216541]) 5898
Run: 01, Epoch: 01, Loss: 1.6718
Run: 01, Epoch: 02, Loss: 0.9265
Run: 01, Epoch: 03, Loss: 0.8132
Run: 01, Epoch: 04, Loss: 0.7546
Run: 01, Epoch: 05, Loss: 0.7319
Run: 01, Epoch: 06, Loss: 0.6915
Run: 01, Epoch: 07, Loss: 0.6735
Run: 01, Epoch: 08, Loss: 0.6602
Run: 01, Epoch: 09, Loss: 0.6573
Run: 01, Epoch: 10, Loss: 0.6473
Run: 01, Epoch: 10, Train: 84.93%, Valid: 89.49% Test: 76.27%
Run: 01, Epoch: 11, Loss: 0.6303
Run: 01, Epoch: 12, Loss: 0.6163
Run: 01, Epoch: 12, Train: 85.34%, Valid: 90.03% Test: 75.83%
Run: 01, Epoch: 13, Loss: 0.6132
Run: 01, Epoch: 14, Loss: 0.6122
Run: 01, Epoch: 14, Train: 85.44%, Valid: 89.54% Test: 75.97%
Run: 01, Epoch: 15, Loss: 0.6121
Run: 01, Epoch: 16, Loss: 0.5999
Run: 01, Epoch: 16, Train: 86.14%, Valid: 89.79% Test: 76.98%
Run: 01, Epoch: 17, Loss: 0.5964
Run: 01, Epoch: 18, Loss: 0.5968
Run: 01, Epoch: 18, Train: 86.43%, Valid: 90.51% Test: 75.73%
Run: 01, Epoch: 19, Loss: 0.5974
Run: 01, Epoch: 20, Loss: 0.5859
Run: 01, Epoch: 20, Train: 86.20%, Valid: 89.35% Test: 75.30%
Run 01:
Highest Train: 86.43
Highest Valid: 90.51
  Final Train: 86.43
   Final Test: 75.73
Run: 02, Epoch: 01, Loss: 1.6384
Run: 02, Epoch: 02, Loss: 0.9142
Run: 02, Epoch: 03, Loss: 0.8138
Run: 02, Epoch: 04, Loss: 0.7519
Run: 02, Epoch: 05, Loss: 0.7121
Run: 02, Epoch: 06, Loss: 0.6880
Run: 02, Epoch: 07, Loss: 0.6743
Run: 02, Epoch: 08, Loss: 0.6617
Run: 02, Epoch: 09, Loss: 0.6625
Run: 02, Epoch: 10, Loss: 0.6555
Run: 02, Epoch: 10, Train: 84.82%, Valid: 89.50% Test: 76.60%
Run: 02, Epoch: 11, Loss: 0.6342
Run: 02, Epoch: 12, Loss: 0.6275
Run: 02, Epoch: 12, Train: 85.60%, Valid: 89.66% Test: 75.97%
Run: 02, Epoch: 13, Loss: 0.6184
Run: 02, Epoch: 14, Loss: 0.6227
Run: 02, Epoch: 14, Train: 85.48%, Valid: 89.96% Test: 76.81%
Run: 02, Epoch: 15, Loss: 0.6144
Run: 02, Epoch: 16, Loss: 0.6132
Run: 02, Epoch: 16, Train: 85.88%, Valid: 90.05% Test: 76.58%
Run: 02, Epoch: 17, Loss: 0.6005
Run: 02, Epoch: 18, Loss: 0.6006
Run: 02, Epoch: 18, Train: 86.30%, Valid: 90.18% Test: 76.88%
Run: 02, Epoch: 19, Loss: 0.5903
Run: 02, Epoch: 20, Loss: 0.5991
Run: 02, Epoch: 20, Train: 86.32%, Valid: 89.32% Test: 76.23%
Run 02:
Highest Train: 86.32
Highest Valid: 90.18
  Final Train: 86.30
   Final Test: 76.88
Run: 03, Epoch: 01, Loss: 1.6307
Run: 03, Epoch: 02, Loss: 0.9169
Run: 03, Epoch: 03, Loss: 0.8081
Run: 03, Epoch: 04, Loss: 0.7564
Run: 03, Epoch: 05, Loss: 0.7184
Run: 03, Epoch: 06, Loss: 0.7031
Run: 03, Epoch: 07, Loss: 0.6877
Run: 03, Epoch: 08, Loss: 0.6617
Run: 03, Epoch: 09, Loss: 0.6552
Run: 03, Epoch: 10, Loss: 0.6403
Run: 03, Epoch: 10, Train: 84.72%, Valid: 89.35% Test: 75.63%
Run: 03, Epoch: 11, Loss: 0.6323
Run: 03, Epoch: 12, Loss: 0.6248
Run: 03, Epoch: 12, Train: 85.59%, Valid: 89.79% Test: 76.79%
Run: 03, Epoch: 13, Loss: 0.6163
Run: 03, Epoch: 14, Loss: 0.6225
Run: 03, Epoch: 14, Train: 85.73%, Valid: 89.86% Test: 76.99%
Run: 03, Epoch: 15, Loss: 0.6119
Run: 03, Epoch: 16, Loss: 0.6151
Run: 03, Epoch: 16, Train: 86.17%, Valid: 89.91% Test: 75.82%
Run: 03, Epoch: 17, Loss: 0.6054
Run: 03, Epoch: 18, Loss: 0.6010
Run: 03, Epoch: 18, Train: 86.38%, Valid: 90.13% Test: 77.52%
Run: 03, Epoch: 19, Loss: 0.6023
Run: 03, Epoch: 20, Loss: 0.6015
Run: 03, Epoch: 20, Train: 86.41%, Valid: 89.42% Test: 75.48%
Run 03:
Highest Train: 86.41
Highest Valid: 90.13
  Final Train: 86.38
   Final Test: 77.52
Run: 04, Epoch: 01, Loss: 1.7246
Run: 04, Epoch: 02, Loss: 0.9431
Run: 04, Epoch: 03, Loss: 0.8151
Run: 04, Epoch: 04, Loss: 0.7655
Run: 04, Epoch: 05, Loss: 0.7251
Run: 04, Epoch: 06, Loss: 0.6979
Run: 04, Epoch: 07, Loss: 0.6918
Run: 04, Epoch: 08, Loss: 0.6824
Run: 04, Epoch: 09, Loss: 0.6734
Run: 04, Epoch: 10, Loss: 0.6646
Run: 04, Epoch: 10, Train: 84.77%, Valid: 89.79% Test: 76.98%
Run: 04, Epoch: 11, Loss: 0.6362
Run: 04, Epoch: 12, Loss: 0.6253
Run: 04, Epoch: 12, Train: 85.26%, Valid: 89.39% Test: 76.01%
Run: 04, Epoch: 13, Loss: 0.6185
Run: 04, Epoch: 14, Loss: 0.6117
Run: 04, Epoch: 14, Train: 85.44%, Valid: 89.56% Test: 75.07%
Run: 04, Epoch: 15, Loss: 0.6170
Run: 04, Epoch: 16, Loss: 0.6117
Run: 04, Epoch: 16, Train: 86.04%, Valid: 89.57% Test: 75.11%
Run: 04, Epoch: 17, Loss: 0.6148
Run: 04, Epoch: 18, Loss: 0.6078
Run: 04, Epoch: 18, Train: 86.20%, Valid: 90.05% Test: 76.34%
Run: 04, Epoch: 19, Loss: 0.5953
Run: 04, Epoch: 20, Loss: 0.6031
Run: 04, Epoch: 20, Train: 86.55%, Valid: 89.88% Test: 76.63%
Run 04:
Highest Train: 86.55
Highest Valid: 90.05
  Final Train: 86.20
   Final Test: 76.34
Run: 05, Epoch: 01, Loss: 1.6298
Run: 05, Epoch: 02, Loss: 0.9167
Run: 05, Epoch: 03, Loss: 0.8079
Run: 05, Epoch: 04, Loss: 0.7576
Run: 05, Epoch: 05, Loss: 0.7295
Run: 05, Epoch: 06, Loss: 0.6905
Run: 05, Epoch: 07, Loss: 0.6867
Run: 05, Epoch: 08, Loss: 0.6604
Run: 05, Epoch: 09, Loss: 0.6472
Run: 05, Epoch: 10, Loss: 0.6426
Run: 05, Epoch: 10, Train: 84.97%, Valid: 89.88% Test: 76.45%
Run: 05, Epoch: 11, Loss: 0.6214
Run: 05, Epoch: 12, Loss: 0.6203
Run: 05, Epoch: 12, Train: 85.09%, Valid: 90.45% Test: 76.62%
Run: 05, Epoch: 13, Loss: 0.6158
Run: 05, Epoch: 14, Loss: 0.6070
Run: 05, Epoch: 14, Train: 85.72%, Valid: 90.51% Test: 77.04%
Run: 05, Epoch: 15, Loss: 0.6121
Run: 05, Epoch: 16, Loss: 0.5979
Run: 05, Epoch: 16, Train: 86.19%, Valid: 90.64% Test: 76.91%
Run: 05, Epoch: 17, Loss: 0.5946
Run: 05, Epoch: 18, Loss: 0.5935
Run: 05, Epoch: 18, Train: 86.06%, Valid: 89.10% Test: 75.93%
Run: 05, Epoch: 19, Loss: 0.5878
Run: 05, Epoch: 20, Loss: 0.5948
Run: 05, Epoch: 20, Train: 86.84%, Valid: 90.45% Test: 76.45%
Run 05:
Highest Train: 86.84
Highest Valid: 90.64
  Final Train: 86.19
   Final Test: 76.91
Run: 06, Epoch: 01, Loss: 1.6778
Run: 06, Epoch: 02, Loss: 0.9201
Run: 06, Epoch: 03, Loss: 0.8123
Run: 06, Epoch: 04, Loss: 0.7550
Run: 06, Epoch: 05, Loss: 0.7145
Run: 06, Epoch: 06, Loss: 0.7099
Run: 06, Epoch: 07, Loss: 0.6803
Run: 06, Epoch: 08, Loss: 0.6580
Run: 06, Epoch: 09, Loss: 0.6617
Run: 06, Epoch: 10, Loss: 0.6502
Run: 06, Epoch: 10, Train: 84.85%, Valid: 89.74% Test: 76.96%
Run: 06, Epoch: 11, Loss: 0.6301
Run: 06, Epoch: 12, Loss: 0.6229
Run: 06, Epoch: 12, Train: 85.45%, Valid: 90.12% Test: 75.59%
Run: 06, Epoch: 13, Loss: 0.6402
Run: 06, Epoch: 14, Loss: 0.6227
Run: 06, Epoch: 14, Train: 85.76%, Valid: 90.17% Test: 76.83%
Run: 06, Epoch: 15, Loss: 0.6155
Run: 06, Epoch: 16, Loss: 0.6084
Run: 06, Epoch: 16, Train: 86.03%, Valid: 90.54% Test: 76.40%
Run: 06, Epoch: 17, Loss: 0.6222
Run: 06, Epoch: 18, Loss: 0.6059
Run: 06, Epoch: 18, Train: 86.27%, Valid: 90.23% Test: 76.80%
Run: 06, Epoch: 19, Loss: 0.6071
Run: 06, Epoch: 20, Loss: 0.6071
Run: 06, Epoch: 20, Train: 86.43%, Valid: 90.44% Test: 77.00%
Run 06:
Highest Train: 86.43
Highest Valid: 90.54
  Final Train: 86.03
   Final Test: 76.40
Run: 07, Epoch: 01, Loss: 1.6560
Run: 07, Epoch: 02, Loss: 0.9155
Run: 07, Epoch: 03, Loss: 0.8146
Run: 07, Epoch: 04, Loss: 0.7609
Run: 07, Epoch: 05, Loss: 0.7181
Run: 07, Epoch: 06, Loss: 0.7012
Run: 07, Epoch: 07, Loss: 0.6788
Run: 07, Epoch: 08, Loss: 0.6602
Run: 07, Epoch: 09, Loss: 0.6536
Run: 07, Epoch: 10, Loss: 0.6500
Run: 07, Epoch: 10, Train: 84.93%, Valid: 90.22% Test: 76.16%
Run: 07, Epoch: 11, Loss: 0.6246
Run: 07, Epoch: 12, Loss: 0.6274
Run: 07, Epoch: 12, Train: 85.64%, Valid: 89.20% Test: 75.77%
Run: 07, Epoch: 13, Loss: 0.6224
Run: 07, Epoch: 14, Loss: 0.6191
Run: 07, Epoch: 14, Train: 85.68%, Valid: 89.79% Test: 76.88%
Run: 07, Epoch: 15, Loss: 0.6176
Run: 07, Epoch: 16, Loss: 0.6110
Run: 07, Epoch: 16, Train: 86.41%, Valid: 89.39% Test: 76.61%
Run: 07, Epoch: 17, Loss: 0.6060
Run: 07, Epoch: 18, Loss: 0.5972
Run: 07, Epoch: 18, Train: 86.18%, Valid: 89.71% Test: 76.46%
Run: 07, Epoch: 19, Loss: 0.5926
Run: 07, Epoch: 20, Loss: 0.6015
Run: 07, Epoch: 20, Train: 86.74%, Valid: 89.95% Test: 76.16%
Run 07:
Highest Train: 86.74
Highest Valid: 90.22
  Final Train: 84.93
   Final Test: 76.16
Run: 08, Epoch: 01, Loss: 1.6413
Run: 08, Epoch: 02, Loss: 0.9119
Run: 08, Epoch: 03, Loss: 0.8055
Run: 08, Epoch: 04, Loss: 0.7421
Run: 08, Epoch: 05, Loss: 0.7104
Run: 08, Epoch: 06, Loss: 0.6924
Run: 08, Epoch: 07, Loss: 0.6803
Run: 08, Epoch: 08, Loss: 0.6686
Run: 08, Epoch: 09, Loss: 0.6543
Run: 08, Epoch: 10, Loss: 0.6390
Run: 08, Epoch: 10, Train: 85.18%, Valid: 89.61% Test: 76.50%
Run: 08, Epoch: 11, Loss: 0.6384
Run: 08, Epoch: 12, Loss: 0.6286
Run: 08, Epoch: 12, Train: 85.32%, Valid: 89.86% Test: 76.32%
Run: 08, Epoch: 13, Loss: 0.6258
Run: 08, Epoch: 14, Loss: 0.6194
Run: 08, Epoch: 14, Train: 85.28%, Valid: 89.71% Test: 76.09%
Run: 08, Epoch: 15, Loss: 0.6062
Run: 08, Epoch: 16, Loss: 0.6065
Run: 08, Epoch: 16, Train: 86.05%, Valid: 90.17% Test: 76.59%
Run: 08, Epoch: 17, Loss: 0.6025
Run: 08, Epoch: 18, Loss: 0.5986
Run: 08, Epoch: 18, Train: 86.64%, Valid: 89.86% Test: 76.25%
Run: 08, Epoch: 19, Loss: 0.5836
Run: 08, Epoch: 20, Loss: 0.5903
Run: 08, Epoch: 20, Train: 86.40%, Valid: 89.69% Test: 76.56%
Run 08:
Highest Train: 86.64
Highest Valid: 90.17
  Final Train: 86.05
   Final Test: 76.59
Run: 09, Epoch: 01, Loss: 1.6547
Run: 09, Epoch: 02, Loss: 0.9106
Run: 09, Epoch: 03, Loss: 0.7998
Run: 09, Epoch: 04, Loss: 0.7380
Run: 09, Epoch: 05, Loss: 0.7159
Run: 09, Epoch: 06, Loss: 0.6914
Run: 09, Epoch: 07, Loss: 0.6803
Run: 09, Epoch: 08, Loss: 0.6677
Run: 09, Epoch: 09, Loss: 0.6474
Run: 09, Epoch: 10, Loss: 0.6349
Run: 09, Epoch: 10, Train: 85.04%, Valid: 89.95% Test: 76.78%
Run: 09, Epoch: 11, Loss: 0.6248
Run: 09, Epoch: 12, Loss: 0.6114
Run: 09, Epoch: 12, Train: 85.43%, Valid: 90.22% Test: 77.12%
Run: 09, Epoch: 13, Loss: 0.6291
Run: 09, Epoch: 14, Loss: 0.6203
Run: 09, Epoch: 14, Train: 85.73%, Valid: 89.69% Test: 75.70%
Run: 09, Epoch: 15, Loss: 0.6136
Run: 09, Epoch: 16, Loss: 0.6071
Run: 09, Epoch: 16, Train: 85.77%, Valid: 90.10% Test: 76.00%
Run: 09, Epoch: 17, Loss: 0.5921
Run: 09, Epoch: 18, Loss: 0.5941
Run: 09, Epoch: 18, Train: 86.44%, Valid: 90.20% Test: 76.72%
Run: 09, Epoch: 19, Loss: 0.5943
Run: 09, Epoch: 20, Loss: 0.5846
Run: 09, Epoch: 20, Train: 86.61%, Valid: 89.88% Test: 76.38%
Run 09:
Highest Train: 86.61
Highest Valid: 90.22
  Final Train: 85.43
   Final Test: 77.12
Run: 10, Epoch: 01, Loss: 1.6028
Run: 10, Epoch: 02, Loss: 0.9201
Run: 10, Epoch: 03, Loss: 0.7994
Run: 10, Epoch: 04, Loss: 0.7440
Run: 10, Epoch: 05, Loss: 0.7173
Run: 10, Epoch: 06, Loss: 0.6828
Run: 10, Epoch: 07, Loss: 0.6545
Run: 10, Epoch: 08, Loss: 0.6705
Run: 10, Epoch: 09, Loss: 0.6573
Run: 10, Epoch: 10, Loss: 0.6317
Run: 10, Epoch: 10, Train: 84.76%, Valid: 89.76% Test: 76.67%
Run: 10, Epoch: 11, Loss: 0.6313
Run: 10, Epoch: 12, Loss: 0.6207
Run: 10, Epoch: 12, Train: 85.27%, Valid: 89.28% Test: 76.02%
Run: 10, Epoch: 13, Loss: 0.6151
Run: 10, Epoch: 14, Loss: 0.6174
Run: 10, Epoch: 14, Train: 85.67%, Valid: 89.67% Test: 76.41%
Run: 10, Epoch: 15, Loss: 0.6156
Run: 10, Epoch: 16, Loss: 0.5968
Run: 10, Epoch: 16, Train: 85.77%, Valid: 88.66% Test: 75.63%
Run: 10, Epoch: 17, Loss: 0.5977
Run: 10, Epoch: 18, Loss: 0.5978
Run: 10, Epoch: 18, Train: 86.15%, Valid: 90.28% Test: 76.03%
Run: 10, Epoch: 19, Loss: 0.5860
Run: 10, Epoch: 20, Loss: 0.5933
Run: 10, Epoch: 20, Train: 86.60%, Valid: 90.00% Test: 76.52%
Run 10:
Highest Train: 86.60
Highest Valid: 90.28
  Final Train: 86.15
   Final Test: 76.03
All runs:
Highest Train: 86.56 ± 0.16
Highest Valid: 90.29 ± 0.20
  Final Train: 86.01 ± 0.47
   Final Test: 76.57 ± 0.54
