Namespace(device=0, log_steps=1, inductive=False, num_layers=3, hidden_channels=256, dropout=0.5, batch_size=20000, walk_length=3, lr=0.01, num_steps=30, epochs=20, eval_steps=2, runs=10, rsv=0.25, al='el2n', alpha=0.8)
tensor([ 96836,   3882,  25400,  ..., 113613,  21088,  97925]) 49154
tensor([222340, 232877, 217134,  ..., 229572, 228192, 207472]) 9830
Run: 01, Epoch: 01, Loss: 1.4534
Run: 01, Epoch: 02, Loss: 0.6243
Run: 01, Epoch: 03, Loss: 0.5393
Run: 01, Epoch: 04, Loss: 0.4946
Run: 01, Epoch: 05, Loss: 0.4791
Run: 01, Epoch: 06, Loss: 0.4542
Run: 01, Epoch: 07, Loss: 0.4328
Run: 01, Epoch: 08, Loss: 0.4301
Run: 01, Epoch: 09, Loss: 0.4172
Run: 01, Epoch: 10, Loss: 0.4231
Run: 01, Epoch: 10, Train: 90.18%, Valid: 90.16% Test: 77.16%
Run: 01, Epoch: 11, Loss: 0.4064
Run: 01, Epoch: 12, Loss: 0.4007
Run: 01, Epoch: 12, Train: 90.54%, Valid: 90.47% Test: 77.04%
Run: 01, Epoch: 13, Loss: 0.3987
Run: 01, Epoch: 14, Loss: 0.3962
Run: 01, Epoch: 14, Train: 90.92%, Valid: 90.46% Test: 77.77%
Run: 01, Epoch: 15, Loss: 0.3932
Run: 01, Epoch: 16, Loss: 0.3885
Run: 01, Epoch: 16, Train: 90.99%, Valid: 90.80% Test: 77.57%
Run: 01, Epoch: 17, Loss: 0.3841
Run: 01, Epoch: 18, Loss: 0.3835
Run: 01, Epoch: 18, Train: 91.08%, Valid: 90.68% Test: 76.84%
Run: 01, Epoch: 19, Loss: 0.3857
Run: 01, Epoch: 20, Loss: 0.3790
Run: 01, Epoch: 20, Train: 91.12%, Valid: 90.67% Test: 77.32%
Run 01:
Highest Train: 91.12
Highest Valid: 90.80
  Final Train: 90.99
   Final Test: 77.57
Run: 02, Epoch: 01, Loss: 1.5784
Run: 02, Epoch: 02, Loss: 0.6394
Run: 02, Epoch: 03, Loss: 0.5442
Run: 02, Epoch: 04, Loss: 0.5008
Run: 02, Epoch: 05, Loss: 0.4700
Run: 02, Epoch: 06, Loss: 0.4523
Run: 02, Epoch: 07, Loss: 0.4452
Run: 02, Epoch: 08, Loss: 0.4345
Run: 02, Epoch: 09, Loss: 0.4351
Run: 02, Epoch: 10, Loss: 0.4207
Run: 02, Epoch: 10, Train: 90.15%, Valid: 90.28% Test: 78.09%
Run: 02, Epoch: 11, Loss: 0.4113
Run: 02, Epoch: 12, Loss: 0.4090
Run: 02, Epoch: 12, Train: 90.53%, Valid: 90.57% Test: 77.53%
Run: 02, Epoch: 13, Loss: 0.3975
Run: 02, Epoch: 14, Loss: 0.4027
Run: 02, Epoch: 14, Train: 90.63%, Valid: 90.49% Test: 78.28%
Run: 02, Epoch: 15, Loss: 0.3944
Run: 02, Epoch: 16, Loss: 0.3920
Run: 02, Epoch: 16, Train: 90.86%, Valid: 90.67% Test: 78.05%
Run: 02, Epoch: 17, Loss: 0.3886
Run: 02, Epoch: 18, Loss: 0.3917
Run: 02, Epoch: 18, Train: 90.95%, Valid: 90.53% Test: 77.64%
Run: 02, Epoch: 19, Loss: 0.3762
Run: 02, Epoch: 20, Loss: 0.3819
Run: 02, Epoch: 20, Train: 91.21%, Valid: 90.72% Test: 77.99%
Run 02:
Highest Train: 91.21
Highest Valid: 90.72
  Final Train: 91.21
   Final Test: 77.99
Run: 03, Epoch: 01, Loss: 1.5182
Run: 03, Epoch: 02, Loss: 0.6325
Run: 03, Epoch: 03, Loss: 0.5466
Run: 03, Epoch: 04, Loss: 0.5102
Run: 03, Epoch: 05, Loss: 0.4769
Run: 03, Epoch: 06, Loss: 0.4661
Run: 03, Epoch: 07, Loss: 0.4483
Run: 03, Epoch: 08, Loss: 0.4389
Run: 03, Epoch: 09, Loss: 0.4293
Run: 03, Epoch: 10, Loss: 0.4183
Run: 03, Epoch: 10, Train: 90.04%, Valid: 90.07% Test: 77.36%
Run: 03, Epoch: 11, Loss: 0.4135
Run: 03, Epoch: 12, Loss: 0.4087
Run: 03, Epoch: 12, Train: 90.63%, Valid: 90.61% Test: 78.20%
Run: 03, Epoch: 13, Loss: 0.4041
Run: 03, Epoch: 14, Loss: 0.4029
Run: 03, Epoch: 14, Train: 90.40%, Valid: 90.34% Test: 78.11%
Run: 03, Epoch: 15, Loss: 0.3973
Run: 03, Epoch: 16, Loss: 0.4003
Run: 03, Epoch: 16, Train: 90.71%, Valid: 90.61% Test: 78.04%
Run: 03, Epoch: 17, Loss: 0.3940
Run: 03, Epoch: 18, Loss: 0.3917
Run: 03, Epoch: 18, Train: 91.02%, Valid: 90.60% Test: 78.20%
Run: 03, Epoch: 19, Loss: 0.3876
Run: 03, Epoch: 20, Loss: 0.3830
Run: 03, Epoch: 20, Train: 91.12%, Valid: 90.46% Test: 77.99%
Run 03:
Highest Train: 91.12
Highest Valid: 90.61
  Final Train: 90.63
   Final Test: 78.20
Run: 04, Epoch: 01, Loss: 1.4322
Run: 04, Epoch: 02, Loss: 0.6230
Run: 04, Epoch: 03, Loss: 0.5332
Run: 04, Epoch: 04, Loss: 0.4988
Run: 04, Epoch: 05, Loss: 0.4679
Run: 04, Epoch: 06, Loss: 0.4552
Run: 04, Epoch: 07, Loss: 0.4457
Run: 04, Epoch: 08, Loss: 0.4369
Run: 04, Epoch: 09, Loss: 0.4300
Run: 04, Epoch: 10, Loss: 0.4256
Run: 04, Epoch: 10, Train: 90.08%, Valid: 90.34% Test: 78.18%
Run: 04, Epoch: 11, Loss: 0.4119
Run: 04, Epoch: 12, Loss: 0.4066
Run: 04, Epoch: 12, Train: 90.29%, Valid: 90.32% Test: 78.03%
Run: 04, Epoch: 13, Loss: 0.4005
Run: 04, Epoch: 14, Loss: 0.3968
Run: 04, Epoch: 14, Train: 90.78%, Valid: 90.61% Test: 77.15%
Run: 04, Epoch: 15, Loss: 0.3969
Run: 04, Epoch: 16, Loss: 0.3978
Run: 04, Epoch: 16, Train: 91.02%, Valid: 90.83% Test: 78.11%
Run: 04, Epoch: 17, Loss: 0.3895
Run: 04, Epoch: 18, Loss: 0.3874
Run: 04, Epoch: 18, Train: 91.11%, Valid: 90.72% Test: 77.22%
Run: 04, Epoch: 19, Loss: 0.3853
Run: 04, Epoch: 20, Loss: 0.3806
Run: 04, Epoch: 20, Train: 91.26%, Valid: 90.54% Test: 78.06%
Run 04:
Highest Train: 91.26
Highest Valid: 90.83
  Final Train: 91.02
   Final Test: 78.11
Run: 05, Epoch: 01, Loss: 1.3450
Run: 05, Epoch: 02, Loss: 0.6110
Run: 05, Epoch: 03, Loss: 0.5231
Run: 05, Epoch: 04, Loss: 0.4891
Run: 05, Epoch: 05, Loss: 0.4668
Run: 05, Epoch: 06, Loss: 0.4448
Run: 05, Epoch: 07, Loss: 0.4385
Run: 05, Epoch: 08, Loss: 0.4210
Run: 05, Epoch: 09, Loss: 0.4136
Run: 05, Epoch: 10, Loss: 0.4109
Run: 05, Epoch: 10, Train: 90.30%, Valid: 90.52% Test: 77.76%
Run: 05, Epoch: 11, Loss: 0.4014
Run: 05, Epoch: 12, Loss: 0.3956
Run: 05, Epoch: 12, Train: 90.65%, Valid: 90.57% Test: 77.45%
Run: 05, Epoch: 13, Loss: 0.3973
Run: 05, Epoch: 14, Loss: 0.3836
Run: 05, Epoch: 14, Train: 90.82%, Valid: 90.67% Test: 78.09%
Run: 05, Epoch: 15, Loss: 0.3901
Run: 05, Epoch: 16, Loss: 0.3862
Run: 05, Epoch: 16, Train: 90.88%, Valid: 90.65% Test: 77.69%
Run: 05, Epoch: 17, Loss: 0.3786
Run: 05, Epoch: 18, Loss: 0.3729
Run: 05, Epoch: 18, Train: 91.38%, Valid: 90.87% Test: 77.07%
Run: 05, Epoch: 19, Loss: 0.3737
Run: 05, Epoch: 20, Loss: 0.3806
Run: 05, Epoch: 20, Train: 91.40%, Valid: 90.83% Test: 77.53%
Run 05:
Highest Train: 91.40
Highest Valid: 90.87
  Final Train: 91.38
   Final Test: 77.07
Run: 06, Epoch: 01, Loss: 1.3563
Run: 06, Epoch: 02, Loss: 0.6130
Run: 06, Epoch: 03, Loss: 0.5335
Run: 06, Epoch: 04, Loss: 0.4847
Run: 06, Epoch: 05, Loss: 0.4664
Run: 06, Epoch: 06, Loss: 0.4574
Run: 06, Epoch: 07, Loss: 0.4411
Run: 06, Epoch: 08, Loss: 0.4241
Run: 06, Epoch: 09, Loss: 0.4208
Run: 06, Epoch: 10, Loss: 0.4186
Run: 06, Epoch: 10, Train: 90.17%, Valid: 90.43% Test: 78.47%
Run: 06, Epoch: 11, Loss: 0.4052
Run: 06, Epoch: 12, Loss: 0.4007
Run: 06, Epoch: 12, Train: 90.62%, Valid: 90.49% Test: 77.49%
Run: 06, Epoch: 13, Loss: 0.3979
Run: 06, Epoch: 14, Loss: 0.3883
Run: 06, Epoch: 14, Train: 90.85%, Valid: 90.43% Test: 77.86%
Run: 06, Epoch: 15, Loss: 0.3812
Run: 06, Epoch: 16, Loss: 0.3891
Run: 06, Epoch: 16, Train: 90.98%, Valid: 90.74% Test: 77.86%
Run: 06, Epoch: 17, Loss: 0.3888
Run: 06, Epoch: 18, Loss: 0.3866
Run: 06, Epoch: 18, Train: 91.27%, Valid: 90.67% Test: 77.82%
Run: 06, Epoch: 19, Loss: 0.3845
Run: 06, Epoch: 20, Loss: 0.3855
Run: 06, Epoch: 20, Train: 91.51%, Valid: 90.87% Test: 78.29%
Run 06:
Highest Train: 91.51
Highest Valid: 90.87
  Final Train: 91.51
   Final Test: 78.29
Run: 07, Epoch: 01, Loss: 1.5035
Run: 07, Epoch: 02, Loss: 0.6340
Run: 07, Epoch: 03, Loss: 0.5519
Run: 07, Epoch: 04, Loss: 0.5022
Run: 07, Epoch: 05, Loss: 0.4705
Run: 07, Epoch: 06, Loss: 0.4620
Run: 07, Epoch: 07, Loss: 0.4429
Run: 07, Epoch: 08, Loss: 0.4282
Run: 07, Epoch: 09, Loss: 0.4257
Run: 07, Epoch: 10, Loss: 0.4229
Run: 07, Epoch: 10, Train: 89.99%, Valid: 90.34% Test: 76.86%
Run: 07, Epoch: 11, Loss: 0.4076
Run: 07, Epoch: 12, Loss: 0.4082
Run: 07, Epoch: 12, Train: 90.40%, Valid: 90.72% Test: 77.58%
Run: 07, Epoch: 13, Loss: 0.3986
Run: 07, Epoch: 14, Loss: 0.3933
Run: 07, Epoch: 14, Train: 90.79%, Valid: 90.77% Test: 78.45%
Run: 07, Epoch: 15, Loss: 0.3912
Run: 07, Epoch: 16, Loss: 0.3884
Run: 07, Epoch: 16, Train: 91.14%, Valid: 90.67% Test: 77.00%
Run: 07, Epoch: 17, Loss: 0.3874
Run: 07, Epoch: 18, Loss: 0.3857
Run: 07, Epoch: 18, Train: 91.15%, Valid: 90.80% Test: 77.68%
Run: 07, Epoch: 19, Loss: 0.3817
Run: 07, Epoch: 20, Loss: 0.3810
Run: 07, Epoch: 20, Train: 91.25%, Valid: 90.80% Test: 77.87%
Run 07:
Highest Train: 91.25
Highest Valid: 90.80
  Final Train: 91.15
   Final Test: 77.68
Run: 08, Epoch: 01, Loss: 1.3140
Run: 08, Epoch: 02, Loss: 0.6027
Run: 08, Epoch: 03, Loss: 0.5320
Run: 08, Epoch: 04, Loss: 0.4865
Run: 08, Epoch: 05, Loss: 0.4652
Run: 08, Epoch: 06, Loss: 0.4467
Run: 08, Epoch: 07, Loss: 0.4334
Run: 08, Epoch: 08, Loss: 0.4287
Run: 08, Epoch: 09, Loss: 0.4204
Run: 08, Epoch: 10, Loss: 0.4112
Run: 08, Epoch: 10, Train: 90.21%, Valid: 90.33% Test: 77.77%
Run: 08, Epoch: 11, Loss: 0.4099
Run: 08, Epoch: 12, Loss: 0.4012
Run: 08, Epoch: 12, Train: 90.63%, Valid: 90.65% Test: 77.61%
Run: 08, Epoch: 13, Loss: 0.3935
Run: 08, Epoch: 14, Loss: 0.3956
Run: 08, Epoch: 14, Train: 90.54%, Valid: 90.70% Test: 77.66%
Run: 08, Epoch: 15, Loss: 0.3860
Run: 08, Epoch: 16, Loss: 0.3875
Run: 08, Epoch: 16, Train: 90.95%, Valid: 90.74% Test: 77.36%
Run: 08, Epoch: 17, Loss: 0.3862
Run: 08, Epoch: 18, Loss: 0.3884
Run: 08, Epoch: 18, Train: 91.24%, Valid: 90.68% Test: 77.66%
Run: 08, Epoch: 19, Loss: 0.3802
Run: 08, Epoch: 20, Loss: 0.3785
Run: 08, Epoch: 20, Train: 91.15%, Valid: 90.62% Test: 78.27%
Run 08:
Highest Train: 91.24
Highest Valid: 90.74
  Final Train: 90.95
   Final Test: 77.36
Run: 09, Epoch: 01, Loss: 1.3989
Run: 09, Epoch: 02, Loss: 0.6067
Run: 09, Epoch: 03, Loss: 0.5290
Run: 09, Epoch: 04, Loss: 0.4889
Run: 09, Epoch: 05, Loss: 0.4651
Run: 09, Epoch: 06, Loss: 0.4461
Run: 09, Epoch: 07, Loss: 0.4379
Run: 09, Epoch: 08, Loss: 0.4282
Run: 09, Epoch: 09, Loss: 0.4185
Run: 09, Epoch: 10, Loss: 0.4116
Run: 09, Epoch: 10, Train: 90.24%, Valid: 90.63% Test: 76.68%
Run: 09, Epoch: 11, Loss: 0.4031
Run: 09, Epoch: 12, Loss: 0.3941
Run: 09, Epoch: 12, Train: 90.46%, Valid: 90.52% Test: 77.73%
Run: 09, Epoch: 13, Loss: 0.3991
Run: 09, Epoch: 14, Loss: 0.4047
Run: 09, Epoch: 14, Train: 90.74%, Valid: 90.52% Test: 77.02%
Run: 09, Epoch: 15, Loss: 0.3982
Run: 09, Epoch: 16, Loss: 0.3925
Run: 09, Epoch: 16, Train: 90.82%, Valid: 90.56% Test: 77.77%
Run: 09, Epoch: 17, Loss: 0.3804
Run: 09, Epoch: 18, Loss: 0.3819
Run: 09, Epoch: 18, Train: 90.93%, Valid: 90.66% Test: 77.74%
Run: 09, Epoch: 19, Loss: 0.3813
Run: 09, Epoch: 20, Loss: 0.3721
Run: 09, Epoch: 20, Train: 91.39%, Valid: 90.63% Test: 77.97%
Run 09:
Highest Train: 91.39
Highest Valid: 90.66
  Final Train: 90.93
   Final Test: 77.74
Run: 10, Epoch: 01, Loss: 1.4331
Run: 10, Epoch: 02, Loss: 0.6270
Run: 10, Epoch: 03, Loss: 0.5381
Run: 10, Epoch: 04, Loss: 0.4996
Run: 10, Epoch: 05, Loss: 0.4757
Run: 10, Epoch: 06, Loss: 0.4603
Run: 10, Epoch: 07, Loss: 0.4380
Run: 10, Epoch: 08, Loss: 0.4333
Run: 10, Epoch: 09, Loss: 0.4316
Run: 10, Epoch: 10, Loss: 0.4151
Run: 10, Epoch: 10, Train: 89.99%, Valid: 90.25% Test: 77.18%
Run: 10, Epoch: 11, Loss: 0.4089
Run: 10, Epoch: 12, Loss: 0.4034
Run: 10, Epoch: 12, Train: 90.31%, Valid: 90.32% Test: 77.65%
Run: 10, Epoch: 13, Loss: 0.4020
Run: 10, Epoch: 14, Loss: 0.3997
Run: 10, Epoch: 14, Train: 90.56%, Valid: 90.10% Test: 77.96%
Run: 10, Epoch: 15, Loss: 0.4059
Run: 10, Epoch: 16, Loss: 0.3892
Run: 10, Epoch: 16, Train: 90.71%, Valid: 90.53% Test: 78.01%
Run: 10, Epoch: 17, Loss: 0.3901
Run: 10, Epoch: 18, Loss: 0.3876
Run: 10, Epoch: 18, Train: 91.03%, Valid: 90.55% Test: 78.13%
Run: 10, Epoch: 19, Loss: 0.3834
Run: 10, Epoch: 20, Loss: 0.3865
Run: 10, Epoch: 20, Train: 91.18%, Valid: 90.42% Test: 77.72%
Run 10:
Highest Train: 91.18
Highest Valid: 90.55
  Final Train: 91.03
   Final Test: 78.13
All runs:
Highest Train: 91.27 ± 0.13
Highest Valid: 90.75 ± 0.11
  Final Train: 91.08 ± 0.25
   Final Test: 77.81 ± 0.40
