Namespace(device=0, log_steps=1, inductive=False, num_layers=3, hidden_channels=256, dropout=0.5, batch_size=20000, walk_length=3, lr=0.01, num_steps=30, epochs=20, eval_steps=2, runs=10, rsv=0.25, al='el2n', alpha=0.6)
tensor([ 99311, 131369,  96836,  ...,  21949,  84537,  25308]) 49154
tensor([222340, 232877, 217134,  ..., 229572, 228192, 207472]) 9830
Run: 01, Epoch: 01, Loss: 1.5046
Run: 01, Epoch: 02, Loss: 0.7729
Run: 01, Epoch: 03, Loss: 0.6782
Run: 01, Epoch: 04, Loss: 0.6299
Run: 01, Epoch: 05, Loss: 0.6036
Run: 01, Epoch: 06, Loss: 0.5802
Run: 01, Epoch: 07, Loss: 0.5639
Run: 01, Epoch: 08, Loss: 0.5539
Run: 01, Epoch: 09, Loss: 0.5436
Run: 01, Epoch: 10, Loss: 0.5359
Run: 01, Epoch: 10, Train: 87.47%, Valid: 90.27% Test: 77.36%
Run: 01, Epoch: 11, Loss: 0.5327
Run: 01, Epoch: 12, Loss: 0.5215
Run: 01, Epoch: 12, Train: 87.85%, Valid: 90.53% Test: 76.91%
Run: 01, Epoch: 13, Loss: 0.5148
Run: 01, Epoch: 14, Loss: 0.5107
Run: 01, Epoch: 14, Train: 88.17%, Valid: 90.46% Test: 77.56%
Run: 01, Epoch: 15, Loss: 0.5134
Run: 01, Epoch: 16, Loss: 0.5089
Run: 01, Epoch: 16, Train: 88.08%, Valid: 90.91% Test: 77.45%
Run: 01, Epoch: 17, Loss: 0.4994
Run: 01, Epoch: 18, Loss: 0.5075
Run: 01, Epoch: 18, Train: 88.66%, Valid: 90.63% Test: 76.66%
Run: 01, Epoch: 19, Loss: 0.5006
Run: 01, Epoch: 20, Loss: 0.4962
Run: 01, Epoch: 20, Train: 88.50%, Valid: 90.63% Test: 77.17%
Run 01:
Highest Train: 88.66
Highest Valid: 90.91
  Final Train: 88.08
   Final Test: 77.45
Run: 02, Epoch: 01, Loss: 1.5885
Run: 02, Epoch: 02, Loss: 0.7918
Run: 02, Epoch: 03, Loss: 0.6881
Run: 02, Epoch: 04, Loss: 0.6396
Run: 02, Epoch: 05, Loss: 0.6121
Run: 02, Epoch: 06, Loss: 0.5829
Run: 02, Epoch: 07, Loss: 0.5701
Run: 02, Epoch: 08, Loss: 0.5589
Run: 02, Epoch: 09, Loss: 0.5598
Run: 02, Epoch: 10, Loss: 0.5500
Run: 02, Epoch: 10, Train: 87.37%, Valid: 90.68% Test: 78.46%
Run: 02, Epoch: 11, Loss: 0.5371
Run: 02, Epoch: 12, Loss: 0.5327
Run: 02, Epoch: 12, Train: 87.72%, Valid: 90.76% Test: 77.48%
Run: 02, Epoch: 13, Loss: 0.5234
Run: 02, Epoch: 14, Loss: 0.5226
Run: 02, Epoch: 14, Train: 87.83%, Valid: 90.75% Test: 77.97%
Run: 02, Epoch: 15, Loss: 0.5155
Run: 02, Epoch: 16, Loss: 0.5127
Run: 02, Epoch: 16, Train: 88.28%, Valid: 90.63% Test: 78.15%
Run: 02, Epoch: 17, Loss: 0.5101
Run: 02, Epoch: 18, Loss: 0.5059
Run: 02, Epoch: 18, Train: 88.09%, Valid: 90.44% Test: 78.12%
Run: 02, Epoch: 19, Loss: 0.4986
Run: 02, Epoch: 20, Loss: 0.5036
Run: 02, Epoch: 20, Train: 88.44%, Valid: 90.63% Test: 77.95%
Run 02:
Highest Train: 88.44
Highest Valid: 90.76
  Final Train: 87.72
   Final Test: 77.48
Run: 03, Epoch: 01, Loss: 1.5671
Run: 03, Epoch: 02, Loss: 0.7790
Run: 03, Epoch: 03, Loss: 0.6909
Run: 03, Epoch: 04, Loss: 0.6446
Run: 03, Epoch: 05, Loss: 0.6047
Run: 03, Epoch: 06, Loss: 0.5898
Run: 03, Epoch: 07, Loss: 0.5710
Run: 03, Epoch: 08, Loss: 0.5628
Run: 03, Epoch: 09, Loss: 0.5527
Run: 03, Epoch: 10, Loss: 0.5445
Run: 03, Epoch: 10, Train: 87.14%, Valid: 89.99% Test: 77.32%
Run: 03, Epoch: 11, Loss: 0.5365
Run: 03, Epoch: 12, Loss: 0.5292
Run: 03, Epoch: 12, Train: 87.43%, Valid: 90.68% Test: 78.45%
Run: 03, Epoch: 13, Loss: 0.5258
Run: 03, Epoch: 14, Loss: 0.5228
Run: 03, Epoch: 14, Train: 87.69%, Valid: 90.46% Test: 77.96%
Run: 03, Epoch: 15, Loss: 0.5198
Run: 03, Epoch: 16, Loss: 0.5172
Run: 03, Epoch: 16, Train: 88.10%, Valid: 90.49% Test: 77.70%
Run: 03, Epoch: 17, Loss: 0.5131
Run: 03, Epoch: 18, Loss: 0.5123
Run: 03, Epoch: 18, Train: 88.39%, Valid: 90.75% Test: 78.53%
Run: 03, Epoch: 19, Loss: 0.5081
Run: 03, Epoch: 20, Loss: 0.5052
Run: 03, Epoch: 20, Train: 88.53%, Valid: 91.00% Test: 77.69%
Run 03:
Highest Train: 88.53
Highest Valid: 91.00
  Final Train: 88.53
   Final Test: 77.69
Run: 04, Epoch: 01, Loss: 1.6019
Run: 04, Epoch: 02, Loss: 0.7880
Run: 04, Epoch: 03, Loss: 0.6793
Run: 04, Epoch: 04, Loss: 0.6348
Run: 04, Epoch: 05, Loss: 0.5983
Run: 04, Epoch: 06, Loss: 0.5841
Run: 04, Epoch: 07, Loss: 0.5734
Run: 04, Epoch: 08, Loss: 0.5605
Run: 04, Epoch: 09, Loss: 0.5538
Run: 04, Epoch: 10, Loss: 0.5484
Run: 04, Epoch: 10, Train: 87.14%, Valid: 90.42% Test: 77.58%
Run: 04, Epoch: 11, Loss: 0.5335
Run: 04, Epoch: 12, Loss: 0.5232
Run: 04, Epoch: 12, Train: 87.83%, Valid: 90.21% Test: 77.25%
Run: 04, Epoch: 13, Loss: 0.5251
Run: 04, Epoch: 14, Loss: 0.5180
Run: 04, Epoch: 14, Train: 87.87%, Valid: 90.57% Test: 77.26%
Run: 04, Epoch: 15, Loss: 0.5159
Run: 04, Epoch: 16, Loss: 0.5195
Run: 04, Epoch: 16, Train: 88.24%, Valid: 90.84% Test: 78.19%
Run: 04, Epoch: 17, Loss: 0.5125
Run: 04, Epoch: 18, Loss: 0.5105
Run: 04, Epoch: 18, Train: 88.35%, Valid: 90.85% Test: 76.81%
Run: 04, Epoch: 19, Loss: 0.5084
Run: 04, Epoch: 20, Loss: 0.4952
Run: 04, Epoch: 20, Train: 88.68%, Valid: 90.74% Test: 78.24%
Run 04:
Highest Train: 88.68
Highest Valid: 90.85
  Final Train: 88.35
   Final Test: 76.81
Run: 05, Epoch: 01, Loss: 1.4338
Run: 05, Epoch: 02, Loss: 0.7686
Run: 05, Epoch: 03, Loss: 0.6707
Run: 05, Epoch: 04, Loss: 0.6269
Run: 05, Epoch: 05, Loss: 0.6036
Run: 05, Epoch: 06, Loss: 0.5717
Run: 05, Epoch: 07, Loss: 0.5668
Run: 05, Epoch: 08, Loss: 0.5533
Run: 05, Epoch: 09, Loss: 0.5412
Run: 05, Epoch: 10, Loss: 0.5341
Run: 05, Epoch: 10, Train: 87.45%, Valid: 90.08% Test: 76.80%
Run: 05, Epoch: 11, Loss: 0.5271
Run: 05, Epoch: 12, Loss: 0.5242
Run: 05, Epoch: 12, Train: 87.79%, Valid: 90.60% Test: 77.41%
Run: 05, Epoch: 13, Loss: 0.5221
Run: 05, Epoch: 14, Loss: 0.5127
Run: 05, Epoch: 14, Train: 88.10%, Valid: 90.78% Test: 77.64%
Run: 05, Epoch: 15, Loss: 0.5137
Run: 05, Epoch: 16, Loss: 0.5124
Run: 05, Epoch: 16, Train: 88.26%, Valid: 91.07% Test: 77.47%
Run: 05, Epoch: 17, Loss: 0.5011
Run: 05, Epoch: 18, Loss: 0.4966
Run: 05, Epoch: 18, Train: 88.34%, Valid: 90.87% Test: 77.11%
Run: 05, Epoch: 19, Loss: 0.4977
Run: 05, Epoch: 20, Loss: 0.5014
Run: 05, Epoch: 20, Train: 88.94%, Valid: 90.70% Test: 78.07%
Run 05:
Highest Train: 88.94
Highest Valid: 91.07
  Final Train: 88.26
   Final Test: 77.47
Run: 06, Epoch: 01, Loss: 1.4759
Run: 06, Epoch: 02, Loss: 0.7603
Run: 06, Epoch: 03, Loss: 0.6701
Run: 06, Epoch: 04, Loss: 0.6180
Run: 06, Epoch: 05, Loss: 0.5948
Run: 06, Epoch: 06, Loss: 0.5857
Run: 06, Epoch: 07, Loss: 0.5655
Run: 06, Epoch: 08, Loss: 0.5455
Run: 06, Epoch: 09, Loss: 0.5444
Run: 06, Epoch: 10, Loss: 0.5365
Run: 06, Epoch: 10, Train: 87.58%, Valid: 90.77% Test: 78.15%
Run: 06, Epoch: 11, Loss: 0.5263
Run: 06, Epoch: 12, Loss: 0.5235
Run: 06, Epoch: 12, Train: 87.85%, Valid: 90.40% Test: 76.45%
Run: 06, Epoch: 13, Loss: 0.5170
Run: 06, Epoch: 14, Loss: 0.5038
Run: 06, Epoch: 14, Train: 88.27%, Valid: 90.31% Test: 77.10%
Run: 06, Epoch: 15, Loss: 0.5031
Run: 06, Epoch: 16, Loss: 0.5114
Run: 06, Epoch: 16, Train: 88.41%, Valid: 90.98% Test: 76.83%
Run: 06, Epoch: 17, Loss: 0.5093
Run: 06, Epoch: 18, Loss: 0.5028
Run: 06, Epoch: 18, Train: 88.55%, Valid: 90.67% Test: 77.26%
Run: 06, Epoch: 19, Loss: 0.5037
Run: 06, Epoch: 20, Loss: 0.5004
Run: 06, Epoch: 20, Train: 88.84%, Valid: 90.53% Test: 77.86%
Run 06:
Highest Train: 88.84
Highest Valid: 90.98
  Final Train: 88.41
   Final Test: 76.83
Run: 07, Epoch: 01, Loss: 1.5510
Run: 07, Epoch: 02, Loss: 0.7638
Run: 07, Epoch: 03, Loss: 0.6834
Run: 07, Epoch: 04, Loss: 0.6313
Run: 07, Epoch: 05, Loss: 0.6030
Run: 07, Epoch: 06, Loss: 0.5870
Run: 07, Epoch: 07, Loss: 0.5673
Run: 07, Epoch: 08, Loss: 0.5530
Run: 07, Epoch: 09, Loss: 0.5484
Run: 07, Epoch: 10, Loss: 0.5468
Run: 07, Epoch: 10, Train: 87.25%, Valid: 90.43% Test: 77.35%
Run: 07, Epoch: 11, Loss: 0.5362
Run: 07, Epoch: 12, Loss: 0.5281
Run: 07, Epoch: 12, Train: 87.47%, Valid: 90.28% Test: 77.20%
Run: 07, Epoch: 13, Loss: 0.5243
Run: 07, Epoch: 14, Loss: 0.5182
Run: 07, Epoch: 14, Train: 87.75%, Valid: 90.64% Test: 77.44%
Run: 07, Epoch: 15, Loss: 0.5162
Run: 07, Epoch: 16, Loss: 0.5209
Run: 07, Epoch: 16, Train: 88.15%, Valid: 90.72% Test: 75.89%
Run: 07, Epoch: 17, Loss: 0.5157
Run: 07, Epoch: 18, Loss: 0.5081
Run: 07, Epoch: 18, Train: 88.44%, Valid: 90.20% Test: 76.86%
Run: 07, Epoch: 19, Loss: 0.5044
Run: 07, Epoch: 20, Loss: 0.5079
Run: 07, Epoch: 20, Train: 88.68%, Valid: 90.69% Test: 77.41%
Run 07:
Highest Train: 88.68
Highest Valid: 90.72
  Final Train: 88.15
   Final Test: 75.89
Run: 08, Epoch: 01, Loss: 1.4520
Run: 08, Epoch: 02, Loss: 0.7620
Run: 08, Epoch: 03, Loss: 0.6692
Run: 08, Epoch: 04, Loss: 0.6255
Run: 08, Epoch: 05, Loss: 0.5996
Run: 08, Epoch: 06, Loss: 0.5822
Run: 08, Epoch: 07, Loss: 0.5622
Run: 08, Epoch: 08, Loss: 0.5592
Run: 08, Epoch: 09, Loss: 0.5509
Run: 08, Epoch: 10, Loss: 0.5355
Run: 08, Epoch: 10, Train: 87.32%, Valid: 90.44% Test: 77.12%
Run: 08, Epoch: 11, Loss: 0.5366
Run: 08, Epoch: 12, Loss: 0.5212
Run: 08, Epoch: 12, Train: 87.92%, Valid: 90.63% Test: 77.43%
Run: 08, Epoch: 13, Loss: 0.5104
Run: 08, Epoch: 14, Loss: 0.5188
Run: 08, Epoch: 14, Train: 88.16%, Valid: 91.07% Test: 77.76%
Run: 08, Epoch: 15, Loss: 0.5054
Run: 08, Epoch: 16, Loss: 0.5054
Run: 08, Epoch: 16, Train: 88.63%, Valid: 91.14% Test: 78.12%
Run: 08, Epoch: 17, Loss: 0.5032
Run: 08, Epoch: 18, Loss: 0.5076
Run: 08, Epoch: 18, Train: 88.47%, Valid: 90.63% Test: 77.02%
Run: 08, Epoch: 19, Loss: 0.4962
Run: 08, Epoch: 20, Loss: 0.4980
Run: 08, Epoch: 20, Train: 88.78%, Valid: 91.27% Test: 78.11%
Run 08:
Highest Train: 88.78
Highest Valid: 91.27
  Final Train: 88.78
   Final Test: 78.11
Run: 09, Epoch: 01, Loss: 1.4672
Run: 09, Epoch: 02, Loss: 0.7554
Run: 09, Epoch: 03, Loss: 0.6681
Run: 09, Epoch: 04, Loss: 0.6216
Run: 09, Epoch: 05, Loss: 0.5944
Run: 09, Epoch: 06, Loss: 0.5741
Run: 09, Epoch: 07, Loss: 0.5647
Run: 09, Epoch: 08, Loss: 0.5572
Run: 09, Epoch: 09, Loss: 0.5506
Run: 09, Epoch: 10, Loss: 0.5335
Run: 09, Epoch: 10, Train: 87.44%, Valid: 90.53% Test: 77.49%
Run: 09, Epoch: 11, Loss: 0.5300
Run: 09, Epoch: 12, Loss: 0.5100
Run: 09, Epoch: 12, Train: 88.08%, Valid: 90.72% Test: 77.72%
Run: 09, Epoch: 13, Loss: 0.5179
Run: 09, Epoch: 14, Loss: 0.5195
Run: 09, Epoch: 14, Train: 88.25%, Valid: 90.85% Test: 77.12%
Run: 09, Epoch: 15, Loss: 0.5185
Run: 09, Epoch: 16, Loss: 0.5072
Run: 09, Epoch: 16, Train: 88.44%, Valid: 90.23% Test: 77.46%
Run: 09, Epoch: 17, Loss: 0.4981
Run: 09, Epoch: 18, Loss: 0.5019
Run: 09, Epoch: 18, Train: 88.39%, Valid: 90.45% Test: 77.53%
Run: 09, Epoch: 19, Loss: 0.5008
Run: 09, Epoch: 20, Loss: 0.4973
Run: 09, Epoch: 20, Train: 88.78%, Valid: 90.82% Test: 77.49%
Run 09:
Highest Train: 88.78
Highest Valid: 90.85
  Final Train: 88.25
   Final Test: 77.12
Run: 10, Epoch: 01, Loss: 1.4475
Run: 10, Epoch: 02, Loss: 0.7660
Run: 10, Epoch: 03, Loss: 0.6635
Run: 10, Epoch: 04, Loss: 0.6240
Run: 10, Epoch: 05, Loss: 0.5989
Run: 10, Epoch: 06, Loss: 0.5756
Run: 10, Epoch: 07, Loss: 0.5548
Run: 10, Epoch: 08, Loss: 0.5554
Run: 10, Epoch: 09, Loss: 0.5506
Run: 10, Epoch: 10, Loss: 0.5385
Run: 10, Epoch: 10, Train: 87.46%, Valid: 90.85% Test: 77.47%
Run: 10, Epoch: 11, Loss: 0.5261
Run: 10, Epoch: 12, Loss: 0.5167
Run: 10, Epoch: 12, Train: 88.07%, Valid: 90.21% Test: 78.04%
Run: 10, Epoch: 13, Loss: 0.5149
Run: 10, Epoch: 14, Loss: 0.5085
Run: 10, Epoch: 14, Train: 88.13%, Valid: 90.62% Test: 77.76%
Run: 10, Epoch: 15, Loss: 0.5143
Run: 10, Epoch: 16, Loss: 0.4969
Run: 10, Epoch: 16, Train: 88.19%, Valid: 90.94% Test: 77.79%
Run: 10, Epoch: 17, Loss: 0.4987
Run: 10, Epoch: 18, Loss: 0.5030
Run: 10, Epoch: 18, Train: 88.62%, Valid: 90.55% Test: 77.61%
Run: 10, Epoch: 19, Loss: 0.4959
Run: 10, Epoch: 20, Loss: 0.5038
Run: 10, Epoch: 20, Train: 88.82%, Valid: 90.83% Test: 77.63%
Run 10:
Highest Train: 88.82
Highest Valid: 90.94
  Final Train: 88.19
   Final Test: 77.79
All runs:
Highest Train: 88.71 ± 0.15
Highest Valid: 90.93 ± 0.16
  Final Train: 88.27 ± 0.28
   Final Test: 77.26 ± 0.63
