Namespace(device=0, log_steps=1, inductive=False, num_layers=3, hidden_channels=256, dropout=0.5, batch_size=20000, walk_length=3, lr=0.01, num_steps=30, epochs=20, eval_steps=2, runs=10, rsv=0.25, al='el2n', alpha=0.5)
tensor([ 99311, 131369, 105411,  ..., 105273, 163743,  38728]) 49154
tensor([222340, 232877, 217134,  ..., 229572, 228192, 207472]) 9830
Run: 01, Epoch: 01, Loss: 1.6284
Run: 01, Epoch: 02, Loss: 0.8979
Run: 01, Epoch: 03, Loss: 0.7875
Run: 01, Epoch: 04, Loss: 0.7336
Run: 01, Epoch: 05, Loss: 0.7140
Run: 01, Epoch: 06, Loss: 0.6855
Run: 01, Epoch: 07, Loss: 0.6585
Run: 01, Epoch: 08, Loss: 0.6510
Run: 01, Epoch: 09, Loss: 0.6380
Run: 01, Epoch: 10, Loss: 0.6380
Run: 01, Epoch: 10, Train: 84.95%, Valid: 90.07% Test: 76.74%
Run: 01, Epoch: 11, Loss: 0.6297
Run: 01, Epoch: 12, Loss: 0.6145
Run: 01, Epoch: 12, Train: 85.58%, Valid: 90.69% Test: 76.77%
Run: 01, Epoch: 13, Loss: 0.6098
Run: 01, Epoch: 14, Loss: 0.6047
Run: 01, Epoch: 14, Train: 85.75%, Valid: 90.51% Test: 77.40%
Run: 01, Epoch: 15, Loss: 0.6051
Run: 01, Epoch: 16, Loss: 0.6053
Run: 01, Epoch: 16, Train: 86.06%, Valid: 90.70% Test: 77.45%
Run: 01, Epoch: 17, Loss: 0.5918
Run: 01, Epoch: 18, Loss: 0.5966
Run: 01, Epoch: 18, Train: 86.46%, Valid: 90.50% Test: 77.08%
Run: 01, Epoch: 19, Loss: 0.5885
Run: 01, Epoch: 20, Loss: 0.5865
Run: 01, Epoch: 20, Train: 86.38%, Valid: 90.69% Test: 77.35%
Run 01:
Highest Train: 86.46
Highest Valid: 90.70
  Final Train: 86.06
   Final Test: 77.45
Run: 02, Epoch: 01, Loss: 1.6394
Run: 02, Epoch: 02, Loss: 0.9071
Run: 02, Epoch: 03, Loss: 0.8003
Run: 02, Epoch: 04, Loss: 0.7455
Run: 02, Epoch: 05, Loss: 0.7100
Run: 02, Epoch: 06, Loss: 0.6840
Run: 02, Epoch: 07, Loss: 0.6709
Run: 02, Epoch: 08, Loss: 0.6568
Run: 02, Epoch: 09, Loss: 0.6556
Run: 02, Epoch: 10, Loss: 0.6414
Run: 02, Epoch: 10, Train: 85.13%, Valid: 90.17% Test: 77.35%
Run: 02, Epoch: 11, Loss: 0.6292
Run: 02, Epoch: 12, Loss: 0.6269
Run: 02, Epoch: 12, Train: 84.98%, Valid: 88.99% Test: 74.86%
Run: 02, Epoch: 13, Loss: 0.6149
Run: 02, Epoch: 14, Loss: 0.6150
Run: 02, Epoch: 14, Train: 85.57%, Valid: 90.57% Test: 77.10%
Run: 02, Epoch: 15, Loss: 0.6096
Run: 02, Epoch: 16, Loss: 0.6065
Run: 02, Epoch: 16, Train: 85.82%, Valid: 90.28% Test: 77.18%
Run: 02, Epoch: 17, Loss: 0.6057
Run: 02, Epoch: 18, Loss: 0.6047
Run: 02, Epoch: 18, Train: 85.99%, Valid: 88.92% Test: 74.76%
Run: 02, Epoch: 19, Loss: 0.5969
Run: 02, Epoch: 20, Loss: 0.5981
Run: 02, Epoch: 20, Train: 85.78%, Valid: 90.83% Test: 77.63%
Run 02:
Highest Train: 85.99
Highest Valid: 90.83
  Final Train: 85.78
   Final Test: 77.63
Run: 03, Epoch: 01, Loss: 1.6212
Run: 03, Epoch: 02, Loss: 0.8939
Run: 03, Epoch: 03, Loss: 0.7983
Run: 03, Epoch: 04, Loss: 0.7447
Run: 03, Epoch: 05, Loss: 0.7080
Run: 03, Epoch: 06, Loss: 0.6889
Run: 03, Epoch: 07, Loss: 0.6682
Run: 03, Epoch: 08, Loss: 0.6539
Run: 03, Epoch: 09, Loss: 0.6440
Run: 03, Epoch: 10, Loss: 0.6337
Run: 03, Epoch: 10, Train: 84.71%, Valid: 90.11% Test: 76.43%
Run: 03, Epoch: 11, Loss: 0.6244
Run: 03, Epoch: 12, Loss: 0.6271
Run: 03, Epoch: 12, Train: 85.15%, Valid: 90.39% Test: 77.19%
Run: 03, Epoch: 13, Loss: 0.6221
Run: 03, Epoch: 14, Loss: 0.6130
Run: 03, Epoch: 14, Train: 85.80%, Valid: 90.48% Test: 77.17%
Run: 03, Epoch: 15, Loss: 0.6112
Run: 03, Epoch: 16, Loss: 0.6111
Run: 03, Epoch: 16, Train: 85.69%, Valid: 89.92% Test: 76.80%
Run: 03, Epoch: 17, Loss: 0.6081
Run: 03, Epoch: 18, Loss: 0.6015
Run: 03, Epoch: 18, Train: 86.06%, Valid: 90.61% Test: 77.51%
Run: 03, Epoch: 19, Loss: 0.6021
Run: 03, Epoch: 20, Loss: 0.5907
Run: 03, Epoch: 20, Train: 86.18%, Valid: 90.90% Test: 77.23%
Run 03:
Highest Train: 86.18
Highest Valid: 90.90
  Final Train: 86.18
   Final Test: 77.23
Run: 04, Epoch: 01, Loss: 1.7458
Run: 04, Epoch: 02, Loss: 0.9253
Run: 04, Epoch: 03, Loss: 0.8045
Run: 04, Epoch: 04, Loss: 0.7486
Run: 04, Epoch: 05, Loss: 0.7147
Run: 04, Epoch: 06, Loss: 0.7011
Run: 04, Epoch: 07, Loss: 0.6842
Run: 04, Epoch: 08, Loss: 0.6648
Run: 04, Epoch: 09, Loss: 0.6536
Run: 04, Epoch: 10, Loss: 0.6466
Run: 04, Epoch: 10, Train: 84.64%, Valid: 89.77% Test: 76.64%
Run: 04, Epoch: 11, Loss: 0.6307
Run: 04, Epoch: 12, Loss: 0.6229
Run: 04, Epoch: 12, Train: 85.28%, Valid: 90.43% Test: 77.47%
Run: 04, Epoch: 13, Loss: 0.6225
Run: 04, Epoch: 14, Loss: 0.6111
Run: 04, Epoch: 14, Train: 85.54%, Valid: 88.88% Test: 74.59%
Run: 04, Epoch: 15, Loss: 0.6184
Run: 04, Epoch: 16, Loss: 0.6188
Run: 04, Epoch: 16, Train: 85.68%, Valid: 89.86% Test: 76.46%
Run: 04, Epoch: 17, Loss: 0.6075
Run: 04, Epoch: 18, Loss: 0.6065
Run: 04, Epoch: 18, Train: 85.97%, Valid: 90.36% Test: 76.12%
Run: 04, Epoch: 19, Loss: 0.5950
Run: 04, Epoch: 20, Loss: 0.5936
Run: 04, Epoch: 20, Train: 85.70%, Valid: 89.58% Test: 77.01%
Run 04:
Highest Train: 85.97
Highest Valid: 90.43
  Final Train: 85.28
   Final Test: 77.47
Run: 05, Epoch: 01, Loss: 1.5839
Run: 05, Epoch: 02, Loss: 0.8949
Run: 05, Epoch: 03, Loss: 0.7857
Run: 05, Epoch: 04, Loss: 0.7330
Run: 05, Epoch: 05, Loss: 0.7002
Run: 05, Epoch: 06, Loss: 0.6735
Run: 05, Epoch: 07, Loss: 0.6683
Run: 05, Epoch: 08, Loss: 0.6537
Run: 05, Epoch: 09, Loss: 0.6433
Run: 05, Epoch: 10, Loss: 0.6314
Run: 05, Epoch: 10, Train: 85.02%, Valid: 89.92% Test: 76.87%
Run: 05, Epoch: 11, Loss: 0.6276
Run: 05, Epoch: 12, Loss: 0.6174
Run: 05, Epoch: 12, Train: 85.43%, Valid: 90.12% Test: 76.01%
Run: 05, Epoch: 13, Loss: 0.6113
Run: 05, Epoch: 14, Loss: 0.6102
Run: 05, Epoch: 14, Train: 85.31%, Valid: 90.23% Test: 77.14%
Run: 05, Epoch: 15, Loss: 0.6080
Run: 05, Epoch: 16, Loss: 0.6017
Run: 05, Epoch: 16, Train: 85.95%, Valid: 90.84% Test: 77.66%
Run: 05, Epoch: 17, Loss: 0.5976
Run: 05, Epoch: 18, Loss: 0.5931
Run: 05, Epoch: 18, Train: 86.10%, Valid: 90.45% Test: 77.00%
Run: 05, Epoch: 19, Loss: 0.5962
Run: 05, Epoch: 20, Loss: 0.5963
Run: 05, Epoch: 20, Train: 86.68%, Valid: 90.51% Test: 77.45%
Run 05:
Highest Train: 86.68
Highest Valid: 90.84
  Final Train: 85.95
   Final Test: 77.66
Run: 06, Epoch: 01, Loss: 1.6314
Run: 06, Epoch: 02, Loss: 0.8969
Run: 06, Epoch: 03, Loss: 0.7926
Run: 06, Epoch: 04, Loss: 0.7360
Run: 06, Epoch: 05, Loss: 0.7035
Run: 06, Epoch: 06, Loss: 0.6904
Run: 06, Epoch: 07, Loss: 0.6695
Run: 06, Epoch: 08, Loss: 0.6480
Run: 06, Epoch: 09, Loss: 0.6403
Run: 06, Epoch: 10, Loss: 0.6326
Run: 06, Epoch: 10, Train: 85.16%, Valid: 90.97% Test: 77.97%
Run: 06, Epoch: 11, Loss: 0.6237
Run: 06, Epoch: 12, Loss: 0.6221
Run: 06, Epoch: 12, Train: 85.44%, Valid: 90.83% Test: 76.36%
Run: 06, Epoch: 13, Loss: 0.6116
Run: 06, Epoch: 14, Loss: 0.5975
Run: 06, Epoch: 14, Train: 85.80%, Valid: 89.26% Test: 75.82%
Run: 06, Epoch: 15, Loss: 0.5989
Run: 06, Epoch: 16, Loss: 0.6043
Run: 06, Epoch: 16, Train: 86.11%, Valid: 90.77% Test: 77.58%
Run: 06, Epoch: 17, Loss: 0.6076
Run: 06, Epoch: 18, Loss: 0.5953
Run: 06, Epoch: 18, Train: 86.27%, Valid: 89.73% Test: 75.67%
Run: 06, Epoch: 19, Loss: 0.5944
Run: 06, Epoch: 20, Loss: 0.5961
Run: 06, Epoch: 20, Train: 86.43%, Valid: 89.92% Test: 76.98%
Run 06:
Highest Train: 86.43
Highest Valid: 90.97
  Final Train: 85.16
   Final Test: 77.97
Run: 07, Epoch: 01, Loss: 1.6046
Run: 07, Epoch: 02, Loss: 0.8813
Run: 07, Epoch: 03, Loss: 0.7893
Run: 07, Epoch: 04, Loss: 0.7354
Run: 07, Epoch: 05, Loss: 0.7054
Run: 07, Epoch: 06, Loss: 0.6861
Run: 07, Epoch: 07, Loss: 0.6615
Run: 07, Epoch: 08, Loss: 0.6507
Run: 07, Epoch: 09, Loss: 0.6414
Run: 07, Epoch: 10, Loss: 0.6458
Run: 07, Epoch: 10, Train: 84.99%, Valid: 90.04% Test: 75.92%
Run: 07, Epoch: 11, Loss: 0.6312
Run: 07, Epoch: 12, Loss: 0.6200
Run: 07, Epoch: 12, Train: 85.21%, Valid: 88.23% Test: 74.43%
Run: 07, Epoch: 13, Loss: 0.6152
Run: 07, Epoch: 14, Loss: 0.6035
Run: 07, Epoch: 14, Train: 85.88%, Valid: 90.35% Test: 76.04%
Run: 07, Epoch: 15, Loss: 0.6026
Run: 07, Epoch: 16, Loss: 0.6097
Run: 07, Epoch: 16, Train: 86.15%, Valid: 90.44% Test: 76.90%
Run: 07, Epoch: 17, Loss: 0.6015
Run: 07, Epoch: 18, Loss: 0.6001
Run: 07, Epoch: 18, Train: 86.05%, Valid: 89.52% Test: 75.93%
Run: 07, Epoch: 19, Loss: 0.5953
Run: 07, Epoch: 20, Loss: 0.5930
Run: 07, Epoch: 20, Train: 86.44%, Valid: 90.04% Test: 76.60%
Run 07:
Highest Train: 86.44
Highest Valid: 90.44
  Final Train: 86.15
   Final Test: 76.90
Run: 08, Epoch: 01, Loss: 1.6242
Run: 08, Epoch: 02, Loss: 0.8986
Run: 08, Epoch: 03, Loss: 0.7840
Run: 08, Epoch: 04, Loss: 0.7298
Run: 08, Epoch: 05, Loss: 0.7011
Run: 08, Epoch: 06, Loss: 0.6787
Run: 08, Epoch: 07, Loss: 0.6570
Run: 08, Epoch: 08, Loss: 0.6564
Run: 08, Epoch: 09, Loss: 0.6481
Run: 08, Epoch: 10, Loss: 0.6306
Run: 08, Epoch: 10, Train: 85.09%, Valid: 90.78% Test: 77.51%
Run: 08, Epoch: 11, Loss: 0.6277
Run: 08, Epoch: 12, Loss: 0.6167
Run: 08, Epoch: 12, Train: 85.12%, Valid: 89.80% Test: 76.63%
Run: 08, Epoch: 13, Loss: 0.6094
Run: 08, Epoch: 14, Loss: 0.6074
Run: 08, Epoch: 14, Train: 85.80%, Valid: 90.66% Test: 77.52%
Run: 08, Epoch: 15, Loss: 0.5996
Run: 08, Epoch: 16, Loss: 0.6010
Run: 08, Epoch: 16, Train: 86.06%, Valid: 90.62% Test: 76.93%
Run: 08, Epoch: 17, Loss: 0.6019
Run: 08, Epoch: 18, Loss: 0.6003
Run: 08, Epoch: 18, Train: 86.35%, Valid: 90.56% Test: 77.04%
Run: 08, Epoch: 19, Loss: 0.5856
Run: 08, Epoch: 20, Loss: 0.5915
Run: 08, Epoch: 20, Train: 86.51%, Valid: 91.36% Test: 77.64%
Run 08:
Highest Train: 86.51
Highest Valid: 91.36
  Final Train: 86.51
   Final Test: 77.64
Run: 09, Epoch: 01, Loss: 1.6743
Run: 09, Epoch: 02, Loss: 0.9034
Run: 09, Epoch: 03, Loss: 0.7871
Run: 09, Epoch: 04, Loss: 0.7316
Run: 09, Epoch: 05, Loss: 0.7023
Run: 09, Epoch: 06, Loss: 0.6793
Run: 09, Epoch: 07, Loss: 0.6693
Run: 09, Epoch: 08, Loss: 0.6634
Run: 09, Epoch: 09, Loss: 0.6473
Run: 09, Epoch: 10, Loss: 0.6316
Run: 09, Epoch: 10, Train: 84.95%, Valid: 90.41% Test: 76.03%
Run: 09, Epoch: 11, Loss: 0.6362
Run: 09, Epoch: 12, Loss: 0.6171
Run: 09, Epoch: 12, Train: 85.59%, Valid: 90.78% Test: 76.90%
Run: 09, Epoch: 13, Loss: 0.6162
Run: 09, Epoch: 14, Loss: 0.6161
Run: 09, Epoch: 14, Train: 85.96%, Valid: 90.56% Test: 76.62%
Run: 09, Epoch: 15, Loss: 0.6129
Run: 09, Epoch: 16, Loss: 0.6040
Run: 09, Epoch: 16, Train: 85.95%, Valid: 91.13% Test: 77.69%
Run: 09, Epoch: 17, Loss: 0.5890
Run: 09, Epoch: 18, Loss: 0.5941
Run: 09, Epoch: 18, Train: 86.26%, Valid: 90.68% Test: 76.80%
Run: 09, Epoch: 19, Loss: 0.5936
Run: 09, Epoch: 20, Loss: 0.5934
Run: 09, Epoch: 20, Train: 86.42%, Valid: 90.68% Test: 76.79%
Run 09:
Highest Train: 86.42
Highest Valid: 91.13
  Final Train: 85.95
   Final Test: 77.69
Run: 10, Epoch: 01, Loss: 1.6018
Run: 10, Epoch: 02, Loss: 0.8929
Run: 10, Epoch: 03, Loss: 0.7823
Run: 10, Epoch: 04, Loss: 0.7348
Run: 10, Epoch: 05, Loss: 0.7011
Run: 10, Epoch: 06, Loss: 0.6798
Run: 10, Epoch: 07, Loss: 0.6475
Run: 10, Epoch: 08, Loss: 0.6594
Run: 10, Epoch: 09, Loss: 0.6452
Run: 10, Epoch: 10, Loss: 0.6295
Run: 10, Epoch: 10, Train: 85.00%, Valid: 89.73% Test: 76.32%
Run: 10, Epoch: 11, Loss: 0.6173
Run: 10, Epoch: 12, Loss: 0.6092
Run: 10, Epoch: 12, Train: 85.58%, Valid: 89.90% Test: 77.16%
Run: 10, Epoch: 13, Loss: 0.6154
Run: 10, Epoch: 14, Loss: 0.6054
Run: 10, Epoch: 14, Train: 85.85%, Valid: 90.25% Test: 76.75%
Run: 10, Epoch: 15, Loss: 0.6144
Run: 10, Epoch: 16, Loss: 0.6000
Run: 10, Epoch: 16, Train: 86.02%, Valid: 89.51% Test: 76.30%
Run: 10, Epoch: 17, Loss: 0.5923
Run: 10, Epoch: 18, Loss: 0.5987
Run: 10, Epoch: 18, Train: 85.94%, Valid: 90.49% Test: 77.74%
Run: 10, Epoch: 19, Loss: 0.5911
Run: 10, Epoch: 20, Loss: 0.5944
Run: 10, Epoch: 20, Train: 86.38%, Valid: 90.63% Test: 77.08%
Run 10:
Highest Train: 86.38
Highest Valid: 90.63
  Final Train: 86.38
   Final Test: 77.08
All runs:
Highest Train: 86.35 ± 0.23
Highest Valid: 90.82 ± 0.29
  Final Train: 85.94 ± 0.44
   Final Test: 77.47 ± 0.32
