Namespace(device=0, log_steps=1, inductive=False, num_layers=3, hidden_channels=256, dropout=0.5, batch_size=20000, walk_length=3, lr=0.01, num_steps=30, epochs=20, eval_steps=2, runs=10, rsv=0.25, al='el2n', alpha=0.9)
tensor([ 96836,   3882,  25400,  ..., 161013, 117403, 117263]) 49154
tensor([222340, 232877, 217134,  ..., 229572, 228192, 207472]) 9830
Run: 01, Epoch: 01, Loss: 1.3818
Run: 01, Epoch: 02, Loss: 0.5715
Run: 01, Epoch: 03, Loss: 0.4846
Run: 01, Epoch: 04, Loss: 0.4434
Run: 01, Epoch: 05, Loss: 0.4278
Run: 01, Epoch: 06, Loss: 0.4080
Run: 01, Epoch: 07, Loss: 0.3921
Run: 01, Epoch: 08, Loss: 0.3842
Run: 01, Epoch: 09, Loss: 0.3754
Run: 01, Epoch: 10, Loss: 0.3736
Run: 01, Epoch: 10, Train: 91.30%, Valid: 90.18% Test: 77.60%
Run: 01, Epoch: 11, Loss: 0.3644
Run: 01, Epoch: 12, Loss: 0.3567
Run: 01, Epoch: 12, Train: 91.55%, Valid: 90.23% Test: 77.40%
Run: 01, Epoch: 13, Loss: 0.3550
Run: 01, Epoch: 14, Loss: 0.3513
Run: 01, Epoch: 14, Train: 91.85%, Valid: 90.45% Test: 77.86%
Run: 01, Epoch: 15, Loss: 0.3447
Run: 01, Epoch: 16, Loss: 0.3445
Run: 01, Epoch: 16, Train: 91.82%, Valid: 90.33% Test: 78.02%
Run: 01, Epoch: 17, Loss: 0.3429
Run: 01, Epoch: 18, Loss: 0.3435
Run: 01, Epoch: 18, Train: 92.02%, Valid: 90.58% Test: 76.92%
Run: 01, Epoch: 19, Loss: 0.3430
Run: 01, Epoch: 20, Loss: 0.3385
Run: 01, Epoch: 20, Train: 92.11%, Valid: 90.22% Test: 77.29%
Run 01:
Highest Train: 92.11
Highest Valid: 90.58
  Final Train: 92.02
   Final Test: 76.92
Run: 02, Epoch: 01, Loss: 1.5226
Run: 02, Epoch: 02, Loss: 0.5878
Run: 02, Epoch: 03, Loss: 0.4953
Run: 02, Epoch: 04, Loss: 0.4543
Run: 02, Epoch: 05, Loss: 0.4250
Run: 02, Epoch: 06, Loss: 0.4160
Run: 02, Epoch: 07, Loss: 0.4022
Run: 02, Epoch: 08, Loss: 0.3897
Run: 02, Epoch: 09, Loss: 0.3935
Run: 02, Epoch: 10, Loss: 0.3792
Run: 02, Epoch: 10, Train: 91.19%, Valid: 90.38% Test: 77.66%
Run: 02, Epoch: 11, Loss: 0.3672
Run: 02, Epoch: 12, Loss: 0.3655
Run: 02, Epoch: 12, Train: 91.51%, Valid: 90.65% Test: 77.24%
Run: 02, Epoch: 13, Loss: 0.3543
Run: 02, Epoch: 14, Loss: 0.3551
Run: 02, Epoch: 14, Train: 91.79%, Valid: 90.68% Test: 77.53%
Run: 02, Epoch: 15, Loss: 0.3548
Run: 02, Epoch: 16, Loss: 0.3544
Run: 02, Epoch: 16, Train: 91.80%, Valid: 90.31% Test: 77.52%
Run: 02, Epoch: 17, Loss: 0.3486
Run: 02, Epoch: 18, Loss: 0.3474
Run: 02, Epoch: 18, Train: 91.87%, Valid: 90.19% Test: 77.60%
Run: 02, Epoch: 19, Loss: 0.3402
Run: 02, Epoch: 20, Loss: 0.3445
Run: 02, Epoch: 20, Train: 92.23%, Valid: 90.55% Test: 77.81%
Run 02:
Highest Train: 92.23
Highest Valid: 90.68
  Final Train: 91.79
   Final Test: 77.53
Run: 03, Epoch: 01, Loss: 1.4459
Run: 03, Epoch: 02, Loss: 0.5777
Run: 03, Epoch: 03, Loss: 0.4943
Run: 03, Epoch: 04, Loss: 0.4547
Run: 03, Epoch: 05, Loss: 0.4249
Run: 03, Epoch: 06, Loss: 0.4142
Run: 03, Epoch: 07, Loss: 0.4008
Run: 03, Epoch: 08, Loss: 0.3916
Run: 03, Epoch: 09, Loss: 0.3880
Run: 03, Epoch: 10, Loss: 0.3727
Run: 03, Epoch: 10, Train: 91.06%, Valid: 90.20% Test: 77.78%
Run: 03, Epoch: 11, Loss: 0.3692
Run: 03, Epoch: 12, Loss: 0.3671
Run: 03, Epoch: 12, Train: 91.59%, Valid: 90.53% Test: 77.61%
Run: 03, Epoch: 13, Loss: 0.3610
Run: 03, Epoch: 14, Loss: 0.3602
Run: 03, Epoch: 14, Train: 91.70%, Valid: 90.40% Test: 77.66%
Run: 03, Epoch: 15, Loss: 0.3486
Run: 03, Epoch: 16, Loss: 0.3519
Run: 03, Epoch: 16, Train: 91.79%, Valid: 90.82% Test: 77.72%
Run: 03, Epoch: 17, Loss: 0.3487
Run: 03, Epoch: 18, Loss: 0.3465
Run: 03, Epoch: 18, Train: 92.05%, Valid: 90.54% Test: 78.63%
Run: 03, Epoch: 19, Loss: 0.3426
Run: 03, Epoch: 20, Loss: 0.3431
Run: 03, Epoch: 20, Train: 92.15%, Valid: 90.73% Test: 77.61%
Run 03:
Highest Train: 92.15
Highest Valid: 90.82
  Final Train: 91.79
   Final Test: 77.72
Run: 04, Epoch: 01, Loss: 1.3415
Run: 04, Epoch: 02, Loss: 0.5640
Run: 04, Epoch: 03, Loss: 0.4786
Run: 04, Epoch: 04, Loss: 0.4482
Run: 04, Epoch: 05, Loss: 0.4215
Run: 04, Epoch: 06, Loss: 0.4056
Run: 04, Epoch: 07, Loss: 0.3940
Run: 04, Epoch: 08, Loss: 0.3863
Run: 04, Epoch: 09, Loss: 0.3811
Run: 04, Epoch: 10, Loss: 0.3719
Run: 04, Epoch: 10, Train: 91.30%, Valid: 90.23% Test: 78.32%
Run: 04, Epoch: 11, Loss: 0.3605
Run: 04, Epoch: 12, Loss: 0.3563
Run: 04, Epoch: 12, Train: 91.62%, Valid: 90.33% Test: 78.20%
Run: 04, Epoch: 13, Loss: 0.3542
Run: 04, Epoch: 14, Loss: 0.3529
Run: 04, Epoch: 14, Train: 91.76%, Valid: 90.38% Test: 77.13%
Run: 04, Epoch: 15, Loss: 0.3539
Run: 04, Epoch: 16, Loss: 0.3603
Run: 04, Epoch: 16, Train: 91.99%, Valid: 90.58% Test: 77.26%
Run: 04, Epoch: 17, Loss: 0.3517
Run: 04, Epoch: 18, Loss: 0.3457
Run: 04, Epoch: 18, Train: 92.05%, Valid: 90.57% Test: 77.27%
Run: 04, Epoch: 19, Loss: 0.3408
Run: 04, Epoch: 20, Loss: 0.3444
Run: 04, Epoch: 20, Train: 92.11%, Valid: 90.56% Test: 77.73%
Run 04:
Highest Train: 92.11
Highest Valid: 90.58
  Final Train: 91.99
   Final Test: 77.26
Run: 05, Epoch: 01, Loss: 1.2907
Run: 05, Epoch: 02, Loss: 0.5575
Run: 05, Epoch: 03, Loss: 0.4763
Run: 05, Epoch: 04, Loss: 0.4442
Run: 05, Epoch: 05, Loss: 0.4219
Run: 05, Epoch: 06, Loss: 0.4004
Run: 05, Epoch: 07, Loss: 0.3974
Run: 05, Epoch: 08, Loss: 0.3779
Run: 05, Epoch: 09, Loss: 0.3708
Run: 05, Epoch: 10, Loss: 0.3717
Run: 05, Epoch: 10, Train: 91.27%, Valid: 90.36% Test: 77.62%
Run: 05, Epoch: 11, Loss: 0.3557
Run: 05, Epoch: 12, Loss: 0.3546
Run: 05, Epoch: 12, Train: 91.58%, Valid: 89.99% Test: 77.52%
Run: 05, Epoch: 13, Loss: 0.3554
Run: 05, Epoch: 14, Loss: 0.3434
Run: 05, Epoch: 14, Train: 91.86%, Valid: 90.44% Test: 78.25%
Run: 05, Epoch: 15, Loss: 0.3465
Run: 05, Epoch: 16, Loss: 0.3457
Run: 05, Epoch: 16, Train: 92.18%, Valid: 90.40% Test: 77.85%
Run: 05, Epoch: 17, Loss: 0.3389
Run: 05, Epoch: 18, Loss: 0.3374
Run: 05, Epoch: 18, Train: 92.27%, Valid: 90.32% Test: 78.07%
Run: 05, Epoch: 19, Loss: 0.3366
Run: 05, Epoch: 20, Loss: 0.3408
Run: 05, Epoch: 20, Train: 92.56%, Valid: 90.61% Test: 77.28%
Run 05:
Highest Train: 92.56
Highest Valid: 90.61
  Final Train: 92.56
   Final Test: 77.28
Run: 06, Epoch: 01, Loss: 1.3558
Run: 06, Epoch: 02, Loss: 0.5651
Run: 06, Epoch: 03, Loss: 0.4897
Run: 06, Epoch: 04, Loss: 0.4428
Run: 06, Epoch: 05, Loss: 0.4214
Run: 06, Epoch: 06, Loss: 0.4111
Run: 06, Epoch: 07, Loss: 0.3971
Run: 06, Epoch: 08, Loss: 0.3823
Run: 06, Epoch: 09, Loss: 0.3779
Run: 06, Epoch: 10, Loss: 0.3767
Run: 06, Epoch: 10, Train: 91.13%, Valid: 90.08% Test: 77.77%
Run: 06, Epoch: 11, Loss: 0.3639
Run: 06, Epoch: 12, Loss: 0.3564
Run: 06, Epoch: 12, Train: 91.70%, Valid: 90.30% Test: 77.30%
Run: 06, Epoch: 13, Loss: 0.3570
Run: 06, Epoch: 14, Loss: 0.3514
Run: 06, Epoch: 14, Train: 91.73%, Valid: 90.36% Test: 77.50%
Run: 06, Epoch: 15, Loss: 0.3470
Run: 06, Epoch: 16, Loss: 0.3473
Run: 06, Epoch: 16, Train: 91.98%, Valid: 90.53% Test: 77.01%
Run: 06, Epoch: 17, Loss: 0.3526
Run: 06, Epoch: 18, Loss: 0.3476
Run: 06, Epoch: 18, Train: 92.19%, Valid: 90.45% Test: 77.53%
Run: 06, Epoch: 19, Loss: 0.3417
Run: 06, Epoch: 20, Loss: 0.3447
Run: 06, Epoch: 20, Train: 92.40%, Valid: 90.80% Test: 77.51%
Run 06:
Highest Train: 92.40
Highest Valid: 90.80
  Final Train: 92.40
   Final Test: 77.51
Run: 07, Epoch: 01, Loss: 1.4578
Run: 07, Epoch: 02, Loss: 0.5820
Run: 07, Epoch: 03, Loss: 0.4980
Run: 07, Epoch: 04, Loss: 0.4579
Run: 07, Epoch: 05, Loss: 0.4264
Run: 07, Epoch: 06, Loss: 0.4094
Run: 07, Epoch: 07, Loss: 0.3974
Run: 07, Epoch: 08, Loss: 0.3888
Run: 07, Epoch: 09, Loss: 0.3824
Run: 07, Epoch: 10, Loss: 0.3793
Run: 07, Epoch: 10, Train: 91.09%, Valid: 90.23% Test: 76.89%
Run: 07, Epoch: 11, Loss: 0.3687
Run: 07, Epoch: 12, Loss: 0.3625
Run: 07, Epoch: 12, Train: 91.46%, Valid: 90.28% Test: 77.37%
Run: 07, Epoch: 13, Loss: 0.3570
Run: 07, Epoch: 14, Loss: 0.3546
Run: 07, Epoch: 14, Train: 91.72%, Valid: 90.41% Test: 77.55%
Run: 07, Epoch: 15, Loss: 0.3489
Run: 07, Epoch: 16, Loss: 0.3496
Run: 07, Epoch: 16, Train: 92.08%, Valid: 90.57% Test: 77.16%
Run: 07, Epoch: 17, Loss: 0.3480
Run: 07, Epoch: 18, Loss: 0.3488
Run: 07, Epoch: 18, Train: 92.05%, Valid: 90.75% Test: 77.35%
Run: 07, Epoch: 19, Loss: 0.3404
Run: 07, Epoch: 20, Loss: 0.3443
Run: 07, Epoch: 20, Train: 92.26%, Valid: 90.43% Test: 77.41%
Run 07:
Highest Train: 92.26
Highest Valid: 90.75
  Final Train: 92.05
   Final Test: 77.35
Run: 08, Epoch: 01, Loss: 1.2799
Run: 08, Epoch: 02, Loss: 0.5549
Run: 08, Epoch: 03, Loss: 0.4831
Run: 08, Epoch: 04, Loss: 0.4403
Run: 08, Epoch: 05, Loss: 0.4167
Run: 08, Epoch: 06, Loss: 0.4033
Run: 08, Epoch: 07, Loss: 0.3884
Run: 08, Epoch: 08, Loss: 0.3855
Run: 08, Epoch: 09, Loss: 0.3777
Run: 08, Epoch: 10, Loss: 0.3669
Run: 08, Epoch: 10, Train: 91.34%, Valid: 90.14% Test: 77.72%
Run: 08, Epoch: 11, Loss: 0.3648
Run: 08, Epoch: 12, Loss: 0.3588
Run: 08, Epoch: 12, Train: 91.81%, Valid: 90.59% Test: 77.53%
Run: 08, Epoch: 13, Loss: 0.3526
Run: 08, Epoch: 14, Loss: 0.3536
Run: 08, Epoch: 14, Train: 91.79%, Valid: 90.51% Test: 77.68%
Run: 08, Epoch: 15, Loss: 0.3484
Run: 08, Epoch: 16, Loss: 0.3458
Run: 08, Epoch: 16, Train: 92.12%, Valid: 90.60% Test: 77.18%
Run: 08, Epoch: 17, Loss: 0.3420
Run: 08, Epoch: 18, Loss: 0.3473
Run: 08, Epoch: 18, Train: 92.14%, Valid: 90.62% Test: 77.23%
Run: 08, Epoch: 19, Loss: 0.3404
Run: 08, Epoch: 20, Loss: 0.3387
Run: 08, Epoch: 20, Train: 92.15%, Valid: 90.56% Test: 77.70%
Run 08:
Highest Train: 92.15
Highest Valid: 90.62
  Final Train: 92.14
   Final Test: 77.23
Run: 09, Epoch: 01, Loss: 1.3529
Run: 09, Epoch: 02, Loss: 0.5530
Run: 09, Epoch: 03, Loss: 0.4794
Run: 09, Epoch: 04, Loss: 0.4407
Run: 09, Epoch: 05, Loss: 0.4200
Run: 09, Epoch: 06, Loss: 0.4035
Run: 09, Epoch: 07, Loss: 0.3941
Run: 09, Epoch: 08, Loss: 0.3859
Run: 09, Epoch: 09, Loss: 0.3719
Run: 09, Epoch: 10, Loss: 0.3658
Run: 09, Epoch: 10, Train: 91.32%, Valid: 89.82% Test: 76.69%
Run: 09, Epoch: 11, Loss: 0.3642
Run: 09, Epoch: 12, Loss: 0.3552
Run: 09, Epoch: 12, Train: 91.57%, Valid: 90.20% Test: 77.19%
Run: 09, Epoch: 13, Loss: 0.3550
Run: 09, Epoch: 14, Loss: 0.3571
Run: 09, Epoch: 14, Train: 91.68%, Valid: 90.16% Test: 77.22%
Run: 09, Epoch: 15, Loss: 0.3519
Run: 09, Epoch: 16, Loss: 0.3530
Run: 09, Epoch: 16, Train: 91.63%, Valid: 90.38% Test: 77.70%
Run: 09, Epoch: 17, Loss: 0.3435
Run: 09, Epoch: 18, Loss: 0.3416
Run: 09, Epoch: 18, Train: 92.17%, Valid: 90.70% Test: 77.02%
Run: 09, Epoch: 19, Loss: 0.3420
Run: 09, Epoch: 20, Loss: 0.3362
Run: 09, Epoch: 20, Train: 92.30%, Valid: 90.60% Test: 77.49%
Run 09:
Highest Train: 92.30
Highest Valid: 90.70
  Final Train: 92.17
   Final Test: 77.02
Run: 10, Epoch: 01, Loss: 1.3873
Run: 10, Epoch: 02, Loss: 0.5737
Run: 10, Epoch: 03, Loss: 0.4846
Run: 10, Epoch: 04, Loss: 0.4455
Run: 10, Epoch: 05, Loss: 0.4240
Run: 10, Epoch: 06, Loss: 0.4089
Run: 10, Epoch: 07, Loss: 0.3906
Run: 10, Epoch: 08, Loss: 0.3892
Run: 10, Epoch: 09, Loss: 0.3837
Run: 10, Epoch: 10, Loss: 0.3690
Run: 10, Epoch: 10, Train: 91.19%, Valid: 90.10% Test: 77.52%
Run: 10, Epoch: 11, Loss: 0.3670
Run: 10, Epoch: 12, Loss: 0.3580
Run: 10, Epoch: 12, Train: 91.43%, Valid: 90.28% Test: 77.73%
Run: 10, Epoch: 13, Loss: 0.3541
Run: 10, Epoch: 14, Loss: 0.3586
Run: 10, Epoch: 14, Train: 91.54%, Valid: 90.26% Test: 77.57%
Run: 10, Epoch: 15, Loss: 0.3598
Run: 10, Epoch: 16, Loss: 0.3440
Run: 10, Epoch: 16, Train: 91.86%, Valid: 90.38% Test: 78.31%
Run: 10, Epoch: 17, Loss: 0.3421
Run: 10, Epoch: 18, Loss: 0.3433
Run: 10, Epoch: 18, Train: 91.92%, Valid: 90.27% Test: 77.62%
Run: 10, Epoch: 19, Loss: 0.3380
Run: 10, Epoch: 20, Loss: 0.3435
Run: 10, Epoch: 20, Train: 92.14%, Valid: 90.46% Test: 77.52%
Run 10:
Highest Train: 92.14
Highest Valid: 90.46
  Final Train: 92.14
   Final Test: 77.52
All runs:
Highest Train: 92.24 ± 0.15
Highest Valid: 90.66 ± 0.11
  Final Train: 92.10 ± 0.24
   Final Test: 77.33 ± 0.24
