Namespace(device=0, log_steps=1, inductive=False, num_layers=3, hidden_channels=256, dropout=0.5, batch_size=20000, walk_length=3, lr=0.01, num_steps=30, epochs=20, eval_steps=2, runs=10, rsv=0.25, al='el2n', alpha=0.3)
tensor([ 99311, 131369,  15223,  ..., 195075, 139706, 112505]) 49154
tensor([222340, 232877, 217134,  ..., 229572, 228192, 207472]) 9830
Run: 01, Epoch: 01, Loss: 2.1442
Run: 01, Epoch: 02, Loss: 1.3475
Run: 01, Epoch: 03, Loss: 1.1830
Run: 01, Epoch: 04, Loss: 1.1076
Run: 01, Epoch: 05, Loss: 1.0622
Run: 01, Epoch: 06, Loss: 1.0294
Run: 01, Epoch: 07, Loss: 1.0069
Run: 01, Epoch: 08, Loss: 0.9875
Run: 01, Epoch: 09, Loss: 0.9783
Run: 01, Epoch: 10, Loss: 0.9673
Run: 01, Epoch: 10, Train: 75.96%, Valid: 79.76% Test: 67.32%
Run: 01, Epoch: 11, Loss: 0.9548
Run: 01, Epoch: 12, Loss: 0.9441
Run: 01, Epoch: 12, Train: 76.72%, Valid: 80.65% Test: 68.43%
Run: 01, Epoch: 13, Loss: 0.9442
Run: 01, Epoch: 14, Loss: 0.9393
Run: 01, Epoch: 14, Train: 76.69%, Valid: 79.21% Test: 67.74%
Run: 01, Epoch: 15, Loss: 0.9245
Run: 01, Epoch: 16, Loss: 0.9182
Run: 01, Epoch: 16, Train: 76.90%, Valid: 81.27% Test: 69.15%
Run: 01, Epoch: 17, Loss: 0.9108
Run: 01, Epoch: 18, Loss: 0.9180
Run: 01, Epoch: 18, Train: 77.66%, Valid: 82.39% Test: 68.62%
Run: 01, Epoch: 19, Loss: 0.9149
Run: 01, Epoch: 20, Loss: 0.9052
Run: 01, Epoch: 20, Train: 78.52%, Valid: 80.75% Test: 67.95%
Run 01:
Highest Train: 78.52
Highest Valid: 82.39
  Final Train: 77.66
   Final Test: 68.62
Run: 02, Epoch: 01, Loss: 2.1452
Run: 02, Epoch: 02, Loss: 1.3468
Run: 02, Epoch: 03, Loss: 1.1870
Run: 02, Epoch: 04, Loss: 1.1077
Run: 02, Epoch: 05, Loss: 1.0599
Run: 02, Epoch: 06, Loss: 1.0271
Run: 02, Epoch: 07, Loss: 1.0101
Run: 02, Epoch: 08, Loss: 0.9891
Run: 02, Epoch: 09, Loss: 0.9816
Run: 02, Epoch: 10, Loss: 0.9651
Run: 02, Epoch: 10, Train: 75.93%, Valid: 82.24% Test: 69.06%
Run: 02, Epoch: 11, Loss: 0.9520
Run: 02, Epoch: 12, Loss: 0.9554
Run: 02, Epoch: 12, Train: 76.48%, Valid: 81.61% Test: 67.05%
Run: 02, Epoch: 13, Loss: 0.9455
Run: 02, Epoch: 14, Loss: 0.9300
Run: 02, Epoch: 14, Train: 77.22%, Valid: 80.34% Test: 67.52%
Run: 02, Epoch: 15, Loss: 0.9263
Run: 02, Epoch: 16, Loss: 0.9254
Run: 02, Epoch: 16, Train: 77.07%, Valid: 74.36% Test: 62.70%
Run: 02, Epoch: 17, Loss: 0.9198
Run: 02, Epoch: 18, Loss: 0.9194
Run: 02, Epoch: 18, Train: 77.75%, Valid: 78.63% Test: 66.07%
Run: 02, Epoch: 19, Loss: 0.9124
Run: 02, Epoch: 20, Loss: 0.9120
Run: 02, Epoch: 20, Train: 77.39%, Valid: 83.32% Test: 70.75%
Run 02:
Highest Train: 77.75
Highest Valid: 83.32
  Final Train: 77.39
   Final Test: 70.75
Run: 03, Epoch: 01, Loss: 2.0857
Run: 03, Epoch: 02, Loss: 1.3205
Run: 03, Epoch: 03, Loss: 1.1737
Run: 03, Epoch: 04, Loss: 1.1059
Run: 03, Epoch: 05, Loss: 1.0549
Run: 03, Epoch: 06, Loss: 1.0253
Run: 03, Epoch: 07, Loss: 0.9971
Run: 03, Epoch: 08, Loss: 0.9868
Run: 03, Epoch: 09, Loss: 0.9713
Run: 03, Epoch: 10, Loss: 0.9555
Run: 03, Epoch: 10, Train: 76.35%, Valid: 79.64% Test: 67.27%
Run: 03, Epoch: 11, Loss: 0.9469
Run: 03, Epoch: 12, Loss: 0.9455
Run: 03, Epoch: 12, Train: 77.02%, Valid: 78.34% Test: 65.69%
Run: 03, Epoch: 13, Loss: 0.9370
Run: 03, Epoch: 14, Loss: 0.9315
Run: 03, Epoch: 14, Train: 77.15%, Valid: 78.78% Test: 66.60%
Run: 03, Epoch: 15, Loss: 0.9311
Run: 03, Epoch: 16, Loss: 0.9268
Run: 03, Epoch: 16, Train: 77.37%, Valid: 82.69% Test: 69.68%
Run: 03, Epoch: 17, Loss: 0.9211
Run: 03, Epoch: 18, Loss: 0.9106
Run: 03, Epoch: 18, Train: 78.04%, Valid: 83.27% Test: 70.20%
Run: 03, Epoch: 19, Loss: 0.9134
Run: 03, Epoch: 20, Loss: 0.9033
Run: 03, Epoch: 20, Train: 77.69%, Valid: 78.17% Test: 66.11%
Run 03:
Highest Train: 78.04
Highest Valid: 83.27
  Final Train: 78.04
   Final Test: 70.20
Run: 04, Epoch: 01, Loss: 2.1243
Run: 04, Epoch: 02, Loss: 1.3278
Run: 04, Epoch: 03, Loss: 1.1735
Run: 04, Epoch: 04, Loss: 1.1049
Run: 04, Epoch: 05, Loss: 1.0514
Run: 04, Epoch: 06, Loss: 1.0335
Run: 04, Epoch: 07, Loss: 1.0114
Run: 04, Epoch: 08, Loss: 0.9898
Run: 04, Epoch: 09, Loss: 0.9743
Run: 04, Epoch: 10, Loss: 0.9611
Run: 04, Epoch: 10, Train: 75.88%, Valid: 78.88% Test: 66.27%
Run: 04, Epoch: 11, Loss: 0.9492
Run: 04, Epoch: 12, Loss: 0.9406
Run: 04, Epoch: 12, Train: 76.97%, Valid: 82.36% Test: 69.84%
Run: 04, Epoch: 13, Loss: 0.9380
Run: 04, Epoch: 14, Loss: 0.9287
Run: 04, Epoch: 14, Train: 76.90%, Valid: 81.84% Test: 67.43%
Run: 04, Epoch: 15, Loss: 0.9298
Run: 04, Epoch: 16, Loss: 0.9350
Run: 04, Epoch: 16, Train: 77.14%, Valid: 80.33% Test: 68.07%
Run: 04, Epoch: 17, Loss: 0.9241
Run: 04, Epoch: 18, Loss: 0.9190
Run: 04, Epoch: 18, Train: 77.72%, Valid: 80.61% Test: 67.79%
Run: 04, Epoch: 19, Loss: 0.9060
Run: 04, Epoch: 20, Loss: 0.9007
Run: 04, Epoch: 20, Train: 77.69%, Valid: 79.70% Test: 67.62%
Run 04:
Highest Train: 77.72
Highest Valid: 82.36
  Final Train: 76.97
   Final Test: 69.84
Run: 05, Epoch: 01, Loss: 2.0040
Run: 05, Epoch: 02, Loss: 1.3048
Run: 05, Epoch: 03, Loss: 1.1584
Run: 05, Epoch: 04, Loss: 1.0875
Run: 05, Epoch: 05, Loss: 1.0464
Run: 05, Epoch: 06, Loss: 1.0218
Run: 05, Epoch: 07, Loss: 1.0043
Run: 05, Epoch: 08, Loss: 0.9823
Run: 05, Epoch: 09, Loss: 0.9794
Run: 05, Epoch: 10, Loss: 0.9580
Run: 05, Epoch: 10, Train: 76.06%, Valid: 79.43% Test: 67.81%
Run: 05, Epoch: 11, Loss: 0.9445
Run: 05, Epoch: 12, Loss: 0.9470
Run: 05, Epoch: 12, Train: 76.89%, Valid: 82.21% Test: 69.04%
Run: 05, Epoch: 13, Loss: 0.9397
Run: 05, Epoch: 14, Loss: 0.9331
Run: 05, Epoch: 14, Train: 77.38%, Valid: 78.12% Test: 66.11%
Run: 05, Epoch: 15, Loss: 0.9181
Run: 05, Epoch: 16, Loss: 0.9184
Run: 05, Epoch: 16, Train: 77.47%, Valid: 78.34% Test: 65.98%
Run: 05, Epoch: 17, Loss: 0.9110
Run: 05, Epoch: 18, Loss: 0.9051
Run: 05, Epoch: 18, Train: 77.45%, Valid: 77.75% Test: 66.04%
Run: 05, Epoch: 19, Loss: 0.8993
Run: 05, Epoch: 20, Loss: 0.9094
Run: 05, Epoch: 20, Train: 78.30%, Valid: 80.11% Test: 68.07%
Run 05:
Highest Train: 78.30
Highest Valid: 82.21
  Final Train: 76.89
   Final Test: 69.04
Run: 06, Epoch: 01, Loss: 2.0920
Run: 06, Epoch: 02, Loss: 1.3240
Run: 06, Epoch: 03, Loss: 1.1823
Run: 06, Epoch: 04, Loss: 1.1069
Run: 06, Epoch: 05, Loss: 1.0642
Run: 06, Epoch: 06, Loss: 1.0336
Run: 06, Epoch: 07, Loss: 1.0027
Run: 06, Epoch: 08, Loss: 0.9949
Run: 06, Epoch: 09, Loss: 0.9813
Run: 06, Epoch: 10, Loss: 0.9662
Run: 06, Epoch: 10, Train: 75.69%, Valid: 82.45% Test: 69.29%
Run: 06, Epoch: 11, Loss: 0.9559
Run: 06, Epoch: 12, Loss: 0.9573
Run: 06, Epoch: 12, Train: 76.34%, Valid: 80.85% Test: 67.66%
Run: 06, Epoch: 13, Loss: 0.9417
Run: 06, Epoch: 14, Loss: 0.9285
Run: 06, Epoch: 14, Train: 76.13%, Valid: 80.72% Test: 66.72%
Run: 06, Epoch: 15, Loss: 0.9326
Run: 06, Epoch: 16, Loss: 0.9247
Run: 06, Epoch: 16, Train: 77.22%, Valid: 81.51% Test: 67.88%
Run: 06, Epoch: 17, Loss: 0.9194
Run: 06, Epoch: 18, Loss: 0.9185
Run: 06, Epoch: 18, Train: 77.91%, Valid: 84.28% Test: 70.47%
Run: 06, Epoch: 19, Loss: 0.9142
Run: 06, Epoch: 20, Loss: 0.9168
Run: 06, Epoch: 20, Train: 77.88%, Valid: 79.81% Test: 66.82%
Run 06:
Highest Train: 77.91
Highest Valid: 84.28
  Final Train: 77.91
   Final Test: 70.47
Run: 07, Epoch: 01, Loss: 1.9927
Run: 07, Epoch: 02, Loss: 1.2922
Run: 07, Epoch: 03, Loss: 1.1661
Run: 07, Epoch: 04, Loss: 1.0792
Run: 07, Epoch: 05, Loss: 1.0445
Run: 07, Epoch: 06, Loss: 1.0144
Run: 07, Epoch: 07, Loss: 0.9849
Run: 07, Epoch: 08, Loss: 0.9696
Run: 07, Epoch: 09, Loss: 0.9611
Run: 07, Epoch: 10, Loss: 0.9582
Run: 07, Epoch: 10, Train: 76.48%, Valid: 77.69% Test: 64.58%
Run: 07, Epoch: 11, Loss: 0.9465
Run: 07, Epoch: 12, Loss: 0.9289
Run: 07, Epoch: 12, Train: 76.51%, Valid: 79.89% Test: 66.92%
Run: 07, Epoch: 13, Loss: 0.9240
Run: 07, Epoch: 14, Loss: 0.9287
Run: 07, Epoch: 14, Train: 77.11%, Valid: 78.95% Test: 66.10%
Run: 07, Epoch: 15, Loss: 0.9266
Run: 07, Epoch: 16, Loss: 0.9192
Run: 07, Epoch: 16, Train: 77.90%, Valid: 76.34% Test: 64.50%
Run: 07, Epoch: 17, Loss: 0.9033
Run: 07, Epoch: 18, Loss: 0.9019
Run: 07, Epoch: 18, Train: 77.89%, Valid: 81.91% Test: 68.58%
Run: 07, Epoch: 19, Loss: 0.9075
Run: 07, Epoch: 20, Loss: 0.8938
Run: 07, Epoch: 20, Train: 78.71%, Valid: 81.54% Test: 68.14%
Run 07:
Highest Train: 78.71
Highest Valid: 81.91
  Final Train: 77.89
   Final Test: 68.58
Run: 08, Epoch: 01, Loss: 2.0533
Run: 08, Epoch: 02, Loss: 1.3215
Run: 08, Epoch: 03, Loss: 1.1701
Run: 08, Epoch: 04, Loss: 1.0939
Run: 08, Epoch: 05, Loss: 1.0505
Run: 08, Epoch: 06, Loss: 1.0212
Run: 08, Epoch: 07, Loss: 0.9912
Run: 08, Epoch: 08, Loss: 0.9919
Run: 08, Epoch: 09, Loss: 0.9782
Run: 08, Epoch: 10, Loss: 0.9589
Run: 08, Epoch: 10, Train: 76.15%, Valid: 80.63% Test: 67.77%
Run: 08, Epoch: 11, Loss: 0.9474
Run: 08, Epoch: 12, Loss: 0.9420
Run: 08, Epoch: 12, Train: 76.52%, Valid: 78.61% Test: 66.36%
Run: 08, Epoch: 13, Loss: 0.9269
Run: 08, Epoch: 14, Loss: 0.9220
Run: 08, Epoch: 14, Train: 77.61%, Valid: 82.20% Test: 69.64%
Run: 08, Epoch: 15, Loss: 0.9248
Run: 08, Epoch: 16, Loss: 0.9236
Run: 08, Epoch: 16, Train: 77.75%, Valid: 79.39% Test: 67.36%
Run: 08, Epoch: 17, Loss: 0.9157
Run: 08, Epoch: 18, Loss: 0.9264
Run: 08, Epoch: 18, Train: 78.11%, Valid: 83.37% Test: 69.92%
Run: 08, Epoch: 19, Loss: 0.9053
Run: 08, Epoch: 20, Loss: 0.9054
Run: 08, Epoch: 20, Train: 78.33%, Valid: 81.11% Test: 69.02%
Run 08:
Highest Train: 78.33
Highest Valid: 83.37
  Final Train: 78.11
   Final Test: 69.92
Run: 09, Epoch: 01, Loss: 2.0747
Run: 09, Epoch: 02, Loss: 1.3226
Run: 09, Epoch: 03, Loss: 1.1675
Run: 09, Epoch: 04, Loss: 1.0882
Run: 09, Epoch: 05, Loss: 1.0598
Run: 09, Epoch: 06, Loss: 1.0181
Run: 09, Epoch: 07, Loss: 0.9960
Run: 09, Epoch: 08, Loss: 0.9919
Run: 09, Epoch: 09, Loss: 0.9714
Run: 09, Epoch: 10, Loss: 0.9573
Run: 09, Epoch: 10, Train: 75.82%, Valid: 76.60% Test: 63.56%
Run: 09, Epoch: 11, Loss: 0.9523
Run: 09, Epoch: 12, Loss: 0.9304
Run: 09, Epoch: 12, Train: 76.91%, Valid: 82.21% Test: 69.07%
Run: 09, Epoch: 13, Loss: 0.9333
Run: 09, Epoch: 14, Loss: 0.9384
Run: 09, Epoch: 14, Train: 76.82%, Valid: 81.78% Test: 68.05%
Run: 09, Epoch: 15, Loss: 0.9307
Run: 09, Epoch: 16, Loss: 0.9143
Run: 09, Epoch: 16, Train: 76.98%, Valid: 78.44% Test: 66.36%
Run: 09, Epoch: 17, Loss: 0.9135
Run: 09, Epoch: 18, Loss: 0.9077
Run: 09, Epoch: 18, Train: 77.73%, Valid: 82.44% Test: 68.41%
Run: 09, Epoch: 19, Loss: 0.9059
Run: 09, Epoch: 20, Loss: 0.9039
Run: 09, Epoch: 20, Train: 78.34%, Valid: 81.93% Test: 68.87%
Run 09:
Highest Train: 78.34
Highest Valid: 82.44
  Final Train: 77.73
   Final Test: 68.40
Run: 10, Epoch: 01, Loss: 2.0141
Run: 10, Epoch: 02, Loss: 1.3029
Run: 10, Epoch: 03, Loss: 1.1614
Run: 10, Epoch: 04, Loss: 1.0918
Run: 10, Epoch: 05, Loss: 1.0457
Run: 10, Epoch: 06, Loss: 1.0158
Run: 10, Epoch: 07, Loss: 0.9824
Run: 10, Epoch: 08, Loss: 0.9837
Run: 10, Epoch: 09, Loss: 0.9676
Run: 10, Epoch: 10, Loss: 0.9520
Run: 10, Epoch: 10, Train: 76.65%, Valid: 81.24% Test: 68.41%
Run: 10, Epoch: 11, Loss: 0.9392
Run: 10, Epoch: 12, Loss: 0.9306
Run: 10, Epoch: 12, Train: 77.10%, Valid: 80.12% Test: 67.97%
Run: 10, Epoch: 13, Loss: 0.9310
Run: 10, Epoch: 14, Loss: 0.9223
Run: 10, Epoch: 14, Train: 77.55%, Valid: 83.66% Test: 70.88%
Run: 10, Epoch: 15, Loss: 0.9180
Run: 10, Epoch: 16, Loss: 0.9098
Run: 10, Epoch: 16, Train: 77.20%, Valid: 77.34% Test: 66.15%
Run: 10, Epoch: 17, Loss: 0.9045
Run: 10, Epoch: 18, Loss: 0.9089
Run: 10, Epoch: 18, Train: 77.92%, Valid: 78.44% Test: 67.16%
Run: 10, Epoch: 19, Loss: 0.9061
Run: 10, Epoch: 20, Loss: 0.9079
Run: 10, Epoch: 20, Train: 78.19%, Valid: 81.13% Test: 68.50%
Run 10:
Highest Train: 78.19
Highest Valid: 83.66
  Final Train: 77.55
   Final Test: 70.88
All runs:
Highest Train: 78.18 ± 0.32
Highest Valid: 82.92 ± 0.76
  Final Train: 77.61 ± 0.42
   Final Test: 69.67 ± 0.94
