Namespace(device=0, log_steps=1, inductive=False, num_layers=3, hidden_channels=256, dropout=0.5, batch_size=20000, walk_length=3, lr=0.01, num_steps=30, epochs=20, eval_steps=2, runs=10, rsv=0.2, al='el2n', alpha=0.6)
tensor([ 99311, 131369,  96836,  ...,  42439,  24157, 128345]) 39323
tensor([222340, 232877, 217134,  ..., 204679, 201935, 232609]) 7864
Run: 01, Epoch: 01, Loss: 1.5128
Run: 01, Epoch: 02, Loss: 0.7765
Run: 01, Epoch: 03, Loss: 0.6826
Run: 01, Epoch: 04, Loss: 0.6307
Run: 01, Epoch: 05, Loss: 0.6132
Run: 01, Epoch: 06, Loss: 0.5869
Run: 01, Epoch: 07, Loss: 0.5638
Run: 01, Epoch: 08, Loss: 0.5569
Run: 01, Epoch: 09, Loss: 0.5456
Run: 01, Epoch: 10, Loss: 0.5411
Run: 01, Epoch: 10, Train: 87.32%, Valid: 90.01% Test: 77.57%
Run: 01, Epoch: 11, Loss: 0.5367
Run: 01, Epoch: 12, Loss: 0.5246
Run: 01, Epoch: 12, Train: 87.80%, Valid: 90.20% Test: 76.28%
Run: 01, Epoch: 13, Loss: 0.5205
Run: 01, Epoch: 14, Loss: 0.5194
Run: 01, Epoch: 14, Train: 88.27%, Valid: 90.45% Test: 76.96%
Run: 01, Epoch: 15, Loss: 0.5137
Run: 01, Epoch: 16, Loss: 0.5064
Run: 01, Epoch: 16, Train: 88.38%, Valid: 90.58% Test: 77.64%
Run: 01, Epoch: 17, Loss: 0.5003
Run: 01, Epoch: 18, Loss: 0.4998
Run: 01, Epoch: 18, Train: 88.48%, Valid: 90.59% Test: 76.57%
Run: 01, Epoch: 19, Loss: 0.5042
Run: 01, Epoch: 20, Loss: 0.4950
Run: 01, Epoch: 20, Train: 88.64%, Valid: 90.55% Test: 77.42%
Run 01:
Highest Train: 88.64
Highest Valid: 90.59
  Final Train: 88.48
   Final Test: 76.57
Run: 02, Epoch: 01, Loss: 1.5846
Run: 02, Epoch: 02, Loss: 0.7941
Run: 02, Epoch: 03, Loss: 0.6932
Run: 02, Epoch: 04, Loss: 0.6393
Run: 02, Epoch: 05, Loss: 0.6059
Run: 02, Epoch: 06, Loss: 0.5831
Run: 02, Epoch: 07, Loss: 0.5716
Run: 02, Epoch: 08, Loss: 0.5623
Run: 02, Epoch: 09, Loss: 0.5602
Run: 02, Epoch: 10, Loss: 0.5504
Run: 02, Epoch: 10, Train: 87.39%, Valid: 90.34% Test: 77.99%
Run: 02, Epoch: 11, Loss: 0.5339
Run: 02, Epoch: 12, Loss: 0.5371
Run: 02, Epoch: 12, Train: 87.84%, Valid: 90.32% Test: 77.44%
Run: 02, Epoch: 13, Loss: 0.5241
Run: 02, Epoch: 14, Loss: 0.5264
Run: 02, Epoch: 14, Train: 88.11%, Valid: 90.25% Test: 77.57%
Run: 02, Epoch: 15, Loss: 0.5160
Run: 02, Epoch: 16, Loss: 0.5146
Run: 02, Epoch: 16, Train: 88.27%, Valid: 90.25% Test: 77.64%
Run: 02, Epoch: 17, Loss: 0.5062
Run: 02, Epoch: 18, Loss: 0.5081
Run: 02, Epoch: 18, Train: 88.44%, Valid: 90.16% Test: 77.12%
Run: 02, Epoch: 19, Loss: 0.5020
Run: 02, Epoch: 20, Loss: 0.5044
Run: 02, Epoch: 20, Train: 88.69%, Valid: 90.22% Test: 77.90%
Run 02:
Highest Train: 88.69
Highest Valid: 90.34
  Final Train: 87.39
   Final Test: 77.99
Run: 03, Epoch: 01, Loss: 1.5603
Run: 03, Epoch: 02, Loss: 0.7873
Run: 03, Epoch: 03, Loss: 0.6940
Run: 03, Epoch: 04, Loss: 0.6516
Run: 03, Epoch: 05, Loss: 0.6041
Run: 03, Epoch: 06, Loss: 0.5947
Run: 03, Epoch: 07, Loss: 0.5810
Run: 03, Epoch: 08, Loss: 0.5718
Run: 03, Epoch: 09, Loss: 0.5582
Run: 03, Epoch: 10, Loss: 0.5482
Run: 03, Epoch: 10, Train: 86.78%, Valid: 90.14% Test: 76.77%
Run: 03, Epoch: 11, Loss: 0.5377
Run: 03, Epoch: 12, Loss: 0.5352
Run: 03, Epoch: 12, Train: 87.66%, Valid: 90.41% Test: 77.38%
Run: 03, Epoch: 13, Loss: 0.5222
Run: 03, Epoch: 14, Loss: 0.5222
Run: 03, Epoch: 14, Train: 88.03%, Valid: 90.39% Test: 78.06%
Run: 03, Epoch: 15, Loss: 0.5162
Run: 03, Epoch: 16, Loss: 0.5197
Run: 03, Epoch: 16, Train: 88.18%, Valid: 90.35% Test: 77.83%
Run: 03, Epoch: 17, Loss: 0.5179
Run: 03, Epoch: 18, Loss: 0.5130
Run: 03, Epoch: 18, Train: 88.42%, Valid: 90.51% Test: 77.69%
Run: 03, Epoch: 19, Loss: 0.5080
Run: 03, Epoch: 20, Loss: 0.5047
Run: 03, Epoch: 20, Train: 88.64%, Valid: 90.36% Test: 77.41%
Run 03:
Highest Train: 88.64
Highest Valid: 90.51
  Final Train: 88.42
   Final Test: 77.69
Run: 04, Epoch: 01, Loss: 1.6204
Run: 04, Epoch: 02, Loss: 0.8007
Run: 04, Epoch: 03, Loss: 0.6854
Run: 04, Epoch: 04, Loss: 0.6429
Run: 04, Epoch: 05, Loss: 0.6024
Run: 04, Epoch: 06, Loss: 0.5904
Run: 04, Epoch: 07, Loss: 0.5798
Run: 04, Epoch: 08, Loss: 0.5647
Run: 04, Epoch: 09, Loss: 0.5577
Run: 04, Epoch: 10, Loss: 0.5572
Run: 04, Epoch: 10, Train: 87.34%, Valid: 90.11% Test: 76.91%
Run: 04, Epoch: 11, Loss: 0.5332
Run: 04, Epoch: 12, Loss: 0.5282
Run: 04, Epoch: 12, Train: 87.48%, Valid: 90.14% Test: 76.81%
Run: 04, Epoch: 13, Loss: 0.5210
Run: 04, Epoch: 14, Loss: 0.5162
Run: 04, Epoch: 14, Train: 87.79%, Valid: 89.93% Test: 76.20%
Run: 04, Epoch: 15, Loss: 0.5212
Run: 04, Epoch: 16, Loss: 0.5202
Run: 04, Epoch: 16, Train: 88.30%, Valid: 90.46% Test: 77.44%
Run: 04, Epoch: 17, Loss: 0.5115
Run: 04, Epoch: 18, Loss: 0.5095
Run: 04, Epoch: 18, Train: 88.21%, Valid: 90.04% Test: 76.02%
Run: 04, Epoch: 19, Loss: 0.5081
Run: 04, Epoch: 20, Loss: 0.4970
Run: 04, Epoch: 20, Train: 88.50%, Valid: 90.31% Test: 77.22%
Run 04:
Highest Train: 88.50
Highest Valid: 90.46
  Final Train: 88.30
   Final Test: 77.44
Run: 05, Epoch: 01, Loss: 1.4343
Run: 05, Epoch: 02, Loss: 0.7748
Run: 05, Epoch: 03, Loss: 0.6790
Run: 05, Epoch: 04, Loss: 0.6311
Run: 05, Epoch: 05, Loss: 0.6072
Run: 05, Epoch: 06, Loss: 0.5758
Run: 05, Epoch: 07, Loss: 0.5756
Run: 05, Epoch: 08, Loss: 0.5525
Run: 05, Epoch: 09, Loss: 0.5458
Run: 05, Epoch: 10, Loss: 0.5364
Run: 05, Epoch: 10, Train: 87.46%, Valid: 89.60% Test: 77.11%
Run: 05, Epoch: 11, Loss: 0.5216
Run: 05, Epoch: 12, Loss: 0.5249
Run: 05, Epoch: 12, Train: 87.57%, Valid: 90.45% Test: 77.41%
Run: 05, Epoch: 13, Loss: 0.5163
Run: 05, Epoch: 14, Loss: 0.5070
Run: 05, Epoch: 14, Train: 88.09%, Valid: 89.97% Test: 77.25%
Run: 05, Epoch: 15, Loss: 0.5153
Run: 05, Epoch: 16, Loss: 0.5151
Run: 05, Epoch: 16, Train: 88.05%, Valid: 90.56% Test: 77.70%
Run: 05, Epoch: 17, Loss: 0.5040
Run: 05, Epoch: 18, Loss: 0.5021
Run: 05, Epoch: 18, Train: 88.50%, Valid: 90.13% Test: 76.79%
Run: 05, Epoch: 19, Loss: 0.4948
Run: 05, Epoch: 20, Loss: 0.5108
Run: 05, Epoch: 20, Train: 88.88%, Valid: 90.06% Test: 77.53%
Run 05:
Highest Train: 88.88
Highest Valid: 90.56
  Final Train: 88.05
   Final Test: 77.70
Run: 06, Epoch: 01, Loss: 1.4885
Run: 06, Epoch: 02, Loss: 0.7681
Run: 06, Epoch: 03, Loss: 0.6754
Run: 06, Epoch: 04, Loss: 0.6270
Run: 06, Epoch: 05, Loss: 0.5994
Run: 06, Epoch: 06, Loss: 0.5972
Run: 06, Epoch: 07, Loss: 0.5698
Run: 06, Epoch: 08, Loss: 0.5510
Run: 06, Epoch: 09, Loss: 0.5483
Run: 06, Epoch: 10, Loss: 0.5466
Run: 06, Epoch: 10, Train: 87.32%, Valid: 90.17% Test: 77.90%
Run: 06, Epoch: 11, Loss: 0.5302
Run: 06, Epoch: 12, Loss: 0.5212
Run: 06, Epoch: 12, Train: 87.76%, Valid: 89.87% Test: 76.83%
Run: 06, Epoch: 13, Loss: 0.5228
Run: 06, Epoch: 14, Loss: 0.5127
Run: 06, Epoch: 14, Train: 88.29%, Valid: 89.85% Test: 77.09%
Run: 06, Epoch: 15, Loss: 0.5080
Run: 06, Epoch: 16, Loss: 0.5112
Run: 06, Epoch: 16, Train: 88.40%, Valid: 90.72% Test: 77.10%
Run: 06, Epoch: 17, Loss: 0.5190
Run: 06, Epoch: 18, Loss: 0.5097
Run: 06, Epoch: 18, Train: 88.62%, Valid: 90.46% Test: 77.81%
Run: 06, Epoch: 19, Loss: 0.5099
Run: 06, Epoch: 20, Loss: 0.5057
Run: 06, Epoch: 20, Train: 88.64%, Valid: 90.25% Test: 77.78%
Run 06:
Highest Train: 88.64
Highest Valid: 90.72
  Final Train: 88.40
   Final Test: 77.10
Run: 07, Epoch: 01, Loss: 1.5637
Run: 07, Epoch: 02, Loss: 0.7801
Run: 07, Epoch: 03, Loss: 0.6961
Run: 07, Epoch: 04, Loss: 0.6408
Run: 07, Epoch: 05, Loss: 0.6142
Run: 07, Epoch: 06, Loss: 0.5913
Run: 07, Epoch: 07, Loss: 0.5737
Run: 07, Epoch: 08, Loss: 0.5594
Run: 07, Epoch: 09, Loss: 0.5510
Run: 07, Epoch: 10, Loss: 0.5501
Run: 07, Epoch: 10, Train: 87.19%, Valid: 89.90% Test: 77.12%
Run: 07, Epoch: 11, Loss: 0.5349
Run: 07, Epoch: 12, Loss: 0.5360
Run: 07, Epoch: 12, Train: 87.47%, Valid: 89.88% Test: 76.94%
Run: 07, Epoch: 13, Loss: 0.5250
Run: 07, Epoch: 14, Loss: 0.5205
Run: 07, Epoch: 14, Train: 87.70%, Valid: 90.23% Test: 77.57%
Run: 07, Epoch: 15, Loss: 0.5194
Run: 07, Epoch: 16, Loss: 0.5215
Run: 07, Epoch: 16, Train: 88.49%, Valid: 90.50% Test: 77.05%
Run: 07, Epoch: 17, Loss: 0.5100
Run: 07, Epoch: 18, Loss: 0.5082
Run: 07, Epoch: 18, Train: 88.55%, Valid: 90.48% Test: 77.51%
Run: 07, Epoch: 19, Loss: 0.4989
Run: 07, Epoch: 20, Loss: 0.5029
Run: 07, Epoch: 20, Train: 88.62%, Valid: 90.23% Test: 77.09%
Run 07:
Highest Train: 88.62
Highest Valid: 90.50
  Final Train: 88.49
   Final Test: 77.05
Run: 08, Epoch: 01, Loss: 1.4570
Run: 08, Epoch: 02, Loss: 0.7672
Run: 08, Epoch: 03, Loss: 0.6779
Run: 08, Epoch: 04, Loss: 0.6325
Run: 08, Epoch: 05, Loss: 0.6015
Run: 08, Epoch: 06, Loss: 0.5843
Run: 08, Epoch: 07, Loss: 0.5658
Run: 08, Epoch: 08, Loss: 0.5612
Run: 08, Epoch: 09, Loss: 0.5523
Run: 08, Epoch: 10, Loss: 0.5350
Run: 08, Epoch: 10, Train: 87.48%, Valid: 90.20% Test: 77.47%
Run: 08, Epoch: 11, Loss: 0.5414
Run: 08, Epoch: 12, Loss: 0.5253
Run: 08, Epoch: 12, Train: 87.80%, Valid: 90.21% Test: 77.61%
Run: 08, Epoch: 13, Loss: 0.5183
Run: 08, Epoch: 14, Loss: 0.5216
Run: 08, Epoch: 14, Train: 87.83%, Valid: 90.12% Test: 77.17%
Run: 08, Epoch: 15, Loss: 0.5122
Run: 08, Epoch: 16, Loss: 0.5162
Run: 08, Epoch: 16, Train: 87.94%, Valid: 90.17% Test: 77.13%
Run: 08, Epoch: 17, Loss: 0.5135
Run: 08, Epoch: 18, Loss: 0.5153
Run: 08, Epoch: 18, Train: 88.29%, Valid: 90.30% Test: 77.12%
Run: 08, Epoch: 19, Loss: 0.5089
Run: 08, Epoch: 20, Loss: 0.5015
Run: 08, Epoch: 20, Train: 88.64%, Valid: 90.36% Test: 77.29%
Run 08:
Highest Train: 88.64
Highest Valid: 90.36
  Final Train: 88.64
   Final Test: 77.29
Run: 09, Epoch: 01, Loss: 1.4671
Run: 09, Epoch: 02, Loss: 0.7610
Run: 09, Epoch: 03, Loss: 0.6722
Run: 09, Epoch: 04, Loss: 0.6265
Run: 09, Epoch: 05, Loss: 0.5988
Run: 09, Epoch: 06, Loss: 0.5772
Run: 09, Epoch: 07, Loss: 0.5675
Run: 09, Epoch: 08, Loss: 0.5569
Run: 09, Epoch: 09, Loss: 0.5453
Run: 09, Epoch: 10, Loss: 0.5344
Run: 09, Epoch: 10, Train: 87.67%, Valid: 90.34% Test: 77.03%
Run: 09, Epoch: 11, Loss: 0.5272
Run: 09, Epoch: 12, Loss: 0.5170
Run: 09, Epoch: 12, Train: 87.80%, Valid: 90.37% Test: 77.30%
Run: 09, Epoch: 13, Loss: 0.5271
Run: 09, Epoch: 14, Loss: 0.5285
Run: 09, Epoch: 14, Train: 87.97%, Valid: 90.32% Test: 77.27%
Run: 09, Epoch: 15, Loss: 0.5263
Run: 09, Epoch: 16, Loss: 0.5155
Run: 09, Epoch: 16, Train: 87.88%, Valid: 90.03% Test: 77.11%
Run: 09, Epoch: 17, Loss: 0.5058
Run: 09, Epoch: 18, Loss: 0.5022
Run: 09, Epoch: 18, Train: 88.41%, Valid: 90.51% Test: 77.08%
Run: 09, Epoch: 19, Loss: 0.5060
Run: 09, Epoch: 20, Loss: 0.4963
Run: 09, Epoch: 20, Train: 88.92%, Valid: 90.35% Test: 77.57%
Run 09:
Highest Train: 88.92
Highest Valid: 90.51
  Final Train: 88.41
   Final Test: 77.08
Run: 10, Epoch: 01, Loss: 1.4710
Run: 10, Epoch: 02, Loss: 0.7790
Run: 10, Epoch: 03, Loss: 0.6746
Run: 10, Epoch: 04, Loss: 0.6328
Run: 10, Epoch: 05, Loss: 0.6102
Run: 10, Epoch: 06, Loss: 0.5793
Run: 10, Epoch: 07, Loss: 0.5533
Run: 10, Epoch: 08, Loss: 0.5612
Run: 10, Epoch: 09, Loss: 0.5535
Run: 10, Epoch: 10, Loss: 0.5368
Run: 10, Epoch: 10, Train: 87.10%, Valid: 90.50% Test: 77.28%
Run: 10, Epoch: 11, Loss: 0.5298
Run: 10, Epoch: 12, Loss: 0.5210
Run: 10, Epoch: 12, Train: 87.98%, Valid: 90.25% Test: 77.55%
Run: 10, Epoch: 13, Loss: 0.5115
Run: 10, Epoch: 14, Loss: 0.5127
Run: 10, Epoch: 14, Train: 88.18%, Valid: 90.04% Test: 77.87%
Run: 10, Epoch: 15, Loss: 0.5190
Run: 10, Epoch: 16, Loss: 0.5017
Run: 10, Epoch: 16, Train: 88.20%, Valid: 90.39% Test: 77.57%
Run: 10, Epoch: 17, Loss: 0.5097
Run: 10, Epoch: 18, Loss: 0.5101
Run: 10, Epoch: 18, Train: 88.23%, Valid: 90.20% Test: 76.80%
Run: 10, Epoch: 19, Loss: 0.4960
Run: 10, Epoch: 20, Loss: 0.4984
Run: 10, Epoch: 20, Train: 88.83%, Valid: 90.67% Test: 77.36%
Run 10:
Highest Train: 88.83
Highest Valid: 90.67
  Final Train: 88.83
   Final Test: 77.36
All runs:
Highest Train: 88.70 ± 0.13
Highest Valid: 90.52 ± 0.12
  Final Train: 88.34 ± 0.39
   Final Test: 77.33 ± 0.41
