Namespace(device=0, log_steps=1, inductive=False, num_layers=3, hidden_channels=256, dropout=0.5, batch_size=20000, walk_length=3, lr=0.01, num_steps=30, epochs=20, eval_steps=2, runs=10, rsv=0.2, al='el2n', alpha=0.3)
tensor([ 99311, 131369, 191273,  ..., 175079,  68028,   6317]) 39323
tensor([222340, 232877, 217134,  ..., 204679, 201935, 232609]) 7864
Run: 01, Epoch: 01, Loss: 2.1386
Run: 01, Epoch: 02, Loss: 1.3481
Run: 01, Epoch: 03, Loss: 1.1884
Run: 01, Epoch: 04, Loss: 1.1173
Run: 01, Epoch: 05, Loss: 1.0662
Run: 01, Epoch: 06, Loss: 1.0368
Run: 01, Epoch: 07, Loss: 1.0058
Run: 01, Epoch: 08, Loss: 0.9872
Run: 01, Epoch: 09, Loss: 0.9744
Run: 01, Epoch: 10, Loss: 0.9668
Run: 01, Epoch: 10, Train: 76.04%, Valid: 75.33% Test: 64.08%
Run: 01, Epoch: 11, Loss: 0.9573
Run: 01, Epoch: 12, Loss: 0.9369
Run: 01, Epoch: 12, Train: 77.09%, Valid: 82.06% Test: 68.24%
Run: 01, Epoch: 13, Loss: 0.9377
Run: 01, Epoch: 14, Loss: 0.9338
Run: 01, Epoch: 14, Train: 76.11%, Valid: 76.40% Test: 64.45%
Run: 01, Epoch: 15, Loss: 0.9230
Run: 01, Epoch: 16, Loss: 0.9235
Run: 01, Epoch: 16, Train: 76.77%, Valid: 80.47% Test: 68.25%
Run: 01, Epoch: 17, Loss: 0.9128
Run: 01, Epoch: 18, Loss: 0.9137
Run: 01, Epoch: 18, Train: 77.62%, Valid: 77.59% Test: 64.44%
Run: 01, Epoch: 19, Loss: 0.9107
Run: 01, Epoch: 20, Loss: 0.9060
Run: 01, Epoch: 20, Train: 78.03%, Valid: 81.18% Test: 67.50%
Run 01:
Highest Train: 78.03
Highest Valid: 82.06
  Final Train: 77.09
   Final Test: 68.24
Run: 02, Epoch: 01, Loss: 2.1132
Run: 02, Epoch: 02, Loss: 1.3475
Run: 02, Epoch: 03, Loss: 1.1924
Run: 02, Epoch: 04, Loss: 1.1073
Run: 02, Epoch: 05, Loss: 1.0617
Run: 02, Epoch: 06, Loss: 1.0399
Run: 02, Epoch: 07, Loss: 1.0047
Run: 02, Epoch: 08, Loss: 0.9888
Run: 02, Epoch: 09, Loss: 0.9849
Run: 02, Epoch: 10, Loss: 0.9756
Run: 02, Epoch: 10, Train: 75.46%, Valid: 77.95% Test: 65.97%
Run: 02, Epoch: 11, Loss: 0.9525
Run: 02, Epoch: 12, Loss: 0.9588
Run: 02, Epoch: 12, Train: 76.32%, Valid: 80.20% Test: 66.92%
Run: 02, Epoch: 13, Loss: 0.9484
Run: 02, Epoch: 14, Loss: 0.9299
Run: 02, Epoch: 14, Train: 76.42%, Valid: 78.64% Test: 65.97%
Run: 02, Epoch: 15, Loss: 0.9285
Run: 02, Epoch: 16, Loss: 0.9263
Run: 02, Epoch: 16, Train: 76.91%, Valid: 75.60% Test: 63.56%
Run: 02, Epoch: 17, Loss: 0.9186
Run: 02, Epoch: 18, Loss: 0.9185
Run: 02, Epoch: 18, Train: 77.69%, Valid: 80.49% Test: 67.19%
Run: 02, Epoch: 19, Loss: 0.9017
Run: 02, Epoch: 20, Loss: 0.9052
Run: 02, Epoch: 20, Train: 77.37%, Valid: 81.38% Test: 67.51%
Run 02:
Highest Train: 77.69
Highest Valid: 81.38
  Final Train: 77.37
   Final Test: 67.51
Run: 03, Epoch: 01, Loss: 2.0869
Run: 03, Epoch: 02, Loss: 1.3322
Run: 03, Epoch: 03, Loss: 1.1910
Run: 03, Epoch: 04, Loss: 1.1114
Run: 03, Epoch: 05, Loss: 1.0603
Run: 03, Epoch: 06, Loss: 1.0396
Run: 03, Epoch: 07, Loss: 1.0093
Run: 03, Epoch: 08, Loss: 0.9927
Run: 03, Epoch: 09, Loss: 0.9796
Run: 03, Epoch: 10, Loss: 0.9594
Run: 03, Epoch: 10, Train: 76.00%, Valid: 78.42% Test: 65.68%
Run: 03, Epoch: 11, Loss: 0.9508
Run: 03, Epoch: 12, Loss: 0.9454
Run: 03, Epoch: 12, Train: 76.34%, Valid: 79.39% Test: 66.62%
Run: 03, Epoch: 13, Loss: 0.9398
Run: 03, Epoch: 14, Loss: 0.9379
Run: 03, Epoch: 14, Train: 77.33%, Valid: 81.60% Test: 68.59%
Run: 03, Epoch: 15, Loss: 0.9347
Run: 03, Epoch: 16, Loss: 0.9267
Run: 03, Epoch: 16, Train: 77.27%, Valid: 80.61% Test: 67.25%
Run: 03, Epoch: 17, Loss: 0.9269
Run: 03, Epoch: 18, Loss: 0.9155
Run: 03, Epoch: 18, Train: 77.53%, Valid: 80.79% Test: 68.56%
Run: 03, Epoch: 19, Loss: 0.9144
Run: 03, Epoch: 20, Loss: 0.9063
Run: 03, Epoch: 20, Train: 77.79%, Valid: 79.41% Test: 65.62%
Run 03:
Highest Train: 77.79
Highest Valid: 81.60
  Final Train: 77.33
   Final Test: 68.59
Run: 04, Epoch: 01, Loss: 2.1011
Run: 04, Epoch: 02, Loss: 1.3339
Run: 04, Epoch: 03, Loss: 1.1826
Run: 04, Epoch: 04, Loss: 1.1080
Run: 04, Epoch: 05, Loss: 1.0568
Run: 04, Epoch: 06, Loss: 1.0365
Run: 04, Epoch: 07, Loss: 1.0197
Run: 04, Epoch: 08, Loss: 1.0033
Run: 04, Epoch: 09, Loss: 0.9757
Run: 04, Epoch: 10, Loss: 0.9652
Run: 04, Epoch: 10, Train: 75.79%, Valid: 78.42% Test: 66.02%
Run: 04, Epoch: 11, Loss: 0.9551
Run: 04, Epoch: 12, Loss: 0.9451
Run: 04, Epoch: 12, Train: 76.50%, Valid: 81.33% Test: 67.50%
Run: 04, Epoch: 13, Loss: 0.9468
Run: 04, Epoch: 14, Loss: 0.9300
Run: 04, Epoch: 14, Train: 76.99%, Valid: 78.42% Test: 64.19%
Run: 04, Epoch: 15, Loss: 0.9314
Run: 04, Epoch: 16, Loss: 0.9318
Run: 04, Epoch: 16, Train: 76.74%, Valid: 75.92% Test: 64.05%
Run: 04, Epoch: 17, Loss: 0.9227
Run: 04, Epoch: 18, Loss: 0.9217
Run: 04, Epoch: 18, Train: 77.59%, Valid: 77.57% Test: 65.33%
Run: 04, Epoch: 19, Loss: 0.9095
Run: 04, Epoch: 20, Loss: 0.9006
Run: 04, Epoch: 20, Train: 77.49%, Valid: 78.83% Test: 66.45%
Run 04:
Highest Train: 77.59
Highest Valid: 81.33
  Final Train: 76.50
   Final Test: 67.50
Run: 05, Epoch: 01, Loss: 1.9926
Run: 05, Epoch: 02, Loss: 1.3165
Run: 05, Epoch: 03, Loss: 1.1722
Run: 05, Epoch: 04, Loss: 1.1021
Run: 05, Epoch: 05, Loss: 1.0614
Run: 05, Epoch: 06, Loss: 1.0263
Run: 05, Epoch: 07, Loss: 1.0050
Run: 05, Epoch: 08, Loss: 0.9861
Run: 05, Epoch: 09, Loss: 0.9789
Run: 05, Epoch: 10, Loss: 0.9660
Run: 05, Epoch: 10, Train: 75.86%, Valid: 79.50% Test: 66.96%
Run: 05, Epoch: 11, Loss: 0.9556
Run: 05, Epoch: 12, Loss: 0.9486
Run: 05, Epoch: 12, Train: 76.71%, Valid: 80.39% Test: 67.40%
Run: 05, Epoch: 13, Loss: 0.9407
Run: 05, Epoch: 14, Loss: 0.9320
Run: 05, Epoch: 14, Train: 77.06%, Valid: 78.89% Test: 66.39%
Run: 05, Epoch: 15, Loss: 0.9275
Run: 05, Epoch: 16, Loss: 0.9232
Run: 05, Epoch: 16, Train: 77.49%, Valid: 77.80% Test: 64.80%
Run: 05, Epoch: 17, Loss: 0.9158
Run: 05, Epoch: 18, Loss: 0.9062
Run: 05, Epoch: 18, Train: 77.88%, Valid: 77.24% Test: 65.85%
Run: 05, Epoch: 19, Loss: 0.9014
Run: 05, Epoch: 20, Loss: 0.9050
Run: 05, Epoch: 20, Train: 78.56%, Valid: 81.57% Test: 68.12%
Run 05:
Highest Train: 78.56
Highest Valid: 81.57
  Final Train: 78.56
   Final Test: 68.12
Run: 06, Epoch: 01, Loss: 2.0758
Run: 06, Epoch: 02, Loss: 1.3283
Run: 06, Epoch: 03, Loss: 1.1940
Run: 06, Epoch: 04, Loss: 1.1056
Run: 06, Epoch: 05, Loss: 1.0665
Run: 06, Epoch: 06, Loss: 1.0414
Run: 06, Epoch: 07, Loss: 1.0007
Run: 06, Epoch: 08, Loss: 0.9915
Run: 06, Epoch: 09, Loss: 0.9812
Run: 06, Epoch: 10, Loss: 0.9672
Run: 06, Epoch: 10, Train: 75.54%, Valid: 79.30% Test: 66.14%
Run: 06, Epoch: 11, Loss: 0.9573
Run: 06, Epoch: 12, Loss: 0.9588
Run: 06, Epoch: 12, Train: 76.05%, Valid: 79.92% Test: 66.99%
Run: 06, Epoch: 13, Loss: 0.9369
Run: 06, Epoch: 14, Loss: 0.9306
Run: 06, Epoch: 14, Train: 76.85%, Valid: 77.90% Test: 64.93%
Run: 06, Epoch: 15, Loss: 0.9258
Run: 06, Epoch: 16, Loss: 0.9226
Run: 06, Epoch: 16, Train: 77.28%, Valid: 82.30% Test: 67.68%
Run: 06, Epoch: 17, Loss: 0.9230
Run: 06, Epoch: 18, Loss: 0.9133
Run: 06, Epoch: 18, Train: 77.97%, Valid: 81.87% Test: 68.77%
Run: 06, Epoch: 19, Loss: 0.9082
Run: 06, Epoch: 20, Loss: 0.9229
Run: 06, Epoch: 20, Train: 78.25%, Valid: 81.27% Test: 68.57%
Run 06:
Highest Train: 78.25
Highest Valid: 82.30
  Final Train: 77.28
   Final Test: 67.68
Run: 07, Epoch: 01, Loss: 2.0299
Run: 07, Epoch: 02, Loss: 1.3166
Run: 07, Epoch: 03, Loss: 1.1801
Run: 07, Epoch: 04, Loss: 1.0970
Run: 07, Epoch: 05, Loss: 1.0595
Run: 07, Epoch: 06, Loss: 1.0242
Run: 07, Epoch: 07, Loss: 0.9979
Run: 07, Epoch: 08, Loss: 0.9819
Run: 07, Epoch: 09, Loss: 0.9692
Run: 07, Epoch: 10, Loss: 0.9678
Run: 07, Epoch: 10, Train: 75.81%, Valid: 76.08% Test: 63.78%
Run: 07, Epoch: 11, Loss: 0.9555
Run: 07, Epoch: 12, Loss: 0.9419
Run: 07, Epoch: 12, Train: 76.52%, Valid: 79.76% Test: 67.39%
Run: 07, Epoch: 13, Loss: 0.9305
Run: 07, Epoch: 14, Loss: 0.9280
Run: 07, Epoch: 14, Train: 77.07%, Valid: 81.08% Test: 68.44%
Run: 07, Epoch: 15, Loss: 0.9222
Run: 07, Epoch: 16, Loss: 0.9292
Run: 07, Epoch: 16, Train: 76.99%, Valid: 77.78% Test: 64.73%
Run: 07, Epoch: 17, Loss: 0.9085
Run: 07, Epoch: 18, Loss: 0.9018
Run: 07, Epoch: 18, Train: 77.89%, Valid: 78.24% Test: 65.11%
Run: 07, Epoch: 19, Loss: 0.9040
Run: 07, Epoch: 20, Loss: 0.8968
Run: 07, Epoch: 20, Train: 78.94%, Valid: 80.70% Test: 68.04%
Run 07:
Highest Train: 78.94
Highest Valid: 81.08
  Final Train: 77.07
   Final Test: 68.44
Run: 08, Epoch: 01, Loss: 2.0616
Run: 08, Epoch: 02, Loss: 1.3417
Run: 08, Epoch: 03, Loss: 1.1836
Run: 08, Epoch: 04, Loss: 1.1081
Run: 08, Epoch: 05, Loss: 1.0644
Run: 08, Epoch: 06, Loss: 1.0345
Run: 08, Epoch: 07, Loss: 0.9992
Run: 08, Epoch: 08, Loss: 0.9955
Run: 08, Epoch: 09, Loss: 0.9874
Run: 08, Epoch: 10, Loss: 0.9681
Run: 08, Epoch: 10, Train: 75.46%, Valid: 77.40% Test: 65.45%
Run: 08, Epoch: 11, Loss: 0.9648
Run: 08, Epoch: 12, Loss: 0.9470
Run: 08, Epoch: 12, Train: 76.45%, Valid: 79.01% Test: 66.11%
Run: 08, Epoch: 13, Loss: 0.9298
Run: 08, Epoch: 14, Loss: 0.9191
Run: 08, Epoch: 14, Train: 77.17%, Valid: 79.07% Test: 66.07%
Run: 08, Epoch: 15, Loss: 0.9237
Run: 08, Epoch: 16, Loss: 0.9248
Run: 08, Epoch: 16, Train: 77.65%, Valid: 82.27% Test: 67.56%
Run: 08, Epoch: 17, Loss: 0.9163
Run: 08, Epoch: 18, Loss: 0.9234
Run: 08, Epoch: 18, Train: 78.31%, Valid: 79.87% Test: 66.71%
Run: 08, Epoch: 19, Loss: 0.9004
Run: 08, Epoch: 20, Loss: 0.9062
Run: 08, Epoch: 20, Train: 78.02%, Valid: 79.74% Test: 67.05%
Run 08:
Highest Train: 78.31
Highest Valid: 82.27
  Final Train: 77.65
   Final Test: 67.56
Run: 09, Epoch: 01, Loss: 2.1095
Run: 09, Epoch: 02, Loss: 1.3391
Run: 09, Epoch: 03, Loss: 1.1876
Run: 09, Epoch: 04, Loss: 1.1066
Run: 09, Epoch: 05, Loss: 1.0658
Run: 09, Epoch: 06, Loss: 1.0250
Run: 09, Epoch: 07, Loss: 1.0113
Run: 09, Epoch: 08, Loss: 0.9933
Run: 09, Epoch: 09, Loss: 0.9779
Run: 09, Epoch: 10, Loss: 0.9689
Run: 09, Epoch: 10, Train: 75.36%, Valid: 79.67% Test: 66.48%
Run: 09, Epoch: 11, Loss: 0.9605
Run: 09, Epoch: 12, Loss: 0.9382
Run: 09, Epoch: 12, Train: 77.13%, Valid: 79.13% Test: 66.07%
Run: 09, Epoch: 13, Loss: 0.9436
Run: 09, Epoch: 14, Loss: 0.9383
Run: 09, Epoch: 14, Train: 76.48%, Valid: 75.64% Test: 63.87%
Run: 09, Epoch: 15, Loss: 0.9335
Run: 09, Epoch: 16, Loss: 0.9187
Run: 09, Epoch: 16, Train: 77.68%, Valid: 80.82% Test: 67.37%
Run: 09, Epoch: 17, Loss: 0.9101
Run: 09, Epoch: 18, Loss: 0.9159
Run: 09, Epoch: 18, Train: 77.72%, Valid: 78.55% Test: 65.12%
Run: 09, Epoch: 19, Loss: 0.9080
Run: 09, Epoch: 20, Loss: 0.9131
Run: 09, Epoch: 20, Train: 78.28%, Valid: 80.24% Test: 66.67%
Run 09:
Highest Train: 78.28
Highest Valid: 80.82
  Final Train: 77.68
   Final Test: 67.37
Run: 10, Epoch: 01, Loss: 2.0157
Run: 10, Epoch: 02, Loss: 1.3186
Run: 10, Epoch: 03, Loss: 1.1712
Run: 10, Epoch: 04, Loss: 1.1052
Run: 10, Epoch: 05, Loss: 1.0574
Run: 10, Epoch: 06, Loss: 1.0288
Run: 10, Epoch: 07, Loss: 0.9952
Run: 10, Epoch: 08, Loss: 0.9929
Run: 10, Epoch: 09, Loss: 0.9818
Run: 10, Epoch: 10, Loss: 0.9583
Run: 10, Epoch: 10, Train: 75.94%, Valid: 78.40% Test: 66.25%
Run: 10, Epoch: 11, Loss: 0.9426
Run: 10, Epoch: 12, Loss: 0.9313
Run: 10, Epoch: 12, Train: 76.97%, Valid: 79.07% Test: 66.91%
Run: 10, Epoch: 13, Loss: 0.9338
Run: 10, Epoch: 14, Loss: 0.9373
Run: 10, Epoch: 14, Train: 77.58%, Valid: 77.96% Test: 66.25%
Run: 10, Epoch: 15, Loss: 0.9335
Run: 10, Epoch: 16, Loss: 0.9162
Run: 10, Epoch: 16, Train: 77.24%, Valid: 78.97% Test: 66.42%
Run: 10, Epoch: 17, Loss: 0.9131
Run: 10, Epoch: 18, Loss: 0.9146
Run: 10, Epoch: 18, Train: 77.30%, Valid: 79.67% Test: 66.28%
Run: 10, Epoch: 19, Loss: 0.9138
Run: 10, Epoch: 20, Loss: 0.9218
Run: 10, Epoch: 20, Train: 77.62%, Valid: 77.47% Test: 64.88%
Run 10:
Highest Train: 77.62
Highest Valid: 79.67
  Final Train: 77.30
   Final Test: 66.28
All runs:
Highest Train: 78.11 ± 0.44
Highest Valid: 81.41 ± 0.78
  Final Train: 77.38 ± 0.53
   Final Test: 67.73 ± 0.67
