Namespace(device=0, log_steps=1, inductive=False, num_layers=3, hidden_channels=256, dropout=0.5, batch_size=20000, walk_length=3, lr=0.01, num_steps=30, epochs=20, eval_steps=2, runs=10, rsv=0.2, al='el2n', alpha=0.9)
tensor([ 96836,   3882,  25400,  ...,  90650, 195777, 133887]) 39323
tensor([222340, 232877, 217134,  ..., 204679, 201935, 232609]) 7864
Run: 01, Epoch: 01, Loss: 1.3875
Run: 01, Epoch: 02, Loss: 0.5700
Run: 01, Epoch: 03, Loss: 0.4860
Run: 01, Epoch: 04, Loss: 0.4407
Run: 01, Epoch: 05, Loss: 0.4258
Run: 01, Epoch: 06, Loss: 0.4067
Run: 01, Epoch: 07, Loss: 0.3857
Run: 01, Epoch: 08, Loss: 0.3826
Run: 01, Epoch: 09, Loss: 0.3742
Run: 01, Epoch: 10, Loss: 0.3688
Run: 01, Epoch: 10, Train: 91.29%, Valid: 89.78% Test: 77.72%
Run: 01, Epoch: 11, Loss: 0.3588
Run: 01, Epoch: 12, Loss: 0.3535
Run: 01, Epoch: 12, Train: 91.67%, Valid: 89.99% Test: 77.18%
Run: 01, Epoch: 13, Loss: 0.3574
Run: 01, Epoch: 14, Loss: 0.3529
Run: 01, Epoch: 14, Train: 91.76%, Valid: 89.83% Test: 77.81%
Run: 01, Epoch: 15, Loss: 0.3515
Run: 01, Epoch: 16, Loss: 0.3422
Run: 01, Epoch: 16, Train: 92.13%, Valid: 90.04% Test: 78.07%
Run: 01, Epoch: 17, Loss: 0.3355
Run: 01, Epoch: 18, Loss: 0.3379
Run: 01, Epoch: 18, Train: 92.23%, Valid: 90.03% Test: 76.68%
Run: 01, Epoch: 19, Loss: 0.3389
Run: 01, Epoch: 20, Loss: 0.3346
Run: 01, Epoch: 20, Train: 92.32%, Valid: 89.94% Test: 78.10%
Run 01:
Highest Train: 92.32
Highest Valid: 90.04
  Final Train: 92.13
   Final Test: 78.07
Run: 02, Epoch: 01, Loss: 1.5184
Run: 02, Epoch: 02, Loss: 0.5883
Run: 02, Epoch: 03, Loss: 0.4933
Run: 02, Epoch: 04, Loss: 0.4503
Run: 02, Epoch: 05, Loss: 0.4191
Run: 02, Epoch: 06, Loss: 0.4045
Run: 02, Epoch: 07, Loss: 0.3990
Run: 02, Epoch: 08, Loss: 0.3854
Run: 02, Epoch: 09, Loss: 0.3805
Run: 02, Epoch: 10, Loss: 0.3711
Run: 02, Epoch: 10, Train: 91.10%, Valid: 89.75% Test: 77.67%
Run: 02, Epoch: 11, Loss: 0.3641
Run: 02, Epoch: 12, Loss: 0.3580
Run: 02, Epoch: 12, Train: 91.56%, Valid: 90.09% Test: 77.59%
Run: 02, Epoch: 13, Loss: 0.3502
Run: 02, Epoch: 14, Loss: 0.3577
Run: 02, Epoch: 14, Train: 91.58%, Valid: 89.89% Test: 77.90%
Run: 02, Epoch: 15, Loss: 0.3538
Run: 02, Epoch: 16, Loss: 0.3546
Run: 02, Epoch: 16, Train: 91.94%, Valid: 89.97% Test: 77.95%
Run: 02, Epoch: 17, Loss: 0.3497
Run: 02, Epoch: 18, Loss: 0.3466
Run: 02, Epoch: 18, Train: 91.83%, Valid: 89.88% Test: 77.30%
Run: 02, Epoch: 19, Loss: 0.3410
Run: 02, Epoch: 20, Loss: 0.3381
Run: 02, Epoch: 20, Train: 92.33%, Valid: 90.09% Test: 77.68%
Run 02:
Highest Train: 92.33
Highest Valid: 90.09
  Final Train: 91.56
   Final Test: 77.59
Run: 03, Epoch: 01, Loss: 1.4468
Run: 03, Epoch: 02, Loss: 0.5831
Run: 03, Epoch: 03, Loss: 0.4966
Run: 03, Epoch: 04, Loss: 0.4537
Run: 03, Epoch: 05, Loss: 0.4210
Run: 03, Epoch: 06, Loss: 0.4107
Run: 03, Epoch: 07, Loss: 0.4000
Run: 03, Epoch: 08, Loss: 0.3899
Run: 03, Epoch: 09, Loss: 0.3846
Run: 03, Epoch: 10, Loss: 0.3723
Run: 03, Epoch: 10, Train: 91.06%, Valid: 89.50% Test: 77.61%
Run: 03, Epoch: 11, Loss: 0.3640
Run: 03, Epoch: 12, Loss: 0.3627
Run: 03, Epoch: 12, Train: 91.65%, Valid: 89.71% Test: 77.62%
Run: 03, Epoch: 13, Loss: 0.3608
Run: 03, Epoch: 14, Loss: 0.3619
Run: 03, Epoch: 14, Train: 91.66%, Valid: 89.80% Test: 77.43%
Run: 03, Epoch: 15, Loss: 0.3479
Run: 03, Epoch: 16, Loss: 0.3500
Run: 03, Epoch: 16, Train: 91.82%, Valid: 89.74% Test: 78.00%
Run: 03, Epoch: 17, Loss: 0.3475
Run: 03, Epoch: 18, Loss: 0.3422
Run: 03, Epoch: 18, Train: 92.05%, Valid: 89.98% Test: 78.16%
Run: 03, Epoch: 19, Loss: 0.3457
Run: 03, Epoch: 20, Loss: 0.3407
Run: 03, Epoch: 20, Train: 92.22%, Valid: 89.89% Test: 78.04%
Run 03:
Highest Train: 92.22
Highest Valid: 89.98
  Final Train: 92.05
   Final Test: 78.16
Run: 04, Epoch: 01, Loss: 1.3386
Run: 04, Epoch: 02, Loss: 0.5661
Run: 04, Epoch: 03, Loss: 0.4799
Run: 04, Epoch: 04, Loss: 0.4459
Run: 04, Epoch: 05, Loss: 0.4184
Run: 04, Epoch: 06, Loss: 0.4024
Run: 04, Epoch: 07, Loss: 0.3897
Run: 04, Epoch: 08, Loss: 0.3848
Run: 04, Epoch: 09, Loss: 0.3760
Run: 04, Epoch: 10, Loss: 0.3699
Run: 04, Epoch: 10, Train: 91.42%, Valid: 89.78% Test: 77.02%
Run: 04, Epoch: 11, Loss: 0.3572
Run: 04, Epoch: 12, Loss: 0.3500
Run: 04, Epoch: 12, Train: 91.63%, Valid: 89.48% Test: 77.37%
Run: 04, Epoch: 13, Loss: 0.3504
Run: 04, Epoch: 14, Loss: 0.3459
Run: 04, Epoch: 14, Train: 91.85%, Valid: 89.87% Test: 77.36%
Run: 04, Epoch: 15, Loss: 0.3406
Run: 04, Epoch: 16, Loss: 0.3451
Run: 04, Epoch: 16, Train: 92.10%, Valid: 89.76% Test: 77.16%
Run: 04, Epoch: 17, Loss: 0.3451
Run: 04, Epoch: 18, Loss: 0.3414
Run: 04, Epoch: 18, Train: 92.18%, Valid: 89.98% Test: 76.56%
Run: 04, Epoch: 19, Loss: 0.3322
Run: 04, Epoch: 20, Loss: 0.3358
Run: 04, Epoch: 20, Train: 92.45%, Valid: 90.21% Test: 77.34%
Run 04:
Highest Train: 92.45
Highest Valid: 90.21
  Final Train: 92.45
   Final Test: 77.34
Run: 05, Epoch: 01, Loss: 1.2929
Run: 05, Epoch: 02, Loss: 0.5585
Run: 05, Epoch: 03, Loss: 0.4784
Run: 05, Epoch: 04, Loss: 0.4453
Run: 05, Epoch: 05, Loss: 0.4205
Run: 05, Epoch: 06, Loss: 0.4035
Run: 05, Epoch: 07, Loss: 0.3894
Run: 05, Epoch: 08, Loss: 0.3757
Run: 05, Epoch: 09, Loss: 0.3745
Run: 05, Epoch: 10, Loss: 0.3683
Run: 05, Epoch: 10, Train: 91.23%, Valid: 89.95% Test: 77.13%
Run: 05, Epoch: 11, Loss: 0.3578
Run: 05, Epoch: 12, Loss: 0.3550
Run: 05, Epoch: 12, Train: 91.54%, Valid: 90.13% Test: 77.28%
Run: 05, Epoch: 13, Loss: 0.3529
Run: 05, Epoch: 14, Loss: 0.3438
Run: 05, Epoch: 14, Train: 91.94%, Valid: 89.90% Test: 78.08%
Run: 05, Epoch: 15, Loss: 0.3478
Run: 05, Epoch: 16, Loss: 0.3446
Run: 05, Epoch: 16, Train: 92.08%, Valid: 90.13% Test: 77.76%
Run: 05, Epoch: 17, Loss: 0.3324
Run: 05, Epoch: 18, Loss: 0.3356
Run: 05, Epoch: 18, Train: 92.35%, Valid: 90.42% Test: 77.08%
Run: 05, Epoch: 19, Loss: 0.3351
Run: 05, Epoch: 20, Loss: 0.3362
Run: 05, Epoch: 20, Train: 92.47%, Valid: 90.14% Test: 76.68%
Run 05:
Highest Train: 92.47
Highest Valid: 90.42
  Final Train: 92.35
   Final Test: 77.08
Run: 06, Epoch: 01, Loss: 1.3636
Run: 06, Epoch: 02, Loss: 0.5656
Run: 06, Epoch: 03, Loss: 0.4930
Run: 06, Epoch: 04, Loss: 0.4395
Run: 06, Epoch: 05, Loss: 0.4207
Run: 06, Epoch: 06, Loss: 0.4087
Run: 06, Epoch: 07, Loss: 0.3917
Run: 06, Epoch: 08, Loss: 0.3789
Run: 06, Epoch: 09, Loss: 0.3746
Run: 06, Epoch: 10, Loss: 0.3735
Run: 06, Epoch: 10, Train: 91.23%, Valid: 89.74% Test: 77.56%
Run: 06, Epoch: 11, Loss: 0.3638
Run: 06, Epoch: 12, Loss: 0.3548
Run: 06, Epoch: 12, Train: 91.56%, Valid: 89.69% Test: 77.28%
Run: 06, Epoch: 13, Loss: 0.3549
Run: 06, Epoch: 14, Loss: 0.3460
Run: 06, Epoch: 14, Train: 91.75%, Valid: 89.73% Test: 77.48%
Run: 06, Epoch: 15, Loss: 0.3447
Run: 06, Epoch: 16, Loss: 0.3437
Run: 06, Epoch: 16, Train: 92.04%, Valid: 89.92% Test: 76.97%
Run: 06, Epoch: 17, Loss: 0.3478
Run: 06, Epoch: 18, Loss: 0.3439
Run: 06, Epoch: 18, Train: 92.14%, Valid: 89.85% Test: 77.17%
Run: 06, Epoch: 19, Loss: 0.3352
Run: 06, Epoch: 20, Loss: 0.3403
Run: 06, Epoch: 20, Train: 92.32%, Valid: 90.31% Test: 78.46%
Run 06:
Highest Train: 92.32
Highest Valid: 90.31
  Final Train: 92.32
   Final Test: 78.46
Run: 07, Epoch: 01, Loss: 1.4414
Run: 07, Epoch: 02, Loss: 0.5767
Run: 07, Epoch: 03, Loss: 0.4983
Run: 07, Epoch: 04, Loss: 0.4535
Run: 07, Epoch: 05, Loss: 0.4297
Run: 07, Epoch: 06, Loss: 0.4053
Run: 07, Epoch: 07, Loss: 0.3963
Run: 07, Epoch: 08, Loss: 0.3898
Run: 07, Epoch: 09, Loss: 0.3796
Run: 07, Epoch: 10, Loss: 0.3777
Run: 07, Epoch: 10, Train: 91.26%, Valid: 89.74% Test: 77.22%
Run: 07, Epoch: 11, Loss: 0.3649
Run: 07, Epoch: 12, Loss: 0.3506
Run: 07, Epoch: 12, Train: 91.61%, Valid: 89.98% Test: 77.72%
Run: 07, Epoch: 13, Loss: 0.3542
Run: 07, Epoch: 14, Loss: 0.3486
Run: 07, Epoch: 14, Train: 91.61%, Valid: 89.87% Test: 77.75%
Run: 07, Epoch: 15, Loss: 0.3451
Run: 07, Epoch: 16, Loss: 0.3458
Run: 07, Epoch: 16, Train: 92.05%, Valid: 90.14% Test: 77.50%
Run: 07, Epoch: 17, Loss: 0.3450
Run: 07, Epoch: 18, Loss: 0.3457
Run: 07, Epoch: 18, Train: 92.04%, Valid: 90.14% Test: 77.31%
Run: 07, Epoch: 19, Loss: 0.3339
Run: 07, Epoch: 20, Loss: 0.3391
Run: 07, Epoch: 20, Train: 92.16%, Valid: 89.97% Test: 77.38%
Run 07:
Highest Train: 92.16
Highest Valid: 90.14
  Final Train: 92.05
   Final Test: 77.50
Run: 08, Epoch: 01, Loss: 1.2763
Run: 08, Epoch: 02, Loss: 0.5550
Run: 08, Epoch: 03, Loss: 0.4770
Run: 08, Epoch: 04, Loss: 0.4391
Run: 08, Epoch: 05, Loss: 0.4099
Run: 08, Epoch: 06, Loss: 0.4043
Run: 08, Epoch: 07, Loss: 0.3890
Run: 08, Epoch: 08, Loss: 0.3834
Run: 08, Epoch: 09, Loss: 0.3726
Run: 08, Epoch: 10, Loss: 0.3619
Run: 08, Epoch: 10, Train: 91.25%, Valid: 89.64% Test: 77.16%
Run: 08, Epoch: 11, Loss: 0.3650
Run: 08, Epoch: 12, Loss: 0.3536
Run: 08, Epoch: 12, Train: 91.54%, Valid: 90.30% Test: 77.15%
Run: 08, Epoch: 13, Loss: 0.3522
Run: 08, Epoch: 14, Loss: 0.3512
Run: 08, Epoch: 14, Train: 91.85%, Valid: 90.02% Test: 77.84%
Run: 08, Epoch: 15, Loss: 0.3487
Run: 08, Epoch: 16, Loss: 0.3440
Run: 08, Epoch: 16, Train: 92.02%, Valid: 90.26% Test: 77.11%
Run: 08, Epoch: 17, Loss: 0.3419
Run: 08, Epoch: 18, Loss: 0.3416
Run: 08, Epoch: 18, Train: 92.24%, Valid: 90.18% Test: 77.22%
Run: 08, Epoch: 19, Loss: 0.3326
Run: 08, Epoch: 20, Loss: 0.3293
Run: 08, Epoch: 20, Train: 92.36%, Valid: 90.16% Test: 77.17%
Run 08:
Highest Train: 92.36
Highest Valid: 90.30
  Final Train: 91.54
   Final Test: 77.15
Run: 09, Epoch: 01, Loss: 1.3522
Run: 09, Epoch: 02, Loss: 0.5501
Run: 09, Epoch: 03, Loss: 0.4802
Run: 09, Epoch: 04, Loss: 0.4412
Run: 09, Epoch: 05, Loss: 0.4188
Run: 09, Epoch: 06, Loss: 0.3968
Run: 09, Epoch: 07, Loss: 0.3936
Run: 09, Epoch: 08, Loss: 0.3858
Run: 09, Epoch: 09, Loss: 0.3748
Run: 09, Epoch: 10, Loss: 0.3675
Run: 09, Epoch: 10, Train: 91.36%, Valid: 89.93% Test: 76.28%
Run: 09, Epoch: 11, Loss: 0.3538
Run: 09, Epoch: 12, Loss: 0.3535
Run: 09, Epoch: 12, Train: 91.67%, Valid: 89.66% Test: 77.22%
Run: 09, Epoch: 13, Loss: 0.3517
Run: 09, Epoch: 14, Loss: 0.3584
Run: 09, Epoch: 14, Train: 91.84%, Valid: 89.97% Test: 76.47%
Run: 09, Epoch: 15, Loss: 0.3468
Run: 09, Epoch: 16, Loss: 0.3449
Run: 09, Epoch: 16, Train: 91.85%, Valid: 90.03% Test: 76.86%
Run: 09, Epoch: 17, Loss: 0.3427
Run: 09, Epoch: 18, Loss: 0.3364
Run: 09, Epoch: 18, Train: 92.30%, Valid: 90.02% Test: 76.93%
Run: 09, Epoch: 19, Loss: 0.3371
Run: 09, Epoch: 20, Loss: 0.3304
Run: 09, Epoch: 20, Train: 92.56%, Valid: 90.44% Test: 77.29%
Run 09:
Highest Train: 92.56
Highest Valid: 90.44
  Final Train: 92.56
   Final Test: 77.29
Run: 10, Epoch: 01, Loss: 1.3748
Run: 10, Epoch: 02, Loss: 0.5733
Run: 10, Epoch: 03, Loss: 0.4872
Run: 10, Epoch: 04, Loss: 0.4438
Run: 10, Epoch: 05, Loss: 0.4206
Run: 10, Epoch: 06, Loss: 0.4102
Run: 10, Epoch: 07, Loss: 0.3896
Run: 10, Epoch: 08, Loss: 0.3873
Run: 10, Epoch: 09, Loss: 0.3800
Run: 10, Epoch: 10, Loss: 0.3642
Run: 10, Epoch: 10, Train: 91.23%, Valid: 89.90% Test: 77.05%
Run: 10, Epoch: 11, Loss: 0.3629
Run: 10, Epoch: 12, Loss: 0.3581
Run: 10, Epoch: 12, Train: 91.40%, Valid: 89.51% Test: 77.48%
Run: 10, Epoch: 13, Loss: 0.3546
Run: 10, Epoch: 14, Loss: 0.3559
Run: 10, Epoch: 14, Train: 91.71%, Valid: 90.04% Test: 77.67%
Run: 10, Epoch: 15, Loss: 0.3558
Run: 10, Epoch: 16, Loss: 0.3477
Run: 10, Epoch: 16, Train: 91.84%, Valid: 90.06% Test: 78.06%
Run: 10, Epoch: 17, Loss: 0.3443
Run: 10, Epoch: 18, Loss: 0.3480
Run: 10, Epoch: 18, Train: 92.04%, Valid: 90.09% Test: 77.44%
Run: 10, Epoch: 19, Loss: 0.3402
Run: 10, Epoch: 20, Loss: 0.3380
Run: 10, Epoch: 20, Train: 92.36%, Valid: 90.17% Test: 77.60%
Run 10:
Highest Train: 92.36
Highest Valid: 90.17
  Final Train: 92.36
   Final Test: 77.60
All runs:
Highest Train: 92.35 ± 0.12
Highest Valid: 90.21 ± 0.15
  Final Train: 92.14 ± 0.35
   Final Test: 77.62 ± 0.46
