Namespace(device=0, log_steps=1, inductive=False, num_layers=3, hidden_channels=256, dropout=0.5, batch_size=20000, walk_length=3, lr=0.01, num_steps=30, epochs=20, eval_steps=2, runs=10, rsv=0.2, al='el2n', alpha=0.4)
tensor([ 99311, 131369, 105411,  ...,  17995, 141261,  66620]) 39323
tensor([222340, 232877, 217134,  ..., 204679, 201935, 232609]) 7864
Run: 01, Epoch: 01, Loss: 1.8869
Run: 01, Epoch: 02, Loss: 1.1063
Run: 01, Epoch: 03, Loss: 0.9671
Run: 01, Epoch: 04, Loss: 0.9044
Run: 01, Epoch: 05, Loss: 0.8713
Run: 01, Epoch: 06, Loss: 0.8335
Run: 01, Epoch: 07, Loss: 0.8096
Run: 01, Epoch: 08, Loss: 0.8011
Run: 01, Epoch: 09, Loss: 0.7847
Run: 01, Epoch: 10, Loss: 0.7746
Run: 01, Epoch: 10, Train: 81.61%, Valid: 87.64% Test: 74.14%
Run: 01, Epoch: 11, Loss: 0.7742
Run: 01, Epoch: 12, Loss: 0.7498
Run: 01, Epoch: 12, Train: 82.11%, Valid: 89.08% Test: 75.17%
Run: 01, Epoch: 13, Loss: 0.7422
Run: 01, Epoch: 14, Loss: 0.7428
Run: 01, Epoch: 14, Train: 81.93%, Valid: 88.66% Test: 75.27%
Run: 01, Epoch: 15, Loss: 0.7452
Run: 01, Epoch: 16, Loss: 0.7430
Run: 01, Epoch: 16, Train: 82.28%, Valid: 88.96% Test: 75.33%
Run: 01, Epoch: 17, Loss: 0.7295
Run: 01, Epoch: 18, Loss: 0.7245
Run: 01, Epoch: 18, Train: 83.28%, Valid: 88.66% Test: 74.47%
Run: 01, Epoch: 19, Loss: 0.7222
Run: 01, Epoch: 20, Loss: 0.7207
Run: 01, Epoch: 20, Train: 82.59%, Valid: 88.40% Test: 74.24%
Run 01:
Highest Train: 83.28
Highest Valid: 89.08
  Final Train: 82.11
   Final Test: 75.17
Run: 02, Epoch: 01, Loss: 1.7989
Run: 02, Epoch: 02, Loss: 1.0797
Run: 02, Epoch: 03, Loss: 0.9637
Run: 02, Epoch: 04, Loss: 0.9047
Run: 02, Epoch: 05, Loss: 0.8573
Run: 02, Epoch: 06, Loss: 0.8311
Run: 02, Epoch: 07, Loss: 0.8112
Run: 02, Epoch: 08, Loss: 0.8015
Run: 02, Epoch: 09, Loss: 0.8001
Run: 02, Epoch: 10, Loss: 0.7839
Run: 02, Epoch: 10, Train: 81.34%, Valid: 88.75% Test: 75.10%
Run: 02, Epoch: 11, Loss: 0.7806
Run: 02, Epoch: 12, Loss: 0.7728
Run: 02, Epoch: 12, Train: 81.35%, Valid: 87.91% Test: 73.24%
Run: 02, Epoch: 13, Loss: 0.7530
Run: 02, Epoch: 14, Loss: 0.7503
Run: 02, Epoch: 14, Train: 82.07%, Valid: 89.29% Test: 74.83%
Run: 02, Epoch: 15, Loss: 0.7488
Run: 02, Epoch: 16, Loss: 0.7398
Run: 02, Epoch: 16, Train: 82.57%, Valid: 89.64% Test: 76.23%
Run: 02, Epoch: 17, Loss: 0.7418
Run: 02, Epoch: 18, Loss: 0.7436
Run: 02, Epoch: 18, Train: 82.46%, Valid: 88.52% Test: 74.34%
Run: 02, Epoch: 19, Loss: 0.7286
Run: 02, Epoch: 20, Loss: 0.7325
Run: 02, Epoch: 20, Train: 82.70%, Valid: 89.97% Test: 76.40%
Run 02:
Highest Train: 82.70
Highest Valid: 89.97
  Final Train: 82.70
   Final Test: 76.40
Run: 03, Epoch: 01, Loss: 1.8164
Run: 03, Epoch: 02, Loss: 1.0838
Run: 03, Epoch: 03, Loss: 0.9693
Run: 03, Epoch: 04, Loss: 0.9070
Run: 03, Epoch: 05, Loss: 0.8649
Run: 03, Epoch: 06, Loss: 0.8447
Run: 03, Epoch: 07, Loss: 0.8193
Run: 03, Epoch: 08, Loss: 0.8016
Run: 03, Epoch: 09, Loss: 0.7880
Run: 03, Epoch: 10, Loss: 0.7759
Run: 03, Epoch: 10, Train: 81.22%, Valid: 87.44% Test: 73.62%
Run: 03, Epoch: 11, Loss: 0.7654
Run: 03, Epoch: 12, Loss: 0.7648
Run: 03, Epoch: 12, Train: 82.08%, Valid: 87.46% Test: 73.94%
Run: 03, Epoch: 13, Loss: 0.7551
Run: 03, Epoch: 14, Loss: 0.7522
Run: 03, Epoch: 14, Train: 82.28%, Valid: 88.66% Test: 74.76%
Run: 03, Epoch: 15, Loss: 0.7467
Run: 03, Epoch: 16, Loss: 0.7453
Run: 03, Epoch: 16, Train: 82.65%, Valid: 89.06% Test: 75.16%
Run: 03, Epoch: 17, Loss: 0.7402
Run: 03, Epoch: 18, Loss: 0.7389
Run: 03, Epoch: 18, Train: 83.05%, Valid: 88.42% Test: 75.47%
Run: 03, Epoch: 19, Loss: 0.7325
Run: 03, Epoch: 20, Loss: 0.7245
Run: 03, Epoch: 20, Train: 82.91%, Valid: 86.86% Test: 71.99%
Run 03:
Highest Train: 83.05
Highest Valid: 89.06
  Final Train: 82.65
   Final Test: 75.16
Run: 04, Epoch: 01, Loss: 1.9005
Run: 04, Epoch: 02, Loss: 1.1026
Run: 04, Epoch: 03, Loss: 0.9622
Run: 04, Epoch: 04, Loss: 0.8997
Run: 04, Epoch: 05, Loss: 0.8639
Run: 04, Epoch: 06, Loss: 0.8427
Run: 04, Epoch: 07, Loss: 0.8250
Run: 04, Epoch: 08, Loss: 0.8079
Run: 04, Epoch: 09, Loss: 0.7929
Run: 04, Epoch: 10, Loss: 0.7848
Run: 04, Epoch: 10, Train: 81.25%, Valid: 86.64% Test: 72.91%
Run: 04, Epoch: 11, Loss: 0.7674
Run: 04, Epoch: 12, Loss: 0.7587
Run: 04, Epoch: 12, Train: 81.59%, Valid: 88.70% Test: 74.96%
Run: 04, Epoch: 13, Loss: 0.7642
Run: 04, Epoch: 14, Loss: 0.7483
Run: 04, Epoch: 14, Train: 81.89%, Valid: 87.23% Test: 72.80%
Run: 04, Epoch: 15, Loss: 0.7492
Run: 04, Epoch: 16, Loss: 0.7424
Run: 04, Epoch: 16, Train: 82.64%, Valid: 87.39% Test: 74.14%
Run: 04, Epoch: 17, Loss: 0.7440
Run: 04, Epoch: 18, Loss: 0.7418
Run: 04, Epoch: 18, Train: 82.68%, Valid: 87.59% Test: 73.15%
Run: 04, Epoch: 19, Loss: 0.7311
Run: 04, Epoch: 20, Loss: 0.7276
Run: 04, Epoch: 20, Train: 82.07%, Valid: 88.95% Test: 75.85%
Run 04:
Highest Train: 82.68
Highest Valid: 88.95
  Final Train: 82.07
   Final Test: 75.85
Run: 05, Epoch: 01, Loss: 1.7979
Run: 05, Epoch: 02, Loss: 1.0817
Run: 05, Epoch: 03, Loss: 0.9631
Run: 05, Epoch: 04, Loss: 0.8998
Run: 05, Epoch: 05, Loss: 0.8613
Run: 05, Epoch: 06, Loss: 0.8279
Run: 05, Epoch: 07, Loss: 0.8177
Run: 05, Epoch: 08, Loss: 0.8015
Run: 05, Epoch: 09, Loss: 0.7896
Run: 05, Epoch: 10, Loss: 0.7772
Run: 05, Epoch: 10, Train: 81.41%, Valid: 88.01% Test: 73.91%
Run: 05, Epoch: 11, Loss: 0.7735
Run: 05, Epoch: 12, Loss: 0.7686
Run: 05, Epoch: 12, Train: 82.03%, Valid: 88.78% Test: 74.69%
Run: 05, Epoch: 13, Loss: 0.7580
Run: 05, Epoch: 14, Loss: 0.7573
Run: 05, Epoch: 14, Train: 82.16%, Valid: 86.11% Test: 72.37%
Run: 05, Epoch: 15, Loss: 0.7454
Run: 05, Epoch: 16, Loss: 0.7381
Run: 05, Epoch: 16, Train: 82.41%, Valid: 87.08% Test: 73.61%
Run: 05, Epoch: 17, Loss: 0.7374
Run: 05, Epoch: 18, Loss: 0.7313
Run: 05, Epoch: 18, Train: 82.59%, Valid: 86.22% Test: 72.56%
Run: 05, Epoch: 19, Loss: 0.7261
Run: 05, Epoch: 20, Loss: 0.7344
Run: 05, Epoch: 20, Train: 83.24%, Valid: 89.51% Test: 75.21%
Run 05:
Highest Train: 83.24
Highest Valid: 89.51
  Final Train: 83.24
   Final Test: 75.21
Run: 06, Epoch: 01, Loss: 1.8530
Run: 06, Epoch: 02, Loss: 1.0844
Run: 06, Epoch: 03, Loss: 0.9645
Run: 06, Epoch: 04, Loss: 0.9078
Run: 06, Epoch: 05, Loss: 0.8694
Run: 06, Epoch: 06, Loss: 0.8455
Run: 06, Epoch: 07, Loss: 0.8149
Run: 06, Epoch: 08, Loss: 0.7966
Run: 06, Epoch: 09, Loss: 0.7916
Run: 06, Epoch: 10, Loss: 0.7912
Run: 06, Epoch: 10, Train: 81.35%, Valid: 89.46% Test: 75.05%
Run: 06, Epoch: 11, Loss: 0.7758
Run: 06, Epoch: 12, Loss: 0.7676
Run: 06, Epoch: 12, Train: 81.83%, Valid: 89.13% Test: 74.29%
Run: 06, Epoch: 13, Loss: 0.7550
Run: 06, Epoch: 14, Loss: 0.7477
Run: 06, Epoch: 14, Train: 81.91%, Valid: 85.91% Test: 71.74%
Run: 06, Epoch: 15, Loss: 0.7415
Run: 06, Epoch: 16, Loss: 0.7507
Run: 06, Epoch: 16, Train: 82.20%, Valid: 88.30% Test: 73.37%
Run: 06, Epoch: 17, Loss: 0.7489
Run: 06, Epoch: 18, Loss: 0.7417
Run: 06, Epoch: 18, Train: 82.90%, Valid: 88.61% Test: 73.79%
Run: 06, Epoch: 19, Loss: 0.7437
Run: 06, Epoch: 20, Loss: 0.7445
Run: 06, Epoch: 20, Train: 83.15%, Valid: 88.54% Test: 74.37%
Run 06:
Highest Train: 83.15
Highest Valid: 89.46
  Final Train: 81.35
   Final Test: 75.05
Run: 07, Epoch: 01, Loss: 1.8170
Run: 07, Epoch: 02, Loss: 1.0784
Run: 07, Epoch: 03, Loss: 0.9671
Run: 07, Epoch: 04, Loss: 0.9000
Run: 07, Epoch: 05, Loss: 0.8631
Run: 07, Epoch: 06, Loss: 0.8387
Run: 07, Epoch: 07, Loss: 0.8075
Run: 07, Epoch: 08, Loss: 0.8040
Run: 07, Epoch: 09, Loss: 0.7901
Run: 07, Epoch: 10, Loss: 0.7865
Run: 07, Epoch: 10, Train: 81.32%, Valid: 88.12% Test: 73.89%
Run: 07, Epoch: 11, Loss: 0.7714
Run: 07, Epoch: 12, Loss: 0.7593
Run: 07, Epoch: 12, Train: 81.56%, Valid: 86.37% Test: 72.97%
Run: 07, Epoch: 13, Loss: 0.7495
Run: 07, Epoch: 14, Loss: 0.7375
Run: 07, Epoch: 14, Train: 82.19%, Valid: 89.51% Test: 75.97%
Run: 07, Epoch: 15, Loss: 0.7351
Run: 07, Epoch: 16, Loss: 0.7463
Run: 07, Epoch: 16, Train: 82.66%, Valid: 87.88% Test: 73.89%
Run: 07, Epoch: 17, Loss: 0.7330
Run: 07, Epoch: 18, Loss: 0.7310
Run: 07, Epoch: 18, Train: 82.75%, Valid: 88.90% Test: 75.26%
Run: 07, Epoch: 19, Loss: 0.7250
Run: 07, Epoch: 20, Loss: 0.7266
Run: 07, Epoch: 20, Train: 83.18%, Valid: 88.19% Test: 74.39%
Run 07:
Highest Train: 83.18
Highest Valid: 89.51
  Final Train: 82.19
   Final Test: 75.97
Run: 08, Epoch: 01, Loss: 1.8655
Run: 08, Epoch: 02, Loss: 1.0988
Run: 08, Epoch: 03, Loss: 0.9595
Run: 08, Epoch: 04, Loss: 0.8937
Run: 08, Epoch: 05, Loss: 0.8561
Run: 08, Epoch: 06, Loss: 0.8319
Run: 08, Epoch: 07, Loss: 0.8029
Run: 08, Epoch: 08, Loss: 0.8074
Run: 08, Epoch: 09, Loss: 0.7964
Run: 08, Epoch: 10, Loss: 0.7765
Run: 08, Epoch: 10, Train: 81.61%, Valid: 87.59% Test: 72.95%
Run: 08, Epoch: 11, Loss: 0.7684
Run: 08, Epoch: 12, Loss: 0.7589
Run: 08, Epoch: 12, Train: 81.96%, Valid: 86.62% Test: 72.69%
Run: 08, Epoch: 13, Loss: 0.7439
Run: 08, Epoch: 14, Loss: 0.7442
Run: 08, Epoch: 14, Train: 82.61%, Valid: 90.04% Test: 76.67%
Run: 08, Epoch: 15, Loss: 0.7356
Run: 08, Epoch: 16, Loss: 0.7346
Run: 08, Epoch: 16, Train: 83.02%, Valid: 87.56% Test: 73.30%
Run: 08, Epoch: 17, Loss: 0.7387
Run: 08, Epoch: 18, Loss: 0.7414
Run: 08, Epoch: 18, Train: 82.78%, Valid: 89.80% Test: 76.04%
Run: 08, Epoch: 19, Loss: 0.7244
Run: 08, Epoch: 20, Loss: 0.7262
Run: 08, Epoch: 20, Train: 83.19%, Valid: 89.04% Test: 75.03%
Run 08:
Highest Train: 83.19
Highest Valid: 90.04
  Final Train: 82.61
   Final Test: 76.67
Run: 09, Epoch: 01, Loss: 1.8974
Run: 09, Epoch: 02, Loss: 1.0959
Run: 09, Epoch: 03, Loss: 0.9607
Run: 09, Epoch: 04, Loss: 0.8966
Run: 09, Epoch: 05, Loss: 0.8646
Run: 09, Epoch: 06, Loss: 0.8307
Run: 09, Epoch: 07, Loss: 0.8128
Run: 09, Epoch: 08, Loss: 0.8086
Run: 09, Epoch: 09, Loss: 0.7899
Run: 09, Epoch: 10, Loss: 0.7741
Run: 09, Epoch: 10, Train: 81.70%, Valid: 89.01% Test: 74.17%
Run: 09, Epoch: 11, Loss: 0.7719
Run: 09, Epoch: 12, Loss: 0.7512
Run: 09, Epoch: 12, Train: 81.72%, Valid: 88.95% Test: 75.71%
Run: 09, Epoch: 13, Loss: 0.7622
Run: 09, Epoch: 14, Loss: 0.7627
Run: 09, Epoch: 14, Train: 81.87%, Valid: 88.89% Test: 74.92%
Run: 09, Epoch: 15, Loss: 0.7479
Run: 09, Epoch: 16, Loss: 0.7424
Run: 09, Epoch: 16, Train: 82.60%, Valid: 89.29% Test: 76.29%
Run: 09, Epoch: 17, Loss: 0.7288
Run: 09, Epoch: 18, Loss: 0.7292
Run: 09, Epoch: 18, Train: 83.08%, Valid: 88.85% Test: 74.71%
Run: 09, Epoch: 19, Loss: 0.7298
Run: 09, Epoch: 20, Loss: 0.7290
Run: 09, Epoch: 20, Train: 83.29%, Valid: 88.82% Test: 74.55%
Run 09:
Highest Train: 83.29
Highest Valid: 89.29
  Final Train: 82.60
   Final Test: 76.29
Run: 10, Epoch: 01, Loss: 1.8077
Run: 10, Epoch: 02, Loss: 1.0813
Run: 10, Epoch: 03, Loss: 0.9558
Run: 10, Epoch: 04, Loss: 0.9017
Run: 10, Epoch: 05, Loss: 0.8632
Run: 10, Epoch: 06, Loss: 0.8319
Run: 10, Epoch: 07, Loss: 0.8008
Run: 10, Epoch: 08, Loss: 0.7952
Run: 10, Epoch: 09, Loss: 0.7858
Run: 10, Epoch: 10, Loss: 0.7700
Run: 10, Epoch: 10, Train: 81.28%, Valid: 85.97% Test: 72.78%
Run: 10, Epoch: 11, Loss: 0.7601
Run: 10, Epoch: 12, Loss: 0.7495
Run: 10, Epoch: 12, Train: 82.08%, Valid: 87.64% Test: 75.59%
Run: 10, Epoch: 13, Loss: 0.7474
Run: 10, Epoch: 14, Loss: 0.7467
Run: 10, Epoch: 14, Train: 82.50%, Valid: 86.44% Test: 73.31%
Run: 10, Epoch: 15, Loss: 0.7504
Run: 10, Epoch: 16, Loss: 0.7265
Run: 10, Epoch: 16, Train: 83.11%, Valid: 87.68% Test: 73.97%
Run: 10, Epoch: 17, Loss: 0.7306
Run: 10, Epoch: 18, Loss: 0.7253
Run: 10, Epoch: 18, Train: 83.08%, Valid: 88.44% Test: 73.97%
Run: 10, Epoch: 19, Loss: 0.7189
Run: 10, Epoch: 20, Loss: 0.7259
Run: 10, Epoch: 20, Train: 83.28%, Valid: 89.09% Test: 75.29%
Run 10:
Highest Train: 83.28
Highest Valid: 89.09
  Final Train: 83.28
   Final Test: 75.29
All runs:
Highest Train: 83.10 ± 0.23
Highest Valid: 89.40 ± 0.38
  Final Train: 82.48 ± 0.58
   Final Test: 75.71 ± 0.60
