Namespace(device=0, log_steps=1, inductive=False, num_layers=3, hidden_channels=256, dropout=0.5, batch_size=20000, walk_length=3, lr=0.01, num_steps=30, epochs=20, eval_steps=2, runs=10, rsv=0.2, al='el2n', alpha=0.8)
tensor([ 96836,   3882,  25400,  ..., 107164, 122633, 175297]) 39323
tensor([222340, 232877, 217134,  ..., 204679, 201935, 232609]) 7864
Run: 01, Epoch: 01, Loss: 1.4624
Run: 01, Epoch: 02, Loss: 0.6272
Run: 01, Epoch: 03, Loss: 0.5371
Run: 01, Epoch: 04, Loss: 0.4881
Run: 01, Epoch: 05, Loss: 0.4734
Run: 01, Epoch: 06, Loss: 0.4491
Run: 01, Epoch: 07, Loss: 0.4302
Run: 01, Epoch: 08, Loss: 0.4230
Run: 01, Epoch: 09, Loss: 0.4133
Run: 01, Epoch: 10, Loss: 0.4117
Run: 01, Epoch: 10, Train: 90.27%, Valid: 89.85% Test: 77.33%
Run: 01, Epoch: 11, Loss: 0.4035
Run: 01, Epoch: 12, Loss: 0.3955
Run: 01, Epoch: 12, Train: 90.53%, Valid: 90.02% Test: 77.36%
Run: 01, Epoch: 13, Loss: 0.3951
Run: 01, Epoch: 14, Loss: 0.3875
Run: 01, Epoch: 14, Train: 90.98%, Valid: 90.20% Test: 77.38%
Run: 01, Epoch: 15, Loss: 0.3842
Run: 01, Epoch: 16, Loss: 0.3797
Run: 01, Epoch: 16, Train: 91.08%, Valid: 89.90% Test: 77.99%
Run: 01, Epoch: 17, Loss: 0.3708
Run: 01, Epoch: 18, Loss: 0.3800
Run: 01, Epoch: 18, Train: 91.27%, Valid: 90.21% Test: 76.44%
Run: 01, Epoch: 19, Loss: 0.3820
Run: 01, Epoch: 20, Loss: 0.3736
Run: 01, Epoch: 20, Train: 91.28%, Valid: 90.04% Test: 77.47%
Run 01:
Highest Train: 91.28
Highest Valid: 90.21
  Final Train: 91.27
   Final Test: 76.44
Run: 02, Epoch: 01, Loss: 1.5880
Run: 02, Epoch: 02, Loss: 0.6466
Run: 02, Epoch: 03, Loss: 0.5466
Run: 02, Epoch: 04, Loss: 0.5021
Run: 02, Epoch: 05, Loss: 0.4747
Run: 02, Epoch: 06, Loss: 0.4549
Run: 02, Epoch: 07, Loss: 0.4465
Run: 02, Epoch: 08, Loss: 0.4313
Run: 02, Epoch: 09, Loss: 0.4300
Run: 02, Epoch: 10, Loss: 0.4193
Run: 02, Epoch: 10, Train: 90.29%, Valid: 89.92% Test: 77.76%
Run: 02, Epoch: 11, Loss: 0.4087
Run: 02, Epoch: 12, Loss: 0.4053
Run: 02, Epoch: 12, Train: 90.60%, Valid: 89.97% Test: 77.53%
Run: 02, Epoch: 13, Loss: 0.3950
Run: 02, Epoch: 14, Loss: 0.3958
Run: 02, Epoch: 14, Train: 90.74%, Valid: 89.98% Test: 77.83%
Run: 02, Epoch: 15, Loss: 0.3927
Run: 02, Epoch: 16, Loss: 0.3952
Run: 02, Epoch: 16, Train: 90.72%, Valid: 89.90% Test: 77.69%
Run: 02, Epoch: 17, Loss: 0.3907
Run: 02, Epoch: 18, Loss: 0.3877
Run: 02, Epoch: 18, Train: 90.95%, Valid: 89.85% Test: 77.59%
Run: 02, Epoch: 19, Loss: 0.3758
Run: 02, Epoch: 20, Loss: 0.3839
Run: 02, Epoch: 20, Train: 91.42%, Valid: 90.22% Test: 77.53%
Run 02:
Highest Train: 91.42
Highest Valid: 90.22
  Final Train: 91.42
   Final Test: 77.53
Run: 03, Epoch: 01, Loss: 1.5238
Run: 03, Epoch: 02, Loss: 0.6308
Run: 03, Epoch: 03, Loss: 0.5492
Run: 03, Epoch: 04, Loss: 0.5067
Run: 03, Epoch: 05, Loss: 0.4714
Run: 03, Epoch: 06, Loss: 0.4602
Run: 03, Epoch: 07, Loss: 0.4465
Run: 03, Epoch: 08, Loss: 0.4339
Run: 03, Epoch: 09, Loss: 0.4242
Run: 03, Epoch: 10, Loss: 0.4163
Run: 03, Epoch: 10, Train: 90.22%, Valid: 89.66% Test: 77.61%
Run: 03, Epoch: 11, Loss: 0.4104
Run: 03, Epoch: 12, Loss: 0.4098
Run: 03, Epoch: 12, Train: 90.70%, Valid: 90.13% Test: 77.57%
Run: 03, Epoch: 13, Loss: 0.4014
Run: 03, Epoch: 14, Loss: 0.4002
Run: 03, Epoch: 14, Train: 90.81%, Valid: 89.97% Test: 77.81%
Run: 03, Epoch: 15, Loss: 0.3959
Run: 03, Epoch: 16, Loss: 0.3999
Run: 03, Epoch: 16, Train: 90.71%, Valid: 90.20% Test: 77.30%
Run: 03, Epoch: 17, Loss: 0.3955
Run: 03, Epoch: 18, Loss: 0.3909
Run: 03, Epoch: 18, Train: 91.09%, Valid: 90.25% Test: 77.94%
Run: 03, Epoch: 19, Loss: 0.3906
Run: 03, Epoch: 20, Loss: 0.3904
Run: 03, Epoch: 20, Train: 91.12%, Valid: 90.18% Test: 77.85%
Run 03:
Highest Train: 91.12
Highest Valid: 90.25
  Final Train: 91.09
   Final Test: 77.94
Run: 04, Epoch: 01, Loss: 1.4076
Run: 04, Epoch: 02, Loss: 0.6225
Run: 04, Epoch: 03, Loss: 0.5326
Run: 04, Epoch: 04, Loss: 0.4970
Run: 04, Epoch: 05, Loss: 0.4644
Run: 04, Epoch: 06, Loss: 0.4513
Run: 04, Epoch: 07, Loss: 0.4406
Run: 04, Epoch: 08, Loss: 0.4322
Run: 04, Epoch: 09, Loss: 0.4263
Run: 04, Epoch: 10, Loss: 0.4180
Run: 04, Epoch: 10, Train: 90.26%, Valid: 90.03% Test: 77.84%
Run: 04, Epoch: 11, Loss: 0.4013
Run: 04, Epoch: 12, Loss: 0.3978
Run: 04, Epoch: 12, Train: 90.44%, Valid: 89.92% Test: 77.37%
Run: 04, Epoch: 13, Loss: 0.3915
Run: 04, Epoch: 14, Loss: 0.3901
Run: 04, Epoch: 14, Train: 90.85%, Valid: 90.18% Test: 76.88%
Run: 04, Epoch: 15, Loss: 0.3872
Run: 04, Epoch: 16, Loss: 0.3926
Run: 04, Epoch: 16, Train: 90.94%, Valid: 90.17% Test: 76.90%
Run: 04, Epoch: 17, Loss: 0.3898
Run: 04, Epoch: 18, Loss: 0.3910
Run: 04, Epoch: 18, Train: 91.21%, Valid: 90.23% Test: 76.80%
Run: 04, Epoch: 19, Loss: 0.3727
Run: 04, Epoch: 20, Loss: 0.3774
Run: 04, Epoch: 20, Train: 91.34%, Valid: 89.99% Test: 77.70%
Run 04:
Highest Train: 91.34
Highest Valid: 90.23
  Final Train: 91.21
   Final Test: 76.80
Run: 05, Epoch: 01, Loss: 1.3531
Run: 05, Epoch: 02, Loss: 0.6134
Run: 05, Epoch: 03, Loss: 0.5261
Run: 05, Epoch: 04, Loss: 0.4923
Run: 05, Epoch: 05, Loss: 0.4671
Run: 05, Epoch: 06, Loss: 0.4436
Run: 05, Epoch: 07, Loss: 0.4365
Run: 05, Epoch: 08, Loss: 0.4199
Run: 05, Epoch: 09, Loss: 0.4155
Run: 05, Epoch: 10, Loss: 0.4193
Run: 05, Epoch: 10, Train: 89.97%, Valid: 90.03% Test: 77.39%
Run: 05, Epoch: 11, Loss: 0.4004
Run: 05, Epoch: 12, Loss: 0.3941
Run: 05, Epoch: 12, Train: 90.78%, Valid: 90.27% Test: 76.78%
Run: 05, Epoch: 13, Loss: 0.3901
Run: 05, Epoch: 14, Loss: 0.3799
Run: 05, Epoch: 14, Train: 90.92%, Valid: 90.18% Test: 77.84%
Run: 05, Epoch: 15, Loss: 0.3831
Run: 05, Epoch: 16, Loss: 0.3810
Run: 05, Epoch: 16, Train: 91.12%, Valid: 90.46% Test: 77.58%
Run: 05, Epoch: 17, Loss: 0.3703
Run: 05, Epoch: 18, Loss: 0.3708
Run: 05, Epoch: 18, Train: 91.40%, Valid: 90.26% Test: 76.30%
Run: 05, Epoch: 19, Loss: 0.3715
Run: 05, Epoch: 20, Loss: 0.3837
Run: 05, Epoch: 20, Train: 91.61%, Valid: 90.42% Test: 76.61%
Run 05:
Highest Train: 91.61
Highest Valid: 90.46
  Final Train: 91.12
   Final Test: 77.58
Run: 06, Epoch: 01, Loss: 1.3703
Run: 06, Epoch: 02, Loss: 0.6136
Run: 06, Epoch: 03, Loss: 0.5340
Run: 06, Epoch: 04, Loss: 0.4853
Run: 06, Epoch: 05, Loss: 0.4673
Run: 06, Epoch: 06, Loss: 0.4501
Run: 06, Epoch: 07, Loss: 0.4379
Run: 06, Epoch: 08, Loss: 0.4187
Run: 06, Epoch: 09, Loss: 0.4149
Run: 06, Epoch: 10, Loss: 0.4149
Run: 06, Epoch: 10, Train: 90.20%, Valid: 89.88% Test: 77.70%
Run: 06, Epoch: 11, Loss: 0.4071
Run: 06, Epoch: 12, Loss: 0.4006
Run: 06, Epoch: 12, Train: 90.73%, Valid: 90.11% Test: 76.70%
Run: 06, Epoch: 13, Loss: 0.3949
Run: 06, Epoch: 14, Loss: 0.3879
Run: 06, Epoch: 14, Train: 90.71%, Valid: 90.07% Test: 77.49%
Run: 06, Epoch: 15, Loss: 0.3814
Run: 06, Epoch: 16, Loss: 0.3846
Run: 06, Epoch: 16, Train: 91.04%, Valid: 90.21% Test: 77.62%
Run: 06, Epoch: 17, Loss: 0.3888
Run: 06, Epoch: 18, Loss: 0.3822
Run: 06, Epoch: 18, Train: 91.34%, Valid: 90.21% Test: 77.66%
Run: 06, Epoch: 19, Loss: 0.3822
Run: 06, Epoch: 20, Loss: 0.3856
Run: 06, Epoch: 20, Train: 91.34%, Valid: 90.17% Test: 78.36%
Run 06:
Highest Train: 91.34
Highest Valid: 90.21
  Final Train: 91.04
   Final Test: 77.62
Run: 07, Epoch: 01, Loss: 1.4927
Run: 07, Epoch: 02, Loss: 0.6312
Run: 07, Epoch: 03, Loss: 0.5479
Run: 07, Epoch: 04, Loss: 0.5007
Run: 07, Epoch: 05, Loss: 0.4714
Run: 07, Epoch: 06, Loss: 0.4525
Run: 07, Epoch: 07, Loss: 0.4398
Run: 07, Epoch: 08, Loss: 0.4336
Run: 07, Epoch: 09, Loss: 0.4195
Run: 07, Epoch: 10, Loss: 0.4155
Run: 07, Epoch: 10, Train: 90.30%, Valid: 89.90% Test: 77.77%
Run: 07, Epoch: 11, Loss: 0.4016
Run: 07, Epoch: 12, Loss: 0.3963
Run: 07, Epoch: 12, Train: 90.61%, Valid: 89.99% Test: 77.54%
Run: 07, Epoch: 13, Loss: 0.3920
Run: 07, Epoch: 14, Loss: 0.3905
Run: 07, Epoch: 14, Train: 91.02%, Valid: 90.09% Test: 77.60%
Run: 07, Epoch: 15, Loss: 0.3870
Run: 07, Epoch: 16, Loss: 0.3868
Run: 07, Epoch: 16, Train: 91.23%, Valid: 89.99% Test: 77.28%
Run: 07, Epoch: 17, Loss: 0.3863
Run: 07, Epoch: 18, Loss: 0.3856
Run: 07, Epoch: 18, Train: 91.18%, Valid: 90.27% Test: 77.24%
Run: 07, Epoch: 19, Loss: 0.3774
Run: 07, Epoch: 20, Loss: 0.3900
Run: 07, Epoch: 20, Train: 91.10%, Valid: 90.07% Test: 77.39%
Run 07:
Highest Train: 91.23
Highest Valid: 90.27
  Final Train: 91.18
   Final Test: 77.24
Run: 08, Epoch: 01, Loss: 1.3192
Run: 08, Epoch: 02, Loss: 0.6042
Run: 08, Epoch: 03, Loss: 0.5315
Run: 08, Epoch: 04, Loss: 0.4879
Run: 08, Epoch: 05, Loss: 0.4573
Run: 08, Epoch: 06, Loss: 0.4496
Run: 08, Epoch: 07, Loss: 0.4320
Run: 08, Epoch: 08, Loss: 0.4274
Run: 08, Epoch: 09, Loss: 0.4136
Run: 08, Epoch: 10, Loss: 0.4056
Run: 08, Epoch: 10, Train: 90.22%, Valid: 89.81% Test: 77.29%
Run: 08, Epoch: 11, Loss: 0.4065
Run: 08, Epoch: 12, Loss: 0.3975
Run: 08, Epoch: 12, Train: 90.66%, Valid: 89.76% Test: 77.37%
Run: 08, Epoch: 13, Loss: 0.3971
Run: 08, Epoch: 14, Loss: 0.3972
Run: 08, Epoch: 14, Train: 90.62%, Valid: 89.94% Test: 77.47%
Run: 08, Epoch: 15, Loss: 0.3890
Run: 08, Epoch: 16, Loss: 0.3816
Run: 08, Epoch: 16, Train: 91.11%, Valid: 90.28% Test: 77.53%
Run: 08, Epoch: 17, Loss: 0.3808
Run: 08, Epoch: 18, Loss: 0.3795
Run: 08, Epoch: 18, Train: 91.24%, Valid: 90.22% Test: 77.11%
Run: 08, Epoch: 19, Loss: 0.3736
Run: 08, Epoch: 20, Loss: 0.3721
Run: 08, Epoch: 20, Train: 91.13%, Valid: 90.32% Test: 77.27%
Run 08:
Highest Train: 91.24
Highest Valid: 90.32
  Final Train: 91.13
   Final Test: 77.27
Run: 09, Epoch: 01, Loss: 1.3930
Run: 09, Epoch: 02, Loss: 0.6009
Run: 09, Epoch: 03, Loss: 0.5283
Run: 09, Epoch: 04, Loss: 0.4874
Run: 09, Epoch: 05, Loss: 0.4627
Run: 09, Epoch: 06, Loss: 0.4418
Run: 09, Epoch: 07, Loss: 0.4350
Run: 09, Epoch: 08, Loss: 0.4256
Run: 09, Epoch: 09, Loss: 0.4151
Run: 09, Epoch: 10, Loss: 0.4039
Run: 09, Epoch: 10, Train: 90.47%, Valid: 90.13% Test: 76.71%
Run: 09, Epoch: 11, Loss: 0.3965
Run: 09, Epoch: 12, Loss: 0.3890
Run: 09, Epoch: 12, Train: 90.63%, Valid: 90.03% Test: 77.24%
Run: 09, Epoch: 13, Loss: 0.3962
Run: 09, Epoch: 14, Loss: 0.3975
Run: 09, Epoch: 14, Train: 90.90%, Valid: 89.95% Test: 76.80%
Run: 09, Epoch: 15, Loss: 0.3908
Run: 09, Epoch: 16, Loss: 0.3858
Run: 09, Epoch: 16, Train: 91.17%, Valid: 90.17% Test: 77.07%
Run: 09, Epoch: 17, Loss: 0.3824
Run: 09, Epoch: 18, Loss: 0.3842
Run: 09, Epoch: 18, Train: 91.32%, Valid: 90.37% Test: 76.79%
Run: 09, Epoch: 19, Loss: 0.3801
Run: 09, Epoch: 20, Loss: 0.3722
Run: 09, Epoch: 20, Train: 91.49%, Valid: 90.42% Test: 76.66%
Run 09:
Highest Train: 91.49
Highest Valid: 90.42
  Final Train: 91.49
   Final Test: 76.66
Run: 10, Epoch: 01, Loss: 1.4366
Run: 10, Epoch: 02, Loss: 0.6272
Run: 10, Epoch: 03, Loss: 0.5366
Run: 10, Epoch: 04, Loss: 0.4950
Run: 10, Epoch: 05, Loss: 0.4710
Run: 10, Epoch: 06, Loss: 0.4540
Run: 10, Epoch: 07, Loss: 0.4334
Run: 10, Epoch: 08, Loss: 0.4293
Run: 10, Epoch: 09, Loss: 0.4255
Run: 10, Epoch: 10, Loss: 0.4120
Run: 10, Epoch: 10, Train: 90.14%, Valid: 89.71% Test: 77.78%
Run: 10, Epoch: 11, Loss: 0.4119
Run: 10, Epoch: 12, Loss: 0.4009
Run: 10, Epoch: 12, Train: 90.52%, Valid: 90.07% Test: 77.18%
Run: 10, Epoch: 13, Loss: 0.3983
Run: 10, Epoch: 14, Loss: 0.3950
Run: 10, Epoch: 14, Train: 90.52%, Valid: 89.93% Test: 78.00%
Run: 10, Epoch: 15, Loss: 0.3962
Run: 10, Epoch: 16, Loss: 0.3829
Run: 10, Epoch: 16, Train: 90.95%, Valid: 90.20% Test: 78.35%
Run: 10, Epoch: 17, Loss: 0.3864
Run: 10, Epoch: 18, Loss: 0.3862
Run: 10, Epoch: 18, Train: 91.08%, Valid: 90.16% Test: 77.58%
Run: 10, Epoch: 19, Loss: 0.3786
Run: 10, Epoch: 20, Loss: 0.3779
Run: 10, Epoch: 20, Train: 91.44%, Valid: 90.20% Test: 77.64%
Run 10:
Highest Train: 91.44
Highest Valid: 90.20
  Final Train: 90.95
   Final Test: 78.35
All runs:
Highest Train: 91.35 ± 0.14
Highest Valid: 90.28 ± 0.09
  Final Train: 91.19 ± 0.17
   Final Test: 77.34 ± 0.59
