Namespace(device=0, log_steps=1, inductive=False, num_layers=3, hidden_channels=256, dropout=0.5, batch_size=20000, walk_length=3, lr=0.01, num_steps=30, epochs=20, eval_steps=2, runs=10, rsv=0.2, al='el2n', alpha=0.5)
tensor([ 99311, 131369,  96836,  ...,  70368, 157264, 137359]) 39323
tensor([222340, 232877, 217134,  ..., 204679, 201935, 232609]) 7864
Run: 01, Epoch: 01, Loss: 1.6475
Run: 01, Epoch: 02, Loss: 0.9068
Run: 01, Epoch: 03, Loss: 0.7979
Run: 01, Epoch: 04, Loss: 0.7427
Run: 01, Epoch: 05, Loss: 0.7170
Run: 01, Epoch: 06, Loss: 0.6819
Run: 01, Epoch: 07, Loss: 0.6659
Run: 01, Epoch: 08, Loss: 0.6561
Run: 01, Epoch: 09, Loss: 0.6445
Run: 01, Epoch: 10, Loss: 0.6374
Run: 01, Epoch: 10, Train: 85.35%, Valid: 90.02% Test: 77.34%
Run: 01, Epoch: 11, Loss: 0.6247
Run: 01, Epoch: 12, Loss: 0.6109
Run: 01, Epoch: 12, Train: 85.53%, Valid: 90.13% Test: 76.21%
Run: 01, Epoch: 13, Loss: 0.6076
Run: 01, Epoch: 14, Loss: 0.6046
Run: 01, Epoch: 14, Train: 85.75%, Valid: 89.36% Test: 76.93%
Run: 01, Epoch: 15, Loss: 0.6042
Run: 01, Epoch: 16, Loss: 0.6021
Run: 01, Epoch: 16, Train: 86.09%, Valid: 90.26% Test: 76.89%
Run: 01, Epoch: 17, Loss: 0.5893
Run: 01, Epoch: 18, Loss: 0.5960
Run: 01, Epoch: 18, Train: 86.27%, Valid: 89.95% Test: 76.49%
Run: 01, Epoch: 19, Loss: 0.5890
Run: 01, Epoch: 20, Loss: 0.5837
Run: 01, Epoch: 20, Train: 86.43%, Valid: 90.37% Test: 77.20%
Run 01:
Highest Train: 86.43
Highest Valid: 90.37
  Final Train: 86.43
   Final Test: 77.20
Run: 02, Epoch: 01, Loss: 1.6160
Run: 02, Epoch: 02, Loss: 0.9044
Run: 02, Epoch: 03, Loss: 0.7932
Run: 02, Epoch: 04, Loss: 0.7421
Run: 02, Epoch: 05, Loss: 0.7098
Run: 02, Epoch: 06, Loss: 0.6798
Run: 02, Epoch: 07, Loss: 0.6658
Run: 02, Epoch: 08, Loss: 0.6575
Run: 02, Epoch: 09, Loss: 0.6508
Run: 02, Epoch: 10, Loss: 0.6396
Run: 02, Epoch: 10, Train: 84.79%, Valid: 89.08% Test: 77.14%
Run: 02, Epoch: 11, Loss: 0.6311
Run: 02, Epoch: 12, Loss: 0.6210
Run: 02, Epoch: 12, Train: 85.41%, Valid: 90.46% Test: 76.70%
Run: 02, Epoch: 13, Loss: 0.6091
Run: 02, Epoch: 14, Loss: 0.6130
Run: 02, Epoch: 14, Train: 85.57%, Valid: 90.31% Test: 77.14%
Run: 02, Epoch: 15, Loss: 0.6033
Run: 02, Epoch: 16, Loss: 0.5995
Run: 02, Epoch: 16, Train: 85.82%, Valid: 90.09% Test: 77.33%
Run: 02, Epoch: 17, Loss: 0.6005
Run: 02, Epoch: 18, Loss: 0.5990
Run: 02, Epoch: 18, Train: 85.99%, Valid: 88.43% Test: 74.52%
Run: 02, Epoch: 19, Loss: 0.5882
Run: 02, Epoch: 20, Loss: 0.5917
Run: 02, Epoch: 20, Train: 86.13%, Valid: 90.11% Test: 77.47%
Run 02:
Highest Train: 86.13
Highest Valid: 90.46
  Final Train: 85.41
   Final Test: 76.70
Run: 03, Epoch: 01, Loss: 1.6304
Run: 03, Epoch: 02, Loss: 0.9004
Run: 03, Epoch: 03, Loss: 0.8030
Run: 03, Epoch: 04, Loss: 0.7477
Run: 03, Epoch: 05, Loss: 0.7086
Run: 03, Epoch: 06, Loss: 0.6946
Run: 03, Epoch: 07, Loss: 0.6759
Run: 03, Epoch: 08, Loss: 0.6654
Run: 03, Epoch: 09, Loss: 0.6497
Run: 03, Epoch: 10, Loss: 0.6363
Run: 03, Epoch: 10, Train: 84.76%, Valid: 89.47% Test: 76.04%
Run: 03, Epoch: 11, Loss: 0.6263
Run: 03, Epoch: 12, Loss: 0.6196
Run: 03, Epoch: 12, Train: 85.48%, Valid: 90.12% Test: 76.89%
Run: 03, Epoch: 13, Loss: 0.6129
Run: 03, Epoch: 14, Loss: 0.6122
Run: 03, Epoch: 14, Train: 85.58%, Valid: 90.32% Test: 76.74%
Run: 03, Epoch: 15, Loss: 0.6086
Run: 03, Epoch: 16, Loss: 0.6072
Run: 03, Epoch: 16, Train: 85.97%, Valid: 90.09% Test: 76.16%
Run: 03, Epoch: 17, Loss: 0.6037
Run: 03, Epoch: 18, Loss: 0.5973
Run: 03, Epoch: 18, Train: 86.22%, Valid: 89.41% Test: 76.12%
Run: 03, Epoch: 19, Loss: 0.5921
Run: 03, Epoch: 20, Loss: 0.5865
Run: 03, Epoch: 20, Train: 86.44%, Valid: 89.99% Test: 76.75%
Run 03:
Highest Train: 86.44
Highest Valid: 90.32
  Final Train: 85.58
   Final Test: 76.74
Run: 04, Epoch: 01, Loss: 1.7328
Run: 04, Epoch: 02, Loss: 0.9283
Run: 04, Epoch: 03, Loss: 0.8092
Run: 04, Epoch: 04, Loss: 0.7475
Run: 04, Epoch: 05, Loss: 0.7152
Run: 04, Epoch: 06, Loss: 0.6938
Run: 04, Epoch: 07, Loss: 0.6810
Run: 04, Epoch: 08, Loss: 0.6643
Run: 04, Epoch: 09, Loss: 0.6536
Run: 04, Epoch: 10, Loss: 0.6506
Run: 04, Epoch: 10, Train: 84.87%, Valid: 89.60% Test: 75.86%
Run: 04, Epoch: 11, Loss: 0.6306
Run: 04, Epoch: 12, Loss: 0.6218
Run: 04, Epoch: 12, Train: 85.13%, Valid: 89.01% Test: 75.18%
Run: 04, Epoch: 13, Loss: 0.6199
Run: 04, Epoch: 14, Loss: 0.6075
Run: 04, Epoch: 14, Train: 85.81%, Valid: 89.15% Test: 74.38%
Run: 04, Epoch: 15, Loss: 0.6175
Run: 04, Epoch: 16, Loss: 0.6169
Run: 04, Epoch: 16, Train: 85.90%, Valid: 89.53% Test: 75.81%
Run: 04, Epoch: 17, Loss: 0.6082
Run: 04, Epoch: 18, Loss: 0.6035
Run: 04, Epoch: 18, Train: 86.09%, Valid: 90.12% Test: 76.05%
Run: 04, Epoch: 19, Loss: 0.5994
Run: 04, Epoch: 20, Loss: 0.5883
Run: 04, Epoch: 20, Train: 86.32%, Valid: 90.22% Test: 76.69%
Run 04:
Highest Train: 86.32
Highest Valid: 90.22
  Final Train: 86.32
   Final Test: 76.69
Run: 05, Epoch: 01, Loss: 1.6091
Run: 05, Epoch: 02, Loss: 0.8999
Run: 05, Epoch: 03, Loss: 0.7877
Run: 05, Epoch: 04, Loss: 0.7373
Run: 05, Epoch: 05, Loss: 0.7127
Run: 05, Epoch: 06, Loss: 0.6777
Run: 05, Epoch: 07, Loss: 0.6789
Run: 05, Epoch: 08, Loss: 0.6563
Run: 05, Epoch: 09, Loss: 0.6465
Run: 05, Epoch: 10, Loss: 0.6365
Run: 05, Epoch: 10, Train: 85.03%, Valid: 89.48% Test: 76.57%
Run: 05, Epoch: 11, Loss: 0.6262
Run: 05, Epoch: 12, Loss: 0.6194
Run: 05, Epoch: 12, Train: 85.58%, Valid: 90.03% Test: 76.51%
Run: 05, Epoch: 13, Loss: 0.6149
Run: 05, Epoch: 14, Loss: 0.6120
Run: 05, Epoch: 14, Train: 85.42%, Valid: 89.97% Test: 77.42%
Run: 05, Epoch: 15, Loss: 0.6148
Run: 05, Epoch: 16, Loss: 0.6074
Run: 05, Epoch: 16, Train: 85.74%, Valid: 90.11% Test: 76.49%
Run: 05, Epoch: 17, Loss: 0.5996
Run: 05, Epoch: 18, Loss: 0.5914
Run: 05, Epoch: 18, Train: 86.36%, Valid: 89.42% Test: 75.38%
Run: 05, Epoch: 19, Loss: 0.5895
Run: 05, Epoch: 20, Loss: 0.6002
Run: 05, Epoch: 20, Train: 86.60%, Valid: 89.83% Test: 76.57%
Run 05:
Highest Train: 86.60
Highest Valid: 90.11
  Final Train: 85.74
   Final Test: 76.49
Run: 06, Epoch: 01, Loss: 1.6397
Run: 06, Epoch: 02, Loss: 0.9023
Run: 06, Epoch: 03, Loss: 0.7966
Run: 06, Epoch: 04, Loss: 0.7390
Run: 06, Epoch: 05, Loss: 0.7102
Run: 06, Epoch: 06, Loss: 0.7027
Run: 06, Epoch: 07, Loss: 0.6758
Run: 06, Epoch: 08, Loss: 0.6538
Run: 06, Epoch: 09, Loss: 0.6509
Run: 06, Epoch: 10, Loss: 0.6398
Run: 06, Epoch: 10, Train: 85.10%, Valid: 90.22% Test: 76.64%
Run: 06, Epoch: 11, Loss: 0.6251
Run: 06, Epoch: 12, Loss: 0.6245
Run: 06, Epoch: 12, Train: 85.31%, Valid: 90.28% Test: 76.39%
Run: 06, Epoch: 13, Loss: 0.6183
Run: 06, Epoch: 14, Loss: 0.6063
Run: 06, Epoch: 14, Train: 85.70%, Valid: 89.23% Test: 75.30%
Run: 06, Epoch: 15, Loss: 0.6039
Run: 06, Epoch: 16, Loss: 0.6082
Run: 06, Epoch: 16, Train: 86.00%, Valid: 89.04% Test: 75.25%
Run: 06, Epoch: 17, Loss: 0.6097
Run: 06, Epoch: 18, Loss: 0.6048
Run: 06, Epoch: 18, Train: 86.26%, Valid: 89.29% Test: 74.97%
Run: 06, Epoch: 19, Loss: 0.6014
Run: 06, Epoch: 20, Loss: 0.6017
Run: 06, Epoch: 20, Train: 86.38%, Valid: 90.41% Test: 76.65%
Run 06:
Highest Train: 86.38
Highest Valid: 90.41
  Final Train: 86.38
   Final Test: 76.65
Run: 07, Epoch: 01, Loss: 1.6238
Run: 07, Epoch: 02, Loss: 0.8867
Run: 07, Epoch: 03, Loss: 0.7959
Run: 07, Epoch: 04, Loss: 0.7404
Run: 07, Epoch: 05, Loss: 0.7030
Run: 07, Epoch: 06, Loss: 0.6900
Run: 07, Epoch: 07, Loss: 0.6728
Run: 07, Epoch: 08, Loss: 0.6563
Run: 07, Epoch: 09, Loss: 0.6505
Run: 07, Epoch: 10, Loss: 0.6410
Run: 07, Epoch: 10, Train: 85.06%, Valid: 89.36% Test: 76.10%
Run: 07, Epoch: 11, Loss: 0.6263
Run: 07, Epoch: 12, Loss: 0.6177
Run: 07, Epoch: 12, Train: 85.51%, Valid: 88.87% Test: 75.01%
Run: 07, Epoch: 13, Loss: 0.6141
Run: 07, Epoch: 14, Loss: 0.6044
Run: 07, Epoch: 14, Train: 85.75%, Valid: 89.93% Test: 77.09%
Run: 07, Epoch: 15, Loss: 0.6018
Run: 07, Epoch: 16, Loss: 0.6109
Run: 07, Epoch: 16, Train: 86.44%, Valid: 90.03% Test: 76.68%
Run: 07, Epoch: 17, Loss: 0.6035
Run: 07, Epoch: 18, Loss: 0.5977
Run: 07, Epoch: 18, Train: 86.15%, Valid: 89.85% Test: 75.97%
Run: 07, Epoch: 19, Loss: 0.5942
Run: 07, Epoch: 20, Loss: 0.5964
Run: 07, Epoch: 20, Train: 86.37%, Valid: 88.86% Test: 74.95%
Run 07:
Highest Train: 86.44
Highest Valid: 90.03
  Final Train: 86.44
   Final Test: 76.68
Run: 08, Epoch: 01, Loss: 1.6204
Run: 08, Epoch: 02, Loss: 0.8943
Run: 08, Epoch: 03, Loss: 0.7872
Run: 08, Epoch: 04, Loss: 0.7293
Run: 08, Epoch: 05, Loss: 0.6969
Run: 08, Epoch: 06, Loss: 0.6774
Run: 08, Epoch: 07, Loss: 0.6578
Run: 08, Epoch: 08, Loss: 0.6532
Run: 08, Epoch: 09, Loss: 0.6507
Run: 08, Epoch: 10, Loss: 0.6362
Run: 08, Epoch: 10, Train: 85.16%, Valid: 90.31% Test: 76.94%
Run: 08, Epoch: 11, Loss: 0.6316
Run: 08, Epoch: 12, Loss: 0.6160
Run: 08, Epoch: 12, Train: 85.52%, Valid: 89.25% Test: 76.14%
Run: 08, Epoch: 13, Loss: 0.6078
Run: 08, Epoch: 14, Loss: 0.6133
Run: 08, Epoch: 14, Train: 85.92%, Valid: 89.88% Test: 76.92%
Run: 08, Epoch: 15, Loss: 0.5974
Run: 08, Epoch: 16, Loss: 0.6000
Run: 08, Epoch: 16, Train: 86.23%, Valid: 90.40% Test: 77.05%
Run: 08, Epoch: 17, Loss: 0.5987
Run: 08, Epoch: 18, Loss: 0.5981
Run: 08, Epoch: 18, Train: 86.49%, Valid: 90.45% Test: 77.05%
Run: 08, Epoch: 19, Loss: 0.5877
Run: 08, Epoch: 20, Loss: 0.5841
Run: 08, Epoch: 20, Train: 86.88%, Valid: 90.25% Test: 77.21%
Run 08:
Highest Train: 86.88
Highest Valid: 90.45
  Final Train: 86.49
   Final Test: 77.05
Run: 09, Epoch: 01, Loss: 1.6719
Run: 09, Epoch: 02, Loss: 0.9026
Run: 09, Epoch: 03, Loss: 0.7935
Run: 09, Epoch: 04, Loss: 0.7322
Run: 09, Epoch: 05, Loss: 0.7104
Run: 09, Epoch: 06, Loss: 0.6823
Run: 09, Epoch: 07, Loss: 0.6654
Run: 09, Epoch: 08, Loss: 0.6594
Run: 09, Epoch: 09, Loss: 0.6440
Run: 09, Epoch: 10, Loss: 0.6342
Run: 09, Epoch: 10, Train: 84.71%, Valid: 89.50% Test: 75.83%
Run: 09, Epoch: 11, Loss: 0.6310
Run: 09, Epoch: 12, Loss: 0.6091
Run: 09, Epoch: 12, Train: 85.47%, Valid: 89.48% Test: 77.07%
Run: 09, Epoch: 13, Loss: 0.6186
Run: 09, Epoch: 14, Loss: 0.6305
Run: 09, Epoch: 14, Train: 85.37%, Valid: 90.21% Test: 76.66%
Run: 09, Epoch: 15, Loss: 0.6147
Run: 09, Epoch: 16, Loss: 0.6023
Run: 09, Epoch: 16, Train: 85.76%, Valid: 89.65% Test: 77.05%
Run: 09, Epoch: 17, Loss: 0.5932
Run: 09, Epoch: 18, Loss: 0.5972
Run: 09, Epoch: 18, Train: 86.34%, Valid: 89.87% Test: 76.63%
Run: 09, Epoch: 19, Loss: 0.5899
Run: 09, Epoch: 20, Loss: 0.5875
Run: 09, Epoch: 20, Train: 86.89%, Valid: 89.74% Test: 76.83%
Run 09:
Highest Train: 86.89
Highest Valid: 90.21
  Final Train: 85.37
   Final Test: 76.66
Run: 10, Epoch: 01, Loss: 1.5947
Run: 10, Epoch: 02, Loss: 0.9005
Run: 10, Epoch: 03, Loss: 0.7820
Run: 10, Epoch: 04, Loss: 0.7316
Run: 10, Epoch: 05, Loss: 0.7092
Run: 10, Epoch: 06, Loss: 0.6790
Run: 10, Epoch: 07, Loss: 0.6514
Run: 10, Epoch: 08, Loss: 0.6540
Run: 10, Epoch: 09, Loss: 0.6498
Run: 10, Epoch: 10, Loss: 0.6287
Run: 10, Epoch: 10, Train: 85.19%, Valid: 89.34% Test: 76.46%
Run: 10, Epoch: 11, Loss: 0.6191
Run: 10, Epoch: 12, Loss: 0.6073
Run: 10, Epoch: 12, Train: 85.74%, Valid: 88.78% Test: 75.50%
Run: 10, Epoch: 13, Loss: 0.6083
Run: 10, Epoch: 14, Loss: 0.6094
Run: 10, Epoch: 14, Train: 85.86%, Valid: 89.84% Test: 77.12%
Run: 10, Epoch: 15, Loss: 0.6078
Run: 10, Epoch: 16, Loss: 0.5960
Run: 10, Epoch: 16, Train: 86.29%, Valid: 89.83% Test: 77.66%
Run: 10, Epoch: 17, Loss: 0.5900
Run: 10, Epoch: 18, Loss: 0.5931
Run: 10, Epoch: 18, Train: 86.59%, Valid: 89.81% Test: 76.94%
Run: 10, Epoch: 19, Loss: 0.5872
Run: 10, Epoch: 20, Loss: 0.6104
Run: 10, Epoch: 20, Train: 86.54%, Valid: 89.46% Test: 76.05%
Run 10:
Highest Train: 86.59
Highest Valid: 89.84
  Final Train: 85.86
   Final Test: 77.12
All runs:
Highest Train: 86.51 ± 0.24
Highest Valid: 90.24 ± 0.20
  Final Train: 86.00 ± 0.46
   Final Test: 76.80 ± 0.24
