Namespace(device=0, log_steps=1, inductive=False, num_layers=3, hidden_channels=256, dropout=0.5, batch_size=20000, walk_length=3, lr=0.01, num_steps=30, epochs=20, eval_steps=2, runs=10, rsv=0.35, al='el2n', alpha=0.4)
tensor([ 99311, 131369,  15223,  ...,   7595, 144749,  99191]) 68816
tensor([222340, 232877, 217134,  ..., 231710, 205908, 206926]) 13763
Run: 01, Epoch: 01, Loss: 1.8704
Run: 01, Epoch: 02, Loss: 1.0813
Run: 01, Epoch: 03, Loss: 0.9446
Run: 01, Epoch: 04, Loss: 0.8806
Run: 01, Epoch: 05, Loss: 0.8484
Run: 01, Epoch: 06, Loss: 0.8213
Run: 01, Epoch: 07, Loss: 0.7975
Run: 01, Epoch: 08, Loss: 0.7852
Run: 01, Epoch: 09, Loss: 0.7738
Run: 01, Epoch: 10, Loss: 0.7656
Run: 01, Epoch: 10, Train: 81.79%, Valid: 88.65% Test: 74.71%
Run: 01, Epoch: 11, Loss: 0.7538
Run: 01, Epoch: 12, Loss: 0.7486
Run: 01, Epoch: 12, Train: 82.01%, Valid: 88.90% Test: 75.24%
Run: 01, Epoch: 13, Loss: 0.7408
Run: 01, Epoch: 14, Loss: 0.7425
Run: 01, Epoch: 14, Train: 82.61%, Valid: 88.91% Test: 75.85%
Run: 01, Epoch: 15, Loss: 0.7350
Run: 01, Epoch: 16, Loss: 0.7329
Run: 01, Epoch: 16, Train: 82.89%, Valid: 89.33% Test: 75.53%
Run: 01, Epoch: 17, Loss: 0.7277
Run: 01, Epoch: 18, Loss: 0.7273
Run: 01, Epoch: 18, Train: 83.33%, Valid: 89.90% Test: 76.17%
Run: 01, Epoch: 19, Loss: 0.7250
Run: 01, Epoch: 20, Loss: 0.7200
Run: 01, Epoch: 20, Train: 83.28%, Valid: 89.91% Test: 75.79%
Run 01:
Highest Train: 83.33
Highest Valid: 89.91
  Final Train: 83.28
   Final Test: 75.79
Run: 02, Epoch: 01, Loss: 1.7785
Run: 02, Epoch: 02, Loss: 1.0521
Run: 02, Epoch: 03, Loss: 0.9409
Run: 02, Epoch: 04, Loss: 0.8810
Run: 02, Epoch: 05, Loss: 0.8419
Run: 02, Epoch: 06, Loss: 0.8130
Run: 02, Epoch: 07, Loss: 0.7965
Run: 02, Epoch: 08, Loss: 0.7801
Run: 02, Epoch: 09, Loss: 0.7784
Run: 02, Epoch: 10, Loss: 0.7655
Run: 02, Epoch: 10, Train: 81.93%, Valid: 89.29% Test: 76.73%
Run: 02, Epoch: 11, Loss: 0.7533
Run: 02, Epoch: 12, Loss: 0.7550
Run: 02, Epoch: 12, Train: 82.47%, Valid: 89.81% Test: 76.61%
Run: 02, Epoch: 13, Loss: 0.7470
Run: 02, Epoch: 14, Loss: 0.7473
Run: 02, Epoch: 14, Train: 82.32%, Valid: 89.01% Test: 75.49%
Run: 02, Epoch: 15, Loss: 0.7405
Run: 02, Epoch: 16, Loss: 0.7340
Run: 02, Epoch: 16, Train: 82.51%, Valid: 88.41% Test: 74.96%
Run: 02, Epoch: 17, Loss: 0.7310
Run: 02, Epoch: 18, Loss: 0.7296
Run: 02, Epoch: 18, Train: 83.29%, Valid: 89.20% Test: 75.78%
Run: 02, Epoch: 19, Loss: 0.7193
Run: 02, Epoch: 20, Loss: 0.7224
Run: 02, Epoch: 20, Train: 82.67%, Valid: 89.30% Test: 76.15%
Run 02:
Highest Train: 83.29
Highest Valid: 89.81
  Final Train: 82.47
   Final Test: 76.61
Run: 03, Epoch: 01, Loss: 1.8045
Run: 03, Epoch: 02, Loss: 1.0599
Run: 03, Epoch: 03, Loss: 0.9410
Run: 03, Epoch: 04, Loss: 0.8888
Run: 03, Epoch: 05, Loss: 0.8483
Run: 03, Epoch: 06, Loss: 0.8256
Run: 03, Epoch: 07, Loss: 0.8009
Run: 03, Epoch: 08, Loss: 0.7907
Run: 03, Epoch: 09, Loss: 0.7753
Run: 03, Epoch: 10, Loss: 0.7647
Run: 03, Epoch: 10, Train: 81.56%, Valid: 87.75% Test: 74.11%
Run: 03, Epoch: 11, Loss: 0.7620
Run: 03, Epoch: 12, Loss: 0.7561
Run: 03, Epoch: 12, Train: 81.86%, Valid: 88.48% Test: 74.65%
Run: 03, Epoch: 13, Loss: 0.7498
Run: 03, Epoch: 14, Loss: 0.7424
Run: 03, Epoch: 14, Train: 82.21%, Valid: 89.06% Test: 75.49%
Run: 03, Epoch: 15, Loss: 0.7424
Run: 03, Epoch: 16, Loss: 0.7382
Run: 03, Epoch: 16, Train: 82.75%, Valid: 90.43% Test: 75.77%
Run: 03, Epoch: 17, Loss: 0.7382
Run: 03, Epoch: 18, Loss: 0.7313
Run: 03, Epoch: 18, Train: 82.87%, Valid: 90.05% Test: 76.49%
Run: 03, Epoch: 19, Loss: 0.7279
Run: 03, Epoch: 20, Loss: 0.7261
Run: 03, Epoch: 20, Train: 82.96%, Valid: 90.52% Test: 76.49%
Run 03:
Highest Train: 82.96
Highest Valid: 90.52
  Final Train: 82.96
   Final Test: 76.49
Run: 04, Epoch: 01, Loss: 1.8719
Run: 04, Epoch: 02, Loss: 1.0700
Run: 04, Epoch: 03, Loss: 0.9393
Run: 04, Epoch: 04, Loss: 0.8863
Run: 04, Epoch: 05, Loss: 0.8461
Run: 04, Epoch: 06, Loss: 0.8263
Run: 04, Epoch: 07, Loss: 0.8074
Run: 04, Epoch: 08, Loss: 0.7886
Run: 04, Epoch: 09, Loss: 0.7776
Run: 04, Epoch: 10, Loss: 0.7699
Run: 04, Epoch: 10, Train: 81.79%, Valid: 88.42% Test: 75.41%
Run: 04, Epoch: 11, Loss: 0.7592
Run: 04, Epoch: 12, Loss: 0.7510
Run: 04, Epoch: 12, Train: 82.27%, Valid: 88.45% Test: 75.10%
Run: 04, Epoch: 13, Loss: 0.7517
Run: 04, Epoch: 14, Loss: 0.7384
Run: 04, Epoch: 14, Train: 82.34%, Valid: 88.03% Test: 74.53%
Run: 04, Epoch: 15, Loss: 0.7468
Run: 04, Epoch: 16, Loss: 0.7452
Run: 04, Epoch: 16, Train: 82.87%, Valid: 87.88% Test: 75.67%
Run: 04, Epoch: 17, Loss: 0.7397
Run: 04, Epoch: 18, Loss: 0.7306
Run: 04, Epoch: 18, Train: 83.01%, Valid: 87.84% Test: 74.27%
Run: 04, Epoch: 19, Loss: 0.7261
Run: 04, Epoch: 20, Loss: 0.7190
Run: 04, Epoch: 20, Train: 83.00%, Valid: 89.06% Test: 76.91%
Run 04:
Highest Train: 83.01
Highest Valid: 89.06
  Final Train: 83.00
   Final Test: 76.91
Run: 05, Epoch: 01, Loss: 1.7834
Run: 05, Epoch: 02, Loss: 1.0534
Run: 05, Epoch: 03, Loss: 0.9348
Run: 05, Epoch: 04, Loss: 0.8761
Run: 05, Epoch: 05, Loss: 0.8378
Run: 05, Epoch: 06, Loss: 0.8108
Run: 05, Epoch: 07, Loss: 0.8018
Run: 05, Epoch: 08, Loss: 0.7854
Run: 05, Epoch: 09, Loss: 0.7796
Run: 05, Epoch: 10, Loss: 0.7629
Run: 05, Epoch: 10, Train: 81.45%, Valid: 88.02% Test: 74.73%
Run: 05, Epoch: 11, Loss: 0.7490
Run: 05, Epoch: 12, Loss: 0.7445
Run: 05, Epoch: 12, Train: 82.41%, Valid: 88.71% Test: 75.25%
Run: 05, Epoch: 13, Loss: 0.7437
Run: 05, Epoch: 14, Loss: 0.7440
Run: 05, Epoch: 14, Train: 82.51%, Valid: 89.13% Test: 75.41%
Run: 05, Epoch: 15, Loss: 0.7333
Run: 05, Epoch: 16, Loss: 0.7325
Run: 05, Epoch: 16, Train: 82.67%, Valid: 89.93% Test: 75.88%
Run: 05, Epoch: 17, Loss: 0.7235
Run: 05, Epoch: 18, Loss: 0.7196
Run: 05, Epoch: 18, Train: 82.71%, Valid: 87.39% Test: 73.96%
Run: 05, Epoch: 19, Loss: 0.7199
Run: 05, Epoch: 20, Loss: 0.7264
Run: 05, Epoch: 20, Train: 83.20%, Valid: 90.59% Test: 76.75%
Run 05:
Highest Train: 83.20
Highest Valid: 90.59
  Final Train: 83.20
   Final Test: 76.75
Run: 06, Epoch: 01, Loss: 1.8444
Run: 06, Epoch: 02, Loss: 1.0718
Run: 06, Epoch: 03, Loss: 0.9466
Run: 06, Epoch: 04, Loss: 0.8856
Run: 06, Epoch: 05, Loss: 0.8528
Run: 06, Epoch: 06, Loss: 0.8268
Run: 06, Epoch: 07, Loss: 0.8025
Run: 06, Epoch: 08, Loss: 0.7919
Run: 06, Epoch: 09, Loss: 0.7809
Run: 06, Epoch: 10, Loss: 0.7685
Run: 06, Epoch: 10, Train: 81.81%, Valid: 89.47% Test: 75.15%
Run: 06, Epoch: 11, Loss: 0.7646
Run: 06, Epoch: 12, Loss: 0.7642
Run: 06, Epoch: 12, Train: 82.20%, Valid: 89.30% Test: 75.87%
Run: 06, Epoch: 13, Loss: 0.7555
Run: 06, Epoch: 14, Loss: 0.7439
Run: 06, Epoch: 14, Train: 82.08%, Valid: 88.00% Test: 74.34%
Run: 06, Epoch: 15, Loss: 0.7389
Run: 06, Epoch: 16, Loss: 0.7377
Run: 06, Epoch: 16, Train: 82.62%, Valid: 88.64% Test: 75.06%
Run: 06, Epoch: 17, Loss: 0.7379
Run: 06, Epoch: 18, Loss: 0.7348
Run: 06, Epoch: 18, Train: 82.83%, Valid: 87.46% Test: 74.08%
Run: 06, Epoch: 19, Loss: 0.7239
Run: 06, Epoch: 20, Loss: 0.7298
Run: 06, Epoch: 20, Train: 83.08%, Valid: 87.20% Test: 73.30%
Run 06:
Highest Train: 83.08
Highest Valid: 89.47
  Final Train: 81.81
   Final Test: 75.15
Run: 07, Epoch: 01, Loss: 1.7780
Run: 07, Epoch: 02, Loss: 1.0538
Run: 07, Epoch: 03, Loss: 0.9437
Run: 07, Epoch: 04, Loss: 0.8715
Run: 07, Epoch: 05, Loss: 0.8403
Run: 07, Epoch: 06, Loss: 0.8171
Run: 07, Epoch: 07, Loss: 0.7961
Run: 07, Epoch: 08, Loss: 0.7827
Run: 07, Epoch: 09, Loss: 0.7692
Run: 07, Epoch: 10, Loss: 0.7650
Run: 07, Epoch: 10, Train: 81.84%, Valid: 88.83% Test: 75.35%
Run: 07, Epoch: 11, Loss: 0.7543
Run: 07, Epoch: 12, Loss: 0.7476
Run: 07, Epoch: 12, Train: 81.77%, Valid: 89.09% Test: 75.58%
Run: 07, Epoch: 13, Loss: 0.7474
Run: 07, Epoch: 14, Loss: 0.7372
Run: 07, Epoch: 14, Train: 82.74%, Valid: 89.64% Test: 76.53%
Run: 07, Epoch: 15, Loss: 0.7392
Run: 07, Epoch: 16, Loss: 0.7411
Run: 07, Epoch: 16, Train: 82.69%, Valid: 88.62% Test: 75.01%
Run: 07, Epoch: 17, Loss: 0.7325
Run: 07, Epoch: 18, Loss: 0.7265
Run: 07, Epoch: 18, Train: 83.23%, Valid: 90.23% Test: 75.71%
Run: 07, Epoch: 19, Loss: 0.7279
Run: 07, Epoch: 20, Loss: 0.7124
Run: 07, Epoch: 20, Train: 83.65%, Valid: 90.17% Test: 76.92%
Run 07:
Highest Train: 83.65
Highest Valid: 90.23
  Final Train: 83.23
   Final Test: 75.71
Run: 08, Epoch: 01, Loss: 1.8204
Run: 08, Epoch: 02, Loss: 1.0701
Run: 08, Epoch: 03, Loss: 0.9404
Run: 08, Epoch: 04, Loss: 0.8789
Run: 08, Epoch: 05, Loss: 0.8485
Run: 08, Epoch: 06, Loss: 0.8199
Run: 08, Epoch: 07, Loss: 0.7937
Run: 08, Epoch: 08, Loss: 0.7890
Run: 08, Epoch: 09, Loss: 0.7855
Run: 08, Epoch: 10, Loss: 0.7725
Run: 08, Epoch: 10, Train: 82.01%, Valid: 90.06% Test: 76.52%
Run: 08, Epoch: 11, Loss: 0.7595
Run: 08, Epoch: 12, Loss: 0.7558
Run: 08, Epoch: 12, Train: 81.95%, Valid: 88.65% Test: 75.01%
Run: 08, Epoch: 13, Loss: 0.7443
Run: 08, Epoch: 14, Loss: 0.7440
Run: 08, Epoch: 14, Train: 82.69%, Valid: 90.83% Test: 76.82%
Run: 08, Epoch: 15, Loss: 0.7419
Run: 08, Epoch: 16, Loss: 0.7391
Run: 08, Epoch: 16, Train: 82.67%, Valid: 89.94% Test: 76.10%
Run: 08, Epoch: 17, Loss: 0.7313
Run: 08, Epoch: 18, Loss: 0.7375
Run: 08, Epoch: 18, Train: 83.06%, Valid: 89.71% Test: 75.97%
Run: 08, Epoch: 19, Loss: 0.7202
Run: 08, Epoch: 20, Loss: 0.7181
Run: 08, Epoch: 20, Train: 83.08%, Valid: 90.11% Test: 76.28%
Run 08:
Highest Train: 83.08
Highest Valid: 90.83
  Final Train: 82.69
   Final Test: 76.82
Run: 09, Epoch: 01, Loss: 1.8616
Run: 09, Epoch: 02, Loss: 1.0692
Run: 09, Epoch: 03, Loss: 0.9377
Run: 09, Epoch: 04, Loss: 0.8694
Run: 09, Epoch: 05, Loss: 0.8478
Run: 09, Epoch: 06, Loss: 0.8161
Run: 09, Epoch: 07, Loss: 0.7950
Run: 09, Epoch: 08, Loss: 0.7867
Run: 09, Epoch: 09, Loss: 0.7793
Run: 09, Epoch: 10, Loss: 0.7595
Run: 09, Epoch: 10, Train: 81.82%, Valid: 87.91% Test: 74.02%
Run: 09, Epoch: 11, Loss: 0.7592
Run: 09, Epoch: 12, Loss: 0.7456
Run: 09, Epoch: 12, Train: 82.10%, Valid: 89.44% Test: 76.00%
Run: 09, Epoch: 13, Loss: 0.7489
Run: 09, Epoch: 14, Loss: 0.7520
Run: 09, Epoch: 14, Train: 82.12%, Valid: 89.92% Test: 75.78%
Run: 09, Epoch: 15, Loss: 0.7411
Run: 09, Epoch: 16, Loss: 0.7321
Run: 09, Epoch: 16, Train: 82.83%, Valid: 90.40% Test: 76.63%
Run: 09, Epoch: 17, Loss: 0.7237
Run: 09, Epoch: 18, Loss: 0.7261
Run: 09, Epoch: 18, Train: 82.95%, Valid: 89.88% Test: 75.79%
Run: 09, Epoch: 19, Loss: 0.7148
Run: 09, Epoch: 20, Loss: 0.7186
Run: 09, Epoch: 20, Train: 83.46%, Valid: 87.03% Test: 73.66%
Run 09:
Highest Train: 83.46
Highest Valid: 90.40
  Final Train: 82.83
   Final Test: 76.63
Run: 10, Epoch: 01, Loss: 1.7809
Run: 10, Epoch: 02, Loss: 1.0516
Run: 10, Epoch: 03, Loss: 0.9288
Run: 10, Epoch: 04, Loss: 0.8718
Run: 10, Epoch: 05, Loss: 0.8407
Run: 10, Epoch: 06, Loss: 0.8196
Run: 10, Epoch: 07, Loss: 0.7887
Run: 10, Epoch: 08, Loss: 0.7904
Run: 10, Epoch: 09, Loss: 0.7736
Run: 10, Epoch: 10, Loss: 0.7635
Run: 10, Epoch: 10, Train: 82.00%, Valid: 88.53% Test: 74.27%
Run: 10, Epoch: 11, Loss: 0.7491
Run: 10, Epoch: 12, Loss: 0.7487
Run: 10, Epoch: 12, Train: 82.30%, Valid: 87.55% Test: 73.33%
Run: 10, Epoch: 13, Loss: 0.7441
Run: 10, Epoch: 14, Loss: 0.7370
Run: 10, Epoch: 14, Train: 82.69%, Valid: 87.85% Test: 74.27%
Run: 10, Epoch: 15, Loss: 0.7389
Run: 10, Epoch: 16, Loss: 0.7288
Run: 10, Epoch: 16, Train: 82.87%, Valid: 88.83% Test: 74.17%
Run: 10, Epoch: 17, Loss: 0.7260
Run: 10, Epoch: 18, Loss: 0.7266
Run: 10, Epoch: 18, Train: 82.87%, Valid: 90.18% Test: 77.04%
Run: 10, Epoch: 19, Loss: 0.7252
Run: 10, Epoch: 20, Loss: 0.7268
Run: 10, Epoch: 20, Train: 83.30%, Valid: 89.50% Test: 75.58%
Run 10:
Highest Train: 83.30
Highest Valid: 90.18
  Final Train: 82.87
   Final Test: 77.04
All runs:
Highest Train: 83.24 ± 0.21
Highest Valid: 90.10 ± 0.54
  Final Train: 82.84 ± 0.44
   Final Test: 76.39 ± 0.62
