Namespace(device=0, log_steps=1, inductive=False, num_layers=3, hidden_channels=256, dropout=0.5, batch_size=20000, walk_length=3, lr=0.01, num_steps=30, epochs=20, eval_steps=2, runs=10, rsv=0.35, al='el2n', alpha=0.6)
tensor([ 99311, 131369, 105411,  ..., 119573,   3370,  81846]) 68816
tensor([222340, 232877, 217134,  ..., 231710, 205908, 206926]) 13763
Run: 01, Epoch: 01, Loss: 1.5248
Run: 01, Epoch: 02, Loss: 0.7667
Run: 01, Epoch: 03, Loss: 0.6697
Run: 01, Epoch: 04, Loss: 0.6277
Run: 01, Epoch: 05, Loss: 0.6044
Run: 01, Epoch: 06, Loss: 0.5779
Run: 01, Epoch: 07, Loss: 0.5582
Run: 01, Epoch: 08, Loss: 0.5539
Run: 01, Epoch: 09, Loss: 0.5405
Run: 01, Epoch: 10, Loss: 0.5411
Run: 01, Epoch: 10, Train: 87.33%, Valid: 91.03% Test: 77.19%
Run: 01, Epoch: 11, Loss: 0.5336
Run: 01, Epoch: 12, Loss: 0.5234
Run: 01, Epoch: 12, Train: 87.71%, Valid: 90.66% Test: 77.57%
Run: 01, Epoch: 13, Loss: 0.5176
Run: 01, Epoch: 14, Loss: 0.5144
Run: 01, Epoch: 14, Train: 88.02%, Valid: 90.74% Test: 78.10%
Run: 01, Epoch: 15, Loss: 0.5154
Run: 01, Epoch: 16, Loss: 0.5118
Run: 01, Epoch: 16, Train: 88.30%, Valid: 91.31% Test: 77.95%
Run: 01, Epoch: 17, Loss: 0.5035
Run: 01, Epoch: 18, Loss: 0.5091
Run: 01, Epoch: 18, Train: 88.59%, Valid: 91.24% Test: 77.48%
Run: 01, Epoch: 19, Loss: 0.4995
Run: 01, Epoch: 20, Loss: 0.4980
Run: 01, Epoch: 20, Train: 88.42%, Valid: 91.11% Test: 77.53%
Run 01:
Highest Train: 88.59
Highest Valid: 91.31
  Final Train: 88.30
   Final Test: 77.95
Run: 02, Epoch: 01, Loss: 1.5643
Run: 02, Epoch: 02, Loss: 0.7751
Run: 02, Epoch: 03, Loss: 0.6800
Run: 02, Epoch: 04, Loss: 0.6335
Run: 02, Epoch: 05, Loss: 0.6010
Run: 02, Epoch: 06, Loss: 0.5837
Run: 02, Epoch: 07, Loss: 0.5670
Run: 02, Epoch: 08, Loss: 0.5570
Run: 02, Epoch: 09, Loss: 0.5526
Run: 02, Epoch: 10, Loss: 0.5419
Run: 02, Epoch: 10, Train: 87.20%, Valid: 90.74% Test: 78.38%
Run: 02, Epoch: 11, Loss: 0.5359
Run: 02, Epoch: 12, Loss: 0.5283
Run: 02, Epoch: 12, Train: 87.54%, Valid: 90.55% Test: 77.19%
Run: 02, Epoch: 13, Loss: 0.5219
Run: 02, Epoch: 14, Loss: 0.5183
Run: 02, Epoch: 14, Train: 87.75%, Valid: 90.76% Test: 78.06%
Run: 02, Epoch: 15, Loss: 0.5156
Run: 02, Epoch: 16, Loss: 0.5116
Run: 02, Epoch: 16, Train: 88.44%, Valid: 90.92% Test: 78.06%
Run: 02, Epoch: 17, Loss: 0.5115
Run: 02, Epoch: 18, Loss: 0.5078
Run: 02, Epoch: 18, Train: 88.33%, Valid: 90.56% Test: 77.27%
Run: 02, Epoch: 19, Loss: 0.5023
Run: 02, Epoch: 20, Loss: 0.5012
Run: 02, Epoch: 20, Train: 88.29%, Valid: 91.08% Test: 78.07%
Run 02:
Highest Train: 88.44
Highest Valid: 91.08
  Final Train: 88.29
   Final Test: 78.07
Run: 03, Epoch: 01, Loss: 1.5648
Run: 03, Epoch: 02, Loss: 0.7653
Run: 03, Epoch: 03, Loss: 0.6771
Run: 03, Epoch: 04, Loss: 0.6329
Run: 03, Epoch: 05, Loss: 0.5991
Run: 03, Epoch: 06, Loss: 0.5828
Run: 03, Epoch: 07, Loss: 0.5654
Run: 03, Epoch: 08, Loss: 0.5582
Run: 03, Epoch: 09, Loss: 0.5495
Run: 03, Epoch: 10, Loss: 0.5406
Run: 03, Epoch: 10, Train: 87.14%, Valid: 90.29% Test: 77.97%
Run: 03, Epoch: 11, Loss: 0.5328
Run: 03, Epoch: 12, Loss: 0.5297
Run: 03, Epoch: 12, Train: 87.71%, Valid: 91.09% Test: 78.18%
Run: 03, Epoch: 13, Loss: 0.5184
Run: 03, Epoch: 14, Loss: 0.5145
Run: 03, Epoch: 14, Train: 88.00%, Valid: 90.87% Test: 77.84%
Run: 03, Epoch: 15, Loss: 0.5190
Run: 03, Epoch: 16, Loss: 0.5179
Run: 03, Epoch: 16, Train: 88.08%, Valid: 91.20% Test: 78.65%
Run: 03, Epoch: 17, Loss: 0.5089
Run: 03, Epoch: 18, Loss: 0.5109
Run: 03, Epoch: 18, Train: 88.32%, Valid: 90.95% Test: 78.59%
Run: 03, Epoch: 19, Loss: 0.5059
Run: 03, Epoch: 20, Loss: 0.5061
Run: 03, Epoch: 20, Train: 88.66%, Valid: 91.43% Test: 78.52%
Run 03:
Highest Train: 88.66
Highest Valid: 91.43
  Final Train: 88.66
   Final Test: 78.52
Run: 04, Epoch: 01, Loss: 1.5870
Run: 04, Epoch: 02, Loss: 0.7760
Run: 04, Epoch: 03, Loss: 0.6685
Run: 04, Epoch: 04, Loss: 0.6242
Run: 04, Epoch: 05, Loss: 0.5974
Run: 04, Epoch: 06, Loss: 0.5861
Run: 04, Epoch: 07, Loss: 0.5704
Run: 04, Epoch: 08, Loss: 0.5526
Run: 04, Epoch: 09, Loss: 0.5483
Run: 04, Epoch: 10, Loss: 0.5371
Run: 04, Epoch: 10, Train: 87.20%, Valid: 90.52% Test: 78.26%
Run: 04, Epoch: 11, Loss: 0.5292
Run: 04, Epoch: 12, Loss: 0.5212
Run: 04, Epoch: 12, Train: 87.74%, Valid: 90.84% Test: 77.54%
Run: 04, Epoch: 13, Loss: 0.5213
Run: 04, Epoch: 14, Loss: 0.5136
Run: 04, Epoch: 14, Train: 87.94%, Valid: 91.16% Test: 77.31%
Run: 04, Epoch: 15, Loss: 0.5231
Run: 04, Epoch: 16, Loss: 0.5226
Run: 04, Epoch: 16, Train: 88.19%, Valid: 90.70% Test: 77.91%
Run: 04, Epoch: 17, Loss: 0.5106
Run: 04, Epoch: 18, Loss: 0.5096
Run: 04, Epoch: 18, Train: 88.40%, Valid: 91.11% Test: 77.40%
Run: 04, Epoch: 19, Loss: 0.5043
Run: 04, Epoch: 20, Loss: 0.4982
Run: 04, Epoch: 20, Train: 88.53%, Valid: 90.85% Test: 78.14%
Run 04:
Highest Train: 88.53
Highest Valid: 91.16
  Final Train: 87.94
   Final Test: 77.31
Run: 05, Epoch: 01, Loss: 1.4338
Run: 05, Epoch: 02, Loss: 0.7556
Run: 05, Epoch: 03, Loss: 0.6626
Run: 05, Epoch: 04, Loss: 0.6176
Run: 05, Epoch: 05, Loss: 0.5912
Run: 05, Epoch: 06, Loss: 0.5697
Run: 05, Epoch: 07, Loss: 0.5609
Run: 05, Epoch: 08, Loss: 0.5474
Run: 05, Epoch: 09, Loss: 0.5411
Run: 05, Epoch: 10, Loss: 0.5315
Run: 05, Epoch: 10, Train: 87.52%, Valid: 90.45% Test: 77.67%
Run: 05, Epoch: 11, Loss: 0.5266
Run: 05, Epoch: 12, Loss: 0.5185
Run: 05, Epoch: 12, Train: 87.88%, Valid: 91.00% Test: 77.83%
Run: 05, Epoch: 13, Loss: 0.5173
Run: 05, Epoch: 14, Loss: 0.5121
Run: 05, Epoch: 14, Train: 88.15%, Valid: 90.69% Test: 77.08%
Run: 05, Epoch: 15, Loss: 0.5118
Run: 05, Epoch: 16, Loss: 0.5099
Run: 05, Epoch: 16, Train: 88.29%, Valid: 91.00% Test: 77.67%
Run: 05, Epoch: 17, Loss: 0.5030
Run: 05, Epoch: 18, Loss: 0.5028
Run: 05, Epoch: 18, Train: 88.32%, Valid: 91.16% Test: 77.47%
Run: 05, Epoch: 19, Loss: 0.4969
Run: 05, Epoch: 20, Loss: 0.5032
Run: 05, Epoch: 20, Train: 88.77%, Valid: 90.95% Test: 77.82%
Run 05:
Highest Train: 88.77
Highest Valid: 91.16
  Final Train: 88.32
   Final Test: 77.47
Run: 06, Epoch: 01, Loss: 1.4639
Run: 06, Epoch: 02, Loss: 0.7525
Run: 06, Epoch: 03, Loss: 0.6629
Run: 06, Epoch: 04, Loss: 0.6116
Run: 06, Epoch: 05, Loss: 0.5916
Run: 06, Epoch: 06, Loss: 0.5784
Run: 06, Epoch: 07, Loss: 0.5592
Run: 06, Epoch: 08, Loss: 0.5434
Run: 06, Epoch: 09, Loss: 0.5364
Run: 06, Epoch: 10, Loss: 0.5337
Run: 06, Epoch: 10, Train: 87.58%, Valid: 90.97% Test: 78.12%
Run: 06, Epoch: 11, Loss: 0.5219
Run: 06, Epoch: 12, Loss: 0.5245
Run: 06, Epoch: 12, Train: 87.88%, Valid: 90.43% Test: 76.56%
Run: 06, Epoch: 13, Loss: 0.5169
Run: 06, Epoch: 14, Loss: 0.5132
Run: 06, Epoch: 14, Train: 88.26%, Valid: 90.55% Test: 77.84%
Run: 06, Epoch: 15, Loss: 0.5084
Run: 06, Epoch: 16, Loss: 0.5086
Run: 06, Epoch: 16, Train: 88.05%, Valid: 90.97% Test: 77.76%
Run: 06, Epoch: 17, Loss: 0.5090
Run: 06, Epoch: 18, Loss: 0.5032
Run: 06, Epoch: 18, Train: 88.51%, Valid: 91.41% Test: 78.39%
Run: 06, Epoch: 19, Loss: 0.4991
Run: 06, Epoch: 20, Loss: 0.5011
Run: 06, Epoch: 20, Train: 88.56%, Valid: 90.87% Test: 77.62%
Run 06:
Highest Train: 88.56
Highest Valid: 91.41
  Final Train: 88.51
   Final Test: 78.39
Run: 07, Epoch: 01, Loss: 1.5370
Run: 07, Epoch: 02, Loss: 0.7613
Run: 07, Epoch: 03, Loss: 0.6779
Run: 07, Epoch: 04, Loss: 0.6272
Run: 07, Epoch: 05, Loss: 0.6006
Run: 07, Epoch: 06, Loss: 0.5813
Run: 07, Epoch: 07, Loss: 0.5636
Run: 07, Epoch: 08, Loss: 0.5500
Run: 07, Epoch: 09, Loss: 0.5442
Run: 07, Epoch: 10, Loss: 0.5447
Run: 07, Epoch: 10, Train: 87.67%, Valid: 90.93% Test: 77.82%
Run: 07, Epoch: 11, Loss: 0.5375
Run: 07, Epoch: 12, Loss: 0.5264
Run: 07, Epoch: 12, Train: 87.65%, Valid: 91.11% Test: 77.60%
Run: 07, Epoch: 13, Loss: 0.5187
Run: 07, Epoch: 14, Loss: 0.5116
Run: 07, Epoch: 14, Train: 88.23%, Valid: 90.91% Test: 77.83%
Run: 07, Epoch: 15, Loss: 0.5128
Run: 07, Epoch: 16, Loss: 0.5165
Run: 07, Epoch: 16, Train: 88.36%, Valid: 91.03% Test: 77.12%
Run: 07, Epoch: 17, Loss: 0.5102
Run: 07, Epoch: 18, Loss: 0.5089
Run: 07, Epoch: 18, Train: 88.55%, Valid: 90.96% Test: 77.90%
Run: 07, Epoch: 19, Loss: 0.5096
Run: 07, Epoch: 20, Loss: 0.5062
Run: 07, Epoch: 20, Train: 88.58%, Valid: 90.77% Test: 77.63%
Run 07:
Highest Train: 88.58
Highest Valid: 91.11
  Final Train: 87.65
   Final Test: 77.60
Run: 08, Epoch: 01, Loss: 1.4499
Run: 08, Epoch: 02, Loss: 0.7548
Run: 08, Epoch: 03, Loss: 0.6619
Run: 08, Epoch: 04, Loss: 0.6188
Run: 08, Epoch: 05, Loss: 0.5923
Run: 08, Epoch: 06, Loss: 0.5734
Run: 08, Epoch: 07, Loss: 0.5537
Run: 08, Epoch: 08, Loss: 0.5572
Run: 08, Epoch: 09, Loss: 0.5473
Run: 08, Epoch: 10, Loss: 0.5358
Run: 08, Epoch: 10, Train: 87.51%, Valid: 91.07% Test: 77.78%
Run: 08, Epoch: 11, Loss: 0.5336
Run: 08, Epoch: 12, Loss: 0.5222
Run: 08, Epoch: 12, Train: 88.00%, Valid: 90.92% Test: 78.06%
Run: 08, Epoch: 13, Loss: 0.5162
Run: 08, Epoch: 14, Loss: 0.5156
Run: 08, Epoch: 14, Train: 88.09%, Valid: 90.94% Test: 77.65%
Run: 08, Epoch: 15, Loss: 0.5105
Run: 08, Epoch: 16, Loss: 0.5112
Run: 08, Epoch: 16, Train: 88.25%, Valid: 91.00% Test: 78.23%
Run: 08, Epoch: 17, Loss: 0.5072
Run: 08, Epoch: 18, Loss: 0.5109
Run: 08, Epoch: 18, Train: 88.43%, Valid: 90.90% Test: 77.48%
Run: 08, Epoch: 19, Loss: 0.4963
Run: 08, Epoch: 20, Loss: 0.5012
Run: 08, Epoch: 20, Train: 88.36%, Valid: 91.11% Test: 78.11%
Run 08:
Highest Train: 88.43
Highest Valid: 91.11
  Final Train: 88.36
   Final Test: 78.11
Run: 09, Epoch: 01, Loss: 1.4543
Run: 09, Epoch: 02, Loss: 0.7478
Run: 09, Epoch: 03, Loss: 0.6602
Run: 09, Epoch: 04, Loss: 0.6172
Run: 09, Epoch: 05, Loss: 0.5924
Run: 09, Epoch: 06, Loss: 0.5677
Run: 09, Epoch: 07, Loss: 0.5604
Run: 09, Epoch: 08, Loss: 0.5486
Run: 09, Epoch: 09, Loss: 0.5414
Run: 09, Epoch: 10, Loss: 0.5301
Run: 09, Epoch: 10, Train: 87.49%, Valid: 90.74% Test: 77.46%
Run: 09, Epoch: 11, Loss: 0.5228
Run: 09, Epoch: 12, Loss: 0.5177
Run: 09, Epoch: 12, Train: 87.88%, Valid: 90.80% Test: 77.80%
Run: 09, Epoch: 13, Loss: 0.5177
Run: 09, Epoch: 14, Loss: 0.5156
Run: 09, Epoch: 14, Train: 88.08%, Valid: 90.87% Test: 77.57%
Run: 09, Epoch: 15, Loss: 0.5115
Run: 09, Epoch: 16, Loss: 0.5046
Run: 09, Epoch: 16, Train: 88.29%, Valid: 91.00% Test: 78.11%
Run: 09, Epoch: 17, Loss: 0.4992
Run: 09, Epoch: 18, Loss: 0.5022
Run: 09, Epoch: 18, Train: 88.70%, Valid: 91.07% Test: 77.38%
Run: 09, Epoch: 19, Loss: 0.4954
Run: 09, Epoch: 20, Loss: 0.4967
Run: 09, Epoch: 20, Train: 88.82%, Valid: 91.07% Test: 77.81%
Run 09:
Highest Train: 88.82
Highest Valid: 91.07
  Final Train: 88.70
   Final Test: 77.38
Run: 10, Epoch: 01, Loss: 1.4514
Run: 10, Epoch: 02, Loss: 0.7574
Run: 10, Epoch: 03, Loss: 0.6592
Run: 10, Epoch: 04, Loss: 0.6190
Run: 10, Epoch: 05, Loss: 0.5936
Run: 10, Epoch: 06, Loss: 0.5731
Run: 10, Epoch: 07, Loss: 0.5517
Run: 10, Epoch: 08, Loss: 0.5522
Run: 10, Epoch: 09, Loss: 0.5460
Run: 10, Epoch: 10, Loss: 0.5326
Run: 10, Epoch: 10, Train: 87.64%, Valid: 90.07% Test: 76.47%
Run: 10, Epoch: 11, Loss: 0.5222
Run: 10, Epoch: 12, Loss: 0.5161
Run: 10, Epoch: 12, Train: 87.95%, Valid: 90.79% Test: 77.96%
Run: 10, Epoch: 13, Loss: 0.5197
Run: 10, Epoch: 14, Loss: 0.5112
Run: 10, Epoch: 14, Train: 88.18%, Valid: 90.77% Test: 77.98%
Run: 10, Epoch: 15, Loss: 0.5120
Run: 10, Epoch: 16, Loss: 0.4993
Run: 10, Epoch: 16, Train: 88.33%, Valid: 90.89% Test: 77.74%
Run: 10, Epoch: 17, Loss: 0.5021
Run: 10, Epoch: 18, Loss: 0.5028
Run: 10, Epoch: 18, Train: 88.50%, Valid: 91.03% Test: 78.64%
Run: 10, Epoch: 19, Loss: 0.4962
Run: 10, Epoch: 20, Loss: 0.4981
Run: 10, Epoch: 20, Train: 88.66%, Valid: 91.03% Test: 77.84%
Run 10:
Highest Train: 88.66
Highest Valid: 91.03
  Final Train: 88.50
   Final Test: 78.64
All runs:
Highest Train: 88.60 ± 0.13
Highest Valid: 91.19 ± 0.14
  Final Train: 88.32 ± 0.32
   Final Test: 77.94 ± 0.49
