Namespace(device=0, log_steps=1, inductive=False, num_layers=3, hidden_channels=256, dropout=0.5, batch_size=20000, walk_length=3, lr=0.01, num_steps=30, epochs=20, eval_steps=2, runs=10, rsv=0.3, al='el2n', alpha=0.8)
tensor([ 99311, 131369,  96836,  ...,  44587,  24723, 178996]) 58984
tensor([222340, 232877, 217134,  ..., 213931, 229892, 206464]) 11796
Run: 01, Epoch: 01, Loss: 1.4472
Run: 01, Epoch: 02, Loss: 0.6204
Run: 01, Epoch: 03, Loss: 0.5335
Run: 01, Epoch: 04, Loss: 0.4881
Run: 01, Epoch: 05, Loss: 0.4706
Run: 01, Epoch: 06, Loss: 0.4497
Run: 01, Epoch: 07, Loss: 0.4318
Run: 01, Epoch: 08, Loss: 0.4292
Run: 01, Epoch: 09, Loss: 0.4162
Run: 01, Epoch: 10, Loss: 0.4192
Run: 01, Epoch: 10, Train: 90.22%, Valid: 90.77% Test: 77.77%
Run: 01, Epoch: 11, Loss: 0.4090
Run: 01, Epoch: 12, Loss: 0.3953
Run: 01, Epoch: 12, Train: 90.79%, Valid: 90.93% Test: 77.41%
Run: 01, Epoch: 13, Loss: 0.3974
Run: 01, Epoch: 14, Loss: 0.4003
Run: 01, Epoch: 14, Train: 90.89%, Valid: 90.79% Test: 77.92%
Run: 01, Epoch: 15, Loss: 0.3939
Run: 01, Epoch: 16, Loss: 0.3887
Run: 01, Epoch: 16, Train: 90.98%, Valid: 90.99% Test: 78.50%
Run: 01, Epoch: 17, Loss: 0.3833
Run: 01, Epoch: 18, Loss: 0.3834
Run: 01, Epoch: 18, Train: 91.26%, Valid: 90.96% Test: 77.71%
Run: 01, Epoch: 19, Loss: 0.3814
Run: 01, Epoch: 20, Loss: 0.3758
Run: 01, Epoch: 20, Train: 91.13%, Valid: 91.01% Test: 78.03%
Run 01:
Highest Train: 91.26
Highest Valid: 91.01
  Final Train: 91.13
   Final Test: 78.03
Run: 02, Epoch: 01, Loss: 1.5884
Run: 02, Epoch: 02, Loss: 0.6347
Run: 02, Epoch: 03, Loss: 0.5401
Run: 02, Epoch: 04, Loss: 0.4967
Run: 02, Epoch: 05, Loss: 0.4717
Run: 02, Epoch: 06, Loss: 0.4527
Run: 02, Epoch: 07, Loss: 0.4457
Run: 02, Epoch: 08, Loss: 0.4330
Run: 02, Epoch: 09, Loss: 0.4266
Run: 02, Epoch: 10, Loss: 0.4174
Run: 02, Epoch: 10, Train: 90.23%, Valid: 90.72% Test: 78.33%
Run: 02, Epoch: 11, Loss: 0.4105
Run: 02, Epoch: 12, Loss: 0.4053
Run: 02, Epoch: 12, Train: 90.43%, Valid: 90.79% Test: 77.49%
Run: 02, Epoch: 13, Loss: 0.3956
Run: 02, Epoch: 14, Loss: 0.3983
Run: 02, Epoch: 14, Train: 90.60%, Valid: 90.79% Test: 77.87%
Run: 02, Epoch: 15, Loss: 0.3931
Run: 02, Epoch: 16, Loss: 0.3909
Run: 02, Epoch: 16, Train: 91.05%, Valid: 91.01% Test: 78.36%
Run: 02, Epoch: 17, Loss: 0.3922
Run: 02, Epoch: 18, Loss: 0.3879
Run: 02, Epoch: 18, Train: 90.95%, Valid: 90.78% Test: 78.02%
Run: 02, Epoch: 19, Loss: 0.3823
Run: 02, Epoch: 20, Loss: 0.3909
Run: 02, Epoch: 20, Train: 90.95%, Valid: 90.93% Test: 78.38%
Run 02:
Highest Train: 91.05
Highest Valid: 91.01
  Final Train: 91.05
   Final Test: 78.36
Run: 03, Epoch: 01, Loss: 1.5151
Run: 03, Epoch: 02, Loss: 0.6268
Run: 03, Epoch: 03, Loss: 0.5434
Run: 03, Epoch: 04, Loss: 0.5070
Run: 03, Epoch: 05, Loss: 0.4717
Run: 03, Epoch: 06, Loss: 0.4600
Run: 03, Epoch: 07, Loss: 0.4433
Run: 03, Epoch: 08, Loss: 0.4345
Run: 03, Epoch: 09, Loss: 0.4276
Run: 03, Epoch: 10, Loss: 0.4198
Run: 03, Epoch: 10, Train: 89.89%, Valid: 90.45% Test: 77.78%
Run: 03, Epoch: 11, Loss: 0.4121
Run: 03, Epoch: 12, Loss: 0.4099
Run: 03, Epoch: 12, Train: 90.50%, Valid: 90.67% Test: 78.11%
Run: 03, Epoch: 13, Loss: 0.4105
Run: 03, Epoch: 14, Loss: 0.4018
Run: 03, Epoch: 14, Train: 90.70%, Valid: 90.91% Test: 78.28%
Run: 03, Epoch: 15, Loss: 0.3954
Run: 03, Epoch: 16, Loss: 0.4004
Run: 03, Epoch: 16, Train: 90.72%, Valid: 90.78% Test: 78.76%
Run: 03, Epoch: 17, Loss: 0.4015
Run: 03, Epoch: 18, Loss: 0.3972
Run: 03, Epoch: 18, Train: 90.90%, Valid: 90.90% Test: 78.46%
Run: 03, Epoch: 19, Loss: 0.3902
Run: 03, Epoch: 20, Loss: 0.3858
Run: 03, Epoch: 20, Train: 91.00%, Valid: 90.70% Test: 77.95%
Run 03:
Highest Train: 91.00
Highest Valid: 90.91
  Final Train: 90.70
   Final Test: 78.28
Run: 04, Epoch: 01, Loss: 1.4257
Run: 04, Epoch: 02, Loss: 0.6180
Run: 04, Epoch: 03, Loss: 0.5286
Run: 04, Epoch: 04, Loss: 0.4939
Run: 04, Epoch: 05, Loss: 0.4622
Run: 04, Epoch: 06, Loss: 0.4535
Run: 04, Epoch: 07, Loss: 0.4415
Run: 04, Epoch: 08, Loss: 0.4306
Run: 04, Epoch: 09, Loss: 0.4274
Run: 04, Epoch: 10, Loss: 0.4176
Run: 04, Epoch: 10, Train: 90.11%, Valid: 90.52% Test: 78.34%
Run: 04, Epoch: 11, Loss: 0.4081
Run: 04, Epoch: 12, Loss: 0.4018
Run: 04, Epoch: 12, Train: 90.64%, Valid: 90.62% Test: 77.98%
Run: 04, Epoch: 13, Loss: 0.3993
Run: 04, Epoch: 14, Loss: 0.3940
Run: 04, Epoch: 14, Train: 90.75%, Valid: 90.86% Test: 77.74%
Run: 04, Epoch: 15, Loss: 0.3991
Run: 04, Epoch: 16, Loss: 0.4033
Run: 04, Epoch: 16, Train: 90.78%, Valid: 91.03% Test: 77.91%
Run: 04, Epoch: 17, Loss: 0.3940
Run: 04, Epoch: 18, Loss: 0.3895
Run: 04, Epoch: 18, Train: 91.01%, Valid: 90.91% Test: 77.06%
Run: 04, Epoch: 19, Loss: 0.3863
Run: 04, Epoch: 20, Loss: 0.3771
Run: 04, Epoch: 20, Train: 91.05%, Valid: 90.98% Test: 77.86%
Run 04:
Highest Train: 91.05
Highest Valid: 91.03
  Final Train: 90.78
   Final Test: 77.91
Run: 05, Epoch: 01, Loss: 1.3329
Run: 05, Epoch: 02, Loss: 0.5994
Run: 05, Epoch: 03, Loss: 0.5222
Run: 05, Epoch: 04, Loss: 0.4812
Run: 05, Epoch: 05, Loss: 0.4604
Run: 05, Epoch: 06, Loss: 0.4405
Run: 05, Epoch: 07, Loss: 0.4335
Run: 05, Epoch: 08, Loss: 0.4182
Run: 05, Epoch: 09, Loss: 0.4098
Run: 05, Epoch: 10, Loss: 0.4053
Run: 05, Epoch: 10, Train: 90.36%, Valid: 90.51% Test: 77.44%
Run: 05, Epoch: 11, Loss: 0.3970
Run: 05, Epoch: 12, Loss: 0.3945
Run: 05, Epoch: 12, Train: 90.86%, Valid: 90.67% Test: 77.75%
Run: 05, Epoch: 13, Loss: 0.3918
Run: 05, Epoch: 14, Loss: 0.3876
Run: 05, Epoch: 14, Train: 90.85%, Valid: 90.74% Test: 78.27%
Run: 05, Epoch: 15, Loss: 0.3882
Run: 05, Epoch: 16, Loss: 0.3816
Run: 05, Epoch: 16, Train: 91.12%, Valid: 90.90% Test: 78.41%
Run: 05, Epoch: 17, Loss: 0.3773
Run: 05, Epoch: 18, Loss: 0.3737
Run: 05, Epoch: 18, Train: 91.19%, Valid: 90.86% Test: 77.35%
Run: 05, Epoch: 19, Loss: 0.3730
Run: 05, Epoch: 20, Loss: 0.3801
Run: 05, Epoch: 20, Train: 91.45%, Valid: 90.89% Test: 77.80%
Run 05:
Highest Train: 91.45
Highest Valid: 90.90
  Final Train: 91.12
   Final Test: 78.41
Run: 06, Epoch: 01, Loss: 1.3495
Run: 06, Epoch: 02, Loss: 0.6054
Run: 06, Epoch: 03, Loss: 0.5291
Run: 06, Epoch: 04, Loss: 0.4821
Run: 06, Epoch: 05, Loss: 0.4643
Run: 06, Epoch: 06, Loss: 0.4523
Run: 06, Epoch: 07, Loss: 0.4369
Run: 06, Epoch: 08, Loss: 0.4208
Run: 06, Epoch: 09, Loss: 0.4148
Run: 06, Epoch: 10, Loss: 0.4158
Run: 06, Epoch: 10, Train: 90.25%, Valid: 90.47% Test: 78.00%
Run: 06, Epoch: 11, Loss: 0.4009
Run: 06, Epoch: 12, Loss: 0.3968
Run: 06, Epoch: 12, Train: 90.74%, Valid: 90.67% Test: 77.43%
Run: 06, Epoch: 13, Loss: 0.3995
Run: 06, Epoch: 14, Loss: 0.3903
Run: 06, Epoch: 14, Train: 90.86%, Valid: 90.90% Test: 78.11%
Run: 06, Epoch: 15, Loss: 0.3892
Run: 06, Epoch: 16, Loss: 0.3928
Run: 06, Epoch: 16, Train: 91.05%, Valid: 91.00% Test: 78.25%
Run: 06, Epoch: 17, Loss: 0.3929
Run: 06, Epoch: 18, Loss: 0.3858
Run: 06, Epoch: 18, Train: 91.19%, Valid: 90.91% Test: 77.95%
Run: 06, Epoch: 19, Loss: 0.3830
Run: 06, Epoch: 20, Loss: 0.3829
Run: 06, Epoch: 20, Train: 91.28%, Valid: 91.12% Test: 78.63%
Run 06:
Highest Train: 91.28
Highest Valid: 91.12
  Final Train: 91.28
   Final Test: 78.63
Run: 07, Epoch: 01, Loss: 1.5113
Run: 07, Epoch: 02, Loss: 0.6287
Run: 07, Epoch: 03, Loss: 0.5441
Run: 07, Epoch: 04, Loss: 0.5032
Run: 07, Epoch: 05, Loss: 0.4757
Run: 07, Epoch: 06, Loss: 0.4564
Run: 07, Epoch: 07, Loss: 0.4418
Run: 07, Epoch: 08, Loss: 0.4320
Run: 07, Epoch: 09, Loss: 0.4267
Run: 07, Epoch: 10, Loss: 0.4190
Run: 07, Epoch: 10, Train: 90.08%, Valid: 90.64% Test: 77.58%
Run: 07, Epoch: 11, Loss: 0.4103
Run: 07, Epoch: 12, Loss: 0.4036
Run: 07, Epoch: 12, Train: 90.41%, Valid: 90.63% Test: 77.48%
Run: 07, Epoch: 13, Loss: 0.4000
Run: 07, Epoch: 14, Loss: 0.3992
Run: 07, Epoch: 14, Train: 90.61%, Valid: 90.86% Test: 78.26%
Run: 07, Epoch: 15, Loss: 0.3947
Run: 07, Epoch: 16, Loss: 0.3957
Run: 07, Epoch: 16, Train: 90.93%, Valid: 91.01% Test: 77.47%
Run: 07, Epoch: 17, Loss: 0.3883
Run: 07, Epoch: 18, Loss: 0.3887
Run: 07, Epoch: 18, Train: 90.99%, Valid: 91.01% Test: 78.03%
Run: 07, Epoch: 19, Loss: 0.3826
Run: 07, Epoch: 20, Loss: 0.3828
Run: 07, Epoch: 20, Train: 91.22%, Valid: 91.04% Test: 78.30%
Run 07:
Highest Train: 91.22
Highest Valid: 91.04
  Final Train: 91.22
   Final Test: 78.30
Run: 08, Epoch: 01, Loss: 1.3100
Run: 08, Epoch: 02, Loss: 0.5984
Run: 08, Epoch: 03, Loss: 0.5246
Run: 08, Epoch: 04, Loss: 0.4815
Run: 08, Epoch: 05, Loss: 0.4588
Run: 08, Epoch: 06, Loss: 0.4410
Run: 08, Epoch: 07, Loss: 0.4307
Run: 08, Epoch: 08, Loss: 0.4283
Run: 08, Epoch: 09, Loss: 0.4223
Run: 08, Epoch: 10, Loss: 0.4103
Run: 08, Epoch: 10, Train: 90.20%, Valid: 90.67% Test: 77.92%
Run: 08, Epoch: 11, Loss: 0.4053
Run: 08, Epoch: 12, Loss: 0.3957
Run: 08, Epoch: 12, Train: 90.64%, Valid: 90.89% Test: 78.01%
Run: 08, Epoch: 13, Loss: 0.3930
Run: 08, Epoch: 14, Loss: 0.3978
Run: 08, Epoch: 14, Train: 90.82%, Valid: 91.04% Test: 78.11%
Run: 08, Epoch: 15, Loss: 0.3865
Run: 08, Epoch: 16, Loss: 0.3887
Run: 08, Epoch: 16, Train: 90.89%, Valid: 90.90% Test: 78.01%
Run: 08, Epoch: 17, Loss: 0.3823
Run: 08, Epoch: 18, Loss: 0.3849
Run: 08, Epoch: 18, Train: 91.29%, Valid: 91.00% Test: 77.94%
Run: 08, Epoch: 19, Loss: 0.3812
Run: 08, Epoch: 20, Loss: 0.3805
Run: 08, Epoch: 20, Train: 91.30%, Valid: 91.21% Test: 78.49%
Run 08:
Highest Train: 91.30
Highest Valid: 91.21
  Final Train: 91.30
   Final Test: 78.49
Run: 09, Epoch: 01, Loss: 1.3921
Run: 09, Epoch: 02, Loss: 0.6024
Run: 09, Epoch: 03, Loss: 0.5236
Run: 09, Epoch: 04, Loss: 0.4863
Run: 09, Epoch: 05, Loss: 0.4639
Run: 09, Epoch: 06, Loss: 0.4487
Run: 09, Epoch: 07, Loss: 0.4354
Run: 09, Epoch: 08, Loss: 0.4256
Run: 09, Epoch: 09, Loss: 0.4200
Run: 09, Epoch: 10, Loss: 0.4110
Run: 09, Epoch: 10, Train: 90.25%, Valid: 90.76% Test: 77.25%
Run: 09, Epoch: 11, Loss: 0.4052
Run: 09, Epoch: 12, Loss: 0.3958
Run: 09, Epoch: 12, Train: 90.51%, Valid: 90.73% Test: 77.40%
Run: 09, Epoch: 13, Loss: 0.3982
Run: 09, Epoch: 14, Loss: 0.3977
Run: 09, Epoch: 14, Train: 90.55%, Valid: 90.84% Test: 77.33%
Run: 09, Epoch: 15, Loss: 0.3961
Run: 09, Epoch: 16, Loss: 0.3898
Run: 09, Epoch: 16, Train: 90.92%, Valid: 90.90% Test: 77.95%
Run: 09, Epoch: 17, Loss: 0.3813
Run: 09, Epoch: 18, Loss: 0.3873
Run: 09, Epoch: 18, Train: 91.00%, Valid: 90.98% Test: 77.65%
Run: 09, Epoch: 19, Loss: 0.3835
Run: 09, Epoch: 20, Loss: 0.3781
Run: 09, Epoch: 20, Train: 91.38%, Valid: 91.17% Test: 78.09%
Run 09:
Highest Train: 91.38
Highest Valid: 91.17
  Final Train: 91.38
   Final Test: 78.09
Run: 10, Epoch: 01, Loss: 1.4292
Run: 10, Epoch: 02, Loss: 0.6235
Run: 10, Epoch: 03, Loss: 0.5306
Run: 10, Epoch: 04, Loss: 0.4939
Run: 10, Epoch: 05, Loss: 0.4716
Run: 10, Epoch: 06, Loss: 0.4562
Run: 10, Epoch: 07, Loss: 0.4335
Run: 10, Epoch: 08, Loss: 0.4290
Run: 10, Epoch: 09, Loss: 0.4224
Run: 10, Epoch: 10, Loss: 0.4110
Run: 10, Epoch: 10, Train: 90.18%, Valid: 90.62% Test: 77.73%
Run: 10, Epoch: 11, Loss: 0.4054
Run: 10, Epoch: 12, Loss: 0.3988
Run: 10, Epoch: 12, Train: 90.56%, Valid: 90.57% Test: 78.23%
Run: 10, Epoch: 13, Loss: 0.3973
Run: 10, Epoch: 14, Loss: 0.3936
Run: 10, Epoch: 14, Train: 90.68%, Valid: 90.85% Test: 78.38%
Run: 10, Epoch: 15, Loss: 0.4031
Run: 10, Epoch: 16, Loss: 0.3873
Run: 10, Epoch: 16, Train: 90.77%, Valid: 90.83% Test: 78.33%
Run: 10, Epoch: 17, Loss: 0.3875
Run: 10, Epoch: 18, Loss: 0.3878
Run: 10, Epoch: 18, Train: 91.07%, Valid: 91.08% Test: 78.40%
Run: 10, Epoch: 19, Loss: 0.3817
Run: 10, Epoch: 20, Loss: 0.3846
Run: 10, Epoch: 20, Train: 91.11%, Valid: 90.90% Test: 78.61%
Run 10:
Highest Train: 91.11
Highest Valid: 91.08
  Final Train: 91.07
   Final Test: 78.40
All runs:
Highest Train: 91.21 ± 0.15
Highest Valid: 91.05 ± 0.10
  Final Train: 91.10 ± 0.22
   Final Test: 78.29 ± 0.22
