Namespace(device=0, log_steps=1, inductive=False, num_layers=3, hidden_channels=256, dropout=0.5, batch_size=20000, walk_length=3, lr=0.01, num_steps=30, epochs=20, eval_steps=2, runs=10, rsv=0.3, al='el2n', alpha=0.7)
tensor([ 99311, 131369,  96836,  ..., 119782,  86819,   7786]) 58985
tensor([222340, 232877, 217134,  ..., 213931, 229892, 206464]) 11796
Run: 01, Epoch: 01, Loss: 1.5086
Run: 01, Epoch: 02, Loss: 0.6877
Run: 01, Epoch: 03, Loss: 0.5974
Run: 01, Epoch: 04, Loss: 0.5496
Run: 01, Epoch: 05, Loss: 0.5292
Run: 01, Epoch: 06, Loss: 0.5084
Run: 01, Epoch: 07, Loss: 0.4961
Run: 01, Epoch: 08, Loss: 0.4828
Run: 01, Epoch: 09, Loss: 0.4708
Run: 01, Epoch: 10, Loss: 0.4727
Run: 01, Epoch: 10, Train: 89.16%, Valid: 90.72% Test: 77.71%
Run: 01, Epoch: 11, Loss: 0.4641
Run: 01, Epoch: 12, Loss: 0.4537
Run: 01, Epoch: 12, Train: 89.43%, Valid: 90.73% Test: 78.08%
Run: 01, Epoch: 13, Loss: 0.4517
Run: 01, Epoch: 14, Loss: 0.4473
Run: 01, Epoch: 14, Train: 89.67%, Valid: 90.95% Test: 78.12%
Run: 01, Epoch: 15, Loss: 0.4400
Run: 01, Epoch: 16, Loss: 0.4392
Run: 01, Epoch: 16, Train: 89.76%, Valid: 91.24% Test: 78.13%
Run: 01, Epoch: 17, Loss: 0.4309
Run: 01, Epoch: 18, Loss: 0.4378
Run: 01, Epoch: 18, Train: 90.01%, Valid: 91.16% Test: 77.31%
Run: 01, Epoch: 19, Loss: 0.4339
Run: 01, Epoch: 20, Loss: 0.4343
Run: 01, Epoch: 20, Train: 89.89%, Valid: 91.06% Test: 77.57%
Run 01:
Highest Train: 90.01
Highest Valid: 91.24
  Final Train: 89.76
   Final Test: 78.13
Run: 02, Epoch: 01, Loss: 1.5662
Run: 02, Epoch: 02, Loss: 0.6970
Run: 02, Epoch: 03, Loss: 0.6007
Run: 02, Epoch: 04, Loss: 0.5594
Run: 02, Epoch: 05, Loss: 0.5300
Run: 02, Epoch: 06, Loss: 0.5105
Run: 02, Epoch: 07, Loss: 0.4975
Run: 02, Epoch: 08, Loss: 0.4871
Run: 02, Epoch: 09, Loss: 0.4885
Run: 02, Epoch: 10, Loss: 0.4740
Run: 02, Epoch: 10, Train: 89.14%, Valid: 90.93% Test: 78.14%
Run: 02, Epoch: 11, Loss: 0.4634
Run: 02, Epoch: 12, Loss: 0.4617
Run: 02, Epoch: 12, Train: 89.23%, Valid: 90.84% Test: 78.14%
Run: 02, Epoch: 13, Loss: 0.4513
Run: 02, Epoch: 14, Loss: 0.4518
Run: 02, Epoch: 14, Train: 89.33%, Valid: 90.98% Test: 77.95%
Run: 02, Epoch: 15, Loss: 0.4445
Run: 02, Epoch: 16, Loss: 0.4461
Run: 02, Epoch: 16, Train: 89.72%, Valid: 91.04% Test: 78.13%
Run: 02, Epoch: 17, Loss: 0.4463
Run: 02, Epoch: 18, Loss: 0.4400
Run: 02, Epoch: 18, Train: 89.91%, Valid: 91.06% Test: 77.93%
Run: 02, Epoch: 19, Loss: 0.4311
Run: 02, Epoch: 20, Loss: 0.4372
Run: 02, Epoch: 20, Train: 89.84%, Valid: 91.15% Test: 78.30%
Run 02:
Highest Train: 89.91
Highest Valid: 91.15
  Final Train: 89.84
   Final Test: 78.30
Run: 03, Epoch: 01, Loss: 1.5663
Run: 03, Epoch: 02, Loss: 0.6923
Run: 03, Epoch: 03, Loss: 0.6085
Run: 03, Epoch: 04, Loss: 0.5662
Run: 03, Epoch: 05, Loss: 0.5311
Run: 03, Epoch: 06, Loss: 0.5180
Run: 03, Epoch: 07, Loss: 0.5012
Run: 03, Epoch: 08, Loss: 0.4903
Run: 03, Epoch: 09, Loss: 0.4829
Run: 03, Epoch: 10, Loss: 0.4754
Run: 03, Epoch: 10, Train: 88.64%, Valid: 90.56% Test: 77.54%
Run: 03, Epoch: 11, Loss: 0.4714
Run: 03, Epoch: 12, Loss: 0.4662
Run: 03, Epoch: 12, Train: 89.32%, Valid: 90.81% Test: 77.94%
Run: 03, Epoch: 13, Loss: 0.4568
Run: 03, Epoch: 14, Loss: 0.4568
Run: 03, Epoch: 14, Train: 89.44%, Valid: 90.95% Test: 78.04%
Run: 03, Epoch: 15, Loss: 0.4505
Run: 03, Epoch: 16, Loss: 0.4508
Run: 03, Epoch: 16, Train: 89.63%, Valid: 91.02% Test: 78.71%
Run: 03, Epoch: 17, Loss: 0.4501
Run: 03, Epoch: 18, Loss: 0.4471
Run: 03, Epoch: 18, Train: 89.86%, Valid: 90.85% Test: 78.40%
Run: 03, Epoch: 19, Loss: 0.4421
Run: 03, Epoch: 20, Loss: 0.4383
Run: 03, Epoch: 20, Train: 90.02%, Valid: 91.12% Test: 78.06%
Run 03:
Highest Train: 90.02
Highest Valid: 91.12
  Final Train: 90.02
   Final Test: 78.06
Run: 04, Epoch: 01, Loss: 1.4897
Run: 04, Epoch: 02, Loss: 0.6840
Run: 04, Epoch: 03, Loss: 0.5912
Run: 04, Epoch: 04, Loss: 0.5533
Run: 04, Epoch: 05, Loss: 0.5212
Run: 04, Epoch: 06, Loss: 0.5056
Run: 04, Epoch: 07, Loss: 0.5026
Run: 04, Epoch: 08, Loss: 0.4847
Run: 04, Epoch: 09, Loss: 0.4808
Run: 04, Epoch: 10, Loss: 0.4757
Run: 04, Epoch: 10, Train: 89.01%, Valid: 90.81% Test: 78.48%
Run: 04, Epoch: 11, Loss: 0.4654
Run: 04, Epoch: 12, Loss: 0.4571
Run: 04, Epoch: 12, Train: 89.36%, Valid: 91.16% Test: 78.27%
Run: 04, Epoch: 13, Loss: 0.4543
Run: 04, Epoch: 14, Loss: 0.4475
Run: 04, Epoch: 14, Train: 89.64%, Valid: 91.14% Test: 77.86%
Run: 04, Epoch: 15, Loss: 0.4499
Run: 04, Epoch: 16, Loss: 0.4565
Run: 04, Epoch: 16, Train: 89.61%, Valid: 90.95% Test: 78.42%
Run: 04, Epoch: 17, Loss: 0.4493
Run: 04, Epoch: 18, Loss: 0.4436
Run: 04, Epoch: 18, Train: 89.84%, Valid: 90.97% Test: 77.50%
Run: 04, Epoch: 19, Loss: 0.4409
Run: 04, Epoch: 20, Loss: 0.4327
Run: 04, Epoch: 20, Train: 89.98%, Valid: 91.00% Test: 78.46%
Run 04:
Highest Train: 89.98
Highest Valid: 91.16
  Final Train: 89.36
   Final Test: 78.27
Run: 05, Epoch: 01, Loss: 1.3986
Run: 05, Epoch: 02, Loss: 0.6705
Run: 05, Epoch: 03, Loss: 0.5840
Run: 05, Epoch: 04, Loss: 0.5416
Run: 05, Epoch: 05, Loss: 0.5189
Run: 05, Epoch: 06, Loss: 0.4983
Run: 05, Epoch: 07, Loss: 0.4875
Run: 05, Epoch: 08, Loss: 0.4793
Run: 05, Epoch: 09, Loss: 0.4671
Run: 05, Epoch: 10, Loss: 0.4629
Run: 05, Epoch: 10, Train: 89.28%, Valid: 90.68% Test: 77.26%
Run: 05, Epoch: 11, Loss: 0.4546
Run: 05, Epoch: 12, Loss: 0.4504
Run: 05, Epoch: 12, Train: 89.39%, Valid: 90.89% Test: 78.03%
Run: 05, Epoch: 13, Loss: 0.4487
Run: 05, Epoch: 14, Loss: 0.4450
Run: 05, Epoch: 14, Train: 89.69%, Valid: 91.04% Test: 78.50%
Run: 05, Epoch: 15, Loss: 0.4407
Run: 05, Epoch: 16, Loss: 0.4383
Run: 05, Epoch: 16, Train: 89.74%, Valid: 90.84% Test: 78.05%
Run: 05, Epoch: 17, Loss: 0.4327
Run: 05, Epoch: 18, Loss: 0.4276
Run: 05, Epoch: 18, Train: 89.86%, Valid: 91.01% Test: 77.59%
Run: 05, Epoch: 19, Loss: 0.4264
Run: 05, Epoch: 20, Loss: 0.4311
Run: 05, Epoch: 20, Train: 90.13%, Valid: 91.14% Test: 77.65%
Run 05:
Highest Train: 90.13
Highest Valid: 91.14
  Final Train: 90.13
   Final Test: 77.65
Run: 06, Epoch: 01, Loss: 1.4108
Run: 06, Epoch: 02, Loss: 0.6684
Run: 06, Epoch: 03, Loss: 0.5890
Run: 06, Epoch: 04, Loss: 0.5428
Run: 06, Epoch: 05, Loss: 0.5261
Run: 06, Epoch: 06, Loss: 0.5123
Run: 06, Epoch: 07, Loss: 0.4937
Run: 06, Epoch: 08, Loss: 0.4798
Run: 06, Epoch: 09, Loss: 0.4720
Run: 06, Epoch: 10, Loss: 0.4678
Run: 06, Epoch: 10, Train: 89.10%, Valid: 90.79% Test: 78.40%
Run: 06, Epoch: 11, Loss: 0.4586
Run: 06, Epoch: 12, Loss: 0.4581
Run: 06, Epoch: 12, Train: 89.43%, Valid: 90.84% Test: 77.42%
Run: 06, Epoch: 13, Loss: 0.4530
Run: 06, Epoch: 14, Loss: 0.4431
Run: 06, Epoch: 14, Train: 89.67%, Valid: 90.95% Test: 78.07%
Run: 06, Epoch: 15, Loss: 0.4396
Run: 06, Epoch: 16, Loss: 0.4443
Run: 06, Epoch: 16, Train: 89.83%, Valid: 90.84% Test: 78.04%
Run: 06, Epoch: 17, Loss: 0.4404
Run: 06, Epoch: 18, Loss: 0.4375
Run: 06, Epoch: 18, Train: 90.06%, Valid: 91.09% Test: 77.88%
Run: 06, Epoch: 19, Loss: 0.4385
Run: 06, Epoch: 20, Loss: 0.4377
Run: 06, Epoch: 20, Train: 90.29%, Valid: 91.12% Test: 78.29%
Run 06:
Highest Train: 90.29
Highest Valid: 91.12
  Final Train: 90.29
   Final Test: 78.29
Run: 07, Epoch: 01, Loss: 1.5236
Run: 07, Epoch: 02, Loss: 0.6869
Run: 07, Epoch: 03, Loss: 0.6062
Run: 07, Epoch: 04, Loss: 0.5571
Run: 07, Epoch: 05, Loss: 0.5337
Run: 07, Epoch: 06, Loss: 0.5155
Run: 07, Epoch: 07, Loss: 0.4968
Run: 07, Epoch: 08, Loss: 0.4869
Run: 07, Epoch: 09, Loss: 0.4816
Run: 07, Epoch: 10, Loss: 0.4764
Run: 07, Epoch: 10, Train: 89.04%, Valid: 90.85% Test: 77.35%
Run: 07, Epoch: 11, Loss: 0.4672
Run: 07, Epoch: 12, Loss: 0.4614
Run: 07, Epoch: 12, Train: 89.07%, Valid: 90.67% Test: 76.73%
Run: 07, Epoch: 13, Loss: 0.4537
Run: 07, Epoch: 14, Loss: 0.4473
Run: 07, Epoch: 14, Train: 89.51%, Valid: 90.99% Test: 78.49%
Run: 07, Epoch: 15, Loss: 0.4448
Run: 07, Epoch: 16, Loss: 0.4485
Run: 07, Epoch: 16, Train: 89.83%, Valid: 91.01% Test: 77.32%
Run: 07, Epoch: 17, Loss: 0.4429
Run: 07, Epoch: 18, Loss: 0.4403
Run: 07, Epoch: 18, Train: 90.11%, Valid: 91.33% Test: 78.06%
Run: 07, Epoch: 19, Loss: 0.4333
Run: 07, Epoch: 20, Loss: 0.4341
Run: 07, Epoch: 20, Train: 89.96%, Valid: 91.05% Test: 78.22%
Run 07:
Highest Train: 90.11
Highest Valid: 91.33
  Final Train: 90.11
   Final Test: 78.06
Run: 08, Epoch: 01, Loss: 1.3600
Run: 08, Epoch: 02, Loss: 0.6635
Run: 08, Epoch: 03, Loss: 0.5834
Run: 08, Epoch: 04, Loss: 0.5401
Run: 08, Epoch: 05, Loss: 0.5185
Run: 08, Epoch: 06, Loss: 0.5027
Run: 08, Epoch: 07, Loss: 0.4854
Run: 08, Epoch: 08, Loss: 0.4838
Run: 08, Epoch: 09, Loss: 0.4743
Run: 08, Epoch: 10, Loss: 0.4653
Run: 08, Epoch: 10, Train: 88.97%, Valid: 90.97% Test: 77.78%
Run: 08, Epoch: 11, Loss: 0.4631
Run: 08, Epoch: 12, Loss: 0.4525
Run: 08, Epoch: 12, Train: 89.56%, Valid: 91.12% Test: 78.32%
Run: 08, Epoch: 13, Loss: 0.4450
Run: 08, Epoch: 14, Loss: 0.4492
Run: 08, Epoch: 14, Train: 89.69%, Valid: 91.12% Test: 78.11%
Run: 08, Epoch: 15, Loss: 0.4399
Run: 08, Epoch: 16, Loss: 0.4399
Run: 08, Epoch: 16, Train: 89.93%, Valid: 91.34% Test: 78.13%
Run: 08, Epoch: 17, Loss: 0.4324
Run: 08, Epoch: 18, Loss: 0.4407
Run: 08, Epoch: 18, Train: 90.08%, Valid: 91.19% Test: 77.71%
Run: 08, Epoch: 19, Loss: 0.4284
Run: 08, Epoch: 20, Loss: 0.4320
Run: 08, Epoch: 20, Train: 90.18%, Valid: 91.41% Test: 78.30%
Run 08:
Highest Train: 90.18
Highest Valid: 91.41
  Final Train: 90.18
   Final Test: 78.30
Run: 09, Epoch: 01, Loss: 1.4023
Run: 09, Epoch: 02, Loss: 0.6715
Run: 09, Epoch: 03, Loss: 0.5863
Run: 09, Epoch: 04, Loss: 0.5456
Run: 09, Epoch: 05, Loss: 0.5209
Run: 09, Epoch: 06, Loss: 0.5026
Run: 09, Epoch: 07, Loss: 0.4914
Run: 09, Epoch: 08, Loss: 0.4809
Run: 09, Epoch: 09, Loss: 0.4793
Run: 09, Epoch: 10, Loss: 0.4668
Run: 09, Epoch: 10, Train: 89.12%, Valid: 90.92% Test: 77.24%
Run: 09, Epoch: 11, Loss: 0.4632
Run: 09, Epoch: 12, Loss: 0.4577
Run: 09, Epoch: 12, Train: 89.32%, Valid: 90.90% Test: 77.56%
Run: 09, Epoch: 13, Loss: 0.4583
Run: 09, Epoch: 14, Loss: 0.4569
Run: 09, Epoch: 14, Train: 89.49%, Valid: 90.90% Test: 77.55%
Run: 09, Epoch: 15, Loss: 0.4525
Run: 09, Epoch: 16, Loss: 0.4434
Run: 09, Epoch: 16, Train: 89.64%, Valid: 91.34% Test: 78.36%
Run: 09, Epoch: 17, Loss: 0.4339
Run: 09, Epoch: 18, Loss: 0.4341
Run: 09, Epoch: 18, Train: 90.01%, Valid: 91.34% Test: 77.24%
Run: 09, Epoch: 19, Loss: 0.4313
Run: 09, Epoch: 20, Loss: 0.4289
Run: 09, Epoch: 20, Train: 90.28%, Valid: 91.23% Test: 78.15%
Run 09:
Highest Train: 90.28
Highest Valid: 91.34
  Final Train: 90.01
   Final Test: 77.24
Run: 10, Epoch: 01, Loss: 1.4281
Run: 10, Epoch: 02, Loss: 0.6833
Run: 10, Epoch: 03, Loss: 0.5887
Run: 10, Epoch: 04, Loss: 0.5540
Run: 10, Epoch: 05, Loss: 0.5318
Run: 10, Epoch: 06, Loss: 0.5108
Run: 10, Epoch: 07, Loss: 0.4869
Run: 10, Epoch: 08, Loss: 0.4884
Run: 10, Epoch: 09, Loss: 0.4788
Run: 10, Epoch: 10, Loss: 0.4682
Run: 10, Epoch: 10, Train: 89.02%, Valid: 90.95% Test: 77.62%
Run: 10, Epoch: 11, Loss: 0.4565
Run: 10, Epoch: 12, Loss: 0.4509
Run: 10, Epoch: 12, Train: 89.40%, Valid: 91.06% Test: 78.20%
Run: 10, Epoch: 13, Loss: 0.4559
Run: 10, Epoch: 14, Loss: 0.4514
Run: 10, Epoch: 14, Train: 89.48%, Valid: 90.78% Test: 78.22%
Run: 10, Epoch: 15, Loss: 0.4574
Run: 10, Epoch: 16, Loss: 0.4432
Run: 10, Epoch: 16, Train: 89.68%, Valid: 91.22% Test: 77.91%
Run: 10, Epoch: 17, Loss: 0.4400
Run: 10, Epoch: 18, Loss: 0.4412
Run: 10, Epoch: 18, Train: 90.02%, Valid: 91.26% Test: 78.28%
Run: 10, Epoch: 19, Loss: 0.4403
Run: 10, Epoch: 20, Loss: 0.4411
Run: 10, Epoch: 20, Train: 90.15%, Valid: 91.17% Test: 78.21%
Run 10:
Highest Train: 90.15
Highest Valid: 91.26
  Final Train: 90.02
   Final Test: 78.28
All runs:
Highest Train: 90.11 ± 0.13
Highest Valid: 91.23 ± 0.11
  Final Train: 89.97 ± 0.27
   Final Test: 78.06 ± 0.35
