Namespace(device=0, log_steps=1, inductive=False, num_layers=3, hidden_channels=256, dropout=0.5, batch_size=20000, walk_length=3, lr=0.01, num_steps=30, epochs=20, eval_steps=2, runs=10, rsv=0.3, al='el2n', alpha=0.9)
tensor([ 99311, 131369,  96836,  ...,    669,  51880,  14218]) 58985
tensor([222340, 232877, 217134,  ..., 213931, 229892, 206464]) 11796
Run: 01, Epoch: 01, Loss: 1.3796
Run: 01, Epoch: 02, Loss: 0.5656
Run: 01, Epoch: 03, Loss: 0.4839
Run: 01, Epoch: 04, Loss: 0.4426
Run: 01, Epoch: 05, Loss: 0.4284
Run: 01, Epoch: 06, Loss: 0.4075
Run: 01, Epoch: 07, Loss: 0.3935
Run: 01, Epoch: 08, Loss: 0.3895
Run: 01, Epoch: 09, Loss: 0.3757
Run: 01, Epoch: 10, Loss: 0.3764
Run: 01, Epoch: 10, Train: 91.34%, Valid: 90.51% Test: 77.76%
Run: 01, Epoch: 11, Loss: 0.3649
Run: 01, Epoch: 12, Loss: 0.3589
Run: 01, Epoch: 12, Train: 91.45%, Valid: 90.39% Test: 77.46%
Run: 01, Epoch: 13, Loss: 0.3606
Run: 01, Epoch: 14, Loss: 0.3569
Run: 01, Epoch: 14, Train: 91.64%, Valid: 90.62% Test: 78.22%
Run: 01, Epoch: 15, Loss: 0.3567
Run: 01, Epoch: 16, Loss: 0.3477
Run: 01, Epoch: 16, Train: 91.89%, Valid: 90.74% Test: 78.48%
Run: 01, Epoch: 17, Loss: 0.3439
Run: 01, Epoch: 18, Loss: 0.3455
Run: 01, Epoch: 18, Train: 92.00%, Valid: 90.72% Test: 77.29%
Run: 01, Epoch: 19, Loss: 0.3465
Run: 01, Epoch: 20, Loss: 0.3414
Run: 01, Epoch: 20, Train: 92.08%, Valid: 90.68% Test: 78.26%
Run 01:
Highest Train: 92.08
Highest Valid: 90.74
  Final Train: 91.89
   Final Test: 78.48
Run: 02, Epoch: 01, Loss: 1.5168
Run: 02, Epoch: 02, Loss: 0.5859
Run: 02, Epoch: 03, Loss: 0.4946
Run: 02, Epoch: 04, Loss: 0.4514
Run: 02, Epoch: 05, Loss: 0.4248
Run: 02, Epoch: 06, Loss: 0.4102
Run: 02, Epoch: 07, Loss: 0.4021
Run: 02, Epoch: 08, Loss: 0.3920
Run: 02, Epoch: 09, Loss: 0.3916
Run: 02, Epoch: 10, Loss: 0.3814
Run: 02, Epoch: 10, Train: 91.30%, Valid: 90.51% Test: 78.01%
Run: 02, Epoch: 11, Loss: 0.3691
Run: 02, Epoch: 12, Loss: 0.3668
Run: 02, Epoch: 12, Train: 91.45%, Valid: 90.96% Test: 77.80%
Run: 02, Epoch: 13, Loss: 0.3550
Run: 02, Epoch: 14, Loss: 0.3559
Run: 02, Epoch: 14, Train: 91.65%, Valid: 90.67% Test: 77.67%
Run: 02, Epoch: 15, Loss: 0.3547
Run: 02, Epoch: 16, Loss: 0.3522
Run: 02, Epoch: 16, Train: 91.70%, Valid: 90.73% Test: 77.96%
Run: 02, Epoch: 17, Loss: 0.3490
Run: 02, Epoch: 18, Loss: 0.3471
Run: 02, Epoch: 18, Train: 92.04%, Valid: 90.83% Test: 77.81%
Run: 02, Epoch: 19, Loss: 0.3382
Run: 02, Epoch: 20, Loss: 0.3459
Run: 02, Epoch: 20, Train: 92.01%, Valid: 90.91% Test: 78.41%
Run 02:
Highest Train: 92.04
Highest Valid: 90.96
  Final Train: 91.45
   Final Test: 77.80
Run: 03, Epoch: 01, Loss: 1.4481
Run: 03, Epoch: 02, Loss: 0.5760
Run: 03, Epoch: 03, Loss: 0.4939
Run: 03, Epoch: 04, Loss: 0.4580
Run: 03, Epoch: 05, Loss: 0.4273
Run: 03, Epoch: 06, Loss: 0.4174
Run: 03, Epoch: 07, Loss: 0.4014
Run: 03, Epoch: 08, Loss: 0.3934
Run: 03, Epoch: 09, Loss: 0.3850
Run: 03, Epoch: 10, Loss: 0.3779
Run: 03, Epoch: 10, Train: 91.05%, Valid: 90.51% Test: 77.23%
Run: 03, Epoch: 11, Loss: 0.3719
Run: 03, Epoch: 12, Loss: 0.3712
Run: 03, Epoch: 12, Train: 91.43%, Valid: 90.87% Test: 77.27%
Run: 03, Epoch: 13, Loss: 0.3641
Run: 03, Epoch: 14, Loss: 0.3603
Run: 03, Epoch: 14, Train: 91.37%, Valid: 90.38% Test: 78.00%
Run: 03, Epoch: 15, Loss: 0.3559
Run: 03, Epoch: 16, Loss: 0.3601
Run: 03, Epoch: 16, Train: 91.76%, Valid: 90.85% Test: 78.52%
Run: 03, Epoch: 17, Loss: 0.3573
Run: 03, Epoch: 18, Loss: 0.3556
Run: 03, Epoch: 18, Train: 91.85%, Valid: 90.71% Test: 78.19%
Run: 03, Epoch: 19, Loss: 0.3483
Run: 03, Epoch: 20, Loss: 0.3465
Run: 03, Epoch: 20, Train: 91.97%, Valid: 90.95% Test: 78.19%
Run 03:
Highest Train: 91.97
Highest Valid: 90.95
  Final Train: 91.97
   Final Test: 78.19
Run: 04, Epoch: 01, Loss: 1.3420
Run: 04, Epoch: 02, Loss: 0.5623
Run: 04, Epoch: 03, Loss: 0.4795
Run: 04, Epoch: 04, Loss: 0.4486
Run: 04, Epoch: 05, Loss: 0.4206
Run: 04, Epoch: 06, Loss: 0.4073
Run: 04, Epoch: 07, Loss: 0.3955
Run: 04, Epoch: 08, Loss: 0.3863
Run: 04, Epoch: 09, Loss: 0.3829
Run: 04, Epoch: 10, Loss: 0.3756
Run: 04, Epoch: 10, Train: 91.27%, Valid: 90.46% Test: 78.46%
Run: 04, Epoch: 11, Loss: 0.3615
Run: 04, Epoch: 12, Loss: 0.3581
Run: 04, Epoch: 12, Train: 91.71%, Valid: 90.70% Test: 77.93%
Run: 04, Epoch: 13, Loss: 0.3513
Run: 04, Epoch: 14, Loss: 0.3507
Run: 04, Epoch: 14, Train: 91.73%, Valid: 90.89% Test: 77.23%
Run: 04, Epoch: 15, Loss: 0.3492
Run: 04, Epoch: 16, Loss: 0.3508
Run: 04, Epoch: 16, Train: 92.04%, Valid: 90.91% Test: 77.68%
Run: 04, Epoch: 17, Loss: 0.3458
Run: 04, Epoch: 18, Loss: 0.3466
Run: 04, Epoch: 18, Train: 91.74%, Valid: 90.48% Test: 77.04%
Run: 04, Epoch: 19, Loss: 0.3470
Run: 04, Epoch: 20, Loss: 0.3380
Run: 04, Epoch: 20, Train: 92.26%, Valid: 90.84% Test: 77.66%
Run 04:
Highest Train: 92.26
Highest Valid: 90.91
  Final Train: 92.04
   Final Test: 77.68
Run: 05, Epoch: 01, Loss: 1.2859
Run: 05, Epoch: 02, Loss: 0.5586
Run: 05, Epoch: 03, Loss: 0.4761
Run: 05, Epoch: 04, Loss: 0.4436
Run: 05, Epoch: 05, Loss: 0.4207
Run: 05, Epoch: 06, Loss: 0.4009
Run: 05, Epoch: 07, Loss: 0.3972
Run: 05, Epoch: 08, Loss: 0.3818
Run: 05, Epoch: 09, Loss: 0.3749
Run: 05, Epoch: 10, Loss: 0.3698
Run: 05, Epoch: 10, Train: 91.23%, Valid: 90.34% Test: 77.36%
Run: 05, Epoch: 11, Loss: 0.3620
Run: 05, Epoch: 12, Loss: 0.3574
Run: 05, Epoch: 12, Train: 91.48%, Valid: 90.64% Test: 77.42%
Run: 05, Epoch: 13, Loss: 0.3559
Run: 05, Epoch: 14, Loss: 0.3508
Run: 05, Epoch: 14, Train: 91.71%, Valid: 90.99% Test: 77.96%
Run: 05, Epoch: 15, Loss: 0.3535
Run: 05, Epoch: 16, Loss: 0.3447
Run: 05, Epoch: 16, Train: 91.81%, Valid: 90.73% Test: 78.37%
Run: 05, Epoch: 17, Loss: 0.3410
Run: 05, Epoch: 18, Loss: 0.3386
Run: 05, Epoch: 18, Train: 92.19%, Valid: 90.81% Test: 77.29%
Run: 05, Epoch: 19, Loss: 0.3398
Run: 05, Epoch: 20, Loss: 0.3420
Run: 05, Epoch: 20, Train: 92.21%, Valid: 90.75% Test: 77.97%
Run 05:
Highest Train: 92.21
Highest Valid: 90.99
  Final Train: 91.71
   Final Test: 77.96
Run: 06, Epoch: 01, Loss: 1.3428
Run: 06, Epoch: 02, Loss: 0.5635
Run: 06, Epoch: 03, Loss: 0.4873
Run: 06, Epoch: 04, Loss: 0.4416
Run: 06, Epoch: 05, Loss: 0.4239
Run: 06, Epoch: 06, Loss: 0.4125
Run: 06, Epoch: 07, Loss: 0.3969
Run: 06, Epoch: 08, Loss: 0.3812
Run: 06, Epoch: 09, Loss: 0.3754
Run: 06, Epoch: 10, Loss: 0.3763
Run: 06, Epoch: 10, Train: 91.34%, Valid: 90.39% Test: 77.81%
Run: 06, Epoch: 11, Loss: 0.3635
Run: 06, Epoch: 12, Loss: 0.3601
Run: 06, Epoch: 12, Train: 91.64%, Valid: 90.54% Test: 77.03%
Run: 06, Epoch: 13, Loss: 0.3614
Run: 06, Epoch: 14, Loss: 0.3517
Run: 06, Epoch: 14, Train: 91.77%, Valid: 90.68% Test: 77.63%
Run: 06, Epoch: 15, Loss: 0.3449
Run: 06, Epoch: 16, Loss: 0.3473
Run: 06, Epoch: 16, Train: 91.93%, Valid: 91.01% Test: 77.75%
Run: 06, Epoch: 17, Loss: 0.3473
Run: 06, Epoch: 18, Loss: 0.3475
Run: 06, Epoch: 18, Train: 92.19%, Valid: 90.78% Test: 77.98%
Run: 06, Epoch: 19, Loss: 0.3429
Run: 06, Epoch: 20, Loss: 0.3484
Run: 06, Epoch: 20, Train: 92.00%, Valid: 90.90% Test: 78.03%
Run 06:
Highest Train: 92.19
Highest Valid: 91.01
  Final Train: 91.93
   Final Test: 77.75
Run: 07, Epoch: 01, Loss: 1.4620
Run: 07, Epoch: 02, Loss: 0.5847
Run: 07, Epoch: 03, Loss: 0.4988
Run: 07, Epoch: 04, Loss: 0.4584
Run: 07, Epoch: 05, Loss: 0.4294
Run: 07, Epoch: 06, Loss: 0.4151
Run: 07, Epoch: 07, Loss: 0.3984
Run: 07, Epoch: 08, Loss: 0.3909
Run: 07, Epoch: 09, Loss: 0.3858
Run: 07, Epoch: 10, Loss: 0.3849
Run: 07, Epoch: 10, Train: 90.89%, Valid: 90.36% Test: 77.15%
Run: 07, Epoch: 11, Loss: 0.3697
Run: 07, Epoch: 12, Loss: 0.3646
Run: 07, Epoch: 12, Train: 91.23%, Valid: 90.59% Test: 77.18%
Run: 07, Epoch: 13, Loss: 0.3594
Run: 07, Epoch: 14, Loss: 0.3533
Run: 07, Epoch: 14, Train: 91.56%, Valid: 90.64% Test: 78.28%
Run: 07, Epoch: 15, Loss: 0.3521
Run: 07, Epoch: 16, Loss: 0.3554
Run: 07, Epoch: 16, Train: 91.90%, Valid: 90.79% Test: 77.25%
Run: 07, Epoch: 17, Loss: 0.3486
Run: 07, Epoch: 18, Loss: 0.3510
Run: 07, Epoch: 18, Train: 91.86%, Valid: 90.76% Test: 77.18%
Run: 07, Epoch: 19, Loss: 0.3421
Run: 07, Epoch: 20, Loss: 0.3449
Run: 07, Epoch: 20, Train: 92.25%, Valid: 90.68% Test: 77.44%
Run 07:
Highest Train: 92.25
Highest Valid: 90.79
  Final Train: 91.90
   Final Test: 77.25
Run: 08, Epoch: 01, Loss: 1.2783
Run: 08, Epoch: 02, Loss: 0.5483
Run: 08, Epoch: 03, Loss: 0.4806
Run: 08, Epoch: 04, Loss: 0.4397
Run: 08, Epoch: 05, Loss: 0.4163
Run: 08, Epoch: 06, Loss: 0.4015
Run: 08, Epoch: 07, Loss: 0.3897
Run: 08, Epoch: 08, Loss: 0.3864
Run: 08, Epoch: 09, Loss: 0.3791
Run: 08, Epoch: 10, Loss: 0.3670
Run: 08, Epoch: 10, Train: 91.20%, Valid: 90.43% Test: 78.38%
Run: 08, Epoch: 11, Loss: 0.3684
Run: 08, Epoch: 12, Loss: 0.3594
Run: 08, Epoch: 12, Train: 91.58%, Valid: 90.62% Test: 78.04%
Run: 08, Epoch: 13, Loss: 0.3563
Run: 08, Epoch: 14, Loss: 0.3624
Run: 08, Epoch: 14, Train: 91.51%, Valid: 90.60% Test: 77.92%
Run: 08, Epoch: 15, Loss: 0.3518
Run: 08, Epoch: 16, Loss: 0.3498
Run: 08, Epoch: 16, Train: 91.86%, Valid: 90.86% Test: 77.61%
Run: 08, Epoch: 17, Loss: 0.3461
Run: 08, Epoch: 18, Loss: 0.3473
Run: 08, Epoch: 18, Train: 92.07%, Valid: 90.79% Test: 77.95%
Run: 08, Epoch: 19, Loss: 0.3418
Run: 08, Epoch: 20, Loss: 0.3403
Run: 08, Epoch: 20, Train: 92.10%, Valid: 90.77% Test: 78.24%
Run 08:
Highest Train: 92.10
Highest Valid: 90.86
  Final Train: 91.86
   Final Test: 77.61
Run: 09, Epoch: 01, Loss: 1.3524
Run: 09, Epoch: 02, Loss: 0.5509
Run: 09, Epoch: 03, Loss: 0.4799
Run: 09, Epoch: 04, Loss: 0.4407
Run: 09, Epoch: 05, Loss: 0.4208
Run: 09, Epoch: 06, Loss: 0.4021
Run: 09, Epoch: 07, Loss: 0.3932
Run: 09, Epoch: 08, Loss: 0.3818
Run: 09, Epoch: 09, Loss: 0.3742
Run: 09, Epoch: 10, Loss: 0.3688
Run: 09, Epoch: 10, Train: 91.14%, Valid: 90.35% Test: 76.96%
Run: 09, Epoch: 11, Loss: 0.3635
Run: 09, Epoch: 12, Loss: 0.3553
Run: 09, Epoch: 12, Train: 91.35%, Valid: 90.49% Test: 77.38%
Run: 09, Epoch: 13, Loss: 0.3594
Run: 09, Epoch: 14, Loss: 0.3575
Run: 09, Epoch: 14, Train: 91.57%, Valid: 90.49% Test: 76.73%
Run: 09, Epoch: 15, Loss: 0.3527
Run: 09, Epoch: 16, Loss: 0.3483
Run: 09, Epoch: 16, Train: 91.74%, Valid: 90.61% Test: 77.86%
Run: 09, Epoch: 17, Loss: 0.3421
Run: 09, Epoch: 18, Loss: 0.3430
Run: 09, Epoch: 18, Train: 92.07%, Valid: 90.69% Test: 77.65%
Run: 09, Epoch: 19, Loss: 0.3395
Run: 09, Epoch: 20, Loss: 0.3360
Run: 09, Epoch: 20, Train: 92.39%, Valid: 90.87% Test: 78.24%
Run 09:
Highest Train: 92.39
Highest Valid: 90.87
  Final Train: 92.39
   Final Test: 78.24
Run: 10, Epoch: 01, Loss: 1.3762
Run: 10, Epoch: 02, Loss: 0.5738
Run: 10, Epoch: 03, Loss: 0.4863
Run: 10, Epoch: 04, Loss: 0.4477
Run: 10, Epoch: 05, Loss: 0.4283
Run: 10, Epoch: 06, Loss: 0.4128
Run: 10, Epoch: 07, Loss: 0.3934
Run: 10, Epoch: 08, Loss: 0.3919
Run: 10, Epoch: 09, Loss: 0.3853
Run: 10, Epoch: 10, Loss: 0.3719
Run: 10, Epoch: 10, Train: 90.90%, Valid: 90.40% Test: 77.04%
Run: 10, Epoch: 11, Loss: 0.3713
Run: 10, Epoch: 12, Loss: 0.3622
Run: 10, Epoch: 12, Train: 91.48%, Valid: 90.57% Test: 78.33%
Run: 10, Epoch: 13, Loss: 0.3616
Run: 10, Epoch: 14, Loss: 0.3673
Run: 10, Epoch: 14, Train: 91.44%, Valid: 90.51% Test: 77.90%
Run: 10, Epoch: 15, Loss: 0.3679
Run: 10, Epoch: 16, Loss: 0.3500
Run: 10, Epoch: 16, Train: 91.78%, Valid: 90.57% Test: 78.16%
Run: 10, Epoch: 17, Loss: 0.3490
Run: 10, Epoch: 18, Loss: 0.3505
Run: 10, Epoch: 18, Train: 91.88%, Valid: 90.76% Test: 77.98%
Run: 10, Epoch: 19, Loss: 0.3436
Run: 10, Epoch: 20, Loss: 0.3430
Run: 10, Epoch: 20, Train: 92.03%, Valid: 90.71% Test: 77.87%
Run 10:
Highest Train: 92.03
Highest Valid: 90.76
  Final Train: 91.88
   Final Test: 77.98
All runs:
Highest Train: 92.15 ± 0.13
Highest Valid: 90.89 ± 0.10
  Final Train: 91.90 ± 0.24
   Final Test: 77.89 ± 0.35
