Namespace(device=0, log_steps=1, inductive=False, num_layers=3, hidden_channels=256, dropout=0.5, batch_size=20000, walk_length=3, lr=0.01, num_steps=30, epochs=20, eval_steps=2, runs=10, rsv=0.3, al='el2n', alpha=0.4)
tensor([ 99311, 131369,  15223,  ...,   2200,  56132, 107379]) 58985
tensor([222340, 232877, 217134,  ..., 213931, 229892, 206464]) 11796
Run: 01, Epoch: 01, Loss: 1.8552
Run: 01, Epoch: 02, Loss: 1.0762
Run: 01, Epoch: 03, Loss: 0.9402
Run: 01, Epoch: 04, Loss: 0.8797
Run: 01, Epoch: 05, Loss: 0.8465
Run: 01, Epoch: 06, Loss: 0.8236
Run: 01, Epoch: 07, Loss: 0.7967
Run: 01, Epoch: 08, Loss: 0.7809
Run: 01, Epoch: 09, Loss: 0.7707
Run: 01, Epoch: 10, Loss: 0.7642
Run: 01, Epoch: 10, Train: 81.60%, Valid: 89.33% Test: 75.73%
Run: 01, Epoch: 11, Loss: 0.7525
Run: 01, Epoch: 12, Loss: 0.7430
Run: 01, Epoch: 12, Train: 82.36%, Valid: 89.91% Test: 76.29%
Run: 01, Epoch: 13, Loss: 0.7421
Run: 01, Epoch: 14, Loss: 0.7417
Run: 01, Epoch: 14, Train: 82.50%, Valid: 89.57% Test: 76.71%
Run: 01, Epoch: 15, Loss: 0.7327
Run: 01, Epoch: 16, Loss: 0.7269
Run: 01, Epoch: 16, Train: 82.96%, Valid: 90.04% Test: 76.46%
Run: 01, Epoch: 17, Loss: 0.7205
Run: 01, Epoch: 18, Loss: 0.7219
Run: 01, Epoch: 18, Train: 83.29%, Valid: 90.54% Test: 75.98%
Run: 01, Epoch: 19, Loss: 0.7218
Run: 01, Epoch: 20, Loss: 0.7184
Run: 01, Epoch: 20, Train: 83.12%, Valid: 89.91% Test: 76.38%
Run 01:
Highest Train: 83.29
Highest Valid: 90.54
  Final Train: 83.29
   Final Test: 75.98
Run: 02, Epoch: 01, Loss: 1.7624
Run: 02, Epoch: 02, Loss: 1.0523
Run: 02, Epoch: 03, Loss: 0.9424
Run: 02, Epoch: 04, Loss: 0.8796
Run: 02, Epoch: 05, Loss: 0.8409
Run: 02, Epoch: 06, Loss: 0.8137
Run: 02, Epoch: 07, Loss: 0.8019
Run: 02, Epoch: 08, Loss: 0.7854
Run: 02, Epoch: 09, Loss: 0.7835
Run: 02, Epoch: 10, Loss: 0.7683
Run: 02, Epoch: 10, Train: 81.64%, Valid: 89.43% Test: 75.95%
Run: 02, Epoch: 11, Loss: 0.7569
Run: 02, Epoch: 12, Loss: 0.7605
Run: 02, Epoch: 12, Train: 82.23%, Valid: 89.98% Test: 76.09%
Run: 02, Epoch: 13, Loss: 0.7495
Run: 02, Epoch: 14, Loss: 0.7428
Run: 02, Epoch: 14, Train: 82.38%, Valid: 89.96% Test: 76.05%
Run: 02, Epoch: 15, Loss: 0.7322
Run: 02, Epoch: 16, Loss: 0.7341
Run: 02, Epoch: 16, Train: 82.50%, Valid: 87.29% Test: 73.81%
Run: 02, Epoch: 17, Loss: 0.7237
Run: 02, Epoch: 18, Loss: 0.7271
Run: 02, Epoch: 18, Train: 82.88%, Valid: 86.82% Test: 72.58%
Run: 02, Epoch: 19, Loss: 0.7213
Run: 02, Epoch: 20, Loss: 0.7204
Run: 02, Epoch: 20, Train: 82.63%, Valid: 89.56% Test: 76.33%
Run 02:
Highest Train: 82.88
Highest Valid: 89.98
  Final Train: 82.23
   Final Test: 76.09
Run: 03, Epoch: 01, Loss: 1.8256
Run: 03, Epoch: 02, Loss: 1.0629
Run: 03, Epoch: 03, Loss: 0.9478
Run: 03, Epoch: 04, Loss: 0.8917
Run: 03, Epoch: 05, Loss: 0.8508
Run: 03, Epoch: 06, Loss: 0.8345
Run: 03, Epoch: 07, Loss: 0.8046
Run: 03, Epoch: 08, Loss: 0.7894
Run: 03, Epoch: 09, Loss: 0.7744
Run: 03, Epoch: 10, Loss: 0.7638
Run: 03, Epoch: 10, Train: 81.56%, Valid: 87.80% Test: 74.24%
Run: 03, Epoch: 11, Loss: 0.7568
Run: 03, Epoch: 12, Loss: 0.7530
Run: 03, Epoch: 12, Train: 82.28%, Valid: 89.46% Test: 75.65%
Run: 03, Epoch: 13, Loss: 0.7480
Run: 03, Epoch: 14, Loss: 0.7500
Run: 03, Epoch: 14, Train: 82.40%, Valid: 87.99% Test: 74.10%
Run: 03, Epoch: 15, Loss: 0.7429
Run: 03, Epoch: 16, Loss: 0.7365
Run: 03, Epoch: 16, Train: 82.49%, Valid: 89.46% Test: 75.29%
Run: 03, Epoch: 17, Loss: 0.7329
Run: 03, Epoch: 18, Loss: 0.7295
Run: 03, Epoch: 18, Train: 82.79%, Valid: 89.71% Test: 76.22%
Run: 03, Epoch: 19, Loss: 0.7240
Run: 03, Epoch: 20, Loss: 0.7219
Run: 03, Epoch: 20, Train: 83.06%, Valid: 89.89% Test: 75.50%
Run 03:
Highest Train: 83.06
Highest Valid: 89.89
  Final Train: 83.06
   Final Test: 75.50
Run: 04, Epoch: 01, Loss: 1.8826
Run: 04, Epoch: 02, Loss: 1.0825
Run: 04, Epoch: 03, Loss: 0.9430
Run: 04, Epoch: 04, Loss: 0.8911
Run: 04, Epoch: 05, Loss: 0.8529
Run: 04, Epoch: 06, Loss: 0.8307
Run: 04, Epoch: 07, Loss: 0.8107
Run: 04, Epoch: 08, Loss: 0.7947
Run: 04, Epoch: 09, Loss: 0.7837
Run: 04, Epoch: 10, Loss: 0.7749
Run: 04, Epoch: 10, Train: 81.67%, Valid: 87.69% Test: 74.56%
Run: 04, Epoch: 11, Loss: 0.7603
Run: 04, Epoch: 12, Loss: 0.7557
Run: 04, Epoch: 12, Train: 81.98%, Valid: 88.24% Test: 74.46%
Run: 04, Epoch: 13, Loss: 0.7550
Run: 04, Epoch: 14, Loss: 0.7451
Run: 04, Epoch: 14, Train: 82.22%, Valid: 89.65% Test: 74.99%
Run: 04, Epoch: 15, Loss: 0.7536
Run: 04, Epoch: 16, Loss: 0.7438
Run: 04, Epoch: 16, Train: 82.73%, Valid: 89.62% Test: 76.31%
Run: 04, Epoch: 17, Loss: 0.7371
Run: 04, Epoch: 18, Loss: 0.7314
Run: 04, Epoch: 18, Train: 83.05%, Valid: 87.41% Test: 73.58%
Run: 04, Epoch: 19, Loss: 0.7240
Run: 04, Epoch: 20, Loss: 0.7217
Run: 04, Epoch: 20, Train: 82.67%, Valid: 89.66% Test: 76.62%
Run 04:
Highest Train: 83.05
Highest Valid: 89.66
  Final Train: 82.67
   Final Test: 76.62
Run: 05, Epoch: 01, Loss: 1.7804
Run: 05, Epoch: 02, Loss: 1.0554
Run: 05, Epoch: 03, Loss: 0.9385
Run: 05, Epoch: 04, Loss: 0.8768
Run: 05, Epoch: 05, Loss: 0.8411
Run: 05, Epoch: 06, Loss: 0.8160
Run: 05, Epoch: 07, Loss: 0.8070
Run: 05, Epoch: 08, Loss: 0.7840
Run: 05, Epoch: 09, Loss: 0.7772
Run: 05, Epoch: 10, Loss: 0.7656
Run: 05, Epoch: 10, Train: 81.43%, Valid: 86.80% Test: 73.74%
Run: 05, Epoch: 11, Loss: 0.7603
Run: 05, Epoch: 12, Loss: 0.7490
Run: 05, Epoch: 12, Train: 82.29%, Valid: 87.44% Test: 73.59%
Run: 05, Epoch: 13, Loss: 0.7447
Run: 05, Epoch: 14, Loss: 0.7467
Run: 05, Epoch: 14, Train: 82.37%, Valid: 87.45% Test: 73.38%
Run: 05, Epoch: 15, Loss: 0.7396
Run: 05, Epoch: 16, Loss: 0.7364
Run: 05, Epoch: 16, Train: 82.40%, Valid: 88.76% Test: 74.61%
Run: 05, Epoch: 17, Loss: 0.7248
Run: 05, Epoch: 18, Loss: 0.7184
Run: 05, Epoch: 18, Train: 82.78%, Valid: 87.19% Test: 73.72%
Run: 05, Epoch: 19, Loss: 0.7159
Run: 05, Epoch: 20, Loss: 0.7249
Run: 05, Epoch: 20, Train: 83.39%, Valid: 90.58% Test: 76.98%
Run 05:
Highest Train: 83.39
Highest Valid: 90.58
  Final Train: 83.39
   Final Test: 76.98
Run: 06, Epoch: 01, Loss: 1.8520
Run: 06, Epoch: 02, Loss: 1.0720
Run: 06, Epoch: 03, Loss: 0.9485
Run: 06, Epoch: 04, Loss: 0.8835
Run: 06, Epoch: 05, Loss: 0.8555
Run: 06, Epoch: 06, Loss: 0.8301
Run: 06, Epoch: 07, Loss: 0.8052
Run: 06, Epoch: 08, Loss: 0.7953
Run: 06, Epoch: 09, Loss: 0.7822
Run: 06, Epoch: 10, Loss: 0.7684
Run: 06, Epoch: 10, Train: 81.90%, Valid: 88.85% Test: 75.02%
Run: 06, Epoch: 11, Loss: 0.7606
Run: 06, Epoch: 12, Loss: 0.7670
Run: 06, Epoch: 12, Train: 82.11%, Valid: 88.08% Test: 74.29%
Run: 06, Epoch: 13, Loss: 0.7534
Run: 06, Epoch: 14, Loss: 0.7445
Run: 06, Epoch: 14, Train: 82.29%, Valid: 88.70% Test: 74.47%
Run: 06, Epoch: 15, Loss: 0.7433
Run: 06, Epoch: 16, Loss: 0.7375
Run: 06, Epoch: 16, Train: 82.84%, Valid: 88.27% Test: 74.82%
Run: 06, Epoch: 17, Loss: 0.7378
Run: 06, Epoch: 18, Loss: 0.7313
Run: 06, Epoch: 18, Train: 82.78%, Valid: 89.11% Test: 74.24%
Run: 06, Epoch: 19, Loss: 0.7246
Run: 06, Epoch: 20, Loss: 0.7261
Run: 06, Epoch: 20, Train: 83.13%, Valid: 89.16% Test: 74.90%
Run 06:
Highest Train: 83.13
Highest Valid: 89.16
  Final Train: 83.13
   Final Test: 74.90
Run: 07, Epoch: 01, Loss: 1.7781
Run: 07, Epoch: 02, Loss: 1.0519
Run: 07, Epoch: 03, Loss: 0.9389
Run: 07, Epoch: 04, Loss: 0.8738
Run: 07, Epoch: 05, Loss: 0.8391
Run: 07, Epoch: 06, Loss: 0.8178
Run: 07, Epoch: 07, Loss: 0.7969
Run: 07, Epoch: 08, Loss: 0.7860
Run: 07, Epoch: 09, Loss: 0.7690
Run: 07, Epoch: 10, Loss: 0.7644
Run: 07, Epoch: 10, Train: 81.55%, Valid: 88.85% Test: 75.06%
Run: 07, Epoch: 11, Loss: 0.7600
Run: 07, Epoch: 12, Loss: 0.7483
Run: 07, Epoch: 12, Train: 81.70%, Valid: 87.88% Test: 74.36%
Run: 07, Epoch: 13, Loss: 0.7438
Run: 07, Epoch: 14, Loss: 0.7367
Run: 07, Epoch: 14, Train: 82.63%, Valid: 88.96% Test: 75.65%
Run: 07, Epoch: 15, Loss: 0.7401
Run: 07, Epoch: 16, Loss: 0.7394
Run: 07, Epoch: 16, Train: 82.92%, Valid: 89.03% Test: 76.23%
Run: 07, Epoch: 17, Loss: 0.7276
Run: 07, Epoch: 18, Loss: 0.7265
Run: 07, Epoch: 18, Train: 83.23%, Valid: 88.70% Test: 75.80%
Run: 07, Epoch: 19, Loss: 0.7259
Run: 07, Epoch: 20, Loss: 0.7169
Run: 07, Epoch: 20, Train: 83.64%, Valid: 87.99% Test: 74.71%
Run 07:
Highest Train: 83.64
Highest Valid: 89.03
  Final Train: 82.92
   Final Test: 76.23
Run: 08, Epoch: 01, Loss: 1.8309
Run: 08, Epoch: 02, Loss: 1.0723
Run: 08, Epoch: 03, Loss: 0.9373
Run: 08, Epoch: 04, Loss: 0.8780
Run: 08, Epoch: 05, Loss: 0.8471
Run: 08, Epoch: 06, Loss: 0.8235
Run: 08, Epoch: 07, Loss: 0.7934
Run: 08, Epoch: 08, Loss: 0.7936
Run: 08, Epoch: 09, Loss: 0.7816
Run: 08, Epoch: 10, Loss: 0.7707
Run: 08, Epoch: 10, Train: 81.85%, Valid: 88.87% Test: 74.88%
Run: 08, Epoch: 11, Loss: 0.7636
Run: 08, Epoch: 12, Loss: 0.7529
Run: 08, Epoch: 12, Train: 82.10%, Valid: 87.52% Test: 73.71%
Run: 08, Epoch: 13, Loss: 0.7405
Run: 08, Epoch: 14, Loss: 0.7393
Run: 08, Epoch: 14, Train: 82.52%, Valid: 90.16% Test: 76.24%
Run: 08, Epoch: 15, Loss: 0.7318
Run: 08, Epoch: 16, Loss: 0.7350
Run: 08, Epoch: 16, Train: 82.82%, Valid: 88.23% Test: 74.28%
Run: 08, Epoch: 17, Loss: 0.7243
Run: 08, Epoch: 18, Loss: 0.7379
Run: 08, Epoch: 18, Train: 82.97%, Valid: 89.67% Test: 75.53%
Run: 08, Epoch: 19, Loss: 0.7167
Run: 08, Epoch: 20, Loss: 0.7191
Run: 08, Epoch: 20, Train: 83.12%, Valid: 90.12% Test: 76.53%
Run 08:
Highest Train: 83.12
Highest Valid: 90.16
  Final Train: 82.52
   Final Test: 76.24
Run: 09, Epoch: 01, Loss: 1.8572
Run: 09, Epoch: 02, Loss: 1.0676
Run: 09, Epoch: 03, Loss: 0.9385
Run: 09, Epoch: 04, Loss: 0.8745
Run: 09, Epoch: 05, Loss: 0.8488
Run: 09, Epoch: 06, Loss: 0.8142
Run: 09, Epoch: 07, Loss: 0.7944
Run: 09, Epoch: 08, Loss: 0.7872
Run: 09, Epoch: 09, Loss: 0.7744
Run: 09, Epoch: 10, Loss: 0.7624
Run: 09, Epoch: 10, Train: 81.91%, Valid: 89.28% Test: 75.55%
Run: 09, Epoch: 11, Loss: 0.7604
Run: 09, Epoch: 12, Loss: 0.7456
Run: 09, Epoch: 12, Train: 82.19%, Valid: 89.48% Test: 76.28%
Run: 09, Epoch: 13, Loss: 0.7440
Run: 09, Epoch: 14, Loss: 0.7434
Run: 09, Epoch: 14, Train: 82.55%, Valid: 89.33% Test: 75.04%
Run: 09, Epoch: 15, Loss: 0.7386
Run: 09, Epoch: 16, Loss: 0.7359
Run: 09, Epoch: 16, Train: 82.98%, Valid: 90.12% Test: 76.74%
Run: 09, Epoch: 17, Loss: 0.7207
Run: 09, Epoch: 18, Loss: 0.7257
Run: 09, Epoch: 18, Train: 83.46%, Valid: 89.28% Test: 75.89%
Run: 09, Epoch: 19, Loss: 0.7196
Run: 09, Epoch: 20, Loss: 0.7227
Run: 09, Epoch: 20, Train: 83.49%, Valid: 88.28% Test: 73.74%
Run 09:
Highest Train: 83.49
Highest Valid: 90.12
  Final Train: 82.98
   Final Test: 76.74
Run: 10, Epoch: 01, Loss: 1.7993
Run: 10, Epoch: 02, Loss: 1.0630
Run: 10, Epoch: 03, Loss: 0.9355
Run: 10, Epoch: 04, Loss: 0.8828
Run: 10, Epoch: 05, Loss: 0.8406
Run: 10, Epoch: 06, Loss: 0.8157
Run: 10, Epoch: 07, Loss: 0.7872
Run: 10, Epoch: 08, Loss: 0.7878
Run: 10, Epoch: 09, Loss: 0.7750
Run: 10, Epoch: 10, Loss: 0.7568
Run: 10, Epoch: 10, Train: 82.11%, Valid: 87.55% Test: 73.10%
Run: 10, Epoch: 11, Loss: 0.7456
Run: 10, Epoch: 12, Loss: 0.7437
Run: 10, Epoch: 12, Train: 82.54%, Valid: 89.23% Test: 75.91%
Run: 10, Epoch: 13, Loss: 0.7410
Run: 10, Epoch: 14, Loss: 0.7386
Run: 10, Epoch: 14, Train: 82.61%, Valid: 88.18% Test: 74.96%
Run: 10, Epoch: 15, Loss: 0.7386
Run: 10, Epoch: 16, Loss: 0.7277
Run: 10, Epoch: 16, Train: 82.61%, Valid: 88.78% Test: 74.36%
Run: 10, Epoch: 17, Loss: 0.7234
Run: 10, Epoch: 18, Loss: 0.7214
Run: 10, Epoch: 18, Train: 83.18%, Valid: 89.51% Test: 75.59%
Run: 10, Epoch: 19, Loss: 0.7189
Run: 10, Epoch: 20, Loss: 0.7236
Run: 10, Epoch: 20, Train: 83.52%, Valid: 88.22% Test: 74.36%
Run 10:
Highest Train: 83.52
Highest Valid: 89.51
  Final Train: 83.18
   Final Test: 75.59
All runs:
Highest Train: 83.26 ± 0.25
Highest Valid: 89.86 ± 0.53
  Final Train: 82.94 ± 0.36
   Final Test: 76.09 ± 0.63
