Namespace(device=0, log_steps=1, inductive=False, num_layers=3, hidden_channels=256, dropout=0.5, batch_size=20000, walk_length=3, lr=0.01, num_steps=30, epochs=20, eval_steps=2, runs=10, rsv=0.3, al='el2n', alpha=0.3)
tensor([ 99311, 131369,  15223,  ..., 115289,  68285,  80099]) 58985
tensor([222340, 232877, 217134,  ..., 213931, 229892, 206464]) 11796
Run: 01, Epoch: 01, Loss: 2.1368
Run: 01, Epoch: 02, Loss: 1.3396
Run: 01, Epoch: 03, Loss: 1.1773
Run: 01, Epoch: 04, Loss: 1.1075
Run: 01, Epoch: 05, Loss: 1.0566
Run: 01, Epoch: 06, Loss: 1.0265
Run: 01, Epoch: 07, Loss: 1.0038
Run: 01, Epoch: 08, Loss: 0.9846
Run: 01, Epoch: 09, Loss: 0.9746
Run: 01, Epoch: 10, Loss: 0.9642
Run: 01, Epoch: 10, Train: 76.25%, Valid: 77.04% Test: 65.74%
Run: 01, Epoch: 11, Loss: 0.9498
Run: 01, Epoch: 12, Loss: 0.9455
Run: 01, Epoch: 12, Train: 75.90%, Valid: 77.95% Test: 66.23%
Run: 01, Epoch: 13, Loss: 0.9449
Run: 01, Epoch: 14, Loss: 0.9404
Run: 01, Epoch: 14, Train: 76.90%, Valid: 83.67% Test: 70.15%
Run: 01, Epoch: 15, Loss: 0.9257
Run: 01, Epoch: 16, Loss: 0.9185
Run: 01, Epoch: 16, Train: 77.20%, Valid: 81.21% Test: 69.37%
Run: 01, Epoch: 17, Loss: 0.9185
Run: 01, Epoch: 18, Loss: 0.9215
Run: 01, Epoch: 18, Train: 77.79%, Valid: 79.48% Test: 66.26%
Run: 01, Epoch: 19, Loss: 0.9101
Run: 01, Epoch: 20, Loss: 0.9110
Run: 01, Epoch: 20, Train: 77.92%, Valid: 77.31% Test: 64.95%
Run 01:
Highest Train: 77.92
Highest Valid: 83.67
  Final Train: 76.90
   Final Test: 70.15
Run: 02, Epoch: 01, Loss: 2.1407
Run: 02, Epoch: 02, Loss: 1.3411
Run: 02, Epoch: 03, Loss: 1.1819
Run: 02, Epoch: 04, Loss: 1.1054
Run: 02, Epoch: 05, Loss: 1.0541
Run: 02, Epoch: 06, Loss: 1.0249
Run: 02, Epoch: 07, Loss: 1.0007
Run: 02, Epoch: 08, Loss: 0.9818
Run: 02, Epoch: 09, Loss: 0.9800
Run: 02, Epoch: 10, Loss: 0.9624
Run: 02, Epoch: 10, Train: 76.39%, Valid: 83.11% Test: 70.03%
Run: 02, Epoch: 11, Loss: 0.9531
Run: 02, Epoch: 12, Loss: 0.9515
Run: 02, Epoch: 12, Train: 76.78%, Valid: 83.88% Test: 69.06%
Run: 02, Epoch: 13, Loss: 0.9406
Run: 02, Epoch: 14, Loss: 0.9327
Run: 02, Epoch: 14, Train: 76.91%, Valid: 82.30% Test: 69.28%
Run: 02, Epoch: 15, Loss: 0.9307
Run: 02, Epoch: 16, Loss: 0.9285
Run: 02, Epoch: 16, Train: 76.81%, Valid: 78.60% Test: 66.01%
Run: 02, Epoch: 17, Loss: 0.9221
Run: 02, Epoch: 18, Loss: 0.9189
Run: 02, Epoch: 18, Train: 78.00%, Valid: 83.01% Test: 69.25%
Run: 02, Epoch: 19, Loss: 0.9108
Run: 02, Epoch: 20, Loss: 0.9116
Run: 02, Epoch: 20, Train: 77.46%, Valid: 82.93% Test: 69.86%
Run 02:
Highest Train: 78.00
Highest Valid: 83.88
  Final Train: 76.78
   Final Test: 69.06
Run: 03, Epoch: 01, Loss: 2.0819
Run: 03, Epoch: 02, Loss: 1.3138
Run: 03, Epoch: 03, Loss: 1.1720
Run: 03, Epoch: 04, Loss: 1.1006
Run: 03, Epoch: 05, Loss: 1.0585
Run: 03, Epoch: 06, Loss: 1.0265
Run: 03, Epoch: 07, Loss: 0.9999
Run: 03, Epoch: 08, Loss: 0.9867
Run: 03, Epoch: 09, Loss: 0.9731
Run: 03, Epoch: 10, Loss: 0.9569
Run: 03, Epoch: 10, Train: 75.91%, Valid: 79.70% Test: 67.59%
Run: 03, Epoch: 11, Loss: 0.9525
Run: 03, Epoch: 12, Loss: 0.9411
Run: 03, Epoch: 12, Train: 76.63%, Valid: 81.32% Test: 67.98%
Run: 03, Epoch: 13, Loss: 0.9365
Run: 03, Epoch: 14, Loss: 0.9355
Run: 03, Epoch: 14, Train: 76.94%, Valid: 80.80% Test: 68.73%
Run: 03, Epoch: 15, Loss: 0.9327
Run: 03, Epoch: 16, Loss: 0.9295
Run: 03, Epoch: 16, Train: 77.29%, Valid: 80.38% Test: 66.29%
Run: 03, Epoch: 17, Loss: 0.9231
Run: 03, Epoch: 18, Loss: 0.9164
Run: 03, Epoch: 18, Train: 77.49%, Valid: 80.52% Test: 67.62%
Run: 03, Epoch: 19, Loss: 0.9160
Run: 03, Epoch: 20, Loss: 0.9085
Run: 03, Epoch: 20, Train: 77.32%, Valid: 78.69% Test: 66.36%
Run 03:
Highest Train: 77.49
Highest Valid: 81.32
  Final Train: 76.63
   Final Test: 67.98
Run: 04, Epoch: 01, Loss: 2.1161
Run: 04, Epoch: 02, Loss: 1.3270
Run: 04, Epoch: 03, Loss: 1.1689
Run: 04, Epoch: 04, Loss: 1.0971
Run: 04, Epoch: 05, Loss: 1.0495
Run: 04, Epoch: 06, Loss: 1.0337
Run: 04, Epoch: 07, Loss: 1.0076
Run: 04, Epoch: 08, Loss: 0.9926
Run: 04, Epoch: 09, Loss: 0.9751
Run: 04, Epoch: 10, Loss: 0.9604
Run: 04, Epoch: 10, Train: 75.98%, Valid: 82.49% Test: 70.17%
Run: 04, Epoch: 11, Loss: 0.9512
Run: 04, Epoch: 12, Loss: 0.9452
Run: 04, Epoch: 12, Train: 76.62%, Valid: 82.08% Test: 68.94%
Run: 04, Epoch: 13, Loss: 0.9466
Run: 04, Epoch: 14, Loss: 0.9370
Run: 04, Epoch: 14, Train: 76.86%, Valid: 81.64% Test: 68.50%
Run: 04, Epoch: 15, Loss: 0.9365
Run: 04, Epoch: 16, Loss: 0.9385
Run: 04, Epoch: 16, Train: 77.07%, Valid: 84.04% Test: 71.11%
Run: 04, Epoch: 17, Loss: 0.9237
Run: 04, Epoch: 18, Loss: 0.9256
Run: 04, Epoch: 18, Train: 77.89%, Valid: 84.01% Test: 70.69%
Run: 04, Epoch: 19, Loss: 0.9179
Run: 04, Epoch: 20, Loss: 0.9048
Run: 04, Epoch: 20, Train: 77.61%, Valid: 81.99% Test: 69.73%
Run 04:
Highest Train: 77.89
Highest Valid: 84.04
  Final Train: 77.07
   Final Test: 71.11
Run: 05, Epoch: 01, Loss: 2.0128
Run: 05, Epoch: 02, Loss: 1.3008
Run: 05, Epoch: 03, Loss: 1.1544
Run: 05, Epoch: 04, Loss: 1.0853
Run: 05, Epoch: 05, Loss: 1.0440
Run: 05, Epoch: 06, Loss: 1.0165
Run: 05, Epoch: 07, Loss: 0.9978
Run: 05, Epoch: 08, Loss: 0.9816
Run: 05, Epoch: 09, Loss: 0.9764
Run: 05, Epoch: 10, Loss: 0.9645
Run: 05, Epoch: 10, Train: 75.71%, Valid: 80.87% Test: 68.37%
Run: 05, Epoch: 11, Loss: 0.9452
Run: 05, Epoch: 12, Loss: 0.9389
Run: 05, Epoch: 12, Train: 76.33%, Valid: 82.71% Test: 68.79%
Run: 05, Epoch: 13, Loss: 0.9384
Run: 05, Epoch: 14, Loss: 0.9291
Run: 05, Epoch: 14, Train: 77.26%, Valid: 78.33% Test: 66.16%
Run: 05, Epoch: 15, Loss: 0.9227
Run: 05, Epoch: 16, Loss: 0.9220
Run: 05, Epoch: 16, Train: 76.96%, Valid: 79.48% Test: 67.18%
Run: 05, Epoch: 17, Loss: 0.9144
Run: 05, Epoch: 18, Loss: 0.9039
Run: 05, Epoch: 18, Train: 77.68%, Valid: 78.26% Test: 66.55%
Run: 05, Epoch: 19, Loss: 0.8958
Run: 05, Epoch: 20, Loss: 0.9125
Run: 05, Epoch: 20, Train: 77.98%, Valid: 79.48% Test: 66.69%
Run 05:
Highest Train: 77.98
Highest Valid: 82.71
  Final Train: 76.33
   Final Test: 68.79
Run: 06, Epoch: 01, Loss: 2.0908
Run: 06, Epoch: 02, Loss: 1.3160
Run: 06, Epoch: 03, Loss: 1.1692
Run: 06, Epoch: 04, Loss: 1.0973
Run: 06, Epoch: 05, Loss: 1.0563
Run: 06, Epoch: 06, Loss: 1.0283
Run: 06, Epoch: 07, Loss: 1.0028
Run: 06, Epoch: 08, Loss: 0.9879
Run: 06, Epoch: 09, Loss: 0.9722
Run: 06, Epoch: 10, Loss: 0.9643
Run: 06, Epoch: 10, Train: 75.98%, Valid: 79.31% Test: 67.78%
Run: 06, Epoch: 11, Loss: 0.9551
Run: 06, Epoch: 12, Loss: 0.9531
Run: 06, Epoch: 12, Train: 76.79%, Valid: 81.32% Test: 68.07%
Run: 06, Epoch: 13, Loss: 0.9377
Run: 06, Epoch: 14, Loss: 0.9291
Run: 06, Epoch: 14, Train: 76.75%, Valid: 77.92% Test: 65.73%
Run: 06, Epoch: 15, Loss: 0.9313
Run: 06, Epoch: 16, Loss: 0.9239
Run: 06, Epoch: 16, Train: 77.38%, Valid: 80.70% Test: 68.20%
Run: 06, Epoch: 17, Loss: 0.9205
Run: 06, Epoch: 18, Loss: 0.9196
Run: 06, Epoch: 18, Train: 77.55%, Valid: 83.90% Test: 70.21%
Run: 06, Epoch: 19, Loss: 0.9099
Run: 06, Epoch: 20, Loss: 0.9167
Run: 06, Epoch: 20, Train: 77.95%, Valid: 77.59% Test: 65.33%
Run 06:
Highest Train: 77.95
Highest Valid: 83.90
  Final Train: 77.55
   Final Test: 70.21
Run: 07, Epoch: 01, Loss: 2.0021
Run: 07, Epoch: 02, Loss: 1.2921
Run: 07, Epoch: 03, Loss: 1.1583
Run: 07, Epoch: 04, Loss: 1.0761
Run: 07, Epoch: 05, Loss: 1.0446
Run: 07, Epoch: 06, Loss: 1.0112
Run: 07, Epoch: 07, Loss: 0.9905
Run: 07, Epoch: 08, Loss: 0.9738
Run: 07, Epoch: 09, Loss: 0.9599
Run: 07, Epoch: 10, Loss: 0.9605
Run: 07, Epoch: 10, Train: 76.23%, Valid: 81.24% Test: 67.09%
Run: 07, Epoch: 11, Loss: 0.9486
Run: 07, Epoch: 12, Loss: 0.9364
Run: 07, Epoch: 12, Train: 76.54%, Valid: 78.20% Test: 65.76%
Run: 07, Epoch: 13, Loss: 0.9308
Run: 07, Epoch: 14, Loss: 0.9261
Run: 07, Epoch: 14, Train: 77.20%, Valid: 80.87% Test: 67.90%
Run: 07, Epoch: 15, Loss: 0.9247
Run: 07, Epoch: 16, Loss: 0.9251
Run: 07, Epoch: 16, Train: 77.33%, Valid: 80.60% Test: 67.83%
Run: 07, Epoch: 17, Loss: 0.9059
Run: 07, Epoch: 18, Loss: 0.9052
Run: 07, Epoch: 18, Train: 77.92%, Valid: 80.83% Test: 67.73%
Run: 07, Epoch: 19, Loss: 0.9083
Run: 07, Epoch: 20, Loss: 0.9005
Run: 07, Epoch: 20, Train: 78.34%, Valid: 79.77% Test: 66.96%
Run 07:
Highest Train: 78.34
Highest Valid: 81.24
  Final Train: 76.23
   Final Test: 67.09
Run: 08, Epoch: 01, Loss: 2.0398
Run: 08, Epoch: 02, Loss: 1.3075
Run: 08, Epoch: 03, Loss: 1.1655
Run: 08, Epoch: 04, Loss: 1.0874
Run: 08, Epoch: 05, Loss: 1.0436
Run: 08, Epoch: 06, Loss: 1.0204
Run: 08, Epoch: 07, Loss: 0.9935
Run: 08, Epoch: 08, Loss: 0.9869
Run: 08, Epoch: 09, Loss: 0.9780
Run: 08, Epoch: 10, Loss: 0.9609
Run: 08, Epoch: 10, Train: 76.52%, Valid: 84.12% Test: 70.37%
Run: 08, Epoch: 11, Loss: 0.9463
Run: 08, Epoch: 12, Loss: 0.9377
Run: 08, Epoch: 12, Train: 76.92%, Valid: 83.30% Test: 69.30%
Run: 08, Epoch: 13, Loss: 0.9335
Run: 08, Epoch: 14, Loss: 0.9313
Run: 08, Epoch: 14, Train: 77.27%, Valid: 85.05% Test: 71.37%
Run: 08, Epoch: 15, Loss: 0.9289
Run: 08, Epoch: 16, Loss: 0.9243
Run: 08, Epoch: 16, Train: 77.26%, Valid: 83.02% Test: 69.12%
Run: 08, Epoch: 17, Loss: 0.9179
Run: 08, Epoch: 18, Loss: 0.9243
Run: 08, Epoch: 18, Train: 77.95%, Valid: 82.05% Test: 69.22%
Run: 08, Epoch: 19, Loss: 0.9114
Run: 08, Epoch: 20, Loss: 0.9135
Run: 08, Epoch: 20, Train: 77.70%, Valid: 81.06% Test: 67.94%
Run 08:
Highest Train: 77.95
Highest Valid: 85.05
  Final Train: 77.27
   Final Test: 71.37
Run: 09, Epoch: 01, Loss: 2.0673
Run: 09, Epoch: 02, Loss: 1.3173
Run: 09, Epoch: 03, Loss: 1.1650
Run: 09, Epoch: 04, Loss: 1.0837
Run: 09, Epoch: 05, Loss: 1.0488
Run: 09, Epoch: 06, Loss: 1.0124
Run: 09, Epoch: 07, Loss: 0.9923
Run: 09, Epoch: 08, Loss: 0.9873
Run: 09, Epoch: 09, Loss: 0.9746
Run: 09, Epoch: 10, Loss: 0.9633
Run: 09, Epoch: 10, Train: 75.76%, Valid: 81.41% Test: 68.06%
Run: 09, Epoch: 11, Loss: 0.9491
Run: 09, Epoch: 12, Loss: 0.9308
Run: 09, Epoch: 12, Train: 76.79%, Valid: 85.21% Test: 71.01%
Run: 09, Epoch: 13, Loss: 0.9332
Run: 09, Epoch: 14, Loss: 0.9408
Run: 09, Epoch: 14, Train: 76.65%, Valid: 80.11% Test: 67.53%
Run: 09, Epoch: 15, Loss: 0.9172
Run: 09, Epoch: 16, Loss: 0.9116
Run: 09, Epoch: 16, Train: 77.44%, Valid: 78.70% Test: 66.76%
Run: 09, Epoch: 17, Loss: 0.9042
Run: 09, Epoch: 18, Loss: 0.9045
Run: 09, Epoch: 18, Train: 77.75%, Valid: 80.46% Test: 67.20%
Run: 09, Epoch: 19, Loss: 0.9041
Run: 09, Epoch: 20, Loss: 0.9010
Run: 09, Epoch: 20, Train: 78.02%, Valid: 84.61% Test: 71.48%
Run 09:
Highest Train: 78.02
Highest Valid: 85.21
  Final Train: 76.79
   Final Test: 71.01
Run: 10, Epoch: 01, Loss: 2.0195
Run: 10, Epoch: 02, Loss: 1.2955
Run: 10, Epoch: 03, Loss: 1.1543
Run: 10, Epoch: 04, Loss: 1.0900
Run: 10, Epoch: 05, Loss: 1.0528
Run: 10, Epoch: 06, Loss: 1.0227
Run: 10, Epoch: 07, Loss: 0.9900
Run: 10, Epoch: 08, Loss: 0.9888
Run: 10, Epoch: 09, Loss: 0.9732
Run: 10, Epoch: 10, Loss: 0.9618
Run: 10, Epoch: 10, Train: 76.47%, Valid: 81.22% Test: 68.78%
Run: 10, Epoch: 11, Loss: 0.9472
Run: 10, Epoch: 12, Loss: 0.9429
Run: 10, Epoch: 12, Train: 76.76%, Valid: 81.49% Test: 68.86%
Run: 10, Epoch: 13, Loss: 0.9307
Run: 10, Epoch: 14, Loss: 0.9287
Run: 10, Epoch: 14, Train: 77.16%, Valid: 80.23% Test: 68.24%
Run: 10, Epoch: 15, Loss: 0.9275
Run: 10, Epoch: 16, Loss: 0.9170
Run: 10, Epoch: 16, Train: 77.33%, Valid: 80.04% Test: 67.30%
Run: 10, Epoch: 17, Loss: 0.9117
Run: 10, Epoch: 18, Loss: 0.9139
Run: 10, Epoch: 18, Train: 77.29%, Valid: 81.71% Test: 68.88%
Run: 10, Epoch: 19, Loss: 0.9083
Run: 10, Epoch: 20, Loss: 0.9103
Run: 10, Epoch: 20, Train: 77.72%, Valid: 79.51% Test: 66.98%
Run 10:
Highest Train: 77.72
Highest Valid: 81.71
  Final Train: 77.29
   Final Test: 68.88
All runs:
Highest Train: 77.93 ± 0.22
Highest Valid: 83.27 ± 1.46
  Final Train: 76.88 ± 0.42
   Final Test: 69.56 ± 1.43
