Namespace(device=0, log_steps=1, inductive=False, num_layers=3, hidden_channels=256, dropout=0.5, batch_size=20000, walk_length=3, lr=0.01, num_steps=30, epochs=20, eval_steps=2, runs=10, rsv=0.45, al='el2n', alpha=0.7)
tensor([ 99311, 131369, 191273,  ...,  59350, 173446, 148842]) 88477
tensor([222340, 232877, 217134,  ..., 212377, 198004, 211857]) 17695
Run: 01, Epoch: 01, Loss: 1.5234
Run: 01, Epoch: 02, Loss: 0.6852
Run: 01, Epoch: 03, Loss: 0.5895
Run: 01, Epoch: 04, Loss: 0.5464
Run: 01, Epoch: 05, Loss: 0.5269
Run: 01, Epoch: 06, Loss: 0.5079
Run: 01, Epoch: 07, Loss: 0.4866
Run: 01, Epoch: 08, Loss: 0.4817
Run: 01, Epoch: 09, Loss: 0.4727
Run: 01, Epoch: 10, Loss: 0.4714
Run: 01, Epoch: 10, Train: 88.96%, Valid: 91.03% Test: 78.20%
Run: 01, Epoch: 11, Loss: 0.4653
Run: 01, Epoch: 12, Loss: 0.4535
Run: 01, Epoch: 12, Train: 89.41%, Valid: 91.10% Test: 78.17%
Run: 01, Epoch: 13, Loss: 0.4500
Run: 01, Epoch: 14, Loss: 0.4474
Run: 01, Epoch: 14, Train: 89.69%, Valid: 91.29% Test: 79.19%
Run: 01, Epoch: 15, Loss: 0.4423
Run: 01, Epoch: 16, Loss: 0.4438
Run: 01, Epoch: 16, Train: 89.69%, Valid: 91.22% Test: 78.71%
Run: 01, Epoch: 17, Loss: 0.4385
Run: 01, Epoch: 18, Loss: 0.4365
Run: 01, Epoch: 18, Train: 89.89%, Valid: 91.51% Test: 78.15%
Run: 01, Epoch: 19, Loss: 0.4331
Run: 01, Epoch: 20, Loss: 0.4346
Run: 01, Epoch: 20, Train: 89.84%, Valid: 91.41% Test: 78.35%
Run 01:
Highest Train: 89.89
Highest Valid: 91.51
  Final Train: 89.89
   Final Test: 78.15
Run: 02, Epoch: 01, Loss: 1.5447
Run: 02, Epoch: 02, Loss: 0.6820
Run: 02, Epoch: 03, Loss: 0.5910
Run: 02, Epoch: 04, Loss: 0.5519
Run: 02, Epoch: 05, Loss: 0.5245
Run: 02, Epoch: 06, Loss: 0.5057
Run: 02, Epoch: 07, Loss: 0.4902
Run: 02, Epoch: 08, Loss: 0.4844
Run: 02, Epoch: 09, Loss: 0.4791
Run: 02, Epoch: 10, Loss: 0.4671
Run: 02, Epoch: 10, Train: 89.14%, Valid: 91.08% Test: 78.34%
Run: 02, Epoch: 11, Loss: 0.4615
Run: 02, Epoch: 12, Loss: 0.4605
Run: 02, Epoch: 12, Train: 89.35%, Valid: 91.23% Test: 77.83%
Run: 02, Epoch: 13, Loss: 0.4525
Run: 02, Epoch: 14, Loss: 0.4488
Run: 02, Epoch: 14, Train: 89.52%, Valid: 91.25% Test: 78.17%
Run: 02, Epoch: 15, Loss: 0.4461
Run: 02, Epoch: 16, Loss: 0.4426
Run: 02, Epoch: 16, Train: 89.75%, Valid: 91.31% Test: 78.39%
Run: 02, Epoch: 17, Loss: 0.4419
Run: 02, Epoch: 18, Loss: 0.4349
Run: 02, Epoch: 18, Train: 89.90%, Valid: 91.27% Test: 78.22%
Run: 02, Epoch: 19, Loss: 0.4323
Run: 02, Epoch: 20, Loss: 0.4333
Run: 02, Epoch: 20, Train: 89.94%, Valid: 91.38% Test: 78.74%
Run 02:
Highest Train: 89.94
Highest Valid: 91.38
  Final Train: 89.94
   Final Test: 78.74
Run: 03, Epoch: 01, Loss: 1.5558
Run: 03, Epoch: 02, Loss: 0.6865
Run: 03, Epoch: 03, Loss: 0.5982
Run: 03, Epoch: 04, Loss: 0.5575
Run: 03, Epoch: 05, Loss: 0.5286
Run: 03, Epoch: 06, Loss: 0.5154
Run: 03, Epoch: 07, Loss: 0.4964
Run: 03, Epoch: 08, Loss: 0.4885
Run: 03, Epoch: 09, Loss: 0.4789
Run: 03, Epoch: 10, Loss: 0.4691
Run: 03, Epoch: 10, Train: 88.82%, Valid: 91.07% Test: 78.45%
Run: 03, Epoch: 11, Loss: 0.4625
Run: 03, Epoch: 12, Loss: 0.4646
Run: 03, Epoch: 12, Train: 89.15%, Valid: 91.27% Test: 78.82%
Run: 03, Epoch: 13, Loss: 0.4573
Run: 03, Epoch: 14, Loss: 0.4535
Run: 03, Epoch: 14, Train: 89.40%, Valid: 91.25% Test: 79.02%
Run: 03, Epoch: 15, Loss: 0.4507
Run: 03, Epoch: 16, Loss: 0.4497
Run: 03, Epoch: 16, Train: 89.49%, Valid: 91.35% Test: 78.59%
Run: 03, Epoch: 17, Loss: 0.4457
Run: 03, Epoch: 18, Loss: 0.4459
Run: 03, Epoch: 18, Train: 89.73%, Valid: 91.20% Test: 79.02%
Run: 03, Epoch: 19, Loss: 0.4410
Run: 03, Epoch: 20, Loss: 0.4361
Run: 03, Epoch: 20, Train: 89.80%, Valid: 91.51% Test: 78.52%
Run 03:
Highest Train: 89.80
Highest Valid: 91.51
  Final Train: 89.80
   Final Test: 78.52
Run: 04, Epoch: 01, Loss: 1.4801
Run: 04, Epoch: 02, Loss: 0.6761
Run: 04, Epoch: 03, Loss: 0.5834
Run: 04, Epoch: 04, Loss: 0.5461
Run: 04, Epoch: 05, Loss: 0.5194
Run: 04, Epoch: 06, Loss: 0.5064
Run: 04, Epoch: 07, Loss: 0.4965
Run: 04, Epoch: 08, Loss: 0.4814
Run: 04, Epoch: 09, Loss: 0.4745
Run: 04, Epoch: 10, Loss: 0.4681
Run: 04, Epoch: 10, Train: 88.93%, Valid: 91.13% Test: 78.93%
Run: 04, Epoch: 11, Loss: 0.4608
Run: 04, Epoch: 12, Loss: 0.4539
Run: 04, Epoch: 12, Train: 89.38%, Valid: 91.35% Test: 78.13%
Run: 04, Epoch: 13, Loss: 0.4509
Run: 04, Epoch: 14, Loss: 0.4439
Run: 04, Epoch: 14, Train: 89.52%, Valid: 91.40% Test: 77.58%
Run: 04, Epoch: 15, Loss: 0.4448
Run: 04, Epoch: 16, Loss: 0.4504
Run: 04, Epoch: 16, Train: 89.85%, Valid: 91.49% Test: 78.99%
Run: 04, Epoch: 17, Loss: 0.4440
Run: 04, Epoch: 18, Loss: 0.4430
Run: 04, Epoch: 18, Train: 89.90%, Valid: 91.39% Test: 78.23%
Run: 04, Epoch: 19, Loss: 0.4344
Run: 04, Epoch: 20, Loss: 0.4311
Run: 04, Epoch: 20, Train: 90.05%, Valid: 91.64% Test: 78.78%
Run 04:
Highest Train: 90.05
Highest Valid: 91.64
  Final Train: 90.05
   Final Test: 78.78
Run: 05, Epoch: 01, Loss: 1.3812
Run: 05, Epoch: 02, Loss: 0.6619
Run: 05, Epoch: 03, Loss: 0.5782
Run: 05, Epoch: 04, Loss: 0.5363
Run: 05, Epoch: 05, Loss: 0.5114
Run: 05, Epoch: 06, Loss: 0.4955
Run: 05, Epoch: 07, Loss: 0.4873
Run: 05, Epoch: 08, Loss: 0.4747
Run: 05, Epoch: 09, Loss: 0.4681
Run: 05, Epoch: 10, Loss: 0.4617
Run: 05, Epoch: 10, Train: 89.07%, Valid: 91.01% Test: 77.79%
Run: 05, Epoch: 11, Loss: 0.4605
Run: 05, Epoch: 12, Loss: 0.4516
Run: 05, Epoch: 12, Train: 89.40%, Valid: 91.12% Test: 78.05%
Run: 05, Epoch: 13, Loss: 0.4486
Run: 05, Epoch: 14, Loss: 0.4471
Run: 05, Epoch: 14, Train: 89.73%, Valid: 91.33% Test: 77.79%
Run: 05, Epoch: 15, Loss: 0.4453
Run: 05, Epoch: 16, Loss: 0.4422
Run: 05, Epoch: 16, Train: 89.65%, Valid: 91.18% Test: 78.48%
Run: 05, Epoch: 17, Loss: 0.4366
Run: 05, Epoch: 18, Loss: 0.4362
Run: 05, Epoch: 18, Train: 89.65%, Valid: 91.26% Test: 77.79%
Run: 05, Epoch: 19, Loss: 0.4311
Run: 05, Epoch: 20, Loss: 0.4404
Run: 05, Epoch: 20, Train: 89.96%, Valid: 91.34% Test: 77.86%
Run 05:
Highest Train: 89.96
Highest Valid: 91.34
  Final Train: 89.96
   Final Test: 77.86
Run: 06, Epoch: 01, Loss: 1.4209
Run: 06, Epoch: 02, Loss: 0.6658
Run: 06, Epoch: 03, Loss: 0.5884
Run: 06, Epoch: 04, Loss: 0.5389
Run: 06, Epoch: 05, Loss: 0.5196
Run: 06, Epoch: 06, Loss: 0.5072
Run: 06, Epoch: 07, Loss: 0.4923
Run: 06, Epoch: 08, Loss: 0.4782
Run: 06, Epoch: 09, Loss: 0.4699
Run: 06, Epoch: 10, Loss: 0.4668
Run: 06, Epoch: 10, Train: 89.29%, Valid: 91.26% Test: 78.53%
Run: 06, Epoch: 11, Loss: 0.4559
Run: 06, Epoch: 12, Loss: 0.4573
Run: 06, Epoch: 12, Train: 89.42%, Valid: 91.14% Test: 78.85%
Run: 06, Epoch: 13, Loss: 0.4486
Run: 06, Epoch: 14, Loss: 0.4414
Run: 06, Epoch: 14, Train: 89.67%, Valid: 91.26% Test: 78.72%
Run: 06, Epoch: 15, Loss: 0.4427
Run: 06, Epoch: 16, Loss: 0.4437
Run: 06, Epoch: 16, Train: 89.89%, Valid: 91.50% Test: 78.91%
Run: 06, Epoch: 17, Loss: 0.4409
Run: 06, Epoch: 18, Loss: 0.4366
Run: 06, Epoch: 18, Train: 89.98%, Valid: 91.32% Test: 78.55%
Run: 06, Epoch: 19, Loss: 0.4352
Run: 06, Epoch: 20, Loss: 0.4342
Run: 06, Epoch: 20, Train: 90.26%, Valid: 91.46% Test: 78.96%
Run 06:
Highest Train: 90.26
Highest Valid: 91.50
  Final Train: 89.89
   Final Test: 78.91
Run: 07, Epoch: 01, Loss: 1.5128
Run: 07, Epoch: 02, Loss: 0.6822
Run: 07, Epoch: 03, Loss: 0.6021
Run: 07, Epoch: 04, Loss: 0.5527
Run: 07, Epoch: 05, Loss: 0.5231
Run: 07, Epoch: 06, Loss: 0.5080
Run: 07, Epoch: 07, Loss: 0.4908
Run: 07, Epoch: 08, Loss: 0.4794
Run: 07, Epoch: 09, Loss: 0.4761
Run: 07, Epoch: 10, Loss: 0.4754
Run: 07, Epoch: 10, Train: 89.07%, Valid: 91.07% Test: 78.01%
Run: 07, Epoch: 11, Loss: 0.4631
Run: 07, Epoch: 12, Loss: 0.4604
Run: 07, Epoch: 12, Train: 89.08%, Valid: 91.21% Test: 78.12%
Run: 07, Epoch: 13, Loss: 0.4525
Run: 07, Epoch: 14, Loss: 0.4491
Run: 07, Epoch: 14, Train: 89.63%, Valid: 91.31% Test: 78.48%
Run: 07, Epoch: 15, Loss: 0.4460
Run: 07, Epoch: 16, Loss: 0.4482
Run: 07, Epoch: 16, Train: 89.61%, Valid: 91.38% Test: 77.91%
Run: 07, Epoch: 17, Loss: 0.4407
Run: 07, Epoch: 18, Loss: 0.4393
Run: 07, Epoch: 18, Train: 89.86%, Valid: 91.55% Test: 78.46%
Run: 07, Epoch: 19, Loss: 0.4382
Run: 07, Epoch: 20, Loss: 0.4353
Run: 07, Epoch: 20, Train: 90.02%, Valid: 91.64% Test: 77.94%
Run 07:
Highest Train: 90.02
Highest Valid: 91.64
  Final Train: 90.02
   Final Test: 77.94
Run: 08, Epoch: 01, Loss: 1.3384
Run: 08, Epoch: 02, Loss: 0.6607
Run: 08, Epoch: 03, Loss: 0.5787
Run: 08, Epoch: 04, Loss: 0.5376
Run: 08, Epoch: 05, Loss: 0.5154
Run: 08, Epoch: 06, Loss: 0.4977
Run: 08, Epoch: 07, Loss: 0.4788
Run: 08, Epoch: 08, Loss: 0.4781
Run: 08, Epoch: 09, Loss: 0.4732
Run: 08, Epoch: 10, Loss: 0.4634
Run: 08, Epoch: 10, Train: 88.96%, Valid: 91.23% Test: 78.11%
Run: 08, Epoch: 11, Loss: 0.4617
Run: 08, Epoch: 12, Loss: 0.4494
Run: 08, Epoch: 12, Train: 89.46%, Valid: 91.50% Test: 79.08%
Run: 08, Epoch: 13, Loss: 0.4449
Run: 08, Epoch: 14, Loss: 0.4425
Run: 08, Epoch: 14, Train: 89.68%, Valid: 91.59% Test: 78.31%
Run: 08, Epoch: 15, Loss: 0.4377
Run: 08, Epoch: 16, Loss: 0.4411
Run: 08, Epoch: 16, Train: 89.79%, Valid: 91.70% Test: 78.22%
Run: 08, Epoch: 17, Loss: 0.4355
Run: 08, Epoch: 18, Loss: 0.4385
Run: 08, Epoch: 18, Train: 89.93%, Valid: 91.51% Test: 78.26%
Run: 08, Epoch: 19, Loss: 0.4286
Run: 08, Epoch: 20, Loss: 0.4349
Run: 08, Epoch: 20, Train: 89.89%, Valid: 91.62% Test: 78.88%
Run 08:
Highest Train: 89.93
Highest Valid: 91.70
  Final Train: 89.79
   Final Test: 78.22
Run: 09, Epoch: 01, Loss: 1.4108
Run: 09, Epoch: 02, Loss: 0.6648
Run: 09, Epoch: 03, Loss: 0.5777
Run: 09, Epoch: 04, Loss: 0.5396
Run: 09, Epoch: 05, Loss: 0.5190
Run: 09, Epoch: 06, Loss: 0.4974
Run: 09, Epoch: 07, Loss: 0.4886
Run: 09, Epoch: 08, Loss: 0.4759
Run: 09, Epoch: 09, Loss: 0.4712
Run: 09, Epoch: 10, Loss: 0.4650
Run: 09, Epoch: 10, Train: 89.16%, Valid: 91.13% Test: 77.29%
Run: 09, Epoch: 11, Loss: 0.4582
Run: 09, Epoch: 12, Loss: 0.4528
Run: 09, Epoch: 12, Train: 89.28%, Valid: 91.13% Test: 77.94%
Run: 09, Epoch: 13, Loss: 0.4514
Run: 09, Epoch: 14, Loss: 0.4499
Run: 09, Epoch: 14, Train: 89.55%, Valid: 91.18% Test: 77.59%
Run: 09, Epoch: 15, Loss: 0.4466
Run: 09, Epoch: 16, Loss: 0.4393
Run: 09, Epoch: 16, Train: 89.76%, Valid: 91.56% Test: 78.78%
Run: 09, Epoch: 17, Loss: 0.4311
Run: 09, Epoch: 18, Loss: 0.4361
Run: 09, Epoch: 18, Train: 90.07%, Valid: 91.37% Test: 78.05%
Run: 09, Epoch: 19, Loss: 0.4269
Run: 09, Epoch: 20, Loss: 0.4301
Run: 09, Epoch: 20, Train: 90.12%, Valid: 91.47% Test: 78.43%
Run 09:
Highest Train: 90.12
Highest Valid: 91.56
  Final Train: 89.76
   Final Test: 78.78
Run: 10, Epoch: 01, Loss: 1.4378
Run: 10, Epoch: 02, Loss: 0.6738
Run: 10, Epoch: 03, Loss: 0.5831
Run: 10, Epoch: 04, Loss: 0.5496
Run: 10, Epoch: 05, Loss: 0.5286
Run: 10, Epoch: 06, Loss: 0.5085
Run: 10, Epoch: 07, Loss: 0.4882
Run: 10, Epoch: 08, Loss: 0.4857
Run: 10, Epoch: 09, Loss: 0.4810
Run: 10, Epoch: 10, Loss: 0.4694
Run: 10, Epoch: 10, Train: 89.15%, Valid: 91.17% Test: 77.73%
Run: 10, Epoch: 11, Loss: 0.4597
Run: 10, Epoch: 12, Loss: 0.4550
Run: 10, Epoch: 12, Train: 89.26%, Valid: 91.42% Test: 78.56%
Run: 10, Epoch: 13, Loss: 0.4536
Run: 10, Epoch: 14, Loss: 0.4472
Run: 10, Epoch: 14, Train: 89.48%, Valid: 91.28% Test: 78.70%
Run: 10, Epoch: 15, Loss: 0.4534
Run: 10, Epoch: 16, Loss: 0.4421
Run: 10, Epoch: 16, Train: 89.75%, Valid: 91.43% Test: 78.42%
Run: 10, Epoch: 17, Loss: 0.4410
Run: 10, Epoch: 18, Loss: 0.4420
Run: 10, Epoch: 18, Train: 89.68%, Valid: 91.37% Test: 78.56%
Run: 10, Epoch: 19, Loss: 0.4381
Run: 10, Epoch: 20, Loss: 0.4416
Run: 10, Epoch: 20, Train: 89.85%, Valid: 91.46% Test: 78.79%
Run 10:
Highest Train: 89.85
Highest Valid: 91.46
  Final Train: 89.85
   Final Test: 78.79
All runs:
Highest Train: 89.98 ± 0.14
Highest Valid: 91.52 ± 0.12
  Final Train: 89.90 ± 0.10
   Final Test: 78.47 ± 0.39
