Namespace(device=0, log_steps=1, inductive=False, num_layers=3, hidden_channels=256, dropout=0.5, batch_size=20000, walk_length=3, lr=0.01, num_steps=30, epochs=20, eval_steps=2, runs=10, rsv=0.45, al='el2n', alpha=0.5)
tensor([ 99311, 131369,  15223,  ...,  90436, 133583, 111606]) 88477
tensor([222340, 232877, 217134,  ..., 212377, 198004, 211857]) 17695
Run: 01, Epoch: 01, Loss: 1.5947
Run: 01, Epoch: 02, Loss: 0.8760
Run: 01, Epoch: 03, Loss: 0.7697
Run: 01, Epoch: 04, Loss: 0.7222
Run: 01, Epoch: 05, Loss: 0.6926
Run: 01, Epoch: 06, Loss: 0.6763
Run: 01, Epoch: 07, Loss: 0.6544
Run: 01, Epoch: 08, Loss: 0.6432
Run: 01, Epoch: 09, Loss: 0.6395
Run: 01, Epoch: 10, Loss: 0.6319
Run: 01, Epoch: 10, Train: 85.29%, Valid: 90.63% Test: 77.36%
Run: 01, Epoch: 11, Loss: 0.6205
Run: 01, Epoch: 12, Loss: 0.6129
Run: 01, Epoch: 12, Train: 85.73%, Valid: 91.21% Test: 78.49%
Run: 01, Epoch: 13, Loss: 0.6107
Run: 01, Epoch: 14, Loss: 0.6101
Run: 01, Epoch: 14, Train: 86.12%, Valid: 91.21% Test: 78.60%
Run: 01, Epoch: 15, Loss: 0.6007
Run: 01, Epoch: 16, Loss: 0.5995
Run: 01, Epoch: 16, Train: 86.13%, Valid: 91.26% Test: 77.95%
Run: 01, Epoch: 17, Loss: 0.5953
Run: 01, Epoch: 18, Loss: 0.5965
Run: 01, Epoch: 18, Train: 86.61%, Valid: 91.22% Test: 77.71%
Run: 01, Epoch: 19, Loss: 0.5903
Run: 01, Epoch: 20, Loss: 0.5857
Run: 01, Epoch: 20, Train: 86.39%, Valid: 91.32% Test: 78.04%
Run 01:
Highest Train: 86.61
Highest Valid: 91.32
  Final Train: 86.39
   Final Test: 78.04
Run: 02, Epoch: 01, Loss: 1.6023
Run: 02, Epoch: 02, Loss: 0.8785
Run: 02, Epoch: 03, Loss: 0.7798
Run: 02, Epoch: 04, Loss: 0.7255
Run: 02, Epoch: 05, Loss: 0.6940
Run: 02, Epoch: 06, Loss: 0.6738
Run: 02, Epoch: 07, Loss: 0.6582
Run: 02, Epoch: 08, Loss: 0.6474
Run: 02, Epoch: 09, Loss: 0.6441
Run: 02, Epoch: 10, Loss: 0.6334
Run: 02, Epoch: 10, Train: 85.21%, Valid: 91.03% Test: 78.20%
Run: 02, Epoch: 11, Loss: 0.6206
Run: 02, Epoch: 12, Loss: 0.6210
Run: 02, Epoch: 12, Train: 85.56%, Valid: 91.33% Test: 78.33%
Run: 02, Epoch: 13, Loss: 0.6122
Run: 02, Epoch: 14, Loss: 0.6135
Run: 02, Epoch: 14, Train: 85.75%, Valid: 90.98% Test: 77.28%
Run: 02, Epoch: 15, Loss: 0.6048
Run: 02, Epoch: 16, Loss: 0.5998
Run: 02, Epoch: 16, Train: 86.19%, Valid: 90.94% Test: 77.18%
Run: 02, Epoch: 17, Loss: 0.5987
Run: 02, Epoch: 18, Loss: 0.5970
Run: 02, Epoch: 18, Train: 86.32%, Valid: 91.02% Test: 77.29%
Run: 02, Epoch: 19, Loss: 0.5882
Run: 02, Epoch: 20, Loss: 0.5921
Run: 02, Epoch: 20, Train: 86.10%, Valid: 90.96% Test: 77.78%
Run 02:
Highest Train: 86.32
Highest Valid: 91.33
  Final Train: 85.56
   Final Test: 78.33
Run: 03, Epoch: 01, Loss: 1.6089
Run: 03, Epoch: 02, Loss: 0.8767
Run: 03, Epoch: 03, Loss: 0.7764
Run: 03, Epoch: 04, Loss: 0.7311
Run: 03, Epoch: 05, Loss: 0.6965
Run: 03, Epoch: 06, Loss: 0.6766
Run: 03, Epoch: 07, Loss: 0.6558
Run: 03, Epoch: 08, Loss: 0.6497
Run: 03, Epoch: 09, Loss: 0.6348
Run: 03, Epoch: 10, Loss: 0.6257
Run: 03, Epoch: 10, Train: 85.27%, Valid: 90.86% Test: 77.40%
Run: 03, Epoch: 11, Loss: 0.6176
Run: 03, Epoch: 12, Loss: 0.6160
Run: 03, Epoch: 12, Train: 85.62%, Valid: 91.42% Test: 77.86%
Run: 03, Epoch: 13, Loss: 0.6142
Run: 03, Epoch: 14, Loss: 0.6120
Run: 03, Epoch: 14, Train: 85.53%, Valid: 90.79% Test: 78.13%
Run: 03, Epoch: 15, Loss: 0.6120
Run: 03, Epoch: 16, Loss: 0.6060
Run: 03, Epoch: 16, Train: 85.92%, Valid: 91.01% Test: 76.80%
Run: 03, Epoch: 17, Loss: 0.5993
Run: 03, Epoch: 18, Loss: 0.5962
Run: 03, Epoch: 18, Train: 86.29%, Valid: 91.03% Test: 77.70%
Run: 03, Epoch: 19, Loss: 0.5946
Run: 03, Epoch: 20, Loss: 0.5942
Run: 03, Epoch: 20, Train: 86.29%, Valid: 91.38% Test: 77.54%
Run 03:
Highest Train: 86.29
Highest Valid: 91.42
  Final Train: 85.62
   Final Test: 77.86
Run: 04, Epoch: 01, Loss: 1.6927
Run: 04, Epoch: 02, Loss: 0.8980
Run: 04, Epoch: 03, Loss: 0.7818
Run: 04, Epoch: 04, Loss: 0.7307
Run: 04, Epoch: 05, Loss: 0.6999
Run: 04, Epoch: 06, Loss: 0.6807
Run: 04, Epoch: 07, Loss: 0.6670
Run: 04, Epoch: 08, Loss: 0.6518
Run: 04, Epoch: 09, Loss: 0.6452
Run: 04, Epoch: 10, Loss: 0.6346
Run: 04, Epoch: 10, Train: 85.19%, Valid: 90.14% Test: 77.68%
Run: 04, Epoch: 11, Loss: 0.6265
Run: 04, Epoch: 12, Loss: 0.6188
Run: 04, Epoch: 12, Train: 85.64%, Valid: 90.84% Test: 77.64%
Run: 04, Epoch: 13, Loss: 0.6162
Run: 04, Epoch: 14, Loss: 0.6109
Run: 04, Epoch: 14, Train: 85.60%, Valid: 91.04% Test: 76.59%
Run: 04, Epoch: 15, Loss: 0.6099
Run: 04, Epoch: 16, Loss: 0.6094
Run: 04, Epoch: 16, Train: 86.19%, Valid: 91.29% Test: 78.51%
Run: 04, Epoch: 17, Loss: 0.6003
Run: 04, Epoch: 18, Loss: 0.6022
Run: 04, Epoch: 18, Train: 86.43%, Valid: 91.21% Test: 77.68%
Run: 04, Epoch: 19, Loss: 0.5929
Run: 04, Epoch: 20, Loss: 0.5933
Run: 04, Epoch: 20, Train: 86.42%, Valid: 91.25% Test: 78.42%
Run 04:
Highest Train: 86.43
Highest Valid: 91.29
  Final Train: 86.19
   Final Test: 78.51
Run: 05, Epoch: 01, Loss: 1.5614
Run: 05, Epoch: 02, Loss: 0.8713
Run: 05, Epoch: 03, Loss: 0.7668
Run: 05, Epoch: 04, Loss: 0.7161
Run: 05, Epoch: 05, Loss: 0.6862
Run: 05, Epoch: 06, Loss: 0.6653
Run: 05, Epoch: 07, Loss: 0.6568
Run: 05, Epoch: 08, Loss: 0.6426
Run: 05, Epoch: 09, Loss: 0.6341
Run: 05, Epoch: 10, Loss: 0.6262
Run: 05, Epoch: 10, Train: 84.98%, Valid: 90.71% Test: 77.10%
Run: 05, Epoch: 11, Loss: 0.6159
Run: 05, Epoch: 12, Loss: 0.6107
Run: 05, Epoch: 12, Train: 85.86%, Valid: 91.11% Test: 77.31%
Run: 05, Epoch: 13, Loss: 0.6110
Run: 05, Epoch: 14, Loss: 0.6027
Run: 05, Epoch: 14, Train: 86.13%, Valid: 91.15% Test: 78.03%
Run: 05, Epoch: 15, Loss: 0.5994
Run: 05, Epoch: 16, Loss: 0.5994
Run: 05, Epoch: 16, Train: 85.98%, Valid: 90.45% Test: 76.81%
Run: 05, Epoch: 17, Loss: 0.5905
Run: 05, Epoch: 18, Loss: 0.5871
Run: 05, Epoch: 18, Train: 86.12%, Valid: 91.25% Test: 78.21%
Run: 05, Epoch: 19, Loss: 0.5906
Run: 05, Epoch: 20, Loss: 0.5937
Run: 05, Epoch: 20, Train: 86.51%, Valid: 91.57% Test: 78.65%
Run 05:
Highest Train: 86.51
Highest Valid: 91.57
  Final Train: 86.51
   Final Test: 78.65
Run: 06, Epoch: 01, Loss: 1.6200
Run: 06, Epoch: 02, Loss: 0.8729
Run: 06, Epoch: 03, Loss: 0.7701
Run: 06, Epoch: 04, Loss: 0.7171
Run: 06, Epoch: 05, Loss: 0.6912
Run: 06, Epoch: 06, Loss: 0.6724
Run: 06, Epoch: 07, Loss: 0.6522
Run: 06, Epoch: 08, Loss: 0.6453
Run: 06, Epoch: 09, Loss: 0.6310
Run: 06, Epoch: 10, Loss: 0.6251
Run: 06, Epoch: 10, Train: 85.21%, Valid: 91.02% Test: 77.73%
Run: 06, Epoch: 11, Loss: 0.6203
Run: 06, Epoch: 12, Loss: 0.6159
Run: 06, Epoch: 12, Train: 85.79%, Valid: 91.36% Test: 78.68%
Run: 06, Epoch: 13, Loss: 0.6104
Run: 06, Epoch: 14, Loss: 0.6006
Run: 06, Epoch: 14, Train: 85.80%, Valid: 91.19% Test: 78.37%
Run: 06, Epoch: 15, Loss: 0.6004
Run: 06, Epoch: 16, Loss: 0.5968
Run: 06, Epoch: 16, Train: 86.15%, Valid: 90.77% Test: 78.58%
Run: 06, Epoch: 17, Loss: 0.6014
Run: 06, Epoch: 18, Loss: 0.5951
Run: 06, Epoch: 18, Train: 86.37%, Valid: 91.31% Test: 78.14%
Run: 06, Epoch: 19, Loss: 0.5877
Run: 06, Epoch: 20, Loss: 0.5913
Run: 06, Epoch: 20, Train: 86.45%, Valid: 90.30% Test: 77.12%
Run 06:
Highest Train: 86.45
Highest Valid: 91.36
  Final Train: 85.79
   Final Test: 78.68
Run: 07, Epoch: 01, Loss: 1.5933
Run: 07, Epoch: 02, Loss: 0.8681
Run: 07, Epoch: 03, Loss: 0.7703
Run: 07, Epoch: 04, Loss: 0.7169
Run: 07, Epoch: 05, Loss: 0.6927
Run: 07, Epoch: 06, Loss: 0.6700
Run: 07, Epoch: 07, Loss: 0.6491
Run: 07, Epoch: 08, Loss: 0.6401
Run: 07, Epoch: 09, Loss: 0.6255
Run: 07, Epoch: 10, Loss: 0.6281
Run: 07, Epoch: 10, Train: 85.47%, Valid: 90.73% Test: 77.06%
Run: 07, Epoch: 11, Loss: 0.6195
Run: 07, Epoch: 12, Loss: 0.6120
Run: 07, Epoch: 12, Train: 85.56%, Valid: 91.10% Test: 78.03%
Run: 07, Epoch: 13, Loss: 0.6092
Run: 07, Epoch: 14, Loss: 0.6031
Run: 07, Epoch: 14, Train: 86.16%, Valid: 91.12% Test: 78.19%
Run: 07, Epoch: 15, Loss: 0.6013
Run: 07, Epoch: 16, Loss: 0.6025
Run: 07, Epoch: 16, Train: 86.24%, Valid: 91.05% Test: 77.79%
Run: 07, Epoch: 17, Loss: 0.5976
Run: 07, Epoch: 18, Loss: 0.5949
Run: 07, Epoch: 18, Train: 86.49%, Valid: 91.09% Test: 77.58%
Run: 07, Epoch: 19, Loss: 0.5925
Run: 07, Epoch: 20, Loss: 0.5845
Run: 07, Epoch: 20, Train: 86.76%, Valid: 91.02% Test: 78.09%
Run 07:
Highest Train: 86.76
Highest Valid: 91.12
  Final Train: 86.16
   Final Test: 78.19
Run: 08, Epoch: 01, Loss: 1.6076
Run: 08, Epoch: 02, Loss: 0.8814
Run: 08, Epoch: 03, Loss: 0.7697
Run: 08, Epoch: 04, Loss: 0.7218
Run: 08, Epoch: 05, Loss: 0.6959
Run: 08, Epoch: 06, Loss: 0.6728
Run: 08, Epoch: 07, Loss: 0.6504
Run: 08, Epoch: 08, Loss: 0.6477
Run: 08, Epoch: 09, Loss: 0.6406
Run: 08, Epoch: 10, Loss: 0.6306
Run: 08, Epoch: 10, Train: 85.47%, Valid: 91.33% Test: 77.77%
Run: 08, Epoch: 11, Loss: 0.6235
Run: 08, Epoch: 12, Loss: 0.6152
Run: 08, Epoch: 12, Train: 85.57%, Valid: 91.10% Test: 78.07%
Run: 08, Epoch: 13, Loss: 0.6106
Run: 08, Epoch: 14, Loss: 0.6061
Run: 08, Epoch: 14, Train: 85.77%, Valid: 91.18% Test: 78.10%
Run: 08, Epoch: 15, Loss: 0.6048
Run: 08, Epoch: 16, Loss: 0.6026
Run: 08, Epoch: 16, Train: 86.10%, Valid: 91.18% Test: 77.92%
Run: 08, Epoch: 17, Loss: 0.5972
Run: 08, Epoch: 18, Loss: 0.6030
Run: 08, Epoch: 18, Train: 86.44%, Valid: 90.98% Test: 77.26%
Run: 08, Epoch: 19, Loss: 0.5905
Run: 08, Epoch: 20, Loss: 0.5883
Run: 08, Epoch: 20, Train: 86.32%, Valid: 91.18% Test: 78.24%
Run 08:
Highest Train: 86.44
Highest Valid: 91.33
  Final Train: 85.47
   Final Test: 77.77
Run: 09, Epoch: 01, Loss: 1.6283
Run: 09, Epoch: 02, Loss: 0.8763
Run: 09, Epoch: 03, Loss: 0.7688
Run: 09, Epoch: 04, Loss: 0.7166
Run: 09, Epoch: 05, Loss: 0.6919
Run: 09, Epoch: 06, Loss: 0.6714
Run: 09, Epoch: 07, Loss: 0.6558
Run: 09, Epoch: 08, Loss: 0.6484
Run: 09, Epoch: 09, Loss: 0.6372
Run: 09, Epoch: 10, Loss: 0.6260
Run: 09, Epoch: 10, Train: 85.47%, Valid: 90.96% Test: 77.44%
Run: 09, Epoch: 11, Loss: 0.6252
Run: 09, Epoch: 12, Loss: 0.6107
Run: 09, Epoch: 12, Train: 85.58%, Valid: 90.92% Test: 77.77%
Run: 09, Epoch: 13, Loss: 0.6129
Run: 09, Epoch: 14, Loss: 0.6160
Run: 09, Epoch: 14, Train: 85.92%, Valid: 91.09% Test: 77.09%
Run: 09, Epoch: 15, Loss: 0.6048
Run: 09, Epoch: 16, Loss: 0.5997
Run: 09, Epoch: 16, Train: 86.22%, Valid: 90.81% Test: 77.04%
Run: 09, Epoch: 17, Loss: 0.5965
Run: 09, Epoch: 18, Loss: 0.5981
Run: 09, Epoch: 18, Train: 86.49%, Valid: 91.01% Test: 77.54%
Run: 09, Epoch: 19, Loss: 0.5886
Run: 09, Epoch: 20, Loss: 0.5942
Run: 09, Epoch: 20, Train: 86.48%, Valid: 91.03% Test: 77.76%
Run 09:
Highest Train: 86.49
Highest Valid: 91.09
  Final Train: 85.92
   Final Test: 77.09
Run: 10, Epoch: 01, Loss: 1.5613
Run: 10, Epoch: 02, Loss: 0.8689
Run: 10, Epoch: 03, Loss: 0.7599
Run: 10, Epoch: 04, Loss: 0.7168
Run: 10, Epoch: 05, Loss: 0.6910
Run: 10, Epoch: 06, Loss: 0.6663
Run: 10, Epoch: 07, Loss: 0.6443
Run: 10, Epoch: 08, Loss: 0.6445
Run: 10, Epoch: 09, Loss: 0.6321
Run: 10, Epoch: 10, Loss: 0.6225
Run: 10, Epoch: 10, Train: 85.61%, Valid: 90.23% Test: 76.39%
Run: 10, Epoch: 11, Loss: 0.6136
Run: 10, Epoch: 12, Loss: 0.6116
Run: 10, Epoch: 12, Train: 85.71%, Valid: 90.78% Test: 78.14%
Run: 10, Epoch: 13, Loss: 0.6071
Run: 10, Epoch: 14, Loss: 0.6060
Run: 10, Epoch: 14, Train: 86.16%, Valid: 90.95% Test: 78.09%
Run: 10, Epoch: 15, Loss: 0.6047
Run: 10, Epoch: 16, Loss: 0.5948
Run: 10, Epoch: 16, Train: 86.09%, Valid: 90.73% Test: 77.15%
Run: 10, Epoch: 17, Loss: 0.5918
Run: 10, Epoch: 18, Loss: 0.5960
Run: 10, Epoch: 18, Train: 86.39%, Valid: 91.26% Test: 78.77%
Run: 10, Epoch: 19, Loss: 0.5885
Run: 10, Epoch: 20, Loss: 0.5911
Run: 10, Epoch: 20, Train: 86.58%, Valid: 90.87% Test: 77.92%
Run 10:
Highest Train: 86.58
Highest Valid: 91.26
  Final Train: 86.39
   Final Test: 78.77
All runs:
Highest Train: 86.49 ± 0.14
Highest Valid: 91.31 ± 0.14
  Final Train: 86.00 ± 0.38
   Final Test: 78.19 ± 0.52
