Namespace(device=0, log_steps=1, inductive=False, num_layers=3, hidden_channels=256, dropout=0.5, batch_size=20000, walk_length=3, lr=0.01, num_steps=30, epochs=20, eval_steps=2, runs=10, rsv=0.45, al='el2n', alpha=0.6)
tensor([ 99311, 131369,  15223,  ...,  58765,  17058,  11751]) 88477
tensor([222340, 232877, 217134,  ..., 212377, 198004, 211857]) 17695
Run: 01, Epoch: 01, Loss: 1.5285
Run: 01, Epoch: 02, Loss: 0.7598
Run: 01, Epoch: 03, Loss: 0.6622
Run: 01, Epoch: 04, Loss: 0.6193
Run: 01, Epoch: 05, Loss: 0.5967
Run: 01, Epoch: 06, Loss: 0.5770
Run: 01, Epoch: 07, Loss: 0.5583
Run: 01, Epoch: 08, Loss: 0.5489
Run: 01, Epoch: 09, Loss: 0.5436
Run: 01, Epoch: 10, Loss: 0.5349
Run: 01, Epoch: 10, Train: 87.48%, Valid: 91.43% Test: 78.34%
Run: 01, Epoch: 11, Loss: 0.5299
Run: 01, Epoch: 12, Loss: 0.5198
Run: 01, Epoch: 12, Train: 87.81%, Valid: 90.87% Test: 77.94%
Run: 01, Epoch: 13, Loss: 0.5154
Run: 01, Epoch: 14, Loss: 0.5179
Run: 01, Epoch: 14, Train: 88.12%, Valid: 91.39% Test: 78.98%
Run: 01, Epoch: 15, Loss: 0.5123
Run: 01, Epoch: 16, Loss: 0.5093
Run: 01, Epoch: 16, Train: 88.26%, Valid: 91.61% Test: 78.57%
Run: 01, Epoch: 17, Loss: 0.5056
Run: 01, Epoch: 18, Loss: 0.5091
Run: 01, Epoch: 18, Train: 88.42%, Valid: 91.46% Test: 77.74%
Run: 01, Epoch: 19, Loss: 0.5020
Run: 01, Epoch: 20, Loss: 0.5022
Run: 01, Epoch: 20, Train: 88.40%, Valid: 91.62% Test: 78.32%
Run 01:
Highest Train: 88.42
Highest Valid: 91.62
  Final Train: 88.40
   Final Test: 78.32
Run: 02, Epoch: 01, Loss: 1.5582
Run: 02, Epoch: 02, Loss: 0.7703
Run: 02, Epoch: 03, Loss: 0.6747
Run: 02, Epoch: 04, Loss: 0.6260
Run: 02, Epoch: 05, Loss: 0.5973
Run: 02, Epoch: 06, Loss: 0.5766
Run: 02, Epoch: 07, Loss: 0.5622
Run: 02, Epoch: 08, Loss: 0.5532
Run: 02, Epoch: 09, Loss: 0.5497
Run: 02, Epoch: 10, Loss: 0.5392
Run: 02, Epoch: 10, Train: 87.33%, Valid: 91.09% Test: 78.72%
Run: 02, Epoch: 11, Loss: 0.5280
Run: 02, Epoch: 12, Loss: 0.5314
Run: 02, Epoch: 12, Train: 87.85%, Valid: 91.30% Test: 78.38%
Run: 02, Epoch: 13, Loss: 0.5223
Run: 02, Epoch: 14, Loss: 0.5183
Run: 02, Epoch: 14, Train: 87.89%, Valid: 91.39% Test: 78.02%
Run: 02, Epoch: 15, Loss: 0.5170
Run: 02, Epoch: 16, Loss: 0.5093
Run: 02, Epoch: 16, Train: 88.27%, Valid: 91.47% Test: 78.56%
Run: 02, Epoch: 17, Loss: 0.5073
Run: 02, Epoch: 18, Loss: 0.5067
Run: 02, Epoch: 18, Train: 88.49%, Valid: 91.25% Test: 77.50%
Run: 02, Epoch: 19, Loss: 0.5000
Run: 02, Epoch: 20, Loss: 0.5053
Run: 02, Epoch: 20, Train: 88.24%, Valid: 91.20% Test: 78.22%
Run 02:
Highest Train: 88.49
Highest Valid: 91.47
  Final Train: 88.27
   Final Test: 78.56
Run: 03, Epoch: 01, Loss: 1.5400
Run: 03, Epoch: 02, Loss: 0.7565
Run: 03, Epoch: 03, Loss: 0.6700
Run: 03, Epoch: 04, Loss: 0.6297
Run: 03, Epoch: 05, Loss: 0.5970
Run: 03, Epoch: 06, Loss: 0.5791
Run: 03, Epoch: 07, Loss: 0.5619
Run: 03, Epoch: 08, Loss: 0.5535
Run: 03, Epoch: 09, Loss: 0.5422
Run: 03, Epoch: 10, Loss: 0.5350
Run: 03, Epoch: 10, Train: 87.32%, Valid: 90.84% Test: 78.32%
Run: 03, Epoch: 11, Loss: 0.5333
Run: 03, Epoch: 12, Loss: 0.5231
Run: 03, Epoch: 12, Train: 87.81%, Valid: 91.27% Test: 78.34%
Run: 03, Epoch: 13, Loss: 0.5204
Run: 03, Epoch: 14, Loss: 0.5173
Run: 03, Epoch: 14, Train: 87.98%, Valid: 91.39% Test: 78.80%
Run: 03, Epoch: 15, Loss: 0.5185
Run: 03, Epoch: 16, Loss: 0.5137
Run: 03, Epoch: 16, Train: 88.20%, Valid: 91.45% Test: 78.52%
Run: 03, Epoch: 17, Loss: 0.5086
Run: 03, Epoch: 18, Loss: 0.5073
Run: 03, Epoch: 18, Train: 88.25%, Valid: 91.37% Test: 78.98%
Run: 03, Epoch: 19, Loss: 0.5063
Run: 03, Epoch: 20, Loss: 0.5059
Run: 03, Epoch: 20, Train: 88.39%, Valid: 91.66% Test: 78.09%
Run 03:
Highest Train: 88.39
Highest Valid: 91.66
  Final Train: 88.39
   Final Test: 78.09
Run: 04, Epoch: 01, Loss: 1.5886
Run: 04, Epoch: 02, Loss: 0.7732
Run: 04, Epoch: 03, Loss: 0.6620
Run: 04, Epoch: 04, Loss: 0.6222
Run: 04, Epoch: 05, Loss: 0.5946
Run: 04, Epoch: 06, Loss: 0.5795
Run: 04, Epoch: 07, Loss: 0.5619
Run: 04, Epoch: 08, Loss: 0.5523
Run: 04, Epoch: 09, Loss: 0.5440
Run: 04, Epoch: 10, Loss: 0.5352
Run: 04, Epoch: 10, Train: 87.50%, Valid: 90.96% Test: 78.69%
Run: 04, Epoch: 11, Loss: 0.5278
Run: 04, Epoch: 12, Loss: 0.5206
Run: 04, Epoch: 12, Train: 87.84%, Valid: 91.03% Test: 78.16%
Run: 04, Epoch: 13, Loss: 0.5198
Run: 04, Epoch: 14, Loss: 0.5148
Run: 04, Epoch: 14, Train: 87.99%, Valid: 91.27% Test: 77.37%
Run: 04, Epoch: 15, Loss: 0.5154
Run: 04, Epoch: 16, Loss: 0.5150
Run: 04, Epoch: 16, Train: 88.22%, Valid: 91.13% Test: 78.42%
Run: 04, Epoch: 17, Loss: 0.5088
Run: 04, Epoch: 18, Loss: 0.5060
Run: 04, Epoch: 18, Train: 88.53%, Valid: 91.48% Test: 78.08%
Run: 04, Epoch: 19, Loss: 0.4998
Run: 04, Epoch: 20, Loss: 0.5007
Run: 04, Epoch: 20, Train: 88.54%, Valid: 91.22% Test: 78.34%
Run 04:
Highest Train: 88.54
Highest Valid: 91.48
  Final Train: 88.53
   Final Test: 78.08
Run: 05, Epoch: 01, Loss: 1.4291
Run: 05, Epoch: 02, Loss: 0.7506
Run: 05, Epoch: 03, Loss: 0.6590
Run: 05, Epoch: 04, Loss: 0.6130
Run: 05, Epoch: 05, Loss: 0.5873
Run: 05, Epoch: 06, Loss: 0.5677
Run: 05, Epoch: 07, Loss: 0.5615
Run: 05, Epoch: 08, Loss: 0.5435
Run: 05, Epoch: 09, Loss: 0.5395
Run: 05, Epoch: 10, Loss: 0.5335
Run: 05, Epoch: 10, Train: 87.53%, Valid: 91.11% Test: 78.26%
Run: 05, Epoch: 11, Loss: 0.5259
Run: 05, Epoch: 12, Loss: 0.5205
Run: 05, Epoch: 12, Train: 87.86%, Valid: 91.29% Test: 78.44%
Run: 05, Epoch: 13, Loss: 0.5158
Run: 05, Epoch: 14, Loss: 0.5105
Run: 05, Epoch: 14, Train: 88.11%, Valid: 90.79% Test: 77.09%
Run: 05, Epoch: 15, Loss: 0.5076
Run: 05, Epoch: 16, Loss: 0.5071
Run: 05, Epoch: 16, Train: 88.00%, Valid: 91.47% Test: 78.55%
Run: 05, Epoch: 17, Loss: 0.5011
Run: 05, Epoch: 18, Loss: 0.5031
Run: 05, Epoch: 18, Train: 88.40%, Valid: 91.62% Test: 78.02%
Run: 05, Epoch: 19, Loss: 0.4967
Run: 05, Epoch: 20, Loss: 0.5026
Run: 05, Epoch: 20, Train: 88.87%, Valid: 91.52% Test: 78.38%
Run 05:
Highest Train: 88.87
Highest Valid: 91.62
  Final Train: 88.40
   Final Test: 78.02
Run: 06, Epoch: 01, Loss: 1.4495
Run: 06, Epoch: 02, Loss: 0.7429
Run: 06, Epoch: 03, Loss: 0.6573
Run: 06, Epoch: 04, Loss: 0.6071
Run: 06, Epoch: 05, Loss: 0.5889
Run: 06, Epoch: 06, Loss: 0.5716
Run: 06, Epoch: 07, Loss: 0.5559
Run: 06, Epoch: 08, Loss: 0.5466
Run: 06, Epoch: 09, Loss: 0.5347
Run: 06, Epoch: 10, Loss: 0.5276
Run: 06, Epoch: 10, Train: 87.49%, Valid: 91.23% Test: 78.67%
Run: 06, Epoch: 11, Loss: 0.5242
Run: 06, Epoch: 12, Loss: 0.5234
Run: 06, Epoch: 12, Train: 88.02%, Valid: 91.07% Test: 78.15%
Run: 06, Epoch: 13, Loss: 0.5138
Run: 06, Epoch: 14, Loss: 0.5073
Run: 06, Epoch: 14, Train: 88.11%, Valid: 91.38% Test: 78.56%
Run: 06, Epoch: 15, Loss: 0.5092
Run: 06, Epoch: 16, Loss: 0.5056
Run: 06, Epoch: 16, Train: 88.22%, Valid: 91.39% Test: 78.42%
Run: 06, Epoch: 17, Loss: 0.5093
Run: 06, Epoch: 18, Loss: 0.5016
Run: 06, Epoch: 18, Train: 88.49%, Valid: 91.59% Test: 78.01%
Run: 06, Epoch: 19, Loss: 0.5016
Run: 06, Epoch: 20, Loss: 0.4999
Run: 06, Epoch: 20, Train: 88.67%, Valid: 91.40% Test: 78.55%
Run 06:
Highest Train: 88.67
Highest Valid: 91.59
  Final Train: 88.49
   Final Test: 78.01
Run: 07, Epoch: 01, Loss: 1.5109
Run: 07, Epoch: 02, Loss: 0.7544
Run: 07, Epoch: 03, Loss: 0.6675
Run: 07, Epoch: 04, Loss: 0.6195
Run: 07, Epoch: 05, Loss: 0.5931
Run: 07, Epoch: 06, Loss: 0.5788
Run: 07, Epoch: 07, Loss: 0.5641
Run: 07, Epoch: 08, Loss: 0.5491
Run: 07, Epoch: 09, Loss: 0.5394
Run: 07, Epoch: 10, Loss: 0.5427
Run: 07, Epoch: 10, Train: 87.58%, Valid: 90.95% Test: 77.98%
Run: 07, Epoch: 11, Loss: 0.5311
Run: 07, Epoch: 12, Loss: 0.5244
Run: 07, Epoch: 12, Train: 87.70%, Valid: 91.30% Test: 78.51%
Run: 07, Epoch: 13, Loss: 0.5206
Run: 07, Epoch: 14, Loss: 0.5136
Run: 07, Epoch: 14, Train: 88.23%, Valid: 91.29% Test: 78.58%
Run: 07, Epoch: 15, Loss: 0.5125
Run: 07, Epoch: 16, Loss: 0.5167
Run: 07, Epoch: 16, Train: 88.16%, Valid: 91.47% Test: 77.66%
Run: 07, Epoch: 17, Loss: 0.5076
Run: 07, Epoch: 18, Loss: 0.5072
Run: 07, Epoch: 18, Train: 88.40%, Valid: 91.68% Test: 78.44%
Run: 07, Epoch: 19, Loss: 0.5041
Run: 07, Epoch: 20, Loss: 0.4951
Run: 07, Epoch: 20, Train: 88.51%, Valid: 91.43% Test: 78.07%
Run 07:
Highest Train: 88.51
Highest Valid: 91.68
  Final Train: 88.40
   Final Test: 78.44
Run: 08, Epoch: 01, Loss: 1.4365
Run: 08, Epoch: 02, Loss: 0.7485
Run: 08, Epoch: 03, Loss: 0.6540
Run: 08, Epoch: 04, Loss: 0.6126
Run: 08, Epoch: 05, Loss: 0.5879
Run: 08, Epoch: 06, Loss: 0.5717
Run: 08, Epoch: 07, Loss: 0.5502
Run: 08, Epoch: 08, Loss: 0.5518
Run: 08, Epoch: 09, Loss: 0.5429
Run: 08, Epoch: 10, Loss: 0.5304
Run: 08, Epoch: 10, Train: 87.58%, Valid: 91.25% Test: 78.13%
Run: 08, Epoch: 11, Loss: 0.5273
Run: 08, Epoch: 12, Loss: 0.5181
Run: 08, Epoch: 12, Train: 87.81%, Valid: 91.12% Test: 78.40%
Run: 08, Epoch: 13, Loss: 0.5125
Run: 08, Epoch: 14, Loss: 0.5105
Run: 08, Epoch: 14, Train: 88.00%, Valid: 91.50% Test: 78.02%
Run: 08, Epoch: 15, Loss: 0.5075
Run: 08, Epoch: 16, Loss: 0.5082
Run: 08, Epoch: 16, Train: 88.29%, Valid: 91.51% Test: 77.08%
Run: 08, Epoch: 17, Loss: 0.5021
Run: 08, Epoch: 18, Loss: 0.5084
Run: 08, Epoch: 18, Train: 88.54%, Valid: 91.49% Test: 77.99%
Run: 08, Epoch: 19, Loss: 0.4944
Run: 08, Epoch: 20, Loss: 0.4996
Run: 08, Epoch: 20, Train: 88.58%, Valid: 91.46% Test: 78.78%
Run 08:
Highest Train: 88.58
Highest Valid: 91.51
  Final Train: 88.29
   Final Test: 77.08
Run: 09, Epoch: 01, Loss: 1.4528
Run: 09, Epoch: 02, Loss: 0.7457
Run: 09, Epoch: 03, Loss: 0.6538
Run: 09, Epoch: 04, Loss: 0.6107
Run: 09, Epoch: 05, Loss: 0.5880
Run: 09, Epoch: 06, Loss: 0.5647
Run: 09, Epoch: 07, Loss: 0.5531
Run: 09, Epoch: 08, Loss: 0.5492
Run: 09, Epoch: 09, Loss: 0.5380
Run: 09, Epoch: 10, Loss: 0.5272
Run: 09, Epoch: 10, Train: 87.72%, Valid: 91.36% Test: 78.50%
Run: 09, Epoch: 11, Loss: 0.5267
Run: 09, Epoch: 12, Loss: 0.5147
Run: 09, Epoch: 12, Train: 87.90%, Valid: 91.29% Test: 78.08%
Run: 09, Epoch: 13, Loss: 0.5188
Run: 09, Epoch: 14, Loss: 0.5172
Run: 09, Epoch: 14, Train: 88.21%, Valid: 91.03% Test: 77.94%
Run: 09, Epoch: 15, Loss: 0.5106
Run: 09, Epoch: 16, Loss: 0.5066
Run: 09, Epoch: 16, Train: 88.36%, Valid: 91.39% Test: 78.75%
Run: 09, Epoch: 17, Loss: 0.4976
Run: 09, Epoch: 18, Loss: 0.4989
Run: 09, Epoch: 18, Train: 88.60%, Valid: 91.66% Test: 78.39%
Run: 09, Epoch: 19, Loss: 0.4930
Run: 09, Epoch: 20, Loss: 0.4959
Run: 09, Epoch: 20, Train: 88.62%, Valid: 91.30% Test: 78.35%
Run 09:
Highest Train: 88.62
Highest Valid: 91.66
  Final Train: 88.60
   Final Test: 78.39
Run: 10, Epoch: 01, Loss: 1.4562
Run: 10, Epoch: 02, Loss: 0.7490
Run: 10, Epoch: 03, Loss: 0.6553
Run: 10, Epoch: 04, Loss: 0.6196
Run: 10, Epoch: 05, Loss: 0.5928
Run: 10, Epoch: 06, Loss: 0.5711
Run: 10, Epoch: 07, Loss: 0.5486
Run: 10, Epoch: 08, Loss: 0.5494
Run: 10, Epoch: 09, Loss: 0.5420
Run: 10, Epoch: 10, Loss: 0.5287
Run: 10, Epoch: 10, Train: 87.73%, Valid: 91.40% Test: 78.34%
Run: 10, Epoch: 11, Loss: 0.5176
Run: 10, Epoch: 12, Loss: 0.5182
Run: 10, Epoch: 12, Train: 87.97%, Valid: 91.40% Test: 78.61%
Run: 10, Epoch: 13, Loss: 0.5154
Run: 10, Epoch: 14, Loss: 0.5100
Run: 10, Epoch: 14, Train: 88.22%, Valid: 91.10% Test: 79.12%
Run: 10, Epoch: 15, Loss: 0.5106
Run: 10, Epoch: 16, Loss: 0.5020
Run: 10, Epoch: 16, Train: 88.21%, Valid: 91.55% Test: 78.33%
Run: 10, Epoch: 17, Loss: 0.5000
Run: 10, Epoch: 18, Loss: 0.5026
Run: 10, Epoch: 18, Train: 88.49%, Valid: 91.79% Test: 78.68%
Run: 10, Epoch: 19, Loss: 0.4971
Run: 10, Epoch: 20, Loss: 0.5012
Run: 10, Epoch: 20, Train: 88.46%, Valid: 91.57% Test: 78.52%
Run 10:
Highest Train: 88.49
Highest Valid: 91.79
  Final Train: 88.49
   Final Test: 78.68
All runs:
Highest Train: 88.56 ± 0.14
Highest Valid: 91.61 ± 0.10
  Final Train: 88.43 ± 0.10
   Final Test: 78.17 ± 0.45
