Namespace(device=0, log_steps=1, inductive=False, num_layers=3, hidden_channels=256, dropout=0.5, batch_size=20000, walk_length=3, lr=0.01, num_steps=30, epochs=20, eval_steps=2, runs=10, rsv=0.45, al='el2n', alpha=0.8)
tensor([ 99311, 131369, 105411,  ..., 117767,  73915,  24234]) 88476
tensor([222340, 232877, 217134,  ..., 212377, 198004, 211857]) 17695
Run: 01, Epoch: 01, Loss: 1.4430
Run: 01, Epoch: 02, Loss: 0.6138
Run: 01, Epoch: 03, Loss: 0.5266
Run: 01, Epoch: 04, Loss: 0.4893
Run: 01, Epoch: 05, Loss: 0.4688
Run: 01, Epoch: 06, Loss: 0.4499
Run: 01, Epoch: 07, Loss: 0.4328
Run: 01, Epoch: 08, Loss: 0.4267
Run: 01, Epoch: 09, Loss: 0.4173
Run: 01, Epoch: 10, Loss: 0.4164
Run: 01, Epoch: 10, Train: 90.29%, Valid: 91.11% Test: 78.21%
Run: 01, Epoch: 11, Loss: 0.4078
Run: 01, Epoch: 12, Loss: 0.3987
Run: 01, Epoch: 12, Train: 90.71%, Valid: 91.18% Test: 78.18%
Run: 01, Epoch: 13, Loss: 0.3957
Run: 01, Epoch: 14, Loss: 0.3927
Run: 01, Epoch: 14, Train: 90.72%, Valid: 91.16% Test: 78.77%
Run: 01, Epoch: 15, Loss: 0.3918
Run: 01, Epoch: 16, Loss: 0.3900
Run: 01, Epoch: 16, Train: 90.93%, Valid: 91.29% Test: 78.47%
Run: 01, Epoch: 17, Loss: 0.3833
Run: 01, Epoch: 18, Loss: 0.3823
Run: 01, Epoch: 18, Train: 91.15%, Valid: 91.42% Test: 78.30%
Run: 01, Epoch: 19, Loss: 0.3805
Run: 01, Epoch: 20, Loss: 0.3814
Run: 01, Epoch: 20, Train: 91.10%, Valid: 91.31% Test: 78.64%
Run 01:
Highest Train: 91.15
Highest Valid: 91.42
  Final Train: 91.15
   Final Test: 78.30
Run: 02, Epoch: 01, Loss: 1.5618
Run: 02, Epoch: 02, Loss: 0.6235
Run: 02, Epoch: 03, Loss: 0.5351
Run: 02, Epoch: 04, Loss: 0.4934
Run: 02, Epoch: 05, Loss: 0.4683
Run: 02, Epoch: 06, Loss: 0.4507
Run: 02, Epoch: 07, Loss: 0.4417
Run: 02, Epoch: 08, Loss: 0.4297
Run: 02, Epoch: 09, Loss: 0.4273
Run: 02, Epoch: 10, Loss: 0.4145
Run: 02, Epoch: 10, Train: 90.22%, Valid: 91.05% Test: 78.52%
Run: 02, Epoch: 11, Loss: 0.4081
Run: 02, Epoch: 12, Loss: 0.4101
Run: 02, Epoch: 12, Train: 90.45%, Valid: 91.23% Test: 77.73%
Run: 02, Epoch: 13, Loss: 0.3976
Run: 02, Epoch: 14, Loss: 0.3956
Run: 02, Epoch: 14, Train: 90.61%, Valid: 91.29% Test: 78.35%
Run: 02, Epoch: 15, Loss: 0.3961
Run: 02, Epoch: 16, Loss: 0.3901
Run: 02, Epoch: 16, Train: 90.97%, Valid: 91.48% Test: 78.59%
Run: 02, Epoch: 17, Loss: 0.3901
Run: 02, Epoch: 18, Loss: 0.3851
Run: 02, Epoch: 18, Train: 91.03%, Valid: 91.29% Test: 78.14%
Run: 02, Epoch: 19, Loss: 0.3830
Run: 02, Epoch: 20, Loss: 0.3822
Run: 02, Epoch: 20, Train: 91.11%, Valid: 91.41% Test: 78.61%
Run 02:
Highest Train: 91.11
Highest Valid: 91.48
  Final Train: 90.97
   Final Test: 78.59
Run: 03, Epoch: 01, Loss: 1.5013
Run: 03, Epoch: 02, Loss: 0.6225
Run: 03, Epoch: 03, Loss: 0.5350
Run: 03, Epoch: 04, Loss: 0.4982
Run: 03, Epoch: 05, Loss: 0.4709
Run: 03, Epoch: 06, Loss: 0.4582
Run: 03, Epoch: 07, Loss: 0.4426
Run: 03, Epoch: 08, Loss: 0.4372
Run: 03, Epoch: 09, Loss: 0.4265
Run: 03, Epoch: 10, Loss: 0.4168
Run: 03, Epoch: 10, Train: 90.19%, Valid: 90.92% Test: 78.23%
Run: 03, Epoch: 11, Loss: 0.4061
Run: 03, Epoch: 12, Loss: 0.4097
Run: 03, Epoch: 12, Train: 90.46%, Valid: 91.19% Test: 78.42%
Run: 03, Epoch: 13, Loss: 0.4008
Run: 03, Epoch: 14, Loss: 0.3981
Run: 03, Epoch: 14, Train: 90.52%, Valid: 91.05% Test: 78.98%
Run: 03, Epoch: 15, Loss: 0.3960
Run: 03, Epoch: 16, Loss: 0.3978
Run: 03, Epoch: 16, Train: 90.71%, Valid: 91.15% Test: 78.74%
Run: 03, Epoch: 17, Loss: 0.3950
Run: 03, Epoch: 18, Loss: 0.3928
Run: 03, Epoch: 18, Train: 90.87%, Valid: 91.18% Test: 79.05%
Run: 03, Epoch: 19, Loss: 0.3918
Run: 03, Epoch: 20, Loss: 0.3894
Run: 03, Epoch: 20, Train: 90.87%, Valid: 91.36% Test: 77.85%
Run 03:
Highest Train: 90.87
Highest Valid: 91.36
  Final Train: 90.87
   Final Test: 77.85
Run: 04, Epoch: 01, Loss: 1.4252
Run: 04, Epoch: 02, Loss: 0.6104
Run: 04, Epoch: 03, Loss: 0.5245
Run: 04, Epoch: 04, Loss: 0.4862
Run: 04, Epoch: 05, Loss: 0.4618
Run: 04, Epoch: 06, Loss: 0.4525
Run: 04, Epoch: 07, Loss: 0.4404
Run: 04, Epoch: 08, Loss: 0.4301
Run: 04, Epoch: 09, Loss: 0.4271
Run: 04, Epoch: 10, Loss: 0.4175
Run: 04, Epoch: 10, Train: 90.35%, Valid: 91.20% Test: 78.37%
Run: 04, Epoch: 11, Loss: 0.4087
Run: 04, Epoch: 12, Loss: 0.4018
Run: 04, Epoch: 12, Train: 90.55%, Valid: 91.10% Test: 78.34%
Run: 04, Epoch: 13, Loss: 0.3979
Run: 04, Epoch: 14, Loss: 0.3920
Run: 04, Epoch: 14, Train: 90.85%, Valid: 91.22% Test: 77.65%
Run: 04, Epoch: 15, Loss: 0.3922
Run: 04, Epoch: 16, Loss: 0.3953
Run: 04, Epoch: 16, Train: 90.91%, Valid: 91.33% Test: 78.17%
Run: 04, Epoch: 17, Loss: 0.3942
Run: 04, Epoch: 18, Loss: 0.3897
Run: 04, Epoch: 18, Train: 91.02%, Valid: 91.22% Test: 77.33%
Run: 04, Epoch: 19, Loss: 0.3883
Run: 04, Epoch: 20, Loss: 0.3804
Run: 04, Epoch: 20, Train: 91.08%, Valid: 91.52% Test: 78.63%
Run 04:
Highest Train: 91.08
Highest Valid: 91.52
  Final Train: 91.08
   Final Test: 78.63
Run: 05, Epoch: 01, Loss: 1.3283
Run: 05, Epoch: 02, Loss: 0.5959
Run: 05, Epoch: 03, Loss: 0.5156
Run: 05, Epoch: 04, Loss: 0.4783
Run: 05, Epoch: 05, Loss: 0.4548
Run: 05, Epoch: 06, Loss: 0.4419
Run: 05, Epoch: 07, Loss: 0.4299
Run: 05, Epoch: 08, Loss: 0.4198
Run: 05, Epoch: 09, Loss: 0.4117
Run: 05, Epoch: 10, Loss: 0.4098
Run: 05, Epoch: 10, Train: 90.19%, Valid: 90.91% Test: 77.87%
Run: 05, Epoch: 11, Loss: 0.4024
Run: 05, Epoch: 12, Loss: 0.3970
Run: 05, Epoch: 12, Train: 90.62%, Valid: 90.97% Test: 77.66%
Run: 05, Epoch: 13, Loss: 0.3944
Run: 05, Epoch: 14, Loss: 0.3934
Run: 05, Epoch: 14, Train: 90.94%, Valid: 91.25% Test: 77.73%
Run: 05, Epoch: 15, Loss: 0.3893
Run: 05, Epoch: 16, Loss: 0.3843
Run: 05, Epoch: 16, Train: 90.94%, Valid: 91.18% Test: 78.31%
Run: 05, Epoch: 17, Loss: 0.3815
Run: 05, Epoch: 18, Loss: 0.3821
Run: 05, Epoch: 18, Train: 91.05%, Valid: 91.22% Test: 77.36%
Run: 05, Epoch: 19, Loss: 0.3814
Run: 05, Epoch: 20, Loss: 0.3824
Run: 05, Epoch: 20, Train: 91.33%, Valid: 91.34% Test: 78.00%
Run 05:
Highest Train: 91.33
Highest Valid: 91.34
  Final Train: 91.33
   Final Test: 78.00
Run: 06, Epoch: 01, Loss: 1.3470
Run: 06, Epoch: 02, Loss: 0.5976
Run: 06, Epoch: 03, Loss: 0.5205
Run: 06, Epoch: 04, Loss: 0.4756
Run: 06, Epoch: 05, Loss: 0.4619
Run: 06, Epoch: 06, Loss: 0.4492
Run: 06, Epoch: 07, Loss: 0.4353
Run: 06, Epoch: 08, Loss: 0.4233
Run: 06, Epoch: 09, Loss: 0.4135
Run: 06, Epoch: 10, Loss: 0.4121
Run: 06, Epoch: 10, Train: 90.44%, Valid: 91.17% Test: 78.48%
Run: 06, Epoch: 11, Loss: 0.4043
Run: 06, Epoch: 12, Loss: 0.4029
Run: 06, Epoch: 12, Train: 90.65%, Valid: 91.10% Test: 78.17%
Run: 06, Epoch: 13, Loss: 0.3974
Run: 06, Epoch: 14, Loss: 0.3914
Run: 06, Epoch: 14, Train: 90.93%, Valid: 91.33% Test: 78.75%
Run: 06, Epoch: 15, Loss: 0.3878
Run: 06, Epoch: 16, Loss: 0.3916
Run: 06, Epoch: 16, Train: 90.90%, Valid: 91.34% Test: 78.49%
Run: 06, Epoch: 17, Loss: 0.3898
Run: 06, Epoch: 18, Loss: 0.3873
Run: 06, Epoch: 18, Train: 91.07%, Valid: 91.41% Test: 78.34%
Run: 06, Epoch: 19, Loss: 0.3837
Run: 06, Epoch: 20, Loss: 0.3843
Run: 06, Epoch: 20, Train: 91.21%, Valid: 91.39% Test: 78.35%
Run 06:
Highest Train: 91.21
Highest Valid: 91.41
  Final Train: 91.07
   Final Test: 78.34
Run: 07, Epoch: 01, Loss: 1.5064
Run: 07, Epoch: 02, Loss: 0.6265
Run: 07, Epoch: 03, Loss: 0.5414
Run: 07, Epoch: 04, Loss: 0.4927
Run: 07, Epoch: 05, Loss: 0.4682
Run: 07, Epoch: 06, Loss: 0.4524
Run: 07, Epoch: 07, Loss: 0.4366
Run: 07, Epoch: 08, Loss: 0.4271
Run: 07, Epoch: 09, Loss: 0.4194
Run: 07, Epoch: 10, Loss: 0.4206
Run: 07, Epoch: 10, Train: 90.21%, Valid: 91.02% Test: 77.87%
Run: 07, Epoch: 11, Loss: 0.4122
Run: 07, Epoch: 12, Loss: 0.4062
Run: 07, Epoch: 12, Train: 90.54%, Valid: 91.16% Test: 77.94%
Run: 07, Epoch: 13, Loss: 0.3992
Run: 07, Epoch: 14, Loss: 0.3941
Run: 07, Epoch: 14, Train: 90.68%, Valid: 91.29% Test: 78.95%
Run: 07, Epoch: 15, Loss: 0.3906
Run: 07, Epoch: 16, Loss: 0.3951
Run: 07, Epoch: 16, Train: 90.93%, Valid: 91.38% Test: 77.93%
Run: 07, Epoch: 17, Loss: 0.3891
Run: 07, Epoch: 18, Loss: 0.3867
Run: 07, Epoch: 18, Train: 90.97%, Valid: 91.32% Test: 78.43%
Run: 07, Epoch: 19, Loss: 0.3828
Run: 07, Epoch: 20, Loss: 0.3834
Run: 07, Epoch: 20, Train: 91.31%, Valid: 91.46% Test: 78.36%
Run 07:
Highest Train: 91.31
Highest Valid: 91.46
  Final Train: 91.31
   Final Test: 78.36
Run: 08, Epoch: 01, Loss: 1.2884
Run: 08, Epoch: 02, Loss: 0.5952
Run: 08, Epoch: 03, Loss: 0.5163
Run: 08, Epoch: 04, Loss: 0.4746
Run: 08, Epoch: 05, Loss: 0.4573
Run: 08, Epoch: 06, Loss: 0.4398
Run: 08, Epoch: 07, Loss: 0.4234
Run: 08, Epoch: 08, Loss: 0.4242
Run: 08, Epoch: 09, Loss: 0.4169
Run: 08, Epoch: 10, Loss: 0.4112
Run: 08, Epoch: 10, Train: 90.28%, Valid: 91.13% Test: 77.66%
Run: 08, Epoch: 11, Loss: 0.4063
Run: 08, Epoch: 12, Loss: 0.3966
Run: 08, Epoch: 12, Train: 90.68%, Valid: 91.39% Test: 78.71%
Run: 08, Epoch: 13, Loss: 0.3907
Run: 08, Epoch: 14, Loss: 0.3932
Run: 08, Epoch: 14, Train: 90.84%, Valid: 91.40% Test: 78.53%
Run: 08, Epoch: 15, Loss: 0.3873
Run: 08, Epoch: 16, Loss: 0.3889
Run: 08, Epoch: 16, Train: 91.04%, Valid: 91.44% Test: 78.71%
Run: 08, Epoch: 17, Loss: 0.3824
Run: 08, Epoch: 18, Loss: 0.3876
Run: 08, Epoch: 18, Train: 91.11%, Valid: 91.40% Test: 78.04%
Run: 08, Epoch: 19, Loss: 0.3791
Run: 08, Epoch: 20, Loss: 0.3815
Run: 08, Epoch: 20, Train: 91.17%, Valid: 91.42% Test: 78.34%
Run 08:
Highest Train: 91.17
Highest Valid: 91.44
  Final Train: 91.04
   Final Test: 78.71
Run: 09, Epoch: 01, Loss: 1.3917
Run: 09, Epoch: 02, Loss: 0.5998
Run: 09, Epoch: 03, Loss: 0.5173
Run: 09, Epoch: 04, Loss: 0.4798
Run: 09, Epoch: 05, Loss: 0.4610
Run: 09, Epoch: 06, Loss: 0.4415
Run: 09, Epoch: 07, Loss: 0.4346
Run: 09, Epoch: 08, Loss: 0.4215
Run: 09, Epoch: 09, Loss: 0.4170
Run: 09, Epoch: 10, Loss: 0.4091
Run: 09, Epoch: 10, Train: 90.23%, Valid: 90.90% Test: 77.16%
Run: 09, Epoch: 11, Loss: 0.4029
Run: 09, Epoch: 12, Loss: 0.3967
Run: 09, Epoch: 12, Train: 90.36%, Valid: 91.05% Test: 77.66%
Run: 09, Epoch: 13, Loss: 0.3957
Run: 09, Epoch: 14, Loss: 0.3987
Run: 09, Epoch: 14, Train: 90.73%, Valid: 91.20% Test: 77.55%
Run: 09, Epoch: 15, Loss: 0.3930
Run: 09, Epoch: 16, Loss: 0.3910
Run: 09, Epoch: 16, Train: 90.82%, Valid: 91.29% Test: 78.25%
Run: 09, Epoch: 17, Loss: 0.3789
Run: 09, Epoch: 18, Loss: 0.3810
Run: 09, Epoch: 18, Train: 91.25%, Valid: 91.51% Test: 77.85%
Run: 09, Epoch: 19, Loss: 0.3781
Run: 09, Epoch: 20, Loss: 0.3783
Run: 09, Epoch: 20, Train: 91.30%, Valid: 91.36% Test: 77.98%
Run 09:
Highest Train: 91.30
Highest Valid: 91.51
  Final Train: 91.25
   Final Test: 77.85
Run: 10, Epoch: 01, Loss: 1.4167
Run: 10, Epoch: 02, Loss: 0.6109
Run: 10, Epoch: 03, Loss: 0.5241
Run: 10, Epoch: 04, Loss: 0.4900
Run: 10, Epoch: 05, Loss: 0.4687
Run: 10, Epoch: 06, Loss: 0.4522
Run: 10, Epoch: 07, Loss: 0.4303
Run: 10, Epoch: 08, Loss: 0.4290
Run: 10, Epoch: 09, Loss: 0.4222
Run: 10, Epoch: 10, Loss: 0.4133
Run: 10, Epoch: 10, Train: 90.31%, Valid: 91.17% Test: 77.28%
Run: 10, Epoch: 11, Loss: 0.4053
Run: 10, Epoch: 12, Loss: 0.3989
Run: 10, Epoch: 12, Train: 90.64%, Valid: 91.36% Test: 78.65%
Run: 10, Epoch: 13, Loss: 0.4003
Run: 10, Epoch: 14, Loss: 0.3936
Run: 10, Epoch: 14, Train: 90.64%, Valid: 91.20% Test: 78.58%
Run: 10, Epoch: 15, Loss: 0.3986
Run: 10, Epoch: 16, Loss: 0.3893
Run: 10, Epoch: 16, Train: 90.95%, Valid: 91.26% Test: 78.44%
Run: 10, Epoch: 17, Loss: 0.3862
Run: 10, Epoch: 18, Loss: 0.3914
Run: 10, Epoch: 18, Train: 91.03%, Valid: 91.34% Test: 78.96%
Run: 10, Epoch: 19, Loss: 0.3845
Run: 10, Epoch: 20, Loss: 0.3871
Run: 10, Epoch: 20, Train: 91.19%, Valid: 91.47% Test: 78.22%
Run 10:
Highest Train: 91.19
Highest Valid: 91.47
  Final Train: 91.19
   Final Test: 78.22
All runs:
Highest Train: 91.17 ± 0.14
Highest Valid: 91.44 ± 0.06
  Final Train: 91.13 ± 0.15
   Final Test: 78.28 ± 0.31
