Namespace(device=0, log_steps=1, inductive=False, num_layers=3, hidden_channels=256, dropout=0.5, batch_size=20000, walk_length=3, lr=0.01, num_steps=30, epochs=20, eval_steps=2, runs=10, rsv=0.45, al='el2n', alpha=0.9)
tensor([ 99311, 131369, 105411,  ..., 151890, 195915, 137207]) 88477
tensor([222340, 232877, 217134,  ..., 212377, 198004, 211857]) 17695
Run: 01, Epoch: 01, Loss: 1.3735
Run: 01, Epoch: 02, Loss: 0.5582
Run: 01, Epoch: 03, Loss: 0.4746
Run: 01, Epoch: 04, Loss: 0.4398
Run: 01, Epoch: 05, Loss: 0.4213
Run: 01, Epoch: 06, Loss: 0.4037
Run: 01, Epoch: 07, Loss: 0.3905
Run: 01, Epoch: 08, Loss: 0.3861
Run: 01, Epoch: 09, Loss: 0.3760
Run: 01, Epoch: 10, Loss: 0.3750
Run: 01, Epoch: 10, Train: 91.35%, Valid: 91.08% Test: 78.23%
Run: 01, Epoch: 11, Loss: 0.3674
Run: 01, Epoch: 12, Loss: 0.3583
Run: 01, Epoch: 12, Train: 91.57%, Valid: 91.16% Test: 78.16%
Run: 01, Epoch: 13, Loss: 0.3576
Run: 01, Epoch: 14, Loss: 0.3550
Run: 01, Epoch: 14, Train: 91.57%, Valid: 91.03% Test: 78.73%
Run: 01, Epoch: 15, Loss: 0.3514
Run: 01, Epoch: 16, Loss: 0.3505
Run: 01, Epoch: 16, Train: 91.92%, Valid: 91.36% Test: 78.45%
Run: 01, Epoch: 17, Loss: 0.3479
Run: 01, Epoch: 18, Loss: 0.3482
Run: 01, Epoch: 18, Train: 92.09%, Valid: 91.33% Test: 78.01%
Run: 01, Epoch: 19, Loss: 0.3441
Run: 01, Epoch: 20, Loss: 0.3432
Run: 01, Epoch: 20, Train: 91.82%, Valid: 91.19% Test: 78.17%
Run 01:
Highest Train: 92.09
Highest Valid: 91.36
  Final Train: 91.92
   Final Test: 78.45
Run: 02, Epoch: 01, Loss: 1.5117
Run: 02, Epoch: 02, Loss: 0.5787
Run: 02, Epoch: 03, Loss: 0.4872
Run: 02, Epoch: 04, Loss: 0.4487
Run: 02, Epoch: 05, Loss: 0.4231
Run: 02, Epoch: 06, Loss: 0.4080
Run: 02, Epoch: 07, Loss: 0.3966
Run: 02, Epoch: 08, Loss: 0.3873
Run: 02, Epoch: 09, Loss: 0.3888
Run: 02, Epoch: 10, Loss: 0.3758
Run: 02, Epoch: 10, Train: 91.23%, Valid: 91.01% Test: 78.37%
Run: 02, Epoch: 11, Loss: 0.3708
Run: 02, Epoch: 12, Loss: 0.3679
Run: 02, Epoch: 12, Train: 91.40%, Valid: 91.13% Test: 77.67%
Run: 02, Epoch: 13, Loss: 0.3562
Run: 02, Epoch: 14, Loss: 0.3554
Run: 02, Epoch: 14, Train: 91.51%, Valid: 91.09% Test: 77.98%
Run: 02, Epoch: 15, Loss: 0.3540
Run: 02, Epoch: 16, Loss: 0.3509
Run: 02, Epoch: 16, Train: 91.83%, Valid: 91.35% Test: 78.46%
Run: 02, Epoch: 17, Loss: 0.3482
Run: 02, Epoch: 18, Loss: 0.3472
Run: 02, Epoch: 18, Train: 91.90%, Valid: 91.04% Test: 77.43%
Run: 02, Epoch: 19, Loss: 0.3425
Run: 02, Epoch: 20, Loss: 0.3439
Run: 02, Epoch: 20, Train: 91.99%, Valid: 91.27% Test: 78.70%
Run 02:
Highest Train: 91.99
Highest Valid: 91.35
  Final Train: 91.83
   Final Test: 78.46
Run: 03, Epoch: 01, Loss: 1.4332
Run: 03, Epoch: 02, Loss: 0.5628
Run: 03, Epoch: 03, Loss: 0.4870
Run: 03, Epoch: 04, Loss: 0.4497
Run: 03, Epoch: 05, Loss: 0.4249
Run: 03, Epoch: 06, Loss: 0.4115
Run: 03, Epoch: 07, Loss: 0.3990
Run: 03, Epoch: 08, Loss: 0.3896
Run: 03, Epoch: 09, Loss: 0.3815
Run: 03, Epoch: 10, Loss: 0.3754
Run: 03, Epoch: 10, Train: 91.10%, Valid: 90.82% Test: 78.14%
Run: 03, Epoch: 11, Loss: 0.3674
Run: 03, Epoch: 12, Loss: 0.3666
Run: 03, Epoch: 12, Train: 91.45%, Valid: 91.19% Test: 78.50%
Run: 03, Epoch: 13, Loss: 0.3605
Run: 03, Epoch: 14, Loss: 0.3542
Run: 03, Epoch: 14, Train: 91.67%, Valid: 91.21% Test: 78.79%
Run: 03, Epoch: 15, Loss: 0.3535
Run: 03, Epoch: 16, Loss: 0.3561
Run: 03, Epoch: 16, Train: 91.50%, Valid: 91.07% Test: 78.52%
Run: 03, Epoch: 17, Loss: 0.3520
Run: 03, Epoch: 18, Loss: 0.3472
Run: 03, Epoch: 18, Train: 91.92%, Valid: 91.25% Test: 78.97%
Run: 03, Epoch: 19, Loss: 0.3480
Run: 03, Epoch: 20, Loss: 0.3455
Run: 03, Epoch: 20, Train: 91.98%, Valid: 91.32% Test: 78.47%
Run 03:
Highest Train: 91.98
Highest Valid: 91.32
  Final Train: 91.98
   Final Test: 78.47
Run: 04, Epoch: 01, Loss: 1.3433
Run: 04, Epoch: 02, Loss: 0.5541
Run: 04, Epoch: 03, Loss: 0.4717
Run: 04, Epoch: 04, Loss: 0.4389
Run: 04, Epoch: 05, Loss: 0.4184
Run: 04, Epoch: 06, Loss: 0.4053
Run: 04, Epoch: 07, Loss: 0.3949
Run: 04, Epoch: 08, Loss: 0.3827
Run: 04, Epoch: 09, Loss: 0.3827
Run: 04, Epoch: 10, Loss: 0.3732
Run: 04, Epoch: 10, Train: 91.36%, Valid: 91.16% Test: 78.02%
Run: 04, Epoch: 11, Loss: 0.3629
Run: 04, Epoch: 12, Loss: 0.3583
Run: 04, Epoch: 12, Train: 91.55%, Valid: 90.96% Test: 78.21%
Run: 04, Epoch: 13, Loss: 0.3558
Run: 04, Epoch: 14, Loss: 0.3493
Run: 04, Epoch: 14, Train: 91.81%, Valid: 91.21% Test: 77.33%
Run: 04, Epoch: 15, Loss: 0.3528
Run: 04, Epoch: 16, Loss: 0.3551
Run: 04, Epoch: 16, Train: 91.93%, Valid: 91.38% Test: 77.86%
Run: 04, Epoch: 17, Loss: 0.3469
Run: 04, Epoch: 18, Loss: 0.3475
Run: 04, Epoch: 18, Train: 92.03%, Valid: 91.18% Test: 77.56%
Run: 04, Epoch: 19, Loss: 0.3457
Run: 04, Epoch: 20, Loss: 0.3387
Run: 04, Epoch: 20, Train: 91.99%, Valid: 91.22% Test: 78.26%
Run 04:
Highest Train: 92.03
Highest Valid: 91.38
  Final Train: 91.93
   Final Test: 77.86
Run: 05, Epoch: 01, Loss: 1.2825
Run: 05, Epoch: 02, Loss: 0.5466
Run: 05, Epoch: 03, Loss: 0.4690
Run: 05, Epoch: 04, Loss: 0.4377
Run: 05, Epoch: 05, Loss: 0.4134
Run: 05, Epoch: 06, Loss: 0.3964
Run: 05, Epoch: 07, Loss: 0.3882
Run: 05, Epoch: 08, Loss: 0.3795
Run: 05, Epoch: 09, Loss: 0.3736
Run: 05, Epoch: 10, Loss: 0.3665
Run: 05, Epoch: 10, Train: 91.28%, Valid: 90.91% Test: 77.12%
Run: 05, Epoch: 11, Loss: 0.3628
Run: 05, Epoch: 12, Loss: 0.3562
Run: 05, Epoch: 12, Train: 91.60%, Valid: 91.01% Test: 77.56%
Run: 05, Epoch: 13, Loss: 0.3534
Run: 05, Epoch: 14, Loss: 0.3488
Run: 05, Epoch: 14, Train: 91.77%, Valid: 91.33% Test: 78.39%
Run: 05, Epoch: 15, Loss: 0.3483
Run: 05, Epoch: 16, Loss: 0.3459
Run: 05, Epoch: 16, Train: 91.90%, Valid: 91.00% Test: 78.19%
Run: 05, Epoch: 17, Loss: 0.3422
Run: 05, Epoch: 18, Loss: 0.3400
Run: 05, Epoch: 18, Train: 91.91%, Valid: 91.13% Test: 77.78%
Run: 05, Epoch: 19, Loss: 0.3380
Run: 05, Epoch: 20, Loss: 0.3416
Run: 05, Epoch: 20, Train: 92.26%, Valid: 91.31% Test: 78.28%
Run 05:
Highest Train: 92.26
Highest Valid: 91.33
  Final Train: 91.77
   Final Test: 78.39
Run: 06, Epoch: 01, Loss: 1.3432
Run: 06, Epoch: 02, Loss: 0.5596
Run: 06, Epoch: 03, Loss: 0.4795
Run: 06, Epoch: 04, Loss: 0.4341
Run: 06, Epoch: 05, Loss: 0.4215
Run: 06, Epoch: 06, Loss: 0.4071
Run: 06, Epoch: 07, Loss: 0.3937
Run: 06, Epoch: 08, Loss: 0.3817
Run: 06, Epoch: 09, Loss: 0.3735
Run: 06, Epoch: 10, Loss: 0.3724
Run: 06, Epoch: 10, Train: 91.37%, Valid: 90.97% Test: 78.24%
Run: 06, Epoch: 11, Loss: 0.3622
Run: 06, Epoch: 12, Loss: 0.3615
Run: 06, Epoch: 12, Train: 91.61%, Valid: 91.04% Test: 77.50%
Run: 06, Epoch: 13, Loss: 0.3598
Run: 06, Epoch: 14, Loss: 0.3505
Run: 06, Epoch: 14, Train: 91.83%, Valid: 91.03% Test: 78.21%
Run: 06, Epoch: 15, Loss: 0.3456
Run: 06, Epoch: 16, Loss: 0.3516
Run: 06, Epoch: 16, Train: 91.87%, Valid: 91.31% Test: 77.84%
Run: 06, Epoch: 17, Loss: 0.3473
Run: 06, Epoch: 18, Loss: 0.3444
Run: 06, Epoch: 18, Train: 92.00%, Valid: 91.12% Test: 78.59%
Run: 06, Epoch: 19, Loss: 0.3439
Run: 06, Epoch: 20, Loss: 0.3442
Run: 06, Epoch: 20, Train: 92.28%, Valid: 91.48% Test: 78.38%
Run 06:
Highest Train: 92.28
Highest Valid: 91.48
  Final Train: 92.28
   Final Test: 78.38
Run: 07, Epoch: 01, Loss: 1.4606
Run: 07, Epoch: 02, Loss: 0.5744
Run: 07, Epoch: 03, Loss: 0.4901
Run: 07, Epoch: 04, Loss: 0.4487
Run: 07, Epoch: 05, Loss: 0.4255
Run: 07, Epoch: 06, Loss: 0.4098
Run: 07, Epoch: 07, Loss: 0.3944
Run: 07, Epoch: 08, Loss: 0.3841
Run: 07, Epoch: 09, Loss: 0.3794
Run: 07, Epoch: 10, Loss: 0.3792
Run: 07, Epoch: 10, Train: 91.05%, Valid: 90.91% Test: 77.65%
Run: 07, Epoch: 11, Loss: 0.3717
Run: 07, Epoch: 12, Loss: 0.3658
Run: 07, Epoch: 12, Train: 91.50%, Valid: 91.14% Test: 77.85%
Run: 07, Epoch: 13, Loss: 0.3586
Run: 07, Epoch: 14, Loss: 0.3536
Run: 07, Epoch: 14, Train: 91.62%, Valid: 91.22% Test: 78.37%
Run: 07, Epoch: 15, Loss: 0.3515
Run: 07, Epoch: 16, Loss: 0.3557
Run: 07, Epoch: 16, Train: 91.85%, Valid: 91.23% Test: 77.80%
Run: 07, Epoch: 17, Loss: 0.3472
Run: 07, Epoch: 18, Loss: 0.3466
Run: 07, Epoch: 18, Train: 92.07%, Valid: 91.44% Test: 78.36%
Run: 07, Epoch: 19, Loss: 0.3414
Run: 07, Epoch: 20, Loss: 0.3436
Run: 07, Epoch: 20, Train: 92.12%, Valid: 91.41% Test: 78.61%
Run 07:
Highest Train: 92.12
Highest Valid: 91.44
  Final Train: 92.07
   Final Test: 78.36
Run: 08, Epoch: 01, Loss: 1.2728
Run: 08, Epoch: 02, Loss: 0.5455
Run: 08, Epoch: 03, Loss: 0.4720
Run: 08, Epoch: 04, Loss: 0.4352
Run: 08, Epoch: 05, Loss: 0.4150
Run: 08, Epoch: 06, Loss: 0.3982
Run: 08, Epoch: 07, Loss: 0.3868
Run: 08, Epoch: 08, Loss: 0.3859
Run: 08, Epoch: 09, Loss: 0.3776
Run: 08, Epoch: 10, Loss: 0.3699
Run: 08, Epoch: 10, Train: 91.12%, Valid: 91.03% Test: 78.04%
Run: 08, Epoch: 11, Loss: 0.3695
Run: 08, Epoch: 12, Loss: 0.3590
Run: 08, Epoch: 12, Train: 91.59%, Valid: 91.14% Test: 78.50%
Run: 08, Epoch: 13, Loss: 0.3550
Run: 08, Epoch: 14, Loss: 0.3517
Run: 08, Epoch: 14, Train: 91.72%, Valid: 91.39% Test: 78.35%
Run: 08, Epoch: 15, Loss: 0.3461
Run: 08, Epoch: 16, Loss: 0.3497
Run: 08, Epoch: 16, Train: 91.98%, Valid: 91.49% Test: 77.80%
Run: 08, Epoch: 17, Loss: 0.3445
Run: 08, Epoch: 18, Loss: 0.3493
Run: 08, Epoch: 18, Train: 92.03%, Valid: 91.35% Test: 78.45%
Run: 08, Epoch: 19, Loss: 0.3376
Run: 08, Epoch: 20, Loss: 0.3401
Run: 08, Epoch: 20, Train: 91.98%, Valid: 91.23% Test: 78.60%
Run 08:
Highest Train: 92.03
Highest Valid: 91.49
  Final Train: 91.98
   Final Test: 77.80
Run: 09, Epoch: 01, Loss: 1.3622
Run: 09, Epoch: 02, Loss: 0.5540
Run: 09, Epoch: 03, Loss: 0.4715
Run: 09, Epoch: 04, Loss: 0.4374
Run: 09, Epoch: 05, Loss: 0.4161
Run: 09, Epoch: 06, Loss: 0.4011
Run: 09, Epoch: 07, Loss: 0.3927
Run: 09, Epoch: 08, Loss: 0.3829
Run: 09, Epoch: 09, Loss: 0.3757
Run: 09, Epoch: 10, Loss: 0.3677
Run: 09, Epoch: 10, Train: 91.39%, Valid: 90.99% Test: 77.30%
Run: 09, Epoch: 11, Loss: 0.3650
Run: 09, Epoch: 12, Loss: 0.3566
Run: 09, Epoch: 12, Train: 91.41%, Valid: 90.96% Test: 77.14%
Run: 09, Epoch: 13, Loss: 0.3592
Run: 09, Epoch: 14, Loss: 0.3549
Run: 09, Epoch: 14, Train: 91.71%, Valid: 91.05% Test: 77.66%
Run: 09, Epoch: 15, Loss: 0.3538
Run: 09, Epoch: 16, Loss: 0.3475
Run: 09, Epoch: 16, Train: 91.86%, Valid: 91.39% Test: 78.46%
Run: 09, Epoch: 17, Loss: 0.3395
Run: 09, Epoch: 18, Loss: 0.3420
Run: 09, Epoch: 18, Train: 92.00%, Valid: 91.35% Test: 77.90%
Run: 09, Epoch: 19, Loss: 0.3426
Run: 09, Epoch: 20, Loss: 0.3400
Run: 09, Epoch: 20, Train: 92.05%, Valid: 91.38% Test: 78.32%
Run 09:
Highest Train: 92.05
Highest Valid: 91.39
  Final Train: 91.86
   Final Test: 78.46
Run: 10, Epoch: 01, Loss: 1.3744
Run: 10, Epoch: 02, Loss: 0.5635
Run: 10, Epoch: 03, Loss: 0.4797
Run: 10, Epoch: 04, Loss: 0.4475
Run: 10, Epoch: 05, Loss: 0.4262
Run: 10, Epoch: 06, Loss: 0.4105
Run: 10, Epoch: 07, Loss: 0.3911
Run: 10, Epoch: 08, Loss: 0.3882
Run: 10, Epoch: 09, Loss: 0.3829
Run: 10, Epoch: 10, Loss: 0.3733
Run: 10, Epoch: 10, Train: 91.28%, Valid: 91.01% Test: 77.39%
Run: 10, Epoch: 11, Loss: 0.3649
Run: 10, Epoch: 12, Loss: 0.3586
Run: 10, Epoch: 12, Train: 91.44%, Valid: 91.09% Test: 78.56%
Run: 10, Epoch: 13, Loss: 0.3621
Run: 10, Epoch: 14, Loss: 0.3536
Run: 10, Epoch: 14, Train: 91.63%, Valid: 90.96% Test: 78.17%
Run: 10, Epoch: 15, Loss: 0.3543
Run: 10, Epoch: 16, Loss: 0.3469
Run: 10, Epoch: 16, Train: 91.68%, Valid: 91.18% Test: 78.27%
Run: 10, Epoch: 17, Loss: 0.3455
Run: 10, Epoch: 18, Loss: 0.3467
Run: 10, Epoch: 18, Train: 91.97%, Valid: 91.33% Test: 78.55%
Run: 10, Epoch: 19, Loss: 0.3453
Run: 10, Epoch: 20, Loss: 0.3438
Run: 10, Epoch: 20, Train: 92.25%, Valid: 91.25% Test: 77.86%
Run 10:
Highest Train: 92.25
Highest Valid: 91.33
  Final Train: 91.97
   Final Test: 78.55
All runs:
Highest Train: 92.11 ± 0.12
Highest Valid: 91.39 ± 0.06
  Final Train: 91.96 ± 0.14
   Final Test: 78.32 ± 0.26
