Namespace(device=0, log_steps=1, inductive=False, num_layers=3, hidden_channels=256, dropout=0.5, batch_size=20000, walk_length=3, lr=0.01, num_steps=30, epochs=20, eval_steps=2, runs=10, rsv=0.4, al='el2n', alpha=0.7)
tensor([ 99311, 131369, 105411,  ..., 103446, 138358,  87286]) 78646
tensor([222340, 232877, 217134,  ..., 200958, 222104, 232108]) 15729
Run: 01, Epoch: 01, Loss: 1.5154
Run: 01, Epoch: 02, Loss: 0.6869
Run: 01, Epoch: 03, Loss: 0.5901
Run: 01, Epoch: 04, Loss: 0.5475
Run: 01, Epoch: 05, Loss: 0.5304
Run: 01, Epoch: 06, Loss: 0.5062
Run: 01, Epoch: 07, Loss: 0.4912
Run: 01, Epoch: 08, Loss: 0.4811
Run: 01, Epoch: 09, Loss: 0.4708
Run: 01, Epoch: 10, Loss: 0.4701
Run: 01, Epoch: 10, Train: 88.95%, Valid: 91.12% Test: 77.93%
Run: 01, Epoch: 11, Loss: 0.4616
Run: 01, Epoch: 12, Loss: 0.4497
Run: 01, Epoch: 12, Train: 89.32%, Valid: 91.20% Test: 78.29%
Run: 01, Epoch: 13, Loss: 0.4501
Run: 01, Epoch: 14, Loss: 0.4459
Run: 01, Epoch: 14, Train: 89.46%, Valid: 91.05% Test: 78.70%
Run: 01, Epoch: 15, Loss: 0.4449
Run: 01, Epoch: 16, Loss: 0.4462
Run: 01, Epoch: 16, Train: 89.65%, Valid: 91.22% Test: 78.83%
Run: 01, Epoch: 17, Loss: 0.4375
Run: 01, Epoch: 18, Loss: 0.4402
Run: 01, Epoch: 18, Train: 89.97%, Valid: 91.42% Test: 77.94%
Run: 01, Epoch: 19, Loss: 0.4345
Run: 01, Epoch: 20, Loss: 0.4316
Run: 01, Epoch: 20, Train: 89.88%, Valid: 91.47% Test: 78.15%
Run 01:
Highest Train: 89.97
Highest Valid: 91.47
  Final Train: 89.88
   Final Test: 78.15
Run: 02, Epoch: 01, Loss: 1.5389
Run: 02, Epoch: 02, Loss: 0.6841
Run: 02, Epoch: 03, Loss: 0.5943
Run: 02, Epoch: 04, Loss: 0.5541
Run: 02, Epoch: 05, Loss: 0.5258
Run: 02, Epoch: 06, Loss: 0.5067
Run: 02, Epoch: 07, Loss: 0.4927
Run: 02, Epoch: 08, Loss: 0.4849
Run: 02, Epoch: 09, Loss: 0.4825
Run: 02, Epoch: 10, Loss: 0.4676
Run: 02, Epoch: 10, Train: 89.04%, Valid: 91.24% Test: 78.36%
Run: 02, Epoch: 11, Loss: 0.4644
Run: 02, Epoch: 12, Loss: 0.4653
Run: 02, Epoch: 12, Train: 89.21%, Valid: 91.30% Test: 77.82%
Run: 02, Epoch: 13, Loss: 0.4535
Run: 02, Epoch: 14, Loss: 0.4538
Run: 02, Epoch: 14, Train: 89.32%, Valid: 91.21% Test: 78.51%
Run: 02, Epoch: 15, Loss: 0.4479
Run: 02, Epoch: 16, Loss: 0.4425
Run: 02, Epoch: 16, Train: 89.63%, Valid: 91.48% Test: 78.10%
Run: 02, Epoch: 17, Loss: 0.4430
Run: 02, Epoch: 18, Loss: 0.4347
Run: 02, Epoch: 18, Train: 89.92%, Valid: 91.44% Test: 77.74%
Run: 02, Epoch: 19, Loss: 0.4285
Run: 02, Epoch: 20, Loss: 0.4340
Run: 02, Epoch: 20, Train: 89.82%, Valid: 91.43% Test: 78.29%
Run 02:
Highest Train: 89.92
Highest Valid: 91.48
  Final Train: 89.63
   Final Test: 78.10
Run: 03, Epoch: 01, Loss: 1.5575
Run: 03, Epoch: 02, Loss: 0.6887
Run: 03, Epoch: 03, Loss: 0.5992
Run: 03, Epoch: 04, Loss: 0.5598
Run: 03, Epoch: 05, Loss: 0.5286
Run: 03, Epoch: 06, Loss: 0.5154
Run: 03, Epoch: 07, Loss: 0.4996
Run: 03, Epoch: 08, Loss: 0.4921
Run: 03, Epoch: 09, Loss: 0.4832
Run: 03, Epoch: 10, Loss: 0.4704
Run: 03, Epoch: 10, Train: 88.83%, Valid: 90.90% Test: 78.05%
Run: 03, Epoch: 11, Loss: 0.4595
Run: 03, Epoch: 12, Loss: 0.4651
Run: 03, Epoch: 12, Train: 89.14%, Valid: 91.10% Test: 78.40%
Run: 03, Epoch: 13, Loss: 0.4582
Run: 03, Epoch: 14, Loss: 0.4530
Run: 03, Epoch: 14, Train: 89.21%, Valid: 91.06% Test: 78.35%
Run: 03, Epoch: 15, Loss: 0.4509
Run: 03, Epoch: 16, Loss: 0.4518
Run: 03, Epoch: 16, Train: 89.50%, Valid: 91.21% Test: 78.81%
Run: 03, Epoch: 17, Loss: 0.4475
Run: 03, Epoch: 18, Loss: 0.4483
Run: 03, Epoch: 18, Train: 89.61%, Valid: 91.03% Test: 78.37%
Run: 03, Epoch: 19, Loss: 0.4456
Run: 03, Epoch: 20, Loss: 0.4400
Run: 03, Epoch: 20, Train: 89.87%, Valid: 91.39% Test: 78.28%
Run 03:
Highest Train: 89.87
Highest Valid: 91.39
  Final Train: 89.87
   Final Test: 78.28
Run: 04, Epoch: 01, Loss: 1.4781
Run: 04, Epoch: 02, Loss: 0.6782
Run: 04, Epoch: 03, Loss: 0.5830
Run: 04, Epoch: 04, Loss: 0.5440
Run: 04, Epoch: 05, Loss: 0.5186
Run: 04, Epoch: 06, Loss: 0.5065
Run: 04, Epoch: 07, Loss: 0.4953
Run: 04, Epoch: 08, Loss: 0.4814
Run: 04, Epoch: 09, Loss: 0.4740
Run: 04, Epoch: 10, Loss: 0.4693
Run: 04, Epoch: 10, Train: 89.03%, Valid: 91.11% Test: 78.82%
Run: 04, Epoch: 11, Loss: 0.4588
Run: 04, Epoch: 12, Loss: 0.4526
Run: 04, Epoch: 12, Train: 89.33%, Valid: 91.16% Test: 77.91%
Run: 04, Epoch: 13, Loss: 0.4514
Run: 04, Epoch: 14, Loss: 0.4424
Run: 04, Epoch: 14, Train: 89.63%, Valid: 91.47% Test: 77.69%
Run: 04, Epoch: 15, Loss: 0.4475
Run: 04, Epoch: 16, Loss: 0.4502
Run: 04, Epoch: 16, Train: 89.87%, Valid: 91.51% Test: 78.21%
Run: 04, Epoch: 17, Loss: 0.4442
Run: 04, Epoch: 18, Loss: 0.4411
Run: 04, Epoch: 18, Train: 89.99%, Valid: 91.30% Test: 77.86%
Run: 04, Epoch: 19, Loss: 0.4374
Run: 04, Epoch: 20, Loss: 0.4299
Run: 04, Epoch: 20, Train: 90.14%, Valid: 91.49% Test: 78.79%
Run 04:
Highest Train: 90.14
Highest Valid: 91.51
  Final Train: 89.87
   Final Test: 78.21
Run: 05, Epoch: 01, Loss: 1.3862
Run: 05, Epoch: 02, Loss: 0.6642
Run: 05, Epoch: 03, Loss: 0.5797
Run: 05, Epoch: 04, Loss: 0.5375
Run: 05, Epoch: 05, Loss: 0.5131
Run: 05, Epoch: 06, Loss: 0.4979
Run: 05, Epoch: 07, Loss: 0.4870
Run: 05, Epoch: 08, Loss: 0.4782
Run: 05, Epoch: 09, Loss: 0.4691
Run: 05, Epoch: 10, Loss: 0.4661
Run: 05, Epoch: 10, Train: 89.12%, Valid: 91.04% Test: 78.12%
Run: 05, Epoch: 11, Loss: 0.4573
Run: 05, Epoch: 12, Loss: 0.4506
Run: 05, Epoch: 12, Train: 89.40%, Valid: 91.26% Test: 77.90%
Run: 05, Epoch: 13, Loss: 0.4525
Run: 05, Epoch: 14, Loss: 0.4489
Run: 05, Epoch: 14, Train: 89.80%, Valid: 91.44% Test: 78.15%
Run: 05, Epoch: 15, Loss: 0.4466
Run: 05, Epoch: 16, Loss: 0.4465
Run: 05, Epoch: 16, Train: 89.76%, Valid: 91.42% Test: 78.00%
Run: 05, Epoch: 17, Loss: 0.4415
Run: 05, Epoch: 18, Loss: 0.4374
Run: 05, Epoch: 18, Train: 89.82%, Valid: 91.33% Test: 77.55%
Run: 05, Epoch: 19, Loss: 0.4371
Run: 05, Epoch: 20, Loss: 0.4481
Run: 05, Epoch: 20, Train: 90.00%, Valid: 91.49% Test: 78.41%
Run 05:
Highest Train: 90.00
Highest Valid: 91.49
  Final Train: 90.00
   Final Test: 78.41
Run: 06, Epoch: 01, Loss: 1.4180
Run: 06, Epoch: 02, Loss: 0.6657
Run: 06, Epoch: 03, Loss: 0.5852
Run: 06, Epoch: 04, Loss: 0.5361
Run: 06, Epoch: 05, Loss: 0.5209
Run: 06, Epoch: 06, Loss: 0.5083
Run: 06, Epoch: 07, Loss: 0.4900
Run: 06, Epoch: 08, Loss: 0.4796
Run: 06, Epoch: 09, Loss: 0.4726
Run: 06, Epoch: 10, Loss: 0.4706
Run: 06, Epoch: 10, Train: 89.13%, Valid: 91.24% Test: 78.35%
Run: 06, Epoch: 11, Loss: 0.4570
Run: 06, Epoch: 12, Loss: 0.4556
Run: 06, Epoch: 12, Train: 89.45%, Valid: 91.05% Test: 77.38%
Run: 06, Epoch: 13, Loss: 0.4511
Run: 06, Epoch: 14, Loss: 0.4419
Run: 06, Epoch: 14, Train: 89.54%, Valid: 91.20% Test: 78.25%
Run: 06, Epoch: 15, Loss: 0.4393
Run: 06, Epoch: 16, Loss: 0.4427
Run: 06, Epoch: 16, Train: 89.77%, Valid: 91.40% Test: 78.02%
Run: 06, Epoch: 17, Loss: 0.4390
Run: 06, Epoch: 18, Loss: 0.4358
Run: 06, Epoch: 18, Train: 90.07%, Valid: 91.46% Test: 78.09%
Run: 06, Epoch: 19, Loss: 0.4357
Run: 06, Epoch: 20, Loss: 0.4329
Run: 06, Epoch: 20, Train: 90.18%, Valid: 91.52% Test: 78.16%
Run 06:
Highest Train: 90.18
Highest Valid: 91.52
  Final Train: 90.18
   Final Test: 78.16
Run: 07, Epoch: 01, Loss: 1.5200
Run: 07, Epoch: 02, Loss: 0.6861
Run: 07, Epoch: 03, Loss: 0.6036
Run: 07, Epoch: 04, Loss: 0.5521
Run: 07, Epoch: 05, Loss: 0.5259
Run: 07, Epoch: 06, Loss: 0.5088
Run: 07, Epoch: 07, Loss: 0.4950
Run: 07, Epoch: 08, Loss: 0.4845
Run: 07, Epoch: 09, Loss: 0.4777
Run: 07, Epoch: 10, Loss: 0.4785
Run: 07, Epoch: 10, Train: 88.98%, Valid: 90.93% Test: 77.43%
Run: 07, Epoch: 11, Loss: 0.4688
Run: 07, Epoch: 12, Loss: 0.4602
Run: 07, Epoch: 12, Train: 89.12%, Valid: 91.31% Test: 77.92%
Run: 07, Epoch: 13, Loss: 0.4527
Run: 07, Epoch: 14, Loss: 0.4473
Run: 07, Epoch: 14, Train: 89.59%, Valid: 91.48% Test: 78.33%
Run: 07, Epoch: 15, Loss: 0.4471
Run: 07, Epoch: 16, Loss: 0.4508
Run: 07, Epoch: 16, Train: 89.58%, Valid: 91.35% Test: 77.52%
Run: 07, Epoch: 17, Loss: 0.4450
Run: 07, Epoch: 18, Loss: 0.4400
Run: 07, Epoch: 18, Train: 89.76%, Valid: 91.60% Test: 78.94%
Run: 07, Epoch: 19, Loss: 0.4361
Run: 07, Epoch: 20, Loss: 0.4332
Run: 07, Epoch: 20, Train: 89.90%, Valid: 91.42% Test: 78.12%
Run 07:
Highest Train: 89.90
Highest Valid: 91.60
  Final Train: 89.76
   Final Test: 78.94
Run: 08, Epoch: 01, Loss: 1.3447
Run: 08, Epoch: 02, Loss: 0.6613
Run: 08, Epoch: 03, Loss: 0.5799
Run: 08, Epoch: 04, Loss: 0.5368
Run: 08, Epoch: 05, Loss: 0.5170
Run: 08, Epoch: 06, Loss: 0.5000
Run: 08, Epoch: 07, Loss: 0.4805
Run: 08, Epoch: 08, Loss: 0.4781
Run: 08, Epoch: 09, Loss: 0.4710
Run: 08, Epoch: 10, Loss: 0.4642
Run: 08, Epoch: 10, Train: 89.12%, Valid: 91.21% Test: 77.70%
Run: 08, Epoch: 11, Loss: 0.4626
Run: 08, Epoch: 12, Loss: 0.4512
Run: 08, Epoch: 12, Train: 89.37%, Valid: 91.39% Test: 78.74%
Run: 08, Epoch: 13, Loss: 0.4468
Run: 08, Epoch: 14, Loss: 0.4451
Run: 08, Epoch: 14, Train: 89.68%, Valid: 91.50% Test: 78.42%
Run: 08, Epoch: 15, Loss: 0.4389
Run: 08, Epoch: 16, Loss: 0.4407
Run: 08, Epoch: 16, Train: 89.83%, Valid: 91.57% Test: 78.55%
Run: 08, Epoch: 17, Loss: 0.4376
Run: 08, Epoch: 18, Loss: 0.4410
Run: 08, Epoch: 18, Train: 89.80%, Valid: 91.42% Test: 78.04%
Run: 08, Epoch: 19, Loss: 0.4321
Run: 08, Epoch: 20, Loss: 0.4352
Run: 08, Epoch: 20, Train: 89.94%, Valid: 91.35% Test: 78.87%
Run 08:
Highest Train: 89.94
Highest Valid: 91.57
  Final Train: 89.83
   Final Test: 78.55
Run: 09, Epoch: 01, Loss: 1.4030
Run: 09, Epoch: 02, Loss: 0.6654
Run: 09, Epoch: 03, Loss: 0.5815
Run: 09, Epoch: 04, Loss: 0.5396
Run: 09, Epoch: 05, Loss: 0.5195
Run: 09, Epoch: 06, Loss: 0.4980
Run: 09, Epoch: 07, Loss: 0.4898
Run: 09, Epoch: 08, Loss: 0.4815
Run: 09, Epoch: 09, Loss: 0.4739
Run: 09, Epoch: 10, Loss: 0.4653
Run: 09, Epoch: 10, Train: 89.21%, Valid: 91.15% Test: 77.70%
Run: 09, Epoch: 11, Loss: 0.4571
Run: 09, Epoch: 12, Loss: 0.4524
Run: 09, Epoch: 12, Train: 89.37%, Valid: 91.05% Test: 77.94%
Run: 09, Epoch: 13, Loss: 0.4488
Run: 09, Epoch: 14, Loss: 0.4515
Run: 09, Epoch: 14, Train: 89.62%, Valid: 91.29% Test: 77.54%
Run: 09, Epoch: 15, Loss: 0.4473
Run: 09, Epoch: 16, Loss: 0.4380
Run: 09, Epoch: 16, Train: 89.94%, Valid: 91.42% Test: 78.60%
Run: 09, Epoch: 17, Loss: 0.4295
Run: 09, Epoch: 18, Loss: 0.4329
Run: 09, Epoch: 18, Train: 90.08%, Valid: 91.26% Test: 78.30%
Run: 09, Epoch: 19, Loss: 0.4320
Run: 09, Epoch: 20, Loss: 0.4316
Run: 09, Epoch: 20, Train: 90.10%, Valid: 91.39% Test: 78.11%
Run 09:
Highest Train: 90.10
Highest Valid: 91.42
  Final Train: 89.94
   Final Test: 78.60
Run: 10, Epoch: 01, Loss: 1.4367
Run: 10, Epoch: 02, Loss: 0.6753
Run: 10, Epoch: 03, Loss: 0.5861
Run: 10, Epoch: 04, Loss: 0.5494
Run: 10, Epoch: 05, Loss: 0.5278
Run: 10, Epoch: 06, Loss: 0.5082
Run: 10, Epoch: 07, Loss: 0.4859
Run: 10, Epoch: 08, Loss: 0.4844
Run: 10, Epoch: 09, Loss: 0.4790
Run: 10, Epoch: 10, Loss: 0.4774
Run: 10, Epoch: 10, Train: 88.85%, Valid: 90.83% Test: 77.27%
Run: 10, Epoch: 11, Loss: 0.4664
Run: 10, Epoch: 12, Loss: 0.4560
Run: 10, Epoch: 12, Train: 89.25%, Valid: 91.32% Test: 78.39%
Run: 10, Epoch: 13, Loss: 0.4579
Run: 10, Epoch: 14, Loss: 0.4492
Run: 10, Epoch: 14, Train: 89.49%, Valid: 91.26% Test: 78.81%
Run: 10, Epoch: 15, Loss: 0.4548
Run: 10, Epoch: 16, Loss: 0.4404
Run: 10, Epoch: 16, Train: 89.80%, Valid: 91.49% Test: 78.17%
Run: 10, Epoch: 17, Loss: 0.4392
Run: 10, Epoch: 18, Loss: 0.4425
Run: 10, Epoch: 18, Train: 89.82%, Valid: 91.37% Test: 78.83%
Run: 10, Epoch: 19, Loss: 0.4349
Run: 10, Epoch: 20, Loss: 0.4365
Run: 10, Epoch: 20, Train: 90.04%, Valid: 91.46% Test: 78.68%
Run 10:
Highest Train: 90.04
Highest Valid: 91.49
  Final Train: 89.80
   Final Test: 78.17
All runs:
Highest Train: 90.01 ± 0.11
Highest Valid: 91.49 ± 0.06
  Final Train: 89.88 ± 0.15
   Final Test: 78.36 ± 0.27
