Namespace(device=0, log_steps=1, inductive=False, num_layers=3, hidden_channels=256, dropout=0.5, batch_size=20000, walk_length=3, lr=0.01, num_steps=30, epochs=20, eval_steps=2, runs=10, rsv=0.4, al='el2n', alpha=0.6)
tensor([ 99311, 131369, 191273,  ..., 117303,  63153, 169402]) 78646
tensor([222340, 232877, 217134,  ..., 200958, 222104, 232108]) 15729
Run: 01, Epoch: 01, Loss: 1.5253
Run: 01, Epoch: 02, Loss: 0.7641
Run: 01, Epoch: 03, Loss: 0.6659
Run: 01, Epoch: 04, Loss: 0.6213
Run: 01, Epoch: 05, Loss: 0.6003
Run: 01, Epoch: 06, Loss: 0.5775
Run: 01, Epoch: 07, Loss: 0.5594
Run: 01, Epoch: 08, Loss: 0.5524
Run: 01, Epoch: 09, Loss: 0.5422
Run: 01, Epoch: 10, Loss: 0.5385
Run: 01, Epoch: 10, Train: 87.28%, Valid: 91.24% Test: 78.38%
Run: 01, Epoch: 11, Loss: 0.5313
Run: 01, Epoch: 12, Loss: 0.5189
Run: 01, Epoch: 12, Train: 87.82%, Valid: 90.91% Test: 77.82%
Run: 01, Epoch: 13, Loss: 0.5176
Run: 01, Epoch: 14, Loss: 0.5159
Run: 01, Epoch: 14, Train: 87.96%, Valid: 91.10% Test: 78.99%
Run: 01, Epoch: 15, Loss: 0.5120
Run: 01, Epoch: 16, Loss: 0.5106
Run: 01, Epoch: 16, Train: 88.20%, Valid: 91.47% Test: 78.52%
Run: 01, Epoch: 17, Loss: 0.5047
Run: 01, Epoch: 18, Loss: 0.5081
Run: 01, Epoch: 18, Train: 88.45%, Valid: 91.47% Test: 78.29%
Run: 01, Epoch: 19, Loss: 0.5006
Run: 01, Epoch: 20, Loss: 0.5031
Run: 01, Epoch: 20, Train: 88.23%, Valid: 91.42% Test: 78.24%
Run 01:
Highest Train: 88.45
Highest Valid: 91.47
  Final Train: 88.20
   Final Test: 78.52
Run: 02, Epoch: 01, Loss: 1.5732
Run: 02, Epoch: 02, Loss: 0.7745
Run: 02, Epoch: 03, Loss: 0.6796
Run: 02, Epoch: 04, Loss: 0.6322
Run: 02, Epoch: 05, Loss: 0.6004
Run: 02, Epoch: 06, Loss: 0.5809
Run: 02, Epoch: 07, Loss: 0.5640
Run: 02, Epoch: 08, Loss: 0.5553
Run: 02, Epoch: 09, Loss: 0.5513
Run: 02, Epoch: 10, Loss: 0.5439
Run: 02, Epoch: 10, Train: 87.20%, Valid: 90.95% Test: 78.54%
Run: 02, Epoch: 11, Loss: 0.5301
Run: 02, Epoch: 12, Loss: 0.5311
Run: 02, Epoch: 12, Train: 87.74%, Valid: 91.41% Test: 78.10%
Run: 02, Epoch: 13, Loss: 0.5236
Run: 02, Epoch: 14, Loss: 0.5228
Run: 02, Epoch: 14, Train: 87.78%, Valid: 91.09% Test: 78.39%
Run: 02, Epoch: 15, Loss: 0.5218
Run: 02, Epoch: 16, Loss: 0.5135
Run: 02, Epoch: 16, Train: 88.11%, Valid: 91.39% Test: 78.54%
Run: 02, Epoch: 17, Loss: 0.5124
Run: 02, Epoch: 18, Loss: 0.5086
Run: 02, Epoch: 18, Train: 88.15%, Valid: 91.42% Test: 78.10%
Run: 02, Epoch: 19, Loss: 0.5044
Run: 02, Epoch: 20, Loss: 0.5057
Run: 02, Epoch: 20, Train: 88.15%, Valid: 91.33% Test: 78.75%
Run 02:
Highest Train: 88.15
Highest Valid: 91.42
  Final Train: 88.15
   Final Test: 78.10
Run: 03, Epoch: 01, Loss: 1.5540
Run: 03, Epoch: 02, Loss: 0.7593
Run: 03, Epoch: 03, Loss: 0.6745
Run: 03, Epoch: 04, Loss: 0.6298
Run: 03, Epoch: 05, Loss: 0.6012
Run: 03, Epoch: 06, Loss: 0.5814
Run: 03, Epoch: 07, Loss: 0.5707
Run: 03, Epoch: 08, Loss: 0.5593
Run: 03, Epoch: 09, Loss: 0.5464
Run: 03, Epoch: 10, Loss: 0.5387
Run: 03, Epoch: 10, Train: 87.22%, Valid: 90.93% Test: 78.38%
Run: 03, Epoch: 11, Loss: 0.5320
Run: 03, Epoch: 12, Loss: 0.5308
Run: 03, Epoch: 12, Train: 87.83%, Valid: 91.18% Test: 78.59%
Run: 03, Epoch: 13, Loss: 0.5233
Run: 03, Epoch: 14, Loss: 0.5198
Run: 03, Epoch: 14, Train: 87.93%, Valid: 91.08% Test: 78.73%
Run: 03, Epoch: 15, Loss: 0.5202
Run: 03, Epoch: 16, Loss: 0.5173
Run: 03, Epoch: 16, Train: 88.01%, Valid: 91.44% Test: 78.43%
Run: 03, Epoch: 17, Loss: 0.5098
Run: 03, Epoch: 18, Loss: 0.5126
Run: 03, Epoch: 18, Train: 88.24%, Valid: 91.12% Test: 78.87%
Run: 03, Epoch: 19, Loss: 0.5087
Run: 03, Epoch: 20, Loss: 0.5029
Run: 03, Epoch: 20, Train: 88.50%, Valid: 91.51% Test: 78.35%
Run 03:
Highest Train: 88.50
Highest Valid: 91.51
  Final Train: 88.50
   Final Test: 78.35
Run: 04, Epoch: 01, Loss: 1.5877
Run: 04, Epoch: 02, Loss: 0.7760
Run: 04, Epoch: 03, Loss: 0.6682
Run: 04, Epoch: 04, Loss: 0.6245
Run: 04, Epoch: 05, Loss: 0.5960
Run: 04, Epoch: 06, Loss: 0.5831
Run: 04, Epoch: 07, Loss: 0.5669
Run: 04, Epoch: 08, Loss: 0.5546
Run: 04, Epoch: 09, Loss: 0.5464
Run: 04, Epoch: 10, Loss: 0.5394
Run: 04, Epoch: 10, Train: 87.29%, Valid: 91.02% Test: 78.56%
Run: 04, Epoch: 11, Loss: 0.5288
Run: 04, Epoch: 12, Loss: 0.5192
Run: 04, Epoch: 12, Train: 87.90%, Valid: 91.32% Test: 78.17%
Run: 04, Epoch: 13, Loss: 0.5200
Run: 04, Epoch: 14, Loss: 0.5142
Run: 04, Epoch: 14, Train: 87.93%, Valid: 91.22% Test: 76.77%
Run: 04, Epoch: 15, Loss: 0.5175
Run: 04, Epoch: 16, Loss: 0.5181
Run: 04, Epoch: 16, Train: 88.20%, Valid: 91.21% Test: 78.74%
Run: 04, Epoch: 17, Loss: 0.5094
Run: 04, Epoch: 18, Loss: 0.5074
Run: 04, Epoch: 18, Train: 88.40%, Valid: 91.37% Test: 78.27%
Run: 04, Epoch: 19, Loss: 0.5028
Run: 04, Epoch: 20, Loss: 0.4959
Run: 04, Epoch: 20, Train: 88.53%, Valid: 91.35% Test: 78.58%
Run 04:
Highest Train: 88.53
Highest Valid: 91.37
  Final Train: 88.40
   Final Test: 78.27
Run: 05, Epoch: 01, Loss: 1.4249
Run: 05, Epoch: 02, Loss: 0.7546
Run: 05, Epoch: 03, Loss: 0.6615
Run: 05, Epoch: 04, Loss: 0.6172
Run: 05, Epoch: 05, Loss: 0.5922
Run: 05, Epoch: 06, Loss: 0.5675
Run: 05, Epoch: 07, Loss: 0.5607
Run: 05, Epoch: 08, Loss: 0.5470
Run: 05, Epoch: 09, Loss: 0.5411
Run: 05, Epoch: 10, Loss: 0.5316
Run: 05, Epoch: 10, Train: 87.43%, Valid: 90.95% Test: 78.00%
Run: 05, Epoch: 11, Loss: 0.5271
Run: 05, Epoch: 12, Loss: 0.5201
Run: 05, Epoch: 12, Train: 87.67%, Valid: 91.42% Test: 77.79%
Run: 05, Epoch: 13, Loss: 0.5162
Run: 05, Epoch: 14, Loss: 0.5134
Run: 05, Epoch: 14, Train: 88.17%, Valid: 91.40% Test: 78.20%
Run: 05, Epoch: 15, Loss: 0.5111
Run: 05, Epoch: 16, Loss: 0.5077
Run: 05, Epoch: 16, Train: 88.06%, Valid: 91.40% Test: 78.57%
Run: 05, Epoch: 17, Loss: 0.5015
Run: 05, Epoch: 18, Loss: 0.4999
Run: 05, Epoch: 18, Train: 88.15%, Valid: 91.30% Test: 78.32%
Run: 05, Epoch: 19, Loss: 0.4967
Run: 05, Epoch: 20, Loss: 0.5028
Run: 05, Epoch: 20, Train: 88.77%, Valid: 91.17% Test: 78.43%
Run 05:
Highest Train: 88.77
Highest Valid: 91.42
  Final Train: 87.67
   Final Test: 77.79
Run: 06, Epoch: 01, Loss: 1.4419
Run: 06, Epoch: 02, Loss: 0.7443
Run: 06, Epoch: 03, Loss: 0.6581
Run: 06, Epoch: 04, Loss: 0.6082
Run: 06, Epoch: 05, Loss: 0.5887
Run: 06, Epoch: 06, Loss: 0.5745
Run: 06, Epoch: 07, Loss: 0.5571
Run: 06, Epoch: 08, Loss: 0.5475
Run: 06, Epoch: 09, Loss: 0.5371
Run: 06, Epoch: 10, Loss: 0.5332
Run: 06, Epoch: 10, Train: 87.58%, Valid: 91.03% Test: 78.30%
Run: 06, Epoch: 11, Loss: 0.5225
Run: 06, Epoch: 12, Loss: 0.5245
Run: 06, Epoch: 12, Train: 87.89%, Valid: 91.16% Test: 78.34%
Run: 06, Epoch: 13, Loss: 0.5184
Run: 06, Epoch: 14, Loss: 0.5089
Run: 06, Epoch: 14, Train: 88.06%, Valid: 91.11% Test: 78.12%
Run: 06, Epoch: 15, Loss: 0.5118
Run: 06, Epoch: 16, Loss: 0.5072
Run: 06, Epoch: 16, Train: 88.17%, Valid: 91.18% Test: 77.95%
Run: 06, Epoch: 17, Loss: 0.5095
Run: 06, Epoch: 18, Loss: 0.4984
Run: 06, Epoch: 18, Train: 88.59%, Valid: 91.33% Test: 78.23%
Run: 06, Epoch: 19, Loss: 0.4987
Run: 06, Epoch: 20, Loss: 0.5017
Run: 06, Epoch: 20, Train: 88.76%, Valid: 91.38% Test: 78.50%
Run 06:
Highest Train: 88.76
Highest Valid: 91.38
  Final Train: 88.76
   Final Test: 78.50
Run: 07, Epoch: 01, Loss: 1.5376
Run: 07, Epoch: 02, Loss: 0.7594
Run: 07, Epoch: 03, Loss: 0.6750
Run: 07, Epoch: 04, Loss: 0.6247
Run: 07, Epoch: 05, Loss: 0.5994
Run: 07, Epoch: 06, Loss: 0.5813
Run: 07, Epoch: 07, Loss: 0.5678
Run: 07, Epoch: 08, Loss: 0.5550
Run: 07, Epoch: 09, Loss: 0.5434
Run: 07, Epoch: 10, Loss: 0.5446
Run: 07, Epoch: 10, Train: 87.61%, Valid: 90.98% Test: 78.00%
Run: 07, Epoch: 11, Loss: 0.5314
Run: 07, Epoch: 12, Loss: 0.5275
Run: 07, Epoch: 12, Train: 87.45%, Valid: 91.11% Test: 78.13%
Run: 07, Epoch: 13, Loss: 0.5222
Run: 07, Epoch: 14, Loss: 0.5159
Run: 07, Epoch: 14, Train: 88.10%, Valid: 91.03% Test: 78.61%
Run: 07, Epoch: 15, Loss: 0.5161
Run: 07, Epoch: 16, Loss: 0.5205
Run: 07, Epoch: 16, Train: 88.13%, Valid: 91.27% Test: 77.55%
Run: 07, Epoch: 17, Loss: 0.5117
Run: 07, Epoch: 18, Loss: 0.5081
Run: 07, Epoch: 18, Train: 88.21%, Valid: 91.32% Test: 78.63%
Run: 07, Epoch: 19, Loss: 0.5039
Run: 07, Epoch: 20, Loss: 0.5019
Run: 07, Epoch: 20, Train: 88.52%, Valid: 91.54% Test: 78.15%
Run 07:
Highest Train: 88.52
Highest Valid: 91.54
  Final Train: 88.52
   Final Test: 78.15
Run: 08, Epoch: 01, Loss: 1.4345
Run: 08, Epoch: 02, Loss: 0.7506
Run: 08, Epoch: 03, Loss: 0.6582
Run: 08, Epoch: 04, Loss: 0.6152
Run: 08, Epoch: 05, Loss: 0.5903
Run: 08, Epoch: 06, Loss: 0.5721
Run: 08, Epoch: 07, Loss: 0.5524
Run: 08, Epoch: 08, Loss: 0.5538
Run: 08, Epoch: 09, Loss: 0.5465
Run: 08, Epoch: 10, Loss: 0.5321
Run: 08, Epoch: 10, Train: 87.48%, Valid: 91.16% Test: 78.15%
Run: 08, Epoch: 11, Loss: 0.5309
Run: 08, Epoch: 12, Loss: 0.5182
Run: 08, Epoch: 12, Train: 87.72%, Valid: 90.89% Test: 78.10%
Run: 08, Epoch: 13, Loss: 0.5171
Run: 08, Epoch: 14, Loss: 0.5100
Run: 08, Epoch: 14, Train: 88.15%, Valid: 91.44% Test: 78.25%
Run: 08, Epoch: 15, Loss: 0.5038
Run: 08, Epoch: 16, Loss: 0.5075
Run: 08, Epoch: 16, Train: 88.35%, Valid: 91.55% Test: 78.18%
Run: 08, Epoch: 17, Loss: 0.5046
Run: 08, Epoch: 18, Loss: 0.5088
Run: 08, Epoch: 18, Train: 88.53%, Valid: 91.35% Test: 78.53%
Run: 08, Epoch: 19, Loss: 0.4942
Run: 08, Epoch: 20, Loss: 0.4995
Run: 08, Epoch: 20, Train: 88.47%, Valid: 91.54% Test: 78.62%
Run 08:
Highest Train: 88.53
Highest Valid: 91.55
  Final Train: 88.35
   Final Test: 78.18
Run: 09, Epoch: 01, Loss: 1.4630
Run: 09, Epoch: 02, Loss: 0.7495
Run: 09, Epoch: 03, Loss: 0.6601
Run: 09, Epoch: 04, Loss: 0.6163
Run: 09, Epoch: 05, Loss: 0.5903
Run: 09, Epoch: 06, Loss: 0.5688
Run: 09, Epoch: 07, Loss: 0.5609
Run: 09, Epoch: 08, Loss: 0.5478
Run: 09, Epoch: 09, Loss: 0.5419
Run: 09, Epoch: 10, Loss: 0.5328
Run: 09, Epoch: 10, Train: 87.19%, Valid: 90.95% Test: 77.54%
Run: 09, Epoch: 11, Loss: 0.5285
Run: 09, Epoch: 12, Loss: 0.5185
Run: 09, Epoch: 12, Train: 87.76%, Valid: 91.09% Test: 77.88%
Run: 09, Epoch: 13, Loss: 0.5178
Run: 09, Epoch: 14, Loss: 0.5139
Run: 09, Epoch: 14, Train: 88.03%, Valid: 90.94% Test: 77.13%
Run: 09, Epoch: 15, Loss: 0.5104
Run: 09, Epoch: 16, Loss: 0.5089
Run: 09, Epoch: 16, Train: 88.18%, Valid: 91.42% Test: 78.64%
Run: 09, Epoch: 17, Loss: 0.4989
Run: 09, Epoch: 18, Loss: 0.5042
Run: 09, Epoch: 18, Train: 88.46%, Valid: 91.49% Test: 78.05%
Run: 09, Epoch: 19, Loss: 0.4991
Run: 09, Epoch: 20, Loss: 0.5022
Run: 09, Epoch: 20, Train: 88.59%, Valid: 91.49% Test: 77.92%
Run 09:
Highest Train: 88.59
Highest Valid: 91.49
  Final Train: 88.46
   Final Test: 78.05
Run: 10, Epoch: 01, Loss: 1.4552
Run: 10, Epoch: 02, Loss: 0.7545
Run: 10, Epoch: 03, Loss: 0.6578
Run: 10, Epoch: 04, Loss: 0.6219
Run: 10, Epoch: 05, Loss: 0.5960
Run: 10, Epoch: 06, Loss: 0.5731
Run: 10, Epoch: 07, Loss: 0.5520
Run: 10, Epoch: 08, Loss: 0.5492
Run: 10, Epoch: 09, Loss: 0.5436
Run: 10, Epoch: 10, Loss: 0.5323
Run: 10, Epoch: 10, Train: 87.71%, Valid: 91.07% Test: 77.15%
Run: 10, Epoch: 11, Loss: 0.5201
Run: 10, Epoch: 12, Loss: 0.5169
Run: 10, Epoch: 12, Train: 87.94%, Valid: 91.21% Test: 78.92%
Run: 10, Epoch: 13, Loss: 0.5140
Run: 10, Epoch: 14, Loss: 0.5157
Run: 10, Epoch: 14, Train: 88.17%, Valid: 91.53% Test: 79.27%
Run: 10, Epoch: 15, Loss: 0.5154
Run: 10, Epoch: 16, Loss: 0.5028
Run: 10, Epoch: 16, Train: 88.19%, Valid: 91.42% Test: 77.89%
Run: 10, Epoch: 17, Loss: 0.5026
Run: 10, Epoch: 18, Loss: 0.5056
Run: 10, Epoch: 18, Train: 88.40%, Valid: 91.53% Test: 78.54%
Run: 10, Epoch: 19, Loss: 0.4956
Run: 10, Epoch: 20, Loss: 0.5012
Run: 10, Epoch: 20, Train: 88.54%, Valid: 91.57% Test: 78.66%
Run 10:
Highest Train: 88.54
Highest Valid: 91.57
  Final Train: 88.54
   Final Test: 78.66
All runs:
Highest Train: 88.53 ± 0.17
Highest Valid: 91.47 ± 0.07
  Final Train: 88.35 ± 0.30
   Final Test: 78.26 ± 0.26
