Namespace(device=0, log_steps=1, inductive=False, num_layers=3, hidden_channels=256, dropout=0.5, batch_size=20000, walk_length=3, lr=0.01, num_steps=30, epochs=20, eval_steps=2, runs=10, rsv=0.4, al='el2n', alpha=0.4)
tensor([ 99311, 131369,  15223,  ..., 193213, 194269, 193812]) 78646
tensor([222340, 232877, 217134,  ..., 200958, 222104, 232108]) 15729
Run: 01, Epoch: 01, Loss: 1.8552
Run: 01, Epoch: 02, Loss: 1.0728
Run: 01, Epoch: 03, Loss: 0.9365
Run: 01, Epoch: 04, Loss: 0.8780
Run: 01, Epoch: 05, Loss: 0.8426
Run: 01, Epoch: 06, Loss: 0.8195
Run: 01, Epoch: 07, Loss: 0.7966
Run: 01, Epoch: 08, Loss: 0.7812
Run: 01, Epoch: 09, Loss: 0.7725
Run: 01, Epoch: 10, Loss: 0.7657
Run: 01, Epoch: 10, Train: 82.00%, Valid: 88.85% Test: 75.39%
Run: 01, Epoch: 11, Loss: 0.7535
Run: 01, Epoch: 12, Loss: 0.7506
Run: 01, Epoch: 12, Train: 82.37%, Valid: 90.26% Test: 77.02%
Run: 01, Epoch: 13, Loss: 0.7459
Run: 01, Epoch: 14, Loss: 0.7477
Run: 01, Epoch: 14, Train: 82.65%, Valid: 88.32% Test: 75.95%
Run: 01, Epoch: 15, Loss: 0.7396
Run: 01, Epoch: 16, Loss: 0.7356
Run: 01, Epoch: 16, Train: 82.89%, Valid: 90.30% Test: 77.29%
Run: 01, Epoch: 17, Loss: 0.7269
Run: 01, Epoch: 18, Loss: 0.7307
Run: 01, Epoch: 18, Train: 83.36%, Valid: 89.87% Test: 76.09%
Run: 01, Epoch: 19, Loss: 0.7242
Run: 01, Epoch: 20, Loss: 0.7228
Run: 01, Epoch: 20, Train: 83.17%, Valid: 90.62% Test: 76.77%
Run 01:
Highest Train: 83.36
Highest Valid: 90.62
  Final Train: 83.17
   Final Test: 76.77
Run: 02, Epoch: 01, Loss: 1.7662
Run: 02, Epoch: 02, Loss: 1.0441
Run: 02, Epoch: 03, Loss: 0.9332
Run: 02, Epoch: 04, Loss: 0.8758
Run: 02, Epoch: 05, Loss: 0.8412
Run: 02, Epoch: 06, Loss: 0.8101
Run: 02, Epoch: 07, Loss: 0.7967
Run: 02, Epoch: 08, Loss: 0.7803
Run: 02, Epoch: 09, Loss: 0.7789
Run: 02, Epoch: 10, Loss: 0.7648
Run: 02, Epoch: 10, Train: 81.95%, Valid: 89.88% Test: 76.66%
Run: 02, Epoch: 11, Loss: 0.7536
Run: 02, Epoch: 12, Loss: 0.7566
Run: 02, Epoch: 12, Train: 82.22%, Valid: 89.50% Test: 76.52%
Run: 02, Epoch: 13, Loss: 0.7469
Run: 02, Epoch: 14, Loss: 0.7469
Run: 02, Epoch: 14, Train: 82.20%, Valid: 89.36% Test: 75.84%
Run: 02, Epoch: 15, Loss: 0.7365
Run: 02, Epoch: 16, Loss: 0.7331
Run: 02, Epoch: 16, Train: 82.97%, Valid: 90.35% Test: 76.46%
Run: 02, Epoch: 17, Loss: 0.7292
Run: 02, Epoch: 18, Loss: 0.7280
Run: 02, Epoch: 18, Train: 83.22%, Valid: 89.37% Test: 75.85%
Run: 02, Epoch: 19, Loss: 0.7208
Run: 02, Epoch: 20, Loss: 0.7254
Run: 02, Epoch: 20, Train: 82.64%, Valid: 90.68% Test: 76.94%
Run 02:
Highest Train: 83.22
Highest Valid: 90.68
  Final Train: 82.64
   Final Test: 76.94
Run: 03, Epoch: 01, Loss: 1.8027
Run: 03, Epoch: 02, Loss: 1.0560
Run: 03, Epoch: 03, Loss: 0.9348
Run: 03, Epoch: 04, Loss: 0.8806
Run: 03, Epoch: 05, Loss: 0.8475
Run: 03, Epoch: 06, Loss: 0.8253
Run: 03, Epoch: 07, Loss: 0.8017
Run: 03, Epoch: 08, Loss: 0.7903
Run: 03, Epoch: 09, Loss: 0.7754
Run: 03, Epoch: 10, Loss: 0.7648
Run: 03, Epoch: 10, Train: 81.78%, Valid: 87.55% Test: 74.87%
Run: 03, Epoch: 11, Loss: 0.7617
Run: 03, Epoch: 12, Loss: 0.7541
Run: 03, Epoch: 12, Train: 81.86%, Valid: 87.89% Test: 74.24%
Run: 03, Epoch: 13, Loss: 0.7496
Run: 03, Epoch: 14, Loss: 0.7498
Run: 03, Epoch: 14, Train: 81.67%, Valid: 87.98% Test: 74.91%
Run: 03, Epoch: 15, Loss: 0.7451
Run: 03, Epoch: 16, Loss: 0.7419
Run: 03, Epoch: 16, Train: 82.53%, Valid: 89.44% Test: 74.88%
Run: 03, Epoch: 17, Loss: 0.7333
Run: 03, Epoch: 18, Loss: 0.7270
Run: 03, Epoch: 18, Train: 82.76%, Valid: 88.99% Test: 76.01%
Run: 03, Epoch: 19, Loss: 0.7270
Run: 03, Epoch: 20, Loss: 0.7192
Run: 03, Epoch: 20, Train: 82.95%, Valid: 89.75% Test: 76.02%
Run 03:
Highest Train: 82.95
Highest Valid: 89.75
  Final Train: 82.95
   Final Test: 76.02
Run: 04, Epoch: 01, Loss: 1.8637
Run: 04, Epoch: 02, Loss: 1.0649
Run: 04, Epoch: 03, Loss: 0.9330
Run: 04, Epoch: 04, Loss: 0.8816
Run: 04, Epoch: 05, Loss: 0.8443
Run: 04, Epoch: 06, Loss: 0.8233
Run: 04, Epoch: 07, Loss: 0.8031
Run: 04, Epoch: 08, Loss: 0.7917
Run: 04, Epoch: 09, Loss: 0.7780
Run: 04, Epoch: 10, Loss: 0.7670
Run: 04, Epoch: 10, Train: 81.67%, Valid: 89.39% Test: 76.08%
Run: 04, Epoch: 11, Loss: 0.7564
Run: 04, Epoch: 12, Loss: 0.7527
Run: 04, Epoch: 12, Train: 82.39%, Valid: 88.99% Test: 75.30%
Run: 04, Epoch: 13, Loss: 0.7510
Run: 04, Epoch: 14, Loss: 0.7426
Run: 04, Epoch: 14, Train: 82.17%, Valid: 88.89% Test: 75.08%
Run: 04, Epoch: 15, Loss: 0.7430
Run: 04, Epoch: 16, Loss: 0.7379
Run: 04, Epoch: 16, Train: 82.73%, Valid: 90.27% Test: 77.08%
Run: 04, Epoch: 17, Loss: 0.7355
Run: 04, Epoch: 18, Loss: 0.7354
Run: 04, Epoch: 18, Train: 83.02%, Valid: 88.55% Test: 75.36%
Run: 04, Epoch: 19, Loss: 0.7261
Run: 04, Epoch: 20, Loss: 0.7224
Run: 04, Epoch: 20, Train: 82.86%, Valid: 89.70% Test: 77.26%
Run 04:
Highest Train: 83.02
Highest Valid: 90.27
  Final Train: 82.73
   Final Test: 77.08
Run: 05, Epoch: 01, Loss: 1.7886
Run: 05, Epoch: 02, Loss: 1.0524
Run: 05, Epoch: 03, Loss: 0.9312
Run: 05, Epoch: 04, Loss: 0.8732
Run: 05, Epoch: 05, Loss: 0.8337
Run: 05, Epoch: 06, Loss: 0.8130
Run: 05, Epoch: 07, Loss: 0.8032
Run: 05, Epoch: 08, Loss: 0.7847
Run: 05, Epoch: 09, Loss: 0.7785
Run: 05, Epoch: 10, Loss: 0.7673
Run: 05, Epoch: 10, Train: 81.65%, Valid: 88.65% Test: 75.98%
Run: 05, Epoch: 11, Loss: 0.7563
Run: 05, Epoch: 12, Loss: 0.7499
Run: 05, Epoch: 12, Train: 82.13%, Valid: 89.17% Test: 75.85%
Run: 05, Epoch: 13, Loss: 0.7497
Run: 05, Epoch: 14, Loss: 0.7421
Run: 05, Epoch: 14, Train: 82.31%, Valid: 88.71% Test: 74.79%
Run: 05, Epoch: 15, Loss: 0.7327
Run: 05, Epoch: 16, Loss: 0.7370
Run: 05, Epoch: 16, Train: 82.49%, Valid: 89.13% Test: 75.27%
Run: 05, Epoch: 17, Loss: 0.7261
Run: 05, Epoch: 18, Loss: 0.7263
Run: 05, Epoch: 18, Train: 82.63%, Valid: 89.64% Test: 75.85%
Run: 05, Epoch: 19, Loss: 0.7180
Run: 05, Epoch: 20, Loss: 0.7282
Run: 05, Epoch: 20, Train: 83.23%, Valid: 90.71% Test: 76.95%
Run 05:
Highest Train: 83.23
Highest Valid: 90.71
  Final Train: 83.23
   Final Test: 76.95
Run: 06, Epoch: 01, Loss: 1.8436
Run: 06, Epoch: 02, Loss: 1.0645
Run: 06, Epoch: 03, Loss: 0.9414
Run: 06, Epoch: 04, Loss: 0.8832
Run: 06, Epoch: 05, Loss: 0.8500
Run: 06, Epoch: 06, Loss: 0.8268
Run: 06, Epoch: 07, Loss: 0.8061
Run: 06, Epoch: 08, Loss: 0.7927
Run: 06, Epoch: 09, Loss: 0.7803
Run: 06, Epoch: 10, Loss: 0.7699
Run: 06, Epoch: 10, Train: 81.52%, Valid: 90.47% Test: 77.28%
Run: 06, Epoch: 11, Loss: 0.7668
Run: 06, Epoch: 12, Loss: 0.7646
Run: 06, Epoch: 12, Train: 82.14%, Valid: 90.36% Test: 76.57%
Run: 06, Epoch: 13, Loss: 0.7526
Run: 06, Epoch: 14, Loss: 0.7454
Run: 06, Epoch: 14, Train: 82.47%, Valid: 89.55% Test: 76.18%
Run: 06, Epoch: 15, Loss: 0.7392
Run: 06, Epoch: 16, Loss: 0.7426
Run: 06, Epoch: 16, Train: 82.36%, Valid: 89.81% Test: 76.98%
Run: 06, Epoch: 17, Loss: 0.7401
Run: 06, Epoch: 18, Loss: 0.7337
Run: 06, Epoch: 18, Train: 82.67%, Valid: 90.17% Test: 75.98%
Run: 06, Epoch: 19, Loss: 0.7296
Run: 06, Epoch: 20, Loss: 0.7314
Run: 06, Epoch: 20, Train: 82.88%, Valid: 89.45% Test: 75.94%
Run 06:
Highest Train: 82.88
Highest Valid: 90.47
  Final Train: 81.52
   Final Test: 77.28
Run: 07, Epoch: 01, Loss: 1.7797
Run: 07, Epoch: 02, Loss: 1.0474
Run: 07, Epoch: 03, Loss: 0.9368
Run: 07, Epoch: 04, Loss: 0.8678
Run: 07, Epoch: 05, Loss: 0.8397
Run: 07, Epoch: 06, Loss: 0.8072
Run: 07, Epoch: 07, Loss: 0.7900
Run: 07, Epoch: 08, Loss: 0.7821
Run: 07, Epoch: 09, Loss: 0.7656
Run: 07, Epoch: 10, Loss: 0.7670
Run: 07, Epoch: 10, Train: 81.99%, Valid: 89.33% Test: 75.80%
Run: 07, Epoch: 11, Loss: 0.7556
Run: 07, Epoch: 12, Loss: 0.7460
Run: 07, Epoch: 12, Train: 81.75%, Valid: 89.07% Test: 75.99%
Run: 07, Epoch: 13, Loss: 0.7442
Run: 07, Epoch: 14, Loss: 0.7388
Run: 07, Epoch: 14, Train: 82.76%, Valid: 89.86% Test: 76.83%
Run: 07, Epoch: 15, Loss: 0.7388
Run: 07, Epoch: 16, Loss: 0.7376
Run: 07, Epoch: 16, Train: 83.04%, Valid: 89.84% Test: 76.77%
Run: 07, Epoch: 17, Loss: 0.7310
Run: 07, Epoch: 18, Loss: 0.7243
Run: 07, Epoch: 18, Train: 83.24%, Valid: 90.01% Test: 75.95%
Run: 07, Epoch: 19, Loss: 0.7243
Run: 07, Epoch: 20, Loss: 0.7157
Run: 07, Epoch: 20, Train: 83.43%, Valid: 90.64% Test: 77.75%
Run 07:
Highest Train: 83.43
Highest Valid: 90.64
  Final Train: 83.43
   Final Test: 77.75
Run: 08, Epoch: 01, Loss: 1.8206
Run: 08, Epoch: 02, Loss: 1.0693
Run: 08, Epoch: 03, Loss: 0.9393
Run: 08, Epoch: 04, Loss: 0.8768
Run: 08, Epoch: 05, Loss: 0.8448
Run: 08, Epoch: 06, Loss: 0.8214
Run: 08, Epoch: 07, Loss: 0.7941
Run: 08, Epoch: 08, Loss: 0.7889
Run: 08, Epoch: 09, Loss: 0.7860
Run: 08, Epoch: 10, Loss: 0.7723
Run: 08, Epoch: 10, Train: 81.84%, Valid: 90.25% Test: 77.09%
Run: 08, Epoch: 11, Loss: 0.7604
Run: 08, Epoch: 12, Loss: 0.7549
Run: 08, Epoch: 12, Train: 82.01%, Valid: 89.39% Test: 75.85%
Run: 08, Epoch: 13, Loss: 0.7457
Run: 08, Epoch: 14, Loss: 0.7420
Run: 08, Epoch: 14, Train: 82.53%, Valid: 90.82% Test: 77.85%
Run: 08, Epoch: 15, Loss: 0.7412
Run: 08, Epoch: 16, Loss: 0.7376
Run: 08, Epoch: 16, Train: 82.84%, Valid: 89.69% Test: 75.91%
Run: 08, Epoch: 17, Loss: 0.7298
Run: 08, Epoch: 18, Loss: 0.7362
Run: 08, Epoch: 18, Train: 83.06%, Valid: 89.81% Test: 76.79%
Run: 08, Epoch: 19, Loss: 0.7254
Run: 08, Epoch: 20, Loss: 0.7230
Run: 08, Epoch: 20, Train: 82.99%, Valid: 90.23% Test: 76.95%
Run 08:
Highest Train: 83.06
Highest Valid: 90.82
  Final Train: 82.53
   Final Test: 77.85
Run: 09, Epoch: 01, Loss: 1.8561
Run: 09, Epoch: 02, Loss: 1.0634
Run: 09, Epoch: 03, Loss: 0.9353
Run: 09, Epoch: 04, Loss: 0.8689
Run: 09, Epoch: 05, Loss: 0.8429
Run: 09, Epoch: 06, Loss: 0.8089
Run: 09, Epoch: 07, Loss: 0.7943
Run: 09, Epoch: 08, Loss: 0.7894
Run: 09, Epoch: 09, Loss: 0.7736
Run: 09, Epoch: 10, Loss: 0.7614
Run: 09, Epoch: 10, Train: 81.80%, Valid: 90.25% Test: 76.56%
Run: 09, Epoch: 11, Loss: 0.7578
Run: 09, Epoch: 12, Loss: 0.7429
Run: 09, Epoch: 12, Train: 82.20%, Valid: 90.67% Test: 76.29%
Run: 09, Epoch: 13, Loss: 0.7456
Run: 09, Epoch: 14, Loss: 0.7501
Run: 09, Epoch: 14, Train: 82.46%, Valid: 88.31% Test: 74.20%
Run: 09, Epoch: 15, Loss: 0.7340
Run: 09, Epoch: 16, Loss: 0.7299
Run: 09, Epoch: 16, Train: 82.72%, Valid: 88.14% Test: 74.97%
Run: 09, Epoch: 17, Loss: 0.7241
Run: 09, Epoch: 18, Loss: 0.7278
Run: 09, Epoch: 18, Train: 82.80%, Valid: 90.08% Test: 75.88%
Run: 09, Epoch: 19, Loss: 0.7205
Run: 09, Epoch: 20, Loss: 0.7186
Run: 09, Epoch: 20, Train: 83.28%, Valid: 89.33% Test: 75.36%
Run 09:
Highest Train: 83.28
Highest Valid: 90.67
  Final Train: 82.20
   Final Test: 76.29
Run: 10, Epoch: 01, Loss: 1.7708
Run: 10, Epoch: 02, Loss: 1.0473
Run: 10, Epoch: 03, Loss: 0.9230
Run: 10, Epoch: 04, Loss: 0.8675
Run: 10, Epoch: 05, Loss: 0.8377
Run: 10, Epoch: 06, Loss: 0.8152
Run: 10, Epoch: 07, Loss: 0.7864
Run: 10, Epoch: 08, Loss: 0.7877
Run: 10, Epoch: 09, Loss: 0.7726
Run: 10, Epoch: 10, Loss: 0.7612
Run: 10, Epoch: 10, Train: 82.17%, Valid: 89.43% Test: 75.93%
Run: 10, Epoch: 11, Loss: 0.7495
Run: 10, Epoch: 12, Loss: 0.7488
Run: 10, Epoch: 12, Train: 82.41%, Valid: 87.99% Test: 75.27%
Run: 10, Epoch: 13, Loss: 0.7394
Run: 10, Epoch: 14, Loss: 0.7352
Run: 10, Epoch: 14, Train: 82.68%, Valid: 88.05% Test: 75.31%
Run: 10, Epoch: 15, Loss: 0.7334
Run: 10, Epoch: 16, Loss: 0.7266
Run: 10, Epoch: 16, Train: 82.73%, Valid: 88.47% Test: 74.20%
Run: 10, Epoch: 17, Loss: 0.7197
Run: 10, Epoch: 18, Loss: 0.7259
Run: 10, Epoch: 18, Train: 83.18%, Valid: 89.93% Test: 77.24%
Run: 10, Epoch: 19, Loss: 0.7195
Run: 10, Epoch: 20, Loss: 0.7220
Run: 10, Epoch: 20, Train: 83.30%, Valid: 90.11% Test: 77.33%
Run 10:
Highest Train: 83.30
Highest Valid: 90.11
  Final Train: 83.30
   Final Test: 77.33
All runs:
Highest Train: 83.17 ± 0.18
Highest Valid: 90.47 ± 0.33
  Final Train: 82.77 ± 0.58
   Final Test: 77.03 ± 0.58
