Namespace(device=0, log_steps=1, inductive=False, num_layers=3, hidden_channels=256, dropout=0.5, batch_size=20000, walk_length=3, lr=0.01, num_steps=30, epochs=20, eval_steps=2, runs=10, rsv=0.4, al='el2n', alpha=0.5)
tensor([ 99311, 131369,  15223,  ..., 159432,   1101,  51322]) 78646
tensor([222340, 232877, 217134,  ..., 200958, 222104, 232108]) 15729
Run: 01, Epoch: 01, Loss: 1.5951
Run: 01, Epoch: 02, Loss: 0.8771
Run: 01, Epoch: 03, Loss: 0.7719
Run: 01, Epoch: 04, Loss: 0.7202
Run: 01, Epoch: 05, Loss: 0.6955
Run: 01, Epoch: 06, Loss: 0.6785
Run: 01, Epoch: 07, Loss: 0.6563
Run: 01, Epoch: 08, Loss: 0.6410
Run: 01, Epoch: 09, Loss: 0.6359
Run: 01, Epoch: 10, Loss: 0.6303
Run: 01, Epoch: 10, Train: 85.34%, Valid: 90.34% Test: 76.26%
Run: 01, Epoch: 11, Loss: 0.6249
Run: 01, Epoch: 12, Loss: 0.6138
Run: 01, Epoch: 12, Train: 85.93%, Valid: 90.60% Test: 78.06%
Run: 01, Epoch: 13, Loss: 0.6072
Run: 01, Epoch: 14, Loss: 0.6090
Run: 01, Epoch: 14, Train: 86.09%, Valid: 90.98% Test: 78.40%
Run: 01, Epoch: 15, Loss: 0.6002
Run: 01, Epoch: 16, Loss: 0.5967
Run: 01, Epoch: 16, Train: 86.40%, Valid: 91.34% Test: 78.09%
Run: 01, Epoch: 17, Loss: 0.5935
Run: 01, Epoch: 18, Loss: 0.5937
Run: 01, Epoch: 18, Train: 86.28%, Valid: 91.14% Test: 77.66%
Run: 01, Epoch: 19, Loss: 0.5915
Run: 01, Epoch: 20, Loss: 0.5861
Run: 01, Epoch: 20, Train: 86.56%, Valid: 91.21% Test: 77.89%
Run 01:
Highest Train: 86.56
Highest Valid: 91.34
  Final Train: 86.40
   Final Test: 78.09
Run: 02, Epoch: 01, Loss: 1.6021
Run: 02, Epoch: 02, Loss: 0.8844
Run: 02, Epoch: 03, Loss: 0.7868
Run: 02, Epoch: 04, Loss: 0.7294
Run: 02, Epoch: 05, Loss: 0.6989
Run: 02, Epoch: 06, Loss: 0.6752
Run: 02, Epoch: 07, Loss: 0.6594
Run: 02, Epoch: 08, Loss: 0.6494
Run: 02, Epoch: 09, Loss: 0.6478
Run: 02, Epoch: 10, Loss: 0.6339
Run: 02, Epoch: 10, Train: 85.07%, Valid: 91.18% Test: 78.39%
Run: 02, Epoch: 11, Loss: 0.6226
Run: 02, Epoch: 12, Loss: 0.6262
Run: 02, Epoch: 12, Train: 85.55%, Valid: 90.90% Test: 78.16%
Run: 02, Epoch: 13, Loss: 0.6194
Run: 02, Epoch: 14, Loss: 0.6121
Run: 02, Epoch: 14, Train: 85.57%, Valid: 90.82% Test: 77.99%
Run: 02, Epoch: 15, Loss: 0.6058
Run: 02, Epoch: 16, Loss: 0.6029
Run: 02, Epoch: 16, Train: 86.15%, Valid: 91.00% Test: 77.83%
Run: 02, Epoch: 17, Loss: 0.6004
Run: 02, Epoch: 18, Loss: 0.5971
Run: 02, Epoch: 18, Train: 86.09%, Valid: 90.91% Test: 77.71%
Run: 02, Epoch: 19, Loss: 0.5907
Run: 02, Epoch: 20, Loss: 0.5898
Run: 02, Epoch: 20, Train: 86.08%, Valid: 90.62% Test: 77.59%
Run 02:
Highest Train: 86.15
Highest Valid: 91.18
  Final Train: 85.07
   Final Test: 78.39
Run: 03, Epoch: 01, Loss: 1.6284
Run: 03, Epoch: 02, Loss: 0.8851
Run: 03, Epoch: 03, Loss: 0.7858
Run: 03, Epoch: 04, Loss: 0.7362
Run: 03, Epoch: 05, Loss: 0.7012
Run: 03, Epoch: 06, Loss: 0.6765
Run: 03, Epoch: 07, Loss: 0.6585
Run: 03, Epoch: 08, Loss: 0.6476
Run: 03, Epoch: 09, Loss: 0.6328
Run: 03, Epoch: 10, Loss: 0.6245
Run: 03, Epoch: 10, Train: 85.26%, Valid: 90.69% Test: 77.71%
Run: 03, Epoch: 11, Loss: 0.6218
Run: 03, Epoch: 12, Loss: 0.6160
Run: 03, Epoch: 12, Train: 85.59%, Valid: 91.03% Test: 77.85%
Run: 03, Epoch: 13, Loss: 0.6144
Run: 03, Epoch: 14, Loss: 0.6114
Run: 03, Epoch: 14, Train: 85.51%, Valid: 91.00% Test: 78.22%
Run: 03, Epoch: 15, Loss: 0.6085
Run: 03, Epoch: 16, Loss: 0.6056
Run: 03, Epoch: 16, Train: 85.87%, Valid: 90.99% Test: 77.31%
Run: 03, Epoch: 17, Loss: 0.6027
Run: 03, Epoch: 18, Loss: 0.5995
Run: 03, Epoch: 18, Train: 86.09%, Valid: 91.04% Test: 78.09%
Run: 03, Epoch: 19, Loss: 0.6015
Run: 03, Epoch: 20, Loss: 0.5986
Run: 03, Epoch: 20, Train: 86.13%, Valid: 91.11% Test: 77.30%
Run 03:
Highest Train: 86.13
Highest Valid: 91.11
  Final Train: 86.13
   Final Test: 77.30
Run: 04, Epoch: 01, Loss: 1.7085
Run: 04, Epoch: 02, Loss: 0.9076
Run: 04, Epoch: 03, Loss: 0.7889
Run: 04, Epoch: 04, Loss: 0.7379
Run: 04, Epoch: 05, Loss: 0.7062
Run: 04, Epoch: 06, Loss: 0.6848
Run: 04, Epoch: 07, Loss: 0.6705
Run: 04, Epoch: 08, Loss: 0.6578
Run: 04, Epoch: 09, Loss: 0.6435
Run: 04, Epoch: 10, Loss: 0.6390
Run: 04, Epoch: 10, Train: 85.05%, Valid: 90.81% Test: 77.70%
Run: 04, Epoch: 11, Loss: 0.6295
Run: 04, Epoch: 12, Loss: 0.6202
Run: 04, Epoch: 12, Train: 85.39%, Valid: 90.97% Test: 77.83%
Run: 04, Epoch: 13, Loss: 0.6209
Run: 04, Epoch: 14, Loss: 0.6124
Run: 04, Epoch: 14, Train: 85.68%, Valid: 91.04% Test: 76.58%
Run: 04, Epoch: 15, Loss: 0.6148
Run: 04, Epoch: 16, Loss: 0.6168
Run: 04, Epoch: 16, Train: 85.82%, Valid: 91.16% Test: 77.97%
Run: 04, Epoch: 17, Loss: 0.6102
Run: 04, Epoch: 18, Loss: 0.6038
Run: 04, Epoch: 18, Train: 86.14%, Valid: 91.32% Test: 77.37%
Run: 04, Epoch: 19, Loss: 0.6011
Run: 04, Epoch: 20, Loss: 0.5925
Run: 04, Epoch: 20, Train: 86.13%, Valid: 91.03% Test: 77.86%
Run 04:
Highest Train: 86.14
Highest Valid: 91.32
  Final Train: 86.14
   Final Test: 77.37
Run: 05, Epoch: 01, Loss: 1.5726
Run: 05, Epoch: 02, Loss: 0.8762
Run: 05, Epoch: 03, Loss: 0.7722
Run: 05, Epoch: 04, Loss: 0.7186
Run: 05, Epoch: 05, Loss: 0.6909
Run: 05, Epoch: 06, Loss: 0.6683
Run: 05, Epoch: 07, Loss: 0.6604
Run: 05, Epoch: 08, Loss: 0.6455
Run: 05, Epoch: 09, Loss: 0.6360
Run: 05, Epoch: 10, Loss: 0.6301
Run: 05, Epoch: 10, Train: 85.19%, Valid: 90.54% Test: 77.74%
Run: 05, Epoch: 11, Loss: 0.6203
Run: 05, Epoch: 12, Loss: 0.6145
Run: 05, Epoch: 12, Train: 85.50%, Valid: 90.76% Test: 77.91%
Run: 05, Epoch: 13, Loss: 0.6106
Run: 05, Epoch: 14, Loss: 0.6048
Run: 05, Epoch: 14, Train: 85.95%, Valid: 90.89% Test: 77.62%
Run: 05, Epoch: 15, Loss: 0.6005
Run: 05, Epoch: 16, Loss: 0.6004
Run: 05, Epoch: 16, Train: 85.90%, Valid: 90.95% Test: 77.15%
Run: 05, Epoch: 17, Loss: 0.5950
Run: 05, Epoch: 18, Loss: 0.5917
Run: 05, Epoch: 18, Train: 86.28%, Valid: 91.14% Test: 77.40%
Run: 05, Epoch: 19, Loss: 0.5892
Run: 05, Epoch: 20, Loss: 0.5953
Run: 05, Epoch: 20, Train: 86.56%, Valid: 91.32% Test: 78.04%
Run 05:
Highest Train: 86.56
Highest Valid: 91.32
  Final Train: 86.56
   Final Test: 78.04
Run: 06, Epoch: 01, Loss: 1.6175
Run: 06, Epoch: 02, Loss: 0.8723
Run: 06, Epoch: 03, Loss: 0.7730
Run: 06, Epoch: 04, Loss: 0.7159
Run: 06, Epoch: 05, Loss: 0.6957
Run: 06, Epoch: 06, Loss: 0.6774
Run: 06, Epoch: 07, Loss: 0.6556
Run: 06, Epoch: 08, Loss: 0.6468
Run: 06, Epoch: 09, Loss: 0.6311
Run: 06, Epoch: 10, Loss: 0.6230
Run: 06, Epoch: 10, Train: 85.14%, Valid: 91.02% Test: 77.58%
Run: 06, Epoch: 11, Loss: 0.6164
Run: 06, Epoch: 12, Loss: 0.6166
Run: 06, Epoch: 12, Train: 85.77%, Valid: 90.71% Test: 78.07%
Run: 06, Epoch: 13, Loss: 0.6067
Run: 06, Epoch: 14, Loss: 0.5969
Run: 06, Epoch: 14, Train: 85.76%, Valid: 90.71% Test: 77.78%
Run: 06, Epoch: 15, Loss: 0.6012
Run: 06, Epoch: 16, Loss: 0.5987
Run: 06, Epoch: 16, Train: 86.08%, Valid: 90.81% Test: 78.26%
Run: 06, Epoch: 17, Loss: 0.5982
Run: 06, Epoch: 18, Loss: 0.5912
Run: 06, Epoch: 18, Train: 86.25%, Valid: 90.97% Test: 77.39%
Run: 06, Epoch: 19, Loss: 0.5870
Run: 06, Epoch: 20, Loss: 0.5910
Run: 06, Epoch: 20, Train: 86.64%, Valid: 89.95% Test: 76.27%
Run 06:
Highest Train: 86.64
Highest Valid: 91.02
  Final Train: 85.14
   Final Test: 77.58
Run: 07, Epoch: 01, Loss: 1.6017
Run: 07, Epoch: 02, Loss: 0.8728
Run: 07, Epoch: 03, Loss: 0.7744
Run: 07, Epoch: 04, Loss: 0.7208
Run: 07, Epoch: 05, Loss: 0.6941
Run: 07, Epoch: 06, Loss: 0.6752
Run: 07, Epoch: 07, Loss: 0.6546
Run: 07, Epoch: 08, Loss: 0.6413
Run: 07, Epoch: 09, Loss: 0.6347
Run: 07, Epoch: 10, Loss: 0.6366
Run: 07, Epoch: 10, Train: 85.07%, Valid: 89.71% Test: 75.74%
Run: 07, Epoch: 11, Loss: 0.6227
Run: 07, Epoch: 12, Loss: 0.6141
Run: 07, Epoch: 12, Train: 85.38%, Valid: 90.48% Test: 77.43%
Run: 07, Epoch: 13, Loss: 0.6146
Run: 07, Epoch: 14, Loss: 0.6095
Run: 07, Epoch: 14, Train: 86.08%, Valid: 90.94% Test: 78.28%
Run: 07, Epoch: 15, Loss: 0.6034
Run: 07, Epoch: 16, Loss: 0.6125
Run: 07, Epoch: 16, Train: 86.08%, Valid: 90.83% Test: 77.24%
Run: 07, Epoch: 17, Loss: 0.6005
Run: 07, Epoch: 18, Loss: 0.5975
Run: 07, Epoch: 18, Train: 86.25%, Valid: 90.91% Test: 77.94%
Run: 07, Epoch: 19, Loss: 0.5917
Run: 07, Epoch: 20, Loss: 0.5890
Run: 07, Epoch: 20, Train: 86.61%, Valid: 90.98% Test: 77.97%
Run 07:
Highest Train: 86.61
Highest Valid: 90.98
  Final Train: 86.61
   Final Test: 77.97
Run: 08, Epoch: 01, Loss: 1.6180
Run: 08, Epoch: 02, Loss: 0.8886
Run: 08, Epoch: 03, Loss: 0.7735
Run: 08, Epoch: 04, Loss: 0.7247
Run: 08, Epoch: 05, Loss: 0.6963
Run: 08, Epoch: 06, Loss: 0.6717
Run: 08, Epoch: 07, Loss: 0.6513
Run: 08, Epoch: 08, Loss: 0.6485
Run: 08, Epoch: 09, Loss: 0.6410
Run: 08, Epoch: 10, Loss: 0.6317
Run: 08, Epoch: 10, Train: 85.34%, Valid: 91.21% Test: 78.05%
Run: 08, Epoch: 11, Loss: 0.6284
Run: 08, Epoch: 12, Loss: 0.6163
Run: 08, Epoch: 12, Train: 85.57%, Valid: 90.53% Test: 77.72%
Run: 08, Epoch: 13, Loss: 0.6144
Run: 08, Epoch: 14, Loss: 0.6111
Run: 08, Epoch: 14, Train: 85.92%, Valid: 90.71% Test: 77.74%
Run: 08, Epoch: 15, Loss: 0.6088
Run: 08, Epoch: 16, Loss: 0.6080
Run: 08, Epoch: 16, Train: 86.15%, Valid: 90.84% Test: 76.96%
Run: 08, Epoch: 17, Loss: 0.5979
Run: 08, Epoch: 18, Loss: 0.6031
Run: 08, Epoch: 18, Train: 86.48%, Valid: 91.20% Test: 77.90%
Run: 08, Epoch: 19, Loss: 0.5935
Run: 08, Epoch: 20, Loss: 0.5937
Run: 08, Epoch: 20, Train: 86.29%, Valid: 91.04% Test: 78.47%
Run 08:
Highest Train: 86.48
Highest Valid: 91.21
  Final Train: 85.34
   Final Test: 78.05
Run: 09, Epoch: 01, Loss: 1.6327
Run: 09, Epoch: 02, Loss: 0.8832
Run: 09, Epoch: 03, Loss: 0.7716
Run: 09, Epoch: 04, Loss: 0.7202
Run: 09, Epoch: 05, Loss: 0.6947
Run: 09, Epoch: 06, Loss: 0.6719
Run: 09, Epoch: 07, Loss: 0.6544
Run: 09, Epoch: 08, Loss: 0.6457
Run: 09, Epoch: 09, Loss: 0.6354
Run: 09, Epoch: 10, Loss: 0.6225
Run: 09, Epoch: 10, Train: 85.35%, Valid: 89.87% Test: 76.02%
Run: 09, Epoch: 11, Loss: 0.6246
Run: 09, Epoch: 12, Loss: 0.6126
Run: 09, Epoch: 12, Train: 85.55%, Valid: 90.76% Test: 77.72%
Run: 09, Epoch: 13, Loss: 0.6129
Run: 09, Epoch: 14, Loss: 0.6149
Run: 09, Epoch: 14, Train: 86.01%, Valid: 91.28% Test: 77.16%
Run: 09, Epoch: 15, Loss: 0.6107
Run: 09, Epoch: 16, Loss: 0.6029
Run: 09, Epoch: 16, Train: 86.07%, Valid: 90.90% Test: 77.33%
Run: 09, Epoch: 17, Loss: 0.5934
Run: 09, Epoch: 18, Loss: 0.5966
Run: 09, Epoch: 18, Train: 86.55%, Valid: 91.12% Test: 77.39%
Run: 09, Epoch: 19, Loss: 0.5892
Run: 09, Epoch: 20, Loss: 0.5903
Run: 09, Epoch: 20, Train: 86.47%, Valid: 90.85% Test: 77.51%
Run 09:
Highest Train: 86.55
Highest Valid: 91.28
  Final Train: 86.01
   Final Test: 77.16
Run: 10, Epoch: 01, Loss: 1.5906
Run: 10, Epoch: 02, Loss: 0.8747
Run: 10, Epoch: 03, Loss: 0.7678
Run: 10, Epoch: 04, Loss: 0.7255
Run: 10, Epoch: 05, Loss: 0.6944
Run: 10, Epoch: 06, Loss: 0.6708
Run: 10, Epoch: 07, Loss: 0.6471
Run: 10, Epoch: 08, Loss: 0.6511
Run: 10, Epoch: 09, Loss: 0.6400
Run: 10, Epoch: 10, Loss: 0.6246
Run: 10, Epoch: 10, Train: 85.44%, Valid: 91.05% Test: 77.15%
Run: 10, Epoch: 11, Loss: 0.6174
Run: 10, Epoch: 12, Loss: 0.6134
Run: 10, Epoch: 12, Train: 85.58%, Valid: 90.76% Test: 78.21%
Run: 10, Epoch: 13, Loss: 0.6108
Run: 10, Epoch: 14, Loss: 0.6047
Run: 10, Epoch: 14, Train: 85.85%, Valid: 91.02% Test: 78.19%
Run: 10, Epoch: 15, Loss: 0.6030
Run: 10, Epoch: 16, Loss: 0.5997
Run: 10, Epoch: 16, Train: 86.06%, Valid: 90.87% Test: 76.83%
Run: 10, Epoch: 17, Loss: 0.5951
Run: 10, Epoch: 18, Loss: 0.5955
Run: 10, Epoch: 18, Train: 86.24%, Valid: 91.06% Test: 78.61%
Run: 10, Epoch: 19, Loss: 0.5900
Run: 10, Epoch: 20, Loss: 0.5893
Run: 10, Epoch: 20, Train: 86.76%, Valid: 91.07% Test: 78.08%
Run 10:
Highest Train: 86.76
Highest Valid: 91.07
  Final Train: 86.76
   Final Test: 78.08
All runs:
Highest Train: 86.46 ± 0.23
Highest Valid: 91.18 ± 0.13
  Final Train: 86.02 ± 0.62
   Final Test: 77.80 ± 0.42
