Namespace(device=0, log_steps=1, inductive=False, num_layers=3, hidden_channels=256, dropout=0.5, batch_size=20000, walk_length=3, lr=0.01, num_steps=30, epochs=20, eval_steps=2, runs=10, rsv=0.4, al='el2n', alpha=0.9)
tensor([ 99311, 131369,  96836,  ..., 191075, 162809,  69142]) 78646
tensor([222340, 232877, 217134,  ..., 200958, 222104, 232108]) 15729
Run: 01, Epoch: 01, Loss: 1.3767
Run: 01, Epoch: 02, Loss: 0.5623
Run: 01, Epoch: 03, Loss: 0.4803
Run: 01, Epoch: 04, Loss: 0.4440
Run: 01, Epoch: 05, Loss: 0.4242
Run: 01, Epoch: 06, Loss: 0.4053
Run: 01, Epoch: 07, Loss: 0.3912
Run: 01, Epoch: 08, Loss: 0.3870
Run: 01, Epoch: 09, Loss: 0.3786
Run: 01, Epoch: 10, Loss: 0.3772
Run: 01, Epoch: 10, Train: 91.16%, Valid: 90.87% Test: 78.31%
Run: 01, Epoch: 11, Loss: 0.3670
Run: 01, Epoch: 12, Loss: 0.3574
Run: 01, Epoch: 12, Train: 91.51%, Valid: 91.01% Test: 77.84%
Run: 01, Epoch: 13, Loss: 0.3592
Run: 01, Epoch: 14, Loss: 0.3590
Run: 01, Epoch: 14, Train: 91.57%, Valid: 91.05% Test: 78.63%
Run: 01, Epoch: 15, Loss: 0.3522
Run: 01, Epoch: 16, Loss: 0.3507
Run: 01, Epoch: 16, Train: 91.85%, Valid: 91.23% Test: 78.23%
Run: 01, Epoch: 17, Loss: 0.3467
Run: 01, Epoch: 18, Loss: 0.3505
Run: 01, Epoch: 18, Train: 92.12%, Valid: 91.18% Test: 77.61%
Run: 01, Epoch: 19, Loss: 0.3427
Run: 01, Epoch: 20, Loss: 0.3423
Run: 01, Epoch: 20, Train: 91.96%, Valid: 91.25% Test: 78.31%
Run 01:
Highest Train: 92.12
Highest Valid: 91.25
  Final Train: 91.96
   Final Test: 78.31
Run: 02, Epoch: 01, Loss: 1.5124
Run: 02, Epoch: 02, Loss: 0.5805
Run: 02, Epoch: 03, Loss: 0.4916
Run: 02, Epoch: 04, Loss: 0.4523
Run: 02, Epoch: 05, Loss: 0.4253
Run: 02, Epoch: 06, Loss: 0.4099
Run: 02, Epoch: 07, Loss: 0.3979
Run: 02, Epoch: 08, Loss: 0.3880
Run: 02, Epoch: 09, Loss: 0.3861
Run: 02, Epoch: 10, Loss: 0.3761
Run: 02, Epoch: 10, Train: 91.24%, Valid: 91.11% Test: 78.02%
Run: 02, Epoch: 11, Loss: 0.3695
Run: 02, Epoch: 12, Loss: 0.3657
Run: 02, Epoch: 12, Train: 91.40%, Valid: 91.12% Test: 77.70%
Run: 02, Epoch: 13, Loss: 0.3582
Run: 02, Epoch: 14, Loss: 0.3586
Run: 02, Epoch: 14, Train: 91.40%, Valid: 91.05% Test: 78.17%
Run: 02, Epoch: 15, Loss: 0.3565
Run: 02, Epoch: 16, Loss: 0.3620
Run: 02, Epoch: 16, Train: 91.63%, Valid: 91.19% Test: 78.66%
Run: 02, Epoch: 17, Loss: 0.3530
Run: 02, Epoch: 18, Loss: 0.3530
Run: 02, Epoch: 18, Train: 91.85%, Valid: 91.12% Test: 77.93%
Run: 02, Epoch: 19, Loss: 0.3466
Run: 02, Epoch: 20, Loss: 0.3497
Run: 02, Epoch: 20, Train: 91.96%, Valid: 91.38% Test: 78.43%
Run 02:
Highest Train: 91.96
Highest Valid: 91.38
  Final Train: 91.96
   Final Test: 78.43
Run: 03, Epoch: 01, Loss: 1.4436
Run: 03, Epoch: 02, Loss: 0.5669
Run: 03, Epoch: 03, Loss: 0.4921
Run: 03, Epoch: 04, Loss: 0.4544
Run: 03, Epoch: 05, Loss: 0.4267
Run: 03, Epoch: 06, Loss: 0.4153
Run: 03, Epoch: 07, Loss: 0.4005
Run: 03, Epoch: 08, Loss: 0.3933
Run: 03, Epoch: 09, Loss: 0.3862
Run: 03, Epoch: 10, Loss: 0.3784
Run: 03, Epoch: 10, Train: 91.18%, Valid: 90.76% Test: 77.85%
Run: 03, Epoch: 11, Loss: 0.3699
Run: 03, Epoch: 12, Loss: 0.3674
Run: 03, Epoch: 12, Train: 91.46%, Valid: 91.10% Test: 78.29%
Run: 03, Epoch: 13, Loss: 0.3636
Run: 03, Epoch: 14, Loss: 0.3597
Run: 03, Epoch: 14, Train: 91.63%, Valid: 90.98% Test: 78.22%
Run: 03, Epoch: 15, Loss: 0.3580
Run: 03, Epoch: 16, Loss: 0.3567
Run: 03, Epoch: 16, Train: 91.33%, Valid: 90.98% Test: 78.48%
Run: 03, Epoch: 17, Loss: 0.3556
Run: 03, Epoch: 18, Loss: 0.3520
Run: 03, Epoch: 18, Train: 91.90%, Valid: 91.06% Test: 78.70%
Run: 03, Epoch: 19, Loss: 0.3522
Run: 03, Epoch: 20, Loss: 0.3469
Run: 03, Epoch: 20, Train: 91.94%, Valid: 91.11% Test: 78.24%
Run 03:
Highest Train: 91.94
Highest Valid: 91.11
  Final Train: 91.94
   Final Test: 78.24
Run: 04, Epoch: 01, Loss: 1.3456
Run: 04, Epoch: 02, Loss: 0.5550
Run: 04, Epoch: 03, Loss: 0.4745
Run: 04, Epoch: 04, Loss: 0.4426
Run: 04, Epoch: 05, Loss: 0.4183
Run: 04, Epoch: 06, Loss: 0.4045
Run: 04, Epoch: 07, Loss: 0.3992
Run: 04, Epoch: 08, Loss: 0.3827
Run: 04, Epoch: 09, Loss: 0.3818
Run: 04, Epoch: 10, Loss: 0.3749
Run: 04, Epoch: 10, Train: 91.24%, Valid: 91.11% Test: 78.10%
Run: 04, Epoch: 11, Loss: 0.3661
Run: 04, Epoch: 12, Loss: 0.3599
Run: 04, Epoch: 12, Train: 91.55%, Valid: 91.06% Test: 78.71%
Run: 04, Epoch: 13, Loss: 0.3559
Run: 04, Epoch: 14, Loss: 0.3490
Run: 04, Epoch: 14, Train: 91.82%, Valid: 91.22% Test: 77.62%
Run: 04, Epoch: 15, Loss: 0.3509
Run: 04, Epoch: 16, Loss: 0.3510
Run: 04, Epoch: 16, Train: 91.88%, Valid: 91.35% Test: 78.06%
Run: 04, Epoch: 17, Loss: 0.3504
Run: 04, Epoch: 18, Loss: 0.3503
Run: 04, Epoch: 18, Train: 92.07%, Valid: 91.18% Test: 77.64%
Run: 04, Epoch: 19, Loss: 0.3437
Run: 04, Epoch: 20, Loss: 0.3397
Run: 04, Epoch: 20, Train: 92.07%, Valid: 91.27% Test: 78.28%
Run 04:
Highest Train: 92.07
Highest Valid: 91.35
  Final Train: 91.88
   Final Test: 78.06
Run: 05, Epoch: 01, Loss: 1.2793
Run: 05, Epoch: 02, Loss: 0.5487
Run: 05, Epoch: 03, Loss: 0.4670
Run: 05, Epoch: 04, Loss: 0.4382
Run: 05, Epoch: 05, Loss: 0.4160
Run: 05, Epoch: 06, Loss: 0.3984
Run: 05, Epoch: 07, Loss: 0.3906
Run: 05, Epoch: 08, Loss: 0.3805
Run: 05, Epoch: 09, Loss: 0.3722
Run: 05, Epoch: 10, Loss: 0.3661
Run: 05, Epoch: 10, Train: 91.26%, Valid: 90.90% Test: 77.68%
Run: 05, Epoch: 11, Loss: 0.3634
Run: 05, Epoch: 12, Loss: 0.3571
Run: 05, Epoch: 12, Train: 91.67%, Valid: 91.02% Test: 77.74%
Run: 05, Epoch: 13, Loss: 0.3538
Run: 05, Epoch: 14, Loss: 0.3519
Run: 05, Epoch: 14, Train: 91.74%, Valid: 91.22% Test: 78.27%
Run: 05, Epoch: 15, Loss: 0.3517
Run: 05, Epoch: 16, Loss: 0.3438
Run: 05, Epoch: 16, Train: 91.84%, Valid: 91.13% Test: 78.37%
Run: 05, Epoch: 17, Loss: 0.3419
Run: 05, Epoch: 18, Loss: 0.3386
Run: 05, Epoch: 18, Train: 92.09%, Valid: 91.18% Test: 78.42%
Run: 05, Epoch: 19, Loss: 0.3367
Run: 05, Epoch: 20, Loss: 0.3399
Run: 05, Epoch: 20, Train: 92.29%, Valid: 91.30% Test: 78.30%
Run 05:
Highest Train: 92.29
Highest Valid: 91.30
  Final Train: 92.29
   Final Test: 78.30
Run: 06, Epoch: 01, Loss: 1.3427
Run: 06, Epoch: 02, Loss: 0.5598
Run: 06, Epoch: 03, Loss: 0.4829
Run: 06, Epoch: 04, Loss: 0.4395
Run: 06, Epoch: 05, Loss: 0.4236
Run: 06, Epoch: 06, Loss: 0.4096
Run: 06, Epoch: 07, Loss: 0.3939
Run: 06, Epoch: 08, Loss: 0.3819
Run: 06, Epoch: 09, Loss: 0.3739
Run: 06, Epoch: 10, Loss: 0.3728
Run: 06, Epoch: 10, Train: 91.27%, Valid: 90.98% Test: 78.22%
Run: 06, Epoch: 11, Loss: 0.3640
Run: 06, Epoch: 12, Loss: 0.3626
Run: 06, Epoch: 12, Train: 91.57%, Valid: 90.98% Test: 77.40%
Run: 06, Epoch: 13, Loss: 0.3567
Run: 06, Epoch: 14, Loss: 0.3506
Run: 06, Epoch: 14, Train: 91.54%, Valid: 90.90% Test: 78.19%
Run: 06, Epoch: 15, Loss: 0.3446
Run: 06, Epoch: 16, Loss: 0.3501
Run: 06, Epoch: 16, Train: 91.81%, Valid: 91.26% Test: 78.17%
Run: 06, Epoch: 17, Loss: 0.3469
Run: 06, Epoch: 18, Loss: 0.3440
Run: 06, Epoch: 18, Train: 92.06%, Valid: 91.28% Test: 78.35%
Run: 06, Epoch: 19, Loss: 0.3429
Run: 06, Epoch: 20, Loss: 0.3443
Run: 06, Epoch: 20, Train: 92.05%, Valid: 91.54% Test: 78.13%
Run 06:
Highest Train: 92.06
Highest Valid: 91.54
  Final Train: 92.05
   Final Test: 78.13
Run: 07, Epoch: 01, Loss: 1.4591
Run: 07, Epoch: 02, Loss: 0.5782
Run: 07, Epoch: 03, Loss: 0.4937
Run: 07, Epoch: 04, Loss: 0.4509
Run: 07, Epoch: 05, Loss: 0.4266
Run: 07, Epoch: 06, Loss: 0.4125
Run: 07, Epoch: 07, Loss: 0.3976
Run: 07, Epoch: 08, Loss: 0.3881
Run: 07, Epoch: 09, Loss: 0.3832
Run: 07, Epoch: 10, Loss: 0.3784
Run: 07, Epoch: 10, Train: 91.02%, Valid: 90.93% Test: 77.64%
Run: 07, Epoch: 11, Loss: 0.3717
Run: 07, Epoch: 12, Loss: 0.3650
Run: 07, Epoch: 12, Train: 91.53%, Valid: 91.20% Test: 77.47%
Run: 07, Epoch: 13, Loss: 0.3579
Run: 07, Epoch: 14, Loss: 0.3547
Run: 07, Epoch: 14, Train: 91.63%, Valid: 91.32% Test: 78.35%
Run: 07, Epoch: 15, Loss: 0.3498
Run: 07, Epoch: 16, Loss: 0.3565
Run: 07, Epoch: 16, Train: 91.88%, Valid: 91.39% Test: 77.20%
Run: 07, Epoch: 17, Loss: 0.3484
Run: 07, Epoch: 18, Loss: 0.3499
Run: 07, Epoch: 18, Train: 91.96%, Valid: 91.43% Test: 77.96%
Run: 07, Epoch: 19, Loss: 0.3448
Run: 07, Epoch: 20, Loss: 0.3461
Run: 07, Epoch: 20, Train: 92.21%, Valid: 91.50% Test: 78.44%
Run 07:
Highest Train: 92.21
Highest Valid: 91.50
  Final Train: 92.21
   Final Test: 78.44
Run: 08, Epoch: 01, Loss: 1.2814
Run: 08, Epoch: 02, Loss: 0.5463
Run: 08, Epoch: 03, Loss: 0.4739
Run: 08, Epoch: 04, Loss: 0.4371
Run: 08, Epoch: 05, Loss: 0.4160
Run: 08, Epoch: 06, Loss: 0.3982
Run: 08, Epoch: 07, Loss: 0.3841
Run: 08, Epoch: 08, Loss: 0.3859
Run: 08, Epoch: 09, Loss: 0.3769
Run: 08, Epoch: 10, Loss: 0.3682
Run: 08, Epoch: 10, Train: 91.29%, Valid: 91.07% Test: 78.08%
Run: 08, Epoch: 11, Loss: 0.3676
Run: 08, Epoch: 12, Loss: 0.3590
Run: 08, Epoch: 12, Train: 91.62%, Valid: 91.11% Test: 78.09%
Run: 08, Epoch: 13, Loss: 0.3546
Run: 08, Epoch: 14, Loss: 0.3573
Run: 08, Epoch: 14, Train: 91.79%, Valid: 91.23% Test: 78.06%
Run: 08, Epoch: 15, Loss: 0.3463
Run: 08, Epoch: 16, Loss: 0.3468
Run: 08, Epoch: 16, Train: 92.02%, Valid: 91.24% Test: 78.20%
Run: 08, Epoch: 17, Loss: 0.3432
Run: 08, Epoch: 18, Loss: 0.3485
Run: 08, Epoch: 18, Train: 92.01%, Valid: 91.16% Test: 78.10%
Run: 08, Epoch: 19, Loss: 0.3376
Run: 08, Epoch: 20, Loss: 0.3419
Run: 08, Epoch: 20, Train: 92.20%, Valid: 91.39% Test: 78.44%
Run 08:
Highest Train: 92.20
Highest Valid: 91.39
  Final Train: 92.20
   Final Test: 78.44
Run: 09, Epoch: 01, Loss: 1.3547
Run: 09, Epoch: 02, Loss: 0.5504
Run: 09, Epoch: 03, Loss: 0.4737
Run: 09, Epoch: 04, Loss: 0.4398
Run: 09, Epoch: 05, Loss: 0.4168
Run: 09, Epoch: 06, Loss: 0.4001
Run: 09, Epoch: 07, Loss: 0.3907
Run: 09, Epoch: 08, Loss: 0.3831
Run: 09, Epoch: 09, Loss: 0.3766
Run: 09, Epoch: 10, Loss: 0.3723
Run: 09, Epoch: 10, Train: 91.24%, Valid: 90.91% Test: 76.96%
Run: 09, Epoch: 11, Loss: 0.3678
Run: 09, Epoch: 12, Loss: 0.3554
Run: 09, Epoch: 12, Train: 91.40%, Valid: 90.93% Test: 77.67%
Run: 09, Epoch: 13, Loss: 0.3580
Run: 09, Epoch: 14, Loss: 0.3561
Run: 09, Epoch: 14, Train: 91.53%, Valid: 90.73% Test: 76.67%
Run: 09, Epoch: 15, Loss: 0.3555
Run: 09, Epoch: 16, Loss: 0.3518
Run: 09, Epoch: 16, Train: 91.84%, Valid: 91.39% Test: 77.86%
Run: 09, Epoch: 17, Loss: 0.3408
Run: 09, Epoch: 18, Loss: 0.3436
Run: 09, Epoch: 18, Train: 92.04%, Valid: 91.37% Test: 77.42%
Run: 09, Epoch: 19, Loss: 0.3383
Run: 09, Epoch: 20, Loss: 0.3386
Run: 09, Epoch: 20, Train: 92.19%, Valid: 91.34% Test: 78.10%
Run 09:
Highest Train: 92.19
Highest Valid: 91.39
  Final Train: 91.84
   Final Test: 77.86
Run: 10, Epoch: 01, Loss: 1.3726
Run: 10, Epoch: 02, Loss: 0.5657
Run: 10, Epoch: 03, Loss: 0.4813
Run: 10, Epoch: 04, Loss: 0.4458
Run: 10, Epoch: 05, Loss: 0.4277
Run: 10, Epoch: 06, Loss: 0.4136
Run: 10, Epoch: 07, Loss: 0.3903
Run: 10, Epoch: 08, Loss: 0.3857
Run: 10, Epoch: 09, Loss: 0.3801
Run: 10, Epoch: 10, Loss: 0.3710
Run: 10, Epoch: 10, Train: 91.31%, Valid: 90.93% Test: 77.43%
Run: 10, Epoch: 11, Loss: 0.3654
Run: 10, Epoch: 12, Loss: 0.3606
Run: 10, Epoch: 12, Train: 91.56%, Valid: 91.06% Test: 78.70%
Run: 10, Epoch: 13, Loss: 0.3616
Run: 10, Epoch: 14, Loss: 0.3576
Run: 10, Epoch: 14, Train: 91.57%, Valid: 90.97% Test: 78.09%
Run: 10, Epoch: 15, Loss: 0.3614
Run: 10, Epoch: 16, Loss: 0.3476
Run: 10, Epoch: 16, Train: 91.77%, Valid: 91.30% Test: 78.35%
Run: 10, Epoch: 17, Loss: 0.3459
Run: 10, Epoch: 18, Loss: 0.3470
Run: 10, Epoch: 18, Train: 91.94%, Valid: 91.32% Test: 78.63%
Run: 10, Epoch: 19, Loss: 0.3453
Run: 10, Epoch: 20, Loss: 0.3445
Run: 10, Epoch: 20, Train: 92.16%, Valid: 91.23% Test: 78.55%
Run 10:
Highest Train: 92.16
Highest Valid: 91.32
  Final Train: 91.94
   Final Test: 78.63
All runs:
Highest Train: 92.12 ± 0.11
Highest Valid: 91.35 ± 0.12
  Final Train: 92.03 ± 0.15
   Final Test: 78.28 ± 0.22
