Namespace(device=0, log_steps=1, inductive=False, num_layers=3, hidden_channels=256, dropout=0.5, batch_size=20000, walk_length=3, lr=0.01, num_steps=30, epochs=20, eval_steps=2, runs=10, rsv=0.55, al='el2n', alpha=0.9)
tensor([ 99311, 131369, 105411,  ...,  61809,  75369, 121615]) 108138
tensor([222340, 232877, 217134,  ..., 198324, 225907, 225407]) 21627
Run: 01, Epoch: 01, Loss: 1.3723
Run: 01, Epoch: 02, Loss: 0.5566
Run: 01, Epoch: 03, Loss: 0.4724
Run: 01, Epoch: 04, Loss: 0.4394
Run: 01, Epoch: 05, Loss: 0.4207
Run: 01, Epoch: 06, Loss: 0.4014
Run: 01, Epoch: 07, Loss: 0.3859
Run: 01, Epoch: 08, Loss: 0.3835
Run: 01, Epoch: 09, Loss: 0.3747
Run: 01, Epoch: 10, Loss: 0.3751
Run: 01, Epoch: 10, Train: 91.26%, Valid: 91.05% Test: 78.12%
Run: 01, Epoch: 11, Loss: 0.3675
Run: 01, Epoch: 12, Loss: 0.3584
Run: 01, Epoch: 12, Train: 91.64%, Valid: 91.15% Test: 78.35%
Run: 01, Epoch: 13, Loss: 0.3596
Run: 01, Epoch: 14, Loss: 0.3555
Run: 01, Epoch: 14, Train: 91.65%, Valid: 91.09% Test: 79.24%
Run: 01, Epoch: 15, Loss: 0.3504
Run: 01, Epoch: 16, Loss: 0.3480
Run: 01, Epoch: 16, Train: 91.94%, Valid: 91.40% Test: 78.69%
Run: 01, Epoch: 17, Loss: 0.3445
Run: 01, Epoch: 18, Loss: 0.3433
Run: 01, Epoch: 18, Train: 92.03%, Valid: 91.33% Test: 78.57%
Run: 01, Epoch: 19, Loss: 0.3422
Run: 01, Epoch: 20, Loss: 0.3405
Run: 01, Epoch: 20, Train: 92.05%, Valid: 91.28% Test: 78.63%
Run 01:
Highest Train: 92.05
Highest Valid: 91.40
  Final Train: 91.94
   Final Test: 78.69
Run: 02, Epoch: 01, Loss: 1.4974
Run: 02, Epoch: 02, Loss: 0.5707
Run: 02, Epoch: 03, Loss: 0.4841
Run: 02, Epoch: 04, Loss: 0.4454
Run: 02, Epoch: 05, Loss: 0.4218
Run: 02, Epoch: 06, Loss: 0.4062
Run: 02, Epoch: 07, Loss: 0.3949
Run: 02, Epoch: 08, Loss: 0.3834
Run: 02, Epoch: 09, Loss: 0.3841
Run: 02, Epoch: 10, Loss: 0.3748
Run: 02, Epoch: 10, Train: 91.19%, Valid: 90.99% Test: 78.31%
Run: 02, Epoch: 11, Loss: 0.3674
Run: 02, Epoch: 12, Loss: 0.3677
Run: 02, Epoch: 12, Train: 91.37%, Valid: 91.12% Test: 78.30%
Run: 02, Epoch: 13, Loss: 0.3581
Run: 02, Epoch: 14, Loss: 0.3533
Run: 02, Epoch: 14, Train: 91.66%, Valid: 91.11% Test: 78.42%
Run: 02, Epoch: 15, Loss: 0.3517
Run: 02, Epoch: 16, Loss: 0.3479
Run: 02, Epoch: 16, Train: 91.88%, Valid: 91.18% Test: 78.88%
Run: 02, Epoch: 17, Loss: 0.3476
Run: 02, Epoch: 18, Loss: 0.3433
Run: 02, Epoch: 18, Train: 91.96%, Valid: 91.09% Test: 78.25%
Run: 02, Epoch: 19, Loss: 0.3416
Run: 02, Epoch: 20, Loss: 0.3429
Run: 02, Epoch: 20, Train: 92.00%, Valid: 91.21% Test: 79.02%
Run 02:
Highest Train: 92.00
Highest Valid: 91.21
  Final Train: 92.00
   Final Test: 79.02
Run: 03, Epoch: 01, Loss: 1.4280
Run: 03, Epoch: 02, Loss: 0.5584
Run: 03, Epoch: 03, Loss: 0.4818
Run: 03, Epoch: 04, Loss: 0.4473
Run: 03, Epoch: 05, Loss: 0.4205
Run: 03, Epoch: 06, Loss: 0.4083
Run: 03, Epoch: 07, Loss: 0.3964
Run: 03, Epoch: 08, Loss: 0.3889
Run: 03, Epoch: 09, Loss: 0.3817
Run: 03, Epoch: 10, Loss: 0.3730
Run: 03, Epoch: 10, Train: 91.20%, Valid: 90.96% Test: 78.18%
Run: 03, Epoch: 11, Loss: 0.3646
Run: 03, Epoch: 12, Loss: 0.3659
Run: 03, Epoch: 12, Train: 91.53%, Valid: 91.20% Test: 78.31%
Run: 03, Epoch: 13, Loss: 0.3607
Run: 03, Epoch: 14, Loss: 0.3542
Run: 03, Epoch: 14, Train: 91.53%, Valid: 91.09% Test: 78.80%
Run: 03, Epoch: 15, Loss: 0.3517
Run: 03, Epoch: 16, Loss: 0.3533
Run: 03, Epoch: 16, Train: 91.73%, Valid: 91.25% Test: 78.71%
Run: 03, Epoch: 17, Loss: 0.3509
Run: 03, Epoch: 18, Loss: 0.3476
Run: 03, Epoch: 18, Train: 91.92%, Valid: 91.21% Test: 79.17%
Run: 03, Epoch: 19, Loss: 0.3499
Run: 03, Epoch: 20, Loss: 0.3457
Run: 03, Epoch: 20, Train: 91.90%, Valid: 91.35% Test: 78.70%
Run 03:
Highest Train: 91.92
Highest Valid: 91.35
  Final Train: 91.90
   Final Test: 78.70
Run: 04, Epoch: 01, Loss: 1.3374
Run: 04, Epoch: 02, Loss: 0.5487
Run: 04, Epoch: 03, Loss: 0.4674
Run: 04, Epoch: 04, Loss: 0.4350
Run: 04, Epoch: 05, Loss: 0.4136
Run: 04, Epoch: 06, Loss: 0.4036
Run: 04, Epoch: 07, Loss: 0.3926
Run: 04, Epoch: 08, Loss: 0.3808
Run: 04, Epoch: 09, Loss: 0.3766
Run: 04, Epoch: 10, Loss: 0.3710
Run: 04, Epoch: 10, Train: 91.25%, Valid: 90.96% Test: 78.47%
Run: 04, Epoch: 11, Loss: 0.3632
Run: 04, Epoch: 12, Loss: 0.3599
Run: 04, Epoch: 12, Train: 91.57%, Valid: 91.00% Test: 77.77%
Run: 04, Epoch: 13, Loss: 0.3578
Run: 04, Epoch: 14, Loss: 0.3492
Run: 04, Epoch: 14, Train: 91.77%, Valid: 91.30% Test: 77.68%
Run: 04, Epoch: 15, Loss: 0.3562
Run: 04, Epoch: 16, Loss: 0.3561
Run: 04, Epoch: 16, Train: 91.89%, Valid: 91.27% Test: 78.76%
Run: 04, Epoch: 17, Loss: 0.3499
Run: 04, Epoch: 18, Loss: 0.3483
Run: 04, Epoch: 18, Train: 91.98%, Valid: 91.30% Test: 78.21%
Run: 04, Epoch: 19, Loss: 0.3430
Run: 04, Epoch: 20, Loss: 0.3410
Run: 04, Epoch: 20, Train: 91.95%, Valid: 91.15% Test: 78.48%
Run 04:
Highest Train: 91.98
Highest Valid: 91.30
  Final Train: 91.77
   Final Test: 77.68
Run: 05, Epoch: 01, Loss: 1.2781
Run: 05, Epoch: 02, Loss: 0.5420
Run: 05, Epoch: 03, Loss: 0.4636
Run: 05, Epoch: 04, Loss: 0.4315
Run: 05, Epoch: 05, Loss: 0.4100
Run: 05, Epoch: 06, Loss: 0.3950
Run: 05, Epoch: 07, Loss: 0.3850
Run: 05, Epoch: 08, Loss: 0.3774
Run: 05, Epoch: 09, Loss: 0.3722
Run: 05, Epoch: 10, Loss: 0.3657
Run: 05, Epoch: 10, Train: 91.25%, Valid: 90.72% Test: 77.83%
Run: 05, Epoch: 11, Loss: 0.3603
Run: 05, Epoch: 12, Loss: 0.3549
Run: 05, Epoch: 12, Train: 91.71%, Valid: 90.99% Test: 77.93%
Run: 05, Epoch: 13, Loss: 0.3521
Run: 05, Epoch: 14, Loss: 0.3495
Run: 05, Epoch: 14, Train: 91.83%, Valid: 91.15% Test: 78.11%
Run: 05, Epoch: 15, Loss: 0.3493
Run: 05, Epoch: 16, Loss: 0.3430
Run: 05, Epoch: 16, Train: 91.86%, Valid: 91.23% Test: 78.48%
Run: 05, Epoch: 17, Loss: 0.3404
Run: 05, Epoch: 18, Loss: 0.3392
Run: 05, Epoch: 18, Train: 91.98%, Valid: 91.38% Test: 77.69%
Run: 05, Epoch: 19, Loss: 0.3365
Run: 05, Epoch: 20, Loss: 0.3385
Run: 05, Epoch: 20, Train: 92.26%, Valid: 91.20% Test: 78.65%
Run 05:
Highest Train: 92.26
Highest Valid: 91.38
  Final Train: 91.98
   Final Test: 77.69
Run: 06, Epoch: 01, Loss: 1.3427
Run: 06, Epoch: 02, Loss: 0.5538
Run: 06, Epoch: 03, Loss: 0.4761
Run: 06, Epoch: 04, Loss: 0.4296
Run: 06, Epoch: 05, Loss: 0.4177
Run: 06, Epoch: 06, Loss: 0.4034
Run: 06, Epoch: 07, Loss: 0.3924
Run: 06, Epoch: 08, Loss: 0.3843
Run: 06, Epoch: 09, Loss: 0.3753
Run: 06, Epoch: 10, Loss: 0.3724
Run: 06, Epoch: 10, Train: 91.40%, Valid: 90.95% Test: 78.41%
Run: 06, Epoch: 11, Loss: 0.3624
Run: 06, Epoch: 12, Loss: 0.3596
Run: 06, Epoch: 12, Train: 91.71%, Valid: 91.09% Test: 78.19%
Run: 06, Epoch: 13, Loss: 0.3577
Run: 06, Epoch: 14, Loss: 0.3509
Run: 06, Epoch: 14, Train: 91.63%, Valid: 90.96% Test: 78.42%
Run: 06, Epoch: 15, Loss: 0.3476
Run: 06, Epoch: 16, Loss: 0.3490
Run: 06, Epoch: 16, Train: 91.69%, Valid: 91.10% Test: 78.30%
Run: 06, Epoch: 17, Loss: 0.3480
Run: 06, Epoch: 18, Loss: 0.3455
Run: 06, Epoch: 18, Train: 91.91%, Valid: 91.30% Test: 78.64%
Run: 06, Epoch: 19, Loss: 0.3453
Run: 06, Epoch: 20, Loss: 0.3442
Run: 06, Epoch: 20, Train: 92.06%, Valid: 91.27% Test: 78.67%
Run 06:
Highest Train: 92.06
Highest Valid: 91.30
  Final Train: 91.91
   Final Test: 78.64
Run: 07, Epoch: 01, Loss: 1.4504
Run: 07, Epoch: 02, Loss: 0.5719
Run: 07, Epoch: 03, Loss: 0.4885
Run: 07, Epoch: 04, Loss: 0.4464
Run: 07, Epoch: 05, Loss: 0.4250
Run: 07, Epoch: 06, Loss: 0.4077
Run: 07, Epoch: 07, Loss: 0.3938
Run: 07, Epoch: 08, Loss: 0.3834
Run: 07, Epoch: 09, Loss: 0.3765
Run: 07, Epoch: 10, Loss: 0.3767
Run: 07, Epoch: 10, Train: 91.19%, Valid: 90.92% Test: 77.72%
Run: 07, Epoch: 11, Loss: 0.3678
Run: 07, Epoch: 12, Loss: 0.3615
Run: 07, Epoch: 12, Train: 91.52%, Valid: 91.13% Test: 78.27%
Run: 07, Epoch: 13, Loss: 0.3566
Run: 07, Epoch: 14, Loss: 0.3545
Run: 07, Epoch: 14, Train: 91.74%, Valid: 91.27% Test: 78.82%
Run: 07, Epoch: 15, Loss: 0.3503
Run: 07, Epoch: 16, Loss: 0.3561
Run: 07, Epoch: 16, Train: 91.81%, Valid: 91.06% Test: 77.56%
Run: 07, Epoch: 17, Loss: 0.3506
Run: 07, Epoch: 18, Loss: 0.3487
Run: 07, Epoch: 18, Train: 92.03%, Valid: 91.40% Test: 78.89%
Run: 07, Epoch: 19, Loss: 0.3457
Run: 07, Epoch: 20, Loss: 0.3439
Run: 07, Epoch: 20, Train: 92.19%, Valid: 91.38% Test: 78.43%
Run 07:
Highest Train: 92.19
Highest Valid: 91.40
  Final Train: 92.03
   Final Test: 78.89
Run: 08, Epoch: 01, Loss: 1.2608
Run: 08, Epoch: 02, Loss: 0.5391
Run: 08, Epoch: 03, Loss: 0.4668
Run: 08, Epoch: 04, Loss: 0.4325
Run: 08, Epoch: 05, Loss: 0.4129
Run: 08, Epoch: 06, Loss: 0.3963
Run: 08, Epoch: 07, Loss: 0.3825
Run: 08, Epoch: 08, Loss: 0.3819
Run: 08, Epoch: 09, Loss: 0.3743
Run: 08, Epoch: 10, Loss: 0.3691
Run: 08, Epoch: 10, Train: 91.23%, Valid: 90.98% Test: 78.16%
Run: 08, Epoch: 11, Loss: 0.3669
Run: 08, Epoch: 12, Loss: 0.3578
Run: 08, Epoch: 12, Train: 91.56%, Valid: 91.15% Test: 78.88%
Run: 08, Epoch: 13, Loss: 0.3538
Run: 08, Epoch: 14, Loss: 0.3524
Run: 08, Epoch: 14, Train: 91.72%, Valid: 91.27% Test: 78.69%
Run: 08, Epoch: 15, Loss: 0.3471
Run: 08, Epoch: 16, Loss: 0.3478
Run: 08, Epoch: 16, Train: 91.82%, Valid: 91.25% Test: 78.64%
Run: 08, Epoch: 17, Loss: 0.3451
Run: 08, Epoch: 18, Loss: 0.3493
Run: 08, Epoch: 18, Train: 92.00%, Valid: 91.42% Test: 78.72%
Run: 08, Epoch: 19, Loss: 0.3390
Run: 08, Epoch: 20, Loss: 0.3410
Run: 08, Epoch: 20, Train: 91.95%, Valid: 91.37% Test: 78.43%
Run 08:
Highest Train: 92.00
Highest Valid: 91.42
  Final Train: 92.00
   Final Test: 78.72
Run: 09, Epoch: 01, Loss: 1.3551
Run: 09, Epoch: 02, Loss: 0.5485
Run: 09, Epoch: 03, Loss: 0.4704
Run: 09, Epoch: 04, Loss: 0.4359
Run: 09, Epoch: 05, Loss: 0.4152
Run: 09, Epoch: 06, Loss: 0.3977
Run: 09, Epoch: 07, Loss: 0.3907
Run: 09, Epoch: 08, Loss: 0.3789
Run: 09, Epoch: 09, Loss: 0.3730
Run: 09, Epoch: 10, Loss: 0.3657
Run: 09, Epoch: 10, Train: 91.36%, Valid: 90.94% Test: 77.21%
Run: 09, Epoch: 11, Loss: 0.3611
Run: 09, Epoch: 12, Loss: 0.3547
Run: 09, Epoch: 12, Train: 91.61%, Valid: 91.12% Test: 78.00%
Run: 09, Epoch: 13, Loss: 0.3530
Run: 09, Epoch: 14, Loss: 0.3541
Run: 09, Epoch: 14, Train: 91.58%, Valid: 91.06% Test: 77.52%
Run: 09, Epoch: 15, Loss: 0.3531
Run: 09, Epoch: 16, Loss: 0.3471
Run: 09, Epoch: 16, Train: 91.82%, Valid: 91.24% Test: 78.31%
Run: 09, Epoch: 17, Loss: 0.3387
Run: 09, Epoch: 18, Loss: 0.3407
Run: 09, Epoch: 18, Train: 92.06%, Valid: 91.10% Test: 78.39%
Run: 09, Epoch: 19, Loss: 0.3378
Run: 09, Epoch: 20, Loss: 0.3389
Run: 09, Epoch: 20, Train: 92.05%, Valid: 91.34% Test: 78.55%
Run 09:
Highest Train: 92.06
Highest Valid: 91.34
  Final Train: 92.05
   Final Test: 78.55
Run: 10, Epoch: 01, Loss: 1.3748
Run: 10, Epoch: 02, Loss: 0.5582
Run: 10, Epoch: 03, Loss: 0.4757
Run: 10, Epoch: 04, Loss: 0.4429
Run: 10, Epoch: 05, Loss: 0.4239
Run: 10, Epoch: 06, Loss: 0.4055
Run: 10, Epoch: 07, Loss: 0.3886
Run: 10, Epoch: 08, Loss: 0.3836
Run: 10, Epoch: 09, Loss: 0.3772
Run: 10, Epoch: 10, Loss: 0.3707
Run: 10, Epoch: 10, Train: 91.42%, Valid: 91.19% Test: 77.54%
Run: 10, Epoch: 11, Loss: 0.3624
Run: 10, Epoch: 12, Loss: 0.3599
Run: 10, Epoch: 12, Train: 91.58%, Valid: 91.18% Test: 78.44%
Run: 10, Epoch: 13, Loss: 0.3581
Run: 10, Epoch: 14, Loss: 0.3514
Run: 10, Epoch: 14, Train: 91.60%, Valid: 91.07% Test: 78.39%
Run: 10, Epoch: 15, Loss: 0.3533
Run: 10, Epoch: 16, Loss: 0.3450
Run: 10, Epoch: 16, Train: 91.86%, Valid: 91.25% Test: 78.93%
Run: 10, Epoch: 17, Loss: 0.3434
Run: 10, Epoch: 18, Loss: 0.3453
Run: 10, Epoch: 18, Train: 91.98%, Valid: 91.23% Test: 79.10%
Run: 10, Epoch: 19, Loss: 0.3450
Run: 10, Epoch: 20, Loss: 0.3458
Run: 10, Epoch: 20, Train: 92.09%, Valid: 91.33% Test: 78.74%
Run 10:
Highest Train: 92.09
Highest Valid: 91.33
  Final Train: 92.09
   Final Test: 78.74
All runs:
Highest Train: 92.06 ± 0.10
Highest Valid: 91.34 ± 0.06
  Final Train: 91.97 ± 0.09
   Final Test: 78.53 ± 0.46
