Namespace(device=0, log_steps=1, inductive=False, num_layers=3, hidden_channels=256, dropout=0.5, batch_size=20000, walk_length=3, lr=0.01, num_steps=30, epochs=20, eval_steps=2, runs=10, rsv=0.55, al='el2n', alpha=0.8)
tensor([ 99311, 131369, 191273,  ...,  70314,  86533, 156211]) 108138
tensor([222340, 232877, 217134,  ..., 198324, 225907, 225407]) 21627
Run: 01, Epoch: 01, Loss: 1.4400
Run: 01, Epoch: 02, Loss: 0.6121
Run: 01, Epoch: 03, Loss: 0.5228
Run: 01, Epoch: 04, Loss: 0.4845
Run: 01, Epoch: 05, Loss: 0.4647
Run: 01, Epoch: 06, Loss: 0.4462
Run: 01, Epoch: 07, Loss: 0.4308
Run: 01, Epoch: 08, Loss: 0.4256
Run: 01, Epoch: 09, Loss: 0.4163
Run: 01, Epoch: 10, Loss: 0.4163
Run: 01, Epoch: 10, Train: 90.31%, Valid: 91.23% Test: 78.50%
Run: 01, Epoch: 11, Loss: 0.4082
Run: 01, Epoch: 12, Loss: 0.3976
Run: 01, Epoch: 12, Train: 90.61%, Valid: 91.12% Test: 78.40%
Run: 01, Epoch: 13, Loss: 0.3962
Run: 01, Epoch: 14, Loss: 0.3948
Run: 01, Epoch: 14, Train: 90.65%, Valid: 91.16% Test: 79.01%
Run: 01, Epoch: 15, Loss: 0.3917
Run: 01, Epoch: 16, Loss: 0.3886
Run: 01, Epoch: 16, Train: 90.88%, Valid: 91.33% Test: 79.01%
Run: 01, Epoch: 17, Loss: 0.3839
Run: 01, Epoch: 18, Loss: 0.3858
Run: 01, Epoch: 18, Train: 91.01%, Valid: 91.32% Test: 78.55%
Run: 01, Epoch: 19, Loss: 0.3821
Run: 01, Epoch: 20, Loss: 0.3820
Run: 01, Epoch: 20, Train: 91.18%, Valid: 91.36% Test: 78.76%
Run 01:
Highest Train: 91.18
Highest Valid: 91.36
  Final Train: 91.18
   Final Test: 78.76
Run: 02, Epoch: 01, Loss: 1.5529
Run: 02, Epoch: 02, Loss: 0.6223
Run: 02, Epoch: 03, Loss: 0.5340
Run: 02, Epoch: 04, Loss: 0.4926
Run: 02, Epoch: 05, Loss: 0.4674
Run: 02, Epoch: 06, Loss: 0.4513
Run: 02, Epoch: 07, Loss: 0.4378
Run: 02, Epoch: 08, Loss: 0.4293
Run: 02, Epoch: 09, Loss: 0.4251
Run: 02, Epoch: 10, Loss: 0.4148
Run: 02, Epoch: 10, Train: 90.29%, Valid: 91.11% Test: 78.71%
Run: 02, Epoch: 11, Loss: 0.4082
Run: 02, Epoch: 12, Loss: 0.4099
Run: 02, Epoch: 12, Train: 90.61%, Valid: 91.22% Test: 78.37%
Run: 02, Epoch: 13, Loss: 0.4000
Run: 02, Epoch: 14, Loss: 0.3966
Run: 02, Epoch: 14, Train: 90.70%, Valid: 91.19% Test: 78.51%
Run: 02, Epoch: 15, Loss: 0.3950
Run: 02, Epoch: 16, Loss: 0.3901
Run: 02, Epoch: 16, Train: 90.87%, Valid: 91.45% Test: 79.04%
Run: 02, Epoch: 17, Loss: 0.3909
Run: 02, Epoch: 18, Loss: 0.3864
Run: 02, Epoch: 18, Train: 91.06%, Valid: 91.28% Test: 78.15%
Run: 02, Epoch: 19, Loss: 0.3832
Run: 02, Epoch: 20, Loss: 0.3875
Run: 02, Epoch: 20, Train: 90.80%, Valid: 91.28% Test: 78.75%
Run 02:
Highest Train: 91.06
Highest Valid: 91.45
  Final Train: 90.87
   Final Test: 79.04
Run: 03, Epoch: 01, Loss: 1.5072
Run: 03, Epoch: 02, Loss: 0.6198
Run: 03, Epoch: 03, Loss: 0.5342
Run: 03, Epoch: 04, Loss: 0.4982
Run: 03, Epoch: 05, Loss: 0.4717
Run: 03, Epoch: 06, Loss: 0.4560
Run: 03, Epoch: 07, Loss: 0.4415
Run: 03, Epoch: 08, Loss: 0.4336
Run: 03, Epoch: 09, Loss: 0.4242
Run: 03, Epoch: 10, Loss: 0.4142
Run: 03, Epoch: 10, Train: 90.11%, Valid: 90.93% Test: 78.50%
Run: 03, Epoch: 11, Loss: 0.4090
Run: 03, Epoch: 12, Loss: 0.4100
Run: 03, Epoch: 12, Train: 90.41%, Valid: 91.12% Test: 78.73%
Run: 03, Epoch: 13, Loss: 0.4033
Run: 03, Epoch: 14, Loss: 0.3991
Run: 03, Epoch: 14, Train: 90.54%, Valid: 91.19% Test: 79.09%
Run: 03, Epoch: 15, Loss: 0.3947
Run: 03, Epoch: 16, Loss: 0.3944
Run: 03, Epoch: 16, Train: 90.65%, Valid: 91.42% Test: 78.52%
Run: 03, Epoch: 17, Loss: 0.3936
Run: 03, Epoch: 18, Loss: 0.3931
Run: 03, Epoch: 18, Train: 90.86%, Valid: 91.23% Test: 79.41%
Run: 03, Epoch: 19, Loss: 0.3897
Run: 03, Epoch: 20, Loss: 0.3871
Run: 03, Epoch: 20, Train: 90.96%, Valid: 91.39% Test: 78.64%
Run 03:
Highest Train: 90.96
Highest Valid: 91.42
  Final Train: 90.65
   Final Test: 78.52
Run: 04, Epoch: 01, Loss: 1.4321
Run: 04, Epoch: 02, Loss: 0.6129
Run: 04, Epoch: 03, Loss: 0.5229
Run: 04, Epoch: 04, Loss: 0.4883
Run: 04, Epoch: 05, Loss: 0.4618
Run: 04, Epoch: 06, Loss: 0.4499
Run: 04, Epoch: 07, Loss: 0.4389
Run: 04, Epoch: 08, Loss: 0.4269
Run: 04, Epoch: 09, Loss: 0.4252
Run: 04, Epoch: 10, Loss: 0.4176
Run: 04, Epoch: 10, Train: 90.25%, Valid: 90.97% Test: 78.35%
Run: 04, Epoch: 11, Loss: 0.4094
Run: 04, Epoch: 12, Loss: 0.4001
Run: 04, Epoch: 12, Train: 90.63%, Valid: 91.09% Test: 78.14%
Run: 04, Epoch: 13, Loss: 0.3971
Run: 04, Epoch: 14, Loss: 0.3940
Run: 04, Epoch: 14, Train: 90.77%, Valid: 91.26% Test: 77.58%
Run: 04, Epoch: 15, Loss: 0.3943
Run: 04, Epoch: 16, Loss: 0.3967
Run: 04, Epoch: 16, Train: 90.92%, Valid: 91.46% Test: 78.55%
Run: 04, Epoch: 17, Loss: 0.3896
Run: 04, Epoch: 18, Loss: 0.3890
Run: 04, Epoch: 18, Train: 91.06%, Valid: 91.44% Test: 78.06%
Run: 04, Epoch: 19, Loss: 0.3835
Run: 04, Epoch: 20, Loss: 0.3806
Run: 04, Epoch: 20, Train: 91.10%, Valid: 91.58% Test: 78.88%
Run 04:
Highest Train: 91.10
Highest Valid: 91.58
  Final Train: 91.10
   Final Test: 78.88
Run: 05, Epoch: 01, Loss: 1.3237
Run: 05, Epoch: 02, Loss: 0.5947
Run: 05, Epoch: 03, Loss: 0.5125
Run: 05, Epoch: 04, Loss: 0.4746
Run: 05, Epoch: 05, Loss: 0.4531
Run: 05, Epoch: 06, Loss: 0.4382
Run: 05, Epoch: 07, Loss: 0.4283
Run: 05, Epoch: 08, Loss: 0.4183
Run: 05, Epoch: 09, Loss: 0.4129
Run: 05, Epoch: 10, Loss: 0.4058
Run: 05, Epoch: 10, Train: 90.30%, Valid: 91.01% Test: 78.10%
Run: 05, Epoch: 11, Loss: 0.4026
Run: 05, Epoch: 12, Loss: 0.3951
Run: 05, Epoch: 12, Train: 90.66%, Valid: 91.27% Test: 77.99%
Run: 05, Epoch: 13, Loss: 0.3929
Run: 05, Epoch: 14, Loss: 0.3921
Run: 05, Epoch: 14, Train: 90.79%, Valid: 91.33% Test: 77.95%
Run: 05, Epoch: 15, Loss: 0.3880
Run: 05, Epoch: 16, Loss: 0.3836
Run: 05, Epoch: 16, Train: 90.85%, Valid: 91.39% Test: 78.57%
Run: 05, Epoch: 17, Loss: 0.3807
Run: 05, Epoch: 18, Loss: 0.3795
Run: 05, Epoch: 18, Train: 91.07%, Valid: 91.25% Test: 78.09%
Run: 05, Epoch: 19, Loss: 0.3763
Run: 05, Epoch: 20, Loss: 0.3800
Run: 05, Epoch: 20, Train: 91.23%, Valid: 91.43% Test: 79.03%
Run 05:
Highest Train: 91.23
Highest Valid: 91.43
  Final Train: 91.23
   Final Test: 79.03
Run: 06, Epoch: 01, Loss: 1.3472
Run: 06, Epoch: 02, Loss: 0.5951
Run: 06, Epoch: 03, Loss: 0.5177
Run: 06, Epoch: 04, Loss: 0.4728
Run: 06, Epoch: 05, Loss: 0.4597
Run: 06, Epoch: 06, Loss: 0.4483
Run: 06, Epoch: 07, Loss: 0.4336
Run: 06, Epoch: 08, Loss: 0.4233
Run: 06, Epoch: 09, Loss: 0.4161
Run: 06, Epoch: 10, Loss: 0.4110
Run: 06, Epoch: 10, Train: 90.45%, Valid: 91.12% Test: 78.28%
Run: 06, Epoch: 11, Loss: 0.4016
Run: 06, Epoch: 12, Loss: 0.4006
Run: 06, Epoch: 12, Train: 90.74%, Valid: 91.16% Test: 78.39%
Run: 06, Epoch: 13, Loss: 0.3951
Run: 06, Epoch: 14, Loss: 0.3902
Run: 06, Epoch: 14, Train: 90.84%, Valid: 91.43% Test: 78.85%
Run: 06, Epoch: 15, Loss: 0.3868
Run: 06, Epoch: 16, Loss: 0.3863
Run: 06, Epoch: 16, Train: 90.93%, Valid: 91.38% Test: 78.85%
Run: 06, Epoch: 17, Loss: 0.3854
Run: 06, Epoch: 18, Loss: 0.3806
Run: 06, Epoch: 18, Train: 91.04%, Valid: 91.40% Test: 78.67%
Run: 06, Epoch: 19, Loss: 0.3800
Run: 06, Epoch: 20, Loss: 0.3795
Run: 06, Epoch: 20, Train: 91.39%, Valid: 91.46% Test: 78.44%
Run 06:
Highest Train: 91.39
Highest Valid: 91.46
  Final Train: 91.39
   Final Test: 78.44
Run: 07, Epoch: 01, Loss: 1.4899
Run: 07, Epoch: 02, Loss: 0.6164
Run: 07, Epoch: 03, Loss: 0.5335
Run: 07, Epoch: 04, Loss: 0.4893
Run: 07, Epoch: 05, Loss: 0.4643
Run: 07, Epoch: 06, Loss: 0.4489
Run: 07, Epoch: 07, Loss: 0.4346
Run: 07, Epoch: 08, Loss: 0.4233
Run: 07, Epoch: 09, Loss: 0.4164
Run: 07, Epoch: 10, Loss: 0.4158
Run: 07, Epoch: 10, Train: 90.21%, Valid: 90.90% Test: 78.28%
Run: 07, Epoch: 11, Loss: 0.4082
Run: 07, Epoch: 12, Loss: 0.4034
Run: 07, Epoch: 12, Train: 90.39%, Valid: 91.15% Test: 78.08%
Run: 07, Epoch: 13, Loss: 0.3954
Run: 07, Epoch: 14, Loss: 0.3930
Run: 07, Epoch: 14, Train: 90.85%, Valid: 91.30% Test: 78.80%
Run: 07, Epoch: 15, Loss: 0.3888
Run: 07, Epoch: 16, Loss: 0.3924
Run: 07, Epoch: 16, Train: 90.99%, Valid: 91.36% Test: 77.97%
Run: 07, Epoch: 17, Loss: 0.3886
Run: 07, Epoch: 18, Loss: 0.3851
Run: 07, Epoch: 18, Train: 91.11%, Valid: 91.56% Test: 78.88%
Run: 07, Epoch: 19, Loss: 0.3821
Run: 07, Epoch: 20, Loss: 0.3804
Run: 07, Epoch: 20, Train: 91.31%, Valid: 91.40% Test: 78.50%
Run 07:
Highest Train: 91.31
Highest Valid: 91.56
  Final Train: 91.11
   Final Test: 78.88
Run: 08, Epoch: 01, Loss: 1.2855
Run: 08, Epoch: 02, Loss: 0.5916
Run: 08, Epoch: 03, Loss: 0.5113
Run: 08, Epoch: 04, Loss: 0.4743
Run: 08, Epoch: 05, Loss: 0.4548
Run: 08, Epoch: 06, Loss: 0.4368
Run: 08, Epoch: 07, Loss: 0.4205
Run: 08, Epoch: 08, Loss: 0.4229
Run: 08, Epoch: 09, Loss: 0.4144
Run: 08, Epoch: 10, Loss: 0.4097
Run: 08, Epoch: 10, Train: 90.37%, Valid: 91.22% Test: 77.98%
Run: 08, Epoch: 11, Loss: 0.4074
Run: 08, Epoch: 12, Loss: 0.3976
Run: 08, Epoch: 12, Train: 90.64%, Valid: 91.28% Test: 79.15%
Run: 08, Epoch: 13, Loss: 0.3907
Run: 08, Epoch: 14, Loss: 0.3910
Run: 08, Epoch: 14, Train: 90.80%, Valid: 91.43% Test: 78.17%
Run: 08, Epoch: 15, Loss: 0.3847
Run: 08, Epoch: 16, Loss: 0.3865
Run: 08, Epoch: 16, Train: 90.82%, Valid: 91.44% Test: 78.81%
Run: 08, Epoch: 17, Loss: 0.3812
Run: 08, Epoch: 18, Loss: 0.3868
Run: 08, Epoch: 18, Train: 91.00%, Valid: 91.36% Test: 78.16%
Run: 08, Epoch: 19, Loss: 0.3771
Run: 08, Epoch: 20, Loss: 0.3803
Run: 08, Epoch: 20, Train: 91.08%, Valid: 91.41% Test: 78.77%
Run 08:
Highest Train: 91.08
Highest Valid: 91.44
  Final Train: 90.82
   Final Test: 78.81
Run: 09, Epoch: 01, Loss: 1.3877
Run: 09, Epoch: 02, Loss: 0.5979
Run: 09, Epoch: 03, Loss: 0.5166
Run: 09, Epoch: 04, Loss: 0.4796
Run: 09, Epoch: 05, Loss: 0.4603
Run: 09, Epoch: 06, Loss: 0.4406
Run: 09, Epoch: 07, Loss: 0.4320
Run: 09, Epoch: 08, Loss: 0.4215
Run: 09, Epoch: 09, Loss: 0.4194
Run: 09, Epoch: 10, Loss: 0.4094
Run: 09, Epoch: 10, Train: 90.22%, Valid: 91.00% Test: 77.38%
Run: 09, Epoch: 11, Loss: 0.4019
Run: 09, Epoch: 12, Loss: 0.3957
Run: 09, Epoch: 12, Train: 90.57%, Valid: 91.24% Test: 78.25%
Run: 09, Epoch: 13, Loss: 0.3964
Run: 09, Epoch: 14, Loss: 0.3979
Run: 09, Epoch: 14, Train: 90.73%, Valid: 91.29% Test: 77.68%
Run: 09, Epoch: 15, Loss: 0.3917
Run: 09, Epoch: 16, Loss: 0.3889
Run: 09, Epoch: 16, Train: 90.91%, Valid: 91.32% Test: 78.31%
Run: 09, Epoch: 17, Loss: 0.3833
Run: 09, Epoch: 18, Loss: 0.3869
Run: 09, Epoch: 18, Train: 91.02%, Valid: 91.31% Test: 77.92%
Run: 09, Epoch: 19, Loss: 0.3812
Run: 09, Epoch: 20, Loss: 0.3816
Run: 09, Epoch: 20, Train: 91.23%, Valid: 91.34% Test: 78.44%
Run 09:
Highest Train: 91.23
Highest Valid: 91.34
  Final Train: 91.23
   Final Test: 78.44
Run: 10, Epoch: 01, Loss: 1.4194
Run: 10, Epoch: 02, Loss: 0.6073
Run: 10, Epoch: 03, Loss: 0.5219
Run: 10, Epoch: 04, Loss: 0.4879
Run: 10, Epoch: 05, Loss: 0.4664
Run: 10, Epoch: 06, Loss: 0.4471
Run: 10, Epoch: 07, Loss: 0.4290
Run: 10, Epoch: 08, Loss: 0.4260
Run: 10, Epoch: 09, Loss: 0.4210
Run: 10, Epoch: 10, Loss: 0.4112
Run: 10, Epoch: 10, Train: 90.33%, Valid: 91.12% Test: 77.74%
Run: 10, Epoch: 11, Loss: 0.4034
Run: 10, Epoch: 12, Loss: 0.4012
Run: 10, Epoch: 12, Train: 90.51%, Valid: 91.28% Test: 78.47%
Run: 10, Epoch: 13, Loss: 0.3988
Run: 10, Epoch: 14, Loss: 0.3921
Run: 10, Epoch: 14, Train: 90.69%, Valid: 91.20% Test: 79.03%
Run: 10, Epoch: 15, Loss: 0.3951
Run: 10, Epoch: 16, Loss: 0.3876
Run: 10, Epoch: 16, Train: 90.89%, Valid: 91.23% Test: 78.24%
Run: 10, Epoch: 17, Loss: 0.3842
Run: 10, Epoch: 18, Loss: 0.3882
Run: 10, Epoch: 18, Train: 91.08%, Valid: 91.36% Test: 79.04%
Run: 10, Epoch: 19, Loss: 0.3837
Run: 10, Epoch: 20, Loss: 0.3857
Run: 10, Epoch: 20, Train: 91.18%, Valid: 91.33% Test: 78.42%
Run 10:
Highest Train: 91.18
Highest Valid: 91.36
  Final Train: 91.08
   Final Test: 79.04
All runs:
Highest Train: 91.17 ± 0.13
Highest Valid: 91.44 ± 0.08
  Final Train: 91.07 ± 0.22
   Final Test: 78.78 ± 0.24
