Namespace(device=0, log_steps=1, inductive=False, num_layers=3, hidden_channels=256, dropout=0.5, batch_size=20000, walk_length=3, lr=0.01, num_steps=30, epochs=20, eval_steps=2, runs=10, rsv=0.55, al='el2n', alpha=0.7)
tensor([ 99311, 131369,  15223,  ..., 148549,  61532, 131016]) 108139
tensor([222340, 232877, 217134,  ..., 198324, 225907, 225407]) 21627
Run: 01, Epoch: 01, Loss: 1.5173
Run: 01, Epoch: 02, Loss: 0.6804
Run: 01, Epoch: 03, Loss: 0.5862
Run: 01, Epoch: 04, Loss: 0.5445
Run: 01, Epoch: 05, Loss: 0.5224
Run: 01, Epoch: 06, Loss: 0.5052
Run: 01, Epoch: 07, Loss: 0.4906
Run: 01, Epoch: 08, Loss: 0.4820
Run: 01, Epoch: 09, Loss: 0.4743
Run: 01, Epoch: 10, Loss: 0.4710
Run: 01, Epoch: 10, Train: 89.08%, Valid: 91.19% Test: 78.31%
Run: 01, Epoch: 11, Loss: 0.4622
Run: 01, Epoch: 12, Loss: 0.4532
Run: 01, Epoch: 12, Train: 89.39%, Valid: 91.38% Test: 78.36%
Run: 01, Epoch: 13, Loss: 0.4552
Run: 01, Epoch: 14, Loss: 0.4496
Run: 01, Epoch: 14, Train: 89.53%, Valid: 91.30% Test: 79.04%
Run: 01, Epoch: 15, Loss: 0.4475
Run: 01, Epoch: 16, Loss: 0.4428
Run: 01, Epoch: 16, Train: 89.80%, Valid: 91.49% Test: 78.88%
Run: 01, Epoch: 17, Loss: 0.4368
Run: 01, Epoch: 18, Loss: 0.4391
Run: 01, Epoch: 18, Train: 89.88%, Valid: 91.53% Test: 78.01%
Run: 01, Epoch: 19, Loss: 0.4358
Run: 01, Epoch: 20, Loss: 0.4359
Run: 01, Epoch: 20, Train: 90.02%, Valid: 91.42% Test: 78.71%
Run 01:
Highest Train: 90.02
Highest Valid: 91.53
  Final Train: 89.88
   Final Test: 78.01
Run: 02, Epoch: 01, Loss: 1.5337
Run: 02, Epoch: 02, Loss: 0.6795
Run: 02, Epoch: 03, Loss: 0.5893
Run: 02, Epoch: 04, Loss: 0.5497
Run: 02, Epoch: 05, Loss: 0.5215
Run: 02, Epoch: 06, Loss: 0.5041
Run: 02, Epoch: 07, Loss: 0.4904
Run: 02, Epoch: 08, Loss: 0.4827
Run: 02, Epoch: 09, Loss: 0.4771
Run: 02, Epoch: 10, Loss: 0.4666
Run: 02, Epoch: 10, Train: 89.04%, Valid: 91.20% Test: 78.38%
Run: 02, Epoch: 11, Loss: 0.4565
Run: 02, Epoch: 12, Loss: 0.4588
Run: 02, Epoch: 12, Train: 89.40%, Valid: 91.26% Test: 78.41%
Run: 02, Epoch: 13, Loss: 0.4520
Run: 02, Epoch: 14, Loss: 0.4496
Run: 02, Epoch: 14, Train: 89.48%, Valid: 91.31% Test: 78.39%
Run: 02, Epoch: 15, Loss: 0.4505
Run: 02, Epoch: 16, Loss: 0.4447
Run: 02, Epoch: 16, Train: 89.70%, Valid: 91.38% Test: 78.90%
Run: 02, Epoch: 17, Loss: 0.4445
Run: 02, Epoch: 18, Loss: 0.4387
Run: 02, Epoch: 18, Train: 89.89%, Valid: 91.31% Test: 78.14%
Run: 02, Epoch: 19, Loss: 0.4331
Run: 02, Epoch: 20, Loss: 0.4374
Run: 02, Epoch: 20, Train: 89.72%, Valid: 91.39% Test: 78.45%
Run 02:
Highest Train: 89.89
Highest Valid: 91.39
  Final Train: 89.72
   Final Test: 78.45
Run: 03, Epoch: 01, Loss: 1.5612
Run: 03, Epoch: 02, Loss: 0.6849
Run: 03, Epoch: 03, Loss: 0.5938
Run: 03, Epoch: 04, Loss: 0.5556
Run: 03, Epoch: 05, Loss: 0.5258
Run: 03, Epoch: 06, Loss: 0.5095
Run: 03, Epoch: 07, Loss: 0.4930
Run: 03, Epoch: 08, Loss: 0.4859
Run: 03, Epoch: 09, Loss: 0.4742
Run: 03, Epoch: 10, Loss: 0.4651
Run: 03, Epoch: 10, Train: 88.95%, Valid: 91.08% Test: 78.59%
Run: 03, Epoch: 11, Loss: 0.4631
Run: 03, Epoch: 12, Loss: 0.4592
Run: 03, Epoch: 12, Train: 89.34%, Valid: 91.32% Test: 78.90%
Run: 03, Epoch: 13, Loss: 0.4549
Run: 03, Epoch: 14, Loss: 0.4517
Run: 03, Epoch: 14, Train: 89.45%, Valid: 91.31% Test: 79.15%
Run: 03, Epoch: 15, Loss: 0.4508
Run: 03, Epoch: 16, Loss: 0.4495
Run: 03, Epoch: 16, Train: 89.59%, Valid: 91.33% Test: 78.10%
Run: 03, Epoch: 17, Loss: 0.4459
Run: 03, Epoch: 18, Loss: 0.4452
Run: 03, Epoch: 18, Train: 89.67%, Valid: 91.27% Test: 79.24%
Run: 03, Epoch: 19, Loss: 0.4442
Run: 03, Epoch: 20, Loss: 0.4384
Run: 03, Epoch: 20, Train: 89.81%, Valid: 91.53% Test: 78.55%
Run 03:
Highest Train: 89.81
Highest Valid: 91.53
  Final Train: 89.81
   Final Test: 78.55
Run: 04, Epoch: 01, Loss: 1.4788
Run: 04, Epoch: 02, Loss: 0.6749
Run: 04, Epoch: 03, Loss: 0.5808
Run: 04, Epoch: 04, Loss: 0.5438
Run: 04, Epoch: 05, Loss: 0.5189
Run: 04, Epoch: 06, Loss: 0.5075
Run: 04, Epoch: 07, Loss: 0.4930
Run: 04, Epoch: 08, Loss: 0.4790
Run: 04, Epoch: 09, Loss: 0.4742
Run: 04, Epoch: 10, Loss: 0.4676
Run: 04, Epoch: 10, Train: 89.11%, Valid: 91.22% Test: 79.04%
Run: 04, Epoch: 11, Loss: 0.4585
Run: 04, Epoch: 12, Loss: 0.4531
Run: 04, Epoch: 12, Train: 89.54%, Valid: 91.35% Test: 78.45%
Run: 04, Epoch: 13, Loss: 0.4518
Run: 04, Epoch: 14, Loss: 0.4449
Run: 04, Epoch: 14, Train: 89.61%, Valid: 91.39% Test: 77.69%
Run: 04, Epoch: 15, Loss: 0.4451
Run: 04, Epoch: 16, Loss: 0.4487
Run: 04, Epoch: 16, Train: 89.79%, Valid: 91.43% Test: 79.07%
Run: 04, Epoch: 17, Loss: 0.4413
Run: 04, Epoch: 18, Loss: 0.4393
Run: 04, Epoch: 18, Train: 90.05%, Valid: 91.52% Test: 78.34%
Run: 04, Epoch: 19, Loss: 0.4362
Run: 04, Epoch: 20, Loss: 0.4323
Run: 04, Epoch: 20, Train: 90.09%, Valid: 91.22% Test: 78.43%
Run 04:
Highest Train: 90.09
Highest Valid: 91.52
  Final Train: 90.05
   Final Test: 78.34
Run: 05, Epoch: 01, Loss: 1.3909
Run: 05, Epoch: 02, Loss: 0.6611
Run: 05, Epoch: 03, Loss: 0.5752
Run: 05, Epoch: 04, Loss: 0.5349
Run: 05, Epoch: 05, Loss: 0.5091
Run: 05, Epoch: 06, Loss: 0.4950
Run: 05, Epoch: 07, Loss: 0.4865
Run: 05, Epoch: 08, Loss: 0.4752
Run: 05, Epoch: 09, Loss: 0.4689
Run: 05, Epoch: 10, Loss: 0.4601
Run: 05, Epoch: 10, Train: 89.14%, Valid: 90.97% Test: 78.15%
Run: 05, Epoch: 11, Loss: 0.4550
Run: 05, Epoch: 12, Loss: 0.4503
Run: 05, Epoch: 12, Train: 89.43%, Valid: 91.11% Test: 78.28%
Run: 05, Epoch: 13, Loss: 0.4481
Run: 05, Epoch: 14, Loss: 0.4427
Run: 05, Epoch: 14, Train: 89.75%, Valid: 91.50% Test: 78.13%
Run: 05, Epoch: 15, Loss: 0.4393
Run: 05, Epoch: 16, Loss: 0.4401
Run: 05, Epoch: 16, Train: 89.68%, Valid: 91.42% Test: 78.32%
Run: 05, Epoch: 17, Loss: 0.4350
Run: 05, Epoch: 18, Loss: 0.4332
Run: 05, Epoch: 18, Train: 89.83%, Valid: 91.33% Test: 77.96%
Run: 05, Epoch: 19, Loss: 0.4279
Run: 05, Epoch: 20, Loss: 0.4329
Run: 05, Epoch: 20, Train: 90.05%, Valid: 91.35% Test: 78.47%
Run 05:
Highest Train: 90.05
Highest Valid: 91.50
  Final Train: 89.75
   Final Test: 78.13
Run: 06, Epoch: 01, Loss: 1.4078
Run: 06, Epoch: 02, Loss: 0.6590
Run: 06, Epoch: 03, Loss: 0.5829
Run: 06, Epoch: 04, Loss: 0.5351
Run: 06, Epoch: 05, Loss: 0.5165
Run: 06, Epoch: 06, Loss: 0.5019
Run: 06, Epoch: 07, Loss: 0.4868
Run: 06, Epoch: 08, Loss: 0.4778
Run: 06, Epoch: 09, Loss: 0.4649
Run: 06, Epoch: 10, Loss: 0.4620
Run: 06, Epoch: 10, Train: 89.33%, Valid: 91.31% Test: 79.11%
Run: 06, Epoch: 11, Loss: 0.4550
Run: 06, Epoch: 12, Loss: 0.4540
Run: 06, Epoch: 12, Train: 89.64%, Valid: 91.34% Test: 78.57%
Run: 06, Epoch: 13, Loss: 0.4469
Run: 06, Epoch: 14, Loss: 0.4394
Run: 06, Epoch: 14, Train: 89.57%, Valid: 91.24% Test: 78.97%
Run: 06, Epoch: 15, Loss: 0.4429
Run: 06, Epoch: 16, Loss: 0.4393
Run: 06, Epoch: 16, Train: 89.75%, Valid: 91.52% Test: 79.07%
Run: 06, Epoch: 17, Loss: 0.4386
Run: 06, Epoch: 18, Loss: 0.4355
Run: 06, Epoch: 18, Train: 89.98%, Valid: 91.64% Test: 78.46%
Run: 06, Epoch: 19, Loss: 0.4348
Run: 06, Epoch: 20, Loss: 0.4331
Run: 06, Epoch: 20, Train: 90.22%, Valid: 91.70% Test: 78.79%
Run 06:
Highest Train: 90.22
Highest Valid: 91.70
  Final Train: 90.22
   Final Test: 78.79
Run: 07, Epoch: 01, Loss: 1.5005
Run: 07, Epoch: 02, Loss: 0.6793
Run: 07, Epoch: 03, Loss: 0.5966
Run: 07, Epoch: 04, Loss: 0.5451
Run: 07, Epoch: 05, Loss: 0.5211
Run: 07, Epoch: 06, Loss: 0.5054
Run: 07, Epoch: 07, Loss: 0.4913
Run: 07, Epoch: 08, Loss: 0.4802
Run: 07, Epoch: 09, Loss: 0.4704
Run: 07, Epoch: 10, Loss: 0.4732
Run: 07, Epoch: 10, Train: 89.09%, Valid: 91.15% Test: 78.35%
Run: 07, Epoch: 11, Loss: 0.4627
Run: 07, Epoch: 12, Loss: 0.4546
Run: 07, Epoch: 12, Train: 89.45%, Valid: 91.49% Test: 78.52%
Run: 07, Epoch: 13, Loss: 0.4509
Run: 07, Epoch: 14, Loss: 0.4482
Run: 07, Epoch: 14, Train: 89.78%, Valid: 91.51% Test: 78.73%
Run: 07, Epoch: 15, Loss: 0.4426
Run: 07, Epoch: 16, Loss: 0.4474
Run: 07, Epoch: 16, Train: 89.78%, Valid: 91.56% Test: 78.00%
Run: 07, Epoch: 17, Loss: 0.4397
Run: 07, Epoch: 18, Loss: 0.4388
Run: 07, Epoch: 18, Train: 89.95%, Valid: 91.66% Test: 78.39%
Run: 07, Epoch: 19, Loss: 0.4351
Run: 07, Epoch: 20, Loss: 0.4317
Run: 07, Epoch: 20, Train: 90.06%, Valid: 91.66% Test: 78.60%
Run 07:
Highest Train: 90.06
Highest Valid: 91.66
  Final Train: 89.95
   Final Test: 78.39
Run: 08, Epoch: 01, Loss: 1.3364
Run: 08, Epoch: 02, Loss: 0.6578
Run: 08, Epoch: 03, Loss: 0.5760
Run: 08, Epoch: 04, Loss: 0.5362
Run: 08, Epoch: 05, Loss: 0.5144
Run: 08, Epoch: 06, Loss: 0.4981
Run: 08, Epoch: 07, Loss: 0.4798
Run: 08, Epoch: 08, Loss: 0.4767
Run: 08, Epoch: 09, Loss: 0.4694
Run: 08, Epoch: 10, Loss: 0.4611
Run: 08, Epoch: 10, Train: 89.05%, Valid: 91.43% Test: 78.27%
Run: 08, Epoch: 11, Loss: 0.4603
Run: 08, Epoch: 12, Loss: 0.4526
Run: 08, Epoch: 12, Train: 89.36%, Valid: 91.40% Test: 78.89%
Run: 08, Epoch: 13, Loss: 0.4465
Run: 08, Epoch: 14, Loss: 0.4464
Run: 08, Epoch: 14, Train: 89.59%, Valid: 91.53% Test: 78.25%
Run: 08, Epoch: 15, Loss: 0.4414
Run: 08, Epoch: 16, Loss: 0.4401
Run: 08, Epoch: 16, Train: 89.84%, Valid: 91.71% Test: 78.05%
Run: 08, Epoch: 17, Loss: 0.4346
Run: 08, Epoch: 18, Loss: 0.4391
Run: 08, Epoch: 18, Train: 90.09%, Valid: 91.53% Test: 78.41%
Run: 08, Epoch: 19, Loss: 0.4283
Run: 08, Epoch: 20, Loss: 0.4323
Run: 08, Epoch: 20, Train: 89.97%, Valid: 91.48% Test: 78.97%
Run 08:
Highest Train: 90.09
Highest Valid: 91.71
  Final Train: 89.84
   Final Test: 78.05
Run: 09, Epoch: 01, Loss: 1.3994
Run: 09, Epoch: 02, Loss: 0.6628
Run: 09, Epoch: 03, Loss: 0.5745
Run: 09, Epoch: 04, Loss: 0.5356
Run: 09, Epoch: 05, Loss: 0.5146
Run: 09, Epoch: 06, Loss: 0.4961
Run: 09, Epoch: 07, Loss: 0.4845
Run: 09, Epoch: 08, Loss: 0.4751
Run: 09, Epoch: 09, Loss: 0.4700
Run: 09, Epoch: 10, Loss: 0.4609
Run: 09, Epoch: 10, Train: 89.24%, Valid: 91.22% Test: 78.06%
Run: 09, Epoch: 11, Loss: 0.4586
Run: 09, Epoch: 12, Loss: 0.4490
Run: 09, Epoch: 12, Train: 89.51%, Valid: 91.32% Test: 77.92%
Run: 09, Epoch: 13, Loss: 0.4491
Run: 09, Epoch: 14, Loss: 0.4505
Run: 09, Epoch: 14, Train: 89.40%, Valid: 91.46% Test: 77.65%
Run: 09, Epoch: 15, Loss: 0.4460
Run: 09, Epoch: 16, Loss: 0.4394
Run: 09, Epoch: 16, Train: 89.83%, Valid: 91.52% Test: 78.52%
Run: 09, Epoch: 17, Loss: 0.4359
Run: 09, Epoch: 18, Loss: 0.4354
Run: 09, Epoch: 18, Train: 90.05%, Valid: 91.53% Test: 78.37%
Run: 09, Epoch: 19, Loss: 0.4294
Run: 09, Epoch: 20, Loss: 0.4282
Run: 09, Epoch: 20, Train: 90.11%, Valid: 91.52% Test: 78.77%
Run 09:
Highest Train: 90.11
Highest Valid: 91.53
  Final Train: 90.05
   Final Test: 78.37
Run: 10, Epoch: 01, Loss: 1.4368
Run: 10, Epoch: 02, Loss: 0.6689
Run: 10, Epoch: 03, Loss: 0.5819
Run: 10, Epoch: 04, Loss: 0.5467
Run: 10, Epoch: 05, Loss: 0.5248
Run: 10, Epoch: 06, Loss: 0.5052
Run: 10, Epoch: 07, Loss: 0.4847
Run: 10, Epoch: 08, Loss: 0.4843
Run: 10, Epoch: 09, Loss: 0.4751
Run: 10, Epoch: 10, Loss: 0.4650
Run: 10, Epoch: 10, Train: 89.19%, Valid: 91.30% Test: 78.20%
Run: 10, Epoch: 11, Loss: 0.4582
Run: 10, Epoch: 12, Loss: 0.4553
Run: 10, Epoch: 12, Train: 89.27%, Valid: 91.38% Test: 78.64%
Run: 10, Epoch: 13, Loss: 0.4527
Run: 10, Epoch: 14, Loss: 0.4449
Run: 10, Epoch: 14, Train: 89.48%, Valid: 91.39% Test: 79.03%
Run: 10, Epoch: 15, Loss: 0.4482
Run: 10, Epoch: 16, Loss: 0.4420
Run: 10, Epoch: 16, Train: 89.71%, Valid: 91.39% Test: 78.25%
Run: 10, Epoch: 17, Loss: 0.4395
Run: 10, Epoch: 18, Loss: 0.4436
Run: 10, Epoch: 18, Train: 89.83%, Valid: 91.52% Test: 79.08%
Run: 10, Epoch: 19, Loss: 0.4407
Run: 10, Epoch: 20, Loss: 0.4391
Run: 10, Epoch: 20, Train: 89.81%, Valid: 91.43% Test: 78.85%
Run 10:
Highest Train: 89.83
Highest Valid: 91.52
  Final Train: 89.83
   Final Test: 79.08
All runs:
Highest Train: 90.02 ± 0.13
Highest Valid: 91.56 ± 0.10
  Final Train: 89.91 ± 0.16
   Final Test: 78.42 ± 0.33
