Namespace(device=0, log_steps=1, inductive=False, num_layers=3, hidden_channels=256, dropout=0.5, batch_size=20000, walk_length=3, lr=0.01, num_steps=30, epochs=20, eval_steps=2, runs=10, rsv=0.5, al='el2n', alpha=0.6)
tensor([ 99311, 131369,  15223,  ..., 185099, 175642,   2331]) 98307
tensor([222340, 232877, 217134,  ..., 214646, 203400, 198653]) 19661
Run: 01, Epoch: 01, Loss: 1.5341
Run: 01, Epoch: 02, Loss: 0.7589
Run: 01, Epoch: 03, Loss: 0.6637
Run: 01, Epoch: 04, Loss: 0.6186
Run: 01, Epoch: 05, Loss: 0.5956
Run: 01, Epoch: 06, Loss: 0.5784
Run: 01, Epoch: 07, Loss: 0.5631
Run: 01, Epoch: 08, Loss: 0.5495
Run: 01, Epoch: 09, Loss: 0.5435
Run: 01, Epoch: 10, Loss: 0.5358
Run: 01, Epoch: 10, Train: 87.53%, Valid: 91.33% Test: 78.24%
Run: 01, Epoch: 11, Loss: 0.5298
Run: 01, Epoch: 12, Loss: 0.5199
Run: 01, Epoch: 12, Train: 87.87%, Valid: 91.37% Test: 78.28%
Run: 01, Epoch: 13, Loss: 0.5165
Run: 01, Epoch: 14, Loss: 0.5183
Run: 01, Epoch: 14, Train: 88.03%, Valid: 91.47% Test: 78.63%
Run: 01, Epoch: 15, Loss: 0.5109
Run: 01, Epoch: 16, Loss: 0.5094
Run: 01, Epoch: 16, Train: 88.15%, Valid: 91.55% Test: 78.66%
Run: 01, Epoch: 17, Loss: 0.5049
Run: 01, Epoch: 18, Loss: 0.5066
Run: 01, Epoch: 18, Train: 88.45%, Valid: 91.73% Test: 78.06%
Run: 01, Epoch: 19, Loss: 0.5023
Run: 01, Epoch: 20, Loss: 0.5028
Run: 01, Epoch: 20, Train: 88.34%, Valid: 91.40% Test: 78.11%
Run 01:
Highest Train: 88.45
Highest Valid: 91.73
  Final Train: 88.45
   Final Test: 78.06
Run: 02, Epoch: 01, Loss: 1.5614
Run: 02, Epoch: 02, Loss: 0.7729
Run: 02, Epoch: 03, Loss: 0.6764
Run: 02, Epoch: 04, Loss: 0.6287
Run: 02, Epoch: 05, Loss: 0.6006
Run: 02, Epoch: 06, Loss: 0.5792
Run: 02, Epoch: 07, Loss: 0.5655
Run: 02, Epoch: 08, Loss: 0.5546
Run: 02, Epoch: 09, Loss: 0.5526
Run: 02, Epoch: 10, Loss: 0.5421
Run: 02, Epoch: 10, Train: 87.32%, Valid: 90.96% Test: 78.42%
Run: 02, Epoch: 11, Loss: 0.5314
Run: 02, Epoch: 12, Loss: 0.5327
Run: 02, Epoch: 12, Train: 87.79%, Valid: 91.21% Test: 78.39%
Run: 02, Epoch: 13, Loss: 0.5228
Run: 02, Epoch: 14, Loss: 0.5216
Run: 02, Epoch: 14, Train: 87.94%, Valid: 91.48% Test: 78.22%
Run: 02, Epoch: 15, Loss: 0.5171
Run: 02, Epoch: 16, Loss: 0.5127
Run: 02, Epoch: 16, Train: 88.31%, Valid: 91.51% Test: 78.30%
Run: 02, Epoch: 17, Loss: 0.5125
Run: 02, Epoch: 18, Loss: 0.5080
Run: 02, Epoch: 18, Train: 88.34%, Valid: 91.38% Test: 78.50%
Run: 02, Epoch: 19, Loss: 0.5033
Run: 02, Epoch: 20, Loss: 0.5021
Run: 02, Epoch: 20, Train: 88.28%, Valid: 91.55% Test: 78.35%
Run 02:
Highest Train: 88.34
Highest Valid: 91.55
  Final Train: 88.28
   Final Test: 78.35
Run: 03, Epoch: 01, Loss: 1.5519
Run: 03, Epoch: 02, Loss: 0.7592
Run: 03, Epoch: 03, Loss: 0.6680
Run: 03, Epoch: 04, Loss: 0.6276
Run: 03, Epoch: 05, Loss: 0.5953
Run: 03, Epoch: 06, Loss: 0.5757
Run: 03, Epoch: 07, Loss: 0.5606
Run: 03, Epoch: 08, Loss: 0.5551
Run: 03, Epoch: 09, Loss: 0.5426
Run: 03, Epoch: 10, Loss: 0.5360
Run: 03, Epoch: 10, Train: 87.36%, Valid: 91.16% Test: 78.76%
Run: 03, Epoch: 11, Loss: 0.5335
Run: 03, Epoch: 12, Loss: 0.5265
Run: 03, Epoch: 12, Train: 87.71%, Valid: 91.53% Test: 78.84%
Run: 03, Epoch: 13, Loss: 0.5249
Run: 03, Epoch: 14, Loss: 0.5213
Run: 03, Epoch: 14, Train: 87.92%, Valid: 91.46% Test: 78.89%
Run: 03, Epoch: 15, Loss: 0.5197
Run: 03, Epoch: 16, Loss: 0.5162
Run: 03, Epoch: 16, Train: 88.13%, Valid: 91.24% Test: 77.93%
Run: 03, Epoch: 17, Loss: 0.5091
Run: 03, Epoch: 18, Loss: 0.5105
Run: 03, Epoch: 18, Train: 88.29%, Valid: 91.35% Test: 78.92%
Run: 03, Epoch: 19, Loss: 0.5072
Run: 03, Epoch: 20, Loss: 0.5051
Run: 03, Epoch: 20, Train: 88.35%, Valid: 91.20% Test: 78.27%
Run 03:
Highest Train: 88.35
Highest Valid: 91.53
  Final Train: 87.71
   Final Test: 78.84
Run: 04, Epoch: 01, Loss: 1.5777
Run: 04, Epoch: 02, Loss: 0.7743
Run: 04, Epoch: 03, Loss: 0.6661
Run: 04, Epoch: 04, Loss: 0.6234
Run: 04, Epoch: 05, Loss: 0.5976
Run: 04, Epoch: 06, Loss: 0.5814
Run: 04, Epoch: 07, Loss: 0.5663
Run: 04, Epoch: 08, Loss: 0.5534
Run: 04, Epoch: 09, Loss: 0.5480
Run: 04, Epoch: 10, Loss: 0.5356
Run: 04, Epoch: 10, Train: 87.45%, Valid: 90.85% Test: 78.51%
Run: 04, Epoch: 11, Loss: 0.5294
Run: 04, Epoch: 12, Loss: 0.5231
Run: 04, Epoch: 12, Train: 87.91%, Valid: 91.04% Test: 78.60%
Run: 04, Epoch: 13, Loss: 0.5222
Run: 04, Epoch: 14, Loss: 0.5171
Run: 04, Epoch: 14, Train: 87.93%, Valid: 91.26% Test: 77.53%
Run: 04, Epoch: 15, Loss: 0.5172
Run: 04, Epoch: 16, Loss: 0.5206
Run: 04, Epoch: 16, Train: 88.20%, Valid: 91.26% Test: 78.91%
Run: 04, Epoch: 17, Loss: 0.5165
Run: 04, Epoch: 18, Loss: 0.5143
Run: 04, Epoch: 18, Train: 88.52%, Valid: 91.45% Test: 78.46%
Run: 04, Epoch: 19, Loss: 0.5036
Run: 04, Epoch: 20, Loss: 0.5002
Run: 04, Epoch: 20, Train: 88.53%, Valid: 91.49% Test: 78.94%
Run 04:
Highest Train: 88.53
Highest Valid: 91.49
  Final Train: 88.53
   Final Test: 78.94
Run: 05, Epoch: 01, Loss: 1.4259
Run: 05, Epoch: 02, Loss: 0.7525
Run: 05, Epoch: 03, Loss: 0.6597
Run: 05, Epoch: 04, Loss: 0.6126
Run: 05, Epoch: 05, Loss: 0.5873
Run: 05, Epoch: 06, Loss: 0.5670
Run: 05, Epoch: 07, Loss: 0.5615
Run: 05, Epoch: 08, Loss: 0.5491
Run: 05, Epoch: 09, Loss: 0.5413
Run: 05, Epoch: 10, Loss: 0.5324
Run: 05, Epoch: 10, Train: 87.58%, Valid: 91.18% Test: 78.28%
Run: 05, Epoch: 11, Loss: 0.5258
Run: 05, Epoch: 12, Loss: 0.5197
Run: 05, Epoch: 12, Train: 88.13%, Valid: 91.38% Test: 78.29%
Run: 05, Epoch: 13, Loss: 0.5168
Run: 05, Epoch: 14, Loss: 0.5137
Run: 05, Epoch: 14, Train: 88.12%, Valid: 91.22% Test: 78.10%
Run: 05, Epoch: 15, Loss: 0.5098
Run: 05, Epoch: 16, Loss: 0.5088
Run: 05, Epoch: 16, Train: 88.20%, Valid: 91.59% Test: 78.62%
Run: 05, Epoch: 17, Loss: 0.4994
Run: 05, Epoch: 18, Loss: 0.5007
Run: 05, Epoch: 18, Train: 88.29%, Valid: 91.31% Test: 78.02%
Run: 05, Epoch: 19, Loss: 0.4973
Run: 05, Epoch: 20, Loss: 0.5021
Run: 05, Epoch: 20, Train: 88.67%, Valid: 91.48% Test: 78.38%
Run 05:
Highest Train: 88.67
Highest Valid: 91.59
  Final Train: 88.20
   Final Test: 78.62
Run: 06, Epoch: 01, Loss: 1.4501
Run: 06, Epoch: 02, Loss: 0.7428
Run: 06, Epoch: 03, Loss: 0.6567
Run: 06, Epoch: 04, Loss: 0.6068
Run: 06, Epoch: 05, Loss: 0.5898
Run: 06, Epoch: 06, Loss: 0.5712
Run: 06, Epoch: 07, Loss: 0.5562
Run: 06, Epoch: 08, Loss: 0.5480
Run: 06, Epoch: 09, Loss: 0.5371
Run: 06, Epoch: 10, Loss: 0.5297
Run: 06, Epoch: 10, Train: 87.55%, Valid: 91.25% Test: 78.87%
Run: 06, Epoch: 11, Loss: 0.5263
Run: 06, Epoch: 12, Loss: 0.5234
Run: 06, Epoch: 12, Train: 88.04%, Valid: 91.25% Test: 78.95%
Run: 06, Epoch: 13, Loss: 0.5158
Run: 06, Epoch: 14, Loss: 0.5085
Run: 06, Epoch: 14, Train: 88.02%, Valid: 91.44% Test: 78.91%
Run: 06, Epoch: 15, Loss: 0.5120
Run: 06, Epoch: 16, Loss: 0.5050
Run: 06, Epoch: 16, Train: 88.13%, Valid: 91.14% Test: 78.59%
Run: 06, Epoch: 17, Loss: 0.5064
Run: 06, Epoch: 18, Loss: 0.5022
Run: 06, Epoch: 18, Train: 88.32%, Valid: 91.47% Test: 78.26%
Run: 06, Epoch: 19, Loss: 0.5010
Run: 06, Epoch: 20, Loss: 0.4990
Run: 06, Epoch: 20, Train: 88.63%, Valid: 91.45% Test: 78.70%
Run 06:
Highest Train: 88.63
Highest Valid: 91.47
  Final Train: 88.32
   Final Test: 78.26
Run: 07, Epoch: 01, Loss: 1.5119
Run: 07, Epoch: 02, Loss: 0.7595
Run: 07, Epoch: 03, Loss: 0.6704
Run: 07, Epoch: 04, Loss: 0.6204
Run: 07, Epoch: 05, Loss: 0.5939
Run: 07, Epoch: 06, Loss: 0.5778
Run: 07, Epoch: 07, Loss: 0.5652
Run: 07, Epoch: 08, Loss: 0.5497
Run: 07, Epoch: 09, Loss: 0.5391
Run: 07, Epoch: 10, Loss: 0.5411
Run: 07, Epoch: 10, Train: 87.50%, Valid: 91.15% Test: 77.96%
Run: 07, Epoch: 11, Loss: 0.5307
Run: 07, Epoch: 12, Loss: 0.5253
Run: 07, Epoch: 12, Train: 87.55%, Valid: 91.25% Test: 78.58%
Run: 07, Epoch: 13, Loss: 0.5201
Run: 07, Epoch: 14, Loss: 0.5170
Run: 07, Epoch: 14, Train: 88.18%, Valid: 91.43% Test: 78.68%
Run: 07, Epoch: 15, Loss: 0.5146
Run: 07, Epoch: 16, Loss: 0.5185
Run: 07, Epoch: 16, Train: 88.46%, Valid: 91.56% Test: 78.11%
Run: 07, Epoch: 17, Loss: 0.5097
Run: 07, Epoch: 18, Loss: 0.5083
Run: 07, Epoch: 18, Train: 88.46%, Valid: 91.59% Test: 78.17%
Run: 07, Epoch: 19, Loss: 0.5069
Run: 07, Epoch: 20, Loss: 0.4976
Run: 07, Epoch: 20, Train: 88.57%, Valid: 91.63% Test: 78.65%
Run 07:
Highest Train: 88.57
Highest Valid: 91.63
  Final Train: 88.57
   Final Test: 78.65
Run: 08, Epoch: 01, Loss: 1.4285
Run: 08, Epoch: 02, Loss: 0.7467
Run: 08, Epoch: 03, Loss: 0.6558
Run: 08, Epoch: 04, Loss: 0.6125
Run: 08, Epoch: 05, Loss: 0.5866
Run: 08, Epoch: 06, Loss: 0.5705
Run: 08, Epoch: 07, Loss: 0.5513
Run: 08, Epoch: 08, Loss: 0.5505
Run: 08, Epoch: 09, Loss: 0.5405
Run: 08, Epoch: 10, Loss: 0.5335
Run: 08, Epoch: 10, Train: 87.61%, Valid: 91.29% Test: 78.24%
Run: 08, Epoch: 11, Loss: 0.5295
Run: 08, Epoch: 12, Loss: 0.5213
Run: 08, Epoch: 12, Train: 87.81%, Valid: 91.28% Test: 78.19%
Run: 08, Epoch: 13, Loss: 0.5147
Run: 08, Epoch: 14, Loss: 0.5113
Run: 08, Epoch: 14, Train: 88.16%, Valid: 91.64% Test: 78.60%
Run: 08, Epoch: 15, Loss: 0.5071
Run: 08, Epoch: 16, Loss: 0.5058
Run: 08, Epoch: 16, Train: 88.31%, Valid: 91.20% Test: 77.77%
Run: 08, Epoch: 17, Loss: 0.5043
Run: 08, Epoch: 18, Loss: 0.5097
Run: 08, Epoch: 18, Train: 88.52%, Valid: 91.61% Test: 78.61%
Run: 08, Epoch: 19, Loss: 0.4988
Run: 08, Epoch: 20, Loss: 0.5009
Run: 08, Epoch: 20, Train: 88.40%, Valid: 91.56% Test: 78.95%
Run 08:
Highest Train: 88.52
Highest Valid: 91.64
  Final Train: 88.16
   Final Test: 78.60
Run: 09, Epoch: 01, Loss: 1.4552
Run: 09, Epoch: 02, Loss: 0.7471
Run: 09, Epoch: 03, Loss: 0.6550
Run: 09, Epoch: 04, Loss: 0.6108
Run: 09, Epoch: 05, Loss: 0.5870
Run: 09, Epoch: 06, Loss: 0.5672
Run: 09, Epoch: 07, Loss: 0.5528
Run: 09, Epoch: 08, Loss: 0.5453
Run: 09, Epoch: 09, Loss: 0.5396
Run: 09, Epoch: 10, Loss: 0.5294
Run: 09, Epoch: 10, Train: 87.71%, Valid: 91.24% Test: 78.31%
Run: 09, Epoch: 11, Loss: 0.5274
Run: 09, Epoch: 12, Loss: 0.5138
Run: 09, Epoch: 12, Train: 88.00%, Valid: 91.32% Test: 77.99%
Run: 09, Epoch: 13, Loss: 0.5155
Run: 09, Epoch: 14, Loss: 0.5171
Run: 09, Epoch: 14, Train: 87.95%, Valid: 90.92% Test: 77.25%
Run: 09, Epoch: 15, Loss: 0.5096
Run: 09, Epoch: 16, Loss: 0.5065
Run: 09, Epoch: 16, Train: 88.45%, Valid: 91.43% Test: 78.59%
Run: 09, Epoch: 17, Loss: 0.4997
Run: 09, Epoch: 18, Loss: 0.5019
Run: 09, Epoch: 18, Train: 88.64%, Valid: 91.41% Test: 78.42%
Run: 09, Epoch: 19, Loss: 0.4961
Run: 09, Epoch: 20, Loss: 0.4972
Run: 09, Epoch: 20, Train: 88.67%, Valid: 91.22% Test: 78.11%
Run 09:
Highest Train: 88.67
Highest Valid: 91.43
  Final Train: 88.45
   Final Test: 78.59
Run: 10, Epoch: 01, Loss: 1.4610
Run: 10, Epoch: 02, Loss: 0.7504
Run: 10, Epoch: 03, Loss: 0.6562
Run: 10, Epoch: 04, Loss: 0.6184
Run: 10, Epoch: 05, Loss: 0.5927
Run: 10, Epoch: 06, Loss: 0.5701
Run: 10, Epoch: 07, Loss: 0.5485
Run: 10, Epoch: 08, Loss: 0.5515
Run: 10, Epoch: 09, Loss: 0.5394
Run: 10, Epoch: 10, Loss: 0.5303
Run: 10, Epoch: 10, Train: 87.78%, Valid: 91.46% Test: 78.13%
Run: 10, Epoch: 11, Loss: 0.5204
Run: 10, Epoch: 12, Loss: 0.5161
Run: 10, Epoch: 12, Train: 87.97%, Valid: 91.31% Test: 79.09%
Run: 10, Epoch: 13, Loss: 0.5151
Run: 10, Epoch: 14, Loss: 0.5077
Run: 10, Epoch: 14, Train: 88.13%, Valid: 91.16% Test: 78.75%
Run: 10, Epoch: 15, Loss: 0.5109
Run: 10, Epoch: 16, Loss: 0.5000
Run: 10, Epoch: 16, Train: 88.35%, Valid: 91.47% Test: 77.94%
Run: 10, Epoch: 17, Loss: 0.5020
Run: 10, Epoch: 18, Loss: 0.5046
Run: 10, Epoch: 18, Train: 88.66%, Valid: 91.41% Test: 78.76%
Run: 10, Epoch: 19, Loss: 0.4986
Run: 10, Epoch: 20, Loss: 0.5020
Run: 10, Epoch: 20, Train: 88.48%, Valid: 91.57% Test: 77.86%
Run 10:
Highest Train: 88.66
Highest Valid: 91.57
  Final Train: 88.48
   Final Test: 77.86
All runs:
Highest Train: 88.54 ± 0.13
Highest Valid: 91.56 ± 0.09
  Final Train: 88.32 ± 0.25
   Final Test: 78.48 ± 0.34
