Namespace(device=0, log_steps=1, inductive=False, num_layers=3, hidden_channels=256, dropout=0.5, batch_size=20000, walk_length=3, lr=0.01, num_steps=30, epochs=20, eval_steps=2, runs=10, rsv=0.5, al='el2n', alpha=0.5)
tensor([ 99311, 131369,  15223,  ...,  35768,  70341, 152470]) 98308
tensor([222340, 232877, 217134,  ..., 214646, 203400, 198653]) 19661
Run: 01, Epoch: 01, Loss: 1.5835
Run: 01, Epoch: 02, Loss: 0.8698
Run: 01, Epoch: 03, Loss: 0.7639
Run: 01, Epoch: 04, Loss: 0.7183
Run: 01, Epoch: 05, Loss: 0.6889
Run: 01, Epoch: 06, Loss: 0.6750
Run: 01, Epoch: 07, Loss: 0.6498
Run: 01, Epoch: 08, Loss: 0.6379
Run: 01, Epoch: 09, Loss: 0.6319
Run: 01, Epoch: 10, Loss: 0.6311
Run: 01, Epoch: 10, Train: 85.28%, Valid: 90.55% Test: 77.74%
Run: 01, Epoch: 11, Loss: 0.6209
Run: 01, Epoch: 12, Loss: 0.6138
Run: 01, Epoch: 12, Train: 85.75%, Valid: 91.19% Test: 78.57%
Run: 01, Epoch: 13, Loss: 0.6117
Run: 01, Epoch: 14, Loss: 0.6071
Run: 01, Epoch: 14, Train: 85.98%, Valid: 91.34% Test: 78.89%
Run: 01, Epoch: 15, Loss: 0.6000
Run: 01, Epoch: 16, Loss: 0.6010
Run: 01, Epoch: 16, Train: 86.13%, Valid: 91.60% Test: 78.34%
Run: 01, Epoch: 17, Loss: 0.5956
Run: 01, Epoch: 18, Loss: 0.6000
Run: 01, Epoch: 18, Train: 86.37%, Valid: 91.29% Test: 78.10%
Run: 01, Epoch: 19, Loss: 0.5908
Run: 01, Epoch: 20, Loss: 0.5913
Run: 01, Epoch: 20, Train: 86.32%, Valid: 91.39% Test: 78.12%
Run 01:
Highest Train: 86.37
Highest Valid: 91.60
  Final Train: 86.13
   Final Test: 78.34
Run: 02, Epoch: 01, Loss: 1.5876
Run: 02, Epoch: 02, Loss: 0.8714
Run: 02, Epoch: 03, Loss: 0.7754
Run: 02, Epoch: 04, Loss: 0.7247
Run: 02, Epoch: 05, Loss: 0.6936
Run: 02, Epoch: 06, Loss: 0.6724
Run: 02, Epoch: 07, Loss: 0.6542
Run: 02, Epoch: 08, Loss: 0.6456
Run: 02, Epoch: 09, Loss: 0.6420
Run: 02, Epoch: 10, Loss: 0.6283
Run: 02, Epoch: 10, Train: 85.30%, Valid: 91.37% Test: 78.52%
Run: 02, Epoch: 11, Loss: 0.6211
Run: 02, Epoch: 12, Loss: 0.6211
Run: 02, Epoch: 12, Train: 85.59%, Valid: 91.10% Test: 78.26%
Run: 02, Epoch: 13, Loss: 0.6134
Run: 02, Epoch: 14, Loss: 0.6111
Run: 02, Epoch: 14, Train: 85.63%, Valid: 91.02% Test: 77.98%
Run: 02, Epoch: 15, Loss: 0.6001
Run: 02, Epoch: 16, Loss: 0.5995
Run: 02, Epoch: 16, Train: 86.24%, Valid: 91.16% Test: 78.22%
Run: 02, Epoch: 17, Loss: 0.5989
Run: 02, Epoch: 18, Loss: 0.5974
Run: 02, Epoch: 18, Train: 86.13%, Valid: 91.51% Test: 78.37%
Run: 02, Epoch: 19, Loss: 0.5928
Run: 02, Epoch: 20, Loss: 0.5930
Run: 02, Epoch: 20, Train: 86.08%, Valid: 91.67% Test: 78.65%
Run 02:
Highest Train: 86.24
Highest Valid: 91.67
  Final Train: 86.08
   Final Test: 78.65
Run: 03, Epoch: 01, Loss: 1.6207
Run: 03, Epoch: 02, Loss: 0.8788
Run: 03, Epoch: 03, Loss: 0.7736
Run: 03, Epoch: 04, Loss: 0.7262
Run: 03, Epoch: 05, Loss: 0.6959
Run: 03, Epoch: 06, Loss: 0.6746
Run: 03, Epoch: 07, Loss: 0.6554
Run: 03, Epoch: 08, Loss: 0.6480
Run: 03, Epoch: 09, Loss: 0.6350
Run: 03, Epoch: 10, Loss: 0.6261
Run: 03, Epoch: 10, Train: 85.25%, Valid: 90.78% Test: 77.88%
Run: 03, Epoch: 11, Loss: 0.6220
Run: 03, Epoch: 12, Loss: 0.6167
Run: 03, Epoch: 12, Train: 85.52%, Valid: 91.28% Test: 78.06%
Run: 03, Epoch: 13, Loss: 0.6122
Run: 03, Epoch: 14, Loss: 0.6125
Run: 03, Epoch: 14, Train: 85.05%, Valid: 90.97% Test: 78.39%
Run: 03, Epoch: 15, Loss: 0.6093
Run: 03, Epoch: 16, Loss: 0.6045
Run: 03, Epoch: 16, Train: 86.04%, Valid: 91.05% Test: 77.60%
Run: 03, Epoch: 17, Loss: 0.5973
Run: 03, Epoch: 18, Loss: 0.5965
Run: 03, Epoch: 18, Train: 86.21%, Valid: 91.16% Test: 78.50%
Run: 03, Epoch: 19, Loss: 0.5966
Run: 03, Epoch: 20, Loss: 0.5918
Run: 03, Epoch: 20, Train: 86.32%, Valid: 91.31% Test: 78.01%
Run 03:
Highest Train: 86.32
Highest Valid: 91.31
  Final Train: 86.32
   Final Test: 78.01
Run: 04, Epoch: 01, Loss: 1.6690
Run: 04, Epoch: 02, Loss: 0.8893
Run: 04, Epoch: 03, Loss: 0.7793
Run: 04, Epoch: 04, Loss: 0.7284
Run: 04, Epoch: 05, Loss: 0.6975
Run: 04, Epoch: 06, Loss: 0.6785
Run: 04, Epoch: 07, Loss: 0.6625
Run: 04, Epoch: 08, Loss: 0.6512
Run: 04, Epoch: 09, Loss: 0.6442
Run: 04, Epoch: 10, Loss: 0.6316
Run: 04, Epoch: 10, Train: 85.02%, Valid: 90.77% Test: 78.05%
Run: 04, Epoch: 11, Loss: 0.6264
Run: 04, Epoch: 12, Loss: 0.6182
Run: 04, Epoch: 12, Train: 85.49%, Valid: 91.01% Test: 78.28%
Run: 04, Epoch: 13, Loss: 0.6156
Run: 04, Epoch: 14, Loss: 0.6075
Run: 04, Epoch: 14, Train: 85.62%, Valid: 91.16% Test: 77.29%
Run: 04, Epoch: 15, Loss: 0.6110
Run: 04, Epoch: 16, Loss: 0.6093
Run: 04, Epoch: 16, Train: 85.92%, Valid: 91.23% Test: 78.56%
Run: 04, Epoch: 17, Loss: 0.6003
Run: 04, Epoch: 18, Loss: 0.6052
Run: 04, Epoch: 18, Train: 86.21%, Valid: 91.29% Test: 78.15%
Run: 04, Epoch: 19, Loss: 0.5939
Run: 04, Epoch: 20, Loss: 0.5904
Run: 04, Epoch: 20, Train: 86.48%, Valid: 91.41% Test: 78.72%
Run 04:
Highest Train: 86.48
Highest Valid: 91.41
  Final Train: 86.48
   Final Test: 78.72
Run: 05, Epoch: 01, Loss: 1.5670
Run: 05, Epoch: 02, Loss: 0.8712
Run: 05, Epoch: 03, Loss: 0.7664
Run: 05, Epoch: 04, Loss: 0.7181
Run: 05, Epoch: 05, Loss: 0.6857
Run: 05, Epoch: 06, Loss: 0.6695
Run: 05, Epoch: 07, Loss: 0.6593
Run: 05, Epoch: 08, Loss: 0.6412
Run: 05, Epoch: 09, Loss: 0.6352
Run: 05, Epoch: 10, Loss: 0.6286
Run: 05, Epoch: 10, Train: 85.14%, Valid: 91.07% Test: 78.11%
Run: 05, Epoch: 11, Loss: 0.6204
Run: 05, Epoch: 12, Loss: 0.6108
Run: 05, Epoch: 12, Train: 85.86%, Valid: 91.43% Test: 78.73%
Run: 05, Epoch: 13, Loss: 0.6135
Run: 05, Epoch: 14, Loss: 0.6058
Run: 05, Epoch: 14, Train: 85.90%, Valid: 91.64% Test: 78.43%
Run: 05, Epoch: 15, Loss: 0.6014
Run: 05, Epoch: 16, Loss: 0.6021
Run: 05, Epoch: 16, Train: 85.80%, Valid: 91.58% Test: 78.55%
Run: 05, Epoch: 17, Loss: 0.5925
Run: 05, Epoch: 18, Loss: 0.5909
Run: 05, Epoch: 18, Train: 86.06%, Valid: 91.21% Test: 78.18%
Run: 05, Epoch: 19, Loss: 0.5886
Run: 05, Epoch: 20, Loss: 0.5938
Run: 05, Epoch: 20, Train: 86.55%, Valid: 90.89% Test: 78.50%
Run 05:
Highest Train: 86.55
Highest Valid: 91.64
  Final Train: 85.90
   Final Test: 78.43
Run: 06, Epoch: 01, Loss: 1.6128
Run: 06, Epoch: 02, Loss: 0.8655
Run: 06, Epoch: 03, Loss: 0.7670
Run: 06, Epoch: 04, Loss: 0.7145
Run: 06, Epoch: 05, Loss: 0.6882
Run: 06, Epoch: 06, Loss: 0.6694
Run: 06, Epoch: 07, Loss: 0.6535
Run: 06, Epoch: 08, Loss: 0.6440
Run: 06, Epoch: 09, Loss: 0.6291
Run: 06, Epoch: 10, Loss: 0.6206
Run: 06, Epoch: 10, Train: 85.48%, Valid: 90.67% Test: 77.84%
Run: 06, Epoch: 11, Loss: 0.6177
Run: 06, Epoch: 12, Loss: 0.6144
Run: 06, Epoch: 12, Train: 85.92%, Valid: 91.35% Test: 78.65%
Run: 06, Epoch: 13, Loss: 0.6060
Run: 06, Epoch: 14, Loss: 0.6039
Run: 06, Epoch: 14, Train: 85.67%, Valid: 90.79% Test: 78.14%
Run: 06, Epoch: 15, Loss: 0.5995
Run: 06, Epoch: 16, Loss: 0.5992
Run: 06, Epoch: 16, Train: 85.98%, Valid: 91.14% Test: 78.80%
Run: 06, Epoch: 17, Loss: 0.5966
Run: 06, Epoch: 18, Loss: 0.5918
Run: 06, Epoch: 18, Train: 86.27%, Valid: 91.07% Test: 78.24%
Run: 06, Epoch: 19, Loss: 0.5902
Run: 06, Epoch: 20, Loss: 0.5904
Run: 06, Epoch: 20, Train: 86.31%, Valid: 90.86% Test: 78.17%
Run 06:
Highest Train: 86.31
Highest Valid: 91.35
  Final Train: 85.92
   Final Test: 78.65
Run: 07, Epoch: 01, Loss: 1.5937
Run: 07, Epoch: 02, Loss: 0.8663
Run: 07, Epoch: 03, Loss: 0.7683
Run: 07, Epoch: 04, Loss: 0.7138
Run: 07, Epoch: 05, Loss: 0.6916
Run: 07, Epoch: 06, Loss: 0.6686
Run: 07, Epoch: 07, Loss: 0.6483
Run: 07, Epoch: 08, Loss: 0.6379
Run: 07, Epoch: 09, Loss: 0.6268
Run: 07, Epoch: 10, Loss: 0.6304
Run: 07, Epoch: 10, Train: 85.45%, Valid: 90.66% Test: 77.64%
Run: 07, Epoch: 11, Loss: 0.6220
Run: 07, Epoch: 12, Loss: 0.6159
Run: 07, Epoch: 12, Train: 85.58%, Valid: 90.96% Test: 78.02%
Run: 07, Epoch: 13, Loss: 0.6098
Run: 07, Epoch: 14, Loss: 0.6053
Run: 07, Epoch: 14, Train: 86.11%, Valid: 91.32% Test: 78.99%
Run: 07, Epoch: 15, Loss: 0.6059
Run: 07, Epoch: 16, Loss: 0.6059
Run: 07, Epoch: 16, Train: 86.27%, Valid: 91.45% Test: 78.38%
Run: 07, Epoch: 17, Loss: 0.6007
Run: 07, Epoch: 18, Loss: 0.5978
Run: 07, Epoch: 18, Train: 86.43%, Valid: 91.27% Test: 78.02%
Run: 07, Epoch: 19, Loss: 0.5942
Run: 07, Epoch: 20, Loss: 0.5888
Run: 07, Epoch: 20, Train: 86.36%, Valid: 91.59% Test: 78.40%
Run 07:
Highest Train: 86.43
Highest Valid: 91.59
  Final Train: 86.36
   Final Test: 78.40
Run: 08, Epoch: 01, Loss: 1.6055
Run: 08, Epoch: 02, Loss: 0.8792
Run: 08, Epoch: 03, Loss: 0.7685
Run: 08, Epoch: 04, Loss: 0.7205
Run: 08, Epoch: 05, Loss: 0.6911
Run: 08, Epoch: 06, Loss: 0.6712
Run: 08, Epoch: 07, Loss: 0.6468
Run: 08, Epoch: 08, Loss: 0.6441
Run: 08, Epoch: 09, Loss: 0.6403
Run: 08, Epoch: 10, Loss: 0.6290
Run: 08, Epoch: 10, Train: 85.55%, Valid: 91.54% Test: 78.87%
Run: 08, Epoch: 11, Loss: 0.6229
Run: 08, Epoch: 12, Loss: 0.6210
Run: 08, Epoch: 12, Train: 85.46%, Valid: 91.23% Test: 78.17%
Run: 08, Epoch: 13, Loss: 0.6136
Run: 08, Epoch: 14, Loss: 0.6060
Run: 08, Epoch: 14, Train: 85.77%, Valid: 91.35% Test: 78.59%
Run: 08, Epoch: 15, Loss: 0.6067
Run: 08, Epoch: 16, Loss: 0.5997
Run: 08, Epoch: 16, Train: 86.12%, Valid: 90.91% Test: 77.76%
Run: 08, Epoch: 17, Loss: 0.5945
Run: 08, Epoch: 18, Loss: 0.6007
Run: 08, Epoch: 18, Train: 86.34%, Valid: 91.36% Test: 78.25%
Run: 08, Epoch: 19, Loss: 0.5902
Run: 08, Epoch: 20, Loss: 0.5913
Run: 08, Epoch: 20, Train: 86.33%, Valid: 91.03% Test: 78.64%
Run 08:
Highest Train: 86.34
Highest Valid: 91.54
  Final Train: 85.55
   Final Test: 78.87
Run: 09, Epoch: 01, Loss: 1.6219
Run: 09, Epoch: 02, Loss: 0.8743
Run: 09, Epoch: 03, Loss: 0.7656
Run: 09, Epoch: 04, Loss: 0.7148
Run: 09, Epoch: 05, Loss: 0.6907
Run: 09, Epoch: 06, Loss: 0.6658
Run: 09, Epoch: 07, Loss: 0.6520
Run: 09, Epoch: 08, Loss: 0.6434
Run: 09, Epoch: 09, Loss: 0.6325
Run: 09, Epoch: 10, Loss: 0.6224
Run: 09, Epoch: 10, Train: 85.33%, Valid: 91.13% Test: 77.69%
Run: 09, Epoch: 11, Loss: 0.6215
Run: 09, Epoch: 12, Loss: 0.6093
Run: 09, Epoch: 12, Train: 85.60%, Valid: 91.12% Test: 77.87%
Run: 09, Epoch: 13, Loss: 0.6115
Run: 09, Epoch: 14, Loss: 0.6127
Run: 09, Epoch: 14, Train: 85.64%, Valid: 91.00% Test: 77.58%
Run: 09, Epoch: 15, Loss: 0.6029
Run: 09, Epoch: 16, Loss: 0.5974
Run: 09, Epoch: 16, Train: 86.19%, Valid: 90.68% Test: 77.46%
Run: 09, Epoch: 17, Loss: 0.5945
Run: 09, Epoch: 18, Loss: 0.5917
Run: 09, Epoch: 18, Train: 86.50%, Valid: 90.82% Test: 76.78%
Run: 09, Epoch: 19, Loss: 0.5856
Run: 09, Epoch: 20, Loss: 0.5854
Run: 09, Epoch: 20, Train: 86.40%, Valid: 90.43% Test: 77.17%
Run 09:
Highest Train: 86.50
Highest Valid: 91.13
  Final Train: 85.33
   Final Test: 77.69
Run: 10, Epoch: 01, Loss: 1.5658
Run: 10, Epoch: 02, Loss: 0.8634
Run: 10, Epoch: 03, Loss: 0.7571
Run: 10, Epoch: 04, Loss: 0.7156
Run: 10, Epoch: 05, Loss: 0.6906
Run: 10, Epoch: 06, Loss: 0.6654
Run: 10, Epoch: 07, Loss: 0.6409
Run: 10, Epoch: 08, Loss: 0.6437
Run: 10, Epoch: 09, Loss: 0.6316
Run: 10, Epoch: 10, Loss: 0.6230
Run: 10, Epoch: 10, Train: 85.66%, Valid: 91.03% Test: 78.14%
Run: 10, Epoch: 11, Loss: 0.6105
Run: 10, Epoch: 12, Loss: 0.6087
Run: 10, Epoch: 12, Train: 85.81%, Valid: 91.10% Test: 78.26%
Run: 10, Epoch: 13, Loss: 0.6058
Run: 10, Epoch: 14, Loss: 0.6020
Run: 10, Epoch: 14, Train: 86.16%, Valid: 91.07% Test: 78.36%
Run: 10, Epoch: 15, Loss: 0.5997
Run: 10, Epoch: 16, Loss: 0.5944
Run: 10, Epoch: 16, Train: 86.12%, Valid: 91.26% Test: 78.08%
Run: 10, Epoch: 17, Loss: 0.5931
Run: 10, Epoch: 18, Loss: 0.5975
Run: 10, Epoch: 18, Train: 86.33%, Valid: 91.11% Test: 78.85%
Run: 10, Epoch: 19, Loss: 0.5887
Run: 10, Epoch: 20, Loss: 0.5880
Run: 10, Epoch: 20, Train: 86.61%, Valid: 91.49% Test: 78.37%
Run 10:
Highest Train: 86.61
Highest Valid: 91.49
  Final Train: 86.61
   Final Test: 78.37
All runs:
Highest Train: 86.42 ± 0.12
Highest Valid: 91.47 ± 0.17
  Final Train: 86.07 ± 0.41
   Final Test: 78.41 ± 0.35
