Namespace(device=0, log_steps=1, inductive=False, num_layers=3, hidden_channels=256, dropout=0.5, batch_size=20000, walk_length=3, lr=0.01, num_steps=30, epochs=20, eval_steps=2, runs=10, rsv=0.5, al='el2n', alpha=0.9)
tensor([ 99311, 131369, 105411,  ..., 165279,   9065, 155073]) 98307
tensor([222340, 232877, 217134,  ..., 214646, 203400, 198653]) 19661
Run: 01, Epoch: 01, Loss: 1.3767
Run: 01, Epoch: 02, Loss: 0.5596
Run: 01, Epoch: 03, Loss: 0.4736
Run: 01, Epoch: 04, Loss: 0.4395
Run: 01, Epoch: 05, Loss: 0.4237
Run: 01, Epoch: 06, Loss: 0.4030
Run: 01, Epoch: 07, Loss: 0.3900
Run: 01, Epoch: 08, Loss: 0.3856
Run: 01, Epoch: 09, Loss: 0.3770
Run: 01, Epoch: 10, Loss: 0.3742
Run: 01, Epoch: 10, Train: 91.33%, Valid: 91.13% Test: 78.07%
Run: 01, Epoch: 11, Loss: 0.3674
Run: 01, Epoch: 12, Loss: 0.3581
Run: 01, Epoch: 12, Train: 91.61%, Valid: 91.12% Test: 78.74%
Run: 01, Epoch: 13, Loss: 0.3550
Run: 01, Epoch: 14, Loss: 0.3531
Run: 01, Epoch: 14, Train: 91.73%, Valid: 91.03% Test: 79.22%
Run: 01, Epoch: 15, Loss: 0.3517
Run: 01, Epoch: 16, Loss: 0.3525
Run: 01, Epoch: 16, Train: 91.91%, Valid: 91.38% Test: 78.92%
Run: 01, Epoch: 17, Loss: 0.3445
Run: 01, Epoch: 18, Loss: 0.3468
Run: 01, Epoch: 18, Train: 92.11%, Valid: 91.43% Test: 78.32%
Run: 01, Epoch: 19, Loss: 0.3394
Run: 01, Epoch: 20, Loss: 0.3400
Run: 01, Epoch: 20, Train: 92.11%, Valid: 91.33% Test: 78.36%
Run 01:
Highest Train: 92.11
Highest Valid: 91.43
  Final Train: 92.11
   Final Test: 78.32
Run: 02, Epoch: 01, Loss: 1.5053
Run: 02, Epoch: 02, Loss: 0.5751
Run: 02, Epoch: 03, Loss: 0.4856
Run: 02, Epoch: 04, Loss: 0.4463
Run: 02, Epoch: 05, Loss: 0.4230
Run: 02, Epoch: 06, Loss: 0.4062
Run: 02, Epoch: 07, Loss: 0.3969
Run: 02, Epoch: 08, Loss: 0.3856
Run: 02, Epoch: 09, Loss: 0.3869
Run: 02, Epoch: 10, Loss: 0.3737
Run: 02, Epoch: 10, Train: 91.30%, Valid: 91.03% Test: 78.48%
Run: 02, Epoch: 11, Loss: 0.3692
Run: 02, Epoch: 12, Loss: 0.3676
Run: 02, Epoch: 12, Train: 91.42%, Valid: 91.05% Test: 78.02%
Run: 02, Epoch: 13, Loss: 0.3578
Run: 02, Epoch: 14, Loss: 0.3562
Run: 02, Epoch: 14, Train: 91.55%, Valid: 91.15% Test: 78.01%
Run: 02, Epoch: 15, Loss: 0.3554
Run: 02, Epoch: 16, Loss: 0.3503
Run: 02, Epoch: 16, Train: 91.83%, Valid: 91.19% Test: 78.90%
Run: 02, Epoch: 17, Loss: 0.3503
Run: 02, Epoch: 18, Loss: 0.3468
Run: 02, Epoch: 18, Train: 91.87%, Valid: 91.15% Test: 77.80%
Run: 02, Epoch: 19, Loss: 0.3422
Run: 02, Epoch: 20, Loss: 0.3449
Run: 02, Epoch: 20, Train: 91.93%, Valid: 91.33% Test: 78.63%
Run 02:
Highest Train: 91.93
Highest Valid: 91.33
  Final Train: 91.93
   Final Test: 78.63
Run: 03, Epoch: 01, Loss: 1.4284
Run: 03, Epoch: 02, Loss: 0.5617
Run: 03, Epoch: 03, Loss: 0.4860
Run: 03, Epoch: 04, Loss: 0.4484
Run: 03, Epoch: 05, Loss: 0.4235
Run: 03, Epoch: 06, Loss: 0.4105
Run: 03, Epoch: 07, Loss: 0.3968
Run: 03, Epoch: 08, Loss: 0.3897
Run: 03, Epoch: 09, Loss: 0.3835
Run: 03, Epoch: 10, Loss: 0.3748
Run: 03, Epoch: 10, Train: 91.12%, Valid: 90.86% Test: 78.10%
Run: 03, Epoch: 11, Loss: 0.3670
Run: 03, Epoch: 12, Loss: 0.3662
Run: 03, Epoch: 12, Train: 91.48%, Valid: 91.14% Test: 78.33%
Run: 03, Epoch: 13, Loss: 0.3617
Run: 03, Epoch: 14, Loss: 0.3586
Run: 03, Epoch: 14, Train: 91.55%, Valid: 91.07% Test: 78.69%
Run: 03, Epoch: 15, Loss: 0.3566
Run: 03, Epoch: 16, Loss: 0.3595
Run: 03, Epoch: 16, Train: 91.53%, Valid: 91.05% Test: 78.29%
Run: 03, Epoch: 17, Loss: 0.3546
Run: 03, Epoch: 18, Loss: 0.3513
Run: 03, Epoch: 18, Train: 91.88%, Valid: 91.15% Test: 79.37%
Run: 03, Epoch: 19, Loss: 0.3517
Run: 03, Epoch: 20, Loss: 0.3530
Run: 03, Epoch: 20, Train: 91.78%, Valid: 91.19% Test: 78.15%
Run 03:
Highest Train: 91.88
Highest Valid: 91.19
  Final Train: 91.78
   Final Test: 78.15
Run: 04, Epoch: 01, Loss: 1.3396
Run: 04, Epoch: 02, Loss: 0.5506
Run: 04, Epoch: 03, Loss: 0.4692
Run: 04, Epoch: 04, Loss: 0.4376
Run: 04, Epoch: 05, Loss: 0.4146
Run: 04, Epoch: 06, Loss: 0.4047
Run: 04, Epoch: 07, Loss: 0.3960
Run: 04, Epoch: 08, Loss: 0.3833
Run: 04, Epoch: 09, Loss: 0.3779
Run: 04, Epoch: 10, Loss: 0.3720
Run: 04, Epoch: 10, Train: 91.30%, Valid: 91.14% Test: 78.30%
Run: 04, Epoch: 11, Loss: 0.3625
Run: 04, Epoch: 12, Loss: 0.3581
Run: 04, Epoch: 12, Train: 91.45%, Valid: 90.99% Test: 78.61%
Run: 04, Epoch: 13, Loss: 0.3551
Run: 04, Epoch: 14, Loss: 0.3480
Run: 04, Epoch: 14, Train: 91.78%, Valid: 91.32% Test: 77.85%
Run: 04, Epoch: 15, Loss: 0.3504
Run: 04, Epoch: 16, Loss: 0.3511
Run: 04, Epoch: 16, Train: 91.96%, Valid: 91.38% Test: 78.28%
Run: 04, Epoch: 17, Loss: 0.3473
Run: 04, Epoch: 18, Loss: 0.3497
Run: 04, Epoch: 18, Train: 91.95%, Valid: 91.18% Test: 77.91%
Run: 04, Epoch: 19, Loss: 0.3449
Run: 04, Epoch: 20, Loss: 0.3390
Run: 04, Epoch: 20, Train: 91.97%, Valid: 91.21% Test: 78.77%
Run 04:
Highest Train: 91.97
Highest Valid: 91.38
  Final Train: 91.96
   Final Test: 78.28
Run: 05, Epoch: 01, Loss: 1.2788
Run: 05, Epoch: 02, Loss: 0.5458
Run: 05, Epoch: 03, Loss: 0.4679
Run: 05, Epoch: 04, Loss: 0.4340
Run: 05, Epoch: 05, Loss: 0.4117
Run: 05, Epoch: 06, Loss: 0.3978
Run: 05, Epoch: 07, Loss: 0.3881
Run: 05, Epoch: 08, Loss: 0.3791
Run: 05, Epoch: 09, Loss: 0.3718
Run: 05, Epoch: 10, Loss: 0.3665
Run: 05, Epoch: 10, Train: 91.33%, Valid: 90.81% Test: 77.70%
Run: 05, Epoch: 11, Loss: 0.3627
Run: 05, Epoch: 12, Loss: 0.3556
Run: 05, Epoch: 12, Train: 91.75%, Valid: 90.97% Test: 77.60%
Run: 05, Epoch: 13, Loss: 0.3537
Run: 05, Epoch: 14, Loss: 0.3530
Run: 05, Epoch: 14, Train: 91.81%, Valid: 91.24% Test: 78.08%
Run: 05, Epoch: 15, Loss: 0.3488
Run: 05, Epoch: 16, Loss: 0.3458
Run: 05, Epoch: 16, Train: 91.91%, Valid: 91.20% Test: 78.82%
Run: 05, Epoch: 17, Loss: 0.3411
Run: 05, Epoch: 18, Loss: 0.3400
Run: 05, Epoch: 18, Train: 91.94%, Valid: 91.27% Test: 77.95%
Run: 05, Epoch: 19, Loss: 0.3390
Run: 05, Epoch: 20, Loss: 0.3421
Run: 05, Epoch: 20, Train: 92.35%, Valid: 91.37% Test: 78.90%
Run 05:
Highest Train: 92.35
Highest Valid: 91.37
  Final Train: 92.35
   Final Test: 78.90
Run: 06, Epoch: 01, Loss: 1.3415
Run: 06, Epoch: 02, Loss: 0.5550
Run: 06, Epoch: 03, Loss: 0.4756
Run: 06, Epoch: 04, Loss: 0.4319
Run: 06, Epoch: 05, Loss: 0.4182
Run: 06, Epoch: 06, Loss: 0.4071
Run: 06, Epoch: 07, Loss: 0.3931
Run: 06, Epoch: 08, Loss: 0.3817
Run: 06, Epoch: 09, Loss: 0.3719
Run: 06, Epoch: 10, Loss: 0.3723
Run: 06, Epoch: 10, Train: 91.28%, Valid: 90.94% Test: 77.87%
Run: 06, Epoch: 11, Loss: 0.3627
Run: 06, Epoch: 12, Loss: 0.3616
Run: 06, Epoch: 12, Train: 91.61%, Valid: 91.03% Test: 77.45%
Run: 06, Epoch: 13, Loss: 0.3565
Run: 06, Epoch: 14, Loss: 0.3494
Run: 06, Epoch: 14, Train: 91.67%, Valid: 91.11% Test: 77.81%
Run: 06, Epoch: 15, Loss: 0.3466
Run: 06, Epoch: 16, Loss: 0.3518
Run: 06, Epoch: 16, Train: 91.73%, Valid: 91.29% Test: 78.11%
Run: 06, Epoch: 17, Loss: 0.3487
Run: 06, Epoch: 18, Loss: 0.3435
Run: 06, Epoch: 18, Train: 92.14%, Valid: 91.29% Test: 78.73%
Run: 06, Epoch: 19, Loss: 0.3446
Run: 06, Epoch: 20, Loss: 0.3422
Run: 06, Epoch: 20, Train: 92.18%, Valid: 91.35% Test: 78.66%
Run 06:
Highest Train: 92.18
Highest Valid: 91.35
  Final Train: 92.18
   Final Test: 78.66
Run: 07, Epoch: 01, Loss: 1.4487
Run: 07, Epoch: 02, Loss: 0.5731
Run: 07, Epoch: 03, Loss: 0.4895
Run: 07, Epoch: 04, Loss: 0.4444
Run: 07, Epoch: 05, Loss: 0.4232
Run: 07, Epoch: 06, Loss: 0.4101
Run: 07, Epoch: 07, Loss: 0.3940
Run: 07, Epoch: 08, Loss: 0.3853
Run: 07, Epoch: 09, Loss: 0.3785
Run: 07, Epoch: 10, Loss: 0.3763
Run: 07, Epoch: 10, Train: 91.18%, Valid: 90.81% Test: 77.67%
Run: 07, Epoch: 11, Loss: 0.3708
Run: 07, Epoch: 12, Loss: 0.3641
Run: 07, Epoch: 12, Train: 91.54%, Valid: 91.26% Test: 77.86%
Run: 07, Epoch: 13, Loss: 0.3595
Run: 07, Epoch: 14, Loss: 0.3530
Run: 07, Epoch: 14, Train: 91.76%, Valid: 91.29% Test: 78.58%
Run: 07, Epoch: 15, Loss: 0.3507
Run: 07, Epoch: 16, Loss: 0.3553
Run: 07, Epoch: 16, Train: 91.82%, Valid: 91.30% Test: 77.64%
Run: 07, Epoch: 17, Loss: 0.3478
Run: 07, Epoch: 18, Loss: 0.3499
Run: 07, Epoch: 18, Train: 91.92%, Valid: 91.40% Test: 78.54%
Run: 07, Epoch: 19, Loss: 0.3456
Run: 07, Epoch: 20, Loss: 0.3485
Run: 07, Epoch: 20, Train: 92.07%, Valid: 91.26% Test: 78.33%
Run 07:
Highest Train: 92.07
Highest Valid: 91.40
  Final Train: 91.92
   Final Test: 78.54
Run: 08, Epoch: 01, Loss: 1.2711
Run: 08, Epoch: 02, Loss: 0.5429
Run: 08, Epoch: 03, Loss: 0.4691
Run: 08, Epoch: 04, Loss: 0.4336
Run: 08, Epoch: 05, Loss: 0.4137
Run: 08, Epoch: 06, Loss: 0.3981
Run: 08, Epoch: 07, Loss: 0.3858
Run: 08, Epoch: 08, Loss: 0.3851
Run: 08, Epoch: 09, Loss: 0.3786
Run: 08, Epoch: 10, Loss: 0.3702
Run: 08, Epoch: 10, Train: 91.23%, Valid: 90.97% Test: 77.91%
Run: 08, Epoch: 11, Loss: 0.3680
Run: 08, Epoch: 12, Loss: 0.3582
Run: 08, Epoch: 12, Train: 91.66%, Valid: 91.07% Test: 78.95%
Run: 08, Epoch: 13, Loss: 0.3561
Run: 08, Epoch: 14, Loss: 0.3534
Run: 08, Epoch: 14, Train: 91.79%, Valid: 91.30% Test: 78.39%
Run: 08, Epoch: 15, Loss: 0.3467
Run: 08, Epoch: 16, Loss: 0.3490
Run: 08, Epoch: 16, Train: 91.93%, Valid: 91.27% Test: 78.32%
Run: 08, Epoch: 17, Loss: 0.3460
Run: 08, Epoch: 18, Loss: 0.3479
Run: 08, Epoch: 18, Train: 92.00%, Valid: 91.34% Test: 78.31%
Run: 08, Epoch: 19, Loss: 0.3365
Run: 08, Epoch: 20, Loss: 0.3421
Run: 08, Epoch: 20, Train: 92.08%, Valid: 91.33% Test: 78.92%
Run 08:
Highest Train: 92.08
Highest Valid: 91.34
  Final Train: 92.00
   Final Test: 78.31
Run: 09, Epoch: 01, Loss: 1.3518
Run: 09, Epoch: 02, Loss: 0.5481
Run: 09, Epoch: 03, Loss: 0.4695
Run: 09, Epoch: 04, Loss: 0.4341
Run: 09, Epoch: 05, Loss: 0.4159
Run: 09, Epoch: 06, Loss: 0.3987
Run: 09, Epoch: 07, Loss: 0.3908
Run: 09, Epoch: 08, Loss: 0.3824
Run: 09, Epoch: 09, Loss: 0.3748
Run: 09, Epoch: 10, Loss: 0.3690
Run: 09, Epoch: 10, Train: 91.29%, Valid: 91.03% Test: 77.34%
Run: 09, Epoch: 11, Loss: 0.3638
Run: 09, Epoch: 12, Loss: 0.3564
Run: 09, Epoch: 12, Train: 91.55%, Valid: 90.97% Test: 77.74%
Run: 09, Epoch: 13, Loss: 0.3568
Run: 09, Epoch: 14, Loss: 0.3543
Run: 09, Epoch: 14, Train: 91.70%, Valid: 90.97% Test: 77.73%
Run: 09, Epoch: 15, Loss: 0.3534
Run: 09, Epoch: 16, Loss: 0.3478
Run: 09, Epoch: 16, Train: 91.79%, Valid: 91.19% Test: 78.35%
Run: 09, Epoch: 17, Loss: 0.3394
Run: 09, Epoch: 18, Loss: 0.3422
Run: 09, Epoch: 18, Train: 92.09%, Valid: 91.22% Test: 77.82%
Run: 09, Epoch: 19, Loss: 0.3407
Run: 09, Epoch: 20, Loss: 0.3387
Run: 09, Epoch: 20, Train: 92.06%, Valid: 91.31% Test: 78.06%
Run 09:
Highest Train: 92.09
Highest Valid: 91.31
  Final Train: 92.06
   Final Test: 78.06
Run: 10, Epoch: 01, Loss: 1.3772
Run: 10, Epoch: 02, Loss: 0.5629
Run: 10, Epoch: 03, Loss: 0.4791
Run: 10, Epoch: 04, Loss: 0.4450
Run: 10, Epoch: 05, Loss: 0.4246
Run: 10, Epoch: 06, Loss: 0.4084
Run: 10, Epoch: 07, Loss: 0.3893
Run: 10, Epoch: 08, Loss: 0.3877
Run: 10, Epoch: 09, Loss: 0.3813
Run: 10, Epoch: 10, Loss: 0.3726
Run: 10, Epoch: 10, Train: 91.28%, Valid: 91.23% Test: 77.50%
Run: 10, Epoch: 11, Loss: 0.3665
Run: 10, Epoch: 12, Loss: 0.3598
Run: 10, Epoch: 12, Train: 91.57%, Valid: 91.08% Test: 78.60%
Run: 10, Epoch: 13, Loss: 0.3619
Run: 10, Epoch: 14, Loss: 0.3537
Run: 10, Epoch: 14, Train: 91.56%, Valid: 90.96% Test: 78.60%
Run: 10, Epoch: 15, Loss: 0.3553
Run: 10, Epoch: 16, Loss: 0.3466
Run: 10, Epoch: 16, Train: 91.83%, Valid: 91.23% Test: 78.21%
Run: 10, Epoch: 17, Loss: 0.3451
Run: 10, Epoch: 18, Loss: 0.3450
Run: 10, Epoch: 18, Train: 91.92%, Valid: 91.31% Test: 79.06%
Run: 10, Epoch: 19, Loss: 0.3473
Run: 10, Epoch: 20, Loss: 0.3462
Run: 10, Epoch: 20, Train: 92.17%, Valid: 91.33% Test: 78.68%
Run 10:
Highest Train: 92.17
Highest Valid: 91.33
  Final Train: 92.17
   Final Test: 78.68
All runs:
Highest Train: 92.08 ± 0.13
Highest Valid: 91.34 ± 0.07
  Final Train: 92.05 ± 0.16
   Final Test: 78.45 ± 0.27
