Namespace(device=0, log_steps=1, inductive=False, num_layers=3, hidden_channels=256, dropout=0.5, batch_size=20000, walk_length=3, lr=0.01, num_steps=30, epochs=20, eval_steps=2, runs=10, rsv=0.5, al='el2n', alpha=0.8)
tensor([ 99311, 131369, 105411,  ...,  96930, 157886,  14849]) 98308
tensor([222340, 232877, 217134,  ..., 214646, 203400, 198653]) 19661
Run: 01, Epoch: 01, Loss: 1.4479
Run: 01, Epoch: 02, Loss: 0.6125
Run: 01, Epoch: 03, Loss: 0.5257
Run: 01, Epoch: 04, Loss: 0.4881
Run: 01, Epoch: 05, Loss: 0.4666
Run: 01, Epoch: 06, Loss: 0.4498
Run: 01, Epoch: 07, Loss: 0.4332
Run: 01, Epoch: 08, Loss: 0.4280
Run: 01, Epoch: 09, Loss: 0.4182
Run: 01, Epoch: 10, Loss: 0.4184
Run: 01, Epoch: 10, Train: 90.19%, Valid: 91.04% Test: 78.09%
Run: 01, Epoch: 11, Loss: 0.4088
Run: 01, Epoch: 12, Loss: 0.3996
Run: 01, Epoch: 12, Train: 90.65%, Valid: 91.10% Test: 78.38%
Run: 01, Epoch: 13, Loss: 0.3984
Run: 01, Epoch: 14, Loss: 0.3950
Run: 01, Epoch: 14, Train: 90.69%, Valid: 91.10% Test: 78.83%
Run: 01, Epoch: 15, Loss: 0.3898
Run: 01, Epoch: 16, Loss: 0.3888
Run: 01, Epoch: 16, Train: 90.93%, Valid: 91.38% Test: 78.81%
Run: 01, Epoch: 17, Loss: 0.3817
Run: 01, Epoch: 18, Loss: 0.3835
Run: 01, Epoch: 18, Train: 91.04%, Valid: 91.39% Test: 78.06%
Run: 01, Epoch: 19, Loss: 0.3798
Run: 01, Epoch: 20, Loss: 0.3823
Run: 01, Epoch: 20, Train: 91.12%, Valid: 91.47% Test: 78.17%
Run 01:
Highest Train: 91.12
Highest Valid: 91.47
  Final Train: 91.12
   Final Test: 78.17
Run: 02, Epoch: 01, Loss: 1.5582
Run: 02, Epoch: 02, Loss: 0.6221
Run: 02, Epoch: 03, Loss: 0.5317
Run: 02, Epoch: 04, Loss: 0.4922
Run: 02, Epoch: 05, Loss: 0.4666
Run: 02, Epoch: 06, Loss: 0.4512
Run: 02, Epoch: 07, Loss: 0.4380
Run: 02, Epoch: 08, Loss: 0.4275
Run: 02, Epoch: 09, Loss: 0.4248
Run: 02, Epoch: 10, Loss: 0.4150
Run: 02, Epoch: 10, Train: 90.18%, Valid: 91.05% Test: 78.79%
Run: 02, Epoch: 11, Loss: 0.4080
Run: 02, Epoch: 12, Loss: 0.4083
Run: 02, Epoch: 12, Train: 90.59%, Valid: 91.04% Test: 78.26%
Run: 02, Epoch: 13, Loss: 0.3967
Run: 02, Epoch: 14, Loss: 0.3961
Run: 02, Epoch: 14, Train: 90.74%, Valid: 91.20% Test: 78.45%
Run: 02, Epoch: 15, Loss: 0.3937
Run: 02, Epoch: 16, Loss: 0.3904
Run: 02, Epoch: 16, Train: 90.96%, Valid: 91.43% Test: 79.02%
Run: 02, Epoch: 17, Loss: 0.3918
Run: 02, Epoch: 18, Loss: 0.3875
Run: 02, Epoch: 18, Train: 90.94%, Valid: 91.21% Test: 78.21%
Run: 02, Epoch: 19, Loss: 0.3826
Run: 02, Epoch: 20, Loss: 0.3845
Run: 02, Epoch: 20, Train: 90.93%, Valid: 91.24% Test: 78.98%
Run 02:
Highest Train: 90.96
Highest Valid: 91.43
  Final Train: 90.96
   Final Test: 79.02
Run: 03, Epoch: 01, Loss: 1.5066
Run: 03, Epoch: 02, Loss: 0.6215
Run: 03, Epoch: 03, Loss: 0.5340
Run: 03, Epoch: 04, Loss: 0.4971
Run: 03, Epoch: 05, Loss: 0.4696
Run: 03, Epoch: 06, Loss: 0.4555
Run: 03, Epoch: 07, Loss: 0.4402
Run: 03, Epoch: 08, Loss: 0.4316
Run: 03, Epoch: 09, Loss: 0.4235
Run: 03, Epoch: 10, Loss: 0.4141
Run: 03, Epoch: 10, Train: 90.16%, Valid: 91.01% Test: 78.40%
Run: 03, Epoch: 11, Loss: 0.4081
Run: 03, Epoch: 12, Loss: 0.4087
Run: 03, Epoch: 12, Train: 90.44%, Valid: 91.05% Test: 78.46%
Run: 03, Epoch: 13, Loss: 0.4015
Run: 03, Epoch: 14, Loss: 0.3971
Run: 03, Epoch: 14, Train: 90.59%, Valid: 91.18% Test: 78.93%
Run: 03, Epoch: 15, Loss: 0.3967
Run: 03, Epoch: 16, Loss: 0.3966
Run: 03, Epoch: 16, Train: 90.66%, Valid: 91.17% Test: 78.75%
Run: 03, Epoch: 17, Loss: 0.3919
Run: 03, Epoch: 18, Loss: 0.3910
Run: 03, Epoch: 18, Train: 90.93%, Valid: 91.26% Test: 79.19%
Run: 03, Epoch: 19, Loss: 0.3875
Run: 03, Epoch: 20, Loss: 0.3865
Run: 03, Epoch: 20, Train: 90.83%, Valid: 91.43% Test: 78.10%
Run 03:
Highest Train: 90.93
Highest Valid: 91.43
  Final Train: 90.83
   Final Test: 78.10
Run: 04, Epoch: 01, Loss: 1.4334
Run: 04, Epoch: 02, Loss: 0.6113
Run: 04, Epoch: 03, Loss: 0.5220
Run: 04, Epoch: 04, Loss: 0.4872
Run: 04, Epoch: 05, Loss: 0.4611
Run: 04, Epoch: 06, Loss: 0.4531
Run: 04, Epoch: 07, Loss: 0.4385
Run: 04, Epoch: 08, Loss: 0.4274
Run: 04, Epoch: 09, Loss: 0.4251
Run: 04, Epoch: 10, Loss: 0.4167
Run: 04, Epoch: 10, Train: 90.24%, Valid: 91.16% Test: 78.06%
Run: 04, Epoch: 11, Loss: 0.4083
Run: 04, Epoch: 12, Loss: 0.3999
Run: 04, Epoch: 12, Train: 90.47%, Valid: 91.20% Test: 77.98%
Run: 04, Epoch: 13, Loss: 0.3974
Run: 04, Epoch: 14, Loss: 0.3942
Run: 04, Epoch: 14, Train: 90.71%, Valid: 91.24% Test: 77.68%
Run: 04, Epoch: 15, Loss: 0.3914
Run: 04, Epoch: 16, Loss: 0.3946
Run: 04, Epoch: 16, Train: 90.97%, Valid: 91.40% Test: 78.71%
Run: 04, Epoch: 17, Loss: 0.3901
Run: 04, Epoch: 18, Loss: 0.3918
Run: 04, Epoch: 18, Train: 91.05%, Valid: 91.38% Test: 77.89%
Run: 04, Epoch: 19, Loss: 0.3844
Run: 04, Epoch: 20, Loss: 0.3812
Run: 04, Epoch: 20, Train: 91.00%, Valid: 91.28% Test: 78.79%
Run 04:
Highest Train: 91.05
Highest Valid: 91.40
  Final Train: 90.97
   Final Test: 78.71
Run: 05, Epoch: 01, Loss: 1.3240
Run: 05, Epoch: 02, Loss: 0.5938
Run: 05, Epoch: 03, Loss: 0.5141
Run: 05, Epoch: 04, Loss: 0.4759
Run: 05, Epoch: 05, Loss: 0.4560
Run: 05, Epoch: 06, Loss: 0.4376
Run: 05, Epoch: 07, Loss: 0.4276
Run: 05, Epoch: 08, Loss: 0.4193
Run: 05, Epoch: 09, Loss: 0.4102
Run: 05, Epoch: 10, Loss: 0.4074
Run: 05, Epoch: 10, Train: 90.36%, Valid: 90.87% Test: 78.13%
Run: 05, Epoch: 11, Loss: 0.4018
Run: 05, Epoch: 12, Loss: 0.3960
Run: 05, Epoch: 12, Train: 90.59%, Valid: 91.07% Test: 77.59%
Run: 05, Epoch: 13, Loss: 0.3927
Run: 05, Epoch: 14, Loss: 0.3894
Run: 05, Epoch: 14, Train: 90.87%, Valid: 91.31% Test: 77.93%
Run: 05, Epoch: 15, Loss: 0.3885
Run: 05, Epoch: 16, Loss: 0.3843
Run: 05, Epoch: 16, Train: 90.94%, Valid: 91.24% Test: 78.01%
Run: 05, Epoch: 17, Loss: 0.3806
Run: 05, Epoch: 18, Loss: 0.3803
Run: 05, Epoch: 18, Train: 90.94%, Valid: 91.25% Test: 77.47%
Run: 05, Epoch: 19, Loss: 0.3789
Run: 05, Epoch: 20, Loss: 0.3785
Run: 05, Epoch: 20, Train: 91.35%, Valid: 91.30% Test: 78.58%
Run 05:
Highest Train: 91.35
Highest Valid: 91.31
  Final Train: 90.87
   Final Test: 77.93
Run: 06, Epoch: 01, Loss: 1.3466
Run: 06, Epoch: 02, Loss: 0.5964
Run: 06, Epoch: 03, Loss: 0.5187
Run: 06, Epoch: 04, Loss: 0.4727
Run: 06, Epoch: 05, Loss: 0.4596
Run: 06, Epoch: 06, Loss: 0.4478
Run: 06, Epoch: 07, Loss: 0.4340
Run: 06, Epoch: 08, Loss: 0.4237
Run: 06, Epoch: 09, Loss: 0.4170
Run: 06, Epoch: 10, Loss: 0.4135
Run: 06, Epoch: 10, Train: 90.37%, Valid: 91.07% Test: 78.73%
Run: 06, Epoch: 11, Loss: 0.4016
Run: 06, Epoch: 12, Loss: 0.3994
Run: 06, Epoch: 12, Train: 90.70%, Valid: 91.03% Test: 78.20%
Run: 06, Epoch: 13, Loss: 0.3952
Run: 06, Epoch: 14, Loss: 0.3903
Run: 06, Epoch: 14, Train: 90.78%, Valid: 91.08% Test: 78.87%
Run: 06, Epoch: 15, Loss: 0.3862
Run: 06, Epoch: 16, Loss: 0.3881
Run: 06, Epoch: 16, Train: 90.90%, Valid: 91.50% Test: 78.67%
Run: 06, Epoch: 17, Loss: 0.3860
Run: 06, Epoch: 18, Loss: 0.3834
Run: 06, Epoch: 18, Train: 91.13%, Valid: 91.52% Test: 78.72%
Run: 06, Epoch: 19, Loss: 0.3838
Run: 06, Epoch: 20, Loss: 0.3792
Run: 06, Epoch: 20, Train: 91.20%, Valid: 91.46% Test: 78.62%
Run 06:
Highest Train: 91.20
Highest Valid: 91.52
  Final Train: 91.13
   Final Test: 78.72
Run: 07, Epoch: 01, Loss: 1.5040
Run: 07, Epoch: 02, Loss: 0.6232
Run: 07, Epoch: 03, Loss: 0.5385
Run: 07, Epoch: 04, Loss: 0.4916
Run: 07, Epoch: 05, Loss: 0.4672
Run: 07, Epoch: 06, Loss: 0.4505
Run: 07, Epoch: 07, Loss: 0.4381
Run: 07, Epoch: 08, Loss: 0.4265
Run: 07, Epoch: 09, Loss: 0.4188
Run: 07, Epoch: 10, Loss: 0.4189
Run: 07, Epoch: 10, Train: 90.18%, Valid: 90.90% Test: 78.36%
Run: 07, Epoch: 11, Loss: 0.4066
Run: 07, Epoch: 12, Loss: 0.4031
Run: 07, Epoch: 12, Train: 90.45%, Valid: 91.05% Test: 77.88%
Run: 07, Epoch: 13, Loss: 0.3994
Run: 07, Epoch: 14, Loss: 0.3968
Run: 07, Epoch: 14, Train: 90.84%, Valid: 91.15% Test: 79.03%
Run: 07, Epoch: 15, Loss: 0.3915
Run: 07, Epoch: 16, Loss: 0.3939
Run: 07, Epoch: 16, Train: 90.98%, Valid: 91.42% Test: 77.73%
Run: 07, Epoch: 17, Loss: 0.3886
Run: 07, Epoch: 18, Loss: 0.3860
Run: 07, Epoch: 18, Train: 91.08%, Valid: 91.42% Test: 78.52%
Run: 07, Epoch: 19, Loss: 0.3852
Run: 07, Epoch: 20, Loss: 0.3837
Run: 07, Epoch: 20, Train: 91.29%, Valid: 91.32% Test: 78.53%
Run 07:
Highest Train: 91.29
Highest Valid: 91.42
  Final Train: 90.98
   Final Test: 77.73
Run: 08, Epoch: 01, Loss: 1.2873
Run: 08, Epoch: 02, Loss: 0.5907
Run: 08, Epoch: 03, Loss: 0.5134
Run: 08, Epoch: 04, Loss: 0.4747
Run: 08, Epoch: 05, Loss: 0.4556
Run: 08, Epoch: 06, Loss: 0.4377
Run: 08, Epoch: 07, Loss: 0.4216
Run: 08, Epoch: 08, Loss: 0.4219
Run: 08, Epoch: 09, Loss: 0.4147
Run: 08, Epoch: 10, Loss: 0.4094
Run: 08, Epoch: 10, Train: 90.23%, Valid: 91.02% Test: 78.10%
Run: 08, Epoch: 11, Loss: 0.4052
Run: 08, Epoch: 12, Loss: 0.3968
Run: 08, Epoch: 12, Train: 90.56%, Valid: 91.20% Test: 78.71%
Run: 08, Epoch: 13, Loss: 0.3894
Run: 08, Epoch: 14, Loss: 0.3902
Run: 08, Epoch: 14, Train: 90.85%, Valid: 91.41% Test: 78.45%
Run: 08, Epoch: 15, Loss: 0.3860
Run: 08, Epoch: 16, Loss: 0.3878
Run: 08, Epoch: 16, Train: 90.88%, Valid: 91.27% Test: 79.00%
Run: 08, Epoch: 17, Loss: 0.3824
Run: 08, Epoch: 18, Loss: 0.3840
Run: 08, Epoch: 18, Train: 91.26%, Valid: 91.59% Test: 78.56%
Run: 08, Epoch: 19, Loss: 0.3746
Run: 08, Epoch: 20, Loss: 0.3799
Run: 08, Epoch: 20, Train: 91.21%, Valid: 91.58% Test: 78.80%
Run 08:
Highest Train: 91.26
Highest Valid: 91.59
  Final Train: 91.26
   Final Test: 78.56
Run: 09, Epoch: 01, Loss: 1.3882
Run: 09, Epoch: 02, Loss: 0.5971
Run: 09, Epoch: 03, Loss: 0.5169
Run: 09, Epoch: 04, Loss: 0.4801
Run: 09, Epoch: 05, Loss: 0.4600
Run: 09, Epoch: 06, Loss: 0.4401
Run: 09, Epoch: 07, Loss: 0.4418
Run: 09, Epoch: 08, Loss: 0.4268
Run: 09, Epoch: 09, Loss: 0.4199
Run: 09, Epoch: 10, Loss: 0.4136
Run: 09, Epoch: 10, Train: 90.24%, Valid: 90.98% Test: 77.55%
Run: 09, Epoch: 11, Loss: 0.4060
Run: 09, Epoch: 12, Loss: 0.4009
Run: 09, Epoch: 12, Train: 90.48%, Valid: 91.10% Test: 77.87%
Run: 09, Epoch: 13, Loss: 0.3980
Run: 09, Epoch: 14, Loss: 0.3997
Run: 09, Epoch: 14, Train: 90.71%, Valid: 91.35% Test: 77.35%
Run: 09, Epoch: 15, Loss: 0.3921
Run: 09, Epoch: 16, Loss: 0.3875
Run: 09, Epoch: 16, Train: 90.97%, Valid: 91.33% Test: 78.61%
Run: 09, Epoch: 17, Loss: 0.3807
Run: 09, Epoch: 18, Loss: 0.3835
Run: 09, Epoch: 18, Train: 91.22%, Valid: 91.31% Test: 78.04%
Run: 09, Epoch: 19, Loss: 0.3793
Run: 09, Epoch: 20, Loss: 0.3785
Run: 09, Epoch: 20, Train: 91.25%, Valid: 91.22% Test: 78.80%
Run 09:
Highest Train: 91.25
Highest Valid: 91.35
  Final Train: 90.71
   Final Test: 77.35
Run: 10, Epoch: 01, Loss: 1.4197
Run: 10, Epoch: 02, Loss: 0.6088
Run: 10, Epoch: 03, Loss: 0.5231
Run: 10, Epoch: 04, Loss: 0.4889
Run: 10, Epoch: 05, Loss: 0.4690
Run: 10, Epoch: 06, Loss: 0.4486
Run: 10, Epoch: 07, Loss: 0.4295
Run: 10, Epoch: 08, Loss: 0.4259
Run: 10, Epoch: 09, Loss: 0.4229
Run: 10, Epoch: 10, Loss: 0.4135
Run: 10, Epoch: 10, Train: 90.52%, Valid: 91.21% Test: 77.77%
Run: 10, Epoch: 11, Loss: 0.4053
Run: 10, Epoch: 12, Loss: 0.4013
Run: 10, Epoch: 12, Train: 90.50%, Valid: 91.24% Test: 78.67%
Run: 10, Epoch: 13, Loss: 0.4015
Run: 10, Epoch: 14, Loss: 0.3929
Run: 10, Epoch: 14, Train: 90.76%, Valid: 91.26% Test: 78.49%
Run: 10, Epoch: 15, Loss: 0.4001
Run: 10, Epoch: 16, Loss: 0.3878
Run: 10, Epoch: 16, Train: 91.02%, Valid: 91.37% Test: 78.49%
Run: 10, Epoch: 17, Loss: 0.3842
Run: 10, Epoch: 18, Loss: 0.3910
Run: 10, Epoch: 18, Train: 91.00%, Valid: 91.43% Test: 79.22%
Run: 10, Epoch: 19, Loss: 0.3860
Run: 10, Epoch: 20, Loss: 0.3855
Run: 10, Epoch: 20, Train: 91.02%, Valid: 91.47% Test: 78.19%
Run 10:
Highest Train: 91.02
Highest Valid: 91.47
  Final Train: 91.02
   Final Test: 78.19
All runs:
Highest Train: 91.14 ± 0.15
Highest Valid: 91.44 ± 0.08
  Final Train: 90.99 ± 0.16
   Final Test: 78.25 ± 0.51
