Namespace(device=0, log_steps=1, inductive=False, num_layers=3, hidden_channels=256, dropout=0.5, batch_size=20000, walk_length=3, lr=0.01, num_steps=30, epochs=20, eval_steps=2, runs=10, rsv=0.5, al='el2n', alpha=0.7)
tensor([ 99311, 131369, 191273,  ...,  61532, 131016,  63633]) 98308
tensor([222340, 232877, 217134,  ..., 214646, 203400, 198653]) 19661
Run: 01, Epoch: 01, Loss: 1.5141
Run: 01, Epoch: 02, Loss: 0.6796
Run: 01, Epoch: 03, Loss: 0.5855
Run: 01, Epoch: 04, Loss: 0.5419
Run: 01, Epoch: 05, Loss: 0.5230
Run: 01, Epoch: 06, Loss: 0.5036
Run: 01, Epoch: 07, Loss: 0.4870
Run: 01, Epoch: 08, Loss: 0.4825
Run: 01, Epoch: 09, Loss: 0.4739
Run: 01, Epoch: 10, Loss: 0.4720
Run: 01, Epoch: 10, Train: 89.00%, Valid: 91.18% Test: 78.48%
Run: 01, Epoch: 11, Loss: 0.4636
Run: 01, Epoch: 12, Loss: 0.4511
Run: 01, Epoch: 12, Train: 89.34%, Valid: 91.12% Test: 78.34%
Run: 01, Epoch: 13, Loss: 0.4503
Run: 01, Epoch: 14, Loss: 0.4479
Run: 01, Epoch: 14, Train: 89.59%, Valid: 91.30% Test: 78.94%
Run: 01, Epoch: 15, Loss: 0.4425
Run: 01, Epoch: 16, Loss: 0.4405
Run: 01, Epoch: 16, Train: 89.74%, Valid: 91.33% Test: 78.83%
Run: 01, Epoch: 17, Loss: 0.4345
Run: 01, Epoch: 18, Loss: 0.4405
Run: 01, Epoch: 18, Train: 89.76%, Valid: 91.26% Test: 77.80%
Run: 01, Epoch: 19, Loss: 0.4345
Run: 01, Epoch: 20, Loss: 0.4336
Run: 01, Epoch: 20, Train: 89.90%, Valid: 91.38% Test: 78.53%
Run 01:
Highest Train: 89.90
Highest Valid: 91.38
  Final Train: 89.90
   Final Test: 78.53
Run: 02, Epoch: 01, Loss: 1.5395
Run: 02, Epoch: 02, Loss: 0.6789
Run: 02, Epoch: 03, Loss: 0.5890
Run: 02, Epoch: 04, Loss: 0.5507
Run: 02, Epoch: 05, Loss: 0.5218
Run: 02, Epoch: 06, Loss: 0.5028
Run: 02, Epoch: 07, Loss: 0.4875
Run: 02, Epoch: 08, Loss: 0.4826
Run: 02, Epoch: 09, Loss: 0.4778
Run: 02, Epoch: 10, Loss: 0.4666
Run: 02, Epoch: 10, Train: 89.09%, Valid: 91.15% Test: 78.30%
Run: 02, Epoch: 11, Loss: 0.4583
Run: 02, Epoch: 12, Loss: 0.4595
Run: 02, Epoch: 12, Train: 89.42%, Valid: 91.28% Test: 78.42%
Run: 02, Epoch: 13, Loss: 0.4529
Run: 02, Epoch: 14, Loss: 0.4484
Run: 02, Epoch: 14, Train: 89.55%, Valid: 91.37% Test: 78.31%
Run: 02, Epoch: 15, Loss: 0.4447
Run: 02, Epoch: 16, Loss: 0.4408
Run: 02, Epoch: 16, Train: 89.83%, Valid: 91.39% Test: 78.78%
Run: 02, Epoch: 17, Loss: 0.4419
Run: 02, Epoch: 18, Loss: 0.4364
Run: 02, Epoch: 18, Train: 89.88%, Valid: 91.32% Test: 78.10%
Run: 02, Epoch: 19, Loss: 0.4325
Run: 02, Epoch: 20, Loss: 0.4329
Run: 02, Epoch: 20, Train: 89.76%, Valid: 91.46% Test: 78.69%
Run 02:
Highest Train: 89.88
Highest Valid: 91.46
  Final Train: 89.76
   Final Test: 78.69
Run: 03, Epoch: 01, Loss: 1.5562
Run: 03, Epoch: 02, Loss: 0.6808
Run: 03, Epoch: 03, Loss: 0.5921
Run: 03, Epoch: 04, Loss: 0.5537
Run: 03, Epoch: 05, Loss: 0.5240
Run: 03, Epoch: 06, Loss: 0.5095
Run: 03, Epoch: 07, Loss: 0.4936
Run: 03, Epoch: 08, Loss: 0.4905
Run: 03, Epoch: 09, Loss: 0.4750
Run: 03, Epoch: 10, Loss: 0.4646
Run: 03, Epoch: 10, Train: 88.79%, Valid: 91.12% Test: 78.46%
Run: 03, Epoch: 11, Loss: 0.4597
Run: 03, Epoch: 12, Loss: 0.4604
Run: 03, Epoch: 12, Train: 89.28%, Valid: 91.12% Test: 78.81%
Run: 03, Epoch: 13, Loss: 0.4544
Run: 03, Epoch: 14, Loss: 0.4510
Run: 03, Epoch: 14, Train: 89.48%, Valid: 91.23% Test: 78.80%
Run: 03, Epoch: 15, Loss: 0.4483
Run: 03, Epoch: 16, Loss: 0.4472
Run: 03, Epoch: 16, Train: 89.77%, Valid: 91.54% Test: 78.62%
Run: 03, Epoch: 17, Loss: 0.4438
Run: 03, Epoch: 18, Loss: 0.4414
Run: 03, Epoch: 18, Train: 89.75%, Valid: 91.41% Test: 79.26%
Run: 03, Epoch: 19, Loss: 0.4387
Run: 03, Epoch: 20, Loss: 0.4354
Run: 03, Epoch: 20, Train: 89.85%, Valid: 91.49% Test: 78.33%
Run 03:
Highest Train: 89.85
Highest Valid: 91.54
  Final Train: 89.77
   Final Test: 78.62
Run: 04, Epoch: 01, Loss: 1.4760
Run: 04, Epoch: 02, Loss: 0.6737
Run: 04, Epoch: 03, Loss: 0.5791
Run: 04, Epoch: 04, Loss: 0.5417
Run: 04, Epoch: 05, Loss: 0.5166
Run: 04, Epoch: 06, Loss: 0.5029
Run: 04, Epoch: 07, Loss: 0.4913
Run: 04, Epoch: 08, Loss: 0.4782
Run: 04, Epoch: 09, Loss: 0.4731
Run: 04, Epoch: 10, Loss: 0.4662
Run: 04, Epoch: 10, Train: 89.08%, Valid: 91.13% Test: 78.71%
Run: 04, Epoch: 11, Loss: 0.4603
Run: 04, Epoch: 12, Loss: 0.4537
Run: 04, Epoch: 12, Train: 89.42%, Valid: 91.23% Test: 78.31%
Run: 04, Epoch: 13, Loss: 0.4529
Run: 04, Epoch: 14, Loss: 0.4472
Run: 04, Epoch: 14, Train: 89.62%, Valid: 91.32% Test: 77.47%
Run: 04, Epoch: 15, Loss: 0.4447
Run: 04, Epoch: 16, Loss: 0.4476
Run: 04, Epoch: 16, Train: 89.88%, Valid: 91.42% Test: 79.14%
Run: 04, Epoch: 17, Loss: 0.4419
Run: 04, Epoch: 18, Loss: 0.4390
Run: 04, Epoch: 18, Train: 89.92%, Valid: 91.49% Test: 78.14%
Run: 04, Epoch: 19, Loss: 0.4332
Run: 04, Epoch: 20, Loss: 0.4316
Run: 04, Epoch: 20, Train: 90.08%, Valid: 91.45% Test: 78.96%
Run 04:
Highest Train: 90.08
Highest Valid: 91.49
  Final Train: 89.92
   Final Test: 78.14
Run: 05, Epoch: 01, Loss: 1.3849
Run: 05, Epoch: 02, Loss: 0.6589
Run: 05, Epoch: 03, Loss: 0.5731
Run: 05, Epoch: 04, Loss: 0.5318
Run: 05, Epoch: 05, Loss: 0.5086
Run: 05, Epoch: 06, Loss: 0.4949
Run: 05, Epoch: 07, Loss: 0.4838
Run: 05, Epoch: 08, Loss: 0.4719
Run: 05, Epoch: 09, Loss: 0.4657
Run: 05, Epoch: 10, Loss: 0.4597
Run: 05, Epoch: 10, Train: 89.07%, Valid: 91.05% Test: 78.15%
Run: 05, Epoch: 11, Loss: 0.4540
Run: 05, Epoch: 12, Loss: 0.4471
Run: 05, Epoch: 12, Train: 89.51%, Valid: 91.19% Test: 78.04%
Run: 05, Epoch: 13, Loss: 0.4458
Run: 05, Epoch: 14, Loss: 0.4425
Run: 05, Epoch: 14, Train: 89.77%, Valid: 91.51% Test: 78.24%
Run: 05, Epoch: 15, Loss: 0.4388
Run: 05, Epoch: 16, Loss: 0.4377
Run: 05, Epoch: 16, Train: 89.75%, Valid: 91.35% Test: 78.40%
Run: 05, Epoch: 17, Loss: 0.4322
Run: 05, Epoch: 18, Loss: 0.4326
Run: 05, Epoch: 18, Train: 89.80%, Valid: 91.41% Test: 77.57%
Run: 05, Epoch: 19, Loss: 0.4288
Run: 05, Epoch: 20, Loss: 0.4327
Run: 05, Epoch: 20, Train: 90.24%, Valid: 91.50% Test: 78.48%
Run 05:
Highest Train: 90.24
Highest Valid: 91.51
  Final Train: 89.77
   Final Test: 78.24
Run: 06, Epoch: 01, Loss: 1.4131
Run: 06, Epoch: 02, Loss: 0.6623
Run: 06, Epoch: 03, Loss: 0.5818
Run: 06, Epoch: 04, Loss: 0.5325
Run: 06, Epoch: 05, Loss: 0.5169
Run: 06, Epoch: 06, Loss: 0.5040
Run: 06, Epoch: 07, Loss: 0.4915
Run: 06, Epoch: 08, Loss: 0.4775
Run: 06, Epoch: 09, Loss: 0.4683
Run: 06, Epoch: 10, Loss: 0.4647
Run: 06, Epoch: 10, Train: 89.29%, Valid: 91.27% Test: 78.87%
Run: 06, Epoch: 11, Loss: 0.4537
Run: 06, Epoch: 12, Loss: 0.4548
Run: 06, Epoch: 12, Train: 89.36%, Valid: 91.18% Test: 78.31%
Run: 06, Epoch: 13, Loss: 0.4490
Run: 06, Epoch: 14, Loss: 0.4445
Run: 06, Epoch: 14, Train: 89.38%, Valid: 91.20% Test: 78.96%
Run: 06, Epoch: 15, Loss: 0.4430
Run: 06, Epoch: 16, Loss: 0.4398
Run: 06, Epoch: 16, Train: 89.85%, Valid: 91.50% Test: 78.62%
Run: 06, Epoch: 17, Loss: 0.4387
Run: 06, Epoch: 18, Loss: 0.4343
Run: 06, Epoch: 18, Train: 90.03%, Valid: 91.49% Test: 78.70%
Run: 06, Epoch: 19, Loss: 0.4364
Run: 06, Epoch: 20, Loss: 0.4325
Run: 06, Epoch: 20, Train: 90.15%, Valid: 91.39% Test: 78.91%
Run 06:
Highest Train: 90.15
Highest Valid: 91.50
  Final Train: 89.85
   Final Test: 78.62
Run: 07, Epoch: 01, Loss: 1.4970
Run: 07, Epoch: 02, Loss: 0.6762
Run: 07, Epoch: 03, Loss: 0.5950
Run: 07, Epoch: 04, Loss: 0.5460
Run: 07, Epoch: 05, Loss: 0.5187
Run: 07, Epoch: 06, Loss: 0.5054
Run: 07, Epoch: 07, Loss: 0.4894
Run: 07, Epoch: 08, Loss: 0.4785
Run: 07, Epoch: 09, Loss: 0.4681
Run: 07, Epoch: 10, Loss: 0.4716
Run: 07, Epoch: 10, Train: 89.03%, Valid: 90.97% Test: 77.92%
Run: 07, Epoch: 11, Loss: 0.4621
Run: 07, Epoch: 12, Loss: 0.4576
Run: 07, Epoch: 12, Train: 89.14%, Valid: 91.18% Test: 78.16%
Run: 07, Epoch: 13, Loss: 0.4500
Run: 07, Epoch: 14, Loss: 0.4468
Run: 07, Epoch: 14, Train: 89.60%, Valid: 91.37% Test: 78.45%
Run: 07, Epoch: 15, Loss: 0.4429
Run: 07, Epoch: 16, Loss: 0.4461
Run: 07, Epoch: 16, Train: 89.69%, Valid: 91.49% Test: 78.23%
Run: 07, Epoch: 17, Loss: 0.4358
Run: 07, Epoch: 18, Loss: 0.4358
Run: 07, Epoch: 18, Train: 90.10%, Valid: 91.69% Test: 78.46%
Run: 07, Epoch: 19, Loss: 0.4329
Run: 07, Epoch: 20, Loss: 0.4302
Run: 07, Epoch: 20, Train: 90.24%, Valid: 91.76% Test: 78.36%
Run 07:
Highest Train: 90.24
Highest Valid: 91.76
  Final Train: 90.24
   Final Test: 78.36
Run: 08, Epoch: 01, Loss: 1.3315
Run: 08, Epoch: 02, Loss: 0.6563
Run: 08, Epoch: 03, Loss: 0.5756
Run: 08, Epoch: 04, Loss: 0.5349
Run: 08, Epoch: 05, Loss: 0.5134
Run: 08, Epoch: 06, Loss: 0.4958
Run: 08, Epoch: 07, Loss: 0.4766
Run: 08, Epoch: 08, Loss: 0.4764
Run: 08, Epoch: 09, Loss: 0.4673
Run: 08, Epoch: 10, Loss: 0.4612
Run: 08, Epoch: 10, Train: 89.00%, Valid: 91.38% Test: 78.36%
Run: 08, Epoch: 11, Loss: 0.4596
Run: 08, Epoch: 12, Loss: 0.4499
Run: 08, Epoch: 12, Train: 89.39%, Valid: 91.42% Test: 78.95%
Run: 08, Epoch: 13, Loss: 0.4476
Run: 08, Epoch: 14, Loss: 0.4435
Run: 08, Epoch: 14, Train: 89.63%, Valid: 91.60% Test: 78.36%
Run: 08, Epoch: 15, Loss: 0.4378
Run: 08, Epoch: 16, Loss: 0.4386
Run: 08, Epoch: 16, Train: 89.86%, Valid: 91.78% Test: 78.15%
Run: 08, Epoch: 17, Loss: 0.4325
Run: 08, Epoch: 18, Loss: 0.4374
Run: 08, Epoch: 18, Train: 90.00%, Valid: 91.66% Test: 78.52%
Run: 08, Epoch: 19, Loss: 0.4278
Run: 08, Epoch: 20, Loss: 0.4327
Run: 08, Epoch: 20, Train: 89.94%, Valid: 91.42% Test: 78.77%
Run 08:
Highest Train: 90.00
Highest Valid: 91.78
  Final Train: 89.86
   Final Test: 78.15
Run: 09, Epoch: 01, Loss: 1.4017
Run: 09, Epoch: 02, Loss: 0.6608
Run: 09, Epoch: 03, Loss: 0.5749
Run: 09, Epoch: 04, Loss: 0.5339
Run: 09, Epoch: 05, Loss: 0.5154
Run: 09, Epoch: 06, Loss: 0.4974
Run: 09, Epoch: 07, Loss: 0.4843
Run: 09, Epoch: 08, Loss: 0.4746
Run: 09, Epoch: 09, Loss: 0.4707
Run: 09, Epoch: 10, Loss: 0.4602
Run: 09, Epoch: 10, Train: 89.04%, Valid: 91.19% Test: 78.18%
Run: 09, Epoch: 11, Loss: 0.4581
Run: 09, Epoch: 12, Loss: 0.4497
Run: 09, Epoch: 12, Train: 89.36%, Valid: 91.14% Test: 77.85%
Run: 09, Epoch: 13, Loss: 0.4489
Run: 09, Epoch: 14, Loss: 0.4486
Run: 09, Epoch: 14, Train: 89.65%, Valid: 91.30% Test: 77.91%
Run: 09, Epoch: 15, Loss: 0.4405
Run: 09, Epoch: 16, Loss: 0.4394
Run: 09, Epoch: 16, Train: 89.82%, Valid: 91.46% Test: 78.61%
Run: 09, Epoch: 17, Loss: 0.4305
Run: 09, Epoch: 18, Loss: 0.4330
Run: 09, Epoch: 18, Train: 89.95%, Valid: 91.52% Test: 78.12%
Run: 09, Epoch: 19, Loss: 0.4312
Run: 09, Epoch: 20, Loss: 0.4285
Run: 09, Epoch: 20, Train: 90.17%, Valid: 91.48% Test: 78.74%
Run 09:
Highest Train: 90.17
Highest Valid: 91.52
  Final Train: 89.95
   Final Test: 78.12
Run: 10, Epoch: 01, Loss: 1.4355
Run: 10, Epoch: 02, Loss: 0.6676
Run: 10, Epoch: 03, Loss: 0.5808
Run: 10, Epoch: 04, Loss: 0.5466
Run: 10, Epoch: 05, Loss: 0.5227
Run: 10, Epoch: 06, Loss: 0.5040
Run: 10, Epoch: 07, Loss: 0.4835
Run: 10, Epoch: 08, Loss: 0.4834
Run: 10, Epoch: 09, Loss: 0.4773
Run: 10, Epoch: 10, Loss: 0.4645
Run: 10, Epoch: 10, Train: 89.16%, Valid: 91.23% Test: 78.08%
Run: 10, Epoch: 11, Loss: 0.4541
Run: 10, Epoch: 12, Loss: 0.4529
Run: 10, Epoch: 12, Train: 89.14%, Valid: 91.37% Test: 78.66%
Run: 10, Epoch: 13, Loss: 0.4515
Run: 10, Epoch: 14, Loss: 0.4473
Run: 10, Epoch: 14, Train: 89.45%, Valid: 91.33% Test: 79.08%
Run: 10, Epoch: 15, Loss: 0.4501
Run: 10, Epoch: 16, Loss: 0.4426
Run: 10, Epoch: 16, Train: 89.63%, Valid: 91.38% Test: 78.34%
Run: 10, Epoch: 17, Loss: 0.4367
Run: 10, Epoch: 18, Loss: 0.4406
Run: 10, Epoch: 18, Train: 89.77%, Valid: 91.36% Test: 79.04%
Run: 10, Epoch: 19, Loss: 0.4355
Run: 10, Epoch: 20, Loss: 0.4387
Run: 10, Epoch: 20, Train: 89.81%, Valid: 91.39% Test: 79.15%
Run 10:
Highest Train: 89.81
Highest Valid: 91.39
  Final Train: 89.81
   Final Test: 79.15
All runs:
Highest Train: 90.04 ± 0.17
Highest Valid: 91.53 ± 0.13
  Final Train: 89.88 ± 0.14
   Final Test: 78.46 ± 0.33
