Namespace(device=0, log_steps=1, inductive=False, num_layers=3, hidden_channels=256, dropout=0.5, batch_size=20000, walk_length=3, lr=0.01, num_steps=30, epochs=20, eval_steps=2, runs=10, rsv=0.65, al='el2n', alpha=0.7)
tensor([ 99311, 131369,  15223,  ..., 114466,  44961,     54]) 127800
tensor([222340, 232877, 217134,  ..., 199739, 221009, 221526]) 25559
Run: 01, Epoch: 01, Loss: 1.5118
Run: 01, Epoch: 02, Loss: 0.6767
Run: 01, Epoch: 03, Loss: 0.5843
Run: 01, Epoch: 04, Loss: 0.5409
Run: 01, Epoch: 05, Loss: 0.5175
Run: 01, Epoch: 06, Loss: 0.5002
Run: 01, Epoch: 07, Loss: 0.4867
Run: 01, Epoch: 08, Loss: 0.4797
Run: 01, Epoch: 09, Loss: 0.4709
Run: 01, Epoch: 10, Loss: 0.4670
Run: 01, Epoch: 10, Train: 89.31%, Valid: 91.31% Test: 78.30%
Run: 01, Epoch: 11, Loss: 0.4591
Run: 01, Epoch: 12, Loss: 0.4509
Run: 01, Epoch: 12, Train: 89.46%, Valid: 91.36% Test: 78.74%
Run: 01, Epoch: 13, Loss: 0.4507
Run: 01, Epoch: 14, Loss: 0.4487
Run: 01, Epoch: 14, Train: 89.65%, Valid: 91.50% Test: 79.46%
Run: 01, Epoch: 15, Loss: 0.4413
Run: 01, Epoch: 16, Loss: 0.4396
Run: 01, Epoch: 16, Train: 89.82%, Valid: 91.55% Test: 79.18%
Run: 01, Epoch: 17, Loss: 0.4355
Run: 01, Epoch: 18, Loss: 0.4400
Run: 01, Epoch: 18, Train: 89.88%, Valid: 91.57% Test: 78.50%
Run: 01, Epoch: 19, Loss: 0.4338
Run: 01, Epoch: 20, Loss: 0.4348
Run: 01, Epoch: 20, Train: 89.98%, Valid: 91.51% Test: 78.86%
Run 01:
Highest Train: 89.98
Highest Valid: 91.57
  Final Train: 89.88
   Final Test: 78.50
Run: 02, Epoch: 01, Loss: 1.5481
Run: 02, Epoch: 02, Loss: 0.6800
Run: 02, Epoch: 03, Loss: 0.5882
Run: 02, Epoch: 04, Loss: 0.5479
Run: 02, Epoch: 05, Loss: 0.5207
Run: 02, Epoch: 06, Loss: 0.5045
Run: 02, Epoch: 07, Loss: 0.4895
Run: 02, Epoch: 08, Loss: 0.4802
Run: 02, Epoch: 09, Loss: 0.4774
Run: 02, Epoch: 10, Loss: 0.4684
Run: 02, Epoch: 10, Train: 89.11%, Valid: 91.36% Test: 78.66%
Run: 02, Epoch: 11, Loss: 0.4567
Run: 02, Epoch: 12, Loss: 0.4566
Run: 02, Epoch: 12, Train: 89.53%, Valid: 91.37% Test: 78.96%
Run: 02, Epoch: 13, Loss: 0.4506
Run: 02, Epoch: 14, Loss: 0.4484
Run: 02, Epoch: 14, Train: 89.64%, Valid: 91.47% Test: 78.85%
Run: 02, Epoch: 15, Loss: 0.4435
Run: 02, Epoch: 16, Loss: 0.4409
Run: 02, Epoch: 16, Train: 89.92%, Valid: 91.48% Test: 78.86%
Run: 02, Epoch: 17, Loss: 0.4429
Run: 02, Epoch: 18, Loss: 0.4372
Run: 02, Epoch: 18, Train: 89.85%, Valid: 91.51% Test: 78.44%
Run: 02, Epoch: 19, Loss: 0.4336
Run: 02, Epoch: 20, Loss: 0.4339
Run: 02, Epoch: 20, Train: 89.84%, Valid: 91.42% Test: 78.53%
Run 02:
Highest Train: 89.92
Highest Valid: 91.51
  Final Train: 89.85
   Final Test: 78.44
Run: 03, Epoch: 01, Loss: 1.5504
Run: 03, Epoch: 02, Loss: 0.6800
Run: 03, Epoch: 03, Loss: 0.5920
Run: 03, Epoch: 04, Loss: 0.5520
Run: 03, Epoch: 05, Loss: 0.5236
Run: 03, Epoch: 06, Loss: 0.5066
Run: 03, Epoch: 07, Loss: 0.4906
Run: 03, Epoch: 08, Loss: 0.4861
Run: 03, Epoch: 09, Loss: 0.4735
Run: 03, Epoch: 10, Loss: 0.4671
Run: 03, Epoch: 10, Train: 89.01%, Valid: 91.22% Test: 78.81%
Run: 03, Epoch: 11, Loss: 0.4622
Run: 03, Epoch: 12, Loss: 0.4589
Run: 03, Epoch: 12, Train: 89.29%, Valid: 91.42% Test: 78.78%
Run: 03, Epoch: 13, Loss: 0.4539
Run: 03, Epoch: 14, Loss: 0.4523
Run: 03, Epoch: 14, Train: 89.33%, Valid: 91.45% Test: 79.06%
Run: 03, Epoch: 15, Loss: 0.4487
Run: 03, Epoch: 16, Loss: 0.4477
Run: 03, Epoch: 16, Train: 89.53%, Valid: 91.58% Test: 78.58%
Run: 03, Epoch: 17, Loss: 0.4443
Run: 03, Epoch: 18, Loss: 0.4426
Run: 03, Epoch: 18, Train: 89.67%, Valid: 91.40% Test: 79.07%
Run: 03, Epoch: 19, Loss: 0.4395
Run: 03, Epoch: 20, Loss: 0.4375
Run: 03, Epoch: 20, Train: 89.79%, Valid: 91.70% Test: 78.53%
Run 03:
Highest Train: 89.79
Highest Valid: 91.70
  Final Train: 89.79
   Final Test: 78.53
Run: 04, Epoch: 01, Loss: 1.4708
Run: 04, Epoch: 02, Loss: 0.6732
Run: 04, Epoch: 03, Loss: 0.5810
Run: 04, Epoch: 04, Loss: 0.5417
Run: 04, Epoch: 05, Loss: 0.5170
Run: 04, Epoch: 06, Loss: 0.5037
Run: 04, Epoch: 07, Loss: 0.4912
Run: 04, Epoch: 08, Loss: 0.4795
Run: 04, Epoch: 09, Loss: 0.4744
Run: 04, Epoch: 10, Loss: 0.4653
Run: 04, Epoch: 10, Train: 89.18%, Valid: 91.26% Test: 79.26%
Run: 04, Epoch: 11, Loss: 0.4588
Run: 04, Epoch: 12, Loss: 0.4523
Run: 04, Epoch: 12, Train: 89.44%, Valid: 91.48% Test: 78.82%
Run: 04, Epoch: 13, Loss: 0.4529
Run: 04, Epoch: 14, Loss: 0.4471
Run: 04, Epoch: 14, Train: 89.50%, Valid: 91.50% Test: 78.35%
Run: 04, Epoch: 15, Loss: 0.4461
Run: 04, Epoch: 16, Loss: 0.4455
Run: 04, Epoch: 16, Train: 89.99%, Valid: 91.65% Test: 79.35%
Run: 04, Epoch: 17, Loss: 0.4394
Run: 04, Epoch: 18, Loss: 0.4402
Run: 04, Epoch: 18, Train: 89.91%, Valid: 91.60% Test: 79.03%
Run: 04, Epoch: 19, Loss: 0.4349
Run: 04, Epoch: 20, Loss: 0.4300
Run: 04, Epoch: 20, Train: 90.14%, Valid: 91.68% Test: 79.07%
Run 04:
Highest Train: 90.14
Highest Valid: 91.68
  Final Train: 90.14
   Final Test: 79.07
Run: 05, Epoch: 01, Loss: 1.3834
Run: 05, Epoch: 02, Loss: 0.6584
Run: 05, Epoch: 03, Loss: 0.5732
Run: 05, Epoch: 04, Loss: 0.5332
Run: 05, Epoch: 05, Loss: 0.5080
Run: 05, Epoch: 06, Loss: 0.4935
Run: 05, Epoch: 07, Loss: 0.4837
Run: 05, Epoch: 08, Loss: 0.4745
Run: 05, Epoch: 09, Loss: 0.4657
Run: 05, Epoch: 10, Loss: 0.4582
Run: 05, Epoch: 10, Train: 89.21%, Valid: 91.02% Test: 78.66%
Run: 05, Epoch: 11, Loss: 0.4535
Run: 05, Epoch: 12, Loss: 0.4462
Run: 05, Epoch: 12, Train: 89.58%, Valid: 91.29% Test: 78.69%
Run: 05, Epoch: 13, Loss: 0.4442
Run: 05, Epoch: 14, Loss: 0.4431
Run: 05, Epoch: 14, Train: 89.84%, Valid: 91.40% Test: 78.58%
Run: 05, Epoch: 15, Loss: 0.4387
Run: 05, Epoch: 16, Loss: 0.4389
Run: 05, Epoch: 16, Train: 89.76%, Valid: 91.50% Test: 78.55%
Run: 05, Epoch: 17, Loss: 0.4302
Run: 05, Epoch: 18, Loss: 0.4294
Run: 05, Epoch: 18, Train: 89.97%, Valid: 91.42% Test: 78.50%
Run: 05, Epoch: 19, Loss: 0.4280
Run: 05, Epoch: 20, Loss: 0.4307
Run: 05, Epoch: 20, Train: 90.22%, Valid: 91.53% Test: 78.81%
Run 05:
Highest Train: 90.22
Highest Valid: 91.53
  Final Train: 90.22
   Final Test: 78.81
Run: 06, Epoch: 01, Loss: 1.4086
Run: 06, Epoch: 02, Loss: 0.6583
Run: 06, Epoch: 03, Loss: 0.5776
Run: 06, Epoch: 04, Loss: 0.5315
Run: 06, Epoch: 05, Loss: 0.5133
Run: 06, Epoch: 06, Loss: 0.4987
Run: 06, Epoch: 07, Loss: 0.4856
Run: 06, Epoch: 08, Loss: 0.4774
Run: 06, Epoch: 09, Loss: 0.4674
Run: 06, Epoch: 10, Loss: 0.4616
Run: 06, Epoch: 10, Train: 89.25%, Valid: 91.35% Test: 78.82%
Run: 06, Epoch: 11, Loss: 0.4554
Run: 06, Epoch: 12, Loss: 0.4518
Run: 06, Epoch: 12, Train: 89.65%, Valid: 91.27% Test: 78.81%
Run: 06, Epoch: 13, Loss: 0.4453
Run: 06, Epoch: 14, Loss: 0.4403
Run: 06, Epoch: 14, Train: 89.56%, Valid: 91.40% Test: 79.08%
Run: 06, Epoch: 15, Loss: 0.4442
Run: 06, Epoch: 16, Loss: 0.4408
Run: 06, Epoch: 16, Train: 89.85%, Valid: 91.61% Test: 79.04%
Run: 06, Epoch: 17, Loss: 0.4364
Run: 06, Epoch: 18, Loss: 0.4384
Run: 06, Epoch: 18, Train: 89.86%, Valid: 91.55% Test: 78.53%
Run: 06, Epoch: 19, Loss: 0.4330
Run: 06, Epoch: 20, Loss: 0.4309
Run: 06, Epoch: 20, Train: 90.26%, Valid: 91.68% Test: 79.07%
Run 06:
Highest Train: 90.26
Highest Valid: 91.68
  Final Train: 90.26
   Final Test: 79.07
Run: 07, Epoch: 01, Loss: 1.4986
Run: 07, Epoch: 02, Loss: 0.6771
Run: 07, Epoch: 03, Loss: 0.5928
Run: 07, Epoch: 04, Loss: 0.5447
Run: 07, Epoch: 05, Loss: 0.5202
Run: 07, Epoch: 06, Loss: 0.5022
Run: 07, Epoch: 07, Loss: 0.4909
Run: 07, Epoch: 08, Loss: 0.4795
Run: 07, Epoch: 09, Loss: 0.4689
Run: 07, Epoch: 10, Loss: 0.4695
Run: 07, Epoch: 10, Train: 89.25%, Valid: 91.28% Test: 78.19%
Run: 07, Epoch: 11, Loss: 0.4605
Run: 07, Epoch: 12, Loss: 0.4561
Run: 07, Epoch: 12, Train: 89.50%, Valid: 91.51% Test: 79.06%
Run: 07, Epoch: 13, Loss: 0.4512
Run: 07, Epoch: 14, Loss: 0.4494
Run: 07, Epoch: 14, Train: 89.73%, Valid: 91.48% Test: 78.74%
Run: 07, Epoch: 15, Loss: 0.4447
Run: 07, Epoch: 16, Loss: 0.4468
Run: 07, Epoch: 16, Train: 89.77%, Valid: 91.55% Test: 78.18%
Run: 07, Epoch: 17, Loss: 0.4401
Run: 07, Epoch: 18, Loss: 0.4399
Run: 07, Epoch: 18, Train: 89.79%, Valid: 91.73% Test: 78.52%
Run: 07, Epoch: 19, Loss: 0.4352
Run: 07, Epoch: 20, Loss: 0.4316
Run: 07, Epoch: 20, Train: 89.94%, Valid: 91.72% Test: 79.08%
Run 07:
Highest Train: 89.94
Highest Valid: 91.73
  Final Train: 89.79
   Final Test: 78.52
Run: 08, Epoch: 01, Loss: 1.3249
Run: 08, Epoch: 02, Loss: 0.6530
Run: 08, Epoch: 03, Loss: 0.5726
Run: 08, Epoch: 04, Loss: 0.5344
Run: 08, Epoch: 05, Loss: 0.5126
Run: 08, Epoch: 06, Loss: 0.4971
Run: 08, Epoch: 07, Loss: 0.4763
Run: 08, Epoch: 08, Loss: 0.4750
Run: 08, Epoch: 09, Loss: 0.4687
Run: 08, Epoch: 10, Loss: 0.4618
Run: 08, Epoch: 10, Train: 89.23%, Valid: 91.43% Test: 78.56%
Run: 08, Epoch: 11, Loss: 0.4577
Run: 08, Epoch: 12, Loss: 0.4523
Run: 08, Epoch: 12, Train: 89.34%, Valid: 91.43% Test: 78.89%
Run: 08, Epoch: 13, Loss: 0.4475
Run: 08, Epoch: 14, Loss: 0.4452
Run: 08, Epoch: 14, Train: 89.66%, Valid: 91.60% Test: 78.73%
Run: 08, Epoch: 15, Loss: 0.4424
Run: 08, Epoch: 16, Loss: 0.4377
Run: 08, Epoch: 16, Train: 89.91%, Valid: 91.92% Test: 78.52%
Run: 08, Epoch: 17, Loss: 0.4335
Run: 08, Epoch: 18, Loss: 0.4378
Run: 08, Epoch: 18, Train: 90.18%, Valid: 91.90% Test: 78.79%
Run: 08, Epoch: 19, Loss: 0.4303
Run: 08, Epoch: 20, Loss: 0.4342
Run: 08, Epoch: 20, Train: 90.09%, Valid: 91.74% Test: 79.41%
Run 08:
Highest Train: 90.18
Highest Valid: 91.92
  Final Train: 89.91
   Final Test: 78.52
Run: 09, Epoch: 01, Loss: 1.3935
Run: 09, Epoch: 02, Loss: 0.6600
Run: 09, Epoch: 03, Loss: 0.5730
Run: 09, Epoch: 04, Loss: 0.5315
Run: 09, Epoch: 05, Loss: 0.5127
Run: 09, Epoch: 06, Loss: 0.4936
Run: 09, Epoch: 07, Loss: 0.4797
Run: 09, Epoch: 08, Loss: 0.4719
Run: 09, Epoch: 09, Loss: 0.4675
Run: 09, Epoch: 10, Loss: 0.4597
Run: 09, Epoch: 10, Train: 89.24%, Valid: 91.22% Test: 78.55%
Run: 09, Epoch: 11, Loss: 0.4553
Run: 09, Epoch: 12, Loss: 0.4465
Run: 09, Epoch: 12, Train: 89.54%, Valid: 91.44% Test: 78.05%
Run: 09, Epoch: 13, Loss: 0.4464
Run: 09, Epoch: 14, Loss: 0.4512
Run: 09, Epoch: 14, Train: 89.60%, Valid: 91.44% Test: 78.14%
Run: 09, Epoch: 15, Loss: 0.4432
Run: 09, Epoch: 16, Loss: 0.4377
Run: 09, Epoch: 16, Train: 89.89%, Valid: 91.50% Test: 78.72%
Run: 09, Epoch: 17, Loss: 0.4317
Run: 09, Epoch: 18, Loss: 0.4310
Run: 09, Epoch: 18, Train: 89.98%, Valid: 91.67% Test: 78.54%
Run: 09, Epoch: 19, Loss: 0.4279
Run: 09, Epoch: 20, Loss: 0.4280
Run: 09, Epoch: 20, Train: 90.23%, Valid: 91.69% Test: 78.82%
Run 09:
Highest Train: 90.23
Highest Valid: 91.69
  Final Train: 90.23
   Final Test: 78.82
Run: 10, Epoch: 01, Loss: 1.4363
Run: 10, Epoch: 02, Loss: 0.6661
Run: 10, Epoch: 03, Loss: 0.5761
Run: 10, Epoch: 04, Loss: 0.5417
Run: 10, Epoch: 05, Loss: 0.5197
Run: 10, Epoch: 06, Loss: 0.5020
Run: 10, Epoch: 07, Loss: 0.4821
Run: 10, Epoch: 08, Loss: 0.4812
Run: 10, Epoch: 09, Loss: 0.4711
Run: 10, Epoch: 10, Loss: 0.4645
Run: 10, Epoch: 10, Train: 89.16%, Valid: 91.37% Test: 78.59%
Run: 10, Epoch: 11, Loss: 0.4562
Run: 10, Epoch: 12, Loss: 0.4516
Run: 10, Epoch: 12, Train: 89.55%, Valid: 91.58% Test: 79.13%
Run: 10, Epoch: 13, Loss: 0.4501
Run: 10, Epoch: 14, Loss: 0.4471
Run: 10, Epoch: 14, Train: 89.62%, Valid: 91.56% Test: 79.07%
Run: 10, Epoch: 15, Loss: 0.4466
Run: 10, Epoch: 16, Loss: 0.4401
Run: 10, Epoch: 16, Train: 89.83%, Valid: 91.52% Test: 78.62%
Run: 10, Epoch: 17, Loss: 0.4365
Run: 10, Epoch: 18, Loss: 0.4410
Run: 10, Epoch: 18, Train: 89.84%, Valid: 91.58% Test: 79.30%
Run: 10, Epoch: 19, Loss: 0.4357
Run: 10, Epoch: 20, Loss: 0.4352
Run: 10, Epoch: 20, Train: 89.84%, Valid: 91.58% Test: 78.89%
Run 10:
Highest Train: 89.84
Highest Valid: 91.58
  Final Train: 89.84
   Final Test: 78.89
All runs:
Highest Train: 90.05 ± 0.18
Highest Valid: 91.66 ± 0.12
  Final Train: 89.99 ± 0.20
   Final Test: 78.72 ± 0.24
