Namespace(device=0, log_steps=1, inductive=False, num_layers=3, hidden_channels=256, dropout=0.5, batch_size=20000, walk_length=3, lr=0.01, num_steps=30, epochs=20, eval_steps=2, runs=10, rsv=0.65, al='el2n', alpha=0.8)
tensor([ 99311, 131369,  15223,  ..., 153203,  35561, 143085]) 127800
tensor([222340, 232877, 217134,  ..., 199739, 221009, 221526]) 25559
Run: 01, Epoch: 01, Loss: 1.4467
Run: 01, Epoch: 02, Loss: 0.6089
Run: 01, Epoch: 03, Loss: 0.5219
Run: 01, Epoch: 04, Loss: 0.4852
Run: 01, Epoch: 05, Loss: 0.4642
Run: 01, Epoch: 06, Loss: 0.4442
Run: 01, Epoch: 07, Loss: 0.4308
Run: 01, Epoch: 08, Loss: 0.4231
Run: 01, Epoch: 09, Loss: 0.4170
Run: 01, Epoch: 10, Loss: 0.4141
Run: 01, Epoch: 10, Train: 90.38%, Valid: 91.23% Test: 78.33%
Run: 01, Epoch: 11, Loss: 0.4061
Run: 01, Epoch: 12, Loss: 0.4001
Run: 01, Epoch: 12, Train: 90.51%, Valid: 91.09% Test: 78.43%
Run: 01, Epoch: 13, Loss: 0.3980
Run: 01, Epoch: 14, Loss: 0.3964
Run: 01, Epoch: 14, Train: 90.59%, Valid: 91.26% Test: 79.41%
Run: 01, Epoch: 15, Loss: 0.3899
Run: 01, Epoch: 16, Loss: 0.3867
Run: 01, Epoch: 16, Train: 91.02%, Valid: 91.52% Test: 79.37%
Run: 01, Epoch: 17, Loss: 0.3809
Run: 01, Epoch: 18, Loss: 0.3839
Run: 01, Epoch: 18, Train: 91.00%, Valid: 91.65% Test: 78.31%
Run: 01, Epoch: 19, Loss: 0.3833
Run: 01, Epoch: 20, Loss: 0.3808
Run: 01, Epoch: 20, Train: 91.22%, Valid: 91.47% Test: 78.81%
Run 01:
Highest Train: 91.22
Highest Valid: 91.65
  Final Train: 91.00
   Final Test: 78.31
Run: 02, Epoch: 01, Loss: 1.5461
Run: 02, Epoch: 02, Loss: 0.6181
Run: 02, Epoch: 03, Loss: 0.5301
Run: 02, Epoch: 04, Loss: 0.4892
Run: 02, Epoch: 05, Loss: 0.4657
Run: 02, Epoch: 06, Loss: 0.4487
Run: 02, Epoch: 07, Loss: 0.4353
Run: 02, Epoch: 08, Loss: 0.4257
Run: 02, Epoch: 09, Loss: 0.4247
Run: 02, Epoch: 10, Loss: 0.4142
Run: 02, Epoch: 10, Train: 90.36%, Valid: 91.31% Test: 78.80%
Run: 02, Epoch: 11, Loss: 0.4066
Run: 02, Epoch: 12, Loss: 0.4069
Run: 02, Epoch: 12, Train: 90.62%, Valid: 91.28% Test: 78.81%
Run: 02, Epoch: 13, Loss: 0.4003
Run: 02, Epoch: 14, Loss: 0.3940
Run: 02, Epoch: 14, Train: 90.81%, Valid: 91.24% Test: 78.19%
Run: 02, Epoch: 15, Loss: 0.3942
Run: 02, Epoch: 16, Loss: 0.3915
Run: 02, Epoch: 16, Train: 90.85%, Valid: 91.48% Test: 79.11%
Run: 02, Epoch: 17, Loss: 0.3899
Run: 02, Epoch: 18, Loss: 0.3856
Run: 02, Epoch: 18, Train: 91.01%, Valid: 91.27% Test: 78.25%
Run: 02, Epoch: 19, Loss: 0.3822
Run: 02, Epoch: 20, Loss: 0.3847
Run: 02, Epoch: 20, Train: 90.90%, Valid: 91.34% Test: 78.95%
Run 02:
Highest Train: 91.01
Highest Valid: 91.48
  Final Train: 90.85
   Final Test: 79.11
Run: 03, Epoch: 01, Loss: 1.5065
Run: 03, Epoch: 02, Loss: 0.6179
Run: 03, Epoch: 03, Loss: 0.5287
Run: 03, Epoch: 04, Loss: 0.4954
Run: 03, Epoch: 05, Loss: 0.4676
Run: 03, Epoch: 06, Loss: 0.4521
Run: 03, Epoch: 07, Loss: 0.4392
Run: 03, Epoch: 08, Loss: 0.4280
Run: 03, Epoch: 09, Loss: 0.4185
Run: 03, Epoch: 10, Loss: 0.4104
Run: 03, Epoch: 10, Train: 90.12%, Valid: 90.92% Test: 78.21%
Run: 03, Epoch: 11, Loss: 0.4074
Run: 03, Epoch: 12, Loss: 0.4069
Run: 03, Epoch: 12, Train: 90.49%, Valid: 91.16% Test: 79.07%
Run: 03, Epoch: 13, Loss: 0.4023
Run: 03, Epoch: 14, Loss: 0.3988
Run: 03, Epoch: 14, Train: 90.58%, Valid: 91.17% Test: 79.21%
Run: 03, Epoch: 15, Loss: 0.3962
Run: 03, Epoch: 16, Loss: 0.3930
Run: 03, Epoch: 16, Train: 90.82%, Valid: 91.43% Test: 78.61%
Run: 03, Epoch: 17, Loss: 0.3932
Run: 03, Epoch: 18, Loss: 0.3882
Run: 03, Epoch: 18, Train: 90.92%, Valid: 91.45% Test: 79.23%
Run: 03, Epoch: 19, Loss: 0.3872
Run: 03, Epoch: 20, Loss: 0.3850
Run: 03, Epoch: 20, Train: 91.01%, Valid: 91.60% Test: 78.54%
Run 03:
Highest Train: 91.01
Highest Valid: 91.60
  Final Train: 91.01
   Final Test: 78.54
Run: 04, Epoch: 01, Loss: 1.4337
Run: 04, Epoch: 02, Loss: 0.6107
Run: 04, Epoch: 03, Loss: 0.5230
Run: 04, Epoch: 04, Loss: 0.4855
Run: 04, Epoch: 05, Loss: 0.4615
Run: 04, Epoch: 06, Loss: 0.4499
Run: 04, Epoch: 07, Loss: 0.4364
Run: 04, Epoch: 08, Loss: 0.4257
Run: 04, Epoch: 09, Loss: 0.4242
Run: 04, Epoch: 10, Loss: 0.4150
Run: 04, Epoch: 10, Train: 90.30%, Valid: 91.19% Test: 78.59%
Run: 04, Epoch: 11, Loss: 0.4063
Run: 04, Epoch: 12, Loss: 0.4015
Run: 04, Epoch: 12, Train: 90.62%, Valid: 91.25% Test: 78.62%
Run: 04, Epoch: 13, Loss: 0.3979
Run: 04, Epoch: 14, Loss: 0.3927
Run: 04, Epoch: 14, Train: 90.81%, Valid: 91.32% Test: 77.99%
Run: 04, Epoch: 15, Loss: 0.3923
Run: 04, Epoch: 16, Loss: 0.3944
Run: 04, Epoch: 16, Train: 91.00%, Valid: 91.57% Test: 79.26%
Run: 04, Epoch: 17, Loss: 0.3898
Run: 04, Epoch: 18, Loss: 0.3892
Run: 04, Epoch: 18, Train: 91.07%, Valid: 91.54% Test: 78.55%
Run: 04, Epoch: 19, Loss: 0.3822
Run: 04, Epoch: 20, Loss: 0.3803
Run: 04, Epoch: 20, Train: 91.26%, Valid: 91.58% Test: 79.06%
Run 04:
Highest Train: 91.26
Highest Valid: 91.58
  Final Train: 91.26
   Final Test: 79.06
Run: 05, Epoch: 01, Loss: 1.3213
Run: 05, Epoch: 02, Loss: 0.5922
Run: 05, Epoch: 03, Loss: 0.5126
Run: 05, Epoch: 04, Loss: 0.4744
Run: 05, Epoch: 05, Loss: 0.4516
Run: 05, Epoch: 06, Loss: 0.4364
Run: 05, Epoch: 07, Loss: 0.4293
Run: 05, Epoch: 08, Loss: 0.4177
Run: 05, Epoch: 09, Loss: 0.4139
Run: 05, Epoch: 10, Loss: 0.4064
Run: 05, Epoch: 10, Train: 90.28%, Valid: 90.94% Test: 78.28%
Run: 05, Epoch: 11, Loss: 0.3997
Run: 05, Epoch: 12, Loss: 0.3946
Run: 05, Epoch: 12, Train: 90.74%, Valid: 91.19% Test: 78.52%
Run: 05, Epoch: 13, Loss: 0.3901
Run: 05, Epoch: 14, Loss: 0.3901
Run: 05, Epoch: 14, Train: 90.89%, Valid: 91.57% Test: 78.60%
Run: 05, Epoch: 15, Loss: 0.3843
Run: 05, Epoch: 16, Loss: 0.3846
Run: 05, Epoch: 16, Train: 90.92%, Valid: 91.46% Test: 78.92%
Run: 05, Epoch: 17, Loss: 0.3835
Run: 05, Epoch: 18, Loss: 0.3791
Run: 05, Epoch: 18, Train: 91.06%, Valid: 91.50% Test: 78.30%
Run: 05, Epoch: 19, Loss: 0.3786
Run: 05, Epoch: 20, Loss: 0.3786
Run: 05, Epoch: 20, Train: 91.34%, Valid: 91.48% Test: 79.24%
Run 05:
Highest Train: 91.34
Highest Valid: 91.57
  Final Train: 90.89
   Final Test: 78.60
Run: 06, Epoch: 01, Loss: 1.3427
Run: 06, Epoch: 02, Loss: 0.5934
Run: 06, Epoch: 03, Loss: 0.5173
Run: 06, Epoch: 04, Loss: 0.4711
Run: 06, Epoch: 05, Loss: 0.4584
Run: 06, Epoch: 06, Loss: 0.4459
Run: 06, Epoch: 07, Loss: 0.4315
Run: 06, Epoch: 08, Loss: 0.4239
Run: 06, Epoch: 09, Loss: 0.4137
Run: 06, Epoch: 10, Loss: 0.4108
Run: 06, Epoch: 10, Train: 90.38%, Valid: 90.99% Test: 78.51%
Run: 06, Epoch: 11, Loss: 0.4072
Run: 06, Epoch: 12, Loss: 0.4032
Run: 06, Epoch: 12, Train: 90.78%, Valid: 91.38% Test: 78.62%
Run: 06, Epoch: 13, Loss: 0.3951
Run: 06, Epoch: 14, Loss: 0.3892
Run: 06, Epoch: 14, Train: 90.64%, Valid: 91.53% Test: 78.89%
Run: 06, Epoch: 15, Loss: 0.3901
Run: 06, Epoch: 16, Loss: 0.3883
Run: 06, Epoch: 16, Train: 90.91%, Valid: 91.55% Test: 78.90%
Run: 06, Epoch: 17, Loss: 0.3865
Run: 06, Epoch: 18, Loss: 0.3844
Run: 06, Epoch: 18, Train: 91.08%, Valid: 91.60% Test: 78.54%
Run: 06, Epoch: 19, Loss: 0.3853
Run: 06, Epoch: 20, Loss: 0.3834
Run: 06, Epoch: 20, Train: 91.25%, Valid: 91.60% Test: 78.76%
Run 06:
Highest Train: 91.25
Highest Valid: 91.60
  Final Train: 91.08
   Final Test: 78.54
Run: 07, Epoch: 01, Loss: 1.4996
Run: 07, Epoch: 02, Loss: 0.6193
Run: 07, Epoch: 03, Loss: 0.5339
Run: 07, Epoch: 04, Loss: 0.4869
Run: 07, Epoch: 05, Loss: 0.4637
Run: 07, Epoch: 06, Loss: 0.4493
Run: 07, Epoch: 07, Loss: 0.4348
Run: 07, Epoch: 08, Loss: 0.4255
Run: 07, Epoch: 09, Loss: 0.4174
Run: 07, Epoch: 10, Loss: 0.4179
Run: 07, Epoch: 10, Train: 90.22%, Valid: 91.07% Test: 78.49%
Run: 07, Epoch: 11, Loss: 0.4077
Run: 07, Epoch: 12, Loss: 0.4017
Run: 07, Epoch: 12, Train: 90.42%, Valid: 91.27% Test: 78.96%
Run: 07, Epoch: 13, Loss: 0.3948
Run: 07, Epoch: 14, Loss: 0.3961
Run: 07, Epoch: 14, Train: 90.83%, Valid: 91.25% Test: 79.19%
Run: 07, Epoch: 15, Loss: 0.3914
Run: 07, Epoch: 16, Loss: 0.3928
Run: 07, Epoch: 16, Train: 91.01%, Valid: 91.38% Test: 78.38%
Run: 07, Epoch: 17, Loss: 0.3870
Run: 07, Epoch: 18, Loss: 0.3851
Run: 07, Epoch: 18, Train: 91.05%, Valid: 91.49% Test: 78.76%
Run: 07, Epoch: 19, Loss: 0.3824
Run: 07, Epoch: 20, Loss: 0.3793
Run: 07, Epoch: 20, Train: 91.19%, Valid: 91.40% Test: 78.85%
Run 07:
Highest Train: 91.19
Highest Valid: 91.49
  Final Train: 91.05
   Final Test: 78.76
Run: 08, Epoch: 01, Loss: 1.2800
Run: 08, Epoch: 02, Loss: 0.5887
Run: 08, Epoch: 03, Loss: 0.5096
Run: 08, Epoch: 04, Loss: 0.4739
Run: 08, Epoch: 05, Loss: 0.4536
Run: 08, Epoch: 06, Loss: 0.4359
Run: 08, Epoch: 07, Loss: 0.4199
Run: 08, Epoch: 08, Loss: 0.4194
Run: 08, Epoch: 09, Loss: 0.4125
Run: 08, Epoch: 10, Loss: 0.4088
Run: 08, Epoch: 10, Train: 90.46%, Valid: 91.32% Test: 78.44%
Run: 08, Epoch: 11, Loss: 0.4054
Run: 08, Epoch: 12, Loss: 0.3969
Run: 08, Epoch: 12, Train: 90.70%, Valid: 91.42% Test: 78.70%
Run: 08, Epoch: 13, Loss: 0.3906
Run: 08, Epoch: 14, Loss: 0.3905
Run: 08, Epoch: 14, Train: 90.76%, Valid: 91.35% Test: 78.06%
Run: 08, Epoch: 15, Loss: 0.3879
Run: 08, Epoch: 16, Loss: 0.3861
Run: 08, Epoch: 16, Train: 91.01%, Valid: 91.45% Test: 78.51%
Run: 08, Epoch: 17, Loss: 0.3829
Run: 08, Epoch: 18, Loss: 0.3851
Run: 08, Epoch: 18, Train: 91.32%, Valid: 91.55% Test: 78.42%
Run: 08, Epoch: 19, Loss: 0.3763
Run: 08, Epoch: 20, Loss: 0.3796
Run: 08, Epoch: 20, Train: 91.30%, Valid: 91.64% Test: 78.98%
Run 08:
Highest Train: 91.32
Highest Valid: 91.64
  Final Train: 91.30
   Final Test: 78.98
Run: 09, Epoch: 01, Loss: 1.3782
Run: 09, Epoch: 02, Loss: 0.5947
Run: 09, Epoch: 03, Loss: 0.5107
Run: 09, Epoch: 04, Loss: 0.4754
Run: 09, Epoch: 05, Loss: 0.4551
Run: 09, Epoch: 06, Loss: 0.4399
Run: 09, Epoch: 07, Loss: 0.4268
Run: 09, Epoch: 08, Loss: 0.4186
Run: 09, Epoch: 09, Loss: 0.4152
Run: 09, Epoch: 10, Loss: 0.4097
Run: 09, Epoch: 10, Train: 90.38%, Valid: 91.12% Test: 77.83%
Run: 09, Epoch: 11, Loss: 0.4030
Run: 09, Epoch: 12, Loss: 0.3938
Run: 09, Epoch: 12, Train: 90.81%, Valid: 91.37% Test: 78.14%
Run: 09, Epoch: 13, Loss: 0.3929
Run: 09, Epoch: 14, Loss: 0.3949
Run: 09, Epoch: 14, Train: 90.80%, Valid: 91.29% Test: 77.73%
Run: 09, Epoch: 15, Loss: 0.3910
Run: 09, Epoch: 16, Loss: 0.3874
Run: 09, Epoch: 16, Train: 91.02%, Valid: 91.42% Test: 78.89%
Run: 09, Epoch: 17, Loss: 0.3801
Run: 09, Epoch: 18, Loss: 0.3799
Run: 09, Epoch: 18, Train: 91.25%, Valid: 91.54% Test: 78.84%
Run: 09, Epoch: 19, Loss: 0.3769
Run: 09, Epoch: 20, Loss: 0.3769
Run: 09, Epoch: 20, Train: 91.16%, Valid: 91.52% Test: 78.49%
Run 09:
Highest Train: 91.25
Highest Valid: 91.54
  Final Train: 91.25
   Final Test: 78.84
Run: 10, Epoch: 01, Loss: 1.4233
Run: 10, Epoch: 02, Loss: 0.6056
Run: 10, Epoch: 03, Loss: 0.5199
Run: 10, Epoch: 04, Loss: 0.4864
Run: 10, Epoch: 05, Loss: 0.4671
Run: 10, Epoch: 06, Loss: 0.4482
Run: 10, Epoch: 07, Loss: 0.4298
Run: 10, Epoch: 08, Loss: 0.4254
Run: 10, Epoch: 09, Loss: 0.4182
Run: 10, Epoch: 10, Loss: 0.4112
Run: 10, Epoch: 10, Train: 90.51%, Valid: 91.19% Test: 78.31%
Run: 10, Epoch: 11, Loss: 0.4033
Run: 10, Epoch: 12, Loss: 0.4002
Run: 10, Epoch: 12, Train: 90.54%, Valid: 91.44% Test: 78.62%
Run: 10, Epoch: 13, Loss: 0.3974
Run: 10, Epoch: 14, Loss: 0.3934
Run: 10, Epoch: 14, Train: 90.67%, Valid: 91.35% Test: 79.12%
Run: 10, Epoch: 15, Loss: 0.3954
Run: 10, Epoch: 16, Loss: 0.3864
Run: 10, Epoch: 16, Train: 91.01%, Valid: 91.37% Test: 78.83%
Run: 10, Epoch: 17, Loss: 0.3845
Run: 10, Epoch: 18, Loss: 0.3902
Run: 10, Epoch: 18, Train: 91.00%, Valid: 91.37% Test: 79.12%
Run: 10, Epoch: 19, Loss: 0.3866
Run: 10, Epoch: 20, Loss: 0.3841
Run: 10, Epoch: 20, Train: 91.10%, Valid: 91.43% Test: 78.84%
Run 10:
Highest Train: 91.10
Highest Valid: 91.44
  Final Train: 90.54
   Final Test: 78.62
All runs:
Highest Train: 91.20 ± 0.12
Highest Valid: 91.56 ± 0.07
  Final Train: 91.02 ± 0.23
   Final Test: 78.73 ± 0.26
