Namespace(device=0, log_steps=1, inductive=False, num_layers=3, hidden_channels=256, dropout=0.5, batch_size=20000, walk_length=3, lr=0.01, num_steps=30, epochs=20, eval_steps=2, runs=10, rsv=0.6, al='el2n', alpha=0.7)
tensor([ 99311, 131369,  15223,  ...,  48034,  57839,   6625]) 117969
tensor([222340, 232877, 217134,  ..., 235295, 200932, 206519]) 23593
Run: 01, Epoch: 01, Loss: 1.5178
Run: 01, Epoch: 02, Loss: 0.6786
Run: 01, Epoch: 03, Loss: 0.5842
Run: 01, Epoch: 04, Loss: 0.5409
Run: 01, Epoch: 05, Loss: 0.5188
Run: 01, Epoch: 06, Loss: 0.5013
Run: 01, Epoch: 07, Loss: 0.4873
Run: 01, Epoch: 08, Loss: 0.4812
Run: 01, Epoch: 09, Loss: 0.4717
Run: 01, Epoch: 10, Loss: 0.4692
Run: 01, Epoch: 10, Train: 89.19%, Valid: 91.32% Test: 78.11%
Run: 01, Epoch: 11, Loss: 0.4593
Run: 01, Epoch: 12, Loss: 0.4513
Run: 01, Epoch: 12, Train: 89.35%, Valid: 91.37% Test: 78.44%
Run: 01, Epoch: 13, Loss: 0.4503
Run: 01, Epoch: 14, Loss: 0.4472
Run: 01, Epoch: 14, Train: 89.56%, Valid: 91.40% Test: 79.12%
Run: 01, Epoch: 15, Loss: 0.4411
Run: 01, Epoch: 16, Loss: 0.4376
Run: 01, Epoch: 16, Train: 89.73%, Valid: 91.58% Test: 79.32%
Run: 01, Epoch: 17, Loss: 0.4361
Run: 01, Epoch: 18, Loss: 0.4383
Run: 01, Epoch: 18, Train: 89.78%, Valid: 91.46% Test: 77.94%
Run: 01, Epoch: 19, Loss: 0.4329
Run: 01, Epoch: 20, Loss: 0.4334
Run: 01, Epoch: 20, Train: 89.98%, Valid: 91.51% Test: 78.72%
Run 01:
Highest Train: 89.98
Highest Valid: 91.58
  Final Train: 89.73
   Final Test: 79.32
Run: 02, Epoch: 01, Loss: 1.5436
Run: 02, Epoch: 02, Loss: 0.6793
Run: 02, Epoch: 03, Loss: 0.5874
Run: 02, Epoch: 04, Loss: 0.5473
Run: 02, Epoch: 05, Loss: 0.5201
Run: 02, Epoch: 06, Loss: 0.5036
Run: 02, Epoch: 07, Loss: 0.4890
Run: 02, Epoch: 08, Loss: 0.4818
Run: 02, Epoch: 09, Loss: 0.4801
Run: 02, Epoch: 10, Loss: 0.4695
Run: 02, Epoch: 10, Train: 89.16%, Valid: 91.23% Test: 78.56%
Run: 02, Epoch: 11, Loss: 0.4567
Run: 02, Epoch: 12, Loss: 0.4566
Run: 02, Epoch: 12, Train: 89.48%, Valid: 91.41% Test: 78.66%
Run: 02, Epoch: 13, Loss: 0.4514
Run: 02, Epoch: 14, Loss: 0.4489
Run: 02, Epoch: 14, Train: 89.66%, Valid: 91.44% Test: 78.19%
Run: 02, Epoch: 15, Loss: 0.4453
Run: 02, Epoch: 16, Loss: 0.4442
Run: 02, Epoch: 16, Train: 89.86%, Valid: 91.44% Test: 78.85%
Run: 02, Epoch: 17, Loss: 0.4422
Run: 02, Epoch: 18, Loss: 0.4363
Run: 02, Epoch: 18, Train: 89.98%, Valid: 91.43% Test: 78.35%
Run: 02, Epoch: 19, Loss: 0.4302
Run: 02, Epoch: 20, Loss: 0.4331
Run: 02, Epoch: 20, Train: 89.85%, Valid: 91.56% Test: 78.56%
Run 02:
Highest Train: 89.98
Highest Valid: 91.56
  Final Train: 89.85
   Final Test: 78.56
Run: 03, Epoch: 01, Loss: 1.5565
Run: 03, Epoch: 02, Loss: 0.6816
Run: 03, Epoch: 03, Loss: 0.5923
Run: 03, Epoch: 04, Loss: 0.5532
Run: 03, Epoch: 05, Loss: 0.5236
Run: 03, Epoch: 06, Loss: 0.5066
Run: 03, Epoch: 07, Loss: 0.4954
Run: 03, Epoch: 08, Loss: 0.4872
Run: 03, Epoch: 09, Loss: 0.4720
Run: 03, Epoch: 10, Loss: 0.4642
Run: 03, Epoch: 10, Train: 88.84%, Valid: 91.14% Test: 78.56%
Run: 03, Epoch: 11, Loss: 0.4611
Run: 03, Epoch: 12, Loss: 0.4577
Run: 03, Epoch: 12, Train: 89.38%, Valid: 91.36% Test: 78.63%
Run: 03, Epoch: 13, Loss: 0.4563
Run: 03, Epoch: 14, Loss: 0.4526
Run: 03, Epoch: 14, Train: 89.53%, Valid: 91.51% Test: 78.87%
Run: 03, Epoch: 15, Loss: 0.4475
Run: 03, Epoch: 16, Loss: 0.4473
Run: 03, Epoch: 16, Train: 89.60%, Valid: 91.47% Test: 78.52%
Run: 03, Epoch: 17, Loss: 0.4440
Run: 03, Epoch: 18, Loss: 0.4460
Run: 03, Epoch: 18, Train: 89.74%, Valid: 91.44% Test: 79.25%
Run: 03, Epoch: 19, Loss: 0.4434
Run: 03, Epoch: 20, Loss: 0.4392
Run: 03, Epoch: 20, Train: 89.89%, Valid: 91.57% Test: 78.62%
Run 03:
Highest Train: 89.89
Highest Valid: 91.57
  Final Train: 89.89
   Final Test: 78.62
Run: 04, Epoch: 01, Loss: 1.4781
Run: 04, Epoch: 02, Loss: 0.6735
Run: 04, Epoch: 03, Loss: 0.5813
Run: 04, Epoch: 04, Loss: 0.5439
Run: 04, Epoch: 05, Loss: 0.5171
Run: 04, Epoch: 06, Loss: 0.5058
Run: 04, Epoch: 07, Loss: 0.4931
Run: 04, Epoch: 08, Loss: 0.4804
Run: 04, Epoch: 09, Loss: 0.4740
Run: 04, Epoch: 10, Loss: 0.4645
Run: 04, Epoch: 10, Train: 89.21%, Valid: 91.37% Test: 78.94%
Run: 04, Epoch: 11, Loss: 0.4594
Run: 04, Epoch: 12, Loss: 0.4512
Run: 04, Epoch: 12, Train: 89.49%, Valid: 91.30% Test: 78.74%
Run: 04, Epoch: 13, Loss: 0.4515
Run: 04, Epoch: 14, Loss: 0.4450
Run: 04, Epoch: 14, Train: 89.61%, Valid: 91.40% Test: 78.22%
Run: 04, Epoch: 15, Loss: 0.4431
Run: 04, Epoch: 16, Loss: 0.4466
Run: 04, Epoch: 16, Train: 89.97%, Valid: 91.54% Test: 78.94%
Run: 04, Epoch: 17, Loss: 0.4409
Run: 04, Epoch: 18, Loss: 0.4399
Run: 04, Epoch: 18, Train: 90.02%, Valid: 91.41% Test: 78.56%
Run: 04, Epoch: 19, Loss: 0.4351
Run: 04, Epoch: 20, Loss: 0.4319
Run: 04, Epoch: 20, Train: 90.12%, Valid: 91.59% Test: 78.88%
Run 04:
Highest Train: 90.12
Highest Valid: 91.59
  Final Train: 90.12
   Final Test: 78.88
Run: 05, Epoch: 01, Loss: 1.3844
Run: 05, Epoch: 02, Loss: 0.6571
Run: 05, Epoch: 03, Loss: 0.5716
Run: 05, Epoch: 04, Loss: 0.5311
Run: 05, Epoch: 05, Loss: 0.5068
Run: 05, Epoch: 06, Loss: 0.4899
Run: 05, Epoch: 07, Loss: 0.4834
Run: 05, Epoch: 08, Loss: 0.4728
Run: 05, Epoch: 09, Loss: 0.4658
Run: 05, Epoch: 10, Loss: 0.4579
Run: 05, Epoch: 10, Train: 89.21%, Valid: 91.18% Test: 78.22%
Run: 05, Epoch: 11, Loss: 0.4511
Run: 05, Epoch: 12, Loss: 0.4447
Run: 05, Epoch: 12, Train: 89.54%, Valid: 91.30% Test: 78.52%
Run: 05, Epoch: 13, Loss: 0.4414
Run: 05, Epoch: 14, Loss: 0.4401
Run: 05, Epoch: 14, Train: 90.02%, Valid: 91.56% Test: 78.60%
Run: 05, Epoch: 15, Loss: 0.4379
Run: 05, Epoch: 16, Loss: 0.4403
Run: 05, Epoch: 16, Train: 89.66%, Valid: 91.50% Test: 78.28%
Run: 05, Epoch: 17, Loss: 0.4342
Run: 05, Epoch: 18, Loss: 0.4370
Run: 05, Epoch: 18, Train: 89.80%, Valid: 91.48% Test: 78.17%
Run: 05, Epoch: 19, Loss: 0.4485
Run: 05, Epoch: 20, Loss: 0.4428
Run: 05, Epoch: 20, Train: 90.14%, Valid: 91.62% Test: 78.34%
Run 05:
Highest Train: 90.14
Highest Valid: 91.62
  Final Train: 90.14
   Final Test: 78.34
Run: 06, Epoch: 01, Loss: 1.4061
Run: 06, Epoch: 02, Loss: 0.6578
Run: 06, Epoch: 03, Loss: 0.5797
Run: 06, Epoch: 04, Loss: 0.5317
Run: 06, Epoch: 05, Loss: 0.5142
Run: 06, Epoch: 06, Loss: 0.4987
Run: 06, Epoch: 07, Loss: 0.4844
Run: 06, Epoch: 08, Loss: 0.4760
Run: 06, Epoch: 09, Loss: 0.4656
Run: 06, Epoch: 10, Loss: 0.4602
Run: 06, Epoch: 10, Train: 89.37%, Valid: 91.32% Test: 79.22%
Run: 06, Epoch: 11, Loss: 0.4529
Run: 06, Epoch: 12, Loss: 0.4520
Run: 06, Epoch: 12, Train: 89.73%, Valid: 91.32% Test: 78.99%
Run: 06, Epoch: 13, Loss: 0.4460
Run: 06, Epoch: 14, Loss: 0.4383
Run: 06, Epoch: 14, Train: 89.49%, Valid: 91.45% Test: 79.44%
Run: 06, Epoch: 15, Loss: 0.4436
Run: 06, Epoch: 16, Loss: 0.4408
Run: 06, Epoch: 16, Train: 89.90%, Valid: 91.79% Test: 79.32%
Run: 06, Epoch: 17, Loss: 0.4361
Run: 06, Epoch: 18, Loss: 0.4359
Run: 06, Epoch: 18, Train: 90.12%, Valid: 91.57% Test: 78.83%
Run: 06, Epoch: 19, Loss: 0.4328
Run: 06, Epoch: 20, Loss: 0.4331
Run: 06, Epoch: 20, Train: 90.19%, Valid: 91.63% Test: 79.13%
Run 06:
Highest Train: 90.19
Highest Valid: 91.79
  Final Train: 89.90
   Final Test: 79.32
Run: 07, Epoch: 01, Loss: 1.5103
Run: 07, Epoch: 02, Loss: 0.6790
Run: 07, Epoch: 03, Loss: 0.5942
Run: 07, Epoch: 04, Loss: 0.5432
Run: 07, Epoch: 05, Loss: 0.5196
Run: 07, Epoch: 06, Loss: 0.5024
Run: 07, Epoch: 07, Loss: 0.4890
Run: 07, Epoch: 08, Loss: 0.4772
Run: 07, Epoch: 09, Loss: 0.4696
Run: 07, Epoch: 10, Loss: 0.4713
Run: 07, Epoch: 10, Train: 89.17%, Valid: 91.10% Test: 77.56%
Run: 07, Epoch: 11, Loss: 0.4600
Run: 07, Epoch: 12, Loss: 0.4548
Run: 07, Epoch: 12, Train: 89.49%, Valid: 91.53% Test: 78.73%
Run: 07, Epoch: 13, Loss: 0.4498
Run: 07, Epoch: 14, Loss: 0.4465
Run: 07, Epoch: 14, Train: 89.70%, Valid: 91.48% Test: 79.00%
Run: 07, Epoch: 15, Loss: 0.4431
Run: 07, Epoch: 16, Loss: 0.4452
Run: 07, Epoch: 16, Train: 89.81%, Valid: 91.61% Test: 78.33%
Run: 07, Epoch: 17, Loss: 0.4391
Run: 07, Epoch: 18, Loss: 0.4381
Run: 07, Epoch: 18, Train: 89.91%, Valid: 91.68% Test: 78.47%
Run: 07, Epoch: 19, Loss: 0.4381
Run: 07, Epoch: 20, Loss: 0.4323
Run: 07, Epoch: 20, Train: 90.09%, Valid: 91.54% Test: 78.60%
Run 07:
Highest Train: 90.09
Highest Valid: 91.68
  Final Train: 89.91
   Final Test: 78.47
Run: 08, Epoch: 01, Loss: 1.3326
Run: 08, Epoch: 02, Loss: 0.6558
Run: 08, Epoch: 03, Loss: 0.5740
Run: 08, Epoch: 04, Loss: 0.5342
Run: 08, Epoch: 05, Loss: 0.5118
Run: 08, Epoch: 06, Loss: 0.4942
Run: 08, Epoch: 07, Loss: 0.4758
Run: 08, Epoch: 08, Loss: 0.4736
Run: 08, Epoch: 09, Loss: 0.4676
Run: 08, Epoch: 10, Loss: 0.4596
Run: 08, Epoch: 10, Train: 89.29%, Valid: 91.32% Test: 78.76%
Run: 08, Epoch: 11, Loss: 0.4579
Run: 08, Epoch: 12, Loss: 0.4511
Run: 08, Epoch: 12, Train: 89.48%, Valid: 91.40% Test: 78.66%
Run: 08, Epoch: 13, Loss: 0.4449
Run: 08, Epoch: 14, Loss: 0.4413
Run: 08, Epoch: 14, Train: 89.84%, Valid: 91.61% Test: 78.55%
Run: 08, Epoch: 15, Loss: 0.4379
Run: 08, Epoch: 16, Loss: 0.4371
Run: 08, Epoch: 16, Train: 89.87%, Valid: 91.74% Test: 78.18%
Run: 08, Epoch: 17, Loss: 0.4345
Run: 08, Epoch: 18, Loss: 0.4344
Run: 08, Epoch: 18, Train: 90.24%, Valid: 91.73% Test: 78.31%
Run: 08, Epoch: 19, Loss: 0.4290
Run: 08, Epoch: 20, Loss: 0.4322
Run: 08, Epoch: 20, Train: 90.20%, Valid: 91.80% Test: 79.32%
Run 08:
Highest Train: 90.24
Highest Valid: 91.80
  Final Train: 90.20
   Final Test: 79.32
Run: 09, Epoch: 01, Loss: 1.4016
Run: 09, Epoch: 02, Loss: 0.6626
Run: 09, Epoch: 03, Loss: 0.5750
Run: 09, Epoch: 04, Loss: 0.5349
Run: 09, Epoch: 05, Loss: 0.5144
Run: 09, Epoch: 06, Loss: 0.4958
Run: 09, Epoch: 07, Loss: 0.4823
Run: 09, Epoch: 08, Loss: 0.4731
Run: 09, Epoch: 09, Loss: 0.4685
Run: 09, Epoch: 10, Loss: 0.4605
Run: 09, Epoch: 10, Train: 89.28%, Valid: 91.36% Test: 78.46%
Run: 09, Epoch: 11, Loss: 0.4577
Run: 09, Epoch: 12, Loss: 0.4477
Run: 09, Epoch: 12, Train: 89.59%, Valid: 91.39% Test: 78.27%
Run: 09, Epoch: 13, Loss: 0.4493
Run: 09, Epoch: 14, Loss: 0.4509
Run: 09, Epoch: 14, Train: 89.69%, Valid: 91.51% Test: 78.22%
Run: 09, Epoch: 15, Loss: 0.4429
Run: 09, Epoch: 16, Loss: 0.4383
Run: 09, Epoch: 16, Train: 90.01%, Valid: 91.62% Test: 78.98%
Run: 09, Epoch: 17, Loss: 0.4326
Run: 09, Epoch: 18, Loss: 0.4325
Run: 09, Epoch: 18, Train: 90.03%, Valid: 91.67% Test: 78.38%
Run: 09, Epoch: 19, Loss: 0.4292
Run: 09, Epoch: 20, Loss: 0.4275
Run: 09, Epoch: 20, Train: 90.16%, Valid: 91.64% Test: 78.83%
Run 09:
Highest Train: 90.16
Highest Valid: 91.67
  Final Train: 90.03
   Final Test: 78.38
Run: 10, Epoch: 01, Loss: 1.4387
Run: 10, Epoch: 02, Loss: 0.6687
Run: 10, Epoch: 03, Loss: 0.5787
Run: 10, Epoch: 04, Loss: 0.5455
Run: 10, Epoch: 05, Loss: 0.5220
Run: 10, Epoch: 06, Loss: 0.5027
Run: 10, Epoch: 07, Loss: 0.4841
Run: 10, Epoch: 08, Loss: 0.4825
Run: 10, Epoch: 09, Loss: 0.4718
Run: 10, Epoch: 10, Loss: 0.4658
Run: 10, Epoch: 10, Train: 89.21%, Valid: 91.26% Test: 78.40%
Run: 10, Epoch: 11, Loss: 0.4566
Run: 10, Epoch: 12, Loss: 0.4525
Run: 10, Epoch: 12, Train: 89.42%, Valid: 91.54% Test: 78.85%
Run: 10, Epoch: 13, Loss: 0.4537
Run: 10, Epoch: 14, Loss: 0.4475
Run: 10, Epoch: 14, Train: 89.50%, Valid: 91.47% Test: 79.02%
Run: 10, Epoch: 15, Loss: 0.4472
Run: 10, Epoch: 16, Loss: 0.4402
Run: 10, Epoch: 16, Train: 89.79%, Valid: 91.51% Test: 78.52%
Run: 10, Epoch: 17, Loss: 0.4355
Run: 10, Epoch: 18, Loss: 0.4412
Run: 10, Epoch: 18, Train: 89.94%, Valid: 91.51% Test: 79.18%
Run: 10, Epoch: 19, Loss: 0.4352
Run: 10, Epoch: 20, Loss: 0.4348
Run: 10, Epoch: 20, Train: 89.92%, Valid: 91.41% Test: 79.07%
Run 10:
Highest Train: 89.94
Highest Valid: 91.54
  Final Train: 89.42
   Final Test: 78.85
All runs:
Highest Train: 90.07 ± 0.12
Highest Valid: 91.64 ± 0.09
  Final Train: 89.92 ± 0.23
   Final Test: 78.81 ± 0.40
