Namespace(device=0, log_steps=1, inductive=False, num_layers=3, hidden_channels=256, dropout=0.5, batch_size=20000, walk_length=3, lr=0.01, num_steps=30, epochs=20, eval_steps=2, runs=10, rsv=0.6, al='el2n', alpha=0.9)
tensor([ 99311, 131369, 191273,  ..., 162809,  69142, 152047]) 117969
tensor([222340, 232877, 217134,  ..., 235295, 200932, 206519]) 23593
Run: 01, Epoch: 01, Loss: 1.3723
Run: 01, Epoch: 02, Loss: 0.5572
Run: 01, Epoch: 03, Loss: 0.4722
Run: 01, Epoch: 04, Loss: 0.4373
Run: 01, Epoch: 05, Loss: 0.4199
Run: 01, Epoch: 06, Loss: 0.4033
Run: 01, Epoch: 07, Loss: 0.3875
Run: 01, Epoch: 08, Loss: 0.3837
Run: 01, Epoch: 09, Loss: 0.3747
Run: 01, Epoch: 10, Loss: 0.3746
Run: 01, Epoch: 10, Train: 91.24%, Valid: 91.10% Test: 78.65%
Run: 01, Epoch: 11, Loss: 0.3664
Run: 01, Epoch: 12, Loss: 0.3550
Run: 01, Epoch: 12, Train: 91.55%, Valid: 91.20% Test: 78.58%
Run: 01, Epoch: 13, Loss: 0.3571
Run: 01, Epoch: 14, Loss: 0.3564
Run: 01, Epoch: 14, Train: 91.65%, Valid: 91.22% Test: 79.61%
Run: 01, Epoch: 15, Loss: 0.3502
Run: 01, Epoch: 16, Loss: 0.3480
Run: 01, Epoch: 16, Train: 91.87%, Valid: 91.30% Test: 78.73%
Run: 01, Epoch: 17, Loss: 0.3433
Run: 01, Epoch: 18, Loss: 0.3449
Run: 01, Epoch: 18, Train: 92.00%, Valid: 91.45% Test: 78.54%
Run: 01, Epoch: 19, Loss: 0.3421
Run: 01, Epoch: 20, Loss: 0.3401
Run: 01, Epoch: 20, Train: 92.18%, Valid: 91.34% Test: 78.65%
Run 01:
Highest Train: 92.18
Highest Valid: 91.45
  Final Train: 92.00
   Final Test: 78.54
Run: 02, Epoch: 01, Loss: 1.5008
Run: 02, Epoch: 02, Loss: 0.5700
Run: 02, Epoch: 03, Loss: 0.4841
Run: 02, Epoch: 04, Loss: 0.4457
Run: 02, Epoch: 05, Loss: 0.4210
Run: 02, Epoch: 06, Loss: 0.4069
Run: 02, Epoch: 07, Loss: 0.3944
Run: 02, Epoch: 08, Loss: 0.3858
Run: 02, Epoch: 09, Loss: 0.3824
Run: 02, Epoch: 10, Loss: 0.3750
Run: 02, Epoch: 10, Train: 91.19%, Valid: 90.98% Test: 78.40%
Run: 02, Epoch: 11, Loss: 0.3673
Run: 02, Epoch: 12, Loss: 0.3677
Run: 02, Epoch: 12, Train: 91.47%, Valid: 91.05% Test: 78.33%
Run: 02, Epoch: 13, Loss: 0.3606
Run: 02, Epoch: 14, Loss: 0.3555
Run: 02, Epoch: 14, Train: 91.62%, Valid: 91.09% Test: 78.34%
Run: 02, Epoch: 15, Loss: 0.3539
Run: 02, Epoch: 16, Loss: 0.3500
Run: 02, Epoch: 16, Train: 91.87%, Valid: 91.30% Test: 78.94%
Run: 02, Epoch: 17, Loss: 0.3507
Run: 02, Epoch: 18, Loss: 0.3444
Run: 02, Epoch: 18, Train: 91.83%, Valid: 91.18% Test: 78.14%
Run: 02, Epoch: 19, Loss: 0.3424
Run: 02, Epoch: 20, Loss: 0.3421
Run: 02, Epoch: 20, Train: 92.01%, Valid: 91.38% Test: 78.71%
Run 02:
Highest Train: 92.01
Highest Valid: 91.38
  Final Train: 92.01
   Final Test: 78.71
Run: 03, Epoch: 01, Loss: 1.4330
Run: 03, Epoch: 02, Loss: 0.5605
Run: 03, Epoch: 03, Loss: 0.4835
Run: 03, Epoch: 04, Loss: 0.4470
Run: 03, Epoch: 05, Loss: 0.4229
Run: 03, Epoch: 06, Loss: 0.4086
Run: 03, Epoch: 07, Loss: 0.3959
Run: 03, Epoch: 08, Loss: 0.3891
Run: 03, Epoch: 09, Loss: 0.3801
Run: 03, Epoch: 10, Loss: 0.3727
Run: 03, Epoch: 10, Train: 91.17%, Valid: 90.90% Test: 78.01%
Run: 03, Epoch: 11, Loss: 0.3641
Run: 03, Epoch: 12, Loss: 0.3663
Run: 03, Epoch: 12, Train: 91.54%, Valid: 91.10% Test: 78.53%
Run: 03, Epoch: 13, Loss: 0.3598
Run: 03, Epoch: 14, Loss: 0.3576
Run: 03, Epoch: 14, Train: 91.61%, Valid: 91.13% Test: 78.92%
Run: 03, Epoch: 15, Loss: 0.3534
Run: 03, Epoch: 16, Loss: 0.3539
Run: 03, Epoch: 16, Train: 91.63%, Valid: 91.19% Test: 78.80%
Run: 03, Epoch: 17, Loss: 0.3518
Run: 03, Epoch: 18, Loss: 0.3482
Run: 03, Epoch: 18, Train: 91.89%, Valid: 91.18% Test: 79.45%
Run: 03, Epoch: 19, Loss: 0.3477
Run: 03, Epoch: 20, Loss: 0.3428
Run: 03, Epoch: 20, Train: 91.92%, Valid: 91.36% Test: 78.69%
Run 03:
Highest Train: 91.92
Highest Valid: 91.36
  Final Train: 91.92
   Final Test: 78.69
Run: 04, Epoch: 01, Loss: 1.3395
Run: 04, Epoch: 02, Loss: 0.5503
Run: 04, Epoch: 03, Loss: 0.4677
Run: 04, Epoch: 04, Loss: 0.4365
Run: 04, Epoch: 05, Loss: 0.4129
Run: 04, Epoch: 06, Loss: 0.4029
Run: 04, Epoch: 07, Loss: 0.3932
Run: 04, Epoch: 08, Loss: 0.3823
Run: 04, Epoch: 09, Loss: 0.3763
Run: 04, Epoch: 10, Loss: 0.3707
Run: 04, Epoch: 10, Train: 91.30%, Valid: 91.14% Test: 78.82%
Run: 04, Epoch: 11, Loss: 0.3638
Run: 04, Epoch: 12, Loss: 0.3589
Run: 04, Epoch: 12, Train: 91.60%, Valid: 91.12% Test: 78.00%
Run: 04, Epoch: 13, Loss: 0.3559
Run: 04, Epoch: 14, Loss: 0.3519
Run: 04, Epoch: 14, Train: 91.71%, Valid: 91.12% Test: 77.59%
Run: 04, Epoch: 15, Loss: 0.3538
Run: 04, Epoch: 16, Loss: 0.3542
Run: 04, Epoch: 16, Train: 91.94%, Valid: 91.40% Test: 79.01%
Run: 04, Epoch: 17, Loss: 0.3493
Run: 04, Epoch: 18, Loss: 0.3476
Run: 04, Epoch: 18, Train: 92.02%, Valid: 91.28% Test: 78.76%
Run: 04, Epoch: 19, Loss: 0.3407
Run: 04, Epoch: 20, Loss: 0.3396
Run: 04, Epoch: 20, Train: 92.12%, Valid: 91.33% Test: 79.04%
Run 04:
Highest Train: 92.12
Highest Valid: 91.40
  Final Train: 91.94
   Final Test: 79.01
Run: 05, Epoch: 01, Loss: 1.2761
Run: 05, Epoch: 02, Loss: 0.5437
Run: 05, Epoch: 03, Loss: 0.4657
Run: 05, Epoch: 04, Loss: 0.4325
Run: 05, Epoch: 05, Loss: 0.4089
Run: 05, Epoch: 06, Loss: 0.3961
Run: 05, Epoch: 07, Loss: 0.3859
Run: 05, Epoch: 08, Loss: 0.3773
Run: 05, Epoch: 09, Loss: 0.3718
Run: 05, Epoch: 10, Loss: 0.3631
Run: 05, Epoch: 10, Train: 91.27%, Valid: 90.82% Test: 78.27%
Run: 05, Epoch: 11, Loss: 0.3618
Run: 05, Epoch: 12, Loss: 0.3573
Run: 05, Epoch: 12, Train: 91.66%, Valid: 91.16% Test: 77.76%
Run: 05, Epoch: 13, Loss: 0.3515
Run: 05, Epoch: 14, Loss: 0.3493
Run: 05, Epoch: 14, Train: 91.78%, Valid: 91.33% Test: 78.22%
Run: 05, Epoch: 15, Loss: 0.3485
Run: 05, Epoch: 16, Loss: 0.3469
Run: 05, Epoch: 16, Train: 91.83%, Valid: 91.34% Test: 78.64%
Run: 05, Epoch: 17, Loss: 0.3424
Run: 05, Epoch: 18, Loss: 0.3411
Run: 05, Epoch: 18, Train: 91.85%, Valid: 91.19% Test: 78.06%
Run: 05, Epoch: 19, Loss: 0.3374
Run: 05, Epoch: 20, Loss: 0.3390
Run: 05, Epoch: 20, Train: 92.20%, Valid: 91.40% Test: 78.55%
Run 05:
Highest Train: 92.20
Highest Valid: 91.40
  Final Train: 92.20
   Final Test: 78.55
Run: 06, Epoch: 01, Loss: 1.3394
Run: 06, Epoch: 02, Loss: 0.5538
Run: 06, Epoch: 03, Loss: 0.4760
Run: 06, Epoch: 04, Loss: 0.4304
Run: 06, Epoch: 05, Loss: 0.4178
Run: 06, Epoch: 06, Loss: 0.4042
Run: 06, Epoch: 07, Loss: 0.3920
Run: 06, Epoch: 08, Loss: 0.3822
Run: 06, Epoch: 09, Loss: 0.3742
Run: 06, Epoch: 10, Loss: 0.3724
Run: 06, Epoch: 10, Train: 91.36%, Valid: 90.97% Test: 78.23%
Run: 06, Epoch: 11, Loss: 0.3636
Run: 06, Epoch: 12, Loss: 0.3665
Run: 06, Epoch: 12, Train: 91.62%, Valid: 91.01% Test: 78.22%
Run: 06, Epoch: 13, Loss: 0.3605
Run: 06, Epoch: 14, Loss: 0.3531
Run: 06, Epoch: 14, Train: 91.54%, Valid: 91.09% Test: 78.49%
Run: 06, Epoch: 15, Loss: 0.3508
Run: 06, Epoch: 16, Loss: 0.3508
Run: 06, Epoch: 16, Train: 91.79%, Valid: 91.46% Test: 78.45%
Run: 06, Epoch: 17, Loss: 0.3489
Run: 06, Epoch: 18, Loss: 0.3463
Run: 06, Epoch: 18, Train: 91.99%, Valid: 91.49% Test: 78.70%
Run: 06, Epoch: 19, Loss: 0.3451
Run: 06, Epoch: 20, Loss: 0.3434
Run: 06, Epoch: 20, Train: 92.12%, Valid: 91.50% Test: 78.50%
Run 06:
Highest Train: 92.12
Highest Valid: 91.50
  Final Train: 92.12
   Final Test: 78.50
Run: 07, Epoch: 01, Loss: 1.4508
Run: 07, Epoch: 02, Loss: 0.5707
Run: 07, Epoch: 03, Loss: 0.4865
Run: 07, Epoch: 04, Loss: 0.4439
Run: 07, Epoch: 05, Loss: 0.4230
Run: 07, Epoch: 06, Loss: 0.4099
Run: 07, Epoch: 07, Loss: 0.3946
Run: 07, Epoch: 08, Loss: 0.3827
Run: 07, Epoch: 09, Loss: 0.3752
Run: 07, Epoch: 10, Loss: 0.3750
Run: 07, Epoch: 10, Train: 91.26%, Valid: 90.89% Test: 78.43%
Run: 07, Epoch: 11, Loss: 0.3673
Run: 07, Epoch: 12, Loss: 0.3634
Run: 07, Epoch: 12, Train: 91.41%, Valid: 91.20% Test: 78.38%
Run: 07, Epoch: 13, Loss: 0.3586
Run: 07, Epoch: 14, Loss: 0.3582
Run: 07, Epoch: 14, Train: 91.71%, Valid: 91.33% Test: 78.85%
Run: 07, Epoch: 15, Loss: 0.3530
Run: 07, Epoch: 16, Loss: 0.3544
Run: 07, Epoch: 16, Train: 91.74%, Valid: 91.30% Test: 77.59%
Run: 07, Epoch: 17, Loss: 0.3483
Run: 07, Epoch: 18, Loss: 0.3471
Run: 07, Epoch: 18, Train: 92.00%, Valid: 91.45% Test: 78.96%
Run: 07, Epoch: 19, Loss: 0.3451
Run: 07, Epoch: 20, Loss: 0.3443
Run: 07, Epoch: 20, Train: 92.10%, Valid: 91.37% Test: 78.63%
Run 07:
Highest Train: 92.10
Highest Valid: 91.45
  Final Train: 92.00
   Final Test: 78.96
Run: 08, Epoch: 01, Loss: 1.2599
Run: 08, Epoch: 02, Loss: 0.5403
Run: 08, Epoch: 03, Loss: 0.4664
Run: 08, Epoch: 04, Loss: 0.4333
Run: 08, Epoch: 05, Loss: 0.4138
Run: 08, Epoch: 06, Loss: 0.3977
Run: 08, Epoch: 07, Loss: 0.3812
Run: 08, Epoch: 08, Loss: 0.3832
Run: 08, Epoch: 09, Loss: 0.3745
Run: 08, Epoch: 10, Loss: 0.3690
Run: 08, Epoch: 10, Train: 91.18%, Valid: 91.14% Test: 78.13%
Run: 08, Epoch: 11, Loss: 0.3667
Run: 08, Epoch: 12, Loss: 0.3576
Run: 08, Epoch: 12, Train: 91.48%, Valid: 91.15% Test: 78.99%
Run: 08, Epoch: 13, Loss: 0.3533
Run: 08, Epoch: 14, Loss: 0.3507
Run: 08, Epoch: 14, Train: 91.80%, Valid: 91.26% Test: 78.50%
Run: 08, Epoch: 15, Loss: 0.3490
Run: 08, Epoch: 16, Loss: 0.3534
Run: 08, Epoch: 16, Train: 91.72%, Valid: 91.37% Test: 78.77%
Run: 08, Epoch: 17, Loss: 0.3508
Run: 08, Epoch: 18, Loss: 0.3513
Run: 08, Epoch: 18, Train: 91.99%, Valid: 91.35% Test: 78.65%
Run: 08, Epoch: 19, Loss: 0.3423
Run: 08, Epoch: 20, Loss: 0.3425
Run: 08, Epoch: 20, Train: 92.00%, Valid: 91.38% Test: 78.63%
Run 08:
Highest Train: 92.00
Highest Valid: 91.38
  Final Train: 92.00
   Final Test: 78.63
Run: 09, Epoch: 01, Loss: 1.3558
Run: 09, Epoch: 02, Loss: 0.5487
Run: 09, Epoch: 03, Loss: 0.4706
Run: 09, Epoch: 04, Loss: 0.4351
Run: 09, Epoch: 05, Loss: 0.4170
Run: 09, Epoch: 06, Loss: 0.3980
Run: 09, Epoch: 07, Loss: 0.3894
Run: 09, Epoch: 08, Loss: 0.3788
Run: 09, Epoch: 09, Loss: 0.3740
Run: 09, Epoch: 10, Loss: 0.3681
Run: 09, Epoch: 10, Train: 91.26%, Valid: 90.83% Test: 77.54%
Run: 09, Epoch: 11, Loss: 0.3620
Run: 09, Epoch: 12, Loss: 0.3559
Run: 09, Epoch: 12, Train: 91.48%, Valid: 91.09% Test: 78.15%
Run: 09, Epoch: 13, Loss: 0.3544
Run: 09, Epoch: 14, Loss: 0.3566
Run: 09, Epoch: 14, Train: 91.59%, Valid: 91.01% Test: 77.60%
Run: 09, Epoch: 15, Loss: 0.3520
Run: 09, Epoch: 16, Loss: 0.3464
Run: 09, Epoch: 16, Train: 91.89%, Valid: 91.29% Test: 78.65%
Run: 09, Epoch: 17, Loss: 0.3402
Run: 09, Epoch: 18, Loss: 0.3424
Run: 09, Epoch: 18, Train: 92.10%, Valid: 91.34% Test: 78.30%
Run: 09, Epoch: 19, Loss: 0.3409
Run: 09, Epoch: 20, Loss: 0.3485
Run: 09, Epoch: 20, Train: 91.95%, Valid: 91.21% Test: 78.46%
Run 09:
Highest Train: 92.10
Highest Valid: 91.34
  Final Train: 92.10
   Final Test: 78.30
Run: 10, Epoch: 01, Loss: 1.3789
Run: 10, Epoch: 02, Loss: 0.5586
Run: 10, Epoch: 03, Loss: 0.4746
Run: 10, Epoch: 04, Loss: 0.4417
Run: 10, Epoch: 05, Loss: 0.4231
Run: 10, Epoch: 06, Loss: 0.4055
Run: 10, Epoch: 07, Loss: 0.3885
Run: 10, Epoch: 08, Loss: 0.3857
Run: 10, Epoch: 09, Loss: 0.3774
Run: 10, Epoch: 10, Loss: 0.3688
Run: 10, Epoch: 10, Train: 91.48%, Valid: 91.10% Test: 77.87%
Run: 10, Epoch: 11, Loss: 0.3618
Run: 10, Epoch: 12, Loss: 0.3614
Run: 10, Epoch: 12, Train: 91.48%, Valid: 91.15% Test: 78.58%
Run: 10, Epoch: 13, Loss: 0.3593
Run: 10, Epoch: 14, Loss: 0.3542
Run: 10, Epoch: 14, Train: 91.55%, Valid: 91.05% Test: 78.71%
Run: 10, Epoch: 15, Loss: 0.3546
Run: 10, Epoch: 16, Loss: 0.3466
Run: 10, Epoch: 16, Train: 91.93%, Valid: 91.21% Test: 78.66%
Run: 10, Epoch: 17, Loss: 0.3442
Run: 10, Epoch: 18, Loss: 0.3450
Run: 10, Epoch: 18, Train: 91.95%, Valid: 91.37% Test: 79.10%
Run: 10, Epoch: 19, Loss: 0.3447
Run: 10, Epoch: 20, Loss: 0.3484
Run: 10, Epoch: 20, Train: 92.03%, Valid: 91.32% Test: 78.66%
Run 10:
Highest Train: 92.03
Highest Valid: 91.37
  Final Train: 91.95
   Final Test: 79.10
All runs:
Highest Train: 92.08 ± 0.09
Highest Valid: 91.40 ± 0.05
  Final Train: 92.02 ± 0.09
   Final Test: 78.70 ± 0.25
