Namespace(device=0, log_steps=1, inductive=False, num_layers=3, hidden_channels=256, dropout=0.5, batch_size=20000, walk_length=3, lr=0.01, num_steps=30, epochs=20, eval_steps=2, runs=10, rsv=0.6, al='el2n', alpha=0.8)
tensor([ 99311, 131369,  15223,  ...,  38739, 106984,  81922]) 117969
tensor([222340, 232877, 217134,  ..., 235295, 200932, 206519]) 23593
Run: 01, Epoch: 01, Loss: 1.4410
Run: 01, Epoch: 02, Loss: 0.6079
Run: 01, Epoch: 03, Loss: 0.5207
Run: 01, Epoch: 04, Loss: 0.4839
Run: 01, Epoch: 05, Loss: 0.4643
Run: 01, Epoch: 06, Loss: 0.4436
Run: 01, Epoch: 07, Loss: 0.4297
Run: 01, Epoch: 08, Loss: 0.4237
Run: 01, Epoch: 09, Loss: 0.4171
Run: 01, Epoch: 10, Loss: 0.4140
Run: 01, Epoch: 10, Train: 90.20%, Valid: 91.09% Test: 78.38%
Run: 01, Epoch: 11, Loss: 0.4049
Run: 01, Epoch: 12, Loss: 0.3982
Run: 01, Epoch: 12, Train: 90.53%, Valid: 91.21% Test: 78.48%
Run: 01, Epoch: 13, Loss: 0.3973
Run: 01, Epoch: 14, Loss: 0.3951
Run: 01, Epoch: 14, Train: 90.72%, Valid: 91.33% Test: 79.25%
Run: 01, Epoch: 15, Loss: 0.3886
Run: 01, Epoch: 16, Loss: 0.3859
Run: 01, Epoch: 16, Train: 90.91%, Valid: 91.45% Test: 78.98%
Run: 01, Epoch: 17, Loss: 0.3822
Run: 01, Epoch: 18, Loss: 0.3849
Run: 01, Epoch: 18, Train: 90.96%, Valid: 91.46% Test: 78.42%
Run: 01, Epoch: 19, Loss: 0.3826
Run: 01, Epoch: 20, Loss: 0.3808
Run: 01, Epoch: 20, Train: 91.11%, Valid: 91.45% Test: 78.70%
Run 01:
Highest Train: 91.11
Highest Valid: 91.46
  Final Train: 90.96
   Final Test: 78.42
Run: 02, Epoch: 01, Loss: 1.5439
Run: 02, Epoch: 02, Loss: 0.6172
Run: 02, Epoch: 03, Loss: 0.5300
Run: 02, Epoch: 04, Loss: 0.4911
Run: 02, Epoch: 05, Loss: 0.4661
Run: 02, Epoch: 06, Loss: 0.4482
Run: 02, Epoch: 07, Loss: 0.4356
Run: 02, Epoch: 08, Loss: 0.4256
Run: 02, Epoch: 09, Loss: 0.4230
Run: 02, Epoch: 10, Loss: 0.4125
Run: 02, Epoch: 10, Train: 90.31%, Valid: 91.19% Test: 78.59%
Run: 02, Epoch: 11, Loss: 0.4038
Run: 02, Epoch: 12, Loss: 0.4058
Run: 02, Epoch: 12, Train: 90.67%, Valid: 91.28% Test: 78.58%
Run: 02, Epoch: 13, Loss: 0.3973
Run: 02, Epoch: 14, Loss: 0.3932
Run: 02, Epoch: 14, Train: 90.74%, Valid: 91.23% Test: 78.37%
Run: 02, Epoch: 15, Loss: 0.3932
Run: 02, Epoch: 16, Loss: 0.3897
Run: 02, Epoch: 16, Train: 90.86%, Valid: 91.34% Test: 78.89%
Run: 02, Epoch: 17, Loss: 0.3891
Run: 02, Epoch: 18, Loss: 0.3851
Run: 02, Epoch: 18, Train: 91.02%, Valid: 91.48% Test: 78.04%
Run: 02, Epoch: 19, Loss: 0.3803
Run: 02, Epoch: 20, Loss: 0.3841
Run: 02, Epoch: 20, Train: 90.82%, Valid: 91.34% Test: 78.42%
Run 02:
Highest Train: 91.02
Highest Valid: 91.48
  Final Train: 91.02
   Final Test: 78.04
Run: 03, Epoch: 01, Loss: 1.5024
Run: 03, Epoch: 02, Loss: 0.6170
Run: 03, Epoch: 03, Loss: 0.5292
Run: 03, Epoch: 04, Loss: 0.4948
Run: 03, Epoch: 05, Loss: 0.4673
Run: 03, Epoch: 06, Loss: 0.4521
Run: 03, Epoch: 07, Loss: 0.4401
Run: 03, Epoch: 08, Loss: 0.4336
Run: 03, Epoch: 09, Loss: 0.4197
Run: 03, Epoch: 10, Loss: 0.4110
Run: 03, Epoch: 10, Train: 90.17%, Valid: 90.95% Test: 78.36%
Run: 03, Epoch: 11, Loss: 0.4064
Run: 03, Epoch: 12, Loss: 0.4059
Run: 03, Epoch: 12, Train: 90.62%, Valid: 91.26% Test: 79.02%
Run: 03, Epoch: 13, Loss: 0.4008
Run: 03, Epoch: 14, Loss: 0.3964
Run: 03, Epoch: 14, Train: 90.63%, Valid: 91.37% Test: 78.93%
Run: 03, Epoch: 15, Loss: 0.3946
Run: 03, Epoch: 16, Loss: 0.3927
Run: 03, Epoch: 16, Train: 90.82%, Valid: 91.47% Test: 78.48%
Run: 03, Epoch: 17, Loss: 0.3916
Run: 03, Epoch: 18, Loss: 0.3880
Run: 03, Epoch: 18, Train: 90.92%, Valid: 91.36% Test: 79.37%
Run: 03, Epoch: 19, Loss: 0.3844
Run: 03, Epoch: 20, Loss: 0.3848
Run: 03, Epoch: 20, Train: 90.97%, Valid: 91.56% Test: 78.53%
Run 03:
Highest Train: 90.97
Highest Valid: 91.56
  Final Train: 90.97
   Final Test: 78.53
Run: 04, Epoch: 01, Loss: 1.4320
Run: 04, Epoch: 02, Loss: 0.6093
Run: 04, Epoch: 03, Loss: 0.5190
Run: 04, Epoch: 04, Loss: 0.4840
Run: 04, Epoch: 05, Loss: 0.4608
Run: 04, Epoch: 06, Loss: 0.4493
Run: 04, Epoch: 07, Loss: 0.4340
Run: 04, Epoch: 08, Loss: 0.4248
Run: 04, Epoch: 09, Loss: 0.4217
Run: 04, Epoch: 10, Loss: 0.4145
Run: 04, Epoch: 10, Train: 90.28%, Valid: 91.14% Test: 78.78%
Run: 04, Epoch: 11, Loss: 0.4057
Run: 04, Epoch: 12, Loss: 0.4008
Run: 04, Epoch: 12, Train: 90.57%, Valid: 91.13% Test: 78.40%
Run: 04, Epoch: 13, Loss: 0.3989
Run: 04, Epoch: 14, Loss: 0.3906
Run: 04, Epoch: 14, Train: 90.70%, Valid: 91.30% Test: 77.74%
Run: 04, Epoch: 15, Loss: 0.3920
Run: 04, Epoch: 16, Loss: 0.3935
Run: 04, Epoch: 16, Train: 91.00%, Valid: 91.53% Test: 79.01%
Run: 04, Epoch: 17, Loss: 0.3884
Run: 04, Epoch: 18, Loss: 0.3919
Run: 04, Epoch: 18, Train: 91.04%, Valid: 91.45% Test: 78.77%
Run: 04, Epoch: 19, Loss: 0.3860
Run: 04, Epoch: 20, Loss: 0.3823
Run: 04, Epoch: 20, Train: 91.20%, Valid: 91.52% Test: 78.90%
Run 04:
Highest Train: 91.20
Highest Valid: 91.53
  Final Train: 91.00
   Final Test: 79.01
Run: 05, Epoch: 01, Loss: 1.3228
Run: 05, Epoch: 02, Loss: 0.5906
Run: 05, Epoch: 03, Loss: 0.5105
Run: 05, Epoch: 04, Loss: 0.4731
Run: 05, Epoch: 05, Loss: 0.4508
Run: 05, Epoch: 06, Loss: 0.4357
Run: 05, Epoch: 07, Loss: 0.4277
Run: 05, Epoch: 08, Loss: 0.4159
Run: 05, Epoch: 09, Loss: 0.4120
Run: 05, Epoch: 10, Loss: 0.4059
Run: 05, Epoch: 10, Train: 90.41%, Valid: 91.06% Test: 78.43%
Run: 05, Epoch: 11, Loss: 0.4022
Run: 05, Epoch: 12, Loss: 0.3936
Run: 05, Epoch: 12, Train: 90.77%, Valid: 91.20% Test: 77.93%
Run: 05, Epoch: 13, Loss: 0.3888
Run: 05, Epoch: 14, Loss: 0.3906
Run: 05, Epoch: 14, Train: 90.93%, Valid: 91.49% Test: 78.37%
Run: 05, Epoch: 15, Loss: 0.3849
Run: 05, Epoch: 16, Loss: 0.3845
Run: 05, Epoch: 16, Train: 90.87%, Valid: 91.42% Test: 78.33%
Run: 05, Epoch: 17, Loss: 0.3789
Run: 05, Epoch: 18, Loss: 0.3774
Run: 05, Epoch: 18, Train: 91.03%, Valid: 91.42% Test: 78.18%
Run: 05, Epoch: 19, Loss: 0.3746
Run: 05, Epoch: 20, Loss: 0.3766
Run: 05, Epoch: 20, Train: 91.26%, Valid: 91.55% Test: 78.75%
Run 05:
Highest Train: 91.26
Highest Valid: 91.55
  Final Train: 91.26
   Final Test: 78.75
Run: 06, Epoch: 01, Loss: 1.3458
Run: 06, Epoch: 02, Loss: 0.5931
Run: 06, Epoch: 03, Loss: 0.5178
Run: 06, Epoch: 04, Loss: 0.4710
Run: 06, Epoch: 05, Loss: 0.4578
Run: 06, Epoch: 06, Loss: 0.4444
Run: 06, Epoch: 07, Loss: 0.4314
Run: 06, Epoch: 08, Loss: 0.4224
Run: 06, Epoch: 09, Loss: 0.4128
Run: 06, Epoch: 10, Loss: 0.4095
Run: 06, Epoch: 10, Train: 90.41%, Valid: 91.20% Test: 78.66%
Run: 06, Epoch: 11, Loss: 0.4010
Run: 06, Epoch: 12, Loss: 0.4002
Run: 06, Epoch: 12, Train: 90.70%, Valid: 91.26% Test: 78.78%
Run: 06, Epoch: 13, Loss: 0.3973
Run: 06, Epoch: 14, Loss: 0.3894
Run: 06, Epoch: 14, Train: 90.77%, Valid: 91.43% Test: 78.70%
Run: 06, Epoch: 15, Loss: 0.3899
Run: 06, Epoch: 16, Loss: 0.3885
Run: 06, Epoch: 16, Train: 91.01%, Valid: 91.54% Test: 79.03%
Run: 06, Epoch: 17, Loss: 0.3859
Run: 06, Epoch: 18, Loss: 0.3818
Run: 06, Epoch: 18, Train: 91.14%, Valid: 91.54% Test: 78.84%
Run: 06, Epoch: 19, Loss: 0.3794
Run: 06, Epoch: 20, Loss: 0.3781
Run: 06, Epoch: 20, Train: 91.34%, Valid: 91.66% Test: 78.92%
Run 06:
Highest Train: 91.34
Highest Valid: 91.66
  Final Train: 91.34
   Final Test: 78.92
Run: 07, Epoch: 01, Loss: 1.4883
Run: 07, Epoch: 02, Loss: 0.6153
Run: 07, Epoch: 03, Loss: 0.5312
Run: 07, Epoch: 04, Loss: 0.4867
Run: 07, Epoch: 05, Loss: 0.4621
Run: 07, Epoch: 06, Loss: 0.4467
Run: 07, Epoch: 07, Loss: 0.4344
Run: 07, Epoch: 08, Loss: 0.4229
Run: 07, Epoch: 09, Loss: 0.4155
Run: 07, Epoch: 10, Loss: 0.4167
Run: 07, Epoch: 10, Train: 90.25%, Valid: 91.01% Test: 78.43%
Run: 07, Epoch: 11, Loss: 0.4059
Run: 07, Epoch: 12, Loss: 0.3998
Run: 07, Epoch: 12, Train: 90.52%, Valid: 91.33% Test: 78.66%
Run: 07, Epoch: 13, Loss: 0.3951
Run: 07, Epoch: 14, Loss: 0.3946
Run: 07, Epoch: 14, Train: 90.77%, Valid: 91.30% Test: 79.27%
Run: 07, Epoch: 15, Loss: 0.3905
Run: 07, Epoch: 16, Loss: 0.3940
Run: 07, Epoch: 16, Train: 90.97%, Valid: 91.31% Test: 77.71%
Run: 07, Epoch: 17, Loss: 0.3867
Run: 07, Epoch: 18, Loss: 0.3864
Run: 07, Epoch: 18, Train: 91.04%, Valid: 91.55% Test: 78.59%
Run: 07, Epoch: 19, Loss: 0.3830
Run: 07, Epoch: 20, Loss: 0.3823
Run: 07, Epoch: 20, Train: 91.18%, Valid: 91.57% Test: 78.56%
Run 07:
Highest Train: 91.18
Highest Valid: 91.57
  Final Train: 91.18
   Final Test: 78.56
Run: 08, Epoch: 01, Loss: 1.2758
Run: 08, Epoch: 02, Loss: 0.5883
Run: 08, Epoch: 03, Loss: 0.5086
Run: 08, Epoch: 04, Loss: 0.4727
Run: 08, Epoch: 05, Loss: 0.4518
Run: 08, Epoch: 06, Loss: 0.4357
Run: 08, Epoch: 07, Loss: 0.4185
Run: 08, Epoch: 08, Loss: 0.4191
Run: 08, Epoch: 09, Loss: 0.4127
Run: 08, Epoch: 10, Loss: 0.4061
Run: 08, Epoch: 10, Train: 90.40%, Valid: 91.29% Test: 77.93%
Run: 08, Epoch: 11, Loss: 0.4033
Run: 08, Epoch: 12, Loss: 0.3950
Run: 08, Epoch: 12, Train: 90.63%, Valid: 91.35% Test: 78.84%
Run: 08, Epoch: 13, Loss: 0.3911
Run: 08, Epoch: 14, Loss: 0.3912
Run: 08, Epoch: 14, Train: 90.86%, Valid: 91.43% Test: 78.08%
Run: 08, Epoch: 15, Loss: 0.3858
Run: 08, Epoch: 16, Loss: 0.3845
Run: 08, Epoch: 16, Train: 91.00%, Valid: 91.57% Test: 78.72%
Run: 08, Epoch: 17, Loss: 0.3793
Run: 08, Epoch: 18, Loss: 0.3836
Run: 08, Epoch: 18, Train: 91.27%, Valid: 91.53% Test: 78.78%
Run: 08, Epoch: 19, Loss: 0.3756
Run: 08, Epoch: 20, Loss: 0.3778
Run: 08, Epoch: 20, Train: 91.20%, Valid: 91.58% Test: 78.70%
Run 08:
Highest Train: 91.27
Highest Valid: 91.58
  Final Train: 91.20
   Final Test: 78.70
Run: 09, Epoch: 01, Loss: 1.3798
Run: 09, Epoch: 02, Loss: 0.5943
Run: 09, Epoch: 03, Loss: 0.5114
Run: 09, Epoch: 04, Loss: 0.4745
Run: 09, Epoch: 05, Loss: 0.4564
Run: 09, Epoch: 06, Loss: 0.4393
Run: 09, Epoch: 07, Loss: 0.4289
Run: 09, Epoch: 08, Loss: 0.4188
Run: 09, Epoch: 09, Loss: 0.4159
Run: 09, Epoch: 10, Loss: 0.4078
Run: 09, Epoch: 10, Train: 90.38%, Valid: 91.26% Test: 77.99%
Run: 09, Epoch: 11, Loss: 0.4022
Run: 09, Epoch: 12, Loss: 0.3949
Run: 09, Epoch: 12, Train: 90.59%, Valid: 91.28% Test: 77.90%
Run: 09, Epoch: 13, Loss: 0.3951
Run: 09, Epoch: 14, Loss: 0.3952
Run: 09, Epoch: 14, Train: 90.73%, Valid: 91.33% Test: 77.71%
Run: 09, Epoch: 15, Loss: 0.3911
Run: 09, Epoch: 16, Loss: 0.3882
Run: 09, Epoch: 16, Train: 90.94%, Valid: 91.51% Test: 79.02%
Run: 09, Epoch: 17, Loss: 0.3778
Run: 09, Epoch: 18, Loss: 0.3788
Run: 09, Epoch: 18, Train: 91.21%, Valid: 91.53% Test: 78.20%
Run: 09, Epoch: 19, Loss: 0.3737
Run: 09, Epoch: 20, Loss: 0.3759
Run: 09, Epoch: 20, Train: 91.30%, Valid: 91.39% Test: 78.79%
Run 09:
Highest Train: 91.30
Highest Valid: 91.53
  Final Train: 91.21
   Final Test: 78.20
Run: 10, Epoch: 01, Loss: 1.4215
Run: 10, Epoch: 02, Loss: 0.6053
Run: 10, Epoch: 03, Loss: 0.5200
Run: 10, Epoch: 04, Loss: 0.4868
Run: 10, Epoch: 05, Loss: 0.4658
Run: 10, Epoch: 06, Loss: 0.4483
Run: 10, Epoch: 07, Loss: 0.4286
Run: 10, Epoch: 08, Loss: 0.4248
Run: 10, Epoch: 09, Loss: 0.4188
Run: 10, Epoch: 10, Loss: 0.4085
Run: 10, Epoch: 10, Train: 90.58%, Valid: 91.24% Test: 78.22%
Run: 10, Epoch: 11, Loss: 0.4030
Run: 10, Epoch: 12, Loss: 0.3999
Run: 10, Epoch: 12, Train: 90.52%, Valid: 91.28% Test: 78.73%
Run: 10, Epoch: 13, Loss: 0.3985
Run: 10, Epoch: 14, Loss: 0.3914
Run: 10, Epoch: 14, Train: 90.81%, Valid: 91.41% Test: 79.11%
Run: 10, Epoch: 15, Loss: 0.3936
Run: 10, Epoch: 16, Loss: 0.3845
Run: 10, Epoch: 16, Train: 90.90%, Valid: 91.52% Test: 78.34%
Run: 10, Epoch: 17, Loss: 0.3827
Run: 10, Epoch: 18, Loss: 0.3861
Run: 10, Epoch: 18, Train: 91.08%, Valid: 91.43% Test: 79.14%
Run: 10, Epoch: 19, Loss: 0.3834
Run: 10, Epoch: 20, Loss: 0.3810
Run: 10, Epoch: 20, Train: 91.08%, Valid: 91.40% Test: 78.83%
Run 10:
Highest Train: 91.08
Highest Valid: 91.52
  Final Train: 90.90
   Final Test: 78.34
All runs:
Highest Train: 91.17 ± 0.12
Highest Valid: 91.55 ± 0.06
  Final Train: 91.10 ± 0.15
   Final Test: 78.55 ± 0.31
