Namespace(device=0, log_steps=1, inductive=False, num_layers=3, hidden_channels=256, dropout=0.5, batch_size=20000, walk_length=3, lr=0.01, num_steps=30, epochs=20, eval_steps=2, runs=10, rsv=0.6, al='el2n', alpha=0.6)
tensor([ 99311, 131369,  15223,  ...,  53051, 193119,  60037]) 117969
tensor([222340, 232877, 217134,  ..., 235295, 200932, 206519]) 23593
Run: 01, Epoch: 01, Loss: 1.5214
Run: 01, Epoch: 02, Loss: 0.7549
Run: 01, Epoch: 03, Loss: 0.6582
Run: 01, Epoch: 04, Loss: 0.6180
Run: 01, Epoch: 05, Loss: 0.5909
Run: 01, Epoch: 06, Loss: 0.5741
Run: 01, Epoch: 07, Loss: 0.5590
Run: 01, Epoch: 08, Loss: 0.5476
Run: 01, Epoch: 09, Loss: 0.5403
Run: 01, Epoch: 10, Loss: 0.5357
Run: 01, Epoch: 10, Train: 87.55%, Valid: 91.50% Test: 78.72%
Run: 01, Epoch: 11, Loss: 0.5283
Run: 01, Epoch: 12, Loss: 0.5207
Run: 01, Epoch: 12, Train: 88.01%, Valid: 91.35% Test: 78.71%
Run: 01, Epoch: 13, Loss: 0.5200
Run: 01, Epoch: 14, Loss: 0.5214
Run: 01, Epoch: 14, Train: 88.10%, Valid: 91.53% Test: 78.85%
Run: 01, Epoch: 15, Loss: 0.5114
Run: 01, Epoch: 16, Loss: 0.5112
Run: 01, Epoch: 16, Train: 88.13%, Valid: 91.54% Test: 79.12%
Run: 01, Epoch: 17, Loss: 0.5039
Run: 01, Epoch: 18, Loss: 0.5090
Run: 01, Epoch: 18, Train: 88.33%, Valid: 91.66% Test: 78.88%
Run: 01, Epoch: 19, Loss: 0.5006
Run: 01, Epoch: 20, Loss: 0.5024
Run: 01, Epoch: 20, Train: 88.35%, Valid: 91.70% Test: 78.56%
Run 01:
Highest Train: 88.35
Highest Valid: 91.70
  Final Train: 88.35
   Final Test: 78.56
Run: 02, Epoch: 01, Loss: 1.5694
Run: 02, Epoch: 02, Loss: 0.7700
Run: 02, Epoch: 03, Loss: 0.6711
Run: 02, Epoch: 04, Loss: 0.6252
Run: 02, Epoch: 05, Loss: 0.5950
Run: 02, Epoch: 06, Loss: 0.5755
Run: 02, Epoch: 07, Loss: 0.5621
Run: 02, Epoch: 08, Loss: 0.5531
Run: 02, Epoch: 09, Loss: 0.5478
Run: 02, Epoch: 10, Loss: 0.5386
Run: 02, Epoch: 10, Train: 87.42%, Valid: 91.10% Test: 78.99%
Run: 02, Epoch: 11, Loss: 0.5282
Run: 02, Epoch: 12, Loss: 0.5296
Run: 02, Epoch: 12, Train: 87.93%, Valid: 91.64% Test: 78.84%
Run: 02, Epoch: 13, Loss: 0.5237
Run: 02, Epoch: 14, Loss: 0.5212
Run: 02, Epoch: 14, Train: 87.93%, Valid: 91.53% Test: 78.71%
Run: 02, Epoch: 15, Loss: 0.5137
Run: 02, Epoch: 16, Loss: 0.5089
Run: 02, Epoch: 16, Train: 88.42%, Valid: 91.77% Test: 78.59%
Run: 02, Epoch: 17, Loss: 0.5092
Run: 02, Epoch: 18, Loss: 0.5045
Run: 02, Epoch: 18, Train: 88.27%, Valid: 91.54% Test: 78.95%
Run: 02, Epoch: 19, Loss: 0.5011
Run: 02, Epoch: 20, Loss: 0.5032
Run: 02, Epoch: 20, Train: 88.18%, Valid: 91.56% Test: 78.40%
Run 02:
Highest Train: 88.42
Highest Valid: 91.77
  Final Train: 88.42
   Final Test: 78.59
Run: 03, Epoch: 01, Loss: 1.5684
Run: 03, Epoch: 02, Loss: 0.7590
Run: 03, Epoch: 03, Loss: 0.6648
Run: 03, Epoch: 04, Loss: 0.6259
Run: 03, Epoch: 05, Loss: 0.5968
Run: 03, Epoch: 06, Loss: 0.5763
Run: 03, Epoch: 07, Loss: 0.5600
Run: 03, Epoch: 08, Loss: 0.5552
Run: 03, Epoch: 09, Loss: 0.5412
Run: 03, Epoch: 10, Loss: 0.5371
Run: 03, Epoch: 10, Train: 87.35%, Valid: 91.33% Test: 78.95%
Run: 03, Epoch: 11, Loss: 0.5324
Run: 03, Epoch: 12, Loss: 0.5250
Run: 03, Epoch: 12, Train: 87.77%, Valid: 91.63% Test: 78.82%
Run: 03, Epoch: 13, Loss: 0.5277
Run: 03, Epoch: 14, Loss: 0.5216
Run: 03, Epoch: 14, Train: 87.72%, Valid: 91.48% Test: 79.72%
Run: 03, Epoch: 15, Loss: 0.5193
Run: 03, Epoch: 16, Loss: 0.5170
Run: 03, Epoch: 16, Train: 88.01%, Valid: 91.58% Test: 78.52%
Run: 03, Epoch: 17, Loss: 0.5126
Run: 03, Epoch: 18, Loss: 0.5103
Run: 03, Epoch: 18, Train: 88.35%, Valid: 91.45% Test: 79.28%
Run: 03, Epoch: 19, Loss: 0.5090
Run: 03, Epoch: 20, Loss: 0.5032
Run: 03, Epoch: 20, Train: 88.26%, Valid: 91.62% Test: 78.81%
Run 03:
Highest Train: 88.35
Highest Valid: 91.63
  Final Train: 87.77
   Final Test: 78.82
Run: 04, Epoch: 01, Loss: 1.5601
Run: 04, Epoch: 02, Loss: 0.7658
Run: 04, Epoch: 03, Loss: 0.6594
Run: 04, Epoch: 04, Loss: 0.6175
Run: 04, Epoch: 05, Loss: 0.5911
Run: 04, Epoch: 06, Loss: 0.5746
Run: 04, Epoch: 07, Loss: 0.5602
Run: 04, Epoch: 08, Loss: 0.5493
Run: 04, Epoch: 09, Loss: 0.5454
Run: 04, Epoch: 10, Loss: 0.5347
Run: 04, Epoch: 10, Train: 87.48%, Valid: 91.37% Test: 78.83%
Run: 04, Epoch: 11, Loss: 0.5284
Run: 04, Epoch: 12, Loss: 0.5225
Run: 04, Epoch: 12, Train: 87.84%, Valid: 91.46% Test: 78.65%
Run: 04, Epoch: 13, Loss: 0.5187
Run: 04, Epoch: 14, Loss: 0.5144
Run: 04, Epoch: 14, Train: 88.08%, Valid: 91.47% Test: 78.32%
Run: 04, Epoch: 15, Loss: 0.5129
Run: 04, Epoch: 16, Loss: 0.5150
Run: 04, Epoch: 16, Train: 88.37%, Valid: 91.59% Test: 79.07%
Run: 04, Epoch: 17, Loss: 0.5068
Run: 04, Epoch: 18, Loss: 0.5073
Run: 04, Epoch: 18, Train: 88.46%, Valid: 91.68% Test: 79.03%
Run: 04, Epoch: 19, Loss: 0.5011
Run: 04, Epoch: 20, Loss: 0.4956
Run: 04, Epoch: 20, Train: 88.63%, Valid: 91.90% Test: 79.29%
Run 04:
Highest Train: 88.63
Highest Valid: 91.90
  Final Train: 88.63
   Final Test: 79.29
Run: 05, Epoch: 01, Loss: 1.4056
Run: 05, Epoch: 02, Loss: 0.7414
Run: 05, Epoch: 03, Loss: 0.6506
Run: 05, Epoch: 04, Loss: 0.6072
Run: 05, Epoch: 05, Loss: 0.5803
Run: 05, Epoch: 06, Loss: 0.5634
Run: 05, Epoch: 07, Loss: 0.5571
Run: 05, Epoch: 08, Loss: 0.5422
Run: 05, Epoch: 09, Loss: 0.5373
Run: 05, Epoch: 10, Loss: 0.5303
Run: 05, Epoch: 10, Train: 87.77%, Valid: 91.39% Test: 78.22%
Run: 05, Epoch: 11, Loss: 0.5217
Run: 05, Epoch: 12, Loss: 0.5146
Run: 05, Epoch: 12, Train: 88.06%, Valid: 91.05% Test: 78.27%
Run: 05, Epoch: 13, Loss: 0.5149
Run: 05, Epoch: 14, Loss: 0.5113
Run: 05, Epoch: 14, Train: 88.14%, Valid: 91.27% Test: 78.38%
Run: 05, Epoch: 15, Loss: 0.5074
Run: 05, Epoch: 16, Loss: 0.5078
Run: 05, Epoch: 16, Train: 88.34%, Valid: 91.89% Test: 79.12%
Run: 05, Epoch: 17, Loss: 0.4973
Run: 05, Epoch: 18, Loss: 0.4991
Run: 05, Epoch: 18, Train: 88.54%, Valid: 91.65% Test: 78.65%
Run: 05, Epoch: 19, Loss: 0.4928
Run: 05, Epoch: 20, Loss: 0.4997
Run: 05, Epoch: 20, Train: 88.78%, Valid: 91.50% Test: 79.24%
Run 05:
Highest Train: 88.78
Highest Valid: 91.89
  Final Train: 88.34
   Final Test: 79.12
Run: 06, Epoch: 01, Loss: 1.4390
Run: 06, Epoch: 02, Loss: 0.7371
Run: 06, Epoch: 03, Loss: 0.6505
Run: 06, Epoch: 04, Loss: 0.6052
Run: 06, Epoch: 05, Loss: 0.5863
Run: 06, Epoch: 06, Loss: 0.5658
Run: 06, Epoch: 07, Loss: 0.5531
Run: 06, Epoch: 08, Loss: 0.5485
Run: 06, Epoch: 09, Loss: 0.5355
Run: 06, Epoch: 10, Loss: 0.5291
Run: 06, Epoch: 10, Train: 87.50%, Valid: 91.24% Test: 78.94%
Run: 06, Epoch: 11, Loss: 0.5244
Run: 06, Epoch: 12, Loss: 0.5231
Run: 06, Epoch: 12, Train: 88.12%, Valid: 91.35% Test: 78.67%
Run: 06, Epoch: 13, Loss: 0.5151
Run: 06, Epoch: 14, Loss: 0.5095
Run: 06, Epoch: 14, Train: 87.85%, Valid: 91.49% Test: 78.75%
Run: 06, Epoch: 15, Loss: 0.5086
Run: 06, Epoch: 16, Loss: 0.5059
Run: 06, Epoch: 16, Train: 88.24%, Valid: 91.62% Test: 78.95%
Run: 06, Epoch: 17, Loss: 0.5044
Run: 06, Epoch: 18, Loss: 0.5011
Run: 06, Epoch: 18, Train: 88.38%, Valid: 91.49% Test: 78.50%
Run: 06, Epoch: 19, Loss: 0.4996
Run: 06, Epoch: 20, Loss: 0.4998
Run: 06, Epoch: 20, Train: 88.57%, Valid: 91.48% Test: 78.68%
Run 06:
Highest Train: 88.57
Highest Valid: 91.62
  Final Train: 88.24
   Final Test: 78.95
Run: 07, Epoch: 01, Loss: 1.5140
Run: 07, Epoch: 02, Loss: 0.7552
Run: 07, Epoch: 03, Loss: 0.6634
Run: 07, Epoch: 04, Loss: 0.6147
Run: 07, Epoch: 05, Loss: 0.5920
Run: 07, Epoch: 06, Loss: 0.5705
Run: 07, Epoch: 07, Loss: 0.5599
Run: 07, Epoch: 08, Loss: 0.5455
Run: 07, Epoch: 09, Loss: 0.5374
Run: 07, Epoch: 10, Loss: 0.5391
Run: 07, Epoch: 10, Train: 87.66%, Valid: 91.09% Test: 78.16%
Run: 07, Epoch: 11, Loss: 0.5313
Run: 07, Epoch: 12, Loss: 0.5238
Run: 07, Epoch: 12, Train: 87.73%, Valid: 91.63% Test: 78.67%
Run: 07, Epoch: 13, Loss: 0.5186
Run: 07, Epoch: 14, Loss: 0.5162
Run: 07, Epoch: 14, Train: 88.14%, Valid: 91.43% Test: 78.83%
Run: 07, Epoch: 15, Loss: 0.5122
Run: 07, Epoch: 16, Loss: 0.5146
Run: 07, Epoch: 16, Train: 88.34%, Valid: 91.32% Test: 78.51%
Run: 07, Epoch: 17, Loss: 0.5095
Run: 07, Epoch: 18, Loss: 0.5062
Run: 07, Epoch: 18, Train: 88.22%, Valid: 91.56% Test: 78.65%
Run: 07, Epoch: 19, Loss: 0.5071
Run: 07, Epoch: 20, Loss: 0.5002
Run: 07, Epoch: 20, Train: 88.30%, Valid: 91.61% Test: 79.29%
Run 07:
Highest Train: 88.34
Highest Valid: 91.63
  Final Train: 87.73
   Final Test: 78.67
Run: 08, Epoch: 01, Loss: 1.4184
Run: 08, Epoch: 02, Loss: 0.7409
Run: 08, Epoch: 03, Loss: 0.6492
Run: 08, Epoch: 04, Loss: 0.6088
Run: 08, Epoch: 05, Loss: 0.5806
Run: 08, Epoch: 06, Loss: 0.5671
Run: 08, Epoch: 07, Loss: 0.5480
Run: 08, Epoch: 08, Loss: 0.5447
Run: 08, Epoch: 09, Loss: 0.5388
Run: 08, Epoch: 10, Loss: 0.5321
Run: 08, Epoch: 10, Train: 87.65%, Valid: 91.51% Test: 79.10%
Run: 08, Epoch: 11, Loss: 0.5252
Run: 08, Epoch: 12, Loss: 0.5201
Run: 08, Epoch: 12, Train: 87.82%, Valid: 91.48% Test: 78.88%
Run: 08, Epoch: 13, Loss: 0.5137
Run: 08, Epoch: 14, Loss: 0.5114
Run: 08, Epoch: 14, Train: 88.10%, Valid: 91.76% Test: 78.96%
Run: 08, Epoch: 15, Loss: 0.5105
Run: 08, Epoch: 16, Loss: 0.5067
Run: 08, Epoch: 16, Train: 88.31%, Valid: 91.74% Test: 78.44%
Run: 08, Epoch: 17, Loss: 0.5035
Run: 08, Epoch: 18, Loss: 0.5072
Run: 08, Epoch: 18, Train: 88.50%, Valid: 91.60% Test: 78.81%
Run: 08, Epoch: 19, Loss: 0.4990
Run: 08, Epoch: 20, Loss: 0.5009
Run: 08, Epoch: 20, Train: 88.64%, Valid: 91.67% Test: 79.17%
Run 08:
Highest Train: 88.64
Highest Valid: 91.76
  Final Train: 88.10
   Final Test: 78.96
Run: 09, Epoch: 01, Loss: 1.4352
Run: 09, Epoch: 02, Loss: 0.7355
Run: 09, Epoch: 03, Loss: 0.6471
Run: 09, Epoch: 04, Loss: 0.6057
Run: 09, Epoch: 05, Loss: 0.5851
Run: 09, Epoch: 06, Loss: 0.5627
Run: 09, Epoch: 07, Loss: 0.5495
Run: 09, Epoch: 08, Loss: 0.5421
Run: 09, Epoch: 09, Loss: 0.5373
Run: 09, Epoch: 10, Loss: 0.5271
Run: 09, Epoch: 10, Train: 87.75%, Valid: 91.36% Test: 78.81%
Run: 09, Epoch: 11, Loss: 0.5215
Run: 09, Epoch: 12, Loss: 0.5134
Run: 09, Epoch: 12, Train: 87.99%, Valid: 91.64% Test: 78.64%
Run: 09, Epoch: 13, Loss: 0.5135
Run: 09, Epoch: 14, Loss: 0.5130
Run: 09, Epoch: 14, Train: 88.09%, Valid: 91.17% Test: 78.06%
Run: 09, Epoch: 15, Loss: 0.5093
Run: 09, Epoch: 16, Loss: 0.5053
Run: 09, Epoch: 16, Train: 88.44%, Valid: 91.62% Test: 79.06%
Run: 09, Epoch: 17, Loss: 0.5034
Run: 09, Epoch: 18, Loss: 0.5003
Run: 09, Epoch: 18, Train: 88.46%, Valid: 91.54% Test: 78.47%
Run: 09, Epoch: 19, Loss: 0.4943
Run: 09, Epoch: 20, Loss: 0.4947
Run: 09, Epoch: 20, Train: 88.77%, Valid: 91.45% Test: 78.55%
Run 09:
Highest Train: 88.77
Highest Valid: 91.64
  Final Train: 87.99
   Final Test: 78.64
Run: 10, Epoch: 01, Loss: 1.4457
Run: 10, Epoch: 02, Loss: 0.7439
Run: 10, Epoch: 03, Loss: 0.6503
Run: 10, Epoch: 04, Loss: 0.6135
Run: 10, Epoch: 05, Loss: 0.5883
Run: 10, Epoch: 06, Loss: 0.5678
Run: 10, Epoch: 07, Loss: 0.5472
Run: 10, Epoch: 08, Loss: 0.5467
Run: 10, Epoch: 09, Loss: 0.5367
Run: 10, Epoch: 10, Loss: 0.5284
Run: 10, Epoch: 10, Train: 87.80%, Valid: 91.31% Test: 79.14%
Run: 10, Epoch: 11, Loss: 0.5200
Run: 10, Epoch: 12, Loss: 0.5155
Run: 10, Epoch: 12, Train: 88.04%, Valid: 91.48% Test: 79.26%
Run: 10, Epoch: 13, Loss: 0.5143
Run: 10, Epoch: 14, Loss: 0.5114
Run: 10, Epoch: 14, Train: 88.17%, Valid: 91.63% Test: 79.30%
Run: 10, Epoch: 15, Loss: 0.5096
Run: 10, Epoch: 16, Loss: 0.5017
Run: 10, Epoch: 16, Train: 88.18%, Valid: 91.56% Test: 79.16%
Run: 10, Epoch: 17, Loss: 0.4995
Run: 10, Epoch: 18, Loss: 0.5022
Run: 10, Epoch: 18, Train: 88.23%, Valid: 91.64% Test: 79.19%
Run: 10, Epoch: 19, Loss: 0.5002
Run: 10, Epoch: 20, Loss: 0.4998
Run: 10, Epoch: 20, Train: 88.57%, Valid: 91.64% Test: 78.30%
Run 10:
Highest Train: 88.57
Highest Valid: 91.64
  Final Train: 88.57
   Final Test: 78.30
All runs:
Highest Train: 88.54 ± 0.17
Highest Valid: 91.72 ± 0.11
  Final Train: 88.21 ± 0.31
   Final Test: 78.79 ± 0.30
