Namespace(device=0, log_steps=1, inductive=False, num_layers=3, hidden_channels=256, dropout=0.5, batch_size=20000, walk_length=3, lr=0.01, num_steps=30, epochs=20, eval_steps=2, runs=10, rsv=0.75, al='el2n', alpha=0.8)
tensor([ 99311, 131369,  15223,  ..., 145702,  57140, 134236]) 147461
tensor([222340, 232877, 217134,  ..., 234487, 225753, 204515]) 29492
Run: 01, Epoch: 01, Loss: 1.4434
Run: 01, Epoch: 02, Loss: 0.6063
Run: 01, Epoch: 03, Loss: 0.5191
Run: 01, Epoch: 04, Loss: 0.4827
Run: 01, Epoch: 05, Loss: 0.4609
Run: 01, Epoch: 06, Loss: 0.4416
Run: 01, Epoch: 07, Loss: 0.4280
Run: 01, Epoch: 08, Loss: 0.4229
Run: 01, Epoch: 09, Loss: 0.4147
Run: 01, Epoch: 10, Loss: 0.4113
Run: 01, Epoch: 10, Train: 90.47%, Valid: 91.35% Test: 78.68%
Run: 01, Epoch: 11, Loss: 0.4038
Run: 01, Epoch: 12, Loss: 0.3974
Run: 01, Epoch: 12, Train: 90.66%, Valid: 91.39% Test: 78.74%
Run: 01, Epoch: 13, Loss: 0.3950
Run: 01, Epoch: 14, Loss: 0.3940
Run: 01, Epoch: 14, Train: 90.84%, Valid: 91.42% Test: 79.35%
Run: 01, Epoch: 15, Loss: 0.3869
Run: 01, Epoch: 16, Loss: 0.3849
Run: 01, Epoch: 16, Train: 91.05%, Valid: 91.52% Test: 79.07%
Run: 01, Epoch: 17, Loss: 0.3845
Run: 01, Epoch: 18, Loss: 0.3846
Run: 01, Epoch: 18, Train: 91.00%, Valid: 91.43% Test: 78.51%
Run: 01, Epoch: 19, Loss: 0.3815
Run: 01, Epoch: 20, Loss: 0.3818
Run: 01, Epoch: 20, Train: 91.20%, Valid: 91.54% Test: 78.83%
Run 01:
Highest Train: 91.20
Highest Valid: 91.54
  Final Train: 91.20
   Final Test: 78.83
Run: 02, Epoch: 01, Loss: 1.5502
Run: 02, Epoch: 02, Loss: 0.6191
Run: 02, Epoch: 03, Loss: 0.5266
Run: 02, Epoch: 04, Loss: 0.4860
Run: 02, Epoch: 05, Loss: 0.4643
Run: 02, Epoch: 06, Loss: 0.4475
Run: 02, Epoch: 07, Loss: 0.4353
Run: 02, Epoch: 08, Loss: 0.4255
Run: 02, Epoch: 09, Loss: 0.4228
Run: 02, Epoch: 10, Loss: 0.4121
Run: 02, Epoch: 10, Train: 90.38%, Valid: 91.24% Test: 78.56%
Run: 02, Epoch: 11, Loss: 0.4057
Run: 02, Epoch: 12, Loss: 0.4050
Run: 02, Epoch: 12, Train: 90.66%, Valid: 91.35% Test: 79.23%
Run: 02, Epoch: 13, Loss: 0.3999
Run: 02, Epoch: 14, Loss: 0.3970
Run: 02, Epoch: 14, Train: 90.81%, Valid: 91.34% Test: 78.76%
Run: 02, Epoch: 15, Loss: 0.3931
Run: 02, Epoch: 16, Loss: 0.3889
Run: 02, Epoch: 16, Train: 90.94%, Valid: 91.51% Test: 79.00%
Run: 02, Epoch: 17, Loss: 0.3896
Run: 02, Epoch: 18, Loss: 0.3848
Run: 02, Epoch: 18, Train: 91.00%, Valid: 91.53% Test: 78.32%
Run: 02, Epoch: 19, Loss: 0.3819
Run: 02, Epoch: 20, Loss: 0.3827
Run: 02, Epoch: 20, Train: 90.97%, Valid: 91.61% Test: 78.90%
Run 02:
Highest Train: 91.00
Highest Valid: 91.61
  Final Train: 90.97
   Final Test: 78.90
Run: 03, Epoch: 01, Loss: 1.5022
Run: 03, Epoch: 02, Loss: 0.6161
Run: 03, Epoch: 03, Loss: 0.5275
Run: 03, Epoch: 04, Loss: 0.4930
Run: 03, Epoch: 05, Loss: 0.4658
Run: 03, Epoch: 06, Loss: 0.4525
Run: 03, Epoch: 07, Loss: 0.4371
Run: 03, Epoch: 08, Loss: 0.4311
Run: 03, Epoch: 09, Loss: 0.4165
Run: 03, Epoch: 10, Loss: 0.4114
Run: 03, Epoch: 10, Train: 90.21%, Valid: 91.11% Test: 78.45%
Run: 03, Epoch: 11, Loss: 0.4091
Run: 03, Epoch: 12, Loss: 0.4053
Run: 03, Epoch: 12, Train: 90.47%, Valid: 91.28% Test: 78.97%
Run: 03, Epoch: 13, Loss: 0.4000
Run: 03, Epoch: 14, Loss: 0.3972
Run: 03, Epoch: 14, Train: 90.68%, Valid: 91.26% Test: 79.40%
Run: 03, Epoch: 15, Loss: 0.3972
Run: 03, Epoch: 16, Loss: 0.3928
Run: 03, Epoch: 16, Train: 90.90%, Valid: 91.38% Test: 78.65%
Run: 03, Epoch: 17, Loss: 0.3898
Run: 03, Epoch: 18, Loss: 0.3880
Run: 03, Epoch: 18, Train: 91.00%, Valid: 91.38% Test: 79.39%
Run: 03, Epoch: 19, Loss: 0.3857
Run: 03, Epoch: 20, Loss: 0.3847
Run: 03, Epoch: 20, Train: 90.99%, Valid: 91.58% Test: 78.85%
Run 03:
Highest Train: 91.00
Highest Valid: 91.58
  Final Train: 90.99
   Final Test: 78.85
Run: 04, Epoch: 01, Loss: 1.4228
Run: 04, Epoch: 02, Loss: 0.6049
Run: 04, Epoch: 03, Loss: 0.5194
Run: 04, Epoch: 04, Loss: 0.4827
Run: 04, Epoch: 05, Loss: 0.4590
Run: 04, Epoch: 06, Loss: 0.4475
Run: 04, Epoch: 07, Loss: 0.4346
Run: 04, Epoch: 08, Loss: 0.4252
Run: 04, Epoch: 09, Loss: 0.4226
Run: 04, Epoch: 10, Loss: 0.4130
Run: 04, Epoch: 10, Train: 90.45%, Valid: 91.33% Test: 78.96%
Run: 04, Epoch: 11, Loss: 0.4067
Run: 04, Epoch: 12, Loss: 0.4026
Run: 04, Epoch: 12, Train: 90.65%, Valid: 91.39% Test: 78.88%
Run: 04, Epoch: 13, Loss: 0.3988
Run: 04, Epoch: 14, Loss: 0.3935
Run: 04, Epoch: 14, Train: 90.75%, Valid: 91.34% Test: 78.03%
Run: 04, Epoch: 15, Loss: 0.3919
Run: 04, Epoch: 16, Loss: 0.3977
Run: 04, Epoch: 16, Train: 91.00%, Valid: 91.56% Test: 79.04%
Run: 04, Epoch: 17, Loss: 0.3903
Run: 04, Epoch: 18, Loss: 0.3886
Run: 04, Epoch: 18, Train: 91.20%, Valid: 91.64% Test: 79.09%
Run: 04, Epoch: 19, Loss: 0.3826
Run: 04, Epoch: 20, Loss: 0.3814
Run: 04, Epoch: 20, Train: 91.19%, Valid: 91.61% Test: 79.45%
Run 04:
Highest Train: 91.20
Highest Valid: 91.64
  Final Train: 91.20
   Final Test: 79.09
Run: 05, Epoch: 01, Loss: 1.3131
Run: 05, Epoch: 02, Loss: 0.5882
Run: 05, Epoch: 03, Loss: 0.5086
Run: 05, Epoch: 04, Loss: 0.4726
Run: 05, Epoch: 05, Loss: 0.4493
Run: 05, Epoch: 06, Loss: 0.4346
Run: 05, Epoch: 07, Loss: 0.4267
Run: 05, Epoch: 08, Loss: 0.4142
Run: 05, Epoch: 09, Loss: 0.4120
Run: 05, Epoch: 10, Loss: 0.4033
Run: 05, Epoch: 10, Train: 90.40%, Valid: 91.21% Test: 78.58%
Run: 05, Epoch: 11, Loss: 0.3966
Run: 05, Epoch: 12, Loss: 0.3928
Run: 05, Epoch: 12, Train: 90.69%, Valid: 91.22% Test: 78.75%
Run: 05, Epoch: 13, Loss: 0.3906
Run: 05, Epoch: 14, Loss: 0.3879
Run: 05, Epoch: 14, Train: 90.93%, Valid: 91.55% Test: 78.46%
Run: 05, Epoch: 15, Loss: 0.3848
Run: 05, Epoch: 16, Loss: 0.3842
Run: 05, Epoch: 16, Train: 90.98%, Valid: 91.35% Test: 78.53%
Run: 05, Epoch: 17, Loss: 0.3774
Run: 05, Epoch: 18, Loss: 0.3768
Run: 05, Epoch: 18, Train: 91.22%, Valid: 91.37% Test: 78.66%
Run: 05, Epoch: 19, Loss: 0.3770
Run: 05, Epoch: 20, Loss: 0.3792
Run: 05, Epoch: 20, Train: 91.44%, Valid: 91.43% Test: 79.25%
Run 05:
Highest Train: 91.44
Highest Valid: 91.55
  Final Train: 90.93
   Final Test: 78.46
Run: 06, Epoch: 01, Loss: 1.3381
Run: 06, Epoch: 02, Loss: 0.5890
Run: 06, Epoch: 03, Loss: 0.5135
Run: 06, Epoch: 04, Loss: 0.4710
Run: 06, Epoch: 05, Loss: 0.4570
Run: 06, Epoch: 06, Loss: 0.4433
Run: 06, Epoch: 07, Loss: 0.4298
Run: 06, Epoch: 08, Loss: 0.4227
Run: 06, Epoch: 09, Loss: 0.4117
Run: 06, Epoch: 10, Loss: 0.4071
Run: 06, Epoch: 10, Train: 90.43%, Valid: 91.16% Test: 78.82%
Run: 06, Epoch: 11, Loss: 0.4020
Run: 06, Epoch: 12, Loss: 0.3982
Run: 06, Epoch: 12, Train: 90.79%, Valid: 91.46% Test: 78.72%
Run: 06, Epoch: 13, Loss: 0.3914
Run: 06, Epoch: 14, Loss: 0.3878
Run: 06, Epoch: 14, Train: 90.75%, Valid: 91.42% Test: 78.79%
Run: 06, Epoch: 15, Loss: 0.3868
Run: 06, Epoch: 16, Loss: 0.3874
Run: 06, Epoch: 16, Train: 91.07%, Valid: 91.73% Test: 79.04%
Run: 06, Epoch: 17, Loss: 0.3848
Run: 06, Epoch: 18, Loss: 0.3819
Run: 06, Epoch: 18, Train: 91.13%, Valid: 91.60% Test: 78.80%
Run: 06, Epoch: 19, Loss: 0.3782
Run: 06, Epoch: 20, Loss: 0.3784
Run: 06, Epoch: 20, Train: 91.32%, Valid: 91.70% Test: 79.00%
Run 06:
Highest Train: 91.32
Highest Valid: 91.73
  Final Train: 91.07
   Final Test: 79.04
Run: 07, Epoch: 01, Loss: 1.4977
Run: 07, Epoch: 02, Loss: 0.6161
Run: 07, Epoch: 03, Loss: 0.5309
Run: 07, Epoch: 04, Loss: 0.4844
Run: 07, Epoch: 05, Loss: 0.4614
Run: 07, Epoch: 06, Loss: 0.4475
Run: 07, Epoch: 07, Loss: 0.4343
Run: 07, Epoch: 08, Loss: 0.4241
Run: 07, Epoch: 09, Loss: 0.4143
Run: 07, Epoch: 10, Loss: 0.4171
Run: 07, Epoch: 10, Train: 90.22%, Valid: 91.19% Test: 78.33%
Run: 07, Epoch: 11, Loss: 0.4079
Run: 07, Epoch: 12, Loss: 0.4020
Run: 07, Epoch: 12, Train: 90.44%, Valid: 91.24% Test: 78.76%
Run: 07, Epoch: 13, Loss: 0.3962
Run: 07, Epoch: 14, Loss: 0.3970
Run: 07, Epoch: 14, Train: 90.81%, Valid: 91.37% Test: 79.31%
Run: 07, Epoch: 15, Loss: 0.3907
Run: 07, Epoch: 16, Loss: 0.3930
Run: 07, Epoch: 16, Train: 90.97%, Valid: 91.53% Test: 78.56%
Run: 07, Epoch: 17, Loss: 0.3874
Run: 07, Epoch: 18, Loss: 0.3865
Run: 07, Epoch: 18, Train: 91.08%, Valid: 91.66% Test: 78.76%
Run: 07, Epoch: 19, Loss: 0.3835
Run: 07, Epoch: 20, Loss: 0.3789
Run: 07, Epoch: 20, Train: 91.15%, Valid: 91.67% Test: 79.20%
Run 07:
Highest Train: 91.15
Highest Valid: 91.67
  Final Train: 91.15
   Final Test: 79.20
Run: 08, Epoch: 01, Loss: 1.2717
Run: 08, Epoch: 02, Loss: 0.5853
Run: 08, Epoch: 03, Loss: 0.5052
Run: 08, Epoch: 04, Loss: 0.4723
Run: 08, Epoch: 05, Loss: 0.4519
Run: 08, Epoch: 06, Loss: 0.4369
Run: 08, Epoch: 07, Loss: 0.4193
Run: 08, Epoch: 08, Loss: 0.4181
Run: 08, Epoch: 09, Loss: 0.4122
Run: 08, Epoch: 10, Loss: 0.4074
Run: 08, Epoch: 10, Train: 90.44%, Valid: 91.32% Test: 78.53%
Run: 08, Epoch: 11, Loss: 0.4051
Run: 08, Epoch: 12, Loss: 0.3989
Run: 08, Epoch: 12, Train: 90.66%, Valid: 91.36% Test: 79.22%
Run: 08, Epoch: 13, Loss: 0.3912
Run: 08, Epoch: 14, Loss: 0.3902
Run: 08, Epoch: 14, Train: 90.87%, Valid: 91.47% Test: 78.20%
Run: 08, Epoch: 15, Loss: 0.3855
Run: 08, Epoch: 16, Loss: 0.3853
Run: 08, Epoch: 16, Train: 91.04%, Valid: 91.58% Test: 78.79%
Run: 08, Epoch: 17, Loss: 0.3814
Run: 08, Epoch: 18, Loss: 0.3836
Run: 08, Epoch: 18, Train: 91.30%, Valid: 91.57% Test: 78.80%
Run: 08, Epoch: 19, Loss: 0.3763
Run: 08, Epoch: 20, Loss: 0.3789
Run: 08, Epoch: 20, Train: 91.41%, Valid: 91.69% Test: 79.11%
Run 08:
Highest Train: 91.41
Highest Valid: 91.69
  Final Train: 91.41
   Final Test: 79.11
Run: 09, Epoch: 01, Loss: 1.3725
Run: 09, Epoch: 02, Loss: 0.5935
Run: 09, Epoch: 03, Loss: 0.5109
Run: 09, Epoch: 04, Loss: 0.4718
Run: 09, Epoch: 05, Loss: 0.4552
Run: 09, Epoch: 06, Loss: 0.4383
Run: 09, Epoch: 07, Loss: 0.4258
Run: 09, Epoch: 08, Loss: 0.4194
Run: 09, Epoch: 09, Loss: 0.4158
Run: 09, Epoch: 10, Loss: 0.4079
Run: 09, Epoch: 10, Train: 90.42%, Valid: 91.18% Test: 77.86%
Run: 09, Epoch: 11, Loss: 0.4034
Run: 09, Epoch: 12, Loss: 0.3958
Run: 09, Epoch: 12, Train: 90.67%, Valid: 91.48% Test: 78.51%
Run: 09, Epoch: 13, Loss: 0.3938
Run: 09, Epoch: 14, Loss: 0.3959
Run: 09, Epoch: 14, Train: 90.82%, Valid: 91.50% Test: 78.08%
Run: 09, Epoch: 15, Loss: 0.3908
Run: 09, Epoch: 16, Loss: 0.3844
Run: 09, Epoch: 16, Train: 91.01%, Valid: 91.57% Test: 78.78%
Run: 09, Epoch: 17, Loss: 0.3794
Run: 09, Epoch: 18, Loss: 0.3786
Run: 09, Epoch: 18, Train: 91.18%, Valid: 91.34% Test: 78.42%
Run: 09, Epoch: 19, Loss: 0.3775
Run: 09, Epoch: 20, Loss: 0.3764
Run: 09, Epoch: 20, Train: 91.37%, Valid: 91.62% Test: 79.06%
Run 09:
Highest Train: 91.37
Highest Valid: 91.62
  Final Train: 91.37
   Final Test: 79.06
Run: 10, Epoch: 01, Loss: 1.4162
Run: 10, Epoch: 02, Loss: 0.6022
Run: 10, Epoch: 03, Loss: 0.5148
Run: 10, Epoch: 04, Loss: 0.4825
Run: 10, Epoch: 05, Loss: 0.4634
Run: 10, Epoch: 06, Loss: 0.4468
Run: 10, Epoch: 07, Loss: 0.4284
Run: 10, Epoch: 08, Loss: 0.4248
Run: 10, Epoch: 09, Loss: 0.4157
Run: 10, Epoch: 10, Loss: 0.4083
Run: 10, Epoch: 10, Train: 90.51%, Valid: 91.39% Test: 78.59%
Run: 10, Epoch: 11, Loss: 0.4016
Run: 10, Epoch: 12, Loss: 0.3977
Run: 10, Epoch: 12, Train: 90.69%, Valid: 91.42% Test: 78.96%
Run: 10, Epoch: 13, Loss: 0.3947
Run: 10, Epoch: 14, Loss: 0.3922
Run: 10, Epoch: 14, Train: 90.87%, Valid: 91.48% Test: 79.00%
Run: 10, Epoch: 15, Loss: 0.3898
Run: 10, Epoch: 16, Loss: 0.3859
Run: 10, Epoch: 16, Train: 90.98%, Valid: 91.52% Test: 79.02%
Run: 10, Epoch: 17, Loss: 0.3843
Run: 10, Epoch: 18, Loss: 0.3857
Run: 10, Epoch: 18, Train: 91.13%, Valid: 91.63% Test: 79.23%
Run: 10, Epoch: 19, Loss: 0.3833
Run: 10, Epoch: 20, Loss: 0.3829
Run: 10, Epoch: 20, Train: 91.13%, Valid: 91.45% Test: 78.82%
Run 10:
Highest Train: 91.13
Highest Valid: 91.63
  Final Train: 91.13
   Final Test: 79.23
All runs:
Highest Train: 91.22 ± 0.16
Highest Valid: 91.63 ± 0.06
  Final Train: 91.14 ± 0.16
   Final Test: 78.98 ± 0.23
