Namespace(device=0, log_steps=1, inductive=False, num_layers=3, hidden_channels=256, dropout=0.5, batch_size=20000, walk_length=3, lr=0.01, num_steps=30, epochs=20, eval_steps=2, runs=10, rsv=0.75, al='el2n', alpha=0.9)
tensor([ 99311, 131369,  15223,  ...,  81769,  95225, 186504]) 147461
tensor([222340, 232877, 217134,  ..., 234487, 225753, 204515]) 29492
Run: 01, Epoch: 01, Loss: 1.3708
Run: 01, Epoch: 02, Loss: 0.5528
Run: 01, Epoch: 03, Loss: 0.4699
Run: 01, Epoch: 04, Loss: 0.4363
Run: 01, Epoch: 05, Loss: 0.4162
Run: 01, Epoch: 06, Loss: 0.3998
Run: 01, Epoch: 07, Loss: 0.3865
Run: 01, Epoch: 08, Loss: 0.3818
Run: 01, Epoch: 09, Loss: 0.3736
Run: 01, Epoch: 10, Loss: 0.3722
Run: 01, Epoch: 10, Train: 91.44%, Valid: 91.14% Test: 77.99%
Run: 01, Epoch: 11, Loss: 0.3637
Run: 01, Epoch: 12, Loss: 0.3562
Run: 01, Epoch: 12, Train: 91.50%, Valid: 91.20% Test: 78.71%
Run: 01, Epoch: 13, Loss: 0.3537
Run: 01, Epoch: 14, Loss: 0.3539
Run: 01, Epoch: 14, Train: 91.71%, Valid: 91.27% Test: 79.51%
Run: 01, Epoch: 15, Loss: 0.3484
Run: 01, Epoch: 16, Loss: 0.3454
Run: 01, Epoch: 16, Train: 91.92%, Valid: 91.39% Test: 79.17%
Run: 01, Epoch: 17, Loss: 0.3423
Run: 01, Epoch: 18, Loss: 0.3422
Run: 01, Epoch: 18, Train: 92.08%, Valid: 91.48% Test: 78.64%
Run: 01, Epoch: 19, Loss: 0.3412
Run: 01, Epoch: 20, Loss: 0.3400
Run: 01, Epoch: 20, Train: 92.13%, Valid: 91.41% Test: 78.89%
Run 01:
Highest Train: 92.13
Highest Valid: 91.48
  Final Train: 92.08
   Final Test: 78.64
Run: 02, Epoch: 01, Loss: 1.4945
Run: 02, Epoch: 02, Loss: 0.5671
Run: 02, Epoch: 03, Loss: 0.4798
Run: 02, Epoch: 04, Loss: 0.4419
Run: 02, Epoch: 05, Loss: 0.4185
Run: 02, Epoch: 06, Loss: 0.4033
Run: 02, Epoch: 07, Loss: 0.3927
Run: 02, Epoch: 08, Loss: 0.3818
Run: 02, Epoch: 09, Loss: 0.3803
Run: 02, Epoch: 10, Loss: 0.3705
Run: 02, Epoch: 10, Train: 91.26%, Valid: 91.15% Test: 78.63%
Run: 02, Epoch: 11, Loss: 0.3641
Run: 02, Epoch: 12, Loss: 0.3649
Run: 02, Epoch: 12, Train: 91.50%, Valid: 91.06% Test: 79.02%
Run: 02, Epoch: 13, Loss: 0.3585
Run: 02, Epoch: 14, Loss: 0.3541
Run: 02, Epoch: 14, Train: 91.59%, Valid: 91.11% Test: 78.68%
Run: 02, Epoch: 15, Loss: 0.3514
Run: 02, Epoch: 16, Loss: 0.3478
Run: 02, Epoch: 16, Train: 91.85%, Valid: 91.42% Test: 79.10%
Run: 02, Epoch: 17, Loss: 0.3478
Run: 02, Epoch: 18, Loss: 0.3444
Run: 02, Epoch: 18, Train: 91.91%, Valid: 91.42% Test: 78.72%
Run: 02, Epoch: 19, Loss: 0.3410
Run: 02, Epoch: 20, Loss: 0.3429
Run: 02, Epoch: 20, Train: 91.90%, Valid: 91.31% Test: 78.51%
Run 02:
Highest Train: 91.91
Highest Valid: 91.42
  Final Train: 91.85
   Final Test: 79.10
Run: 03, Epoch: 01, Loss: 1.4341
Run: 03, Epoch: 02, Loss: 0.5606
Run: 03, Epoch: 03, Loss: 0.4803
Run: 03, Epoch: 04, Loss: 0.4464
Run: 03, Epoch: 05, Loss: 0.4220
Run: 03, Epoch: 06, Loss: 0.4067
Run: 03, Epoch: 07, Loss: 0.3959
Run: 03, Epoch: 08, Loss: 0.3890
Run: 03, Epoch: 09, Loss: 0.3781
Run: 03, Epoch: 10, Loss: 0.3712
Run: 03, Epoch: 10, Train: 91.28%, Valid: 91.11% Test: 78.34%
Run: 03, Epoch: 11, Loss: 0.3668
Run: 03, Epoch: 12, Loss: 0.3656
Run: 03, Epoch: 12, Train: 91.54%, Valid: 91.23% Test: 78.21%
Run: 03, Epoch: 13, Loss: 0.3599
Run: 03, Epoch: 14, Loss: 0.3567
Run: 03, Epoch: 14, Train: 91.62%, Valid: 91.31% Test: 79.13%
Run: 03, Epoch: 15, Loss: 0.3547
Run: 03, Epoch: 16, Loss: 0.3513
Run: 03, Epoch: 16, Train: 91.70%, Valid: 91.46% Test: 78.58%
Run: 03, Epoch: 17, Loss: 0.3523
Run: 03, Epoch: 18, Loss: 0.3487
Run: 03, Epoch: 18, Train: 92.00%, Valid: 91.28% Test: 79.41%
Run: 03, Epoch: 19, Loss: 0.3513
Run: 03, Epoch: 20, Loss: 0.3464
Run: 03, Epoch: 20, Train: 91.87%, Valid: 91.40% Test: 78.29%
Run 03:
Highest Train: 92.00
Highest Valid: 91.46
  Final Train: 91.70
   Final Test: 78.58
Run: 04, Epoch: 01, Loss: 1.3424
Run: 04, Epoch: 02, Loss: 0.5483
Run: 04, Epoch: 03, Loss: 0.4685
Run: 04, Epoch: 04, Loss: 0.4354
Run: 04, Epoch: 05, Loss: 0.4119
Run: 04, Epoch: 06, Loss: 0.4019
Run: 04, Epoch: 07, Loss: 0.3905
Run: 04, Epoch: 08, Loss: 0.3815
Run: 04, Epoch: 09, Loss: 0.3769
Run: 04, Epoch: 10, Loss: 0.3691
Run: 04, Epoch: 10, Train: 91.26%, Valid: 91.13% Test: 78.84%
Run: 04, Epoch: 11, Loss: 0.3643
Run: 04, Epoch: 12, Loss: 0.3584
Run: 04, Epoch: 12, Train: 91.55%, Valid: 91.21% Test: 78.74%
Run: 04, Epoch: 13, Loss: 0.3568
Run: 04, Epoch: 14, Loss: 0.3517
Run: 04, Epoch: 14, Train: 91.80%, Valid: 91.31% Test: 77.96%
Run: 04, Epoch: 15, Loss: 0.3509
Run: 04, Epoch: 16, Loss: 0.3513
Run: 04, Epoch: 16, Train: 91.90%, Valid: 91.30% Test: 78.83%
Run: 04, Epoch: 17, Loss: 0.3479
Run: 04, Epoch: 18, Loss: 0.3460
Run: 04, Epoch: 18, Train: 92.06%, Valid: 91.46% Test: 79.05%
Run: 04, Epoch: 19, Loss: 0.3409
Run: 04, Epoch: 20, Loss: 0.3386
Run: 04, Epoch: 20, Train: 92.12%, Valid: 91.41% Test: 79.28%
Run 04:
Highest Train: 92.12
Highest Valid: 91.46
  Final Train: 92.06
   Final Test: 79.05
Run: 05, Epoch: 01, Loss: 1.2775
Run: 05, Epoch: 02, Loss: 0.5409
Run: 05, Epoch: 03, Loss: 0.4643
Run: 05, Epoch: 04, Loss: 0.4305
Run: 05, Epoch: 05, Loss: 0.4096
Run: 05, Epoch: 06, Loss: 0.3936
Run: 05, Epoch: 07, Loss: 0.3854
Run: 05, Epoch: 08, Loss: 0.3759
Run: 05, Epoch: 09, Loss: 0.3708
Run: 05, Epoch: 10, Loss: 0.3632
Run: 05, Epoch: 10, Train: 91.28%, Valid: 90.96% Test: 78.47%
Run: 05, Epoch: 11, Loss: 0.3579
Run: 05, Epoch: 12, Loss: 0.3539
Run: 05, Epoch: 12, Train: 91.61%, Valid: 91.23% Test: 78.15%
Run: 05, Epoch: 13, Loss: 0.3513
Run: 05, Epoch: 14, Loss: 0.3489
Run: 05, Epoch: 14, Train: 91.83%, Valid: 91.42% Test: 78.67%
Run: 05, Epoch: 15, Loss: 0.3454
Run: 05, Epoch: 16, Loss: 0.3432
Run: 05, Epoch: 16, Train: 91.89%, Valid: 91.51% Test: 78.75%
Run: 05, Epoch: 17, Loss: 0.3397
Run: 05, Epoch: 18, Loss: 0.3392
Run: 05, Epoch: 18, Train: 92.02%, Valid: 91.37% Test: 78.69%
Run: 05, Epoch: 19, Loss: 0.3363
Run: 05, Epoch: 20, Loss: 0.3391
Run: 05, Epoch: 20, Train: 92.18%, Valid: 91.58% Test: 79.20%
Run 05:
Highest Train: 92.18
Highest Valid: 91.58
  Final Train: 92.18
   Final Test: 79.20
Run: 06, Epoch: 01, Loss: 1.3338
Run: 06, Epoch: 02, Loss: 0.5474
Run: 06, Epoch: 03, Loss: 0.4717
Run: 06, Epoch: 04, Loss: 0.4282
Run: 06, Epoch: 05, Loss: 0.4157
Run: 06, Epoch: 06, Loss: 0.4012
Run: 06, Epoch: 07, Loss: 0.3905
Run: 06, Epoch: 08, Loss: 0.3817
Run: 06, Epoch: 09, Loss: 0.3718
Run: 06, Epoch: 10, Loss: 0.3682
Run: 06, Epoch: 10, Train: 91.35%, Valid: 90.98% Test: 78.45%
Run: 06, Epoch: 11, Loss: 0.3641
Run: 06, Epoch: 12, Loss: 0.3621
Run: 06, Epoch: 12, Train: 91.77%, Valid: 91.16% Test: 78.56%
Run: 06, Epoch: 13, Loss: 0.3571
Run: 06, Epoch: 14, Loss: 0.3498
Run: 06, Epoch: 14, Train: 91.67%, Valid: 91.23% Test: 78.66%
Run: 06, Epoch: 15, Loss: 0.3486
Run: 06, Epoch: 16, Loss: 0.3482
Run: 06, Epoch: 16, Train: 91.88%, Valid: 91.40% Test: 79.18%
Run: 06, Epoch: 17, Loss: 0.3464
Run: 06, Epoch: 18, Loss: 0.3435
Run: 06, Epoch: 18, Train: 92.05%, Valid: 91.43% Test: 79.27%
Run: 06, Epoch: 19, Loss: 0.3420
Run: 06, Epoch: 20, Loss: 0.3421
Run: 06, Epoch: 20, Train: 92.20%, Valid: 91.51% Test: 79.13%
Run 06:
Highest Train: 92.20
Highest Valid: 91.51
  Final Train: 92.20
   Final Test: 79.13
Run: 07, Epoch: 01, Loss: 1.4532
Run: 07, Epoch: 02, Loss: 0.5694
Run: 07, Epoch: 03, Loss: 0.4839
Run: 07, Epoch: 04, Loss: 0.4398
Run: 07, Epoch: 05, Loss: 0.4196
Run: 07, Epoch: 06, Loss: 0.4052
Run: 07, Epoch: 07, Loss: 0.3919
Run: 07, Epoch: 08, Loss: 0.3809
Run: 07, Epoch: 09, Loss: 0.3736
Run: 07, Epoch: 10, Loss: 0.3745
Run: 07, Epoch: 10, Train: 91.21%, Valid: 91.02% Test: 78.10%
Run: 07, Epoch: 11, Loss: 0.3639
Run: 07, Epoch: 12, Loss: 0.3596
Run: 07, Epoch: 12, Train: 91.42%, Valid: 91.29% Test: 78.50%
Run: 07, Epoch: 13, Loss: 0.3553
Run: 07, Epoch: 14, Loss: 0.3562
Run: 07, Epoch: 14, Train: 91.78%, Valid: 91.24% Test: 79.00%
Run: 07, Epoch: 15, Loss: 0.3499
Run: 07, Epoch: 16, Loss: 0.3530
Run: 07, Epoch: 16, Train: 91.90%, Valid: 91.34% Test: 78.20%
Run: 07, Epoch: 17, Loss: 0.3471
Run: 07, Epoch: 18, Loss: 0.3472
Run: 07, Epoch: 18, Train: 91.96%, Valid: 91.39% Test: 78.62%
Run: 07, Epoch: 19, Loss: 0.3438
Run: 07, Epoch: 20, Loss: 0.3385
Run: 07, Epoch: 20, Train: 92.13%, Valid: 91.40% Test: 78.74%
Run 07:
Highest Train: 92.13
Highest Valid: 91.40
  Final Train: 92.13
   Final Test: 78.74
Run: 08, Epoch: 01, Loss: 1.2637
Run: 08, Epoch: 02, Loss: 0.5402
Run: 08, Epoch: 03, Loss: 0.4636
Run: 08, Epoch: 04, Loss: 0.4315
Run: 08, Epoch: 05, Loss: 0.4110
Run: 08, Epoch: 06, Loss: 0.3971
Run: 08, Epoch: 07, Loss: 0.3809
Run: 08, Epoch: 08, Loss: 0.3787
Run: 08, Epoch: 09, Loss: 0.3723
Run: 08, Epoch: 10, Loss: 0.3672
Run: 08, Epoch: 10, Train: 91.38%, Valid: 91.26% Test: 78.51%
Run: 08, Epoch: 11, Loss: 0.3643
Run: 08, Epoch: 12, Loss: 0.3564
Run: 08, Epoch: 12, Train: 91.59%, Valid: 91.27% Test: 78.76%
Run: 08, Epoch: 13, Loss: 0.3527
Run: 08, Epoch: 14, Loss: 0.3512
Run: 08, Epoch: 14, Train: 91.82%, Valid: 91.39% Test: 78.70%
Run: 08, Epoch: 15, Loss: 0.3489
Run: 08, Epoch: 16, Loss: 0.3463
Run: 08, Epoch: 16, Train: 91.83%, Valid: 91.48% Test: 78.76%
Run: 08, Epoch: 17, Loss: 0.3431
Run: 08, Epoch: 18, Loss: 0.3461
Run: 08, Epoch: 18, Train: 92.05%, Valid: 91.48% Test: 78.57%
Run: 08, Epoch: 19, Loss: 0.3388
Run: 08, Epoch: 20, Loss: 0.3407
Run: 08, Epoch: 20, Train: 92.13%, Valid: 91.60% Test: 79.10%
Run 08:
Highest Train: 92.13
Highest Valid: 91.60
  Final Train: 92.13
   Final Test: 79.10
Run: 09, Epoch: 01, Loss: 1.3517
Run: 09, Epoch: 02, Loss: 0.5461
Run: 09, Epoch: 03, Loss: 0.4666
Run: 09, Epoch: 04, Loss: 0.4307
Run: 09, Epoch: 05, Loss: 0.4128
Run: 09, Epoch: 06, Loss: 0.3951
Run: 09, Epoch: 07, Loss: 0.3867
Run: 09, Epoch: 08, Loss: 0.3774
Run: 09, Epoch: 09, Loss: 0.3741
Run: 09, Epoch: 10, Loss: 0.3669
Run: 09, Epoch: 10, Train: 91.45%, Valid: 91.01% Test: 77.64%
Run: 09, Epoch: 11, Loss: 0.3617
Run: 09, Epoch: 12, Loss: 0.3553
Run: 09, Epoch: 12, Train: 91.58%, Valid: 91.31% Test: 78.07%
Run: 09, Epoch: 13, Loss: 0.3537
Run: 09, Epoch: 14, Loss: 0.3545
Run: 09, Epoch: 14, Train: 91.75%, Valid: 91.22% Test: 77.63%
Run: 09, Epoch: 15, Loss: 0.3498
Run: 09, Epoch: 16, Loss: 0.3460
Run: 09, Epoch: 16, Train: 91.94%, Valid: 91.35% Test: 78.42%
Run: 09, Epoch: 17, Loss: 0.3416
Run: 09, Epoch: 18, Loss: 0.3408
Run: 09, Epoch: 18, Train: 92.15%, Valid: 91.43% Test: 78.28%
Run: 09, Epoch: 19, Loss: 0.3389
Run: 09, Epoch: 20, Loss: 0.3371
Run: 09, Epoch: 20, Train: 92.15%, Valid: 91.50% Test: 78.70%
Run 09:
Highest Train: 92.15
Highest Valid: 91.50
  Final Train: 92.15
   Final Test: 78.70
Run: 10, Epoch: 01, Loss: 1.3782
Run: 10, Epoch: 02, Loss: 0.5537
Run: 10, Epoch: 03, Loss: 0.4704
Run: 10, Epoch: 04, Loss: 0.4390
Run: 10, Epoch: 05, Loss: 0.4200
Run: 10, Epoch: 06, Loss: 0.4016
Run: 10, Epoch: 07, Loss: 0.3865
Run: 10, Epoch: 08, Loss: 0.3840
Run: 10, Epoch: 09, Loss: 0.3767
Run: 10, Epoch: 10, Loss: 0.3723
Run: 10, Epoch: 10, Train: 91.44%, Valid: 91.24% Test: 78.36%
Run: 10, Epoch: 11, Loss: 0.3731
Run: 10, Epoch: 12, Loss: 0.3692
Run: 10, Epoch: 12, Train: 91.43%, Valid: 91.28% Test: 78.93%
Run: 10, Epoch: 13, Loss: 0.3596
Run: 10, Epoch: 14, Loss: 0.3544
Run: 10, Epoch: 14, Train: 91.60%, Valid: 91.20% Test: 79.22%
Run: 10, Epoch: 15, Loss: 0.3549
Run: 10, Epoch: 16, Loss: 0.3459
Run: 10, Epoch: 16, Train: 91.83%, Valid: 91.38% Test: 78.85%
Run: 10, Epoch: 17, Loss: 0.3444
Run: 10, Epoch: 18, Loss: 0.3452
Run: 10, Epoch: 18, Train: 91.99%, Valid: 91.31% Test: 79.36%
Run: 10, Epoch: 19, Loss: 0.3442
Run: 10, Epoch: 20, Loss: 0.3421
Run: 10, Epoch: 20, Train: 92.08%, Valid: 91.38% Test: 79.20%
Run 10:
Highest Train: 92.08
Highest Valid: 91.38
  Final Train: 91.83
   Final Test: 78.85
All runs:
Highest Train: 92.10 ± 0.09
Highest Valid: 91.48 ± 0.07
  Final Train: 92.03 ± 0.17
   Final Test: 78.91 ± 0.23
