Namespace(device=0, log_steps=1, inductive=False, num_layers=3, hidden_channels=256, dropout=0.5, batch_size=20000, walk_length=3, lr=0.01, num_steps=30, epochs=20, eval_steps=2, runs=10, rsv=0.7, al='el2n', alpha=0.7)
tensor([ 99311, 131369,  15223,  ...,  48194, 124564, 177544]) 137631
tensor([222340, 232877, 217134,  ..., 203947, 232198, 217176]) 27526
Run: 01, Epoch: 01, Loss: 1.5079
Run: 01, Epoch: 02, Loss: 0.6752
Run: 01, Epoch: 03, Loss: 0.5818
Run: 01, Epoch: 04, Loss: 0.5390
Run: 01, Epoch: 05, Loss: 0.5174
Run: 01, Epoch: 06, Loss: 0.4988
Run: 01, Epoch: 07, Loss: 0.4847
Run: 01, Epoch: 08, Loss: 0.4781
Run: 01, Epoch: 09, Loss: 0.4697
Run: 01, Epoch: 10, Loss: 0.4671
Run: 01, Epoch: 10, Train: 89.28%, Valid: 91.45% Test: 78.65%
Run: 01, Epoch: 11, Loss: 0.4575
Run: 01, Epoch: 12, Loss: 0.4501
Run: 01, Epoch: 12, Train: 89.51%, Valid: 91.15% Test: 78.69%
Run: 01, Epoch: 13, Loss: 0.4483
Run: 01, Epoch: 14, Loss: 0.4475
Run: 01, Epoch: 14, Train: 89.64%, Valid: 91.57% Test: 79.30%
Run: 01, Epoch: 15, Loss: 0.4419
Run: 01, Epoch: 16, Loss: 0.4431
Run: 01, Epoch: 16, Train: 89.83%, Valid: 91.65% Test: 79.08%
Run: 01, Epoch: 17, Loss: 0.4346
Run: 01, Epoch: 18, Loss: 0.4397
Run: 01, Epoch: 18, Train: 89.94%, Valid: 91.75% Test: 78.64%
Run: 01, Epoch: 19, Loss: 0.4324
Run: 01, Epoch: 20, Loss: 0.4337
Run: 01, Epoch: 20, Train: 89.87%, Valid: 91.68% Test: 78.53%
Run 01:
Highest Train: 89.94
Highest Valid: 91.75
  Final Train: 89.94
   Final Test: 78.64
Run: 02, Epoch: 01, Loss: 1.5452
Run: 02, Epoch: 02, Loss: 0.6801
Run: 02, Epoch: 03, Loss: 0.5879
Run: 02, Epoch: 04, Loss: 0.5484
Run: 02, Epoch: 05, Loss: 0.5213
Run: 02, Epoch: 06, Loss: 0.5047
Run: 02, Epoch: 07, Loss: 0.4891
Run: 02, Epoch: 08, Loss: 0.4806
Run: 02, Epoch: 09, Loss: 0.4770
Run: 02, Epoch: 10, Loss: 0.4687
Run: 02, Epoch: 10, Train: 89.15%, Valid: 91.42% Test: 78.80%
Run: 02, Epoch: 11, Loss: 0.4573
Run: 02, Epoch: 12, Loss: 0.4581
Run: 02, Epoch: 12, Train: 89.50%, Valid: 91.41% Test: 79.14%
Run: 02, Epoch: 13, Loss: 0.4523
Run: 02, Epoch: 14, Loss: 0.4495
Run: 02, Epoch: 14, Train: 89.52%, Valid: 91.43% Test: 78.60%
Run: 02, Epoch: 15, Loss: 0.4446
Run: 02, Epoch: 16, Loss: 0.4399
Run: 02, Epoch: 16, Train: 89.91%, Valid: 91.61% Test: 79.18%
Run: 02, Epoch: 17, Loss: 0.4423
Run: 02, Epoch: 18, Loss: 0.4392
Run: 02, Epoch: 18, Train: 89.94%, Valid: 91.54% Test: 78.91%
Run: 02, Epoch: 19, Loss: 0.4334
Run: 02, Epoch: 20, Loss: 0.4359
Run: 02, Epoch: 20, Train: 89.81%, Valid: 91.71% Test: 78.97%
Run 02:
Highest Train: 89.94
Highest Valid: 91.71
  Final Train: 89.81
   Final Test: 78.97
Run: 03, Epoch: 01, Loss: 1.5477
Run: 03, Epoch: 02, Loss: 0.6784
Run: 03, Epoch: 03, Loss: 0.5892
Run: 03, Epoch: 04, Loss: 0.5500
Run: 03, Epoch: 05, Loss: 0.5234
Run: 03, Epoch: 06, Loss: 0.5079
Run: 03, Epoch: 07, Loss: 0.4910
Run: 03, Epoch: 08, Loss: 0.4862
Run: 03, Epoch: 09, Loss: 0.4739
Run: 03, Epoch: 10, Loss: 0.4666
Run: 03, Epoch: 10, Train: 89.03%, Valid: 91.36% Test: 78.93%
Run: 03, Epoch: 11, Loss: 0.4620
Run: 03, Epoch: 12, Loss: 0.4588
Run: 03, Epoch: 12, Train: 89.30%, Valid: 91.49% Test: 78.58%
Run: 03, Epoch: 13, Loss: 0.4555
Run: 03, Epoch: 14, Loss: 0.4508
Run: 03, Epoch: 14, Train: 89.32%, Valid: 91.42% Test: 79.48%
Run: 03, Epoch: 15, Loss: 0.4481
Run: 03, Epoch: 16, Loss: 0.4468
Run: 03, Epoch: 16, Train: 89.48%, Valid: 91.52% Test: 78.55%
Run: 03, Epoch: 17, Loss: 0.4432
Run: 03, Epoch: 18, Loss: 0.4418
Run: 03, Epoch: 18, Train: 89.80%, Valid: 91.61% Test: 79.37%
Run: 03, Epoch: 19, Loss: 0.4385
Run: 03, Epoch: 20, Loss: 0.4354
Run: 03, Epoch: 20, Train: 89.80%, Valid: 91.62% Test: 79.12%
Run 03:
Highest Train: 89.80
Highest Valid: 91.62
  Final Train: 89.80
   Final Test: 79.12
Run: 04, Epoch: 01, Loss: 1.4494
Run: 04, Epoch: 02, Loss: 0.6676
Run: 04, Epoch: 03, Loss: 0.5771
Run: 04, Epoch: 04, Loss: 0.5383
Run: 04, Epoch: 05, Loss: 0.5133
Run: 04, Epoch: 06, Loss: 0.5009
Run: 04, Epoch: 07, Loss: 0.4870
Run: 04, Epoch: 08, Loss: 0.4779
Run: 04, Epoch: 09, Loss: 0.4738
Run: 04, Epoch: 10, Loss: 0.4650
Run: 04, Epoch: 10, Train: 89.16%, Valid: 91.33% Test: 79.32%
Run: 04, Epoch: 11, Loss: 0.4576
Run: 04, Epoch: 12, Loss: 0.4521
Run: 04, Epoch: 12, Train: 89.44%, Valid: 91.40% Test: 78.57%
Run: 04, Epoch: 13, Loss: 0.4506
Run: 04, Epoch: 14, Loss: 0.4468
Run: 04, Epoch: 14, Train: 89.47%, Valid: 91.46% Test: 78.00%
Run: 04, Epoch: 15, Loss: 0.4464
Run: 04, Epoch: 16, Loss: 0.4488
Run: 04, Epoch: 16, Train: 89.98%, Valid: 91.68% Test: 79.11%
Run: 04, Epoch: 17, Loss: 0.4412
Run: 04, Epoch: 18, Loss: 0.4419
Run: 04, Epoch: 18, Train: 90.05%, Valid: 91.74% Test: 78.82%
Run: 04, Epoch: 19, Loss: 0.4354
Run: 04, Epoch: 20, Loss: 0.4308
Run: 04, Epoch: 20, Train: 90.11%, Valid: 91.81% Test: 79.43%
Run 04:
Highest Train: 90.11
Highest Valid: 91.81
  Final Train: 90.11
   Final Test: 79.43
Run: 05, Epoch: 01, Loss: 1.3769
Run: 05, Epoch: 02, Loss: 0.6534
Run: 05, Epoch: 03, Loss: 0.5697
Run: 05, Epoch: 04, Loss: 0.5311
Run: 05, Epoch: 05, Loss: 0.5063
Run: 05, Epoch: 06, Loss: 0.4928
Run: 05, Epoch: 07, Loss: 0.4820
Run: 05, Epoch: 08, Loss: 0.4701
Run: 05, Epoch: 09, Loss: 0.4643
Run: 05, Epoch: 10, Loss: 0.4572
Run: 05, Epoch: 10, Train: 89.19%, Valid: 91.32% Test: 78.57%
Run: 05, Epoch: 11, Loss: 0.4505
Run: 05, Epoch: 12, Loss: 0.4441
Run: 05, Epoch: 12, Train: 89.47%, Valid: 91.37% Test: 78.77%
Run: 05, Epoch: 13, Loss: 0.4434
Run: 05, Epoch: 14, Loss: 0.4391
Run: 05, Epoch: 14, Train: 89.82%, Valid: 91.58% Test: 78.63%
Run: 05, Epoch: 15, Loss: 0.4359
Run: 05, Epoch: 16, Loss: 0.4373
Run: 05, Epoch: 16, Train: 89.81%, Valid: 91.59% Test: 78.64%
Run: 05, Epoch: 17, Loss: 0.4315
Run: 05, Epoch: 18, Loss: 0.4321
Run: 05, Epoch: 18, Train: 90.00%, Valid: 91.59% Test: 78.81%
Run: 05, Epoch: 19, Loss: 0.4247
Run: 05, Epoch: 20, Loss: 0.4302
Run: 05, Epoch: 20, Train: 90.35%, Valid: 91.69% Test: 79.12%
Run 05:
Highest Train: 90.35
Highest Valid: 91.69
  Final Train: 90.35
   Final Test: 79.12
Run: 06, Epoch: 01, Loss: 1.4068
Run: 06, Epoch: 02, Loss: 0.6543
Run: 06, Epoch: 03, Loss: 0.5740
Run: 06, Epoch: 04, Loss: 0.5283
Run: 06, Epoch: 05, Loss: 0.5113
Run: 06, Epoch: 06, Loss: 0.4950
Run: 06, Epoch: 07, Loss: 0.4848
Run: 06, Epoch: 08, Loss: 0.4760
Run: 06, Epoch: 09, Loss: 0.4630
Run: 06, Epoch: 10, Loss: 0.4600
Run: 06, Epoch: 10, Train: 89.28%, Valid: 91.31% Test: 79.07%
Run: 06, Epoch: 11, Loss: 0.4538
Run: 06, Epoch: 12, Loss: 0.4515
Run: 06, Epoch: 12, Train: 89.68%, Valid: 91.35% Test: 78.80%
Run: 06, Epoch: 13, Loss: 0.4468
Run: 06, Epoch: 14, Loss: 0.4420
Run: 06, Epoch: 14, Train: 89.59%, Valid: 91.58% Test: 79.22%
Run: 06, Epoch: 15, Loss: 0.4423
Run: 06, Epoch: 16, Loss: 0.4408
Run: 06, Epoch: 16, Train: 89.76%, Valid: 91.50% Test: 79.15%
Run: 06, Epoch: 17, Loss: 0.4370
Run: 06, Epoch: 18, Loss: 0.4373
Run: 06, Epoch: 18, Train: 89.86%, Valid: 91.54% Test: 79.31%
Run: 06, Epoch: 19, Loss: 0.4347
Run: 06, Epoch: 20, Loss: 0.4324
Run: 06, Epoch: 20, Train: 90.11%, Valid: 91.65% Test: 79.05%
Run 06:
Highest Train: 90.11
Highest Valid: 91.65
  Final Train: 90.11
   Final Test: 79.05
Run: 07, Epoch: 01, Loss: 1.4911
Run: 07, Epoch: 02, Loss: 0.6745
Run: 07, Epoch: 03, Loss: 0.5888
Run: 07, Epoch: 04, Loss: 0.5410
Run: 07, Epoch: 05, Loss: 0.5164
Run: 07, Epoch: 06, Loss: 0.4989
Run: 07, Epoch: 07, Loss: 0.4889
Run: 07, Epoch: 08, Loss: 0.4785
Run: 07, Epoch: 09, Loss: 0.4680
Run: 07, Epoch: 10, Loss: 0.4691
Run: 07, Epoch: 10, Train: 89.16%, Valid: 91.30% Test: 78.34%
Run: 07, Epoch: 11, Loss: 0.4589
Run: 07, Epoch: 12, Loss: 0.4533
Run: 07, Epoch: 12, Train: 89.45%, Valid: 91.62% Test: 79.16%
Run: 07, Epoch: 13, Loss: 0.4492
Run: 07, Epoch: 14, Loss: 0.4462
Run: 07, Epoch: 14, Train: 89.65%, Valid: 91.57% Test: 79.06%
Run: 07, Epoch: 15, Loss: 0.4425
Run: 07, Epoch: 16, Loss: 0.4448
Run: 07, Epoch: 16, Train: 89.79%, Valid: 91.60% Test: 78.81%
Run: 07, Epoch: 17, Loss: 0.4385
Run: 07, Epoch: 18, Loss: 0.4361
Run: 07, Epoch: 18, Train: 89.77%, Valid: 91.72% Test: 78.35%
Run: 07, Epoch: 19, Loss: 0.4360
Run: 07, Epoch: 20, Loss: 0.4319
Run: 07, Epoch: 20, Train: 89.99%, Valid: 91.63% Test: 78.94%
Run 07:
Highest Train: 89.99
Highest Valid: 91.72
  Final Train: 89.77
   Final Test: 78.35
Run: 08, Epoch: 01, Loss: 1.3209
Run: 08, Epoch: 02, Loss: 0.6519
Run: 08, Epoch: 03, Loss: 0.5703
Run: 08, Epoch: 04, Loss: 0.5317
Run: 08, Epoch: 05, Loss: 0.5093
Run: 08, Epoch: 06, Loss: 0.4936
Run: 08, Epoch: 07, Loss: 0.4752
Run: 08, Epoch: 08, Loss: 0.4725
Run: 08, Epoch: 09, Loss: 0.4678
Run: 08, Epoch: 10, Loss: 0.4617
Run: 08, Epoch: 10, Train: 89.22%, Valid: 91.50% Test: 78.79%
Run: 08, Epoch: 11, Loss: 0.4568
Run: 08, Epoch: 12, Loss: 0.4509
Run: 08, Epoch: 12, Train: 89.44%, Valid: 91.68% Test: 78.83%
Run: 08, Epoch: 13, Loss: 0.4444
Run: 08, Epoch: 14, Loss: 0.4445
Run: 08, Epoch: 14, Train: 89.65%, Valid: 91.67% Test: 78.84%
Run: 08, Epoch: 15, Loss: 0.4396
Run: 08, Epoch: 16, Loss: 0.4385
Run: 08, Epoch: 16, Train: 89.82%, Valid: 91.87% Test: 78.40%
Run: 08, Epoch: 17, Loss: 0.4349
Run: 08, Epoch: 18, Loss: 0.4360
Run: 08, Epoch: 18, Train: 90.03%, Valid: 91.89% Test: 78.62%
Run: 08, Epoch: 19, Loss: 0.4315
Run: 08, Epoch: 20, Loss: 0.4329
Run: 08, Epoch: 20, Train: 90.08%, Valid: 91.86% Test: 79.64%
Run 08:
Highest Train: 90.08
Highest Valid: 91.89
  Final Train: 90.03
   Final Test: 78.62
Run: 09, Epoch: 01, Loss: 1.3855
Run: 09, Epoch: 02, Loss: 0.6563
Run: 09, Epoch: 03, Loss: 0.5703
Run: 09, Epoch: 04, Loss: 0.5308
Run: 09, Epoch: 05, Loss: 0.5107
Run: 09, Epoch: 06, Loss: 0.4919
Run: 09, Epoch: 07, Loss: 0.4787
Run: 09, Epoch: 08, Loss: 0.4703
Run: 09, Epoch: 09, Loss: 0.4657
Run: 09, Epoch: 10, Loss: 0.4570
Run: 09, Epoch: 10, Train: 89.25%, Valid: 91.21% Test: 78.40%
Run: 09, Epoch: 11, Loss: 0.4548
Run: 09, Epoch: 12, Loss: 0.4474
Run: 09, Epoch: 12, Train: 89.48%, Valid: 91.46% Test: 78.57%
Run: 09, Epoch: 13, Loss: 0.4454
Run: 09, Epoch: 14, Loss: 0.4477
Run: 09, Epoch: 14, Train: 89.75%, Valid: 91.56% Test: 78.20%
Run: 09, Epoch: 15, Loss: 0.4423
Run: 09, Epoch: 16, Loss: 0.4365
Run: 09, Epoch: 16, Train: 89.88%, Valid: 91.59% Test: 79.05%
Run: 09, Epoch: 17, Loss: 0.4313
Run: 09, Epoch: 18, Loss: 0.4314
Run: 09, Epoch: 18, Train: 90.06%, Valid: 91.51% Test: 78.74%
Run: 09, Epoch: 19, Loss: 0.4275
Run: 09, Epoch: 20, Loss: 0.4240
Run: 09, Epoch: 20, Train: 90.25%, Valid: 91.79% Test: 79.20%
Run 09:
Highest Train: 90.25
Highest Valid: 91.79
  Final Train: 90.25
   Final Test: 79.20
Run: 10, Epoch: 01, Loss: 1.4376
Run: 10, Epoch: 02, Loss: 0.6665
Run: 10, Epoch: 03, Loss: 0.5769
Run: 10, Epoch: 04, Loss: 0.5406
Run: 10, Epoch: 05, Loss: 0.5185
Run: 10, Epoch: 06, Loss: 0.5009
Run: 10, Epoch: 07, Loss: 0.4839
Run: 10, Epoch: 08, Loss: 0.4805
Run: 10, Epoch: 09, Loss: 0.4694
Run: 10, Epoch: 10, Loss: 0.4634
Run: 10, Epoch: 10, Train: 89.19%, Valid: 91.34% Test: 78.97%
Run: 10, Epoch: 11, Loss: 0.4565
Run: 10, Epoch: 12, Loss: 0.4522
Run: 10, Epoch: 12, Train: 89.45%, Valid: 91.53% Test: 79.14%
Run: 10, Epoch: 13, Loss: 0.4482
Run: 10, Epoch: 14, Loss: 0.4452
Run: 10, Epoch: 14, Train: 89.76%, Valid: 91.66% Test: 79.36%
Run: 10, Epoch: 15, Loss: 0.4451
Run: 10, Epoch: 16, Loss: 0.4411
Run: 10, Epoch: 16, Train: 89.82%, Valid: 91.53% Test: 79.14%
Run: 10, Epoch: 17, Loss: 0.4365
Run: 10, Epoch: 18, Loss: 0.4401
Run: 10, Epoch: 18, Train: 89.86%, Valid: 91.64% Test: 79.26%
Run: 10, Epoch: 19, Loss: 0.4351
Run: 10, Epoch: 20, Loss: 0.4348
Run: 10, Epoch: 20, Train: 89.92%, Valid: 91.58% Test: 78.98%
Run 10:
Highest Train: 89.92
Highest Valid: 91.66
  Final Train: 89.76
   Final Test: 79.36
All runs:
Highest Train: 90.05 ± 0.17
Highest Valid: 91.73 ± 0.08
  Final Train: 89.99 ± 0.21
   Final Test: 78.99 ± 0.35
