Namespace(device=0, log_steps=1, inductive=False, num_layers=3, hidden_channels=256, dropout=0.5, batch_size=20000, walk_length=3, lr=0.01, num_steps=30, epochs=20, eval_steps=2, runs=10, rsv=0.7, al='el2n', alpha=0.8)
tensor([ 99311, 131369,  15223,  ..., 106984,  81922, 162388]) 137631
tensor([222340, 232877, 217134,  ..., 203947, 232198, 217176]) 27526
Run: 01, Epoch: 01, Loss: 1.4470
Run: 01, Epoch: 02, Loss: 0.6085
Run: 01, Epoch: 03, Loss: 0.5206
Run: 01, Epoch: 04, Loss: 0.4823
Run: 01, Epoch: 05, Loss: 0.4616
Run: 01, Epoch: 06, Loss: 0.4422
Run: 01, Epoch: 07, Loss: 0.4306
Run: 01, Epoch: 08, Loss: 0.4242
Run: 01, Epoch: 09, Loss: 0.4163
Run: 01, Epoch: 10, Loss: 0.4134
Run: 01, Epoch: 10, Train: 90.36%, Valid: 91.23% Test: 78.54%
Run: 01, Epoch: 11, Loss: 0.4055
Run: 01, Epoch: 12, Loss: 0.3978
Run: 01, Epoch: 12, Train: 90.50%, Valid: 91.24% Test: 78.61%
Run: 01, Epoch: 13, Loss: 0.3945
Run: 01, Epoch: 14, Loss: 0.3928
Run: 01, Epoch: 14, Train: 90.74%, Valid: 91.36% Test: 79.50%
Run: 01, Epoch: 15, Loss: 0.3877
Run: 01, Epoch: 16, Loss: 0.3839
Run: 01, Epoch: 16, Train: 91.09%, Valid: 91.46% Test: 79.04%
Run: 01, Epoch: 17, Loss: 0.3816
Run: 01, Epoch: 18, Loss: 0.3837
Run: 01, Epoch: 18, Train: 91.01%, Valid: 91.48% Test: 78.60%
Run: 01, Epoch: 19, Loss: 0.3806
Run: 01, Epoch: 20, Loss: 0.3793
Run: 01, Epoch: 20, Train: 91.27%, Valid: 91.45% Test: 78.67%
Run 01:
Highest Train: 91.27
Highest Valid: 91.48
  Final Train: 91.01
   Final Test: 78.60
Run: 02, Epoch: 01, Loss: 1.5436
Run: 02, Epoch: 02, Loss: 0.6172
Run: 02, Epoch: 03, Loss: 0.5273
Run: 02, Epoch: 04, Loss: 0.4868
Run: 02, Epoch: 05, Loss: 0.4636
Run: 02, Epoch: 06, Loss: 0.4468
Run: 02, Epoch: 07, Loss: 0.4346
Run: 02, Epoch: 08, Loss: 0.4251
Run: 02, Epoch: 09, Loss: 0.4225
Run: 02, Epoch: 10, Loss: 0.4121
Run: 02, Epoch: 10, Train: 90.32%, Valid: 91.23% Test: 78.58%
Run: 02, Epoch: 11, Loss: 0.4051
Run: 02, Epoch: 12, Loss: 0.4058
Run: 02, Epoch: 12, Train: 90.63%, Valid: 91.38% Test: 78.98%
Run: 02, Epoch: 13, Loss: 0.3989
Run: 02, Epoch: 14, Loss: 0.3958
Run: 02, Epoch: 14, Train: 90.80%, Valid: 91.37% Test: 78.40%
Run: 02, Epoch: 15, Loss: 0.3927
Run: 02, Epoch: 16, Loss: 0.3905
Run: 02, Epoch: 16, Train: 91.00%, Valid: 91.46% Test: 79.04%
Run: 02, Epoch: 17, Loss: 0.3878
Run: 02, Epoch: 18, Loss: 0.3856
Run: 02, Epoch: 18, Train: 91.06%, Valid: 91.49% Test: 77.98%
Run: 02, Epoch: 19, Loss: 0.3820
Run: 02, Epoch: 20, Loss: 0.3858
Run: 02, Epoch: 20, Train: 90.98%, Valid: 91.47% Test: 78.57%
Run 02:
Highest Train: 91.06
Highest Valid: 91.49
  Final Train: 91.06
   Final Test: 77.98
Run: 03, Epoch: 01, Loss: 1.5062
Run: 03, Epoch: 02, Loss: 0.6165
Run: 03, Epoch: 03, Loss: 0.5278
Run: 03, Epoch: 04, Loss: 0.4934
Run: 03, Epoch: 05, Loss: 0.4662
Run: 03, Epoch: 06, Loss: 0.4505
Run: 03, Epoch: 07, Loss: 0.4369
Run: 03, Epoch: 08, Loss: 0.4299
Run: 03, Epoch: 09, Loss: 0.4173
Run: 03, Epoch: 10, Loss: 0.4097
Run: 03, Epoch: 10, Train: 90.27%, Valid: 91.20% Test: 78.40%
Run: 03, Epoch: 11, Loss: 0.4068
Run: 03, Epoch: 12, Loss: 0.4066
Run: 03, Epoch: 12, Train: 90.55%, Valid: 91.31% Test: 78.70%
Run: 03, Epoch: 13, Loss: 0.3996
Run: 03, Epoch: 14, Loss: 0.3968
Run: 03, Epoch: 14, Train: 90.65%, Valid: 91.25% Test: 79.21%
Run: 03, Epoch: 15, Loss: 0.3955
Run: 03, Epoch: 16, Loss: 0.3935
Run: 03, Epoch: 16, Train: 90.82%, Valid: 91.44% Test: 78.54%
Run: 03, Epoch: 17, Loss: 0.3902
Run: 03, Epoch: 18, Loss: 0.3885
Run: 03, Epoch: 18, Train: 91.05%, Valid: 91.40% Test: 79.20%
Run: 03, Epoch: 19, Loss: 0.3839
Run: 03, Epoch: 20, Loss: 0.3870
Run: 03, Epoch: 20, Train: 90.95%, Valid: 91.50% Test: 78.26%
Run 03:
Highest Train: 91.05
Highest Valid: 91.50
  Final Train: 90.95
   Final Test: 78.26
Run: 04, Epoch: 01, Loss: 1.4274
Run: 04, Epoch: 02, Loss: 0.6070
Run: 04, Epoch: 03, Loss: 0.5201
Run: 04, Epoch: 04, Loss: 0.4838
Run: 04, Epoch: 05, Loss: 0.4602
Run: 04, Epoch: 06, Loss: 0.4482
Run: 04, Epoch: 07, Loss: 0.4356
Run: 04, Epoch: 08, Loss: 0.4239
Run: 04, Epoch: 09, Loss: 0.4218
Run: 04, Epoch: 10, Loss: 0.4123
Run: 04, Epoch: 10, Train: 90.38%, Valid: 91.23% Test: 78.90%
Run: 04, Epoch: 11, Loss: 0.4061
Run: 04, Epoch: 12, Loss: 0.4004
Run: 04, Epoch: 12, Train: 90.70%, Valid: 91.34% Test: 78.77%
Run: 04, Epoch: 13, Loss: 0.3977
Run: 04, Epoch: 14, Loss: 0.3931
Run: 04, Epoch: 14, Train: 90.75%, Valid: 91.48% Test: 78.12%
Run: 04, Epoch: 15, Loss: 0.3913
Run: 04, Epoch: 16, Loss: 0.3940
Run: 04, Epoch: 16, Train: 90.99%, Valid: 91.54% Test: 79.08%
Run: 04, Epoch: 17, Loss: 0.3884
Run: 04, Epoch: 18, Loss: 0.3882
Run: 04, Epoch: 18, Train: 91.14%, Valid: 91.65% Test: 78.67%
Run: 04, Epoch: 19, Loss: 0.3812
Run: 04, Epoch: 20, Loss: 0.3791
Run: 04, Epoch: 20, Train: 91.25%, Valid: 91.73% Test: 79.44%
Run 04:
Highest Train: 91.25
Highest Valid: 91.73
  Final Train: 91.25
   Final Test: 79.44
Run: 05, Epoch: 01, Loss: 1.3164
Run: 05, Epoch: 02, Loss: 0.5904
Run: 05, Epoch: 03, Loss: 0.5116
Run: 05, Epoch: 04, Loss: 0.4734
Run: 05, Epoch: 05, Loss: 0.4511
Run: 05, Epoch: 06, Loss: 0.4356
Run: 05, Epoch: 07, Loss: 0.4282
Run: 05, Epoch: 08, Loss: 0.4159
Run: 05, Epoch: 09, Loss: 0.4128
Run: 05, Epoch: 10, Loss: 0.4051
Run: 05, Epoch: 10, Train: 90.22%, Valid: 91.12% Test: 78.39%
Run: 05, Epoch: 11, Loss: 0.3980
Run: 05, Epoch: 12, Loss: 0.3933
Run: 05, Epoch: 12, Train: 90.78%, Valid: 91.33% Test: 78.49%
Run: 05, Epoch: 13, Loss: 0.3888
Run: 05, Epoch: 14, Loss: 0.3889
Run: 05, Epoch: 14, Train: 91.06%, Valid: 91.63% Test: 78.44%
Run: 05, Epoch: 15, Loss: 0.3834
Run: 05, Epoch: 16, Loss: 0.3836
Run: 05, Epoch: 16, Train: 90.90%, Valid: 91.36% Test: 78.34%
Run: 05, Epoch: 17, Loss: 0.3788
Run: 05, Epoch: 18, Loss: 0.3763
Run: 05, Epoch: 18, Train: 91.08%, Valid: 91.40% Test: 78.63%
Run: 05, Epoch: 19, Loss: 0.3781
Run: 05, Epoch: 20, Loss: 0.3809
Run: 05, Epoch: 20, Train: 91.25%, Valid: 91.54% Test: 79.03%
Run 05:
Highest Train: 91.25
Highest Valid: 91.63
  Final Train: 91.06
   Final Test: 78.44
Run: 06, Epoch: 01, Loss: 1.3417
Run: 06, Epoch: 02, Loss: 0.5923
Run: 06, Epoch: 03, Loss: 0.5166
Run: 06, Epoch: 04, Loss: 0.4728
Run: 06, Epoch: 05, Loss: 0.4577
Run: 06, Epoch: 06, Loss: 0.4432
Run: 06, Epoch: 07, Loss: 0.4313
Run: 06, Epoch: 08, Loss: 0.4225
Run: 06, Epoch: 09, Loss: 0.4130
Run: 06, Epoch: 10, Loss: 0.4080
Run: 06, Epoch: 10, Train: 90.49%, Valid: 91.12% Test: 78.73%
Run: 06, Epoch: 11, Loss: 0.4020
Run: 06, Epoch: 12, Loss: 0.3997
Run: 06, Epoch: 12, Train: 90.70%, Valid: 91.39% Test: 78.60%
Run: 06, Epoch: 13, Loss: 0.3928
Run: 06, Epoch: 14, Loss: 0.3865
Run: 06, Epoch: 14, Train: 90.82%, Valid: 91.43% Test: 79.11%
Run: 06, Epoch: 15, Loss: 0.3880
Run: 06, Epoch: 16, Loss: 0.3876
Run: 06, Epoch: 16, Train: 90.98%, Valid: 91.53% Test: 79.06%
Run: 06, Epoch: 17, Loss: 0.3845
Run: 06, Epoch: 18, Loss: 0.3815
Run: 06, Epoch: 18, Train: 91.12%, Valid: 91.80% Test: 78.72%
Run: 06, Epoch: 19, Loss: 0.3801
Run: 06, Epoch: 20, Loss: 0.3790
Run: 06, Epoch: 20, Train: 91.34%, Valid: 91.53% Test: 78.61%
Run 06:
Highest Train: 91.34
Highest Valid: 91.80
  Final Train: 91.12
   Final Test: 78.72
Run: 07, Epoch: 01, Loss: 1.5018
Run: 07, Epoch: 02, Loss: 0.6182
Run: 07, Epoch: 03, Loss: 0.5318
Run: 07, Epoch: 04, Loss: 0.4859
Run: 07, Epoch: 05, Loss: 0.4622
Run: 07, Epoch: 06, Loss: 0.4477
Run: 07, Epoch: 07, Loss: 0.4354
Run: 07, Epoch: 08, Loss: 0.4232
Run: 07, Epoch: 09, Loss: 0.4151
Run: 07, Epoch: 10, Loss: 0.4163
Run: 07, Epoch: 10, Train: 90.19%, Valid: 91.10% Test: 78.50%
Run: 07, Epoch: 11, Loss: 0.4059
Run: 07, Epoch: 12, Loss: 0.4012
Run: 07, Epoch: 12, Train: 90.44%, Valid: 91.35% Test: 78.66%
Run: 07, Epoch: 13, Loss: 0.3950
Run: 07, Epoch: 14, Loss: 0.3957
Run: 07, Epoch: 14, Train: 90.89%, Valid: 91.40% Test: 79.10%
Run: 07, Epoch: 15, Loss: 0.3908
Run: 07, Epoch: 16, Loss: 0.3912
Run: 07, Epoch: 16, Train: 90.96%, Valid: 91.58% Test: 78.16%
Run: 07, Epoch: 17, Loss: 0.3881
Run: 07, Epoch: 18, Loss: 0.3849
Run: 07, Epoch: 18, Train: 91.09%, Valid: 91.68% Test: 78.65%
Run: 07, Epoch: 19, Loss: 0.3837
Run: 07, Epoch: 20, Loss: 0.3778
Run: 07, Epoch: 20, Train: 91.12%, Valid: 91.57% Test: 78.84%
Run 07:
Highest Train: 91.12
Highest Valid: 91.68
  Final Train: 91.09
   Final Test: 78.65
Run: 08, Epoch: 01, Loss: 1.2764
Run: 08, Epoch: 02, Loss: 0.5869
Run: 08, Epoch: 03, Loss: 0.5071
Run: 08, Epoch: 04, Loss: 0.4729
Run: 08, Epoch: 05, Loss: 0.4539
Run: 08, Epoch: 06, Loss: 0.4361
Run: 08, Epoch: 07, Loss: 0.4190
Run: 08, Epoch: 08, Loss: 0.4184
Run: 08, Epoch: 09, Loss: 0.4128
Run: 08, Epoch: 10, Loss: 0.4079
Run: 08, Epoch: 10, Train: 90.52%, Valid: 91.35% Test: 78.28%
Run: 08, Epoch: 11, Loss: 0.4038
Run: 08, Epoch: 12, Loss: 0.3964
Run: 08, Epoch: 12, Train: 90.79%, Valid: 91.54% Test: 78.66%
Run: 08, Epoch: 13, Loss: 0.3918
Run: 08, Epoch: 14, Loss: 0.3903
Run: 08, Epoch: 14, Train: 90.88%, Valid: 91.41% Test: 78.29%
Run: 08, Epoch: 15, Loss: 0.3860
Run: 08, Epoch: 16, Loss: 0.3855
Run: 08, Epoch: 16, Train: 90.90%, Valid: 91.62% Test: 78.74%
Run: 08, Epoch: 17, Loss: 0.3825
Run: 08, Epoch: 18, Loss: 0.3848
Run: 08, Epoch: 18, Train: 91.29%, Valid: 91.55% Test: 78.41%
Run: 08, Epoch: 19, Loss: 0.3791
Run: 08, Epoch: 20, Loss: 0.3810
Run: 08, Epoch: 20, Train: 91.37%, Valid: 91.75% Test: 78.68%
Run 08:
Highest Train: 91.37
Highest Valid: 91.75
  Final Train: 91.37
   Final Test: 78.68
Run: 09, Epoch: 01, Loss: 1.3744
Run: 09, Epoch: 02, Loss: 0.5942
Run: 09, Epoch: 03, Loss: 0.5112
Run: 09, Epoch: 04, Loss: 0.4737
Run: 09, Epoch: 05, Loss: 0.4556
Run: 09, Epoch: 06, Loss: 0.4390
Run: 09, Epoch: 07, Loss: 0.4267
Run: 09, Epoch: 08, Loss: 0.4183
Run: 09, Epoch: 09, Loss: 0.4154
Run: 09, Epoch: 10, Loss: 0.4081
Run: 09, Epoch: 10, Train: 90.43%, Valid: 91.05% Test: 77.63%
Run: 09, Epoch: 11, Loss: 0.4034
Run: 09, Epoch: 12, Loss: 0.3957
Run: 09, Epoch: 12, Train: 90.70%, Valid: 91.39% Test: 78.09%
Run: 09, Epoch: 13, Loss: 0.3970
Run: 09, Epoch: 14, Loss: 0.3975
Run: 09, Epoch: 14, Train: 90.88%, Valid: 91.24% Test: 77.73%
Run: 09, Epoch: 15, Loss: 0.3915
Run: 09, Epoch: 16, Loss: 0.3862
Run: 09, Epoch: 16, Train: 91.08%, Valid: 91.58% Test: 78.59%
Run: 09, Epoch: 17, Loss: 0.3801
Run: 09, Epoch: 18, Loss: 0.3797
Run: 09, Epoch: 18, Train: 91.19%, Valid: 91.44% Test: 78.45%
Run: 09, Epoch: 19, Loss: 0.3765
Run: 09, Epoch: 20, Loss: 0.3767
Run: 09, Epoch: 20, Train: 91.38%, Valid: 91.57% Test: 78.67%
Run 09:
Highest Train: 91.38
Highest Valid: 91.58
  Final Train: 91.08
   Final Test: 78.59
Run: 10, Epoch: 01, Loss: 1.4201
Run: 10, Epoch: 02, Loss: 0.6050
Run: 10, Epoch: 03, Loss: 0.5175
Run: 10, Epoch: 04, Loss: 0.4849
Run: 10, Epoch: 05, Loss: 0.4659
Run: 10, Epoch: 06, Loss: 0.4473
Run: 10, Epoch: 07, Loss: 0.4280
Run: 10, Epoch: 08, Loss: 0.4249
Run: 10, Epoch: 09, Loss: 0.4162
Run: 10, Epoch: 10, Loss: 0.4114
Run: 10, Epoch: 10, Train: 90.50%, Valid: 91.37% Test: 78.27%
Run: 10, Epoch: 11, Loss: 0.4028
Run: 10, Epoch: 12, Loss: 0.3991
Run: 10, Epoch: 12, Train: 90.63%, Valid: 91.46% Test: 78.82%
Run: 10, Epoch: 13, Loss: 0.3971
Run: 10, Epoch: 14, Loss: 0.3943
Run: 10, Epoch: 14, Train: 90.83%, Valid: 91.34% Test: 79.06%
Run: 10, Epoch: 15, Loss: 0.3949
Run: 10, Epoch: 16, Loss: 0.3885
Run: 10, Epoch: 16, Train: 91.02%, Valid: 91.38% Test: 79.00%
Run: 10, Epoch: 17, Loss: 0.3859
Run: 10, Epoch: 18, Loss: 0.3890
Run: 10, Epoch: 18, Train: 91.16%, Valid: 91.60% Test: 78.87%
Run: 10, Epoch: 19, Loss: 0.3842
Run: 10, Epoch: 20, Loss: 0.3818
Run: 10, Epoch: 20, Train: 91.15%, Valid: 91.52% Test: 78.94%
Run 10:
Highest Train: 91.16
Highest Valid: 91.60
  Final Train: 91.16
   Final Test: 78.87
All runs:
Highest Train: 91.22 ± 0.12
Highest Valid: 91.62 ± 0.11
  Final Train: 91.12 ± 0.12
   Final Test: 78.62 ± 0.38
