Namespace(device=0, log_steps=1, inductive=False, num_layers=3, hidden_channels=256, dropout=0.5, batch_size=20000, walk_length=3, lr=0.01, num_steps=30, epochs=20, eval_steps=2, runs=10, rsv=0.85, al='el2n', alpha=0.9)
tensor([ 99311, 131369,  15223,  ..., 150098, 157165,  13282]) 167122
tensor([222340, 232877, 217134,  ..., 207590, 210730, 214650]) 33424
Run: 01, Epoch: 01, Loss: 1.3658
Run: 01, Epoch: 02, Loss: 0.5508
Run: 01, Epoch: 03, Loss: 0.4678
Run: 01, Epoch: 04, Loss: 0.4336
Run: 01, Epoch: 05, Loss: 0.4139
Run: 01, Epoch: 06, Loss: 0.3977
Run: 01, Epoch: 07, Loss: 0.3847
Run: 01, Epoch: 08, Loss: 0.3794
Run: 01, Epoch: 09, Loss: 0.3717
Run: 01, Epoch: 10, Loss: 0.3703
Run: 01, Epoch: 10, Train: 91.55%, Valid: 91.41% Test: 78.43%
Run: 01, Epoch: 11, Loss: 0.3630
Run: 01, Epoch: 12, Loss: 0.3560
Run: 01, Epoch: 12, Train: 91.67%, Valid: 91.35% Test: 79.23%
Run: 01, Epoch: 13, Loss: 0.3549
Run: 01, Epoch: 14, Loss: 0.3539
Run: 01, Epoch: 14, Train: 91.79%, Valid: 91.65% Test: 79.72%
Run: 01, Epoch: 15, Loss: 0.3465
Run: 01, Epoch: 16, Loss: 0.3443
Run: 01, Epoch: 16, Train: 92.05%, Valid: 91.64% Test: 79.06%
Run: 01, Epoch: 17, Loss: 0.3422
Run: 01, Epoch: 18, Loss: 0.3431
Run: 01, Epoch: 18, Train: 92.13%, Valid: 91.63% Test: 78.75%
Run: 01, Epoch: 19, Loss: 0.3398
Run: 01, Epoch: 20, Loss: 0.3404
Run: 01, Epoch: 20, Train: 92.19%, Valid: 91.55% Test: 78.73%
Run 01:
Highest Train: 92.19
Highest Valid: 91.65
  Final Train: 91.79
   Final Test: 79.72
Run: 02, Epoch: 01, Loss: 1.4977
Run: 02, Epoch: 02, Loss: 0.5682
Run: 02, Epoch: 03, Loss: 0.4784
Run: 02, Epoch: 04, Loss: 0.4410
Run: 02, Epoch: 05, Loss: 0.4197
Run: 02, Epoch: 06, Loss: 0.4048
Run: 02, Epoch: 07, Loss: 0.3926
Run: 02, Epoch: 08, Loss: 0.3830
Run: 02, Epoch: 09, Loss: 0.3804
Run: 02, Epoch: 10, Loss: 0.3704
Run: 02, Epoch: 10, Train: 91.25%, Valid: 91.11% Test: 78.74%
Run: 02, Epoch: 11, Loss: 0.3647
Run: 02, Epoch: 12, Loss: 0.3650
Run: 02, Epoch: 12, Train: 91.46%, Valid: 91.14% Test: 79.06%
Run: 02, Epoch: 13, Loss: 0.3586
Run: 02, Epoch: 14, Loss: 0.3585
Run: 02, Epoch: 14, Train: 91.65%, Valid: 91.29% Test: 78.37%
Run: 02, Epoch: 15, Loss: 0.3533
Run: 02, Epoch: 16, Loss: 0.3501
Run: 02, Epoch: 16, Train: 91.86%, Valid: 91.43% Test: 79.14%
Run: 02, Epoch: 17, Loss: 0.3484
Run: 02, Epoch: 18, Loss: 0.3444
Run: 02, Epoch: 18, Train: 91.97%, Valid: 91.46% Test: 78.68%
Run: 02, Epoch: 19, Loss: 0.3416
Run: 02, Epoch: 20, Loss: 0.3420
Run: 02, Epoch: 20, Train: 91.99%, Valid: 91.41% Test: 78.60%
Run 02:
Highest Train: 91.99
Highest Valid: 91.46
  Final Train: 91.97
   Final Test: 78.68
Run: 03, Epoch: 01, Loss: 1.4330
Run: 03, Epoch: 02, Loss: 0.5580
Run: 03, Epoch: 03, Loss: 0.4775
Run: 03, Epoch: 04, Loss: 0.4427
Run: 03, Epoch: 05, Loss: 0.4182
Run: 03, Epoch: 06, Loss: 0.4043
Run: 03, Epoch: 07, Loss: 0.3930
Run: 03, Epoch: 08, Loss: 0.3861
Run: 03, Epoch: 09, Loss: 0.3753
Run: 03, Epoch: 10, Loss: 0.3704
Run: 03, Epoch: 10, Train: 91.25%, Valid: 91.24% Test: 78.44%
Run: 03, Epoch: 11, Loss: 0.3655
Run: 03, Epoch: 12, Loss: 0.3636
Run: 03, Epoch: 12, Train: 91.54%, Valid: 91.27% Test: 78.67%
Run: 03, Epoch: 13, Loss: 0.3589
Run: 03, Epoch: 14, Loss: 0.3549
Run: 03, Epoch: 14, Train: 91.59%, Valid: 91.26% Test: 79.16%
Run: 03, Epoch: 15, Loss: 0.3544
Run: 03, Epoch: 16, Loss: 0.3496
Run: 03, Epoch: 16, Train: 91.92%, Valid: 91.46% Test: 78.59%
Run: 03, Epoch: 17, Loss: 0.3476
Run: 03, Epoch: 18, Loss: 0.3464
Run: 03, Epoch: 18, Train: 91.94%, Valid: 91.49% Test: 79.69%
Run: 03, Epoch: 19, Loss: 0.3463
Run: 03, Epoch: 20, Loss: 0.3439
Run: 03, Epoch: 20, Train: 92.06%, Valid: 91.67% Test: 79.08%
Run 03:
Highest Train: 92.06
Highest Valid: 91.67
  Final Train: 92.06
   Final Test: 79.08
Run: 04, Epoch: 01, Loss: 1.3398
Run: 04, Epoch: 02, Loss: 0.5442
Run: 04, Epoch: 03, Loss: 0.4651
Run: 04, Epoch: 04, Loss: 0.4322
Run: 04, Epoch: 05, Loss: 0.4090
Run: 04, Epoch: 06, Loss: 0.3976
Run: 04, Epoch: 07, Loss: 0.3886
Run: 04, Epoch: 08, Loss: 0.3794
Run: 04, Epoch: 09, Loss: 0.3762
Run: 04, Epoch: 10, Loss: 0.3673
Run: 04, Epoch: 10, Train: 91.50%, Valid: 91.28% Test: 78.80%
Run: 04, Epoch: 11, Loss: 0.3628
Run: 04, Epoch: 12, Loss: 0.3575
Run: 04, Epoch: 12, Train: 91.66%, Valid: 91.49% Test: 78.57%
Run: 04, Epoch: 13, Loss: 0.3556
Run: 04, Epoch: 14, Loss: 0.3501
Run: 04, Epoch: 14, Train: 91.81%, Valid: 91.45% Test: 78.06%
Run: 04, Epoch: 15, Loss: 0.3489
Run: 04, Epoch: 16, Loss: 0.3498
Run: 04, Epoch: 16, Train: 92.00%, Valid: 91.43% Test: 78.92%
Run: 04, Epoch: 17, Loss: 0.3439
Run: 04, Epoch: 18, Loss: 0.3444
Run: 04, Epoch: 18, Train: 92.08%, Valid: 91.71% Test: 79.01%
Run: 04, Epoch: 19, Loss: 0.3386
Run: 04, Epoch: 20, Loss: 0.3361
Run: 04, Epoch: 20, Train: 92.18%, Valid: 91.67% Test: 79.42%
Run 04:
Highest Train: 92.18
Highest Valid: 91.71
  Final Train: 92.08
   Final Test: 79.01
Run: 05, Epoch: 01, Loss: 1.2747
Run: 05, Epoch: 02, Loss: 0.5418
Run: 05, Epoch: 03, Loss: 0.4634
Run: 05, Epoch: 04, Loss: 0.4296
Run: 05, Epoch: 05, Loss: 0.4075
Run: 05, Epoch: 06, Loss: 0.3942
Run: 05, Epoch: 07, Loss: 0.3843
Run: 05, Epoch: 08, Loss: 0.3750
Run: 05, Epoch: 09, Loss: 0.3685
Run: 05, Epoch: 10, Loss: 0.3613
Run: 05, Epoch: 10, Train: 91.38%, Valid: 91.14% Test: 78.45%
Run: 05, Epoch: 11, Loss: 0.3568
Run: 05, Epoch: 12, Loss: 0.3520
Run: 05, Epoch: 12, Train: 91.67%, Valid: 91.26% Test: 78.57%
Run: 05, Epoch: 13, Loss: 0.3514
Run: 05, Epoch: 14, Loss: 0.3490
Run: 05, Epoch: 14, Train: 91.81%, Valid: 91.61% Test: 78.63%
Run: 05, Epoch: 15, Loss: 0.3441
Run: 05, Epoch: 16, Loss: 0.3426
Run: 05, Epoch: 16, Train: 91.88%, Valid: 91.43% Test: 79.07%
Run: 05, Epoch: 17, Loss: 0.3387
Run: 05, Epoch: 18, Loss: 0.3387
Run: 05, Epoch: 18, Train: 92.07%, Valid: 91.48% Test: 79.01%
Run: 05, Epoch: 19, Loss: 0.3376
Run: 05, Epoch: 20, Loss: 0.3382
Run: 05, Epoch: 20, Train: 92.18%, Valid: 91.78% Test: 79.09%
Run 05:
Highest Train: 92.18
Highest Valid: 91.78
  Final Train: 92.18
   Final Test: 79.09
Run: 06, Epoch: 01, Loss: 1.3270
Run: 06, Epoch: 02, Loss: 0.5440
Run: 06, Epoch: 03, Loss: 0.4681
Run: 06, Epoch: 04, Loss: 0.4265
Run: 06, Epoch: 05, Loss: 0.4134
Run: 06, Epoch: 06, Loss: 0.3989
Run: 06, Epoch: 07, Loss: 0.3887
Run: 06, Epoch: 08, Loss: 0.3815
Run: 06, Epoch: 09, Loss: 0.3717
Run: 06, Epoch: 10, Loss: 0.3667
Run: 06, Epoch: 10, Train: 91.38%, Valid: 91.21% Test: 78.41%
Run: 06, Epoch: 11, Loss: 0.3627
Run: 06, Epoch: 12, Loss: 0.3598
Run: 06, Epoch: 12, Train: 91.74%, Valid: 91.33% Test: 78.35%
Run: 06, Epoch: 13, Loss: 0.3541
Run: 06, Epoch: 14, Loss: 0.3492
Run: 06, Epoch: 14, Train: 91.69%, Valid: 91.38% Test: 78.70%
Run: 06, Epoch: 15, Loss: 0.3478
Run: 06, Epoch: 16, Loss: 0.3477
Run: 06, Epoch: 16, Train: 91.83%, Valid: 91.57% Test: 79.33%
Run: 06, Epoch: 17, Loss: 0.3463
Run: 06, Epoch: 18, Loss: 0.3442
Run: 06, Epoch: 18, Train: 91.97%, Valid: 91.53% Test: 78.92%
Run: 06, Epoch: 19, Loss: 0.3407
Run: 06, Epoch: 20, Loss: 0.3417
Run: 06, Epoch: 20, Train: 92.23%, Valid: 91.69% Test: 79.00%
Run 06:
Highest Train: 92.23
Highest Valid: 91.69
  Final Train: 92.23
   Final Test: 79.00
Run: 07, Epoch: 01, Loss: 1.4482
Run: 07, Epoch: 02, Loss: 0.5674
Run: 07, Epoch: 03, Loss: 0.4809
Run: 07, Epoch: 04, Loss: 0.4378
Run: 07, Epoch: 05, Loss: 0.4177
Run: 07, Epoch: 06, Loss: 0.4029
Run: 07, Epoch: 07, Loss: 0.3927
Run: 07, Epoch: 08, Loss: 0.3818
Run: 07, Epoch: 09, Loss: 0.3741
Run: 07, Epoch: 10, Loss: 0.3763
Run: 07, Epoch: 10, Train: 91.29%, Valid: 91.21% Test: 78.29%
Run: 07, Epoch: 11, Loss: 0.3655
Run: 07, Epoch: 12, Loss: 0.3615
Run: 07, Epoch: 12, Train: 91.37%, Valid: 91.35% Test: 78.18%
Run: 07, Epoch: 13, Loss: 0.3582
Run: 07, Epoch: 14, Loss: 0.3566
Run: 07, Epoch: 14, Train: 91.72%, Valid: 91.46% Test: 79.12%
Run: 07, Epoch: 15, Loss: 0.3504
Run: 07, Epoch: 16, Loss: 0.3522
Run: 07, Epoch: 16, Train: 91.94%, Valid: 91.57% Test: 78.22%
Run: 07, Epoch: 17, Loss: 0.3468
Run: 07, Epoch: 18, Loss: 0.3471
Run: 07, Epoch: 18, Train: 91.94%, Valid: 91.55% Test: 78.67%
Run: 07, Epoch: 19, Loss: 0.3429
Run: 07, Epoch: 20, Loss: 0.3381
Run: 07, Epoch: 20, Train: 92.09%, Valid: 91.68% Test: 79.12%
Run 07:
Highest Train: 92.09
Highest Valid: 91.68
  Final Train: 92.09
   Final Test: 79.12
Run: 08, Epoch: 01, Loss: 1.2547
Run: 08, Epoch: 02, Loss: 0.5357
Run: 08, Epoch: 03, Loss: 0.4593
Run: 08, Epoch: 04, Loss: 0.4283
Run: 08, Epoch: 05, Loss: 0.4093
Run: 08, Epoch: 06, Loss: 0.3959
Run: 08, Epoch: 07, Loss: 0.3788
Run: 08, Epoch: 08, Loss: 0.3790
Run: 08, Epoch: 09, Loss: 0.3723
Run: 08, Epoch: 10, Loss: 0.3656
Run: 08, Epoch: 10, Train: 91.44%, Valid: 91.50% Test: 78.47%
Run: 08, Epoch: 11, Loss: 0.3624
Run: 08, Epoch: 12, Loss: 0.3562
Run: 08, Epoch: 12, Train: 91.57%, Valid: 91.33% Test: 79.02%
Run: 08, Epoch: 13, Loss: 0.3532
Run: 08, Epoch: 14, Loss: 0.3506
Run: 08, Epoch: 14, Train: 91.79%, Valid: 91.46% Test: 78.71%
Run: 08, Epoch: 15, Loss: 0.3487
Run: 08, Epoch: 16, Loss: 0.3471
Run: 08, Epoch: 16, Train: 91.95%, Valid: 91.61% Test: 78.84%
Run: 08, Epoch: 17, Loss: 0.3439
Run: 08, Epoch: 18, Loss: 0.3462
Run: 08, Epoch: 18, Train: 92.15%, Valid: 91.58% Test: 79.06%
Run: 08, Epoch: 19, Loss: 0.3393
Run: 08, Epoch: 20, Loss: 0.3408
Run: 08, Epoch: 20, Train: 92.14%, Valid: 91.56% Test: 79.26%
Run 08:
Highest Train: 92.15
Highest Valid: 91.61
  Final Train: 91.95
   Final Test: 78.84
Run: 09, Epoch: 01, Loss: 1.3394
Run: 09, Epoch: 02, Loss: 0.5434
Run: 09, Epoch: 03, Loss: 0.4639
Run: 09, Epoch: 04, Loss: 0.4302
Run: 09, Epoch: 05, Loss: 0.4124
Run: 09, Epoch: 06, Loss: 0.3937
Run: 09, Epoch: 07, Loss: 0.3834
Run: 09, Epoch: 08, Loss: 0.3759
Run: 09, Epoch: 09, Loss: 0.3735
Run: 09, Epoch: 10, Loss: 0.3663
Run: 09, Epoch: 10, Train: 91.49%, Valid: 91.14% Test: 78.24%
Run: 09, Epoch: 11, Loss: 0.3609
Run: 09, Epoch: 12, Loss: 0.3533
Run: 09, Epoch: 12, Train: 91.62%, Valid: 91.49% Test: 78.44%
Run: 09, Epoch: 13, Loss: 0.3522
Run: 09, Epoch: 14, Loss: 0.3548
Run: 09, Epoch: 14, Train: 91.79%, Valid: 91.54% Test: 77.73%
Run: 09, Epoch: 15, Loss: 0.3498
Run: 09, Epoch: 16, Loss: 0.3454
Run: 09, Epoch: 16, Train: 91.99%, Valid: 91.60% Test: 78.76%
Run: 09, Epoch: 17, Loss: 0.3398
Run: 09, Epoch: 18, Loss: 0.3422
Run: 09, Epoch: 18, Train: 92.12%, Valid: 91.60% Test: 78.54%
Run: 09, Epoch: 19, Loss: 0.3418
Run: 09, Epoch: 20, Loss: 0.3431
Run: 09, Epoch: 20, Train: 92.07%, Valid: 91.56% Test: 79.17%
Run 09:
Highest Train: 92.12
Highest Valid: 91.60
  Final Train: 91.99
   Final Test: 78.76
Run: 10, Epoch: 01, Loss: 1.3863
Run: 10, Epoch: 02, Loss: 0.5534
Run: 10, Epoch: 03, Loss: 0.4689
Run: 10, Epoch: 04, Loss: 0.4366
Run: 10, Epoch: 05, Loss: 0.4175
Run: 10, Epoch: 06, Loss: 0.4011
Run: 10, Epoch: 07, Loss: 0.3847
Run: 10, Epoch: 08, Loss: 0.3832
Run: 10, Epoch: 09, Loss: 0.3744
Run: 10, Epoch: 10, Loss: 0.3683
Run: 10, Epoch: 10, Train: 91.50%, Valid: 91.30% Test: 78.42%
Run: 10, Epoch: 11, Loss: 0.3613
Run: 10, Epoch: 12, Loss: 0.3589
Run: 10, Epoch: 12, Train: 91.64%, Valid: 91.34% Test: 78.99%
Run: 10, Epoch: 13, Loss: 0.3553
Run: 10, Epoch: 14, Loss: 0.3512
Run: 10, Epoch: 14, Train: 91.84%, Valid: 91.45% Test: 79.42%
Run: 10, Epoch: 15, Loss: 0.3488
Run: 10, Epoch: 16, Loss: 0.3447
Run: 10, Epoch: 16, Train: 91.97%, Valid: 91.59% Test: 79.17%
Run: 10, Epoch: 17, Loss: 0.3418
Run: 10, Epoch: 18, Loss: 0.3446
Run: 10, Epoch: 18, Train: 92.01%, Valid: 91.44% Test: 79.27%
Run: 10, Epoch: 19, Loss: 0.3405
Run: 10, Epoch: 20, Loss: 0.3406
Run: 10, Epoch: 20, Train: 92.08%, Valid: 91.63% Test: 78.73%
Run 10:
Highest Train: 92.08
Highest Valid: 91.63
  Final Train: 92.08
   Final Test: 78.73
All runs:
Highest Train: 92.13 ± 0.07
Highest Valid: 91.65 ± 0.08
  Final Train: 92.04 ± 0.13
   Final Test: 79.00 ± 0.30
