Namespace(device=0, log_steps=1, inductive=False, num_layers=3, hidden_channels=256, dropout=0.5, batch_size=20000, walk_length=3, lr=0.01, num_steps=30, epochs=20, eval_steps=2, runs=10, rsv=0.9, al='el2n', alpha=0.9)
tensor([ 99311, 131369,  15223,  ...,  98593, 135249, 109927]) 176954
tensor([222340, 232877, 217134,  ..., 234880, 200956, 219079]) 35390
Run: 01, Epoch: 01, Loss: 1.3662
Run: 01, Epoch: 02, Loss: 0.5505
Run: 01, Epoch: 03, Loss: 0.4676
Run: 01, Epoch: 04, Loss: 0.4342
Run: 01, Epoch: 05, Loss: 0.4143
Run: 01, Epoch: 06, Loss: 0.3990
Run: 01, Epoch: 07, Loss: 0.3856
Run: 01, Epoch: 08, Loss: 0.3795
Run: 01, Epoch: 09, Loss: 0.3726
Run: 01, Epoch: 10, Loss: 0.3714
Run: 01, Epoch: 10, Train: 91.50%, Valid: 91.41% Test: 78.64%
Run: 01, Epoch: 11, Loss: 0.3628
Run: 01, Epoch: 12, Loss: 0.3562
Run: 01, Epoch: 12, Train: 91.66%, Valid: 91.38% Test: 79.35%
Run: 01, Epoch: 13, Loss: 0.3553
Run: 01, Epoch: 14, Loss: 0.3538
Run: 01, Epoch: 14, Train: 91.79%, Valid: 91.52% Test: 79.59%
Run: 01, Epoch: 15, Loss: 0.3465
Run: 01, Epoch: 16, Loss: 0.3460
Run: 01, Epoch: 16, Train: 91.93%, Valid: 91.68% Test: 79.31%
Run: 01, Epoch: 17, Loss: 0.3433
Run: 01, Epoch: 18, Loss: 0.3449
Run: 01, Epoch: 18, Train: 92.08%, Valid: 91.59% Test: 79.12%
Run: 01, Epoch: 19, Loss: 0.3406
Run: 01, Epoch: 20, Loss: 0.3415
Run: 01, Epoch: 20, Train: 92.11%, Valid: 91.75% Test: 78.95%
Run 01:
Highest Train: 92.11
Highest Valid: 91.75
  Final Train: 92.11
   Final Test: 78.95
Run: 02, Epoch: 01, Loss: 1.4925
Run: 02, Epoch: 02, Loss: 0.5667
Run: 02, Epoch: 03, Loss: 0.4772
Run: 02, Epoch: 04, Loss: 0.4401
Run: 02, Epoch: 05, Loss: 0.4183
Run: 02, Epoch: 06, Loss: 0.4038
Run: 02, Epoch: 07, Loss: 0.3917
Run: 02, Epoch: 08, Loss: 0.3833
Run: 02, Epoch: 09, Loss: 0.3809
Run: 02, Epoch: 10, Loss: 0.3706
Run: 02, Epoch: 10, Train: 91.29%, Valid: 91.25% Test: 78.60%
Run: 02, Epoch: 11, Loss: 0.3664
Run: 02, Epoch: 12, Loss: 0.3655
Run: 02, Epoch: 12, Train: 91.51%, Valid: 91.27% Test: 79.06%
Run: 02, Epoch: 13, Loss: 0.3571
Run: 02, Epoch: 14, Loss: 0.3565
Run: 02, Epoch: 14, Train: 91.64%, Valid: 91.31% Test: 78.70%
Run: 02, Epoch: 15, Loss: 0.3510
Run: 02, Epoch: 16, Loss: 0.3478
Run: 02, Epoch: 16, Train: 91.93%, Valid: 91.44% Test: 79.33%
Run: 02, Epoch: 17, Loss: 0.3477
Run: 02, Epoch: 18, Loss: 0.3447
Run: 02, Epoch: 18, Train: 92.01%, Valid: 91.46% Test: 78.79%
Run: 02, Epoch: 19, Loss: 0.3427
Run: 02, Epoch: 20, Loss: 0.3421
Run: 02, Epoch: 20, Train: 91.91%, Valid: 91.36% Test: 78.63%
Run 02:
Highest Train: 92.01
Highest Valid: 91.46
  Final Train: 92.01
   Final Test: 78.79
Run: 03, Epoch: 01, Loss: 1.4317
Run: 03, Epoch: 02, Loss: 0.5583
Run: 03, Epoch: 03, Loss: 0.4768
Run: 03, Epoch: 04, Loss: 0.4424
Run: 03, Epoch: 05, Loss: 0.4195
Run: 03, Epoch: 06, Loss: 0.4056
Run: 03, Epoch: 07, Loss: 0.3935
Run: 03, Epoch: 08, Loss: 0.3875
Run: 03, Epoch: 09, Loss: 0.3757
Run: 03, Epoch: 10, Loss: 0.3700
Run: 03, Epoch: 10, Train: 91.31%, Valid: 91.24% Test: 78.80%
Run: 03, Epoch: 11, Loss: 0.3648
Run: 03, Epoch: 12, Loss: 0.3632
Run: 03, Epoch: 12, Train: 91.46%, Valid: 91.25% Test: 78.78%
Run: 03, Epoch: 13, Loss: 0.3586
Run: 03, Epoch: 14, Loss: 0.3558
Run: 03, Epoch: 14, Train: 91.54%, Valid: 91.36% Test: 79.44%
Run: 03, Epoch: 15, Loss: 0.3548
Run: 03, Epoch: 16, Loss: 0.3509
Run: 03, Epoch: 16, Train: 91.90%, Valid: 91.46% Test: 78.65%
Run: 03, Epoch: 17, Loss: 0.3482
Run: 03, Epoch: 18, Loss: 0.3463
Run: 03, Epoch: 18, Train: 91.95%, Valid: 91.38% Test: 79.68%
Run: 03, Epoch: 19, Loss: 0.3467
Run: 03, Epoch: 20, Loss: 0.3440
Run: 03, Epoch: 20, Train: 91.94%, Valid: 91.70% Test: 78.53%
Run 03:
Highest Train: 91.95
Highest Valid: 91.70
  Final Train: 91.94
   Final Test: 78.53
Run: 04, Epoch: 01, Loss: 1.3337
Run: 04, Epoch: 02, Loss: 0.5421
Run: 04, Epoch: 03, Loss: 0.4646
Run: 04, Epoch: 04, Loss: 0.4310
Run: 04, Epoch: 05, Loss: 0.4088
Run: 04, Epoch: 06, Loss: 0.3979
Run: 04, Epoch: 07, Loss: 0.3880
Run: 04, Epoch: 08, Loss: 0.3795
Run: 04, Epoch: 09, Loss: 0.3745
Run: 04, Epoch: 10, Loss: 0.3678
Run: 04, Epoch: 10, Train: 91.44%, Valid: 91.38% Test: 78.83%
Run: 04, Epoch: 11, Loss: 0.3626
Run: 04, Epoch: 12, Loss: 0.3565
Run: 04, Epoch: 12, Train: 91.65%, Valid: 91.45% Test: 79.12%
Run: 04, Epoch: 13, Loss: 0.3553
Run: 04, Epoch: 14, Loss: 0.3506
Run: 04, Epoch: 14, Train: 91.71%, Valid: 91.34% Test: 78.29%
Run: 04, Epoch: 15, Loss: 0.3493
Run: 04, Epoch: 16, Loss: 0.3497
Run: 04, Epoch: 16, Train: 91.98%, Valid: 91.69% Test: 79.21%
Run: 04, Epoch: 17, Loss: 0.3444
Run: 04, Epoch: 18, Loss: 0.3460
Run: 04, Epoch: 18, Train: 92.07%, Valid: 91.74% Test: 79.07%
Run: 04, Epoch: 19, Loss: 0.3392
Run: 04, Epoch: 20, Loss: 0.3378
Run: 04, Epoch: 20, Train: 92.20%, Valid: 91.74% Test: 79.39%
Run 04:
Highest Train: 92.20
Highest Valid: 91.74
  Final Train: 92.07
   Final Test: 79.07
Run: 05, Epoch: 01, Loss: 1.2683
Run: 05, Epoch: 02, Loss: 0.5377
Run: 05, Epoch: 03, Loss: 0.4612
Run: 05, Epoch: 04, Loss: 0.4288
Run: 05, Epoch: 05, Loss: 0.4067
Run: 05, Epoch: 06, Loss: 0.3932
Run: 05, Epoch: 07, Loss: 0.3838
Run: 05, Epoch: 08, Loss: 0.3748
Run: 05, Epoch: 09, Loss: 0.3691
Run: 05, Epoch: 10, Loss: 0.3630
Run: 05, Epoch: 10, Train: 91.41%, Valid: 91.25% Test: 78.70%
Run: 05, Epoch: 11, Loss: 0.3563
Run: 05, Epoch: 12, Loss: 0.3526
Run: 05, Epoch: 12, Train: 91.65%, Valid: 91.36% Test: 78.41%
Run: 05, Epoch: 13, Loss: 0.3524
Run: 05, Epoch: 14, Loss: 0.3504
Run: 05, Epoch: 14, Train: 91.84%, Valid: 91.58% Test: 78.80%
Run: 05, Epoch: 15, Loss: 0.3453
Run: 05, Epoch: 16, Loss: 0.3431
Run: 05, Epoch: 16, Train: 91.89%, Valid: 91.58% Test: 79.06%
Run: 05, Epoch: 17, Loss: 0.3388
Run: 05, Epoch: 18, Loss: 0.3408
Run: 05, Epoch: 18, Train: 92.08%, Valid: 91.54% Test: 79.03%
Run: 05, Epoch: 19, Loss: 0.3372
Run: 05, Epoch: 20, Loss: 0.3386
Run: 05, Epoch: 20, Train: 92.17%, Valid: 91.63% Test: 79.29%
Run 05:
Highest Train: 92.17
Highest Valid: 91.63
  Final Train: 92.17
   Final Test: 79.29
Run: 06, Epoch: 01, Loss: 1.3246
Run: 06, Epoch: 02, Loss: 0.5430
Run: 06, Epoch: 03, Loss: 0.4677
Run: 06, Epoch: 04, Loss: 0.4266
Run: 06, Epoch: 05, Loss: 0.4134
Run: 06, Epoch: 06, Loss: 0.3990
Run: 06, Epoch: 07, Loss: 0.3878
Run: 06, Epoch: 08, Loss: 0.3809
Run: 06, Epoch: 09, Loss: 0.3712
Run: 06, Epoch: 10, Loss: 0.3682
Run: 06, Epoch: 10, Train: 91.33%, Valid: 91.15% Test: 78.43%
Run: 06, Epoch: 11, Loss: 0.3641
Run: 06, Epoch: 12, Loss: 0.3598
Run: 06, Epoch: 12, Train: 91.82%, Valid: 91.42% Test: 78.67%
Run: 06, Epoch: 13, Loss: 0.3538
Run: 06, Epoch: 14, Loss: 0.3490
Run: 06, Epoch: 14, Train: 91.60%, Valid: 91.43% Test: 78.82%
Run: 06, Epoch: 15, Loss: 0.3483
Run: 06, Epoch: 16, Loss: 0.3484
Run: 06, Epoch: 16, Train: 91.86%, Valid: 91.59% Test: 79.67%
Run: 06, Epoch: 17, Loss: 0.3462
Run: 06, Epoch: 18, Loss: 0.3446
Run: 06, Epoch: 18, Train: 91.92%, Valid: 91.54% Test: 78.94%
Run: 06, Epoch: 19, Loss: 0.3432
Run: 06, Epoch: 20, Loss: 0.3432
Run: 06, Epoch: 20, Train: 92.15%, Valid: 91.74% Test: 79.22%
Run 06:
Highest Train: 92.15
Highest Valid: 91.74
  Final Train: 92.15
   Final Test: 79.22
Run: 07, Epoch: 01, Loss: 1.4427
Run: 07, Epoch: 02, Loss: 0.5639
Run: 07, Epoch: 03, Loss: 0.4780
Run: 07, Epoch: 04, Loss: 0.4358
Run: 07, Epoch: 05, Loss: 0.4168
Run: 07, Epoch: 06, Loss: 0.4021
Run: 07, Epoch: 07, Loss: 0.3906
Run: 07, Epoch: 08, Loss: 0.3818
Run: 07, Epoch: 09, Loss: 0.3734
Run: 07, Epoch: 10, Loss: 0.3738
Run: 07, Epoch: 10, Train: 91.22%, Valid: 91.25% Test: 78.48%
Run: 07, Epoch: 11, Loss: 0.3642
Run: 07, Epoch: 12, Loss: 0.3588
Run: 07, Epoch: 12, Train: 91.48%, Valid: 91.40% Test: 78.88%
Run: 07, Epoch: 13, Loss: 0.3541
Run: 07, Epoch: 14, Loss: 0.3548
Run: 07, Epoch: 14, Train: 91.82%, Valid: 91.58% Test: 79.17%
Run: 07, Epoch: 15, Loss: 0.3494
Run: 07, Epoch: 16, Loss: 0.3520
Run: 07, Epoch: 16, Train: 91.91%, Valid: 91.61% Test: 78.48%
Run: 07, Epoch: 17, Loss: 0.3458
Run: 07, Epoch: 18, Loss: 0.3472
Run: 07, Epoch: 18, Train: 91.86%, Valid: 91.62% Test: 78.56%
Run: 07, Epoch: 19, Loss: 0.3446
Run: 07, Epoch: 20, Loss: 0.3405
Run: 07, Epoch: 20, Train: 92.02%, Valid: 91.78% Test: 79.35%
Run 07:
Highest Train: 92.02
Highest Valid: 91.78
  Final Train: 92.02
   Final Test: 79.35
Run: 08, Epoch: 01, Loss: 1.2535
Run: 08, Epoch: 02, Loss: 0.5344
Run: 08, Epoch: 03, Loss: 0.4591
Run: 08, Epoch: 04, Loss: 0.4273
Run: 08, Epoch: 05, Loss: 0.4089
Run: 08, Epoch: 06, Loss: 0.3973
Run: 08, Epoch: 07, Loss: 0.3789
Run: 08, Epoch: 08, Loss: 0.3777
Run: 08, Epoch: 09, Loss: 0.3727
Run: 08, Epoch: 10, Loss: 0.3670
Run: 08, Epoch: 10, Train: 91.49%, Valid: 91.43% Test: 78.52%
Run: 08, Epoch: 11, Loss: 0.3624
Run: 08, Epoch: 12, Loss: 0.3566
Run: 08, Epoch: 12, Train: 91.59%, Valid: 91.34% Test: 79.08%
Run: 08, Epoch: 13, Loss: 0.3535
Run: 08, Epoch: 14, Loss: 0.3521
Run: 08, Epoch: 14, Train: 91.85%, Valid: 91.56% Test: 79.05%
Run: 08, Epoch: 15, Loss: 0.3494
Run: 08, Epoch: 16, Loss: 0.3471
Run: 08, Epoch: 16, Train: 91.94%, Valid: 91.68% Test: 78.93%
Run: 08, Epoch: 17, Loss: 0.3436
Run: 08, Epoch: 18, Loss: 0.3462
Run: 08, Epoch: 18, Train: 92.17%, Valid: 91.67% Test: 79.13%
Run: 08, Epoch: 19, Loss: 0.3403
Run: 08, Epoch: 20, Loss: 0.3414
Run: 08, Epoch: 20, Train: 92.16%, Valid: 91.75% Test: 79.52%
Run 08:
Highest Train: 92.17
Highest Valid: 91.75
  Final Train: 92.16
   Final Test: 79.52
Run: 09, Epoch: 01, Loss: 1.3391
Run: 09, Epoch: 02, Loss: 0.5426
Run: 09, Epoch: 03, Loss: 0.4641
Run: 09, Epoch: 04, Loss: 0.4311
Run: 09, Epoch: 05, Loss: 0.4123
Run: 09, Epoch: 06, Loss: 0.3939
Run: 09, Epoch: 07, Loss: 0.3840
Run: 09, Epoch: 08, Loss: 0.3760
Run: 09, Epoch: 09, Loss: 0.3744
Run: 09, Epoch: 10, Loss: 0.3674
Run: 09, Epoch: 10, Train: 91.45%, Valid: 91.20% Test: 78.10%
Run: 09, Epoch: 11, Loss: 0.3623
Run: 09, Epoch: 12, Loss: 0.3558
Run: 09, Epoch: 12, Train: 91.58%, Valid: 91.44% Test: 78.35%
Run: 09, Epoch: 13, Loss: 0.3527
Run: 09, Epoch: 14, Loss: 0.3541
Run: 09, Epoch: 14, Train: 91.72%, Valid: 91.39% Test: 78.08%
Run: 09, Epoch: 15, Loss: 0.3507
Run: 09, Epoch: 16, Loss: 0.3456
Run: 09, Epoch: 16, Train: 91.93%, Valid: 91.55% Test: 78.83%
Run: 09, Epoch: 17, Loss: 0.3401
Run: 09, Epoch: 18, Loss: 0.3412
Run: 09, Epoch: 18, Train: 92.10%, Valid: 91.76% Test: 78.65%
Run: 09, Epoch: 19, Loss: 0.3364
Run: 09, Epoch: 20, Loss: 0.3356
Run: 09, Epoch: 20, Train: 92.16%, Valid: 91.83% Test: 79.03%
Run 09:
Highest Train: 92.16
Highest Valid: 91.83
  Final Train: 92.16
   Final Test: 79.03
Run: 10, Epoch: 01, Loss: 1.3832
Run: 10, Epoch: 02, Loss: 0.5507
Run: 10, Epoch: 03, Loss: 0.4677
Run: 10, Epoch: 04, Loss: 0.4352
Run: 10, Epoch: 05, Loss: 0.4159
Run: 10, Epoch: 06, Loss: 0.4003
Run: 10, Epoch: 07, Loss: 0.3851
Run: 10, Epoch: 08, Loss: 0.3830
Run: 10, Epoch: 09, Loss: 0.3738
Run: 10, Epoch: 10, Loss: 0.3674
Run: 10, Epoch: 10, Train: 91.53%, Valid: 91.39% Test: 78.32%
Run: 10, Epoch: 11, Loss: 0.3602
Run: 10, Epoch: 12, Loss: 0.3583
Run: 10, Epoch: 12, Train: 91.49%, Valid: 91.33% Test: 78.81%
Run: 10, Epoch: 13, Loss: 0.3549
Run: 10, Epoch: 14, Loss: 0.3517
Run: 10, Epoch: 14, Train: 91.72%, Valid: 91.43% Test: 79.36%
Run: 10, Epoch: 15, Loss: 0.3491
Run: 10, Epoch: 16, Loss: 0.3447
Run: 10, Epoch: 16, Train: 91.91%, Valid: 91.64% Test: 78.97%
Run: 10, Epoch: 17, Loss: 0.3441
Run: 10, Epoch: 18, Loss: 0.3458
Run: 10, Epoch: 18, Train: 92.00%, Valid: 91.59% Test: 79.44%
Run: 10, Epoch: 19, Loss: 0.3420
Run: 10, Epoch: 20, Loss: 0.3398
Run: 10, Epoch: 20, Train: 92.08%, Valid: 91.70% Test: 78.65%
Run 10:
Highest Train: 92.08
Highest Valid: 91.70
  Final Train: 92.08
   Final Test: 78.65
All runs:
Highest Train: 92.10 ± 0.08
Highest Valid: 91.71 ± 0.10
  Final Train: 92.09 ± 0.08
   Final Test: 79.04 ± 0.32
