Namespace(device=0, log_steps=1, inductive=False, num_layers=3, hidden_channels=256, dropout=0.5, batch_size=20000, walk_length=3, lr=0.01, num_steps=30, epochs=20, eval_steps=2, runs=10, rsv=0.045)
tensor([ 11772,  53354, 127854,  ..., 192769,  81968, 191246]) 8847
tensor([222340, 232877, 217134,  ..., 213041, 219357, 230375]) 1769
Run: 01, Epoch: 01, Loss: 1.3261
Run: 01, Epoch: 02, Loss: 0.5403
Run: 01, Epoch: 03, Loss: 0.4458
Run: 01, Epoch: 04, Loss: 0.4132
Run: 01, Epoch: 05, Loss: 0.3953
Run: 01, Epoch: 06, Loss: 0.3700
Run: 01, Epoch: 07, Loss: 0.3494
Run: 01, Epoch: 08, Loss: 0.3256
Run: 01, Epoch: 09, Loss: 0.3231
Run: 01, Epoch: 10, Loss: 0.3234
Run: 01, Epoch: 10, Train: 92.98%, Valid: 86.04% Test: 73.07%
Run: 01, Epoch: 11, Loss: 0.3003
Run: 01, Epoch: 12, Loss: 0.2940
Run: 01, Epoch: 12, Train: 93.11%, Valid: 86.55% Test: 72.40%
Run: 01, Epoch: 13, Loss: 0.2909
Run: 01, Epoch: 14, Loss: 0.3043
Run: 01, Epoch: 14, Train: 93.48%, Valid: 85.98% Test: 73.13%
Run: 01, Epoch: 15, Loss: 0.3047
Run: 01, Epoch: 16, Loss: 0.2839
Run: 01, Epoch: 16, Train: 93.64%, Valid: 86.15% Test: 73.38%
Run: 01, Epoch: 17, Loss: 0.2872
Run: 01, Epoch: 18, Loss: 0.2901
Run: 01, Epoch: 18, Train: 93.68%, Valid: 85.02% Test: 71.89%
Run: 01, Epoch: 19, Loss: 0.3075
Run: 01, Epoch: 20, Loss: 0.2944
Run: 01, Epoch: 20, Train: 94.00%, Valid: 86.77% Test: 73.67%
Run 01:
Highest Train: 94.00
Highest Valid: 86.77
  Final Train: 94.00
   Final Test: 73.67
Run: 02, Epoch: 01, Loss: 1.4239
Run: 02, Epoch: 02, Loss: 0.5488
Run: 02, Epoch: 03, Loss: 0.4575
Run: 02, Epoch: 04, Loss: 0.4141
Run: 02, Epoch: 05, Loss: 0.3636
Run: 02, Epoch: 06, Loss: 0.3389
Run: 02, Epoch: 07, Loss: 0.3517
Run: 02, Epoch: 08, Loss: 0.3407
Run: 02, Epoch: 09, Loss: 0.3322
Run: 02, Epoch: 10, Loss: 0.3370
Run: 02, Epoch: 10, Train: 92.81%, Valid: 86.55% Test: 72.36%
Run: 02, Epoch: 11, Loss: 0.3174
Run: 02, Epoch: 12, Loss: 0.3177
Run: 02, Epoch: 12, Train: 93.15%, Valid: 86.60% Test: 73.34%
Run: 02, Epoch: 13, Loss: 0.3216
Run: 02, Epoch: 14, Loss: 0.3330
Run: 02, Epoch: 14, Train: 93.06%, Valid: 86.21% Test: 72.78%
Run: 02, Epoch: 15, Loss: 0.2986
Run: 02, Epoch: 16, Loss: 0.3158
Run: 02, Epoch: 16, Train: 93.46%, Valid: 86.55% Test: 73.03%
Run: 02, Epoch: 17, Loss: 0.3089
Run: 02, Epoch: 18, Loss: 0.3035
Run: 02, Epoch: 18, Train: 93.78%, Valid: 86.04% Test: 72.94%
Run: 02, Epoch: 19, Loss: 0.3078
Run: 02, Epoch: 20, Loss: 0.2773
Run: 02, Epoch: 20, Train: 93.85%, Valid: 86.04% Test: 73.76%
Run 02:
Highest Train: 93.85
Highest Valid: 86.60
  Final Train: 93.15
   Final Test: 73.34
Run: 03, Epoch: 01, Loss: 1.3777
Run: 03, Epoch: 02, Loss: 0.5530
Run: 03, Epoch: 03, Loss: 0.4331
Run: 03, Epoch: 04, Loss: 0.4067
Run: 03, Epoch: 05, Loss: 0.3714
Run: 03, Epoch: 06, Loss: 0.3563
Run: 03, Epoch: 07, Loss: 0.3609
Run: 03, Epoch: 08, Loss: 0.3699
Run: 03, Epoch: 09, Loss: 0.3537
Run: 03, Epoch: 10, Loss: 0.3300
Run: 03, Epoch: 10, Train: 92.51%, Valid: 86.04% Test: 73.77%
Run: 03, Epoch: 11, Loss: 0.3218
Run: 03, Epoch: 12, Loss: 0.3481
Run: 03, Epoch: 12, Train: 92.78%, Valid: 86.55% Test: 73.09%
Run: 03, Epoch: 13, Loss: 0.3261
Run: 03, Epoch: 14, Loss: 0.3367
Run: 03, Epoch: 14, Train: 92.54%, Valid: 86.43% Test: 73.82%
Run: 03, Epoch: 15, Loss: 0.3054
Run: 03, Epoch: 16, Loss: 0.2959
Run: 03, Epoch: 16, Train: 93.15%, Valid: 85.98% Test: 72.77%
Run: 03, Epoch: 17, Loss: 0.3048
Run: 03, Epoch: 18, Loss: 0.2930
Run: 03, Epoch: 18, Train: 93.22%, Valid: 86.66% Test: 73.01%
Run: 03, Epoch: 19, Loss: 0.2983
Run: 03, Epoch: 20, Loss: 0.2880
Run: 03, Epoch: 20, Train: 93.87%, Valid: 86.32% Test: 73.53%
Run 03:
Highest Train: 93.87
Highest Valid: 86.66
  Final Train: 93.22
   Final Test: 73.01
Run: 04, Epoch: 01, Loss: 1.3111
Run: 04, Epoch: 02, Loss: 0.5441
Run: 04, Epoch: 03, Loss: 0.4619
Run: 04, Epoch: 04, Loss: 0.4026
Run: 04, Epoch: 05, Loss: 0.3899
Run: 04, Epoch: 06, Loss: 0.3488
Run: 04, Epoch: 07, Loss: 0.3304
Run: 04, Epoch: 08, Loss: 0.3364
Run: 04, Epoch: 09, Loss: 0.3446
Run: 04, Epoch: 10, Loss: 0.3225
Run: 04, Epoch: 10, Train: 92.37%, Valid: 86.15% Test: 71.44%
Run: 04, Epoch: 11, Loss: 0.3296
Run: 04, Epoch: 12, Loss: 0.3110
Run: 04, Epoch: 12, Train: 92.97%, Valid: 86.09% Test: 72.76%
Run: 04, Epoch: 13, Loss: 0.3064
Run: 04, Epoch: 14, Loss: 0.3064
Run: 04, Epoch: 14, Train: 92.95%, Valid: 85.75% Test: 72.64%
Run: 04, Epoch: 15, Loss: 0.2975
Run: 04, Epoch: 16, Loss: 0.2950
Run: 04, Epoch: 16, Train: 93.35%, Valid: 86.72% Test: 73.95%
Run: 04, Epoch: 17, Loss: 0.2994
Run: 04, Epoch: 18, Loss: 0.3332
Run: 04, Epoch: 18, Train: 93.56%, Valid: 86.55% Test: 72.97%
Run: 04, Epoch: 19, Loss: 0.2887
Run: 04, Epoch: 20, Loss: 0.2902
Run: 04, Epoch: 20, Train: 94.02%, Valid: 86.66% Test: 73.33%
Run 04:
Highest Train: 94.02
Highest Valid: 86.72
  Final Train: 93.35
   Final Test: 73.95
Run: 05, Epoch: 01, Loss: 1.2877
Run: 05, Epoch: 02, Loss: 0.5589
Run: 05, Epoch: 03, Loss: 0.4455
Run: 05, Epoch: 04, Loss: 0.4009
Run: 05, Epoch: 05, Loss: 0.3685
Run: 05, Epoch: 06, Loss: 0.3565
Run: 05, Epoch: 07, Loss: 0.3378
Run: 05, Epoch: 08, Loss: 0.3314
Run: 05, Epoch: 09, Loss: 0.3267
Run: 05, Epoch: 10, Loss: 0.3195
Run: 05, Epoch: 10, Train: 92.78%, Valid: 86.77% Test: 73.59%
Run: 05, Epoch: 11, Loss: 0.3113
Run: 05, Epoch: 12, Loss: 0.3088
Run: 05, Epoch: 12, Train: 93.16%, Valid: 86.60% Test: 73.72%
Run: 05, Epoch: 13, Loss: 0.3070
Run: 05, Epoch: 14, Loss: 0.3055
Run: 05, Epoch: 14, Train: 93.39%, Valid: 86.55% Test: 73.44%
Run: 05, Epoch: 15, Loss: 0.3102
Run: 05, Epoch: 16, Loss: 0.2848
Run: 05, Epoch: 16, Train: 93.51%, Valid: 86.43% Test: 74.08%
Run: 05, Epoch: 17, Loss: 0.2858
Run: 05, Epoch: 18, Loss: 0.2728
Run: 05, Epoch: 18, Train: 94.25%, Valid: 86.49% Test: 74.18%
Run: 05, Epoch: 19, Loss: 0.2746
Run: 05, Epoch: 20, Loss: 0.2769
Run: 05, Epoch: 20, Train: 94.35%, Valid: 86.26% Test: 73.66%
Run 05:
Highest Train: 94.35
Highest Valid: 86.77
  Final Train: 92.78
   Final Test: 73.59
Run: 06, Epoch: 01, Loss: 1.3498
Run: 06, Epoch: 02, Loss: 0.5466
Run: 06, Epoch: 03, Loss: 0.4755
Run: 06, Epoch: 04, Loss: 0.3954
Run: 06, Epoch: 05, Loss: 0.3874
Run: 06, Epoch: 06, Loss: 0.3677
Run: 06, Epoch: 07, Loss: 0.3512
Run: 06, Epoch: 08, Loss: 0.3296
Run: 06, Epoch: 09, Loss: 0.3249
Run: 06, Epoch: 10, Loss: 0.3316
Run: 06, Epoch: 10, Train: 92.03%, Valid: 84.91% Test: 71.97%
Run: 06, Epoch: 11, Loss: 0.3216
Run: 06, Epoch: 12, Loss: 0.3087
Run: 06, Epoch: 12, Train: 93.18%, Valid: 86.94% Test: 74.35%
Run: 06, Epoch: 13, Loss: 0.3050
Run: 06, Epoch: 14, Loss: 0.3045
Run: 06, Epoch: 14, Train: 93.17%, Valid: 86.55% Test: 73.70%
Run: 06, Epoch: 15, Loss: 0.2785
Run: 06, Epoch: 16, Loss: 0.3010
Run: 06, Epoch: 16, Train: 93.70%, Valid: 86.94% Test: 73.41%
Run: 06, Epoch: 17, Loss: 0.3104
Run: 06, Epoch: 18, Loss: 0.3006
Run: 06, Epoch: 18, Train: 93.56%, Valid: 86.43% Test: 73.94%
Run: 06, Epoch: 19, Loss: 0.2997
Run: 06, Epoch: 20, Loss: 0.3027
Run: 06, Epoch: 20, Train: 93.56%, Valid: 85.64% Test: 73.99%
Run 06:
Highest Train: 93.70
Highest Valid: 86.94
  Final Train: 93.18
   Final Test: 74.35
Run: 07, Epoch: 01, Loss: 1.3941
Run: 07, Epoch: 02, Loss: 0.5361
Run: 07, Epoch: 03, Loss: 0.4683
Run: 07, Epoch: 04, Loss: 0.3973
Run: 07, Epoch: 05, Loss: 0.3722
Run: 07, Epoch: 06, Loss: 0.3507
Run: 07, Epoch: 07, Loss: 0.3429
Run: 07, Epoch: 08, Loss: 0.3476
Run: 07, Epoch: 09, Loss: 0.3458
Run: 07, Epoch: 10, Loss: 0.3392
Run: 07, Epoch: 10, Train: 92.60%, Valid: 86.38% Test: 73.12%
Run: 07, Epoch: 11, Loss: 0.3226
Run: 07, Epoch: 12, Loss: 0.3285
Run: 07, Epoch: 12, Train: 92.89%, Valid: 85.87% Test: 73.50%
Run: 07, Epoch: 13, Loss: 0.3058
Run: 07, Epoch: 14, Loss: 0.3024
Run: 07, Epoch: 14, Train: 93.33%, Valid: 86.04% Test: 72.77%
Run: 07, Epoch: 15, Loss: 0.3063
Run: 07, Epoch: 16, Loss: 0.3107
Run: 07, Epoch: 16, Train: 93.35%, Valid: 85.59% Test: 73.46%
Run: 07, Epoch: 17, Loss: 0.3108
Run: 07, Epoch: 18, Loss: 0.3000
Run: 07, Epoch: 18, Train: 93.76%, Valid: 86.04% Test: 73.63%
Run: 07, Epoch: 19, Loss: 0.2827
Run: 07, Epoch: 20, Loss: 0.2955
Run: 07, Epoch: 20, Train: 93.99%, Valid: 85.70% Test: 73.45%
Run 07:
Highest Train: 93.99
Highest Valid: 86.38
  Final Train: 92.60
   Final Test: 73.12
Run: 08, Epoch: 01, Loss: 1.2718
Run: 08, Epoch: 02, Loss: 0.5303
Run: 08, Epoch: 03, Loss: 0.4513
Run: 08, Epoch: 04, Loss: 0.4051
Run: 08, Epoch: 05, Loss: 0.3627
Run: 08, Epoch: 06, Loss: 0.3637
Run: 08, Epoch: 07, Loss: 0.3405
Run: 08, Epoch: 08, Loss: 0.3439
Run: 08, Epoch: 09, Loss: 0.3256
Run: 08, Epoch: 10, Loss: 0.3133
Run: 08, Epoch: 10, Train: 92.63%, Valid: 86.38% Test: 72.60%
Run: 08, Epoch: 11, Loss: 0.3175
Run: 08, Epoch: 12, Loss: 0.3128
Run: 08, Epoch: 12, Train: 93.38%, Valid: 86.38% Test: 73.10%
Run: 08, Epoch: 13, Loss: 0.3058
Run: 08, Epoch: 14, Loss: 0.2974
Run: 08, Epoch: 14, Train: 93.57%, Valid: 87.28% Test: 73.67%
Run: 08, Epoch: 15, Loss: 0.2965
Run: 08, Epoch: 16, Loss: 0.2981
Run: 08, Epoch: 16, Train: 93.68%, Valid: 86.72% Test: 73.50%
Run: 08, Epoch: 17, Loss: 0.3086
Run: 08, Epoch: 18, Loss: 0.3036
Run: 08, Epoch: 18, Train: 93.55%, Valid: 86.49% Test: 73.46%
Run: 08, Epoch: 19, Loss: 0.2721
Run: 08, Epoch: 20, Loss: 0.2793
Run: 08, Epoch: 20, Train: 94.01%, Valid: 86.89% Test: 72.86%
Run 08:
Highest Train: 94.01
Highest Valid: 87.28
  Final Train: 93.57
   Final Test: 73.67
Run: 09, Epoch: 01, Loss: 1.3476
Run: 09, Epoch: 02, Loss: 0.5444
Run: 09, Epoch: 03, Loss: 0.4474
Run: 09, Epoch: 04, Loss: 0.3892
Run: 09, Epoch: 05, Loss: 0.3807
Run: 09, Epoch: 06, Loss: 0.3514
Run: 09, Epoch: 07, Loss: 0.3474
Run: 09, Epoch: 08, Loss: 0.3421
Run: 09, Epoch: 09, Loss: 0.3118
Run: 09, Epoch: 10, Loss: 0.3167
Run: 09, Epoch: 10, Train: 92.98%, Valid: 86.66% Test: 73.10%
Run: 09, Epoch: 11, Loss: 0.3042
Run: 09, Epoch: 12, Loss: 0.2844
Run: 09, Epoch: 12, Train: 93.32%, Valid: 86.66% Test: 73.86%
Run: 09, Epoch: 13, Loss: 0.3037
Run: 09, Epoch: 14, Loss: 0.3149
Run: 09, Epoch: 14, Train: 93.00%, Valid: 86.49% Test: 73.11%
Run: 09, Epoch: 15, Loss: 0.3137
Run: 09, Epoch: 16, Loss: 0.3011
Run: 09, Epoch: 16, Train: 93.66%, Valid: 86.72% Test: 73.47%
Run: 09, Epoch: 17, Loss: 0.2846
Run: 09, Epoch: 18, Loss: 0.2895
Run: 09, Epoch: 18, Train: 93.92%, Valid: 86.72% Test: 73.46%
Run: 09, Epoch: 19, Loss: 0.2962
Run: 09, Epoch: 20, Loss: 0.2906
Run: 09, Epoch: 20, Train: 93.86%, Valid: 86.38% Test: 74.16%
Run 09:
Highest Train: 93.92
Highest Valid: 86.72
  Final Train: 93.66
   Final Test: 73.47
Run: 10, Epoch: 01, Loss: 1.3147
Run: 10, Epoch: 02, Loss: 0.5605
Run: 10, Epoch: 03, Loss: 0.4489
Run: 10, Epoch: 04, Loss: 0.3975
Run: 10, Epoch: 05, Loss: 0.3753
Run: 10, Epoch: 06, Loss: 0.3492
Run: 10, Epoch: 07, Loss: 0.3505
Run: 10, Epoch: 08, Loss: 0.3413
Run: 10, Epoch: 09, Loss: 0.3391
Run: 10, Epoch: 10, Loss: 0.3097
Run: 10, Epoch: 10, Train: 92.91%, Valid: 87.22% Test: 73.15%
Run: 10, Epoch: 11, Loss: 0.3116
Run: 10, Epoch: 12, Loss: 0.2987
Run: 10, Epoch: 12, Train: 92.88%, Valid: 85.98% Test: 72.22%
Run: 10, Epoch: 13, Loss: 0.3039
Run: 10, Epoch: 14, Loss: 0.3014
Run: 10, Epoch: 14, Train: 93.01%, Valid: 86.26% Test: 72.77%
Run: 10, Epoch: 15, Loss: 0.3251
Run: 10, Epoch: 16, Loss: 0.3473
Run: 10, Epoch: 16, Train: 93.22%, Valid: 86.72% Test: 73.47%
Run: 10, Epoch: 17, Loss: 0.3163
Run: 10, Epoch: 18, Loss: 0.3020
Run: 10, Epoch: 18, Train: 93.64%, Valid: 87.11% Test: 73.89%
Run: 10, Epoch: 19, Loss: 0.2901
Run: 10, Epoch: 20, Loss: 0.3134
Run: 10, Epoch: 20, Train: 93.57%, Valid: 86.43% Test: 73.16%
Run 10:
Highest Train: 93.64
Highest Valid: 87.22
  Final Train: 92.91
   Final Test: 73.15
All runs:
Highest Train: 93.93 ± 0.20
Highest Valid: 86.81 ± 0.28
  Final Train: 93.24 ± 0.42
   Final Test: 73.53 ± 0.41
