Namespace(device=0, log_steps=1, inductive=False, num_layers=3, hidden_channels=256, dropout=0.5, batch_size=20000, walk_length=3, lr=0.01, num_steps=30, epochs=20, eval_steps=2, runs=10, rsv=0.04)
tensor([ 11772,  53354, 127854,  ...,  31822,  59343,  78538]) 7864
tensor([222340, 232877, 217134,  ..., 197404, 217801, 196868]) 1572
Run: 01, Epoch: 01, Loss: 1.3396
Run: 01, Epoch: 02, Loss: 0.5315
Run: 01, Epoch: 03, Loss: 0.4449
Run: 01, Epoch: 04, Loss: 0.4055
Run: 01, Epoch: 05, Loss: 0.3975
Run: 01, Epoch: 06, Loss: 0.3604
Run: 01, Epoch: 07, Loss: 0.3486
Run: 01, Epoch: 08, Loss: 0.3300
Run: 01, Epoch: 09, Loss: 0.3270
Run: 01, Epoch: 10, Loss: 0.3395
Run: 01, Epoch: 10, Train: 92.68%, Valid: 84.99% Test: 73.25%
Run: 01, Epoch: 11, Loss: 0.3136
Run: 01, Epoch: 12, Loss: 0.3124
Run: 01, Epoch: 12, Train: 93.01%, Valid: 85.69% Test: 72.30%
Run: 01, Epoch: 13, Loss: 0.2934
Run: 01, Epoch: 14, Loss: 0.3257
Run: 01, Epoch: 14, Train: 93.41%, Valid: 85.31% Test: 72.95%
Run: 01, Epoch: 15, Loss: 0.3088
Run: 01, Epoch: 16, Loss: 0.2850
Run: 01, Epoch: 16, Train: 94.01%, Valid: 85.88% Test: 73.12%
Run: 01, Epoch: 17, Loss: 0.2818
Run: 01, Epoch: 18, Loss: 0.2775
Run: 01, Epoch: 18, Train: 94.11%, Valid: 86.26% Test: 72.91%
Run: 01, Epoch: 19, Loss: 0.3137
Run: 01, Epoch: 20, Loss: 0.3043
Run: 01, Epoch: 20, Train: 93.99%, Valid: 86.32% Test: 73.63%
Run 01:
Highest Train: 94.11
Highest Valid: 86.32
  Final Train: 93.99
   Final Test: 73.63
Run: 02, Epoch: 01, Loss: 1.4237
Run: 02, Epoch: 02, Loss: 0.5539
Run: 02, Epoch: 03, Loss: 0.4619
Run: 02, Epoch: 04, Loss: 0.4132
Run: 02, Epoch: 05, Loss: 0.3731
Run: 02, Epoch: 06, Loss: 0.3332
Run: 02, Epoch: 07, Loss: 0.3357
Run: 02, Epoch: 08, Loss: 0.3258
Run: 02, Epoch: 09, Loss: 0.3473
Run: 02, Epoch: 10, Loss: 0.3257
Run: 02, Epoch: 10, Train: 93.25%, Valid: 86.51% Test: 73.58%
Run: 02, Epoch: 11, Loss: 0.3133
Run: 02, Epoch: 12, Loss: 0.3189
Run: 02, Epoch: 12, Train: 92.83%, Valid: 86.45% Test: 73.75%
Run: 02, Epoch: 13, Loss: 0.3111
Run: 02, Epoch: 14, Loss: 0.2883
Run: 02, Epoch: 14, Train: 94.21%, Valid: 86.83% Test: 73.70%
Run: 02, Epoch: 15, Loss: 0.2852
Run: 02, Epoch: 16, Loss: 0.3273
Run: 02, Epoch: 16, Train: 93.82%, Valid: 86.45% Test: 73.00%
Run: 02, Epoch: 17, Loss: 0.3001
Run: 02, Epoch: 18, Loss: 0.2995
Run: 02, Epoch: 18, Train: 94.10%, Valid: 85.94% Test: 72.84%
Run: 02, Epoch: 19, Loss: 0.2972
Run: 02, Epoch: 20, Loss: 0.2678
Run: 02, Epoch: 20, Train: 94.24%, Valid: 86.64% Test: 73.43%
Run 02:
Highest Train: 94.24
Highest Valid: 86.83
  Final Train: 94.21
   Final Test: 73.70
Run: 03, Epoch: 01, Loss: 1.3937
Run: 03, Epoch: 02, Loss: 0.5493
Run: 03, Epoch: 03, Loss: 0.4360
Run: 03, Epoch: 04, Loss: 0.4078
Run: 03, Epoch: 05, Loss: 0.3698
Run: 03, Epoch: 06, Loss: 0.3516
Run: 03, Epoch: 07, Loss: 0.3403
Run: 03, Epoch: 08, Loss: 0.3762
Run: 03, Epoch: 09, Loss: 0.3425
Run: 03, Epoch: 10, Loss: 0.3179
Run: 03, Epoch: 10, Train: 92.92%, Valid: 85.81% Test: 73.22%
Run: 03, Epoch: 11, Loss: 0.3251
Run: 03, Epoch: 12, Loss: 0.3417
Run: 03, Epoch: 12, Train: 92.85%, Valid: 86.51% Test: 72.68%
Run: 03, Epoch: 13, Loss: 0.3243
Run: 03, Epoch: 14, Loss: 0.3323
Run: 03, Epoch: 14, Train: 93.06%, Valid: 86.39% Test: 72.44%
Run: 03, Epoch: 15, Loss: 0.3297
Run: 03, Epoch: 16, Loss: 0.3137
Run: 03, Epoch: 16, Train: 93.57%, Valid: 86.96% Test: 72.51%
Run: 03, Epoch: 17, Loss: 0.3134
Run: 03, Epoch: 18, Loss: 0.3026
Run: 03, Epoch: 18, Train: 93.45%, Valid: 86.07% Test: 72.57%
Run: 03, Epoch: 19, Loss: 0.3099
Run: 03, Epoch: 20, Loss: 0.2937
Run: 03, Epoch: 20, Train: 94.04%, Valid: 86.45% Test: 73.58%
Run 03:
Highest Train: 94.04
Highest Valid: 86.96
  Final Train: 93.57
   Final Test: 72.51
Run: 04, Epoch: 01, Loss: 1.3177
Run: 04, Epoch: 02, Loss: 0.5443
Run: 04, Epoch: 03, Loss: 0.4666
Run: 04, Epoch: 04, Loss: 0.3947
Run: 04, Epoch: 05, Loss: 0.3856
Run: 04, Epoch: 06, Loss: 0.3547
Run: 04, Epoch: 07, Loss: 0.3192
Run: 04, Epoch: 08, Loss: 0.3230
Run: 04, Epoch: 09, Loss: 0.3283
Run: 04, Epoch: 10, Loss: 0.3220
Run: 04, Epoch: 10, Train: 93.10%, Valid: 86.01% Test: 71.57%
Run: 04, Epoch: 11, Loss: 0.3227
Run: 04, Epoch: 12, Loss: 0.3160
Run: 04, Epoch: 12, Train: 92.89%, Valid: 86.13% Test: 73.34%
Run: 04, Epoch: 13, Loss: 0.3070
Run: 04, Epoch: 14, Loss: 0.3101
Run: 04, Epoch: 14, Train: 93.39%, Valid: 86.32% Test: 72.43%
Run: 04, Epoch: 15, Loss: 0.2895
Run: 04, Epoch: 16, Loss: 0.2947
Run: 04, Epoch: 16, Train: 93.87%, Valid: 86.45% Test: 73.27%
Run: 04, Epoch: 17, Loss: 0.2881
Run: 04, Epoch: 18, Loss: 0.3068
Run: 04, Epoch: 18, Train: 93.62%, Valid: 86.83% Test: 73.30%
Run: 04, Epoch: 19, Loss: 0.2980
Run: 04, Epoch: 20, Loss: 0.2937
Run: 04, Epoch: 20, Train: 94.01%, Valid: 86.70% Test: 72.75%
Run 04:
Highest Train: 94.01
Highest Valid: 86.83
  Final Train: 93.62
   Final Test: 73.30
Run: 05, Epoch: 01, Loss: 1.2987
Run: 05, Epoch: 02, Loss: 0.5609
Run: 05, Epoch: 03, Loss: 0.4565
Run: 05, Epoch: 04, Loss: 0.4039
Run: 05, Epoch: 05, Loss: 0.3784
Run: 05, Epoch: 06, Loss: 0.3640
Run: 05, Epoch: 07, Loss: 0.3398
Run: 05, Epoch: 08, Loss: 0.3368
Run: 05, Epoch: 09, Loss: 0.3383
Run: 05, Epoch: 10, Loss: 0.3222
Run: 05, Epoch: 10, Train: 92.37%, Valid: 86.13% Test: 73.30%
Run: 05, Epoch: 11, Loss: 0.3090
Run: 05, Epoch: 12, Loss: 0.3061
Run: 05, Epoch: 12, Train: 93.17%, Valid: 86.77% Test: 71.94%
Run: 05, Epoch: 13, Loss: 0.3117
Run: 05, Epoch: 14, Loss: 0.2863
Run: 05, Epoch: 14, Train: 93.93%, Valid: 86.26% Test: 73.30%
Run: 05, Epoch: 15, Loss: 0.2969
Run: 05, Epoch: 16, Loss: 0.2965
Run: 05, Epoch: 16, Train: 93.72%, Valid: 86.13% Test: 73.02%
Run: 05, Epoch: 17, Loss: 0.2941
Run: 05, Epoch: 18, Loss: 0.2874
Run: 05, Epoch: 18, Train: 94.48%, Valid: 86.39% Test: 72.99%
Run: 05, Epoch: 19, Loss: 0.2675
Run: 05, Epoch: 20, Loss: 0.2890
Run: 05, Epoch: 20, Train: 94.60%, Valid: 86.96% Test: 73.83%
Run 05:
Highest Train: 94.60
Highest Valid: 86.96
  Final Train: 94.60
   Final Test: 73.83
Run: 06, Epoch: 01, Loss: 1.3391
Run: 06, Epoch: 02, Loss: 0.5531
Run: 06, Epoch: 03, Loss: 0.4775
Run: 06, Epoch: 04, Loss: 0.3986
Run: 06, Epoch: 05, Loss: 0.3724
Run: 06, Epoch: 06, Loss: 0.3688
Run: 06, Epoch: 07, Loss: 0.3506
Run: 06, Epoch: 08, Loss: 0.3303
Run: 06, Epoch: 09, Loss: 0.3304
Run: 06, Epoch: 10, Loss: 0.3213
Run: 06, Epoch: 10, Train: 93.15%, Valid: 86.83% Test: 71.35%
Run: 06, Epoch: 11, Loss: 0.3103
Run: 06, Epoch: 12, Loss: 0.3070
Run: 06, Epoch: 12, Train: 93.31%, Valid: 86.58% Test: 73.36%
Run: 06, Epoch: 13, Loss: 0.3006
Run: 06, Epoch: 14, Loss: 0.3130
Run: 06, Epoch: 14, Train: 93.64%, Valid: 86.13% Test: 72.26%
Run: 06, Epoch: 15, Loss: 0.2891
Run: 06, Epoch: 16, Loss: 0.2924
Run: 06, Epoch: 16, Train: 93.79%, Valid: 87.60% Test: 74.05%
Run: 06, Epoch: 17, Loss: 0.3345
Run: 06, Epoch: 18, Loss: 0.3054
Run: 06, Epoch: 18, Train: 94.07%, Valid: 86.13% Test: 72.94%
Run: 06, Epoch: 19, Loss: 0.2871
Run: 06, Epoch: 20, Loss: 0.2868
Run: 06, Epoch: 20, Train: 94.02%, Valid: 86.58% Test: 73.37%
Run 06:
Highest Train: 94.07
Highest Valid: 87.60
  Final Train: 93.79
   Final Test: 74.05
Run: 07, Epoch: 01, Loss: 1.3893
Run: 07, Epoch: 02, Loss: 0.5302
Run: 07, Epoch: 03, Loss: 0.4623
Run: 07, Epoch: 04, Loss: 0.3929
Run: 07, Epoch: 05, Loss: 0.3723
Run: 07, Epoch: 06, Loss: 0.3560
Run: 07, Epoch: 07, Loss: 0.3287
Run: 07, Epoch: 08, Loss: 0.3427
Run: 07, Epoch: 09, Loss: 0.3440
Run: 07, Epoch: 10, Loss: 0.3631
Run: 07, Epoch: 10, Train: 92.96%, Valid: 86.83% Test: 72.48%
Run: 07, Epoch: 11, Loss: 0.3342
Run: 07, Epoch: 12, Loss: 0.3334
Run: 07, Epoch: 12, Train: 93.22%, Valid: 85.94% Test: 72.90%
Run: 07, Epoch: 13, Loss: 0.3174
Run: 07, Epoch: 14, Loss: 0.3240
Run: 07, Epoch: 14, Train: 92.97%, Valid: 85.56% Test: 72.88%
Run: 07, Epoch: 15, Loss: 0.3092
Run: 07, Epoch: 16, Loss: 0.3107
Run: 07, Epoch: 16, Train: 93.78%, Valid: 85.94% Test: 72.81%
Run: 07, Epoch: 17, Loss: 0.3042
Run: 07, Epoch: 18, Loss: 0.2757
Run: 07, Epoch: 18, Train: 94.24%, Valid: 86.90% Test: 73.40%
Run: 07, Epoch: 19, Loss: 0.2642
Run: 07, Epoch: 20, Loss: 0.2798
Run: 07, Epoch: 20, Train: 94.38%, Valid: 86.90% Test: 73.12%
Run 07:
Highest Train: 94.38
Highest Valid: 86.90
  Final Train: 94.24
   Final Test: 73.40
Run: 08, Epoch: 01, Loss: 1.2953
Run: 08, Epoch: 02, Loss: 0.5435
Run: 08, Epoch: 03, Loss: 0.4581
Run: 08, Epoch: 04, Loss: 0.3962
Run: 08, Epoch: 05, Loss: 0.3712
Run: 08, Epoch: 06, Loss: 0.3513
Run: 08, Epoch: 07, Loss: 0.3361
Run: 08, Epoch: 08, Loss: 0.3348
Run: 08, Epoch: 09, Loss: 0.3264
Run: 08, Epoch: 10, Loss: 0.3222
Run: 08, Epoch: 10, Train: 92.48%, Valid: 87.15% Test: 72.70%
Run: 08, Epoch: 11, Loss: 0.3254
Run: 08, Epoch: 12, Loss: 0.3119
Run: 08, Epoch: 12, Train: 93.22%, Valid: 85.94% Test: 73.14%
Run: 08, Epoch: 13, Loss: 0.3005
Run: 08, Epoch: 14, Loss: 0.2875
Run: 08, Epoch: 14, Train: 93.04%, Valid: 86.20% Test: 72.50%
Run: 08, Epoch: 15, Loss: 0.2952
Run: 08, Epoch: 16, Loss: 0.3008
Run: 08, Epoch: 16, Train: 93.58%, Valid: 86.07% Test: 72.96%
Run: 08, Epoch: 17, Loss: 0.3241
Run: 08, Epoch: 18, Loss: 0.3107
Run: 08, Epoch: 18, Train: 93.49%, Valid: 85.81% Test: 73.08%
Run: 08, Epoch: 19, Loss: 0.2898
Run: 08, Epoch: 20, Loss: 0.2980
Run: 08, Epoch: 20, Train: 94.04%, Valid: 86.26% Test: 72.97%
Run 08:
Highest Train: 94.04
Highest Valid: 87.15
  Final Train: 92.48
   Final Test: 72.70
Run: 09, Epoch: 01, Loss: 1.3584
Run: 09, Epoch: 02, Loss: 0.5433
Run: 09, Epoch: 03, Loss: 0.4412
Run: 09, Epoch: 04, Loss: 0.3915
Run: 09, Epoch: 05, Loss: 0.3780
Run: 09, Epoch: 06, Loss: 0.3572
Run: 09, Epoch: 07, Loss: 0.3436
Run: 09, Epoch: 08, Loss: 0.3437
Run: 09, Epoch: 09, Loss: 0.3062
Run: 09, Epoch: 10, Loss: 0.3042
Run: 09, Epoch: 10, Train: 93.16%, Valid: 87.28% Test: 72.63%
Run: 09, Epoch: 11, Loss: 0.3187
Run: 09, Epoch: 12, Loss: 0.2976
Run: 09, Epoch: 12, Train: 93.23%, Valid: 86.32% Test: 73.41%
Run: 09, Epoch: 13, Loss: 0.2963
Run: 09, Epoch: 14, Loss: 0.3088
Run: 09, Epoch: 14, Train: 93.99%, Valid: 87.02% Test: 72.89%
Run: 09, Epoch: 15, Loss: 0.2953
Run: 09, Epoch: 16, Loss: 0.2901
Run: 09, Epoch: 16, Train: 93.82%, Valid: 86.01% Test: 72.81%
Run: 09, Epoch: 17, Loss: 0.2709
Run: 09, Epoch: 18, Loss: 0.2870
Run: 09, Epoch: 18, Train: 94.13%, Valid: 87.02% Test: 72.71%
Run: 09, Epoch: 19, Loss: 0.2910
Run: 09, Epoch: 20, Loss: 0.3012
Run: 09, Epoch: 20, Train: 94.30%, Valid: 86.45% Test: 73.46%
Run 09:
Highest Train: 94.30
Highest Valid: 87.28
  Final Train: 93.16
   Final Test: 72.63
Run: 10, Epoch: 01, Loss: 1.3359
Run: 10, Epoch: 02, Loss: 0.5718
Run: 10, Epoch: 03, Loss: 0.4615
Run: 10, Epoch: 04, Loss: 0.3905
Run: 10, Epoch: 05, Loss: 0.3776
Run: 10, Epoch: 06, Loss: 0.3570
Run: 10, Epoch: 07, Loss: 0.3553
Run: 10, Epoch: 08, Loss: 0.3314
Run: 10, Epoch: 09, Loss: 0.3187
Run: 10, Epoch: 10, Loss: 0.3068
Run: 10, Epoch: 10, Train: 92.85%, Valid: 85.18% Test: 72.09%
Run: 10, Epoch: 11, Loss: 0.3064
Run: 10, Epoch: 12, Loss: 0.3014
Run: 10, Epoch: 12, Train: 93.21%, Valid: 86.07% Test: 72.74%
Run: 10, Epoch: 13, Loss: 0.2910
Run: 10, Epoch: 14, Loss: 0.2814
Run: 10, Epoch: 14, Train: 93.65%, Valid: 86.64% Test: 73.05%
Run: 10, Epoch: 15, Loss: 0.2971
Run: 10, Epoch: 16, Loss: 0.3175
Run: 10, Epoch: 16, Train: 93.90%, Valid: 86.83% Test: 73.52%
Run: 10, Epoch: 17, Loss: 0.2972
Run: 10, Epoch: 18, Loss: 0.2868
Run: 10, Epoch: 18, Train: 93.95%, Valid: 87.09% Test: 72.72%
Run: 10, Epoch: 19, Loss: 0.2824
Run: 10, Epoch: 20, Loss: 0.3132
Run: 10, Epoch: 20, Train: 94.20%, Valid: 85.24% Test: 73.25%
Run 10:
Highest Train: 94.20
Highest Valid: 87.09
  Final Train: 93.95
   Final Test: 72.72
All runs:
Highest Train: 94.20 ± 0.19
Highest Valid: 86.99 ± 0.33
  Final Train: 93.76 ± 0.60
   Final Test: 73.25 ± 0.56
