Namespace(device=0, log_steps=1, inductive=False, num_layers=3, hidden_channels=256, dropout=0.5, batch_size=20000, walk_length=3, lr=0.01, num_steps=30, epochs=20, eval_steps=2, runs=10, rsv=0.0475)
tensor([ 11772,  53354, 127854,  ..., 176775,  61450,  44218]) 9339
tensor([222340, 232877, 217134,  ..., 207916, 213532, 207716]) 1867
Run: 01, Epoch: 01, Loss: 1.3234
Run: 01, Epoch: 02, Loss: 0.5398
Run: 01, Epoch: 03, Loss: 0.4338
Run: 01, Epoch: 04, Loss: 0.4041
Run: 01, Epoch: 05, Loss: 0.3891
Run: 01, Epoch: 06, Loss: 0.3660
Run: 01, Epoch: 07, Loss: 0.3490
Run: 01, Epoch: 08, Loss: 0.3270
Run: 01, Epoch: 09, Loss: 0.3202
Run: 01, Epoch: 10, Loss: 0.3282
Run: 01, Epoch: 10, Train: 92.92%, Valid: 86.56% Test: 72.99%
Run: 01, Epoch: 11, Loss: 0.3053
Run: 01, Epoch: 12, Loss: 0.3134
Run: 01, Epoch: 12, Train: 93.02%, Valid: 85.75% Test: 72.57%
Run: 01, Epoch: 13, Loss: 0.2936
Run: 01, Epoch: 14, Loss: 0.3114
Run: 01, Epoch: 14, Train: 93.84%, Valid: 87.31% Test: 72.91%
Run: 01, Epoch: 15, Loss: 0.3306
Run: 01, Epoch: 16, Loss: 0.2993
Run: 01, Epoch: 16, Train: 93.51%, Valid: 86.18% Test: 72.55%
Run: 01, Epoch: 17, Loss: 0.3001
Run: 01, Epoch: 18, Loss: 0.3040
Run: 01, Epoch: 18, Train: 94.08%, Valid: 86.56% Test: 73.04%
Run: 01, Epoch: 19, Loss: 0.3130
Run: 01, Epoch: 20, Loss: 0.3025
Run: 01, Epoch: 20, Train: 93.88%, Valid: 87.31% Test: 72.34%
Run 01:
Highest Train: 94.08
Highest Valid: 87.31
  Final Train: 93.84
   Final Test: 72.91
Run: 02, Epoch: 01, Loss: 1.4328
Run: 02, Epoch: 02, Loss: 0.5558
Run: 02, Epoch: 03, Loss: 0.4527
Run: 02, Epoch: 04, Loss: 0.4116
Run: 02, Epoch: 05, Loss: 0.3755
Run: 02, Epoch: 06, Loss: 0.3256
Run: 02, Epoch: 07, Loss: 0.3462
Run: 02, Epoch: 08, Loss: 0.3403
Run: 02, Epoch: 09, Loss: 0.3405
Run: 02, Epoch: 10, Loss: 0.3240
Run: 02, Epoch: 10, Train: 92.63%, Valid: 87.36% Test: 72.70%
Run: 02, Epoch: 11, Loss: 0.3140
Run: 02, Epoch: 12, Loss: 0.3177
Run: 02, Epoch: 12, Train: 92.91%, Valid: 86.29% Test: 72.56%
Run: 02, Epoch: 13, Loss: 0.3184
Run: 02, Epoch: 14, Loss: 0.2962
Run: 02, Epoch: 14, Train: 93.52%, Valid: 87.25% Test: 73.50%
Run: 02, Epoch: 15, Loss: 0.2854
Run: 02, Epoch: 16, Loss: 0.3066
Run: 02, Epoch: 16, Train: 93.50%, Valid: 85.54% Test: 73.29%
Run: 02, Epoch: 17, Loss: 0.2981
Run: 02, Epoch: 18, Loss: 0.3107
Run: 02, Epoch: 18, Train: 93.66%, Valid: 86.77% Test: 73.50%
Run: 02, Epoch: 19, Loss: 0.3126
Run: 02, Epoch: 20, Loss: 0.2874
Run: 02, Epoch: 20, Train: 93.53%, Valid: 86.72% Test: 73.22%
Run 02:
Highest Train: 93.66
Highest Valid: 87.36
  Final Train: 92.63
   Final Test: 72.70
Run: 03, Epoch: 01, Loss: 1.3765
Run: 03, Epoch: 02, Loss: 0.5552
Run: 03, Epoch: 03, Loss: 0.4396
Run: 03, Epoch: 04, Loss: 0.4134
Run: 03, Epoch: 05, Loss: 0.3828
Run: 03, Epoch: 06, Loss: 0.3704
Run: 03, Epoch: 07, Loss: 0.3461
Run: 03, Epoch: 08, Loss: 0.3658
Run: 03, Epoch: 09, Loss: 0.3582
Run: 03, Epoch: 10, Loss: 0.3492
Run: 03, Epoch: 10, Train: 92.74%, Valid: 86.66% Test: 73.78%
Run: 03, Epoch: 11, Loss: 0.3357
Run: 03, Epoch: 12, Loss: 0.3368
Run: 03, Epoch: 12, Train: 93.00%, Valid: 86.61% Test: 73.92%
Run: 03, Epoch: 13, Loss: 0.3237
Run: 03, Epoch: 14, Loss: 0.3323
Run: 03, Epoch: 14, Train: 92.91%, Valid: 87.15% Test: 73.36%
Run: 03, Epoch: 15, Loss: 0.3209
Run: 03, Epoch: 16, Loss: 0.3064
Run: 03, Epoch: 16, Train: 93.22%, Valid: 87.15% Test: 73.22%
Run: 03, Epoch: 17, Loss: 0.3066
Run: 03, Epoch: 18, Loss: 0.2924
Run: 03, Epoch: 18, Train: 93.36%, Valid: 86.72% Test: 73.13%
Run: 03, Epoch: 19, Loss: 0.2975
Run: 03, Epoch: 20, Loss: 0.2895
Run: 03, Epoch: 20, Train: 93.94%, Valid: 86.88% Test: 73.22%
Run 03:
Highest Train: 93.94
Highest Valid: 87.15
  Final Train: 92.91
   Final Test: 73.36
Run: 04, Epoch: 01, Loss: 1.3125
Run: 04, Epoch: 02, Loss: 0.5382
Run: 04, Epoch: 03, Loss: 0.4601
Run: 04, Epoch: 04, Loss: 0.4041
Run: 04, Epoch: 05, Loss: 0.3800
Run: 04, Epoch: 06, Loss: 0.3573
Run: 04, Epoch: 07, Loss: 0.3263
Run: 04, Epoch: 08, Loss: 0.3386
Run: 04, Epoch: 09, Loss: 0.3444
Run: 04, Epoch: 10, Loss: 0.3316
Run: 04, Epoch: 10, Train: 92.12%, Valid: 86.23% Test: 73.09%
Run: 04, Epoch: 11, Loss: 0.3183
Run: 04, Epoch: 12, Loss: 0.3195
Run: 04, Epoch: 12, Train: 93.20%, Valid: 86.34% Test: 73.14%
Run: 04, Epoch: 13, Loss: 0.3077
Run: 04, Epoch: 14, Loss: 0.3394
Run: 04, Epoch: 14, Train: 92.99%, Valid: 87.09% Test: 73.30%
Run: 04, Epoch: 15, Loss: 0.3237
Run: 04, Epoch: 16, Loss: 0.3288
Run: 04, Epoch: 16, Train: 93.46%, Valid: 86.88% Test: 73.33%
Run: 04, Epoch: 17, Loss: 0.2979
Run: 04, Epoch: 18, Loss: 0.3518
Run: 04, Epoch: 18, Train: 93.46%, Valid: 86.72% Test: 73.72%
Run: 04, Epoch: 19, Loss: 0.3060
Run: 04, Epoch: 20, Loss: 0.2953
Run: 04, Epoch: 20, Train: 94.03%, Valid: 87.41% Test: 73.93%
Run 04:
Highest Train: 94.03
Highest Valid: 87.41
  Final Train: 94.03
   Final Test: 73.93
Run: 05, Epoch: 01, Loss: 1.2917
Run: 05, Epoch: 02, Loss: 0.5554
Run: 05, Epoch: 03, Loss: 0.4531
Run: 05, Epoch: 04, Loss: 0.4168
Run: 05, Epoch: 05, Loss: 0.3898
Run: 05, Epoch: 06, Loss: 0.3830
Run: 05, Epoch: 07, Loss: 0.3550
Run: 05, Epoch: 08, Loss: 0.3418
Run: 05, Epoch: 09, Loss: 0.3273
Run: 05, Epoch: 10, Loss: 0.3188
Run: 05, Epoch: 10, Train: 92.85%, Valid: 86.66% Test: 74.26%
Run: 05, Epoch: 11, Loss: 0.3209
Run: 05, Epoch: 12, Loss: 0.3180
Run: 05, Epoch: 12, Train: 92.46%, Valid: 86.56% Test: 72.37%
Run: 05, Epoch: 13, Loss: 0.3092
Run: 05, Epoch: 14, Loss: 0.2988
Run: 05, Epoch: 14, Train: 92.89%, Valid: 86.61% Test: 73.27%
Run: 05, Epoch: 15, Loss: 0.3146
Run: 05, Epoch: 16, Loss: 0.3016
Run: 05, Epoch: 16, Train: 93.50%, Valid: 86.18% Test: 73.89%
Run: 05, Epoch: 17, Loss: 0.2971
Run: 05, Epoch: 18, Loss: 0.2949
Run: 05, Epoch: 18, Train: 93.73%, Valid: 87.04% Test: 74.38%
Run: 05, Epoch: 19, Loss: 0.2763
Run: 05, Epoch: 20, Loss: 0.2839
Run: 05, Epoch: 20, Train: 93.95%, Valid: 87.09% Test: 73.81%
Run 05:
Highest Train: 93.95
Highest Valid: 87.09
  Final Train: 93.95
   Final Test: 73.81
Run: 06, Epoch: 01, Loss: 1.3447
Run: 06, Epoch: 02, Loss: 0.5476
Run: 06, Epoch: 03, Loss: 0.4678
Run: 06, Epoch: 04, Loss: 0.3920
Run: 06, Epoch: 05, Loss: 0.3860
Run: 06, Epoch: 06, Loss: 0.3681
Run: 06, Epoch: 07, Loss: 0.3516
Run: 06, Epoch: 08, Loss: 0.3228
Run: 06, Epoch: 09, Loss: 0.3326
Run: 06, Epoch: 10, Loss: 0.3278
Run: 06, Epoch: 10, Train: 93.18%, Valid: 85.65% Test: 72.70%
Run: 06, Epoch: 11, Loss: 0.3070
Run: 06, Epoch: 12, Loss: 0.3128
Run: 06, Epoch: 12, Train: 92.79%, Valid: 87.04% Test: 73.40%
Run: 06, Epoch: 13, Loss: 0.3013
Run: 06, Epoch: 14, Loss: 0.3167
Run: 06, Epoch: 14, Train: 93.54%, Valid: 87.25% Test: 73.39%
Run: 06, Epoch: 15, Loss: 0.2894
Run: 06, Epoch: 16, Loss: 0.2957
Run: 06, Epoch: 16, Train: 93.68%, Valid: 87.63% Test: 73.87%
Run: 06, Epoch: 17, Loss: 0.3218
Run: 06, Epoch: 18, Loss: 0.3345
Run: 06, Epoch: 18, Train: 93.46%, Valid: 86.72% Test: 72.37%
Run: 06, Epoch: 19, Loss: 0.3032
Run: 06, Epoch: 20, Loss: 0.2882
Run: 06, Epoch: 20, Train: 93.38%, Valid: 86.45% Test: 72.86%
Run 06:
Highest Train: 93.68
Highest Valid: 87.63
  Final Train: 93.68
   Final Test: 73.87
Run: 07, Epoch: 01, Loss: 1.3936
Run: 07, Epoch: 02, Loss: 0.5391
Run: 07, Epoch: 03, Loss: 0.4652
Run: 07, Epoch: 04, Loss: 0.3998
Run: 07, Epoch: 05, Loss: 0.3849
Run: 07, Epoch: 06, Loss: 0.3552
Run: 07, Epoch: 07, Loss: 0.3413
Run: 07, Epoch: 08, Loss: 0.3449
Run: 07, Epoch: 09, Loss: 0.3411
Run: 07, Epoch: 10, Loss: 0.3316
Run: 07, Epoch: 10, Train: 92.59%, Valid: 86.40% Test: 73.52%
Run: 07, Epoch: 11, Loss: 0.3191
Run: 07, Epoch: 12, Loss: 0.3076
Run: 07, Epoch: 12, Train: 92.70%, Valid: 86.98% Test: 73.27%
Run: 07, Epoch: 13, Loss: 0.3093
Run: 07, Epoch: 14, Loss: 0.3068
Run: 07, Epoch: 14, Train: 93.30%, Valid: 87.25% Test: 72.71%
Run: 07, Epoch: 15, Loss: 0.2992
Run: 07, Epoch: 16, Loss: 0.3052
Run: 07, Epoch: 16, Train: 93.62%, Valid: 86.98% Test: 73.60%
Run: 07, Epoch: 17, Loss: 0.3154
Run: 07, Epoch: 18, Loss: 0.2927
Run: 07, Epoch: 18, Train: 94.16%, Valid: 87.15% Test: 73.86%
Run: 07, Epoch: 19, Loss: 0.2660
Run: 07, Epoch: 20, Loss: 0.3055
Run: 07, Epoch: 20, Train: 93.88%, Valid: 86.93% Test: 73.57%
Run 07:
Highest Train: 94.16
Highest Valid: 87.25
  Final Train: 93.30
   Final Test: 72.71
Run: 08, Epoch: 01, Loss: 1.2616
Run: 08, Epoch: 02, Loss: 0.5293
Run: 08, Epoch: 03, Loss: 0.4502
Run: 08, Epoch: 04, Loss: 0.4026
Run: 08, Epoch: 05, Loss: 0.3652
Run: 08, Epoch: 06, Loss: 0.3604
Run: 08, Epoch: 07, Loss: 0.3346
Run: 08, Epoch: 08, Loss: 0.3401
Run: 08, Epoch: 09, Loss: 0.3296
Run: 08, Epoch: 10, Loss: 0.3158
Run: 08, Epoch: 10, Train: 92.69%, Valid: 86.93% Test: 72.71%
Run: 08, Epoch: 11, Loss: 0.3301
Run: 08, Epoch: 12, Loss: 0.3156
Run: 08, Epoch: 12, Train: 92.61%, Valid: 86.18% Test: 72.98%
Run: 08, Epoch: 13, Loss: 0.3055
Run: 08, Epoch: 14, Loss: 0.3016
Run: 08, Epoch: 14, Train: 92.85%, Valid: 86.61% Test: 72.76%
Run: 08, Epoch: 15, Loss: 0.2979
Run: 08, Epoch: 16, Loss: 0.2961
Run: 08, Epoch: 16, Train: 93.68%, Valid: 86.88% Test: 73.57%
Run: 08, Epoch: 17, Loss: 0.3102
Run: 08, Epoch: 18, Loss: 0.3194
Run: 08, Epoch: 18, Train: 93.62%, Valid: 86.50% Test: 73.59%
Run: 08, Epoch: 19, Loss: 0.2748
Run: 08, Epoch: 20, Loss: 0.2894
Run: 08, Epoch: 20, Train: 93.84%, Valid: 87.09% Test: 73.82%
Run 08:
Highest Train: 93.84
Highest Valid: 87.09
  Final Train: 93.84
   Final Test: 73.82
Run: 09, Epoch: 01, Loss: 1.3475
Run: 09, Epoch: 02, Loss: 0.5432
Run: 09, Epoch: 03, Loss: 0.4470
Run: 09, Epoch: 04, Loss: 0.3912
Run: 09, Epoch: 05, Loss: 0.3792
Run: 09, Epoch: 06, Loss: 0.3377
Run: 09, Epoch: 07, Loss: 0.3457
Run: 09, Epoch: 08, Loss: 0.3402
Run: 09, Epoch: 09, Loss: 0.3173
Run: 09, Epoch: 10, Loss: 0.3202
Run: 09, Epoch: 10, Train: 92.74%, Valid: 86.98% Test: 73.01%
Run: 09, Epoch: 11, Loss: 0.3191
Run: 09, Epoch: 12, Loss: 0.3088
Run: 09, Epoch: 12, Train: 92.75%, Valid: 86.34% Test: 73.44%
Run: 09, Epoch: 13, Loss: 0.3207
Run: 09, Epoch: 14, Loss: 0.3160
Run: 09, Epoch: 14, Train: 93.58%, Valid: 86.98% Test: 72.68%
Run: 09, Epoch: 15, Loss: 0.3026
Run: 09, Epoch: 16, Loss: 0.3256
Run: 09, Epoch: 16, Train: 93.10%, Valid: 86.88% Test: 73.32%
Run: 09, Epoch: 17, Loss: 0.3004
Run: 09, Epoch: 18, Loss: 0.3042
Run: 09, Epoch: 18, Train: 93.36%, Valid: 86.93% Test: 72.13%
Run: 09, Epoch: 19, Loss: 0.3036
Run: 09, Epoch: 20, Loss: 0.2987
Run: 09, Epoch: 20, Train: 94.22%, Valid: 87.25% Test: 74.14%
Run 09:
Highest Train: 94.22
Highest Valid: 87.25
  Final Train: 94.22
   Final Test: 74.14
Run: 10, Epoch: 01, Loss: 1.3072
Run: 10, Epoch: 02, Loss: 0.5607
Run: 10, Epoch: 03, Loss: 0.4578
Run: 10, Epoch: 04, Loss: 0.3941
Run: 10, Epoch: 05, Loss: 0.3760
Run: 10, Epoch: 06, Loss: 0.3551
Run: 10, Epoch: 07, Loss: 0.3501
Run: 10, Epoch: 08, Loss: 0.3452
Run: 10, Epoch: 09, Loss: 0.3373
Run: 10, Epoch: 10, Loss: 0.3113
Run: 10, Epoch: 10, Train: 92.77%, Valid: 87.47% Test: 73.49%
Run: 10, Epoch: 11, Loss: 0.3104
Run: 10, Epoch: 12, Loss: 0.3042
Run: 10, Epoch: 12, Train: 92.78%, Valid: 86.77% Test: 73.76%
Run: 10, Epoch: 13, Loss: 0.3200
Run: 10, Epoch: 14, Loss: 0.3031
Run: 10, Epoch: 14, Train: 93.28%, Valid: 87.15% Test: 73.58%
Run: 10, Epoch: 15, Loss: 0.3304
Run: 10, Epoch: 16, Loss: 0.3550
Run: 10, Epoch: 16, Train: 93.63%, Valid: 87.25% Test: 74.66%
Run: 10, Epoch: 17, Loss: 0.3189
Run: 10, Epoch: 18, Loss: 0.3074
Run: 10, Epoch: 18, Train: 93.54%, Valid: 87.57% Test: 74.09%
Run: 10, Epoch: 19, Loss: 0.2908
Run: 10, Epoch: 20, Loss: 0.2887
Run: 10, Epoch: 20, Train: 94.16%, Valid: 87.36% Test: 74.19%
Run 10:
Highest Train: 94.16
Highest Valid: 87.57
  Final Train: 93.54
   Final Test: 74.09
All runs:
Highest Train: 93.97 ± 0.20
Highest Valid: 87.31 ± 0.19
  Final Train: 93.59 ± 0.51
   Final Test: 73.53 ± 0.57
