Namespace(device=0, log_steps=1, inductive=False, num_layers=3, hidden_channels=256, dropout=0.5, batch_size=20000, walk_length=3, lr=0.01, num_steps=30, epochs=20, eval_steps=2, runs=10, rsv=0.05)
tensor([ 11772,  53354, 127854,  ..., 100597, 138675,  48946]) 9830
tensor([222340, 232877, 217134,  ..., 204279, 235287, 203778]) 1966
Run: 01, Epoch: 01, Loss: 1.3144
Run: 01, Epoch: 02, Loss: 0.5346
Run: 01, Epoch: 03, Loss: 0.4346
Run: 01, Epoch: 04, Loss: 0.4024
Run: 01, Epoch: 05, Loss: 0.3825
Run: 01, Epoch: 06, Loss: 0.3632
Run: 01, Epoch: 07, Loss: 0.3410
Run: 01, Epoch: 08, Loss: 0.3287
Run: 01, Epoch: 09, Loss: 0.3153
Run: 01, Epoch: 10, Loss: 0.3339
Run: 01, Epoch: 10, Train: 92.63%, Valid: 86.78% Test: 72.47%
Run: 01, Epoch: 11, Loss: 0.3213
Run: 01, Epoch: 12, Loss: 0.3135
Run: 01, Epoch: 12, Train: 92.63%, Valid: 86.67% Test: 73.38%
Run: 01, Epoch: 13, Loss: 0.2971
Run: 01, Epoch: 14, Loss: 0.2984
Run: 01, Epoch: 14, Train: 93.10%, Valid: 85.96% Test: 72.53%
Run: 01, Epoch: 15, Loss: 0.3162
Run: 01, Epoch: 16, Loss: 0.2782
Run: 01, Epoch: 16, Train: 93.63%, Valid: 86.67% Test: 73.87%
Run: 01, Epoch: 17, Loss: 0.2962
Run: 01, Epoch: 18, Loss: 0.2858
Run: 01, Epoch: 18, Train: 93.53%, Valid: 85.96% Test: 72.56%
Run: 01, Epoch: 19, Loss: 0.2931
Run: 01, Epoch: 20, Loss: 0.2929
Run: 01, Epoch: 20, Train: 93.79%, Valid: 86.93% Test: 73.73%
Run 01:
Highest Train: 93.79
Highest Valid: 86.93
  Final Train: 93.79
   Final Test: 73.73
Run: 02, Epoch: 01, Loss: 1.4273
Run: 02, Epoch: 02, Loss: 0.5535
Run: 02, Epoch: 03, Loss: 0.4555
Run: 02, Epoch: 04, Loss: 0.4084
Run: 02, Epoch: 05, Loss: 0.3795
Run: 02, Epoch: 06, Loss: 0.3323
Run: 02, Epoch: 07, Loss: 0.3455
Run: 02, Epoch: 08, Loss: 0.3327
Run: 02, Epoch: 09, Loss: 0.3356
Run: 02, Epoch: 10, Loss: 0.3253
Run: 02, Epoch: 10, Train: 92.79%, Valid: 86.52% Test: 72.92%
Run: 02, Epoch: 11, Loss: 0.3131
Run: 02, Epoch: 12, Loss: 0.3157
Run: 02, Epoch: 12, Train: 92.89%, Valid: 86.88% Test: 72.98%
Run: 02, Epoch: 13, Loss: 0.3179
Run: 02, Epoch: 14, Loss: 0.3290
Run: 02, Epoch: 14, Train: 93.32%, Valid: 87.13% Test: 73.18%
Run: 02, Epoch: 15, Loss: 0.3016
Run: 02, Epoch: 16, Loss: 0.3084
Run: 02, Epoch: 16, Train: 93.35%, Valid: 86.72% Test: 73.56%
Run: 02, Epoch: 17, Loss: 0.3029
Run: 02, Epoch: 18, Loss: 0.3027
Run: 02, Epoch: 18, Train: 93.49%, Valid: 87.74% Test: 73.98%
Run: 02, Epoch: 19, Loss: 0.2961
Run: 02, Epoch: 20, Loss: 0.2928
Run: 02, Epoch: 20, Train: 93.62%, Valid: 86.67% Test: 73.57%
Run 02:
Highest Train: 93.62
Highest Valid: 87.74
  Final Train: 93.49
   Final Test: 73.98
Run: 03, Epoch: 01, Loss: 1.3714
Run: 03, Epoch: 02, Loss: 0.5466
Run: 03, Epoch: 03, Loss: 0.4358
Run: 03, Epoch: 04, Loss: 0.4105
Run: 03, Epoch: 05, Loss: 0.3746
Run: 03, Epoch: 06, Loss: 0.3584
Run: 03, Epoch: 07, Loss: 0.3521
Run: 03, Epoch: 08, Loss: 0.3640
Run: 03, Epoch: 09, Loss: 0.3390
Run: 03, Epoch: 10, Loss: 0.3250
Run: 03, Epoch: 10, Train: 92.72%, Valid: 87.18% Test: 74.11%
Run: 03, Epoch: 11, Loss: 0.3213
Run: 03, Epoch: 12, Loss: 0.3261
Run: 03, Epoch: 12, Train: 92.96%, Valid: 87.23% Test: 74.40%
Run: 03, Epoch: 13, Loss: 0.3081
Run: 03, Epoch: 14, Loss: 0.3290
Run: 03, Epoch: 14, Train: 92.84%, Valid: 86.78% Test: 73.35%
Run: 03, Epoch: 15, Loss: 0.3215
Run: 03, Epoch: 16, Loss: 0.3131
Run: 03, Epoch: 16, Train: 93.31%, Valid: 86.78% Test: 73.94%
Run: 03, Epoch: 17, Loss: 0.3049
Run: 03, Epoch: 18, Loss: 0.2967
Run: 03, Epoch: 18, Train: 93.46%, Valid: 87.59% Test: 73.66%
Run: 03, Epoch: 19, Loss: 0.2944
Run: 03, Epoch: 20, Loss: 0.2973
Run: 03, Epoch: 20, Train: 93.85%, Valid: 87.33% Test: 74.23%
Run 03:
Highest Train: 93.85
Highest Valid: 87.59
  Final Train: 93.46
   Final Test: 73.66
Run: 04, Epoch: 01, Loss: 1.3005
Run: 04, Epoch: 02, Loss: 0.5340
Run: 04, Epoch: 03, Loss: 0.4476
Run: 04, Epoch: 04, Loss: 0.4033
Run: 04, Epoch: 05, Loss: 0.3719
Run: 04, Epoch: 06, Loss: 0.3468
Run: 04, Epoch: 07, Loss: 0.3236
Run: 04, Epoch: 08, Loss: 0.3338
Run: 04, Epoch: 09, Loss: 0.3337
Run: 04, Epoch: 10, Loss: 0.3212
Run: 04, Epoch: 10, Train: 92.63%, Valid: 86.88% Test: 72.66%
Run: 04, Epoch: 11, Loss: 0.3235
Run: 04, Epoch: 12, Loss: 0.3193
Run: 04, Epoch: 12, Train: 92.96%, Valid: 87.33% Test: 73.25%
Run: 04, Epoch: 13, Loss: 0.2979
Run: 04, Epoch: 14, Loss: 0.3026
Run: 04, Epoch: 14, Train: 93.41%, Valid: 87.39% Test: 72.81%
Run: 04, Epoch: 15, Loss: 0.2972
Run: 04, Epoch: 16, Loss: 0.2953
Run: 04, Epoch: 16, Train: 94.01%, Valid: 87.08% Test: 74.01%
Run: 04, Epoch: 17, Loss: 0.2821
Run: 04, Epoch: 18, Loss: 0.3129
Run: 04, Epoch: 18, Train: 93.79%, Valid: 87.23% Test: 73.91%
Run: 04, Epoch: 19, Loss: 0.2773
Run: 04, Epoch: 20, Loss: 0.2901
Run: 04, Epoch: 20, Train: 93.86%, Valid: 87.18% Test: 73.33%
Run 04:
Highest Train: 94.01
Highest Valid: 87.39
  Final Train: 93.41
   Final Test: 72.81
Run: 05, Epoch: 01, Loss: 1.2814
Run: 05, Epoch: 02, Loss: 0.5518
Run: 05, Epoch: 03, Loss: 0.4465
Run: 05, Epoch: 04, Loss: 0.4134
Run: 05, Epoch: 05, Loss: 0.3858
Run: 05, Epoch: 06, Loss: 0.3680
Run: 05, Epoch: 07, Loss: 0.3431
Run: 05, Epoch: 08, Loss: 0.3325
Run: 05, Epoch: 09, Loss: 0.3293
Run: 05, Epoch: 10, Loss: 0.3186
Run: 05, Epoch: 10, Train: 92.90%, Valid: 87.13% Test: 73.95%
Run: 05, Epoch: 11, Loss: 0.3079
Run: 05, Epoch: 12, Loss: 0.3060
Run: 05, Epoch: 12, Train: 92.98%, Valid: 86.93% Test: 73.44%
Run: 05, Epoch: 13, Loss: 0.3041
Run: 05, Epoch: 14, Loss: 0.2982
Run: 05, Epoch: 14, Train: 93.30%, Valid: 86.47% Test: 73.30%
Run: 05, Epoch: 15, Loss: 0.3065
Run: 05, Epoch: 16, Loss: 0.2817
Run: 05, Epoch: 16, Train: 93.81%, Valid: 87.08% Test: 73.92%
Run: 05, Epoch: 17, Loss: 0.2848
Run: 05, Epoch: 18, Loss: 0.2940
Run: 05, Epoch: 18, Train: 93.99%, Valid: 86.88% Test: 73.70%
Run: 05, Epoch: 19, Loss: 0.2758
Run: 05, Epoch: 20, Loss: 0.2993
Run: 05, Epoch: 20, Train: 93.93%, Valid: 87.03% Test: 73.49%
Run 05:
Highest Train: 93.99
Highest Valid: 87.13
  Final Train: 92.90
   Final Test: 73.95
Run: 06, Epoch: 01, Loss: 1.3222
Run: 06, Epoch: 02, Loss: 0.5400
Run: 06, Epoch: 03, Loss: 0.4635
Run: 06, Epoch: 04, Loss: 0.3870
Run: 06, Epoch: 05, Loss: 0.3818
Run: 06, Epoch: 06, Loss: 0.3666
Run: 06, Epoch: 07, Loss: 0.3488
Run: 06, Epoch: 08, Loss: 0.3289
Run: 06, Epoch: 09, Loss: 0.3249
Run: 06, Epoch: 10, Loss: 0.3119
Run: 06, Epoch: 10, Train: 93.26%, Valid: 86.22% Test: 72.61%
Run: 06, Epoch: 11, Loss: 0.2911
Run: 06, Epoch: 12, Loss: 0.2991
Run: 06, Epoch: 12, Train: 93.16%, Valid: 86.88% Test: 72.49%
Run: 06, Epoch: 13, Loss: 0.3075
Run: 06, Epoch: 14, Loss: 0.3122
Run: 06, Epoch: 14, Train: 93.42%, Valid: 86.27% Test: 73.53%
Run: 06, Epoch: 15, Loss: 0.2884
Run: 06, Epoch: 16, Loss: 0.3132
Run: 06, Epoch: 16, Train: 93.87%, Valid: 87.23% Test: 73.05%
Run: 06, Epoch: 17, Loss: 0.3166
Run: 06, Epoch: 18, Loss: 0.3152
Run: 06, Epoch: 18, Train: 93.58%, Valid: 87.84% Test: 73.32%
Run: 06, Epoch: 19, Loss: 0.2929
Run: 06, Epoch: 20, Loss: 0.2797
Run: 06, Epoch: 20, Train: 93.66%, Valid: 86.47% Test: 73.51%
Run 06:
Highest Train: 93.87
Highest Valid: 87.84
  Final Train: 93.58
   Final Test: 73.32
Run: 07, Epoch: 01, Loss: 1.3763
Run: 07, Epoch: 02, Loss: 0.5332
Run: 07, Epoch: 03, Loss: 0.4532
Run: 07, Epoch: 04, Loss: 0.4008
Run: 07, Epoch: 05, Loss: 0.3697
Run: 07, Epoch: 06, Loss: 0.3477
Run: 07, Epoch: 07, Loss: 0.3393
Run: 07, Epoch: 08, Loss: 0.3394
Run: 07, Epoch: 09, Loss: 0.3349
Run: 07, Epoch: 10, Loss: 0.3283
Run: 07, Epoch: 10, Train: 92.55%, Valid: 86.78% Test: 73.49%
Run: 07, Epoch: 11, Loss: 0.3147
Run: 07, Epoch: 12, Loss: 0.3072
Run: 07, Epoch: 12, Train: 92.96%, Valid: 87.03% Test: 73.21%
Run: 07, Epoch: 13, Loss: 0.2865
Run: 07, Epoch: 14, Loss: 0.2959
Run: 07, Epoch: 14, Train: 92.91%, Valid: 85.96% Test: 73.51%
Run: 07, Epoch: 15, Loss: 0.3040
Run: 07, Epoch: 16, Loss: 0.3102
Run: 07, Epoch: 16, Train: 93.71%, Valid: 86.52% Test: 73.01%
Run: 07, Epoch: 17, Loss: 0.3016
Run: 07, Epoch: 18, Loss: 0.2875
Run: 07, Epoch: 18, Train: 93.57%, Valid: 87.03% Test: 73.62%
Run: 07, Epoch: 19, Loss: 0.2800
Run: 07, Epoch: 20, Loss: 0.2868
Run: 07, Epoch: 20, Train: 94.07%, Valid: 87.18% Test: 73.25%
Run 07:
Highest Train: 94.07
Highest Valid: 87.18
  Final Train: 94.07
   Final Test: 73.25
Run: 08, Epoch: 01, Loss: 1.2485
Run: 08, Epoch: 02, Loss: 0.5229
Run: 08, Epoch: 03, Loss: 0.4482
Run: 08, Epoch: 04, Loss: 0.3968
Run: 08, Epoch: 05, Loss: 0.3721
Run: 08, Epoch: 06, Loss: 0.3612
Run: 08, Epoch: 07, Loss: 0.3379
Run: 08, Epoch: 08, Loss: 0.3453
Run: 08, Epoch: 09, Loss: 0.3246
Run: 08, Epoch: 10, Loss: 0.3178
Run: 08, Epoch: 10, Train: 92.38%, Valid: 87.39% Test: 72.65%
Run: 08, Epoch: 11, Loss: 0.3169
Run: 08, Epoch: 12, Loss: 0.3067
Run: 08, Epoch: 12, Train: 93.38%, Valid: 87.13% Test: 73.19%
Run: 08, Epoch: 13, Loss: 0.3029
Run: 08, Epoch: 14, Loss: 0.2951
Run: 08, Epoch: 14, Train: 93.19%, Valid: 87.23% Test: 72.47%
Run: 08, Epoch: 15, Loss: 0.3058
Run: 08, Epoch: 16, Loss: 0.2997
Run: 08, Epoch: 16, Train: 93.16%, Valid: 87.18% Test: 72.59%
Run: 08, Epoch: 17, Loss: 0.3051
Run: 08, Epoch: 18, Loss: 0.3018
Run: 08, Epoch: 18, Train: 93.68%, Valid: 86.42% Test: 73.81%
Run: 08, Epoch: 19, Loss: 0.2896
Run: 08, Epoch: 20, Loss: 0.2864
Run: 08, Epoch: 20, Train: 93.72%, Valid: 86.57% Test: 72.86%
Run 08:
Highest Train: 93.72
Highest Valid: 87.39
  Final Train: 92.38
   Final Test: 72.65
Run: 09, Epoch: 01, Loss: 1.3316
Run: 09, Epoch: 02, Loss: 0.5390
Run: 09, Epoch: 03, Loss: 0.4369
Run: 09, Epoch: 04, Loss: 0.3834
Run: 09, Epoch: 05, Loss: 0.3757
Run: 09, Epoch: 06, Loss: 0.3517
Run: 09, Epoch: 07, Loss: 0.3355
Run: 09, Epoch: 08, Loss: 0.3492
Run: 09, Epoch: 09, Loss: 0.3191
Run: 09, Epoch: 10, Loss: 0.3155
Run: 09, Epoch: 10, Train: 92.37%, Valid: 87.03% Test: 74.20%
Run: 09, Epoch: 11, Loss: 0.3083
Run: 09, Epoch: 12, Loss: 0.2907
Run: 09, Epoch: 12, Train: 93.20%, Valid: 86.52% Test: 74.18%
Run: 09, Epoch: 13, Loss: 0.2947
Run: 09, Epoch: 14, Loss: 0.3015
Run: 09, Epoch: 14, Train: 93.36%, Valid: 87.39% Test: 73.06%
Run: 09, Epoch: 15, Loss: 0.2981
Run: 09, Epoch: 16, Loss: 0.2978
Run: 09, Epoch: 16, Train: 93.46%, Valid: 87.13% Test: 74.31%
Run: 09, Epoch: 17, Loss: 0.2863
Run: 09, Epoch: 18, Loss: 0.2896
Run: 09, Epoch: 18, Train: 93.55%, Valid: 86.88% Test: 73.06%
Run: 09, Epoch: 19, Loss: 0.3054
Run: 09, Epoch: 20, Loss: 0.3069
Run: 09, Epoch: 20, Train: 93.63%, Valid: 86.62% Test: 74.12%
Run 09:
Highest Train: 93.63
Highest Valid: 87.39
  Final Train: 93.36
   Final Test: 73.06
Run: 10, Epoch: 01, Loss: 1.3019
Run: 10, Epoch: 02, Loss: 0.5556
Run: 10, Epoch: 03, Loss: 0.4465
Run: 10, Epoch: 04, Loss: 0.3992
Run: 10, Epoch: 05, Loss: 0.3765
Run: 10, Epoch: 06, Loss: 0.3542
Run: 10, Epoch: 07, Loss: 0.3496
Run: 10, Epoch: 08, Loss: 0.3421
Run: 10, Epoch: 09, Loss: 0.3327
Run: 10, Epoch: 10, Loss: 0.3100
Run: 10, Epoch: 10, Train: 92.66%, Valid: 87.08% Test: 73.19%
Run: 10, Epoch: 11, Loss: 0.3149
Run: 10, Epoch: 12, Loss: 0.3117
Run: 10, Epoch: 12, Train: 92.66%, Valid: 87.18% Test: 73.19%
Run: 10, Epoch: 13, Loss: 0.3092
Run: 10, Epoch: 14, Loss: 0.3168
Run: 10, Epoch: 14, Train: 92.83%, Valid: 87.03% Test: 73.62%
Run: 10, Epoch: 15, Loss: 0.3093
Run: 10, Epoch: 16, Loss: 0.3476
Run: 10, Epoch: 16, Train: 93.03%, Valid: 86.98% Test: 73.37%
Run: 10, Epoch: 17, Loss: 0.3067
Run: 10, Epoch: 18, Loss: 0.2967
Run: 10, Epoch: 18, Train: 93.74%, Valid: 87.28% Test: 73.94%
Run: 10, Epoch: 19, Loss: 0.3011
Run: 10, Epoch: 20, Loss: 0.3104
Run: 10, Epoch: 20, Train: 93.54%, Valid: 86.22% Test: 72.47%
Run 10:
Highest Train: 93.74
Highest Valid: 87.28
  Final Train: 93.74
   Final Test: 73.94
All runs:
Highest Train: 93.83 ± 0.16
Highest Valid: 87.39 ± 0.28
  Final Train: 93.42 ± 0.48
   Final Test: 73.44 ± 0.49
