Namespace(device=0, log_steps=1, inductive=False, num_layers=3, hidden_channels=256, dropout=0.5, batch_size=20000, walk_length=3, lr=0.01, num_steps=30, epochs=20, eval_steps=2, runs=10, rsv=0.0525)
tensor([ 11772,  53354, 127854,  ...,  35703, 177569, 134429]) 10322
tensor([222340, 232877, 217134,  ..., 233437, 217274, 222015]) 2064
Run: 01, Epoch: 01, Loss: 1.3131
Run: 01, Epoch: 02, Loss: 0.5348
Run: 01, Epoch: 03, Loss: 0.4357
Run: 01, Epoch: 04, Loss: 0.3957
Run: 01, Epoch: 05, Loss: 0.3802
Run: 01, Epoch: 06, Loss: 0.3611
Run: 01, Epoch: 07, Loss: 0.3448
Run: 01, Epoch: 08, Loss: 0.3325
Run: 01, Epoch: 09, Loss: 0.3170
Run: 01, Epoch: 10, Loss: 0.3402
Run: 01, Epoch: 10, Train: 92.72%, Valid: 86.00% Test: 73.62%
Run: 01, Epoch: 11, Loss: 0.3112
Run: 01, Epoch: 12, Loss: 0.3054
Run: 01, Epoch: 12, Train: 93.07%, Valid: 86.48% Test: 72.51%
Run: 01, Epoch: 13, Loss: 0.2968
Run: 01, Epoch: 14, Loss: 0.3138
Run: 01, Epoch: 14, Train: 93.20%, Valid: 86.68% Test: 73.13%
Run: 01, Epoch: 15, Loss: 0.3305
Run: 01, Epoch: 16, Loss: 0.3031
Run: 01, Epoch: 16, Train: 93.30%, Valid: 86.00% Test: 72.41%
Run: 01, Epoch: 17, Loss: 0.3182
Run: 01, Epoch: 18, Loss: 0.2814
Run: 01, Epoch: 18, Train: 93.93%, Valid: 86.43% Test: 73.78%
Run: 01, Epoch: 19, Loss: 0.3141
Run: 01, Epoch: 20, Loss: 0.3186
Run: 01, Epoch: 20, Train: 93.63%, Valid: 86.43% Test: 72.78%
Run 01:
Highest Train: 93.93
Highest Valid: 86.68
  Final Train: 93.20
   Final Test: 73.13
Run: 02, Epoch: 01, Loss: 1.4279
Run: 02, Epoch: 02, Loss: 0.5523
Run: 02, Epoch: 03, Loss: 0.4516
Run: 02, Epoch: 04, Loss: 0.4056
Run: 02, Epoch: 05, Loss: 0.3840
Run: 02, Epoch: 06, Loss: 0.3325
Run: 02, Epoch: 07, Loss: 0.3504
Run: 02, Epoch: 08, Loss: 0.3408
Run: 02, Epoch: 09, Loss: 0.3346
Run: 02, Epoch: 10, Loss: 0.3211
Run: 02, Epoch: 10, Train: 92.63%, Valid: 86.82% Test: 72.91%
Run: 02, Epoch: 11, Loss: 0.3114
Run: 02, Epoch: 12, Loss: 0.3256
Run: 02, Epoch: 12, Train: 92.14%, Valid: 86.58% Test: 72.52%
Run: 02, Epoch: 13, Loss: 0.3191
Run: 02, Epoch: 14, Loss: 0.2984
Run: 02, Epoch: 14, Train: 93.66%, Valid: 87.02% Test: 74.06%
Run: 02, Epoch: 15, Loss: 0.2821
Run: 02, Epoch: 16, Loss: 0.2896
Run: 02, Epoch: 16, Train: 93.57%, Valid: 86.82% Test: 73.33%
Run: 02, Epoch: 17, Loss: 0.2880
Run: 02, Epoch: 18, Loss: 0.2910
Run: 02, Epoch: 18, Train: 93.71%, Valid: 88.13% Test: 73.69%
Run: 02, Epoch: 19, Loss: 0.2985
Run: 02, Epoch: 20, Loss: 0.2953
Run: 02, Epoch: 20, Train: 93.70%, Valid: 87.50% Test: 72.73%
Run 02:
Highest Train: 93.71
Highest Valid: 88.13
  Final Train: 93.71
   Final Test: 73.69
Run: 03, Epoch: 01, Loss: 1.3606
Run: 03, Epoch: 02, Loss: 0.5468
Run: 03, Epoch: 03, Loss: 0.4397
Run: 03, Epoch: 04, Loss: 0.4142
Run: 03, Epoch: 05, Loss: 0.3783
Run: 03, Epoch: 06, Loss: 0.3556
Run: 03, Epoch: 07, Loss: 0.3499
Run: 03, Epoch: 08, Loss: 0.3683
Run: 03, Epoch: 09, Loss: 0.3470
Run: 03, Epoch: 10, Loss: 0.3184
Run: 03, Epoch: 10, Train: 92.51%, Valid: 87.45% Test: 73.62%
Run: 03, Epoch: 11, Loss: 0.3407
Run: 03, Epoch: 12, Loss: 0.3320
Run: 03, Epoch: 12, Train: 92.92%, Valid: 86.34% Test: 73.49%
Run: 03, Epoch: 13, Loss: 0.3290
Run: 03, Epoch: 14, Loss: 0.3294
Run: 03, Epoch: 14, Train: 93.25%, Valid: 87.06% Test: 73.80%
Run: 03, Epoch: 15, Loss: 0.3136
Run: 03, Epoch: 16, Loss: 0.3061
Run: 03, Epoch: 16, Train: 93.34%, Valid: 87.45% Test: 73.68%
Run: 03, Epoch: 17, Loss: 0.3035
Run: 03, Epoch: 18, Loss: 0.3059
Run: 03, Epoch: 18, Train: 93.59%, Valid: 87.89% Test: 73.79%
Run: 03, Epoch: 19, Loss: 0.2976
Run: 03, Epoch: 20, Loss: 0.2941
Run: 03, Epoch: 20, Train: 94.02%, Valid: 87.89% Test: 73.50%
Run 03:
Highest Train: 94.02
Highest Valid: 87.89
  Final Train: 93.59
   Final Test: 73.79
Run: 04, Epoch: 01, Loss: 1.2993
Run: 04, Epoch: 02, Loss: 0.5320
Run: 04, Epoch: 03, Loss: 0.4585
Run: 04, Epoch: 04, Loss: 0.4065
Run: 04, Epoch: 05, Loss: 0.3817
Run: 04, Epoch: 06, Loss: 0.3534
Run: 04, Epoch: 07, Loss: 0.3345
Run: 04, Epoch: 08, Loss: 0.3464
Run: 04, Epoch: 09, Loss: 0.3437
Run: 04, Epoch: 10, Loss: 0.3162
Run: 04, Epoch: 10, Train: 92.55%, Valid: 87.21% Test: 72.84%
Run: 04, Epoch: 11, Loss: 0.3221
Run: 04, Epoch: 12, Loss: 0.3165
Run: 04, Epoch: 12, Train: 92.91%, Valid: 87.02% Test: 72.98%
Run: 04, Epoch: 13, Loss: 0.3057
Run: 04, Epoch: 14, Loss: 0.3178
Run: 04, Epoch: 14, Train: 92.91%, Valid: 86.68% Test: 73.11%
Run: 04, Epoch: 15, Loss: 0.3031
Run: 04, Epoch: 16, Loss: 0.2917
Run: 04, Epoch: 16, Train: 93.53%, Valid: 86.92% Test: 73.66%
Run: 04, Epoch: 17, Loss: 0.2855
Run: 04, Epoch: 18, Loss: 0.2999
Run: 04, Epoch: 18, Train: 94.20%, Valid: 87.45% Test: 74.09%
Run: 04, Epoch: 19, Loss: 0.2768
Run: 04, Epoch: 20, Loss: 0.2823
Run: 04, Epoch: 20, Train: 93.88%, Valid: 87.31% Test: 72.76%
Run 04:
Highest Train: 94.20
Highest Valid: 87.45
  Final Train: 94.20
   Final Test: 74.09
Run: 05, Epoch: 01, Loss: 1.2907
Run: 05, Epoch: 02, Loss: 0.5528
Run: 05, Epoch: 03, Loss: 0.4472
Run: 05, Epoch: 04, Loss: 0.4055
Run: 05, Epoch: 05, Loss: 0.3804
Run: 05, Epoch: 06, Loss: 0.3868
Run: 05, Epoch: 07, Loss: 0.3580
Run: 05, Epoch: 08, Loss: 0.3389
Run: 05, Epoch: 09, Loss: 0.3278
Run: 05, Epoch: 10, Loss: 0.3203
Run: 05, Epoch: 10, Train: 92.23%, Valid: 86.29% Test: 74.07%
Run: 05, Epoch: 11, Loss: 0.3237
Run: 05, Epoch: 12, Loss: 0.3164
Run: 05, Epoch: 12, Train: 92.54%, Valid: 86.87% Test: 73.14%
Run: 05, Epoch: 13, Loss: 0.3018
Run: 05, Epoch: 14, Loss: 0.3028
Run: 05, Epoch: 14, Train: 92.89%, Valid: 86.72% Test: 72.43%
Run: 05, Epoch: 15, Loss: 0.3139
Run: 05, Epoch: 16, Loss: 0.3211
Run: 05, Epoch: 16, Train: 93.48%, Valid: 86.72% Test: 73.67%
Run: 05, Epoch: 17, Loss: 0.3185
Run: 05, Epoch: 18, Loss: 0.3052
Run: 05, Epoch: 18, Train: 93.30%, Valid: 86.77% Test: 73.84%
Run: 05, Epoch: 19, Loss: 0.2960
Run: 05, Epoch: 20, Loss: 0.3057
Run: 05, Epoch: 20, Train: 94.12%, Valid: 86.68% Test: 73.18%
Run 05:
Highest Train: 94.12
Highest Valid: 86.87
  Final Train: 92.54
   Final Test: 73.14
Run: 06, Epoch: 01, Loss: 1.3337
Run: 06, Epoch: 02, Loss: 0.5393
Run: 06, Epoch: 03, Loss: 0.4581
Run: 06, Epoch: 04, Loss: 0.3959
Run: 06, Epoch: 05, Loss: 0.3834
Run: 06, Epoch: 06, Loss: 0.3685
Run: 06, Epoch: 07, Loss: 0.3575
Run: 06, Epoch: 08, Loss: 0.3200
Run: 06, Epoch: 09, Loss: 0.3245
Run: 06, Epoch: 10, Loss: 0.3230
Run: 06, Epoch: 10, Train: 92.81%, Valid: 85.22% Test: 72.24%
Run: 06, Epoch: 11, Loss: 0.3012
Run: 06, Epoch: 12, Loss: 0.3150
Run: 06, Epoch: 12, Train: 93.19%, Valid: 86.63% Test: 72.99%
Run: 06, Epoch: 13, Loss: 0.3021
Run: 06, Epoch: 14, Loss: 0.3062
Run: 06, Epoch: 14, Train: 93.59%, Valid: 86.53% Test: 72.59%
Run: 06, Epoch: 15, Loss: 0.2776
Run: 06, Epoch: 16, Loss: 0.3141
Run: 06, Epoch: 16, Train: 93.59%, Valid: 86.87% Test: 72.81%
Run: 06, Epoch: 17, Loss: 0.3367
Run: 06, Epoch: 18, Loss: 0.3361
Run: 06, Epoch: 18, Train: 93.43%, Valid: 87.50% Test: 73.46%
Run: 06, Epoch: 19, Loss: 0.3013
Run: 06, Epoch: 20, Loss: 0.2912
Run: 06, Epoch: 20, Train: 93.61%, Valid: 86.97% Test: 72.65%
Run 06:
Highest Train: 93.61
Highest Valid: 87.50
  Final Train: 93.43
   Final Test: 73.46
Run: 07, Epoch: 01, Loss: 1.3815
Run: 07, Epoch: 02, Loss: 0.5401
Run: 07, Epoch: 03, Loss: 0.4521
Run: 07, Epoch: 04, Loss: 0.4071
Run: 07, Epoch: 05, Loss: 0.3827
Run: 07, Epoch: 06, Loss: 0.3552
Run: 07, Epoch: 07, Loss: 0.3356
Run: 07, Epoch: 08, Loss: 0.3381
Run: 07, Epoch: 09, Loss: 0.3252
Run: 07, Epoch: 10, Loss: 0.3202
Run: 07, Epoch: 10, Train: 92.98%, Valid: 87.60% Test: 73.66%
Run: 07, Epoch: 11, Loss: 0.3034
Run: 07, Epoch: 12, Loss: 0.3003
Run: 07, Epoch: 12, Train: 93.32%, Valid: 87.16% Test: 73.44%
Run: 07, Epoch: 13, Loss: 0.2936
Run: 07, Epoch: 14, Loss: 0.3110
Run: 07, Epoch: 14, Train: 93.09%, Valid: 86.87% Test: 72.54%
Run: 07, Epoch: 15, Loss: 0.3006
Run: 07, Epoch: 16, Loss: 0.2955
Run: 07, Epoch: 16, Train: 93.92%, Valid: 87.69% Test: 72.65%
Run: 07, Epoch: 17, Loss: 0.3053
Run: 07, Epoch: 18, Loss: 0.2917
Run: 07, Epoch: 18, Train: 93.85%, Valid: 87.79% Test: 73.34%
Run: 07, Epoch: 19, Loss: 0.2890
Run: 07, Epoch: 20, Loss: 0.3069
Run: 07, Epoch: 20, Train: 93.68%, Valid: 87.26% Test: 73.34%
Run 07:
Highest Train: 93.92
Highest Valid: 87.79
  Final Train: 93.85
   Final Test: 73.34
Run: 08, Epoch: 01, Loss: 1.2495
Run: 08, Epoch: 02, Loss: 0.5232
Run: 08, Epoch: 03, Loss: 0.4477
Run: 08, Epoch: 04, Loss: 0.4124
Run: 08, Epoch: 05, Loss: 0.3788
Run: 08, Epoch: 06, Loss: 0.3628
Run: 08, Epoch: 07, Loss: 0.3408
Run: 08, Epoch: 08, Loss: 0.3478
Run: 08, Epoch: 09, Loss: 0.3234
Run: 08, Epoch: 10, Loss: 0.2974
Run: 08, Epoch: 10, Train: 92.60%, Valid: 87.26% Test: 72.95%
Run: 08, Epoch: 11, Loss: 0.3159
Run: 08, Epoch: 12, Loss: 0.3018
Run: 08, Epoch: 12, Train: 92.90%, Valid: 87.02% Test: 73.67%
Run: 08, Epoch: 13, Loss: 0.3116
Run: 08, Epoch: 14, Loss: 0.3187
Run: 08, Epoch: 14, Train: 93.09%, Valid: 87.02% Test: 72.53%
Run: 08, Epoch: 15, Loss: 0.3110
Run: 08, Epoch: 16, Loss: 0.3150
Run: 08, Epoch: 16, Train: 93.27%, Valid: 86.72% Test: 73.20%
Run: 08, Epoch: 17, Loss: 0.3246
Run: 08, Epoch: 18, Loss: 0.3210
Run: 08, Epoch: 18, Train: 93.33%, Valid: 85.85% Test: 72.65%
Run: 08, Epoch: 19, Loss: 0.2874
Run: 08, Epoch: 20, Loss: 0.2848
Run: 08, Epoch: 20, Train: 93.93%, Valid: 87.35% Test: 73.73%
Run 08:
Highest Train: 93.93
Highest Valid: 87.35
  Final Train: 93.93
   Final Test: 73.73
Run: 09, Epoch: 01, Loss: 1.3292
Run: 09, Epoch: 02, Loss: 0.5378
Run: 09, Epoch: 03, Loss: 0.4395
Run: 09, Epoch: 04, Loss: 0.3885
Run: 09, Epoch: 05, Loss: 0.3755
Run: 09, Epoch: 06, Loss: 0.3579
Run: 09, Epoch: 07, Loss: 0.3415
Run: 09, Epoch: 08, Loss: 0.3383
Run: 09, Epoch: 09, Loss: 0.3164
Run: 09, Epoch: 10, Loss: 0.3340
Run: 09, Epoch: 10, Train: 92.21%, Valid: 86.48% Test: 72.01%
Run: 09, Epoch: 11, Loss: 0.3447
Run: 09, Epoch: 12, Loss: 0.3073
Run: 09, Epoch: 12, Train: 92.88%, Valid: 86.39% Test: 73.00%
Run: 09, Epoch: 13, Loss: 0.3041
Run: 09, Epoch: 14, Loss: 0.3127
Run: 09, Epoch: 14, Train: 93.12%, Valid: 87.69% Test: 72.19%
Run: 09, Epoch: 15, Loss: 0.3039
Run: 09, Epoch: 16, Loss: 0.3165
Run: 09, Epoch: 16, Train: 93.30%, Valid: 86.87% Test: 73.27%
Run: 09, Epoch: 17, Loss: 0.3151
Run: 09, Epoch: 18, Loss: 0.2959
Run: 09, Epoch: 18, Train: 93.67%, Valid: 87.35% Test: 72.98%
Run: 09, Epoch: 19, Loss: 0.2980
Run: 09, Epoch: 20, Loss: 0.3229
Run: 09, Epoch: 20, Train: 93.97%, Valid: 87.40% Test: 74.32%
Run 09:
Highest Train: 93.97
Highest Valid: 87.69
  Final Train: 93.12
   Final Test: 72.19
Run: 10, Epoch: 01, Loss: 1.2864
Run: 10, Epoch: 02, Loss: 0.5522
Run: 10, Epoch: 03, Loss: 0.4556
Run: 10, Epoch: 04, Loss: 0.3969
Run: 10, Epoch: 05, Loss: 0.3769
Run: 10, Epoch: 06, Loss: 0.3580
Run: 10, Epoch: 07, Loss: 0.3631
Run: 10, Epoch: 08, Loss: 0.3459
Run: 10, Epoch: 09, Loss: 0.3260
Run: 10, Epoch: 10, Loss: 0.3170
Run: 10, Epoch: 10, Train: 92.56%, Valid: 87.26% Test: 72.75%
Run: 10, Epoch: 11, Loss: 0.3262
Run: 10, Epoch: 12, Loss: 0.3120
Run: 10, Epoch: 12, Train: 92.60%, Valid: 86.29% Test: 73.46%
Run: 10, Epoch: 13, Loss: 0.3106
Run: 10, Epoch: 14, Loss: 0.2899
Run: 10, Epoch: 14, Train: 93.52%, Valid: 86.68% Test: 74.38%
Run: 10, Epoch: 15, Loss: 0.2973
Run: 10, Epoch: 16, Loss: 0.3194
Run: 10, Epoch: 16, Train: 93.60%, Valid: 87.06% Test: 74.05%
Run: 10, Epoch: 17, Loss: 0.3025
Run: 10, Epoch: 18, Loss: 0.2975
Run: 10, Epoch: 18, Train: 93.82%, Valid: 86.97% Test: 73.73%
Run: 10, Epoch: 19, Loss: 0.2972
Run: 10, Epoch: 20, Loss: 0.2905
Run: 10, Epoch: 20, Train: 94.14%, Valid: 87.16% Test: 74.02%
Run 10:
Highest Train: 94.14
Highest Valid: 87.26
  Final Train: 92.56
   Final Test: 72.75
All runs:
Highest Train: 93.95 ± 0.19
Highest Valid: 87.46 ± 0.45
  Final Train: 93.41 ± 0.56
   Final Test: 73.33 ± 0.56
