Namespace(device=0, log_steps=1, inductive=False, num_layers=3, hidden_channels=256, dropout=0.5, batch_size=20000, walk_length=3, lr=0.01, num_steps=30, epochs=20, eval_steps=2, runs=10, rsv=0.0575)
tensor([ 11772,  53354, 127854,  ...,  44891, 114208,  32288]) 11305
tensor([222340, 232877, 217134,  ..., 219667, 235384, 230266]) 2261
Run: 01, Epoch: 01, Loss: 1.3164
Run: 01, Epoch: 02, Loss: 0.5380
Run: 01, Epoch: 03, Loss: 0.4376
Run: 01, Epoch: 04, Loss: 0.4009
Run: 01, Epoch: 05, Loss: 0.3882
Run: 01, Epoch: 06, Loss: 0.3672
Run: 01, Epoch: 07, Loss: 0.3471
Run: 01, Epoch: 08, Loss: 0.3321
Run: 01, Epoch: 09, Loss: 0.3288
Run: 01, Epoch: 10, Loss: 0.3444
Run: 01, Epoch: 10, Train: 92.50%, Valid: 86.47% Test: 73.57%
Run: 01, Epoch: 11, Loss: 0.3227
Run: 01, Epoch: 12, Loss: 0.3197
Run: 01, Epoch: 12, Train: 92.56%, Valid: 87.13% Test: 72.59%
Run: 01, Epoch: 13, Loss: 0.3069
Run: 01, Epoch: 14, Loss: 0.3328
Run: 01, Epoch: 14, Train: 92.86%, Valid: 86.33% Test: 73.13%
Run: 01, Epoch: 15, Loss: 0.3236
Run: 01, Epoch: 16, Loss: 0.2976
Run: 01, Epoch: 16, Train: 93.46%, Valid: 86.86% Test: 73.82%
Run: 01, Epoch: 17, Loss: 0.2930
Run: 01, Epoch: 18, Loss: 0.2900
Run: 01, Epoch: 18, Train: 93.68%, Valid: 87.09% Test: 72.94%
Run: 01, Epoch: 19, Loss: 0.3020
Run: 01, Epoch: 20, Loss: 0.2984
Run: 01, Epoch: 20, Train: 93.56%, Valid: 86.82% Test: 73.59%
Run 01:
Highest Train: 93.68
Highest Valid: 87.13
  Final Train: 92.56
   Final Test: 72.59
Run: 02, Epoch: 01, Loss: 1.4322
Run: 02, Epoch: 02, Loss: 0.5504
Run: 02, Epoch: 03, Loss: 0.4557
Run: 02, Epoch: 04, Loss: 0.4092
Run: 02, Epoch: 05, Loss: 0.3828
Run: 02, Epoch: 06, Loss: 0.3424
Run: 02, Epoch: 07, Loss: 0.3591
Run: 02, Epoch: 08, Loss: 0.3328
Run: 02, Epoch: 09, Loss: 0.3340
Run: 02, Epoch: 10, Loss: 0.3229
Run: 02, Epoch: 10, Train: 92.72%, Valid: 87.22% Test: 73.29%
Run: 02, Epoch: 11, Loss: 0.3175
Run: 02, Epoch: 12, Loss: 0.3273
Run: 02, Epoch: 12, Train: 93.04%, Valid: 87.13% Test: 72.94%
Run: 02, Epoch: 13, Loss: 0.3185
Run: 02, Epoch: 14, Loss: 0.3327
Run: 02, Epoch: 14, Train: 93.07%, Valid: 87.39% Test: 73.95%
Run: 02, Epoch: 15, Loss: 0.3082
Run: 02, Epoch: 16, Loss: 0.3104
Run: 02, Epoch: 16, Train: 93.43%, Valid: 87.09% Test: 74.00%
Run: 02, Epoch: 17, Loss: 0.3015
Run: 02, Epoch: 18, Loss: 0.2865
Run: 02, Epoch: 18, Train: 93.45%, Valid: 87.84% Test: 73.32%
Run: 02, Epoch: 19, Loss: 0.2879
Run: 02, Epoch: 20, Loss: 0.2784
Run: 02, Epoch: 20, Train: 93.90%, Valid: 87.44% Test: 73.65%
Run 02:
Highest Train: 93.90
Highest Valid: 87.84
  Final Train: 93.45
   Final Test: 73.32
Run: 03, Epoch: 01, Loss: 1.3635
Run: 03, Epoch: 02, Loss: 0.5405
Run: 03, Epoch: 03, Loss: 0.4460
Run: 03, Epoch: 04, Loss: 0.4218
Run: 03, Epoch: 05, Loss: 0.3831
Run: 03, Epoch: 06, Loss: 0.3582
Run: 03, Epoch: 07, Loss: 0.3490
Run: 03, Epoch: 08, Loss: 0.3494
Run: 03, Epoch: 09, Loss: 0.3358
Run: 03, Epoch: 10, Loss: 0.3293
Run: 03, Epoch: 10, Train: 92.30%, Valid: 87.17% Test: 74.39%
Run: 03, Epoch: 11, Loss: 0.3253
Run: 03, Epoch: 12, Loss: 0.3246
Run: 03, Epoch: 12, Train: 92.97%, Valid: 87.35% Test: 73.97%
Run: 03, Epoch: 13, Loss: 0.3161
Run: 03, Epoch: 14, Loss: 0.3145
Run: 03, Epoch: 14, Train: 93.04%, Valid: 86.55% Test: 72.41%
Run: 03, Epoch: 15, Loss: 0.3211
Run: 03, Epoch: 16, Loss: 0.3086
Run: 03, Epoch: 16, Train: 93.07%, Valid: 86.95% Test: 73.31%
Run: 03, Epoch: 17, Loss: 0.3151
Run: 03, Epoch: 18, Loss: 0.3025
Run: 03, Epoch: 18, Train: 93.37%, Valid: 87.79% Test: 74.10%
Run: 03, Epoch: 19, Loss: 0.2976
Run: 03, Epoch: 20, Loss: 0.2986
Run: 03, Epoch: 20, Train: 93.84%, Valid: 87.48% Test: 73.75%
Run 03:
Highest Train: 93.84
Highest Valid: 87.79
  Final Train: 93.37
   Final Test: 74.10
Run: 04, Epoch: 01, Loss: 1.2945
Run: 04, Epoch: 02, Loss: 0.5292
Run: 04, Epoch: 03, Loss: 0.4444
Run: 04, Epoch: 04, Loss: 0.3942
Run: 04, Epoch: 05, Loss: 0.3825
Run: 04, Epoch: 06, Loss: 0.3611
Run: 04, Epoch: 07, Loss: 0.3392
Run: 04, Epoch: 08, Loss: 0.3390
Run: 04, Epoch: 09, Loss: 0.3354
Run: 04, Epoch: 10, Loss: 0.3211
Run: 04, Epoch: 10, Train: 92.68%, Valid: 86.82% Test: 73.15%
Run: 04, Epoch: 11, Loss: 0.3138
Run: 04, Epoch: 12, Loss: 0.3037
Run: 04, Epoch: 12, Train: 93.09%, Valid: 87.35% Test: 73.03%
Run: 04, Epoch: 13, Loss: 0.2953
Run: 04, Epoch: 14, Loss: 0.3016
Run: 04, Epoch: 14, Train: 93.29%, Valid: 87.88% Test: 74.21%
Run: 04, Epoch: 15, Loss: 0.3004
Run: 04, Epoch: 16, Loss: 0.2947
Run: 04, Epoch: 16, Train: 93.82%, Valid: 87.48% Test: 73.15%
Run: 04, Epoch: 17, Loss: 0.2876
Run: 04, Epoch: 18, Loss: 0.3033
Run: 04, Epoch: 18, Train: 93.94%, Valid: 87.39% Test: 74.17%
Run: 04, Epoch: 19, Loss: 0.2872
Run: 04, Epoch: 20, Loss: 0.2939
Run: 04, Epoch: 20, Train: 93.97%, Valid: 87.39% Test: 73.11%
Run 04:
Highest Train: 93.97
Highest Valid: 87.88
  Final Train: 93.29
   Final Test: 74.21
Run: 05, Epoch: 01, Loss: 1.2874
Run: 05, Epoch: 02, Loss: 0.5393
Run: 05, Epoch: 03, Loss: 0.4468
Run: 05, Epoch: 04, Loss: 0.4037
Run: 05, Epoch: 05, Loss: 0.3848
Run: 05, Epoch: 06, Loss: 0.3732
Run: 05, Epoch: 07, Loss: 0.3442
Run: 05, Epoch: 08, Loss: 0.3554
Run: 05, Epoch: 09, Loss: 0.3394
Run: 05, Epoch: 10, Loss: 0.3313
Run: 05, Epoch: 10, Train: 92.14%, Valid: 86.64% Test: 74.05%
Run: 05, Epoch: 11, Loss: 0.3258
Run: 05, Epoch: 12, Loss: 0.3100
Run: 05, Epoch: 12, Train: 92.45%, Valid: 87.13% Test: 72.38%
Run: 05, Epoch: 13, Loss: 0.3095
Run: 05, Epoch: 14, Loss: 0.2978
Run: 05, Epoch: 14, Train: 93.49%, Valid: 87.17% Test: 73.66%
Run: 05, Epoch: 15, Loss: 0.2964
Run: 05, Epoch: 16, Loss: 0.2939
Run: 05, Epoch: 16, Train: 93.71%, Valid: 86.78% Test: 74.01%
Run: 05, Epoch: 17, Loss: 0.2962
Run: 05, Epoch: 18, Loss: 0.2791
Run: 05, Epoch: 18, Train: 93.60%, Valid: 87.04% Test: 73.78%
Run: 05, Epoch: 19, Loss: 0.2763
Run: 05, Epoch: 20, Loss: 0.2808
Run: 05, Epoch: 20, Train: 94.37%, Valid: 87.53% Test: 73.09%
Run 05:
Highest Train: 94.37
Highest Valid: 87.53
  Final Train: 94.37
   Final Test: 73.09
Run: 06, Epoch: 01, Loss: 1.3348
Run: 06, Epoch: 02, Loss: 0.5450
Run: 06, Epoch: 03, Loss: 0.4622
Run: 06, Epoch: 04, Loss: 0.3968
Run: 06, Epoch: 05, Loss: 0.3818
Run: 06, Epoch: 06, Loss: 0.3698
Run: 06, Epoch: 07, Loss: 0.3592
Run: 06, Epoch: 08, Loss: 0.3346
Run: 06, Epoch: 09, Loss: 0.3421
Run: 06, Epoch: 10, Loss: 0.3326
Run: 06, Epoch: 10, Train: 92.63%, Valid: 85.58% Test: 72.09%
Run: 06, Epoch: 11, Loss: 0.3161
Run: 06, Epoch: 12, Loss: 0.3303
Run: 06, Epoch: 12, Train: 93.06%, Valid: 86.82% Test: 73.69%
Run: 06, Epoch: 13, Loss: 0.3179
Run: 06, Epoch: 14, Loss: 0.3240
Run: 06, Epoch: 14, Train: 93.33%, Valid: 86.86% Test: 72.29%
Run: 06, Epoch: 15, Loss: 0.2958
Run: 06, Epoch: 16, Loss: 0.3044
Run: 06, Epoch: 16, Train: 93.29%, Valid: 87.00% Test: 72.63%
Run: 06, Epoch: 17, Loss: 0.3042
Run: 06, Epoch: 18, Loss: 0.3114
Run: 06, Epoch: 18, Train: 93.55%, Valid: 86.73% Test: 72.70%
Run: 06, Epoch: 19, Loss: 0.2934
Run: 06, Epoch: 20, Loss: 0.2800
Run: 06, Epoch: 20, Train: 93.52%, Valid: 86.38% Test: 73.10%
Run 06:
Highest Train: 93.55
Highest Valid: 87.00
  Final Train: 93.29
   Final Test: 72.63
Run: 07, Epoch: 01, Loss: 1.3835
Run: 07, Epoch: 02, Loss: 0.5375
Run: 07, Epoch: 03, Loss: 0.4590
Run: 07, Epoch: 04, Loss: 0.4036
Run: 07, Epoch: 05, Loss: 0.3717
Run: 07, Epoch: 06, Loss: 0.3621
Run: 07, Epoch: 07, Loss: 0.3459
Run: 07, Epoch: 08, Loss: 0.3428
Run: 07, Epoch: 09, Loss: 0.3448
Run: 07, Epoch: 10, Loss: 0.3419
Run: 07, Epoch: 10, Train: 91.99%, Valid: 86.95% Test: 74.19%
Run: 07, Epoch: 11, Loss: 0.3209
Run: 07, Epoch: 12, Loss: 0.3065
Run: 07, Epoch: 12, Train: 93.00%, Valid: 87.53% Test: 74.58%
Run: 07, Epoch: 13, Loss: 0.2893
Run: 07, Epoch: 14, Loss: 0.3067
Run: 07, Epoch: 14, Train: 93.18%, Valid: 86.95% Test: 73.44%
Run: 07, Epoch: 15, Loss: 0.3018
Run: 07, Epoch: 16, Loss: 0.3031
Run: 07, Epoch: 16, Train: 93.51%, Valid: 87.44% Test: 72.87%
Run: 07, Epoch: 17, Loss: 0.2952
Run: 07, Epoch: 18, Loss: 0.2877
Run: 07, Epoch: 18, Train: 93.63%, Valid: 87.31% Test: 74.22%
Run: 07, Epoch: 19, Loss: 0.2724
Run: 07, Epoch: 20, Loss: 0.2896
Run: 07, Epoch: 20, Train: 93.89%, Valid: 86.64% Test: 73.61%
Run 07:
Highest Train: 93.89
Highest Valid: 87.53
  Final Train: 93.00
   Final Test: 74.58
Run: 08, Epoch: 01, Loss: 1.2518
Run: 08, Epoch: 02, Loss: 0.5317
Run: 08, Epoch: 03, Loss: 0.4481
Run: 08, Epoch: 04, Loss: 0.4092
Run: 08, Epoch: 05, Loss: 0.3800
Run: 08, Epoch: 06, Loss: 0.3722
Run: 08, Epoch: 07, Loss: 0.3408
Run: 08, Epoch: 08, Loss: 0.3536
Run: 08, Epoch: 09, Loss: 0.3237
Run: 08, Epoch: 10, Loss: 0.3063
Run: 08, Epoch: 10, Train: 92.70%, Valid: 87.70% Test: 73.07%
Run: 08, Epoch: 11, Loss: 0.3221
Run: 08, Epoch: 12, Loss: 0.3094
Run: 08, Epoch: 12, Train: 92.62%, Valid: 87.62% Test: 72.74%
Run: 08, Epoch: 13, Loss: 0.3165
Run: 08, Epoch: 14, Loss: 0.3142
Run: 08, Epoch: 14, Train: 93.09%, Valid: 86.69% Test: 73.28%
Run: 08, Epoch: 15, Loss: 0.3090
Run: 08, Epoch: 16, Loss: 0.3144
Run: 08, Epoch: 16, Train: 93.41%, Valid: 86.64% Test: 74.03%
Run: 08, Epoch: 17, Loss: 0.3133
Run: 08, Epoch: 18, Loss: 0.3240
Run: 08, Epoch: 18, Train: 93.06%, Valid: 86.86% Test: 73.06%
Run: 08, Epoch: 19, Loss: 0.2907
Run: 08, Epoch: 20, Loss: 0.2898
Run: 08, Epoch: 20, Train: 93.77%, Valid: 87.39% Test: 73.65%
Run 08:
Highest Train: 93.77
Highest Valid: 87.70
  Final Train: 92.70
   Final Test: 73.07
Run: 09, Epoch: 01, Loss: 1.3273
Run: 09, Epoch: 02, Loss: 0.5310
Run: 09, Epoch: 03, Loss: 0.4348
Run: 09, Epoch: 04, Loss: 0.3960
Run: 09, Epoch: 05, Loss: 0.3842
Run: 09, Epoch: 06, Loss: 0.3529
Run: 09, Epoch: 07, Loss: 0.3406
Run: 09, Epoch: 08, Loss: 0.3419
Run: 09, Epoch: 09, Loss: 0.3192
Run: 09, Epoch: 10, Loss: 0.3226
Run: 09, Epoch: 10, Train: 92.55%, Valid: 87.88% Test: 74.11%
Run: 09, Epoch: 11, Loss: 0.3138
Run: 09, Epoch: 12, Loss: 0.3018
Run: 09, Epoch: 12, Train: 92.63%, Valid: 87.00% Test: 73.84%
Run: 09, Epoch: 13, Loss: 0.3033
Run: 09, Epoch: 14, Loss: 0.3128
Run: 09, Epoch: 14, Train: 93.07%, Valid: 87.22% Test: 73.61%
Run: 09, Epoch: 15, Loss: 0.3140
Run: 09, Epoch: 16, Loss: 0.3005
Run: 09, Epoch: 16, Train: 93.39%, Valid: 87.26% Test: 73.61%
Run: 09, Epoch: 17, Loss: 0.2893
Run: 09, Epoch: 18, Loss: 0.3001
Run: 09, Epoch: 18, Train: 93.61%, Valid: 87.88% Test: 72.60%
Run: 09, Epoch: 19, Loss: 0.3019
Run: 09, Epoch: 20, Loss: 0.3107
Run: 09, Epoch: 20, Train: 93.89%, Valid: 87.17% Test: 73.48%
Run 09:
Highest Train: 93.89
Highest Valid: 87.88
  Final Train: 92.55
   Final Test: 74.11
Run: 10, Epoch: 01, Loss: 1.3151
Run: 10, Epoch: 02, Loss: 0.5526
Run: 10, Epoch: 03, Loss: 0.4523
Run: 10, Epoch: 04, Loss: 0.3926
Run: 10, Epoch: 05, Loss: 0.3760
Run: 10, Epoch: 06, Loss: 0.3603
Run: 10, Epoch: 07, Loss: 0.3650
Run: 10, Epoch: 08, Loss: 0.3465
Run: 10, Epoch: 09, Loss: 0.3322
Run: 10, Epoch: 10, Loss: 0.3138
Run: 10, Epoch: 10, Train: 92.37%, Valid: 86.73% Test: 73.14%
Run: 10, Epoch: 11, Loss: 0.3227
Run: 10, Epoch: 12, Loss: 0.3028
Run: 10, Epoch: 12, Train: 92.57%, Valid: 86.47% Test: 72.82%
Run: 10, Epoch: 13, Loss: 0.3121
Run: 10, Epoch: 14, Loss: 0.3006
Run: 10, Epoch: 14, Train: 93.32%, Valid: 87.48% Test: 73.64%
Run: 10, Epoch: 15, Loss: 0.3377
Run: 10, Epoch: 16, Loss: 0.3545
Run: 10, Epoch: 16, Train: 93.00%, Valid: 87.62% Test: 73.60%
Run: 10, Epoch: 17, Loss: 0.3383
Run: 10, Epoch: 18, Loss: 0.3140
Run: 10, Epoch: 18, Train: 93.35%, Valid: 87.13% Test: 73.95%
Run: 10, Epoch: 19, Loss: 0.3314
Run: 10, Epoch: 20, Loss: 0.3172
Run: 10, Epoch: 20, Train: 93.36%, Valid: 86.64% Test: 73.21%
Run 10:
Highest Train: 93.36
Highest Valid: 87.62
  Final Train: 93.00
   Final Test: 73.60
All runs:
Highest Train: 93.82 ± 0.27
Highest Valid: 87.59 ± 0.31
  Final Train: 93.16 ± 0.54
   Final Test: 73.53 ± 0.70
