Namespace(device=0, log_steps=1, inductive=False, num_layers=3, hidden_channels=256, dropout=0.5, batch_size=20000, walk_length=3, lr=0.01, num_steps=30, epochs=20, eval_steps=2, runs=10, rsv=0.055)
tensor([ 11772,  53354, 127854,  ...,  66696,  53377,  42367]) 10813
tensor([222340, 232877, 217134,  ..., 230784, 209012, 213264]) 2162
Run: 01, Epoch: 01, Loss: 1.3068
Run: 01, Epoch: 02, Loss: 0.5376
Run: 01, Epoch: 03, Loss: 0.4334
Run: 01, Epoch: 04, Loss: 0.4033
Run: 01, Epoch: 05, Loss: 0.3840
Run: 01, Epoch: 06, Loss: 0.3702
Run: 01, Epoch: 07, Loss: 0.3498
Run: 01, Epoch: 08, Loss: 0.3376
Run: 01, Epoch: 09, Loss: 0.3298
Run: 01, Epoch: 10, Loss: 0.3330
Run: 01, Epoch: 10, Train: 92.56%, Valid: 86.63% Test: 73.05%
Run: 01, Epoch: 11, Loss: 0.3164
Run: 01, Epoch: 12, Loss: 0.3413
Run: 01, Epoch: 12, Train: 92.55%, Valid: 86.68% Test: 73.02%
Run: 01, Epoch: 13, Loss: 0.3085
Run: 01, Epoch: 14, Loss: 0.3532
Run: 01, Epoch: 14, Train: 92.79%, Valid: 86.86% Test: 72.71%
Run: 01, Epoch: 15, Loss: 0.3265
Run: 01, Epoch: 16, Loss: 0.3172
Run: 01, Epoch: 16, Train: 93.45%, Valid: 87.14% Test: 72.56%
Run: 01, Epoch: 17, Loss: 0.3412
Run: 01, Epoch: 18, Loss: 0.3074
Run: 01, Epoch: 18, Train: 93.41%, Valid: 87.28% Test: 73.38%
Run: 01, Epoch: 19, Loss: 0.3132
Run: 01, Epoch: 20, Loss: 0.3274
Run: 01, Epoch: 20, Train: 93.86%, Valid: 86.82% Test: 73.30%
Run 01:
Highest Train: 93.86
Highest Valid: 87.28
  Final Train: 93.41
   Final Test: 73.38
Run: 02, Epoch: 01, Loss: 1.4312
Run: 02, Epoch: 02, Loss: 0.5551
Run: 02, Epoch: 03, Loss: 0.4511
Run: 02, Epoch: 04, Loss: 0.4033
Run: 02, Epoch: 05, Loss: 0.3817
Run: 02, Epoch: 06, Loss: 0.3400
Run: 02, Epoch: 07, Loss: 0.3441
Run: 02, Epoch: 08, Loss: 0.3375
Run: 02, Epoch: 09, Loss: 0.3304
Run: 02, Epoch: 10, Loss: 0.3173
Run: 02, Epoch: 10, Train: 92.50%, Valid: 86.82% Test: 72.66%
Run: 02, Epoch: 11, Loss: 0.3126
Run: 02, Epoch: 12, Loss: 0.3196
Run: 02, Epoch: 12, Train: 92.68%, Valid: 87.14% Test: 72.99%
Run: 02, Epoch: 13, Loss: 0.3165
Run: 02, Epoch: 14, Loss: 0.3094
Run: 02, Epoch: 14, Train: 93.36%, Valid: 86.82% Test: 74.08%
Run: 02, Epoch: 15, Loss: 0.2969
Run: 02, Epoch: 16, Loss: 0.3224
Run: 02, Epoch: 16, Train: 93.05%, Valid: 86.22% Test: 72.99%
Run: 02, Epoch: 17, Loss: 0.3207
Run: 02, Epoch: 18, Loss: 0.3136
Run: 02, Epoch: 18, Train: 93.53%, Valid: 87.56% Test: 73.53%
Run: 02, Epoch: 19, Loss: 0.3105
Run: 02, Epoch: 20, Loss: 0.2944
Run: 02, Epoch: 20, Train: 93.28%, Valid: 86.91% Test: 73.18%
Run 02:
Highest Train: 93.53
Highest Valid: 87.56
  Final Train: 93.53
   Final Test: 73.53
Run: 03, Epoch: 01, Loss: 1.3639
Run: 03, Epoch: 02, Loss: 0.5525
Run: 03, Epoch: 03, Loss: 0.4443
Run: 03, Epoch: 04, Loss: 0.4205
Run: 03, Epoch: 05, Loss: 0.3851
Run: 03, Epoch: 06, Loss: 0.3560
Run: 03, Epoch: 07, Loss: 0.3513
Run: 03, Epoch: 08, Loss: 0.3493
Run: 03, Epoch: 09, Loss: 0.3297
Run: 03, Epoch: 10, Loss: 0.3170
Run: 03, Epoch: 10, Train: 92.46%, Valid: 86.91% Test: 73.32%
Run: 03, Epoch: 11, Loss: 0.3277
Run: 03, Epoch: 12, Loss: 0.3412
Run: 03, Epoch: 12, Train: 92.49%, Valid: 86.59% Test: 73.72%
Run: 03, Epoch: 13, Loss: 0.3136
Run: 03, Epoch: 14, Loss: 0.3373
Run: 03, Epoch: 14, Train: 92.96%, Valid: 87.10% Test: 72.90%
Run: 03, Epoch: 15, Loss: 0.3206
Run: 03, Epoch: 16, Loss: 0.3128
Run: 03, Epoch: 16, Train: 93.13%, Valid: 87.10% Test: 72.66%
Run: 03, Epoch: 17, Loss: 0.3125
Run: 03, Epoch: 18, Loss: 0.2937
Run: 03, Epoch: 18, Train: 93.51%, Valid: 87.28% Test: 73.02%
Run: 03, Epoch: 19, Loss: 0.3022
Run: 03, Epoch: 20, Loss: 0.3035
Run: 03, Epoch: 20, Train: 93.85%, Valid: 86.86% Test: 73.97%
Run 03:
Highest Train: 93.85
Highest Valid: 87.28
  Final Train: 93.51
   Final Test: 73.02
Run: 04, Epoch: 01, Loss: 1.2938
Run: 04, Epoch: 02, Loss: 0.5321
Run: 04, Epoch: 03, Loss: 0.4574
Run: 04, Epoch: 04, Loss: 0.4001
Run: 04, Epoch: 05, Loss: 0.3796
Run: 04, Epoch: 06, Loss: 0.3575
Run: 04, Epoch: 07, Loss: 0.3296
Run: 04, Epoch: 08, Loss: 0.3412
Run: 04, Epoch: 09, Loss: 0.3448
Run: 04, Epoch: 10, Loss: 0.3281
Run: 04, Epoch: 10, Train: 92.66%, Valid: 87.05% Test: 72.90%
Run: 04, Epoch: 11, Loss: 0.3144
Run: 04, Epoch: 12, Loss: 0.3114
Run: 04, Epoch: 12, Train: 93.13%, Valid: 87.05% Test: 73.05%
Run: 04, Epoch: 13, Loss: 0.3089
Run: 04, Epoch: 14, Loss: 0.3149
Run: 04, Epoch: 14, Train: 93.13%, Valid: 87.28% Test: 72.56%
Run: 04, Epoch: 15, Loss: 0.3018
Run: 04, Epoch: 16, Loss: 0.2992
Run: 04, Epoch: 16, Train: 93.32%, Valid: 86.59% Test: 73.37%
Run: 04, Epoch: 17, Loss: 0.2897
Run: 04, Epoch: 18, Loss: 0.3193
Run: 04, Epoch: 18, Train: 93.64%, Valid: 86.96% Test: 74.68%
Run: 04, Epoch: 19, Loss: 0.3010
Run: 04, Epoch: 20, Loss: 0.2959
Run: 04, Epoch: 20, Train: 93.31%, Valid: 86.86% Test: 72.53%
Run 04:
Highest Train: 93.64
Highest Valid: 87.28
  Final Train: 93.13
   Final Test: 72.56
Run: 05, Epoch: 01, Loss: 1.2869
Run: 05, Epoch: 02, Loss: 0.5466
Run: 05, Epoch: 03, Loss: 0.4512
Run: 05, Epoch: 04, Loss: 0.4068
Run: 05, Epoch: 05, Loss: 0.3824
Run: 05, Epoch: 06, Loss: 0.3687
Run: 05, Epoch: 07, Loss: 0.3458
Run: 05, Epoch: 08, Loss: 0.3392
Run: 05, Epoch: 09, Loss: 0.3321
Run: 05, Epoch: 10, Loss: 0.3259
Run: 05, Epoch: 10, Train: 92.05%, Valid: 86.82% Test: 73.28%
Run: 05, Epoch: 11, Loss: 0.3433
Run: 05, Epoch: 12, Loss: 0.3239
Run: 05, Epoch: 12, Train: 92.23%, Valid: 87.05% Test: 72.75%
Run: 05, Epoch: 13, Loss: 0.3126
Run: 05, Epoch: 14, Loss: 0.3126
Run: 05, Epoch: 14, Train: 92.72%, Valid: 86.59% Test: 72.61%
Run: 05, Epoch: 15, Loss: 0.3214
Run: 05, Epoch: 16, Loss: 0.2950
Run: 05, Epoch: 16, Train: 93.20%, Valid: 86.91% Test: 73.63%
Run: 05, Epoch: 17, Loss: 0.3021
Run: 05, Epoch: 18, Loss: 0.3016
Run: 05, Epoch: 18, Train: 93.14%, Valid: 87.14% Test: 74.06%
Run: 05, Epoch: 19, Loss: 0.2865
Run: 05, Epoch: 20, Loss: 0.2965
Run: 05, Epoch: 20, Train: 93.84%, Valid: 87.74% Test: 73.39%
Run 05:
Highest Train: 93.84
Highest Valid: 87.74
  Final Train: 93.84
   Final Test: 73.39
Run: 06, Epoch: 01, Loss: 1.3353
Run: 06, Epoch: 02, Loss: 0.5409
Run: 06, Epoch: 03, Loss: 0.4654
Run: 06, Epoch: 04, Loss: 0.3972
Run: 06, Epoch: 05, Loss: 0.3801
Run: 06, Epoch: 06, Loss: 0.3647
Run: 06, Epoch: 07, Loss: 0.3614
Run: 06, Epoch: 08, Loss: 0.3406
Run: 06, Epoch: 09, Loss: 0.3286
Run: 06, Epoch: 10, Loss: 0.3233
Run: 06, Epoch: 10, Train: 92.62%, Valid: 86.40% Test: 72.47%
Run: 06, Epoch: 11, Loss: 0.3030
Run: 06, Epoch: 12, Loss: 0.3317
Run: 06, Epoch: 12, Train: 92.95%, Valid: 87.47% Test: 73.46%
Run: 06, Epoch: 13, Loss: 0.3126
Run: 06, Epoch: 14, Loss: 0.3165
Run: 06, Epoch: 14, Train: 93.14%, Valid: 87.51% Test: 72.73%
Run: 06, Epoch: 15, Loss: 0.3197
Run: 06, Epoch: 16, Loss: 0.3153
Run: 06, Epoch: 16, Train: 93.58%, Valid: 87.88% Test: 73.47%
Run: 06, Epoch: 17, Loss: 0.3003
Run: 06, Epoch: 18, Loss: 0.3074
Run: 06, Epoch: 18, Train: 93.66%, Valid: 87.70% Test: 73.40%
Run: 06, Epoch: 19, Loss: 0.3001
Run: 06, Epoch: 20, Loss: 0.2928
Run: 06, Epoch: 20, Train: 93.44%, Valid: 87.56% Test: 72.85%
Run 06:
Highest Train: 93.66
Highest Valid: 87.88
  Final Train: 93.58
   Final Test: 73.47
Run: 07, Epoch: 01, Loss: 1.3819
Run: 07, Epoch: 02, Loss: 0.5338
Run: 07, Epoch: 03, Loss: 0.4558
Run: 07, Epoch: 04, Loss: 0.4037
Run: 07, Epoch: 05, Loss: 0.3775
Run: 07, Epoch: 06, Loss: 0.3542
Run: 07, Epoch: 07, Loss: 0.3395
Run: 07, Epoch: 08, Loss: 0.3566
Run: 07, Epoch: 09, Loss: 0.3346
Run: 07, Epoch: 10, Loss: 0.3444
Run: 07, Epoch: 10, Train: 92.28%, Valid: 87.05% Test: 72.87%
Run: 07, Epoch: 11, Loss: 0.3360
Run: 07, Epoch: 12, Loss: 0.3162
Run: 07, Epoch: 12, Train: 92.74%, Valid: 87.60% Test: 74.03%
Run: 07, Epoch: 13, Loss: 0.3032
Run: 07, Epoch: 14, Loss: 0.2998
Run: 07, Epoch: 14, Train: 92.94%, Valid: 86.49% Test: 72.94%
Run: 07, Epoch: 15, Loss: 0.2994
Run: 07, Epoch: 16, Loss: 0.2921
Run: 07, Epoch: 16, Train: 93.81%, Valid: 86.54% Test: 73.26%
Run: 07, Epoch: 17, Loss: 0.2989
Run: 07, Epoch: 18, Loss: 0.2918
Run: 07, Epoch: 18, Train: 93.57%, Valid: 87.05% Test: 73.16%
Run: 07, Epoch: 19, Loss: 0.2776
Run: 07, Epoch: 20, Loss: 0.2855
Run: 07, Epoch: 20, Train: 93.79%, Valid: 87.93% Test: 73.00%
Run 07:
Highest Train: 93.81
Highest Valid: 87.93
  Final Train: 93.79
   Final Test: 73.00
Run: 08, Epoch: 01, Loss: 1.2456
Run: 08, Epoch: 02, Loss: 0.5248
Run: 08, Epoch: 03, Loss: 0.4459
Run: 08, Epoch: 04, Loss: 0.4031
Run: 08, Epoch: 05, Loss: 0.3762
Run: 08, Epoch: 06, Loss: 0.3688
Run: 08, Epoch: 07, Loss: 0.3394
Run: 08, Epoch: 08, Loss: 0.3457
Run: 08, Epoch: 09, Loss: 0.3170
Run: 08, Epoch: 10, Loss: 0.3056
Run: 08, Epoch: 10, Train: 92.41%, Valid: 87.33% Test: 72.42%
Run: 08, Epoch: 11, Loss: 0.3189
Run: 08, Epoch: 12, Loss: 0.3187
Run: 08, Epoch: 12, Train: 92.77%, Valid: 87.05% Test: 73.07%
Run: 08, Epoch: 13, Loss: 0.3898
Run: 08, Epoch: 14, Loss: 0.3337
Run: 08, Epoch: 14, Train: 92.86%, Valid: 87.28% Test: 73.16%
Run: 08, Epoch: 15, Loss: 0.3418
Run: 08, Epoch: 16, Loss: 0.3163
Run: 08, Epoch: 16, Train: 93.03%, Valid: 86.59% Test: 72.97%
Run: 08, Epoch: 17, Loss: 0.3364
Run: 08, Epoch: 18, Loss: 0.3378
Run: 08, Epoch: 18, Train: 92.95%, Valid: 86.63% Test: 73.22%
Run: 08, Epoch: 19, Loss: 0.2942
Run: 08, Epoch: 20, Loss: 0.2929
Run: 08, Epoch: 20, Train: 93.54%, Valid: 87.37% Test: 73.33%
Run 08:
Highest Train: 93.54
Highest Valid: 87.37
  Final Train: 93.54
   Final Test: 73.33
Run: 09, Epoch: 01, Loss: 1.3333
Run: 09, Epoch: 02, Loss: 0.5317
Run: 09, Epoch: 03, Loss: 0.4381
Run: 09, Epoch: 04, Loss: 0.3921
Run: 09, Epoch: 05, Loss: 0.3797
Run: 09, Epoch: 06, Loss: 0.3676
Run: 09, Epoch: 07, Loss: 0.3400
Run: 09, Epoch: 08, Loss: 0.3375
Run: 09, Epoch: 09, Loss: 0.3126
Run: 09, Epoch: 10, Loss: 0.3238
Run: 09, Epoch: 10, Train: 92.42%, Valid: 87.23% Test: 73.21%
Run: 09, Epoch: 11, Loss: 0.3232
Run: 09, Epoch: 12, Loss: 0.2965
Run: 09, Epoch: 12, Train: 92.65%, Valid: 86.77% Test: 73.79%
Run: 09, Epoch: 13, Loss: 0.2912
Run: 09, Epoch: 14, Loss: 0.3004
Run: 09, Epoch: 14, Train: 93.47%, Valid: 87.97% Test: 72.79%
Run: 09, Epoch: 15, Loss: 0.2990
Run: 09, Epoch: 16, Loss: 0.3069
Run: 09, Epoch: 16, Train: 93.57%, Valid: 86.91% Test: 73.77%
Run: 09, Epoch: 17, Loss: 0.2813
Run: 09, Epoch: 18, Loss: 0.2872
Run: 09, Epoch: 18, Train: 93.84%, Valid: 87.14% Test: 72.61%
Run: 09, Epoch: 19, Loss: 0.2923
Run: 09, Epoch: 20, Loss: 0.3043
Run: 09, Epoch: 20, Train: 93.99%, Valid: 87.14% Test: 73.99%
Run 09:
Highest Train: 93.99
Highest Valid: 87.97
  Final Train: 93.47
   Final Test: 72.79
Run: 10, Epoch: 01, Loss: 1.3007
Run: 10, Epoch: 02, Loss: 0.5583
Run: 10, Epoch: 03, Loss: 0.4566
Run: 10, Epoch: 04, Loss: 0.3939
Run: 10, Epoch: 05, Loss: 0.3730
Run: 10, Epoch: 06, Loss: 0.3507
Run: 10, Epoch: 07, Loss: 0.3526
Run: 10, Epoch: 08, Loss: 0.3430
Run: 10, Epoch: 09, Loss: 0.3376
Run: 10, Epoch: 10, Loss: 0.3143
Run: 10, Epoch: 10, Train: 92.27%, Valid: 87.14% Test: 72.74%
Run: 10, Epoch: 11, Loss: 0.3187
Run: 10, Epoch: 12, Loss: 0.2933
Run: 10, Epoch: 12, Train: 92.69%, Valid: 86.54% Test: 72.91%
Run: 10, Epoch: 13, Loss: 0.2933
Run: 10, Epoch: 14, Loss: 0.2888
Run: 10, Epoch: 14, Train: 93.32%, Valid: 86.77% Test: 73.01%
Run: 10, Epoch: 15, Loss: 0.3087
Run: 10, Epoch: 16, Loss: 0.3206
Run: 10, Epoch: 16, Train: 93.10%, Valid: 86.36% Test: 72.63%
Run: 10, Epoch: 17, Loss: 0.3111
Run: 10, Epoch: 18, Loss: 0.3131
Run: 10, Epoch: 18, Train: 93.34%, Valid: 86.59% Test: 73.00%
Run: 10, Epoch: 19, Loss: 0.3256
Run: 10, Epoch: 20, Loss: 0.3110
Run: 10, Epoch: 20, Train: 93.82%, Valid: 86.82% Test: 72.96%
Run 10:
Highest Train: 93.82
Highest Valid: 87.14
  Final Train: 92.27
   Final Test: 72.74
All runs:
Highest Train: 93.75 ± 0.15
Highest Valid: 87.54 ± 0.31
  Final Train: 93.41 ± 0.45
   Final Test: 73.12 ± 0.34
