Namespace(device=0, log_steps=1, inductive=False, num_layers=3, hidden_channels=256, dropout=0.5, batch_size=20000, walk_length=3, lr=0.01, num_steps=30, epochs=20, eval_steps=2, runs=10, rsv=0.0625)
tensor([ 11772,  53354, 127854,  ..., 156563,  99078, 115652]) 12288
tensor([222340, 232877, 217134,  ..., 230499, 218512, 232742]) 2457
Run: 01, Epoch: 01, Loss: 1.3186
Run: 01, Epoch: 02, Loss: 0.5380
Run: 01, Epoch: 03, Loss: 0.4461
Run: 01, Epoch: 04, Loss: 0.3995
Run: 01, Epoch: 05, Loss: 0.4079
Run: 01, Epoch: 06, Loss: 0.3744
Run: 01, Epoch: 07, Loss: 0.3444
Run: 01, Epoch: 08, Loss: 0.3378
Run: 01, Epoch: 09, Loss: 0.3323
Run: 01, Epoch: 10, Loss: 0.3369
Run: 01, Epoch: 10, Train: 92.42%, Valid: 87.63% Test: 73.89%
Run: 01, Epoch: 11, Loss: 0.3306
Run: 01, Epoch: 12, Loss: 0.3379
Run: 01, Epoch: 12, Train: 92.42%, Valid: 87.67% Test: 73.34%
Run: 01, Epoch: 13, Loss: 0.3128
Run: 01, Epoch: 14, Loss: 0.3231
Run: 01, Epoch: 14, Train: 92.64%, Valid: 87.42% Test: 73.08%
Run: 01, Epoch: 15, Loss: 0.3192
Run: 01, Epoch: 16, Loss: 0.3035
Run: 01, Epoch: 16, Train: 93.48%, Valid: 87.55% Test: 74.32%
Run: 01, Epoch: 17, Loss: 0.3037
Run: 01, Epoch: 18, Loss: 0.2906
Run: 01, Epoch: 18, Train: 93.66%, Valid: 87.55% Test: 73.73%
Run: 01, Epoch: 19, Loss: 0.3035
Run: 01, Epoch: 20, Loss: 0.3081
Run: 01, Epoch: 20, Train: 93.75%, Valid: 87.87% Test: 73.93%
Run 01:
Highest Train: 93.75
Highest Valid: 87.87
  Final Train: 93.75
   Final Test: 73.93
Run: 02, Epoch: 01, Loss: 1.4375
Run: 02, Epoch: 02, Loss: 0.5573
Run: 02, Epoch: 03, Loss: 0.4675
Run: 02, Epoch: 04, Loss: 0.4133
Run: 02, Epoch: 05, Loss: 0.3804
Run: 02, Epoch: 06, Loss: 0.3522
Run: 02, Epoch: 07, Loss: 0.3571
Run: 02, Epoch: 08, Loss: 0.3436
Run: 02, Epoch: 09, Loss: 0.3467
Run: 02, Epoch: 10, Loss: 0.3369
Run: 02, Epoch: 10, Train: 92.43%, Valid: 87.63% Test: 73.59%
Run: 02, Epoch: 11, Loss: 0.3206
Run: 02, Epoch: 12, Loss: 0.3209
Run: 02, Epoch: 12, Train: 92.50%, Valid: 88.07% Test: 74.29%
Run: 02, Epoch: 13, Loss: 0.3146
Run: 02, Epoch: 14, Loss: 0.3337
Run: 02, Epoch: 14, Train: 93.16%, Valid: 87.75% Test: 74.59%
Run: 02, Epoch: 15, Loss: 0.3200
Run: 02, Epoch: 16, Loss: 0.3193
Run: 02, Epoch: 16, Train: 92.97%, Valid: 88.12% Test: 74.05%
Run: 02, Epoch: 17, Loss: 0.3054
Run: 02, Epoch: 18, Loss: 0.3016
Run: 02, Epoch: 18, Train: 93.46%, Valid: 88.28% Test: 74.39%
Run: 02, Epoch: 19, Loss: 0.2977
Run: 02, Epoch: 20, Loss: 0.2965
Run: 02, Epoch: 20, Train: 93.36%, Valid: 88.03% Test: 73.49%
Run 02:
Highest Train: 93.46
Highest Valid: 88.28
  Final Train: 93.46
   Final Test: 74.39
Run: 03, Epoch: 01, Loss: 1.3701
Run: 03, Epoch: 02, Loss: 0.5511
Run: 03, Epoch: 03, Loss: 0.4501
Run: 03, Epoch: 04, Loss: 0.4190
Run: 03, Epoch: 05, Loss: 0.3867
Run: 03, Epoch: 06, Loss: 0.3658
Run: 03, Epoch: 07, Loss: 0.3595
Run: 03, Epoch: 08, Loss: 0.3470
Run: 03, Epoch: 09, Loss: 0.3503
Run: 03, Epoch: 10, Loss: 0.3379
Run: 03, Epoch: 10, Train: 92.29%, Valid: 87.75% Test: 74.70%
Run: 03, Epoch: 11, Loss: 0.3356
Run: 03, Epoch: 12, Loss: 0.3411
Run: 03, Epoch: 12, Train: 93.05%, Valid: 87.55% Test: 74.97%
Run: 03, Epoch: 13, Loss: 0.3383
Run: 03, Epoch: 14, Loss: 0.3407
Run: 03, Epoch: 14, Train: 92.59%, Valid: 87.02% Test: 73.35%
Run: 03, Epoch: 15, Loss: 0.3170
Run: 03, Epoch: 16, Loss: 0.3058
Run: 03, Epoch: 16, Train: 93.10%, Valid: 87.83% Test: 74.28%
Run: 03, Epoch: 17, Loss: 0.3014
Run: 03, Epoch: 18, Loss: 0.2947
Run: 03, Epoch: 18, Train: 93.70%, Valid: 88.36% Test: 74.75%
Run: 03, Epoch: 19, Loss: 0.2981
Run: 03, Epoch: 20, Loss: 0.2832
Run: 03, Epoch: 20, Train: 93.71%, Valid: 87.42% Test: 73.69%
Run 03:
Highest Train: 93.71
Highest Valid: 88.36
  Final Train: 93.70
   Final Test: 74.75
Run: 04, Epoch: 01, Loss: 1.2991
Run: 04, Epoch: 02, Loss: 0.5346
Run: 04, Epoch: 03, Loss: 0.4476
Run: 04, Epoch: 04, Loss: 0.4031
Run: 04, Epoch: 05, Loss: 0.3819
Run: 04, Epoch: 06, Loss: 0.3587
Run: 04, Epoch: 07, Loss: 0.3444
Run: 04, Epoch: 08, Loss: 0.3409
Run: 04, Epoch: 09, Loss: 0.3323
Run: 04, Epoch: 10, Loss: 0.3199
Run: 04, Epoch: 10, Train: 92.69%, Valid: 87.59% Test: 73.23%
Run: 04, Epoch: 11, Loss: 0.3270
Run: 04, Epoch: 12, Loss: 0.3240
Run: 04, Epoch: 12, Train: 92.86%, Valid: 87.79% Test: 73.16%
Run: 04, Epoch: 13, Loss: 0.3027
Run: 04, Epoch: 14, Loss: 0.3117
Run: 04, Epoch: 14, Train: 93.00%, Valid: 87.95% Test: 73.66%
Run: 04, Epoch: 15, Loss: 0.3084
Run: 04, Epoch: 16, Loss: 0.2970
Run: 04, Epoch: 16, Train: 93.57%, Valid: 87.91% Test: 74.01%
Run: 04, Epoch: 17, Loss: 0.3079
Run: 04, Epoch: 18, Loss: 0.3181
Run: 04, Epoch: 18, Train: 93.63%, Valid: 87.99% Test: 74.40%
Run: 04, Epoch: 19, Loss: 0.2928
Run: 04, Epoch: 20, Loss: 0.2859
Run: 04, Epoch: 20, Train: 93.74%, Valid: 87.99% Test: 74.04%
Run 04:
Highest Train: 93.74
Highest Valid: 87.99
  Final Train: 93.63
   Final Test: 74.40
Run: 05, Epoch: 01, Loss: 1.2901
Run: 05, Epoch: 02, Loss: 0.5422
Run: 05, Epoch: 03, Loss: 0.4551
Run: 05, Epoch: 04, Loss: 0.4098
Run: 05, Epoch: 05, Loss: 0.3786
Run: 05, Epoch: 06, Loss: 0.3689
Run: 05, Epoch: 07, Loss: 0.3591
Run: 05, Epoch: 08, Loss: 0.3514
Run: 05, Epoch: 09, Loss: 0.3383
Run: 05, Epoch: 10, Loss: 0.3417
Run: 05, Epoch: 10, Train: 91.89%, Valid: 87.14% Test: 73.69%
Run: 05, Epoch: 11, Loss: 0.3417
Run: 05, Epoch: 12, Loss: 0.3282
Run: 05, Epoch: 12, Train: 92.39%, Valid: 87.75% Test: 72.90%
Run: 05, Epoch: 13, Loss: 0.3203
Run: 05, Epoch: 14, Loss: 0.3120
Run: 05, Epoch: 14, Train: 92.49%, Valid: 87.79% Test: 73.70%
Run: 05, Epoch: 15, Loss: 0.3058
Run: 05, Epoch: 16, Loss: 0.3065
Run: 05, Epoch: 16, Train: 93.38%, Valid: 88.56% Test: 74.31%
Run: 05, Epoch: 17, Loss: 0.2955
Run: 05, Epoch: 18, Loss: 0.2946
Run: 05, Epoch: 18, Train: 93.37%, Valid: 88.03% Test: 74.05%
Run: 05, Epoch: 19, Loss: 0.2795
Run: 05, Epoch: 20, Loss: 0.2860
Run: 05, Epoch: 20, Train: 93.69%, Valid: 87.99% Test: 73.63%
Run 05:
Highest Train: 93.69
Highest Valid: 88.56
  Final Train: 93.38
   Final Test: 74.31
Run: 06, Epoch: 01, Loss: 1.3347
Run: 06, Epoch: 02, Loss: 0.5393
Run: 06, Epoch: 03, Loss: 0.4610
Run: 06, Epoch: 04, Loss: 0.4101
Run: 06, Epoch: 05, Loss: 0.3853
Run: 06, Epoch: 06, Loss: 0.3730
Run: 06, Epoch: 07, Loss: 0.3575
Run: 06, Epoch: 08, Loss: 0.3443
Run: 06, Epoch: 09, Loss: 0.3474
Run: 06, Epoch: 10, Loss: 0.3313
Run: 06, Epoch: 10, Train: 92.90%, Valid: 87.46% Test: 72.52%
Run: 06, Epoch: 11, Loss: 0.3081
Run: 06, Epoch: 12, Loss: 0.3225
Run: 06, Epoch: 12, Train: 92.84%, Valid: 87.83% Test: 74.26%
Run: 06, Epoch: 13, Loss: 0.3088
Run: 06, Epoch: 14, Loss: 0.3076
Run: 06, Epoch: 14, Train: 93.05%, Valid: 87.95% Test: 74.06%
Run: 06, Epoch: 15, Loss: 0.2946
Run: 06, Epoch: 16, Loss: 0.2940
Run: 06, Epoch: 16, Train: 93.65%, Valid: 88.36% Test: 74.52%
Run: 06, Epoch: 17, Loss: 0.3113
Run: 06, Epoch: 18, Loss: 0.3091
Run: 06, Epoch: 18, Train: 93.68%, Valid: 88.56% Test: 74.23%
Run: 06, Epoch: 19, Loss: 0.2941
Run: 06, Epoch: 20, Loss: 0.2772
Run: 06, Epoch: 20, Train: 93.12%, Valid: 87.91% Test: 73.72%
Run 06:
Highest Train: 93.68
Highest Valid: 88.56
  Final Train: 93.68
   Final Test: 74.23
Run: 07, Epoch: 01, Loss: 1.4050
Run: 07, Epoch: 02, Loss: 0.5462
Run: 07, Epoch: 03, Loss: 0.4680
Run: 07, Epoch: 04, Loss: 0.4058
Run: 07, Epoch: 05, Loss: 0.3834
Run: 07, Epoch: 06, Loss: 0.3710
Run: 07, Epoch: 07, Loss: 0.3524
Run: 07, Epoch: 08, Loss: 0.3448
Run: 07, Epoch: 09, Loss: 0.3400
Run: 07, Epoch: 10, Loss: 0.3337
Run: 07, Epoch: 10, Train: 92.45%, Valid: 87.79% Test: 74.58%
Run: 07, Epoch: 11, Loss: 0.3193
Run: 07, Epoch: 12, Loss: 0.3154
Run: 07, Epoch: 12, Train: 92.99%, Valid: 88.03% Test: 74.10%
Run: 07, Epoch: 13, Loss: 0.2972
Run: 07, Epoch: 14, Loss: 0.3098
Run: 07, Epoch: 14, Train: 92.88%, Valid: 87.71% Test: 73.55%
Run: 07, Epoch: 15, Loss: 0.3077
Run: 07, Epoch: 16, Loss: 0.3062
Run: 07, Epoch: 16, Train: 93.37%, Valid: 87.71% Test: 74.69%
Run: 07, Epoch: 17, Loss: 0.3014
Run: 07, Epoch: 18, Loss: 0.2920
Run: 07, Epoch: 18, Train: 93.40%, Valid: 87.83% Test: 74.31%
Run: 07, Epoch: 19, Loss: 0.2918
Run: 07, Epoch: 20, Loss: 0.2907
Run: 07, Epoch: 20, Train: 93.88%, Valid: 88.36% Test: 74.27%
Run 07:
Highest Train: 93.88
Highest Valid: 88.36
  Final Train: 93.88
   Final Test: 74.27
Run: 08, Epoch: 01, Loss: 1.2530
Run: 08, Epoch: 02, Loss: 0.5368
Run: 08, Epoch: 03, Loss: 0.4537
Run: 08, Epoch: 04, Loss: 0.4110
Run: 08, Epoch: 05, Loss: 0.3831
Run: 08, Epoch: 06, Loss: 0.3652
Run: 08, Epoch: 07, Loss: 0.3424
Run: 08, Epoch: 08, Loss: 0.3478
Run: 08, Epoch: 09, Loss: 0.3221
Run: 08, Epoch: 10, Loss: 0.3133
Run: 08, Epoch: 10, Train: 92.38%, Valid: 87.79% Test: 74.16%
Run: 08, Epoch: 11, Loss: 0.3235
Run: 08, Epoch: 12, Loss: 0.3196
Run: 08, Epoch: 12, Train: 92.68%, Valid: 87.75% Test: 73.84%
Run: 08, Epoch: 13, Loss: 0.3168
Run: 08, Epoch: 14, Loss: 0.3149
Run: 08, Epoch: 14, Train: 92.88%, Valid: 87.95% Test: 73.83%
Run: 08, Epoch: 15, Loss: 0.3009
Run: 08, Epoch: 16, Loss: 0.3002
Run: 08, Epoch: 16, Train: 93.25%, Valid: 88.07% Test: 74.36%
Run: 08, Epoch: 17, Loss: 0.3119
Run: 08, Epoch: 18, Loss: 0.3015
Run: 08, Epoch: 18, Train: 93.36%, Valid: 87.38% Test: 73.83%
Run: 08, Epoch: 19, Loss: 0.2864
Run: 08, Epoch: 20, Loss: 0.2931
Run: 08, Epoch: 20, Train: 93.73%, Valid: 87.95% Test: 74.36%
Run 08:
Highest Train: 93.73
Highest Valid: 88.07
  Final Train: 93.25
   Final Test: 74.36
Run: 09, Epoch: 01, Loss: 1.3310
Run: 09, Epoch: 02, Loss: 0.5299
Run: 09, Epoch: 03, Loss: 0.4373
Run: 09, Epoch: 04, Loss: 0.4070
Run: 09, Epoch: 05, Loss: 0.3810
Run: 09, Epoch: 06, Loss: 0.3617
Run: 09, Epoch: 07, Loss: 0.3482
Run: 09, Epoch: 08, Loss: 0.3489
Run: 09, Epoch: 09, Loss: 0.3249
Run: 09, Epoch: 10, Loss: 0.3246
Run: 09, Epoch: 10, Train: 92.49%, Valid: 87.79% Test: 74.15%
Run: 09, Epoch: 11, Loss: 0.3182
Run: 09, Epoch: 12, Loss: 0.3018
Run: 09, Epoch: 12, Train: 92.64%, Valid: 88.32% Test: 74.05%
Run: 09, Epoch: 13, Loss: 0.3037
Run: 09, Epoch: 14, Loss: 0.3200
Run: 09, Epoch: 14, Train: 92.99%, Valid: 88.12% Test: 73.64%
Run: 09, Epoch: 15, Loss: 0.3270
Run: 09, Epoch: 16, Loss: 0.3073
Run: 09, Epoch: 16, Train: 93.38%, Valid: 88.16% Test: 73.79%
Run: 09, Epoch: 17, Loss: 0.2973
Run: 09, Epoch: 18, Loss: 0.2962
Run: 09, Epoch: 18, Train: 93.30%, Valid: 87.83% Test: 73.54%
Run: 09, Epoch: 19, Loss: 0.2875
Run: 09, Epoch: 20, Loss: 0.2995
Run: 09, Epoch: 20, Train: 93.73%, Valid: 87.95% Test: 74.46%
Run 09:
Highest Train: 93.73
Highest Valid: 88.32
  Final Train: 92.64
   Final Test: 74.05
Run: 10, Epoch: 01, Loss: 1.3190
Run: 10, Epoch: 02, Loss: 0.5484
Run: 10, Epoch: 03, Loss: 0.4485
Run: 10, Epoch: 04, Loss: 0.3965
Run: 10, Epoch: 05, Loss: 0.3887
Run: 10, Epoch: 06, Loss: 0.3613
Run: 10, Epoch: 07, Loss: 0.3558
Run: 10, Epoch: 08, Loss: 0.3539
Run: 10, Epoch: 09, Loss: 0.3443
Run: 10, Epoch: 10, Loss: 0.3227
Run: 10, Epoch: 10, Train: 92.02%, Valid: 87.42% Test: 72.60%
Run: 10, Epoch: 11, Loss: 0.3270
Run: 10, Epoch: 12, Loss: 0.3061
Run: 10, Epoch: 12, Train: 92.83%, Valid: 87.30% Test: 74.50%
Run: 10, Epoch: 13, Loss: 0.3154
Run: 10, Epoch: 14, Loss: 0.3042
Run: 10, Epoch: 14, Train: 93.00%, Valid: 87.42% Test: 74.22%
Run: 10, Epoch: 15, Loss: 0.3141
Run: 10, Epoch: 16, Loss: 0.3073
Run: 10, Epoch: 16, Train: 93.38%, Valid: 87.75% Test: 74.25%
Run: 10, Epoch: 17, Loss: 0.3047
Run: 10, Epoch: 18, Loss: 0.3107
Run: 10, Epoch: 18, Train: 93.39%, Valid: 88.03% Test: 74.49%
Run: 10, Epoch: 19, Loss: 0.3035
Run: 10, Epoch: 20, Loss: 0.3025
Run: 10, Epoch: 20, Train: 93.77%, Valid: 87.46% Test: 74.16%
Run 10:
Highest Train: 93.77
Highest Valid: 88.03
  Final Train: 93.39
   Final Test: 74.49
All runs:
Highest Train: 93.71 ± 0.11
Highest Valid: 88.24 ± 0.24
  Final Train: 93.47 ± 0.35
   Final Test: 74.32 ± 0.23
