Namespace(device=0, log_steps=1, inductive=False, num_layers=3, hidden_channels=256, dropout=0.5, batch_size=20000, walk_length=3, lr=0.01, num_steps=30, epochs=20, eval_steps=2, runs=10, rsv=0.06)
tensor([ 11772,  53354, 127854,  ..., 112619, 112819, 175039]) 11796
tensor([222340, 232877, 217134,  ..., 217235, 205715, 234554]) 2359
Run: 01, Epoch: 01, Loss: 1.3165
Run: 01, Epoch: 02, Loss: 0.5363
Run: 01, Epoch: 03, Loss: 0.4423
Run: 01, Epoch: 04, Loss: 0.4038
Run: 01, Epoch: 05, Loss: 0.3911
Run: 01, Epoch: 06, Loss: 0.3715
Run: 01, Epoch: 07, Loss: 0.3520
Run: 01, Epoch: 08, Loss: 0.3439
Run: 01, Epoch: 09, Loss: 0.3442
Run: 01, Epoch: 10, Loss: 0.3485
Run: 01, Epoch: 10, Train: 92.48%, Valid: 86.39% Test: 73.65%
Run: 01, Epoch: 11, Loss: 0.3439
Run: 01, Epoch: 12, Loss: 0.3275
Run: 01, Epoch: 12, Train: 92.64%, Valid: 87.20% Test: 72.76%
Run: 01, Epoch: 13, Loss: 0.3117
Run: 01, Epoch: 14, Loss: 0.3256
Run: 01, Epoch: 14, Train: 92.84%, Valid: 86.94% Test: 72.87%
Run: 01, Epoch: 15, Loss: 0.3198
Run: 01, Epoch: 16, Loss: 0.3114
Run: 01, Epoch: 16, Train: 92.97%, Valid: 86.35% Test: 73.36%
Run: 01, Epoch: 17, Loss: 0.3292
Run: 01, Epoch: 18, Loss: 0.3028
Run: 01, Epoch: 18, Train: 93.45%, Valid: 87.16% Test: 73.32%
Run: 01, Epoch: 19, Loss: 0.3254
Run: 01, Epoch: 20, Loss: 0.3256
Run: 01, Epoch: 20, Train: 93.51%, Valid: 87.79% Test: 74.32%
Run 01:
Highest Train: 93.51
Highest Valid: 87.79
  Final Train: 93.51
   Final Test: 74.32
Run: 02, Epoch: 01, Loss: 1.4339
Run: 02, Epoch: 02, Loss: 0.5550
Run: 02, Epoch: 03, Loss: 0.4578
Run: 02, Epoch: 04, Loss: 0.4064
Run: 02, Epoch: 05, Loss: 0.3839
Run: 02, Epoch: 06, Loss: 0.3493
Run: 02, Epoch: 07, Loss: 0.3581
Run: 02, Epoch: 08, Loss: 0.3382
Run: 02, Epoch: 09, Loss: 0.3456
Run: 02, Epoch: 10, Loss: 0.3335
Run: 02, Epoch: 10, Train: 92.73%, Valid: 87.16% Test: 72.85%
Run: 02, Epoch: 11, Loss: 0.3355
Run: 02, Epoch: 12, Loss: 0.3393
Run: 02, Epoch: 12, Train: 92.76%, Valid: 87.37% Test: 73.30%
Run: 02, Epoch: 13, Loss: 0.3210
Run: 02, Epoch: 14, Loss: 0.3076
Run: 02, Epoch: 14, Train: 93.38%, Valid: 87.24% Test: 74.19%
Run: 02, Epoch: 15, Loss: 0.2926
Run: 02, Epoch: 16, Loss: 0.3018
Run: 02, Epoch: 16, Train: 93.62%, Valid: 87.83% Test: 74.19%
Run: 02, Epoch: 17, Loss: 0.3003
Run: 02, Epoch: 18, Loss: 0.2973
Run: 02, Epoch: 18, Train: 93.59%, Valid: 87.28% Test: 73.93%
Run: 02, Epoch: 19, Loss: 0.2974
Run: 02, Epoch: 20, Loss: 0.2851
Run: 02, Epoch: 20, Train: 93.54%, Valid: 87.45% Test: 73.49%
Run 02:
Highest Train: 93.62
Highest Valid: 87.83
  Final Train: 93.62
   Final Test: 74.19
Run: 03, Epoch: 01, Loss: 1.3664
Run: 03, Epoch: 02, Loss: 0.5445
Run: 03, Epoch: 03, Loss: 0.4481
Run: 03, Epoch: 04, Loss: 0.4185
Run: 03, Epoch: 05, Loss: 0.3947
Run: 03, Epoch: 06, Loss: 0.3669
Run: 03, Epoch: 07, Loss: 0.3602
Run: 03, Epoch: 08, Loss: 0.3606
Run: 03, Epoch: 09, Loss: 0.3417
Run: 03, Epoch: 10, Loss: 0.3399
Run: 03, Epoch: 10, Train: 92.24%, Valid: 86.77% Test: 73.66%
Run: 03, Epoch: 11, Loss: 0.3585
Run: 03, Epoch: 12, Loss: 0.3413
Run: 03, Epoch: 12, Train: 92.80%, Valid: 87.28% Test: 74.27%
Run: 03, Epoch: 13, Loss: 0.3346
Run: 03, Epoch: 14, Loss: 0.3435
Run: 03, Epoch: 14, Train: 92.65%, Valid: 86.56% Test: 73.34%
Run: 03, Epoch: 15, Loss: 0.3212
Run: 03, Epoch: 16, Loss: 0.3171
Run: 03, Epoch: 16, Train: 92.80%, Valid: 87.11% Test: 73.71%
Run: 03, Epoch: 17, Loss: 0.3277
Run: 03, Epoch: 18, Loss: 0.3021
Run: 03, Epoch: 18, Train: 93.31%, Valid: 87.75% Test: 73.27%
Run: 03, Epoch: 19, Loss: 0.2959
Run: 03, Epoch: 20, Loss: 0.2934
Run: 03, Epoch: 20, Train: 93.94%, Valid: 87.37% Test: 74.14%
Run 03:
Highest Train: 93.94
Highest Valid: 87.75
  Final Train: 93.31
   Final Test: 73.27
Run: 04, Epoch: 01, Loss: 1.2910
Run: 04, Epoch: 02, Loss: 0.5280
Run: 04, Epoch: 03, Loss: 0.4474
Run: 04, Epoch: 04, Loss: 0.4055
Run: 04, Epoch: 05, Loss: 0.3895
Run: 04, Epoch: 06, Loss: 0.3661
Run: 04, Epoch: 07, Loss: 0.3393
Run: 04, Epoch: 08, Loss: 0.3436
Run: 04, Epoch: 09, Loss: 0.3415
Run: 04, Epoch: 10, Loss: 0.3152
Run: 04, Epoch: 10, Train: 92.67%, Valid: 86.86% Test: 73.07%
Run: 04, Epoch: 11, Loss: 0.3189
Run: 04, Epoch: 12, Loss: 0.3105
Run: 04, Epoch: 12, Train: 93.36%, Valid: 87.66% Test: 73.92%
Run: 04, Epoch: 13, Loss: 0.3131
Run: 04, Epoch: 14, Loss: 0.3148
Run: 04, Epoch: 14, Train: 93.01%, Valid: 87.28% Test: 72.34%
Run: 04, Epoch: 15, Loss: 0.3235
Run: 04, Epoch: 16, Loss: 0.3257
Run: 04, Epoch: 16, Train: 93.19%, Valid: 87.49% Test: 73.70%
Run: 04, Epoch: 17, Loss: 0.3048
Run: 04, Epoch: 18, Loss: 0.3211
Run: 04, Epoch: 18, Train: 93.59%, Valid: 87.41% Test: 74.26%
Run: 04, Epoch: 19, Loss: 0.2916
Run: 04, Epoch: 20, Loss: 0.3021
Run: 04, Epoch: 20, Train: 93.66%, Valid: 87.03% Test: 73.60%
Run 04:
Highest Train: 93.66
Highest Valid: 87.66
  Final Train: 93.36
   Final Test: 73.92
Run: 05, Epoch: 01, Loss: 1.2922
Run: 05, Epoch: 02, Loss: 0.5442
Run: 05, Epoch: 03, Loss: 0.4523
Run: 05, Epoch: 04, Loss: 0.4104
Run: 05, Epoch: 05, Loss: 0.3804
Run: 05, Epoch: 06, Loss: 0.3758
Run: 05, Epoch: 07, Loss: 0.3558
Run: 05, Epoch: 08, Loss: 0.3433
Run: 05, Epoch: 09, Loss: 0.3408
Run: 05, Epoch: 10, Loss: 0.3398
Run: 05, Epoch: 10, Train: 92.12%, Valid: 86.56% Test: 73.95%
Run: 05, Epoch: 11, Loss: 0.3421
Run: 05, Epoch: 12, Loss: 0.3164
Run: 05, Epoch: 12, Train: 92.68%, Valid: 87.49% Test: 73.52%
Run: 05, Epoch: 13, Loss: 0.3142
Run: 05, Epoch: 14, Loss: 0.3075
Run: 05, Epoch: 14, Train: 92.91%, Valid: 86.86% Test: 73.51%
Run: 05, Epoch: 15, Loss: 0.2980
Run: 05, Epoch: 16, Loss: 0.2877
Run: 05, Epoch: 16, Train: 93.40%, Valid: 87.20% Test: 73.78%
Run: 05, Epoch: 17, Loss: 0.2850
Run: 05, Epoch: 18, Loss: 0.2869
Run: 05, Epoch: 18, Train: 93.57%, Valid: 86.94% Test: 73.33%
Run: 05, Epoch: 19, Loss: 0.2868
Run: 05, Epoch: 20, Loss: 0.2969
Run: 05, Epoch: 20, Train: 93.80%, Valid: 86.48% Test: 72.55%
Run 05:
Highest Train: 93.80
Highest Valid: 87.49
  Final Train: 92.68
   Final Test: 73.52
Run: 06, Epoch: 01, Loss: 1.3265
Run: 06, Epoch: 02, Loss: 0.5417
Run: 06, Epoch: 03, Loss: 0.4578
Run: 06, Epoch: 04, Loss: 0.3936
Run: 06, Epoch: 05, Loss: 0.3794
Run: 06, Epoch: 06, Loss: 0.3637
Run: 06, Epoch: 07, Loss: 0.3601
Run: 06, Epoch: 08, Loss: 0.3331
Run: 06, Epoch: 09, Loss: 0.3306
Run: 06, Epoch: 10, Loss: 0.3206
Run: 06, Epoch: 10, Train: 92.72%, Valid: 86.43% Test: 73.02%
Run: 06, Epoch: 11, Loss: 0.3130
Run: 06, Epoch: 12, Loss: 0.3233
Run: 06, Epoch: 12, Train: 93.02%, Valid: 87.07% Test: 74.15%
Run: 06, Epoch: 13, Loss: 0.3165
Run: 06, Epoch: 14, Loss: 0.3018
Run: 06, Epoch: 14, Train: 93.01%, Valid: 87.33% Test: 72.88%
Run: 06, Epoch: 15, Loss: 0.3001
Run: 06, Epoch: 16, Loss: 0.3162
Run: 06, Epoch: 16, Train: 93.20%, Valid: 87.62% Test: 73.49%
Run: 06, Epoch: 17, Loss: 0.3275
Run: 06, Epoch: 18, Loss: 0.3130
Run: 06, Epoch: 18, Train: 93.64%, Valid: 87.07% Test: 73.38%
Run: 06, Epoch: 19, Loss: 0.3056
Run: 06, Epoch: 20, Loss: 0.2953
Run: 06, Epoch: 20, Train: 93.30%, Valid: 87.45% Test: 73.66%
Run 06:
Highest Train: 93.64
Highest Valid: 87.62
  Final Train: 93.20
   Final Test: 73.49
Run: 07, Epoch: 01, Loss: 1.3932
Run: 07, Epoch: 02, Loss: 0.5383
Run: 07, Epoch: 03, Loss: 0.4552
Run: 07, Epoch: 04, Loss: 0.4072
Run: 07, Epoch: 05, Loss: 0.3761
Run: 07, Epoch: 06, Loss: 0.3587
Run: 07, Epoch: 07, Loss: 0.3398
Run: 07, Epoch: 08, Loss: 0.3458
Run: 07, Epoch: 09, Loss: 0.3457
Run: 07, Epoch: 10, Loss: 0.3404
Run: 07, Epoch: 10, Train: 92.84%, Valid: 87.11% Test: 74.94%
Run: 07, Epoch: 11, Loss: 0.3154
Run: 07, Epoch: 12, Loss: 0.3192
Run: 07, Epoch: 12, Train: 93.12%, Valid: 87.45% Test: 73.94%
Run: 07, Epoch: 13, Loss: 0.3013
Run: 07, Epoch: 14, Loss: 0.3167
Run: 07, Epoch: 14, Train: 93.23%, Valid: 87.07% Test: 73.44%
Run: 07, Epoch: 15, Loss: 0.3177
Run: 07, Epoch: 16, Loss: 0.3190
Run: 07, Epoch: 16, Train: 93.50%, Valid: 87.24% Test: 74.00%
Run: 07, Epoch: 17, Loss: 0.3097
Run: 07, Epoch: 18, Loss: 0.3029
Run: 07, Epoch: 18, Train: 93.70%, Valid: 87.45% Test: 74.05%
Run: 07, Epoch: 19, Loss: 0.2920
Run: 07, Epoch: 20, Loss: 0.2943
Run: 07, Epoch: 20, Train: 93.57%, Valid: 87.62% Test: 73.22%
Run 07:
Highest Train: 93.70
Highest Valid: 87.62
  Final Train: 93.57
   Final Test: 73.22
Run: 08, Epoch: 01, Loss: 1.2478
Run: 08, Epoch: 02, Loss: 0.5300
Run: 08, Epoch: 03, Loss: 0.4503
Run: 08, Epoch: 04, Loss: 0.4056
Run: 08, Epoch: 05, Loss: 0.3757
Run: 08, Epoch: 06, Loss: 0.3709
Run: 08, Epoch: 07, Loss: 0.3535
Run: 08, Epoch: 08, Loss: 0.3578
Run: 08, Epoch: 09, Loss: 0.3279
Run: 08, Epoch: 10, Loss: 0.3112
Run: 08, Epoch: 10, Train: 92.57%, Valid: 87.45% Test: 73.59%
Run: 08, Epoch: 11, Loss: 0.3220
Run: 08, Epoch: 12, Loss: 0.3230
Run: 08, Epoch: 12, Train: 92.82%, Valid: 87.24% Test: 73.52%
Run: 08, Epoch: 13, Loss: 0.3328
Run: 08, Epoch: 14, Loss: 0.3241
Run: 08, Epoch: 14, Train: 92.81%, Valid: 87.37% Test: 72.53%
Run: 08, Epoch: 15, Loss: 0.3185
Run: 08, Epoch: 16, Loss: 0.3161
Run: 08, Epoch: 16, Train: 93.31%, Valid: 87.41% Test: 73.74%
Run: 08, Epoch: 17, Loss: 0.3157
Run: 08, Epoch: 18, Loss: 0.3015
Run: 08, Epoch: 18, Train: 93.36%, Valid: 87.20% Test: 73.59%
Run: 08, Epoch: 19, Loss: 0.2839
Run: 08, Epoch: 20, Loss: 0.2890
Run: 08, Epoch: 20, Train: 93.78%, Valid: 87.75% Test: 74.60%
Run 08:
Highest Train: 93.78
Highest Valid: 87.75
  Final Train: 93.78
   Final Test: 74.60
Run: 09, Epoch: 01, Loss: 1.3244
Run: 09, Epoch: 02, Loss: 0.5292
Run: 09, Epoch: 03, Loss: 0.4386
Run: 09, Epoch: 04, Loss: 0.3959
Run: 09, Epoch: 05, Loss: 0.3776
Run: 09, Epoch: 06, Loss: 0.3596
Run: 09, Epoch: 07, Loss: 0.3471
Run: 09, Epoch: 08, Loss: 0.3370
Run: 09, Epoch: 09, Loss: 0.3247
Run: 09, Epoch: 10, Loss: 0.3182
Run: 09, Epoch: 10, Train: 92.21%, Valid: 87.07% Test: 73.48%
Run: 09, Epoch: 11, Loss: 0.3224
Run: 09, Epoch: 12, Loss: 0.3058
Run: 09, Epoch: 12, Train: 92.72%, Valid: 87.24% Test: 73.76%
Run: 09, Epoch: 13, Loss: 0.3158
Run: 09, Epoch: 14, Loss: 0.3172
Run: 09, Epoch: 14, Train: 93.18%, Valid: 87.54% Test: 73.56%
Run: 09, Epoch: 15, Loss: 0.3127
Run: 09, Epoch: 16, Loss: 0.3309
Run: 09, Epoch: 16, Train: 93.06%, Valid: 86.94% Test: 73.23%
Run: 09, Epoch: 17, Loss: 0.3193
Run: 09, Epoch: 18, Loss: 0.3061
Run: 09, Epoch: 18, Train: 93.44%, Valid: 87.62% Test: 72.18%
Run: 09, Epoch: 19, Loss: 0.3158
Run: 09, Epoch: 20, Loss: 0.3171
Run: 09, Epoch: 20, Train: 93.97%, Valid: 87.49% Test: 74.19%
Run 09:
Highest Train: 93.97
Highest Valid: 87.62
  Final Train: 93.44
   Final Test: 72.18
Run: 10, Epoch: 01, Loss: 1.3195
Run: 10, Epoch: 02, Loss: 0.5510
Run: 10, Epoch: 03, Loss: 0.4521
Run: 10, Epoch: 04, Loss: 0.3957
Run: 10, Epoch: 05, Loss: 0.3837
Run: 10, Epoch: 06, Loss: 0.3569
Run: 10, Epoch: 07, Loss: 0.3655
Run: 10, Epoch: 08, Loss: 0.3455
Run: 10, Epoch: 09, Loss: 0.3340
Run: 10, Epoch: 10, Loss: 0.3133
Run: 10, Epoch: 10, Train: 92.54%, Valid: 86.90% Test: 72.94%
Run: 10, Epoch: 11, Loss: 0.3168
Run: 10, Epoch: 12, Loss: 0.2993
Run: 10, Epoch: 12, Train: 92.59%, Valid: 87.37% Test: 73.66%
Run: 10, Epoch: 13, Loss: 0.3058
Run: 10, Epoch: 14, Loss: 0.3122
Run: 10, Epoch: 14, Train: 92.91%, Valid: 87.03% Test: 74.00%
Run: 10, Epoch: 15, Loss: 0.3206
Run: 10, Epoch: 16, Loss: 0.3119
Run: 10, Epoch: 16, Train: 93.47%, Valid: 86.86% Test: 73.76%
Run: 10, Epoch: 17, Loss: 0.3092
Run: 10, Epoch: 18, Loss: 0.3067
Run: 10, Epoch: 18, Train: 93.55%, Valid: 87.28% Test: 72.90%
Run: 10, Epoch: 19, Loss: 0.3100
Run: 10, Epoch: 20, Loss: 0.3051
Run: 10, Epoch: 20, Train: 93.57%, Valid: 87.33% Test: 73.34%
Run 10:
Highest Train: 93.57
Highest Valid: 87.37
  Final Train: 92.59
   Final Test: 73.66
All runs:
Highest Train: 93.72 ± 0.15
Highest Valid: 87.65 ± 0.14
  Final Train: 93.31 ± 0.39
   Final Test: 73.64 ± 0.69
