Namespace(device=0, log_steps=1, inductive=False, num_layers=3, hidden_channels=256, dropout=0.5, batch_size=20000, walk_length=3, lr=0.01, num_steps=30, epochs=20, eval_steps=2, runs=10, rsv=0.08)
tensor([ 11772,  53354, 127854,  ...,  38913,  53112,  81081]) 15729
tensor([222340, 232877, 217134,  ..., 198158, 231226, 209569]) 3145
Run: 01, Epoch: 01, Loss: 1.3105
Run: 01, Epoch: 02, Loss: 0.5374
Run: 01, Epoch: 03, Loss: 0.4522
Run: 01, Epoch: 04, Loss: 0.4118
Run: 01, Epoch: 05, Loss: 0.3905
Run: 01, Epoch: 06, Loss: 0.3741
Run: 01, Epoch: 07, Loss: 0.3548
Run: 01, Epoch: 08, Loss: 0.3428
Run: 01, Epoch: 09, Loss: 0.3248
Run: 01, Epoch: 10, Loss: 0.3349
Run: 01, Epoch: 10, Train: 92.43%, Valid: 88.04% Test: 74.76%
Run: 01, Epoch: 11, Loss: 0.3263
Run: 01, Epoch: 12, Loss: 0.3218
Run: 01, Epoch: 12, Train: 92.67%, Valid: 88.46% Test: 75.46%
Run: 01, Epoch: 13, Loss: 0.3148
Run: 01, Epoch: 14, Loss: 0.3202
Run: 01, Epoch: 14, Train: 92.70%, Valid: 87.69% Test: 74.39%
Run: 01, Epoch: 15, Loss: 0.3270
Run: 01, Epoch: 16, Loss: 0.3112
Run: 01, Epoch: 16, Train: 93.22%, Valid: 88.14% Test: 74.97%
Run: 01, Epoch: 17, Loss: 0.3321
Run: 01, Epoch: 18, Loss: 0.2959
Run: 01, Epoch: 18, Train: 93.48%, Valid: 88.33% Test: 74.21%
Run: 01, Epoch: 19, Loss: 0.3008
Run: 01, Epoch: 20, Loss: 0.3059
Run: 01, Epoch: 20, Train: 93.32%, Valid: 88.33% Test: 74.78%
Run 01:
Highest Train: 93.48
Highest Valid: 88.46
  Final Train: 92.67
   Final Test: 75.46
Run: 02, Epoch: 01, Loss: 1.4636
Run: 02, Epoch: 02, Loss: 0.5562
Run: 02, Epoch: 03, Loss: 0.4678
Run: 02, Epoch: 04, Loss: 0.4168
Run: 02, Epoch: 05, Loss: 0.3920
Run: 02, Epoch: 06, Loss: 0.3586
Run: 02, Epoch: 07, Loss: 0.3584
Run: 02, Epoch: 08, Loss: 0.3477
Run: 02, Epoch: 09, Loss: 0.3580
Run: 02, Epoch: 10, Loss: 0.3450
Run: 02, Epoch: 10, Train: 92.03%, Valid: 88.01% Test: 73.82%
Run: 02, Epoch: 11, Loss: 0.3271
Run: 02, Epoch: 12, Loss: 0.3408
Run: 02, Epoch: 12, Train: 92.87%, Valid: 88.97% Test: 74.92%
Run: 02, Epoch: 13, Loss: 0.3227
Run: 02, Epoch: 14, Loss: 0.3081
Run: 02, Epoch: 14, Train: 92.81%, Valid: 88.62% Test: 74.29%
Run: 02, Epoch: 15, Loss: 0.3156
Run: 02, Epoch: 16, Loss: 0.3317
Run: 02, Epoch: 16, Train: 92.94%, Valid: 88.68% Test: 74.39%
Run: 02, Epoch: 17, Loss: 0.3210
Run: 02, Epoch: 18, Loss: 0.3231
Run: 02, Epoch: 18, Train: 93.06%, Valid: 88.71% Test: 74.99%
Run: 02, Epoch: 19, Loss: 0.2968
Run: 02, Epoch: 20, Loss: 0.2952
Run: 02, Epoch: 20, Train: 93.66%, Valid: 88.20% Test: 75.61%
Run 02:
Highest Train: 93.66
Highest Valid: 88.97
  Final Train: 92.87
   Final Test: 74.92
Run: 03, Epoch: 01, Loss: 1.3627
Run: 03, Epoch: 02, Loss: 0.5504
Run: 03, Epoch: 03, Loss: 0.4499
Run: 03, Epoch: 04, Loss: 0.4201
Run: 03, Epoch: 05, Loss: 0.3801
Run: 03, Epoch: 06, Loss: 0.3690
Run: 03, Epoch: 07, Loss: 0.3584
Run: 03, Epoch: 08, Loss: 0.3489
Run: 03, Epoch: 09, Loss: 0.3404
Run: 03, Epoch: 10, Loss: 0.3265
Run: 03, Epoch: 10, Train: 92.43%, Valid: 88.46% Test: 75.82%
Run: 03, Epoch: 11, Loss: 0.3344
Run: 03, Epoch: 12, Loss: 0.3289
Run: 03, Epoch: 12, Train: 92.88%, Valid: 88.27% Test: 75.93%
Run: 03, Epoch: 13, Loss: 0.3213
Run: 03, Epoch: 14, Loss: 0.3339
Run: 03, Epoch: 14, Train: 92.74%, Valid: 88.11% Test: 74.58%
Run: 03, Epoch: 15, Loss: 0.3182
Run: 03, Epoch: 16, Loss: 0.3076
Run: 03, Epoch: 16, Train: 92.75%, Valid: 88.87% Test: 75.44%
Run: 03, Epoch: 17, Loss: 0.3119
Run: 03, Epoch: 18, Loss: 0.3037
Run: 03, Epoch: 18, Train: 93.17%, Valid: 88.55% Test: 75.38%
Run: 03, Epoch: 19, Loss: 0.2975
Run: 03, Epoch: 20, Loss: 0.2926
Run: 03, Epoch: 20, Train: 93.78%, Valid: 88.30% Test: 75.19%
Run 03:
Highest Train: 93.78
Highest Valid: 88.87
  Final Train: 92.75
   Final Test: 75.44
Run: 04, Epoch: 01, Loss: 1.2985
Run: 04, Epoch: 02, Loss: 0.5308
Run: 04, Epoch: 03, Loss: 0.4551
Run: 04, Epoch: 04, Loss: 0.4113
Run: 04, Epoch: 05, Loss: 0.3860
Run: 04, Epoch: 06, Loss: 0.3715
Run: 04, Epoch: 07, Loss: 0.3411
Run: 04, Epoch: 08, Loss: 0.3454
Run: 04, Epoch: 09, Loss: 0.3439
Run: 04, Epoch: 10, Loss: 0.3240
Run: 04, Epoch: 10, Train: 92.40%, Valid: 87.76% Test: 74.04%
Run: 04, Epoch: 11, Loss: 0.3170
Run: 04, Epoch: 12, Loss: 0.3233
Run: 04, Epoch: 12, Train: 92.89%, Valid: 88.33% Test: 74.52%
Run: 04, Epoch: 13, Loss: 0.3200
Run: 04, Epoch: 14, Loss: 0.3145
Run: 04, Epoch: 14, Train: 93.01%, Valid: 88.24% Test: 74.59%
Run: 04, Epoch: 15, Loss: 0.3034
Run: 04, Epoch: 16, Loss: 0.3034
Run: 04, Epoch: 16, Train: 93.34%, Valid: 88.11% Test: 74.96%
Run: 04, Epoch: 17, Loss: 0.3031
Run: 04, Epoch: 18, Loss: 0.3187
Run: 04, Epoch: 18, Train: 93.50%, Valid: 88.27% Test: 75.51%
Run: 04, Epoch: 19, Loss: 0.2949
Run: 04, Epoch: 20, Loss: 0.2993
Run: 04, Epoch: 20, Train: 93.43%, Valid: 88.46% Test: 74.08%
Run 04:
Highest Train: 93.50
Highest Valid: 88.46
  Final Train: 93.43
   Final Test: 74.08
Run: 05, Epoch: 01, Loss: 1.2711
Run: 05, Epoch: 02, Loss: 0.5373
Run: 05, Epoch: 03, Loss: 0.4453
Run: 05, Epoch: 04, Loss: 0.4073
Run: 05, Epoch: 05, Loss: 0.3895
Run: 05, Epoch: 06, Loss: 0.3748
Run: 05, Epoch: 07, Loss: 0.3606
Run: 05, Epoch: 08, Loss: 0.3521
Run: 05, Epoch: 09, Loss: 0.3332
Run: 05, Epoch: 10, Loss: 0.3297
Run: 05, Epoch: 10, Train: 92.46%, Valid: 88.52% Test: 75.18%
Run: 05, Epoch: 11, Loss: 0.3326
Run: 05, Epoch: 12, Loss: 0.3259
Run: 05, Epoch: 12, Train: 92.78%, Valid: 87.92% Test: 75.58%
Run: 05, Epoch: 13, Loss: 0.3232
Run: 05, Epoch: 14, Loss: 0.3135
Run: 05, Epoch: 14, Train: 92.76%, Valid: 88.01% Test: 74.96%
Run: 05, Epoch: 15, Loss: 0.3080
Run: 05, Epoch: 16, Loss: 0.2982
Run: 05, Epoch: 16, Train: 93.17%, Valid: 88.20% Test: 74.86%
Run: 05, Epoch: 17, Loss: 0.2983
Run: 05, Epoch: 18, Loss: 0.2926
Run: 05, Epoch: 18, Train: 93.56%, Valid: 87.57% Test: 75.06%
Run: 05, Epoch: 19, Loss: 0.2900
Run: 05, Epoch: 20, Loss: 0.2952
Run: 05, Epoch: 20, Train: 93.86%, Valid: 87.82% Test: 75.46%
Run 05:
Highest Train: 93.86
Highest Valid: 88.52
  Final Train: 92.46
   Final Test: 75.18
Run: 06, Epoch: 01, Loss: 1.3402
Run: 06, Epoch: 02, Loss: 0.5321
Run: 06, Epoch: 03, Loss: 0.4606
Run: 06, Epoch: 04, Loss: 0.4006
Run: 06, Epoch: 05, Loss: 0.3886
Run: 06, Epoch: 06, Loss: 0.3681
Run: 06, Epoch: 07, Loss: 0.3547
Run: 06, Epoch: 08, Loss: 0.3394
Run: 06, Epoch: 09, Loss: 0.3489
Run: 06, Epoch: 10, Loss: 0.3385
Run: 06, Epoch: 10, Train: 92.35%, Valid: 88.39% Test: 74.28%
Run: 06, Epoch: 11, Loss: 0.3149
Run: 06, Epoch: 12, Loss: 0.3257
Run: 06, Epoch: 12, Train: 92.72%, Valid: 88.11% Test: 75.54%
Run: 06, Epoch: 13, Loss: 0.3240
Run: 06, Epoch: 14, Loss: 0.3487
Run: 06, Epoch: 14, Train: 92.70%, Valid: 88.43% Test: 74.46%
Run: 06, Epoch: 15, Loss: 0.3088
Run: 06, Epoch: 16, Loss: 0.3111
Run: 06, Epoch: 16, Train: 92.92%, Valid: 88.08% Test: 74.16%
Run: 06, Epoch: 17, Loss: 0.3322
Run: 06, Epoch: 18, Loss: 0.3123
Run: 06, Epoch: 18, Train: 93.15%, Valid: 87.73% Test: 74.76%
Run: 06, Epoch: 19, Loss: 0.2996
Run: 06, Epoch: 20, Loss: 0.3001
Run: 06, Epoch: 20, Train: 93.01%, Valid: 88.33% Test: 75.54%
Run 06:
Highest Train: 93.15
Highest Valid: 88.43
  Final Train: 92.70
   Final Test: 74.46
Run: 07, Epoch: 01, Loss: 1.4065
Run: 07, Epoch: 02, Loss: 0.5478
Run: 07, Epoch: 03, Loss: 0.4658
Run: 07, Epoch: 04, Loss: 0.4140
Run: 07, Epoch: 05, Loss: 0.3968
Run: 07, Epoch: 06, Loss: 0.3735
Run: 07, Epoch: 07, Loss: 0.3566
Run: 07, Epoch: 08, Loss: 0.3531
Run: 07, Epoch: 09, Loss: 0.3431
Run: 07, Epoch: 10, Loss: 0.3365
Run: 07, Epoch: 10, Train: 92.56%, Valid: 87.92% Test: 74.72%
Run: 07, Epoch: 11, Loss: 0.3226
Run: 07, Epoch: 12, Loss: 0.3278
Run: 07, Epoch: 12, Train: 92.73%, Valid: 88.14% Test: 75.06%
Run: 07, Epoch: 13, Loss: 0.3119
Run: 07, Epoch: 14, Loss: 0.3142
Run: 07, Epoch: 14, Train: 92.81%, Valid: 87.50% Test: 75.58%
Run: 07, Epoch: 15, Loss: 0.3091
Run: 07, Epoch: 16, Loss: 0.3055
Run: 07, Epoch: 16, Train: 93.11%, Valid: 87.60% Test: 74.47%
Run: 07, Epoch: 17, Loss: 0.3052
Run: 07, Epoch: 18, Loss: 0.3026
Run: 07, Epoch: 18, Train: 93.48%, Valid: 88.01% Test: 75.30%
Run: 07, Epoch: 19, Loss: 0.2819
Run: 07, Epoch: 20, Loss: 0.2918
Run: 07, Epoch: 20, Train: 93.77%, Valid: 87.79% Test: 74.59%
Run 07:
Highest Train: 93.77
Highest Valid: 88.14
  Final Train: 92.73
   Final Test: 75.06
Run: 08, Epoch: 01, Loss: 1.2652
Run: 08, Epoch: 02, Loss: 0.5307
Run: 08, Epoch: 03, Loss: 0.4511
Run: 08, Epoch: 04, Loss: 0.4173
Run: 08, Epoch: 05, Loss: 0.3754
Run: 08, Epoch: 06, Loss: 0.3623
Run: 08, Epoch: 07, Loss: 0.3454
Run: 08, Epoch: 08, Loss: 0.3399
Run: 08, Epoch: 09, Loss: 0.3239
Run: 08, Epoch: 10, Loss: 0.3180
Run: 08, Epoch: 10, Train: 92.37%, Valid: 88.11% Test: 74.87%
Run: 08, Epoch: 11, Loss: 0.3242
Run: 08, Epoch: 12, Loss: 0.3186
Run: 08, Epoch: 12, Train: 92.70%, Valid: 88.71% Test: 74.01%
Run: 08, Epoch: 13, Loss: 0.3101
Run: 08, Epoch: 14, Loss: 0.3198
Run: 08, Epoch: 14, Train: 92.80%, Valid: 87.98% Test: 74.95%
Run: 08, Epoch: 15, Loss: 0.3214
Run: 08, Epoch: 16, Loss: 0.3239
Run: 08, Epoch: 16, Train: 93.11%, Valid: 88.30% Test: 74.95%
Run: 08, Epoch: 17, Loss: 0.3230
Run: 08, Epoch: 18, Loss: 0.3091
Run: 08, Epoch: 18, Train: 93.26%, Valid: 88.71% Test: 75.13%
Run: 08, Epoch: 19, Loss: 0.2988
Run: 08, Epoch: 20, Loss: 0.2988
Run: 08, Epoch: 20, Train: 93.34%, Valid: 87.89% Test: 74.93%
Run 08:
Highest Train: 93.34
Highest Valid: 88.71
  Final Train: 92.70
   Final Test: 74.01
Run: 09, Epoch: 01, Loss: 1.3423
Run: 09, Epoch: 02, Loss: 0.5378
Run: 09, Epoch: 03, Loss: 0.4471
Run: 09, Epoch: 04, Loss: 0.4031
Run: 09, Epoch: 05, Loss: 0.3853
Run: 09, Epoch: 06, Loss: 0.3700
Run: 09, Epoch: 07, Loss: 0.3471
Run: 09, Epoch: 08, Loss: 0.3465
Run: 09, Epoch: 09, Loss: 0.3301
Run: 09, Epoch: 10, Loss: 0.3294
Run: 09, Epoch: 10, Train: 92.47%, Valid: 88.43% Test: 74.84%
Run: 09, Epoch: 11, Loss: 0.3300
Run: 09, Epoch: 12, Loss: 0.3105
Run: 09, Epoch: 12, Train: 92.67%, Valid: 88.30% Test: 75.59%
Run: 09, Epoch: 13, Loss: 0.3160
Run: 09, Epoch: 14, Loss: 0.3188
Run: 09, Epoch: 14, Train: 93.04%, Valid: 88.30% Test: 74.32%
Run: 09, Epoch: 15, Loss: 0.3150
Run: 09, Epoch: 16, Loss: 0.3036
Run: 09, Epoch: 16, Train: 92.97%, Valid: 87.79% Test: 75.19%
Run: 09, Epoch: 17, Loss: 0.2989
Run: 09, Epoch: 18, Loss: 0.3097
Run: 09, Epoch: 18, Train: 93.21%, Valid: 88.20% Test: 73.82%
Run: 09, Epoch: 19, Loss: 0.3076
Run: 09, Epoch: 20, Loss: 0.3131
Run: 09, Epoch: 20, Train: 93.53%, Valid: 88.46% Test: 75.15%
Run 09:
Highest Train: 93.53
Highest Valid: 88.46
  Final Train: 93.53
   Final Test: 75.15
Run: 10, Epoch: 01, Loss: 1.3269
Run: 10, Epoch: 02, Loss: 0.5419
Run: 10, Epoch: 03, Loss: 0.4535
Run: 10, Epoch: 04, Loss: 0.4139
Run: 10, Epoch: 05, Loss: 0.3929
Run: 10, Epoch: 06, Loss: 0.3679
Run: 10, Epoch: 07, Loss: 0.3642
Run: 10, Epoch: 08, Loss: 0.3549
Run: 10, Epoch: 09, Loss: 0.3387
Run: 10, Epoch: 10, Loss: 0.3116
Run: 10, Epoch: 10, Train: 92.42%, Valid: 88.62% Test: 74.92%
Run: 10, Epoch: 11, Loss: 0.3184
Run: 10, Epoch: 12, Loss: 0.3124
Run: 10, Epoch: 12, Train: 92.38%, Valid: 88.24% Test: 74.62%
Run: 10, Epoch: 13, Loss: 0.3191
Run: 10, Epoch: 14, Loss: 0.3092
Run: 10, Epoch: 14, Train: 92.93%, Valid: 88.08% Test: 75.56%
Run: 10, Epoch: 15, Loss: 0.3163
Run: 10, Epoch: 16, Loss: 0.3161
Run: 10, Epoch: 16, Train: 93.00%, Valid: 88.14% Test: 74.64%
Run: 10, Epoch: 17, Loss: 0.3071
Run: 10, Epoch: 18, Loss: 0.3015
Run: 10, Epoch: 18, Train: 93.40%, Valid: 87.76% Test: 75.31%
Run: 10, Epoch: 19, Loss: 0.2992
Run: 10, Epoch: 20, Loss: 0.3008
Run: 10, Epoch: 20, Train: 93.51%, Valid: 88.36% Test: 75.27%
Run 10:
Highest Train: 93.51
Highest Valid: 88.62
  Final Train: 92.42
   Final Test: 74.92
All runs:
Highest Train: 93.56 ± 0.22
Highest Valid: 88.56 ± 0.24
  Final Train: 92.83 ± 0.37
   Final Test: 74.87 ± 0.52
