Namespace(device=0, log_steps=1, inductive=False, num_layers=3, hidden_channels=256, dropout=0.5, batch_size=20000, walk_length=3, lr=0.01, num_steps=30, epochs=20, eval_steps=2, runs=10, rsv=0.09)
tensor([ 11772,  53354, 127854,  ..., 166252,  55034, 150819]) 17695
tensor([222340, 232877, 217134,  ..., 223093, 196938, 203388]) 3539
Run: 01, Epoch: 01, Loss: 1.3066
Run: 01, Epoch: 02, Loss: 0.5381
Run: 01, Epoch: 03, Loss: 0.4524
Run: 01, Epoch: 04, Loss: 0.4169
Run: 01, Epoch: 05, Loss: 0.3931
Run: 01, Epoch: 06, Loss: 0.3691
Run: 01, Epoch: 07, Loss: 0.3517
Run: 01, Epoch: 08, Loss: 0.3448
Run: 01, Epoch: 09, Loss: 0.3261
Run: 01, Epoch: 10, Loss: 0.3375
Run: 01, Epoch: 10, Train: 92.20%, Valid: 88.44% Test: 75.05%
Run: 01, Epoch: 11, Loss: 0.3205
Run: 01, Epoch: 12, Loss: 0.3157
Run: 01, Epoch: 12, Train: 92.70%, Valid: 88.27% Test: 75.70%
Run: 01, Epoch: 13, Loss: 0.3017
Run: 01, Epoch: 14, Loss: 0.3051
Run: 01, Epoch: 14, Train: 92.88%, Valid: 88.53% Test: 75.73%
Run: 01, Epoch: 15, Loss: 0.3123
Run: 01, Epoch: 16, Loss: 0.2971
Run: 01, Epoch: 16, Train: 93.31%, Valid: 88.47% Test: 75.68%
Run: 01, Epoch: 17, Loss: 0.3013
Run: 01, Epoch: 18, Loss: 0.2857
Run: 01, Epoch: 18, Train: 93.56%, Valid: 88.47% Test: 75.00%
Run: 01, Epoch: 19, Loss: 0.3014
Run: 01, Epoch: 20, Loss: 0.3020
Run: 01, Epoch: 20, Train: 93.50%, Valid: 88.67% Test: 74.99%
Run 01:
Highest Train: 93.56
Highest Valid: 88.67
  Final Train: 93.50
   Final Test: 74.99
Run: 02, Epoch: 01, Loss: 1.4680
Run: 02, Epoch: 02, Loss: 0.5584
Run: 02, Epoch: 03, Loss: 0.4670
Run: 02, Epoch: 04, Loss: 0.4180
Run: 02, Epoch: 05, Loss: 0.3885
Run: 02, Epoch: 06, Loss: 0.3582
Run: 02, Epoch: 07, Loss: 0.3529
Run: 02, Epoch: 08, Loss: 0.3478
Run: 02, Epoch: 09, Loss: 0.3415
Run: 02, Epoch: 10, Loss: 0.3380
Run: 02, Epoch: 10, Train: 92.22%, Valid: 88.44% Test: 74.33%
Run: 02, Epoch: 11, Loss: 0.3246
Run: 02, Epoch: 12, Loss: 0.3326
Run: 02, Epoch: 12, Train: 92.57%, Valid: 88.90% Test: 75.59%
Run: 02, Epoch: 13, Loss: 0.3149
Run: 02, Epoch: 14, Loss: 0.3113
Run: 02, Epoch: 14, Train: 92.96%, Valid: 88.87% Test: 75.39%
Run: 02, Epoch: 15, Loss: 0.3032
Run: 02, Epoch: 16, Loss: 0.3053
Run: 02, Epoch: 16, Train: 93.34%, Valid: 88.50% Test: 75.34%
Run: 02, Epoch: 17, Loss: 0.3069
Run: 02, Epoch: 18, Loss: 0.3017
Run: 02, Epoch: 18, Train: 93.61%, Valid: 88.73% Test: 75.87%
Run: 02, Epoch: 19, Loss: 0.2976
Run: 02, Epoch: 20, Loss: 0.2982
Run: 02, Epoch: 20, Train: 93.60%, Valid: 89.01% Test: 75.71%
Run 02:
Highest Train: 93.61
Highest Valid: 89.01
  Final Train: 93.60
   Final Test: 75.71
Run: 03, Epoch: 01, Loss: 1.3709
Run: 03, Epoch: 02, Loss: 0.5505
Run: 03, Epoch: 03, Loss: 0.4526
Run: 03, Epoch: 04, Loss: 0.4201
Run: 03, Epoch: 05, Loss: 0.3826
Run: 03, Epoch: 06, Loss: 0.3817
Run: 03, Epoch: 07, Loss: 0.3578
Run: 03, Epoch: 08, Loss: 0.3471
Run: 03, Epoch: 09, Loss: 0.3369
Run: 03, Epoch: 10, Loss: 0.3301
Run: 03, Epoch: 10, Train: 92.13%, Valid: 88.36% Test: 75.73%
Run: 03, Epoch: 11, Loss: 0.3422
Run: 03, Epoch: 12, Loss: 0.3304
Run: 03, Epoch: 12, Train: 92.72%, Valid: 88.50% Test: 76.53%
Run: 03, Epoch: 13, Loss: 0.3170
Run: 03, Epoch: 14, Loss: 0.3270
Run: 03, Epoch: 14, Train: 92.45%, Valid: 88.05% Test: 75.71%
Run: 03, Epoch: 15, Loss: 0.3092
Run: 03, Epoch: 16, Loss: 0.3093
Run: 03, Epoch: 16, Train: 92.72%, Valid: 88.78% Test: 75.47%
Run: 03, Epoch: 17, Loss: 0.3146
Run: 03, Epoch: 18, Loss: 0.3020
Run: 03, Epoch: 18, Train: 92.95%, Valid: 88.41% Test: 75.37%
Run: 03, Epoch: 19, Loss: 0.2998
Run: 03, Epoch: 20, Loss: 0.3043
Run: 03, Epoch: 20, Train: 93.34%, Valid: 88.64% Test: 75.21%
Run 03:
Highest Train: 93.34
Highest Valid: 88.78
  Final Train: 92.72
   Final Test: 75.47
Run: 04, Epoch: 01, Loss: 1.3005
Run: 04, Epoch: 02, Loss: 0.5298
Run: 04, Epoch: 03, Loss: 0.4553
Run: 04, Epoch: 04, Loss: 0.4102
Run: 04, Epoch: 05, Loss: 0.3900
Run: 04, Epoch: 06, Loss: 0.3696
Run: 04, Epoch: 07, Loss: 0.3496
Run: 04, Epoch: 08, Loss: 0.3493
Run: 04, Epoch: 09, Loss: 0.3353
Run: 04, Epoch: 10, Loss: 0.3255
Run: 04, Epoch: 10, Train: 92.48%, Valid: 88.44% Test: 74.86%
Run: 04, Epoch: 11, Loss: 0.3207
Run: 04, Epoch: 12, Loss: 0.3161
Run: 04, Epoch: 12, Train: 92.57%, Valid: 88.64% Test: 75.36%
Run: 04, Epoch: 13, Loss: 0.3197
Run: 04, Epoch: 14, Loss: 0.3181
Run: 04, Epoch: 14, Train: 92.89%, Valid: 88.56% Test: 74.52%
Run: 04, Epoch: 15, Loss: 0.3001
Run: 04, Epoch: 16, Loss: 0.3079
Run: 04, Epoch: 16, Train: 93.16%, Valid: 89.18% Test: 75.90%
Run: 04, Epoch: 17, Loss: 0.3047
Run: 04, Epoch: 18, Loss: 0.3031
Run: 04, Epoch: 18, Train: 93.40%, Valid: 88.41% Test: 76.24%
Run: 04, Epoch: 19, Loss: 0.2923
Run: 04, Epoch: 20, Loss: 0.2941
Run: 04, Epoch: 20, Train: 93.50%, Valid: 88.70% Test: 75.33%
Run 04:
Highest Train: 93.50
Highest Valid: 89.18
  Final Train: 93.16
   Final Test: 75.90
Run: 05, Epoch: 01, Loss: 1.2815
Run: 05, Epoch: 02, Loss: 0.5440
Run: 05, Epoch: 03, Loss: 0.4530
Run: 05, Epoch: 04, Loss: 0.4146
Run: 05, Epoch: 05, Loss: 0.3817
Run: 05, Epoch: 06, Loss: 0.3694
Run: 05, Epoch: 07, Loss: 0.3546
Run: 05, Epoch: 08, Loss: 0.3505
Run: 05, Epoch: 09, Loss: 0.3354
Run: 05, Epoch: 10, Loss: 0.3324
Run: 05, Epoch: 10, Train: 92.39%, Valid: 88.39% Test: 74.89%
Run: 05, Epoch: 11, Loss: 0.3260
Run: 05, Epoch: 12, Loss: 0.3270
Run: 05, Epoch: 12, Train: 92.48%, Valid: 88.39% Test: 74.92%
Run: 05, Epoch: 13, Loss: 0.3241
Run: 05, Epoch: 14, Loss: 0.3055
Run: 05, Epoch: 14, Train: 93.08%, Valid: 88.78% Test: 74.84%
Run: 05, Epoch: 15, Loss: 0.3016
Run: 05, Epoch: 16, Loss: 0.2940
Run: 05, Epoch: 16, Train: 93.30%, Valid: 88.58% Test: 75.60%
Run: 05, Epoch: 17, Loss: 0.2948
Run: 05, Epoch: 18, Loss: 0.2930
Run: 05, Epoch: 18, Train: 93.43%, Valid: 88.75% Test: 75.30%
Run: 05, Epoch: 19, Loss: 0.2922
Run: 05, Epoch: 20, Loss: 0.2849
Run: 05, Epoch: 20, Train: 93.71%, Valid: 88.58% Test: 75.51%
Run 05:
Highest Train: 93.71
Highest Valid: 88.78
  Final Train: 93.08
   Final Test: 74.84
Run: 06, Epoch: 01, Loss: 1.3416
Run: 06, Epoch: 02, Loss: 0.5456
Run: 06, Epoch: 03, Loss: 0.4663
Run: 06, Epoch: 04, Loss: 0.4039
Run: 06, Epoch: 05, Loss: 0.3869
Run: 06, Epoch: 06, Loss: 0.3744
Run: 06, Epoch: 07, Loss: 0.3600
Run: 06, Epoch: 08, Loss: 0.3505
Run: 06, Epoch: 09, Loss: 0.3468
Run: 06, Epoch: 10, Loss: 0.3388
Run: 06, Epoch: 10, Train: 91.93%, Valid: 88.22% Test: 73.83%
Run: 06, Epoch: 11, Loss: 0.3304
Run: 06, Epoch: 12, Loss: 0.3200
Run: 06, Epoch: 12, Train: 92.76%, Valid: 88.58% Test: 75.31%
Run: 06, Epoch: 13, Loss: 0.3165
Run: 06, Epoch: 14, Loss: 0.3133
Run: 06, Epoch: 14, Train: 92.92%, Valid: 88.27% Test: 75.03%
Run: 06, Epoch: 15, Loss: 0.3050
Run: 06, Epoch: 16, Loss: 0.3012
Run: 06, Epoch: 16, Train: 93.01%, Valid: 88.84% Test: 74.72%
Run: 06, Epoch: 17, Loss: 0.3195
Run: 06, Epoch: 18, Loss: 0.3061
Run: 06, Epoch: 18, Train: 92.87%, Valid: 88.22% Test: 74.95%
Run: 06, Epoch: 19, Loss: 0.2999
Run: 06, Epoch: 20, Loss: 0.2954
Run: 06, Epoch: 20, Train: 93.32%, Valid: 88.75% Test: 75.47%
Run 06:
Highest Train: 93.32
Highest Valid: 88.84
  Final Train: 93.01
   Final Test: 74.72
Run: 07, Epoch: 01, Loss: 1.4299
Run: 07, Epoch: 02, Loss: 0.5566
Run: 07, Epoch: 03, Loss: 0.4683
Run: 07, Epoch: 04, Loss: 0.4193
Run: 07, Epoch: 05, Loss: 0.3938
Run: 07, Epoch: 06, Loss: 0.3801
Run: 07, Epoch: 07, Loss: 0.3636
Run: 07, Epoch: 08, Loss: 0.3525
Run: 07, Epoch: 09, Loss: 0.3430
Run: 07, Epoch: 10, Loss: 0.3421
Run: 07, Epoch: 10, Train: 92.02%, Valid: 88.27% Test: 74.44%
Run: 07, Epoch: 11, Loss: 0.3303
Run: 07, Epoch: 12, Loss: 0.3184
Run: 07, Epoch: 12, Train: 92.73%, Valid: 88.58% Test: 76.04%
Run: 07, Epoch: 13, Loss: 0.3154
Run: 07, Epoch: 14, Loss: 0.3126
Run: 07, Epoch: 14, Train: 92.69%, Valid: 88.13% Test: 75.61%
Run: 07, Epoch: 15, Loss: 0.3131
Run: 07, Epoch: 16, Loss: 0.3011
Run: 07, Epoch: 16, Train: 93.11%, Valid: 88.56% Test: 75.35%
Run: 07, Epoch: 17, Loss: 0.3069
Run: 07, Epoch: 18, Loss: 0.3152
Run: 07, Epoch: 18, Train: 93.36%, Valid: 88.81% Test: 76.29%
Run: 07, Epoch: 19, Loss: 0.2876
Run: 07, Epoch: 20, Loss: 0.2946
Run: 07, Epoch: 20, Train: 93.39%, Valid: 88.73% Test: 75.64%
Run 07:
Highest Train: 93.39
Highest Valid: 88.81
  Final Train: 93.36
   Final Test: 76.29
Run: 08, Epoch: 01, Loss: 1.2572
Run: 08, Epoch: 02, Loss: 0.5283
Run: 08, Epoch: 03, Loss: 0.4567
Run: 08, Epoch: 04, Loss: 0.4135
Run: 08, Epoch: 05, Loss: 0.3747
Run: 08, Epoch: 06, Loss: 0.3605
Run: 08, Epoch: 07, Loss: 0.3565
Run: 08, Epoch: 08, Loss: 0.3442
Run: 08, Epoch: 09, Loss: 0.3308
Run: 08, Epoch: 10, Loss: 0.3255
Run: 08, Epoch: 10, Train: 92.51%, Valid: 88.64% Test: 75.57%
Run: 08, Epoch: 11, Loss: 0.3302
Run: 08, Epoch: 12, Loss: 0.3193
Run: 08, Epoch: 12, Train: 92.76%, Valid: 88.02% Test: 74.80%
Run: 08, Epoch: 13, Loss: 0.3148
Run: 08, Epoch: 14, Loss: 0.3134
Run: 08, Epoch: 14, Train: 93.01%, Valid: 88.64% Test: 75.30%
Run: 08, Epoch: 15, Loss: 0.3113
Run: 08, Epoch: 16, Loss: 0.3123
Run: 08, Epoch: 16, Train: 93.21%, Valid: 88.84% Test: 75.33%
Run: 08, Epoch: 17, Loss: 0.3068
Run: 08, Epoch: 18, Loss: 0.3043
Run: 08, Epoch: 18, Train: 93.43%, Valid: 88.95% Test: 75.66%
Run: 08, Epoch: 19, Loss: 0.2901
Run: 08, Epoch: 20, Loss: 0.2980
Run: 08, Epoch: 20, Train: 93.46%, Valid: 88.56% Test: 75.88%
Run 08:
Highest Train: 93.46
Highest Valid: 88.95
  Final Train: 93.43
   Final Test: 75.66
Run: 09, Epoch: 01, Loss: 1.3306
Run: 09, Epoch: 02, Loss: 0.5450
Run: 09, Epoch: 03, Loss: 0.4498
Run: 09, Epoch: 04, Loss: 0.4027
Run: 09, Epoch: 05, Loss: 0.3895
Run: 09, Epoch: 06, Loss: 0.3648
Run: 09, Epoch: 07, Loss: 0.3521
Run: 09, Epoch: 08, Loss: 0.3502
Run: 09, Epoch: 09, Loss: 0.3376
Run: 09, Epoch: 10, Loss: 0.3304
Run: 09, Epoch: 10, Train: 92.11%, Valid: 88.27% Test: 75.03%
Run: 09, Epoch: 11, Loss: 0.3220
Run: 09, Epoch: 12, Loss: 0.3107
Run: 09, Epoch: 12, Train: 92.69%, Valid: 88.30% Test: 74.82%
Run: 09, Epoch: 13, Loss: 0.3136
Run: 09, Epoch: 14, Loss: 0.3202
Run: 09, Epoch: 14, Train: 93.02%, Valid: 88.81% Test: 74.63%
Run: 09, Epoch: 15, Loss: 0.3161
Run: 09, Epoch: 16, Loss: 0.3088
Run: 09, Epoch: 16, Train: 93.02%, Valid: 88.25% Test: 74.96%
Run: 09, Epoch: 17, Loss: 0.2912
Run: 09, Epoch: 18, Loss: 0.2951
Run: 09, Epoch: 18, Train: 93.24%, Valid: 88.39% Test: 73.78%
Run: 09, Epoch: 19, Loss: 0.2987
Run: 09, Epoch: 20, Loss: 0.2919
Run: 09, Epoch: 20, Train: 93.86%, Valid: 88.78% Test: 75.72%
Run 09:
Highest Train: 93.86
Highest Valid: 88.81
  Final Train: 93.02
   Final Test: 74.63
Run: 10, Epoch: 01, Loss: 1.3381
Run: 10, Epoch: 02, Loss: 0.5411
Run: 10, Epoch: 03, Loss: 0.4623
Run: 10, Epoch: 04, Loss: 0.4156
Run: 10, Epoch: 05, Loss: 0.3909
Run: 10, Epoch: 06, Loss: 0.3721
Run: 10, Epoch: 07, Loss: 0.3550
Run: 10, Epoch: 08, Loss: 0.3537
Run: 10, Epoch: 09, Loss: 0.3423
Run: 10, Epoch: 10, Loss: 0.3188
Run: 10, Epoch: 10, Train: 92.37%, Valid: 88.61% Test: 74.99%
Run: 10, Epoch: 11, Loss: 0.3195
Run: 10, Epoch: 12, Loss: 0.3124
Run: 10, Epoch: 12, Train: 92.37%, Valid: 88.50% Test: 75.37%
Run: 10, Epoch: 13, Loss: 0.3114
Run: 10, Epoch: 14, Loss: 0.3067
Run: 10, Epoch: 14, Train: 92.73%, Valid: 88.64% Test: 75.14%
Run: 10, Epoch: 15, Loss: 0.3155
Run: 10, Epoch: 16, Loss: 0.3129
Run: 10, Epoch: 16, Train: 93.10%, Valid: 88.64% Test: 75.31%
Run: 10, Epoch: 17, Loss: 0.3106
Run: 10, Epoch: 18, Loss: 0.3069
Run: 10, Epoch: 18, Train: 93.39%, Valid: 88.56% Test: 75.69%
Run: 10, Epoch: 19, Loss: 0.2963
Run: 10, Epoch: 20, Loss: 0.3084
Run: 10, Epoch: 20, Train: 93.18%, Valid: 88.75% Test: 74.80%
Run 10:
Highest Train: 93.39
Highest Valid: 88.75
  Final Train: 93.18
   Final Test: 74.80
All runs:
Highest Train: 93.51 ± 0.17
Highest Valid: 88.86 ± 0.15
  Final Train: 93.21 ± 0.27
   Final Test: 75.30 ± 0.58
