Namespace(device=0, log_steps=1, inductive=False, num_layers=3, hidden_channels=256, dropout=0.5, batch_size=20000, walk_length=3, lr=0.01, num_steps=30, epochs=20, eval_steps=2, runs=10, rsv=0.2)
tensor([ 11772,  53354, 127854,  ...,  97565, 191557,  33360]) 39323
tensor([222340, 232877, 217134,  ..., 204679, 201935, 232609]) 7864
Run: 01, Epoch: 01, Loss: 1.3028
Run: 01, Epoch: 02, Loss: 0.5249
Run: 01, Epoch: 03, Loss: 0.4439
Run: 01, Epoch: 04, Loss: 0.4064
Run: 01, Epoch: 05, Loss: 0.3909
Run: 01, Epoch: 06, Loss: 0.3728
Run: 01, Epoch: 07, Loss: 0.3505
Run: 01, Epoch: 08, Loss: 0.3481
Run: 01, Epoch: 09, Loss: 0.3393
Run: 01, Epoch: 10, Loss: 0.3381
Run: 01, Epoch: 10, Train: 92.05%, Valid: 89.31% Test: 77.01%
Run: 01, Epoch: 11, Loss: 0.3243
Run: 01, Epoch: 12, Loss: 0.3200
Run: 01, Epoch: 12, Train: 92.31%, Valid: 89.50% Test: 76.89%
Run: 01, Epoch: 13, Loss: 0.3184
Run: 01, Epoch: 14, Loss: 0.3175
Run: 01, Epoch: 14, Train: 92.69%, Valid: 89.59% Test: 76.80%
Run: 01, Epoch: 15, Loss: 0.3128
Run: 01, Epoch: 16, Loss: 0.3085
Run: 01, Epoch: 16, Train: 93.05%, Valid: 89.73% Test: 77.55%
Run: 01, Epoch: 17, Loss: 0.2990
Run: 01, Epoch: 18, Loss: 0.3050
Run: 01, Epoch: 18, Train: 92.99%, Valid: 89.55% Test: 76.11%
Run: 01, Epoch: 19, Loss: 0.3136
Run: 01, Epoch: 20, Loss: 0.3007
Run: 01, Epoch: 20, Train: 93.08%, Valid: 89.92% Test: 76.83%
Run 01:
Highest Train: 93.08
Highest Valid: 89.92
  Final Train: 93.08
   Final Test: 76.83
Run: 02, Epoch: 01, Loss: 1.4286
Run: 02, Epoch: 02, Loss: 0.5412
Run: 02, Epoch: 03, Loss: 0.4506
Run: 02, Epoch: 04, Loss: 0.4077
Run: 02, Epoch: 05, Loss: 0.3818
Run: 02, Epoch: 06, Loss: 0.3645
Run: 02, Epoch: 07, Loss: 0.3546
Run: 02, Epoch: 08, Loss: 0.3506
Run: 02, Epoch: 09, Loss: 0.3421
Run: 02, Epoch: 10, Loss: 0.3316
Run: 02, Epoch: 10, Train: 92.11%, Valid: 89.48% Test: 77.09%
Run: 02, Epoch: 11, Loss: 0.3283
Run: 02, Epoch: 12, Loss: 0.3248
Run: 02, Epoch: 12, Train: 92.39%, Valid: 89.73% Test: 76.95%
Run: 02, Epoch: 13, Loss: 0.3131
Run: 02, Epoch: 14, Loss: 0.3193
Run: 02, Epoch: 14, Train: 92.55%, Valid: 89.80% Test: 76.68%
Run: 02, Epoch: 15, Loss: 0.3122
Run: 02, Epoch: 16, Loss: 0.3140
Run: 02, Epoch: 16, Train: 92.67%, Valid: 89.85% Test: 77.24%
Run: 02, Epoch: 17, Loss: 0.3123
Run: 02, Epoch: 18, Loss: 0.3065
Run: 02, Epoch: 18, Train: 92.88%, Valid: 89.84% Test: 76.87%
Run: 02, Epoch: 19, Loss: 0.3020
Run: 02, Epoch: 20, Loss: 0.3032
Run: 02, Epoch: 20, Train: 93.07%, Valid: 90.03% Test: 77.19%
Run 02:
Highest Train: 93.07
Highest Valid: 90.03
  Final Train: 93.07
   Final Test: 77.19
Run: 03, Epoch: 01, Loss: 1.3819
Run: 03, Epoch: 02, Loss: 0.5358
Run: 03, Epoch: 03, Loss: 0.4508
Run: 03, Epoch: 04, Loss: 0.4118
Run: 03, Epoch: 05, Loss: 0.3822
Run: 03, Epoch: 06, Loss: 0.3713
Run: 03, Epoch: 07, Loss: 0.3619
Run: 03, Epoch: 08, Loss: 0.3519
Run: 03, Epoch: 09, Loss: 0.3459
Run: 03, Epoch: 10, Loss: 0.3360
Run: 03, Epoch: 10, Train: 91.98%, Valid: 89.57% Test: 76.65%
Run: 03, Epoch: 11, Loss: 0.3324
Run: 03, Epoch: 12, Loss: 0.3288
Run: 03, Epoch: 12, Train: 92.33%, Valid: 89.83% Test: 77.06%
Run: 03, Epoch: 13, Loss: 0.3252
Run: 03, Epoch: 14, Loss: 0.3210
Run: 03, Epoch: 14, Train: 92.33%, Valid: 89.85% Test: 76.57%
Run: 03, Epoch: 15, Loss: 0.3151
Run: 03, Epoch: 16, Loss: 0.3203
Run: 03, Epoch: 16, Train: 92.41%, Valid: 90.12% Test: 77.11%
Run: 03, Epoch: 17, Loss: 0.3210
Run: 03, Epoch: 18, Loss: 0.3135
Run: 03, Epoch: 18, Train: 92.80%, Valid: 90.32% Test: 77.36%
Run: 03, Epoch: 19, Loss: 0.3110
Run: 03, Epoch: 20, Loss: 0.3071
Run: 03, Epoch: 20, Train: 93.02%, Valid: 89.92% Test: 76.90%
Run 03:
Highest Train: 93.02
Highest Valid: 90.32
  Final Train: 92.80
   Final Test: 77.36
Run: 04, Epoch: 01, Loss: 1.2792
Run: 04, Epoch: 02, Loss: 0.5200
Run: 04, Epoch: 03, Loss: 0.4401
Run: 04, Epoch: 04, Loss: 0.4086
Run: 04, Epoch: 05, Loss: 0.3843
Run: 04, Epoch: 06, Loss: 0.3696
Run: 04, Epoch: 07, Loss: 0.3528
Run: 04, Epoch: 08, Loss: 0.3488
Run: 04, Epoch: 09, Loss: 0.3417
Run: 04, Epoch: 10, Loss: 0.3336
Run: 04, Epoch: 10, Train: 92.11%, Valid: 89.42% Test: 76.60%
Run: 04, Epoch: 11, Loss: 0.3258
Run: 04, Epoch: 12, Loss: 0.3171
Run: 04, Epoch: 12, Train: 92.49%, Valid: 89.64% Test: 77.28%
Run: 04, Epoch: 13, Loss: 0.3149
Run: 04, Epoch: 14, Loss: 0.3138
Run: 04, Epoch: 14, Train: 92.49%, Valid: 89.88% Test: 76.36%
Run: 04, Epoch: 15, Loss: 0.3158
Run: 04, Epoch: 16, Loss: 0.3210
Run: 04, Epoch: 16, Train: 92.74%, Valid: 89.80% Test: 76.70%
Run: 04, Epoch: 17, Loss: 0.3126
Run: 04, Epoch: 18, Loss: 0.3121
Run: 04, Epoch: 18, Train: 92.67%, Valid: 89.78% Test: 76.64%
Run: 04, Epoch: 19, Loss: 0.3004
Run: 04, Epoch: 20, Loss: 0.3019
Run: 04, Epoch: 20, Train: 92.94%, Valid: 89.80% Test: 77.46%
Run 04:
Highest Train: 92.94
Highest Valid: 89.88
  Final Train: 92.49
   Final Test: 76.36
Run: 05, Epoch: 01, Loss: 1.2443
Run: 05, Epoch: 02, Loss: 0.5162
Run: 05, Epoch: 03, Loss: 0.4392
Run: 05, Epoch: 04, Loss: 0.4038
Run: 05, Epoch: 05, Loss: 0.3832
Run: 05, Epoch: 06, Loss: 0.3690
Run: 05, Epoch: 07, Loss: 0.3557
Run: 05, Epoch: 08, Loss: 0.3428
Run: 05, Epoch: 09, Loss: 0.3410
Run: 05, Epoch: 10, Loss: 0.3328
Run: 05, Epoch: 10, Train: 92.11%, Valid: 89.84% Test: 76.17%
Run: 05, Epoch: 11, Loss: 0.3254
Run: 05, Epoch: 12, Loss: 0.3215
Run: 05, Epoch: 12, Train: 92.45%, Valid: 89.65% Test: 76.97%
Run: 05, Epoch: 13, Loss: 0.3181
Run: 05, Epoch: 14, Loss: 0.3103
Run: 05, Epoch: 14, Train: 92.73%, Valid: 89.81% Test: 77.13%
Run: 05, Epoch: 15, Loss: 0.3116
Run: 05, Epoch: 16, Loss: 0.3119
Run: 05, Epoch: 16, Train: 92.85%, Valid: 89.98% Test: 77.25%
Run: 05, Epoch: 17, Loss: 0.3003
Run: 05, Epoch: 18, Loss: 0.2999
Run: 05, Epoch: 18, Train: 93.09%, Valid: 90.09% Test: 77.10%
Run: 05, Epoch: 19, Loss: 0.2988
Run: 05, Epoch: 20, Loss: 0.3018
Run: 05, Epoch: 20, Train: 93.29%, Valid: 90.13% Test: 76.85%
Run 05:
Highest Train: 93.29
Highest Valid: 90.13
  Final Train: 93.29
   Final Test: 76.85
Run: 06, Epoch: 01, Loss: 1.3238
Run: 06, Epoch: 02, Loss: 0.5260
Run: 06, Epoch: 03, Loss: 0.4521
Run: 06, Epoch: 04, Loss: 0.4001
Run: 06, Epoch: 05, Loss: 0.3833
Run: 06, Epoch: 06, Loss: 0.3707
Run: 06, Epoch: 07, Loss: 0.3571
Run: 06, Epoch: 08, Loss: 0.3442
Run: 06, Epoch: 09, Loss: 0.3381
Run: 06, Epoch: 10, Loss: 0.3349
Run: 06, Epoch: 10, Train: 92.07%, Valid: 89.45% Test: 76.84%
Run: 06, Epoch: 11, Loss: 0.3292
Run: 06, Epoch: 12, Loss: 0.3220
Run: 06, Epoch: 12, Train: 92.31%, Valid: 89.66% Test: 76.64%
Run: 06, Epoch: 13, Loss: 0.3182
Run: 06, Epoch: 14, Loss: 0.3244
Run: 06, Epoch: 14, Train: 92.33%, Valid: 89.78% Test: 76.69%
Run: 06, Epoch: 15, Loss: 0.3093
Run: 06, Epoch: 16, Loss: 0.3113
Run: 06, Epoch: 16, Train: 92.80%, Valid: 89.73% Test: 76.55%
Run: 06, Epoch: 17, Loss: 0.3101
Run: 06, Epoch: 18, Loss: 0.3043
Run: 06, Epoch: 18, Train: 93.04%, Valid: 89.81% Test: 77.18%
Run: 06, Epoch: 19, Loss: 0.3049
Run: 06, Epoch: 20, Loss: 0.3057
Run: 06, Epoch: 20, Train: 93.18%, Valid: 89.78% Test: 77.48%
Run 06:
Highest Train: 93.18
Highest Valid: 89.81
  Final Train: 93.04
   Final Test: 77.18
Run: 07, Epoch: 01, Loss: 1.3694
Run: 07, Epoch: 02, Loss: 0.5308
Run: 07, Epoch: 03, Loss: 0.4532
Run: 07, Epoch: 04, Loss: 0.4098
Run: 07, Epoch: 05, Loss: 0.3886
Run: 07, Epoch: 06, Loss: 0.3743
Run: 07, Epoch: 07, Loss: 0.3647
Run: 07, Epoch: 08, Loss: 0.3579
Run: 07, Epoch: 09, Loss: 0.3473
Run: 07, Epoch: 10, Loss: 0.3450
Run: 07, Epoch: 10, Train: 92.12%, Valid: 89.56% Test: 76.77%
Run: 07, Epoch: 11, Loss: 0.3324
Run: 07, Epoch: 12, Loss: 0.3222
Run: 07, Epoch: 12, Train: 92.47%, Valid: 90.04% Test: 77.34%
Run: 07, Epoch: 13, Loss: 0.3162
Run: 07, Epoch: 14, Loss: 0.3143
Run: 07, Epoch: 14, Train: 92.33%, Valid: 89.85% Test: 76.80%
Run: 07, Epoch: 15, Loss: 0.3084
Run: 07, Epoch: 16, Loss: 0.3118
Run: 07, Epoch: 16, Train: 92.79%, Valid: 89.94% Test: 77.03%
Run: 07, Epoch: 17, Loss: 0.3103
Run: 07, Epoch: 18, Loss: 0.3087
Run: 07, Epoch: 18, Train: 93.04%, Valid: 89.93% Test: 77.17%
Run: 07, Epoch: 19, Loss: 0.3014
Run: 07, Epoch: 20, Loss: 0.3045
Run: 07, Epoch: 20, Train: 93.03%, Valid: 89.99% Test: 77.33%
Run 07:
Highest Train: 93.04
Highest Valid: 90.04
  Final Train: 92.47
   Final Test: 77.34
Run: 08, Epoch: 01, Loss: 1.2496
Run: 08, Epoch: 02, Loss: 0.5153
Run: 08, Epoch: 03, Loss: 0.4389
Run: 08, Epoch: 04, Loss: 0.4019
Run: 08, Epoch: 05, Loss: 0.3759
Run: 08, Epoch: 06, Loss: 0.3719
Run: 08, Epoch: 07, Loss: 0.3555
Run: 08, Epoch: 08, Loss: 0.3442
Run: 08, Epoch: 09, Loss: 0.3334
Run: 08, Epoch: 10, Loss: 0.3221
Run: 08, Epoch: 10, Train: 92.10%, Valid: 89.53% Test: 76.84%
Run: 08, Epoch: 11, Loss: 0.3294
Run: 08, Epoch: 12, Loss: 0.3246
Run: 08, Epoch: 12, Train: 92.38%, Valid: 89.73% Test: 77.36%
Run: 08, Epoch: 13, Loss: 0.3114
Run: 08, Epoch: 14, Loss: 0.3107
Run: 08, Epoch: 14, Train: 92.52%, Valid: 89.87% Test: 77.33%
Run: 08, Epoch: 15, Loss: 0.3094
Run: 08, Epoch: 16, Loss: 0.3136
Run: 08, Epoch: 16, Train: 92.72%, Valid: 90.03% Test: 76.73%
Run: 08, Epoch: 17, Loss: 0.3062
Run: 08, Epoch: 18, Loss: 0.3042
Run: 08, Epoch: 18, Train: 93.18%, Valid: 90.14% Test: 76.54%
Run: 08, Epoch: 19, Loss: 0.3012
Run: 08, Epoch: 20, Loss: 0.2982
Run: 08, Epoch: 20, Train: 93.06%, Valid: 89.90% Test: 77.12%
Run 08:
Highest Train: 93.18
Highest Valid: 90.14
  Final Train: 93.18
   Final Test: 76.54
Run: 09, Epoch: 01, Loss: 1.3047
Run: 09, Epoch: 02, Loss: 0.5152
Run: 09, Epoch: 03, Loss: 0.4392
Run: 09, Epoch: 04, Loss: 0.4035
Run: 09, Epoch: 05, Loss: 0.3841
Run: 09, Epoch: 06, Loss: 0.3617
Run: 09, Epoch: 07, Loss: 0.3523
Run: 09, Epoch: 08, Loss: 0.3495
Run: 09, Epoch: 09, Loss: 0.3379
Run: 09, Epoch: 10, Loss: 0.3324
Run: 09, Epoch: 10, Train: 92.06%, Valid: 89.55% Test: 75.97%
Run: 09, Epoch: 11, Loss: 0.3218
Run: 09, Epoch: 12, Loss: 0.3160
Run: 09, Epoch: 12, Train: 92.46%, Valid: 89.83% Test: 76.84%
Run: 09, Epoch: 13, Loss: 0.3143
Run: 09, Epoch: 14, Loss: 0.3160
Run: 09, Epoch: 14, Train: 92.79%, Valid: 89.69% Test: 75.60%
Run: 09, Epoch: 15, Loss: 0.3105
Run: 09, Epoch: 16, Loss: 0.3070
Run: 09, Epoch: 16, Train: 92.80%, Valid: 89.76% Test: 76.30%
Run: 09, Epoch: 17, Loss: 0.3106
Run: 09, Epoch: 18, Loss: 0.3058
Run: 09, Epoch: 18, Train: 92.83%, Valid: 90.01% Test: 76.16%
Run: 09, Epoch: 19, Loss: 0.3121
Run: 09, Epoch: 20, Loss: 0.3109
Run: 09, Epoch: 20, Train: 92.88%, Valid: 89.70% Test: 76.94%
Run 09:
Highest Train: 92.88
Highest Valid: 90.01
  Final Train: 92.83
   Final Test: 76.16
Run: 10, Epoch: 01, Loss: 1.3154
Run: 10, Epoch: 02, Loss: 0.5239
Run: 10, Epoch: 03, Loss: 0.4480
Run: 10, Epoch: 04, Loss: 0.4055
Run: 10, Epoch: 05, Loss: 0.3826
Run: 10, Epoch: 06, Loss: 0.3684
Run: 10, Epoch: 07, Loss: 0.3511
Run: 10, Epoch: 08, Loss: 0.3512
Run: 10, Epoch: 09, Loss: 0.3429
Run: 10, Epoch: 10, Loss: 0.3305
Run: 10, Epoch: 10, Train: 92.05%, Valid: 89.56% Test: 76.54%
Run: 10, Epoch: 11, Loss: 0.3312
Run: 10, Epoch: 12, Loss: 0.3232
Run: 10, Epoch: 12, Train: 92.19%, Valid: 89.67% Test: 76.87%
Run: 10, Epoch: 13, Loss: 0.3220
Run: 10, Epoch: 14, Loss: 0.3151
Run: 10, Epoch: 14, Train: 92.65%, Valid: 89.73% Test: 77.59%
Run: 10, Epoch: 15, Loss: 0.3127
Run: 10, Epoch: 16, Loss: 0.3110
Run: 10, Epoch: 16, Train: 92.61%, Valid: 89.89% Test: 77.68%
Run: 10, Epoch: 17, Loss: 0.3103
Run: 10, Epoch: 18, Loss: 0.3124
Run: 10, Epoch: 18, Train: 92.94%, Valid: 89.75% Test: 77.26%
Run: 10, Epoch: 19, Loss: 0.3046
Run: 10, Epoch: 20, Loss: 0.3031
Run: 10, Epoch: 20, Train: 93.14%, Valid: 89.78% Test: 77.58%
Run 10:
Highest Train: 93.14
Highest Valid: 89.89
  Final Train: 92.61
   Final Test: 77.68
All runs:
Highest Train: 93.08 ± 0.12
Highest Valid: 90.02 ± 0.15
  Final Train: 92.88 ± 0.29
   Final Test: 76.95 ± 0.49
