Namespace(device=0, log_steps=1, inductive=False, num_layers=3, hidden_channels=256, dropout=0.5, batch_size=20000, walk_length=3, lr=0.01, num_steps=30, epochs=20, eval_steps=2, runs=10, rsv=0.25)
tensor([ 11772,  53354, 127854,  ...,  79891, 170738, 101523]) 49153
tensor([222340, 232877, 217134,  ..., 229572, 228192, 207472]) 9830
Run: 01, Epoch: 01, Loss: 1.3077
Run: 01, Epoch: 02, Loss: 0.5255
Run: 01, Epoch: 03, Loss: 0.4433
Run: 01, Epoch: 04, Loss: 0.4071
Run: 01, Epoch: 05, Loss: 0.3902
Run: 01, Epoch: 06, Loss: 0.3708
Run: 01, Epoch: 07, Loss: 0.3526
Run: 01, Epoch: 08, Loss: 0.3520
Run: 01, Epoch: 09, Loss: 0.3438
Run: 01, Epoch: 10, Loss: 0.3372
Run: 01, Epoch: 10, Train: 92.03%, Valid: 89.76% Test: 77.76%
Run: 01, Epoch: 11, Loss: 0.3293
Run: 01, Epoch: 12, Loss: 0.3256
Run: 01, Epoch: 12, Train: 92.15%, Valid: 89.75% Test: 77.09%
Run: 01, Epoch: 13, Loss: 0.3258
Run: 01, Epoch: 14, Loss: 0.3202
Run: 01, Epoch: 14, Train: 92.52%, Valid: 90.07% Test: 77.67%
Run: 01, Epoch: 15, Loss: 0.3156
Run: 01, Epoch: 16, Loss: 0.3108
Run: 01, Epoch: 16, Train: 92.74%, Valid: 90.05% Test: 78.12%
Run: 01, Epoch: 17, Loss: 0.3069
Run: 01, Epoch: 18, Loss: 0.3119
Run: 01, Epoch: 18, Train: 92.88%, Valid: 90.43% Test: 77.14%
Run: 01, Epoch: 19, Loss: 0.3134
Run: 01, Epoch: 20, Loss: 0.3044
Run: 01, Epoch: 20, Train: 92.94%, Valid: 90.36% Test: 77.11%
Run 01:
Highest Train: 92.94
Highest Valid: 90.43
  Final Train: 92.88
   Final Test: 77.14
Run: 02, Epoch: 01, Loss: 1.4427
Run: 02, Epoch: 02, Loss: 0.5429
Run: 02, Epoch: 03, Loss: 0.4504
Run: 02, Epoch: 04, Loss: 0.4122
Run: 02, Epoch: 05, Loss: 0.3842
Run: 02, Epoch: 06, Loss: 0.3690
Run: 02, Epoch: 07, Loss: 0.3622
Run: 02, Epoch: 08, Loss: 0.3535
Run: 02, Epoch: 09, Loss: 0.3547
Run: 02, Epoch: 10, Loss: 0.3398
Run: 02, Epoch: 10, Train: 91.85%, Valid: 89.89% Test: 77.93%
Run: 02, Epoch: 11, Loss: 0.3328
Run: 02, Epoch: 12, Loss: 0.3307
Run: 02, Epoch: 12, Train: 92.26%, Valid: 90.54% Test: 77.29%
Run: 02, Epoch: 13, Loss: 0.3143
Run: 02, Epoch: 14, Loss: 0.3180
Run: 02, Epoch: 14, Train: 92.39%, Valid: 90.25% Test: 77.58%
Run: 02, Epoch: 15, Loss: 0.3184
Run: 02, Epoch: 16, Loss: 0.3203
Run: 02, Epoch: 16, Train: 92.62%, Valid: 90.21% Test: 77.34%
Run: 02, Epoch: 17, Loss: 0.3129
Run: 02, Epoch: 18, Loss: 0.3094
Run: 02, Epoch: 18, Train: 92.78%, Valid: 90.25% Test: 77.46%
Run: 02, Epoch: 19, Loss: 0.3042
Run: 02, Epoch: 20, Loss: 0.3066
Run: 02, Epoch: 20, Train: 93.08%, Valid: 90.43% Test: 77.82%
Run 02:
Highest Train: 93.08
Highest Valid: 90.54
  Final Train: 92.26
   Final Test: 77.29
Run: 03, Epoch: 01, Loss: 1.3892
Run: 03, Epoch: 02, Loss: 0.5314
Run: 03, Epoch: 03, Loss: 0.4502
Run: 03, Epoch: 04, Loss: 0.4125
Run: 03, Epoch: 05, Loss: 0.3838
Run: 03, Epoch: 06, Loss: 0.3731
Run: 03, Epoch: 07, Loss: 0.3620
Run: 03, Epoch: 08, Loss: 0.3519
Run: 03, Epoch: 09, Loss: 0.3449
Run: 03, Epoch: 10, Loss: 0.3399
Run: 03, Epoch: 10, Train: 91.86%, Valid: 90.00% Test: 77.22%
Run: 03, Epoch: 11, Loss: 0.3338
Run: 03, Epoch: 12, Loss: 0.3340
Run: 03, Epoch: 12, Train: 92.31%, Valid: 90.05% Test: 77.62%
Run: 03, Epoch: 13, Loss: 0.3238
Run: 03, Epoch: 14, Loss: 0.3223
Run: 03, Epoch: 14, Train: 92.40%, Valid: 90.12% Test: 77.55%
Run: 03, Epoch: 15, Loss: 0.3146
Run: 03, Epoch: 16, Loss: 0.3166
Run: 03, Epoch: 16, Train: 92.49%, Valid: 90.40% Test: 77.54%
Run: 03, Epoch: 17, Loss: 0.3193
Run: 03, Epoch: 18, Loss: 0.3173
Run: 03, Epoch: 18, Train: 92.71%, Valid: 90.31% Test: 77.70%
Run: 03, Epoch: 19, Loss: 0.3149
Run: 03, Epoch: 20, Loss: 0.3133
Run: 03, Epoch: 20, Train: 92.95%, Valid: 90.22% Test: 77.70%
Run 03:
Highest Train: 92.95
Highest Valid: 90.40
  Final Train: 92.49
   Final Test: 77.54
Run: 04, Epoch: 01, Loss: 1.2789
Run: 04, Epoch: 02, Loss: 0.5154
Run: 04, Epoch: 03, Loss: 0.4394
Run: 04, Epoch: 04, Loss: 0.4107
Run: 04, Epoch: 05, Loss: 0.3817
Run: 04, Epoch: 06, Loss: 0.3668
Run: 04, Epoch: 07, Loss: 0.3571
Run: 04, Epoch: 08, Loss: 0.3524
Run: 04, Epoch: 09, Loss: 0.3434
Run: 04, Epoch: 10, Loss: 0.3326
Run: 04, Epoch: 10, Train: 92.20%, Valid: 90.01% Test: 77.78%
Run: 04, Epoch: 11, Loss: 0.3244
Run: 04, Epoch: 12, Loss: 0.3190
Run: 04, Epoch: 12, Train: 92.26%, Valid: 90.02% Test: 78.06%
Run: 04, Epoch: 13, Loss: 0.3198
Run: 04, Epoch: 14, Loss: 0.3179
Run: 04, Epoch: 14, Train: 92.45%, Valid: 90.25% Test: 76.81%
Run: 04, Epoch: 15, Loss: 0.3157
Run: 04, Epoch: 16, Loss: 0.3148
Run: 04, Epoch: 16, Train: 92.65%, Valid: 90.00% Test: 76.80%
Run: 04, Epoch: 17, Loss: 0.3149
Run: 04, Epoch: 18, Loss: 0.3130
Run: 04, Epoch: 18, Train: 92.79%, Valid: 90.22% Test: 76.68%
Run: 04, Epoch: 19, Loss: 0.3028
Run: 04, Epoch: 20, Loss: 0.3053
Run: 04, Epoch: 20, Train: 92.93%, Valid: 90.27% Test: 77.79%
Run 04:
Highest Train: 92.93
Highest Valid: 90.27
  Final Train: 92.93
   Final Test: 77.79
Run: 05, Epoch: 01, Loss: 1.2588
Run: 05, Epoch: 02, Loss: 0.5206
Run: 05, Epoch: 03, Loss: 0.4370
Run: 05, Epoch: 04, Loss: 0.4074
Run: 05, Epoch: 05, Loss: 0.3851
Run: 05, Epoch: 06, Loss: 0.3683
Run: 05, Epoch: 07, Loss: 0.3572
Run: 05, Epoch: 08, Loss: 0.3443
Run: 05, Epoch: 09, Loss: 0.3452
Run: 05, Epoch: 10, Loss: 0.3395
Run: 05, Epoch: 10, Train: 91.97%, Valid: 89.93% Test: 76.45%
Run: 05, Epoch: 11, Loss: 0.3303
Run: 05, Epoch: 12, Loss: 0.3261
Run: 05, Epoch: 12, Train: 92.26%, Valid: 90.12% Test: 77.13%
Run: 05, Epoch: 13, Loss: 0.3229
Run: 05, Epoch: 14, Loss: 0.3139
Run: 05, Epoch: 14, Train: 92.49%, Valid: 90.18% Test: 77.61%
Run: 05, Epoch: 15, Loss: 0.3153
Run: 05, Epoch: 16, Loss: 0.3098
Run: 05, Epoch: 16, Train: 92.67%, Valid: 90.26% Test: 77.58%
Run: 05, Epoch: 17, Loss: 0.3065
Run: 05, Epoch: 18, Loss: 0.3052
Run: 05, Epoch: 18, Train: 93.06%, Valid: 90.31% Test: 77.01%
Run: 05, Epoch: 19, Loss: 0.3015
Run: 05, Epoch: 20, Loss: 0.3082
Run: 05, Epoch: 20, Train: 93.06%, Valid: 90.43% Test: 77.09%
Run 05:
Highest Train: 93.06
Highest Valid: 90.43
  Final Train: 93.06
   Final Test: 77.09
Run: 06, Epoch: 01, Loss: 1.3316
Run: 06, Epoch: 02, Loss: 0.5243
Run: 06, Epoch: 03, Loss: 0.4464
Run: 06, Epoch: 04, Loss: 0.4045
Run: 06, Epoch: 05, Loss: 0.3862
Run: 06, Epoch: 06, Loss: 0.3712
Run: 06, Epoch: 07, Loss: 0.3607
Run: 06, Epoch: 08, Loss: 0.3439
Run: 06, Epoch: 09, Loss: 0.3380
Run: 06, Epoch: 10, Loss: 0.3404
Run: 06, Epoch: 10, Train: 92.02%, Valid: 90.06% Test: 77.75%
Run: 06, Epoch: 11, Loss: 0.3329
Run: 06, Epoch: 12, Loss: 0.3262
Run: 06, Epoch: 12, Train: 92.41%, Valid: 90.06% Test: 77.12%
Run: 06, Epoch: 13, Loss: 0.3213
Run: 06, Epoch: 14, Loss: 0.3150
Run: 06, Epoch: 14, Train: 92.47%, Valid: 90.03% Test: 77.39%
Run: 06, Epoch: 15, Loss: 0.3082
Run: 06, Epoch: 16, Loss: 0.3120
Run: 06, Epoch: 16, Train: 92.90%, Valid: 90.25% Test: 77.33%
Run: 06, Epoch: 17, Loss: 0.3158
Run: 06, Epoch: 18, Loss: 0.3083
Run: 06, Epoch: 18, Train: 93.10%, Valid: 90.34% Test: 77.81%
Run: 06, Epoch: 19, Loss: 0.3072
Run: 06, Epoch: 20, Loss: 0.3082
Run: 06, Epoch: 20, Train: 93.10%, Valid: 90.54% Test: 78.52%
Run 06:
Highest Train: 93.10
Highest Valid: 90.54
  Final Train: 93.10
   Final Test: 78.52
Run: 07, Epoch: 01, Loss: 1.3769
Run: 07, Epoch: 02, Loss: 0.5313
Run: 07, Epoch: 03, Loss: 0.4515
Run: 07, Epoch: 04, Loss: 0.4133
Run: 07, Epoch: 05, Loss: 0.3870
Run: 07, Epoch: 06, Loss: 0.3701
Run: 07, Epoch: 07, Loss: 0.3612
Run: 07, Epoch: 08, Loss: 0.3516
Run: 07, Epoch: 09, Loss: 0.3448
Run: 07, Epoch: 10, Loss: 0.3410
Run: 07, Epoch: 10, Train: 91.94%, Valid: 89.83% Test: 77.05%
Run: 07, Epoch: 11, Loss: 0.3356
Run: 07, Epoch: 12, Loss: 0.3262
Run: 07, Epoch: 12, Train: 92.36%, Valid: 89.97% Test: 77.31%
Run: 07, Epoch: 13, Loss: 0.3216
Run: 07, Epoch: 14, Loss: 0.3222
Run: 07, Epoch: 14, Train: 92.32%, Valid: 89.92% Test: 76.91%
Run: 07, Epoch: 15, Loss: 0.3144
Run: 07, Epoch: 16, Loss: 0.3161
Run: 07, Epoch: 16, Train: 92.70%, Valid: 90.18% Test: 77.54%
Run: 07, Epoch: 17, Loss: 0.3133
Run: 07, Epoch: 18, Loss: 0.3134
Run: 07, Epoch: 18, Train: 92.83%, Valid: 90.11% Test: 77.08%
Run: 07, Epoch: 19, Loss: 0.3040
Run: 07, Epoch: 20, Loss: 0.3055
Run: 07, Epoch: 20, Train: 93.13%, Valid: 90.23% Test: 77.31%
Run 07:
Highest Train: 93.13
Highest Valid: 90.23
  Final Train: 93.13
   Final Test: 77.31
Run: 08, Epoch: 01, Loss: 1.2514
Run: 08, Epoch: 02, Loss: 0.5148
Run: 08, Epoch: 03, Loss: 0.4422
Run: 08, Epoch: 04, Loss: 0.4037
Run: 08, Epoch: 05, Loss: 0.3770
Run: 08, Epoch: 06, Loss: 0.3702
Run: 08, Epoch: 07, Loss: 0.3517
Run: 08, Epoch: 08, Loss: 0.3473
Run: 08, Epoch: 09, Loss: 0.3385
Run: 08, Epoch: 10, Loss: 0.3349
Run: 08, Epoch: 10, Train: 92.11%, Valid: 90.12% Test: 77.50%
Run: 08, Epoch: 11, Loss: 0.3363
Run: 08, Epoch: 12, Loss: 0.3261
Run: 08, Epoch: 12, Train: 92.41%, Valid: 90.10% Test: 77.76%
Run: 08, Epoch: 13, Loss: 0.3191
Run: 08, Epoch: 14, Loss: 0.3212
Run: 08, Epoch: 14, Train: 92.46%, Valid: 90.17% Test: 77.87%
Run: 08, Epoch: 15, Loss: 0.3160
Run: 08, Epoch: 16, Loss: 0.3130
Run: 08, Epoch: 16, Train: 92.71%, Valid: 90.49% Test: 76.98%
Run: 08, Epoch: 17, Loss: 0.3096
Run: 08, Epoch: 18, Loss: 0.3116
Run: 08, Epoch: 18, Train: 92.92%, Valid: 90.43% Test: 77.38%
Run: 08, Epoch: 19, Loss: 0.3045
Run: 08, Epoch: 20, Loss: 0.3049
Run: 08, Epoch: 20, Train: 92.95%, Valid: 90.48% Test: 77.59%
Run 08:
Highest Train: 92.95
Highest Valid: 90.49
  Final Train: 92.71
   Final Test: 76.98
Run: 09, Epoch: 01, Loss: 1.3014
Run: 09, Epoch: 02, Loss: 0.5137
Run: 09, Epoch: 03, Loss: 0.4416
Run: 09, Epoch: 04, Loss: 0.4022
Run: 09, Epoch: 05, Loss: 0.3853
Run: 09, Epoch: 06, Loss: 0.3656
Run: 09, Epoch: 07, Loss: 0.3624
Run: 09, Epoch: 08, Loss: 0.3601
Run: 09, Epoch: 09, Loss: 0.3482
Run: 09, Epoch: 10, Loss: 0.3330
Run: 09, Epoch: 10, Train: 92.12%, Valid: 89.95% Test: 76.27%
Run: 09, Epoch: 11, Loss: 0.3277
Run: 09, Epoch: 12, Loss: 0.3202
Run: 09, Epoch: 12, Train: 92.35%, Valid: 90.03% Test: 77.27%
Run: 09, Epoch: 13, Loss: 0.3234
Run: 09, Epoch: 14, Loss: 0.3271
Run: 09, Epoch: 14, Train: 92.46%, Valid: 90.14% Test: 76.90%
Run: 09, Epoch: 15, Loss: 0.3161
Run: 09, Epoch: 16, Loss: 0.3149
Run: 09, Epoch: 16, Train: 92.65%, Valid: 90.19% Test: 77.36%
Run: 09, Epoch: 17, Loss: 0.3083
Run: 09, Epoch: 18, Loss: 0.3079
Run: 09, Epoch: 18, Train: 92.79%, Valid: 90.47% Test: 77.35%
Run: 09, Epoch: 19, Loss: 0.3042
Run: 09, Epoch: 20, Loss: 0.2990
Run: 09, Epoch: 20, Train: 93.12%, Valid: 90.37% Test: 77.82%
Run 09:
Highest Train: 93.12
Highest Valid: 90.47
  Final Train: 92.79
   Final Test: 77.35
Run: 10, Epoch: 01, Loss: 1.3270
Run: 10, Epoch: 02, Loss: 0.5250
Run: 10, Epoch: 03, Loss: 0.4431
Run: 10, Epoch: 04, Loss: 0.4084
Run: 10, Epoch: 05, Loss: 0.3870
Run: 10, Epoch: 06, Loss: 0.3701
Run: 10, Epoch: 07, Loss: 0.3554
Run: 10, Epoch: 08, Loss: 0.3486
Run: 10, Epoch: 09, Loss: 0.3462
Run: 10, Epoch: 10, Loss: 0.3386
Run: 10, Epoch: 10, Train: 91.87%, Valid: 89.99% Test: 77.06%
Run: 10, Epoch: 11, Loss: 0.3351
Run: 10, Epoch: 12, Loss: 0.3265
Run: 10, Epoch: 12, Train: 92.34%, Valid: 90.31% Test: 76.93%
Run: 10, Epoch: 13, Loss: 0.3186
Run: 10, Epoch: 14, Loss: 0.3224
Run: 10, Epoch: 14, Train: 92.45%, Valid: 90.08% Test: 77.87%
Run: 10, Epoch: 15, Loss: 0.3168
Run: 10, Epoch: 16, Loss: 0.3124
Run: 10, Epoch: 16, Train: 92.55%, Valid: 90.09% Test: 77.83%
Run: 10, Epoch: 17, Loss: 0.3106
Run: 10, Epoch: 18, Loss: 0.3093
Run: 10, Epoch: 18, Train: 92.77%, Valid: 90.36% Test: 77.04%
Run: 10, Epoch: 19, Loss: 0.3059
Run: 10, Epoch: 20, Loss: 0.3040
Run: 10, Epoch: 20, Train: 93.09%, Valid: 90.40% Test: 77.17%
Run 10:
Highest Train: 93.09
Highest Valid: 90.40
  Final Train: 93.09
   Final Test: 77.17
All runs:
Highest Train: 93.04 ± 0.08
Highest Valid: 90.42 ± 0.10
  Final Train: 92.84 ± 0.29
   Final Test: 77.42 ± 0.45
