Namespace(device=0, log_steps=1, inductive=False, num_layers=3, hidden_channels=256, dropout=0.5, batch_size=20000, walk_length=3, lr=0.01, num_steps=30, epochs=20, eval_steps=2, runs=10, rsv=0.3)
tensor([ 11772,  53354, 127854,  ..., 110904,   4533, 142466]) 58984
tensor([222340, 232877, 217134,  ..., 213931, 229892, 206464]) 11796
Run: 01, Epoch: 01, Loss: 1.3001
Run: 01, Epoch: 02, Loss: 0.5221
Run: 01, Epoch: 03, Loss: 0.4438
Run: 01, Epoch: 04, Loss: 0.4058
Run: 01, Epoch: 05, Loss: 0.3906
Run: 01, Epoch: 06, Loss: 0.3712
Run: 01, Epoch: 07, Loss: 0.3535
Run: 01, Epoch: 08, Loss: 0.3509
Run: 01, Epoch: 09, Loss: 0.3442
Run: 01, Epoch: 10, Loss: 0.3425
Run: 01, Epoch: 10, Train: 92.02%, Valid: 90.52% Test: 77.64%
Run: 01, Epoch: 11, Loss: 0.3331
Run: 01, Epoch: 12, Loss: 0.3296
Run: 01, Epoch: 12, Train: 92.25%, Valid: 90.34% Test: 77.06%
Run: 01, Epoch: 13, Loss: 0.3304
Run: 01, Epoch: 14, Loss: 0.3234
Run: 01, Epoch: 14, Train: 92.53%, Valid: 90.60% Test: 78.05%
Run: 01, Epoch: 15, Loss: 0.3171
Run: 01, Epoch: 16, Loss: 0.3134
Run: 01, Epoch: 16, Train: 92.72%, Valid: 90.69% Test: 77.87%
Run: 01, Epoch: 17, Loss: 0.3120
Run: 01, Epoch: 18, Loss: 0.3143
Run: 01, Epoch: 18, Train: 92.77%, Valid: 90.53% Test: 77.09%
Run: 01, Epoch: 19, Loss: 0.3130
Run: 01, Epoch: 20, Loss: 0.3109
Run: 01, Epoch: 20, Train: 92.92%, Valid: 90.76% Test: 77.86%
Run 01:
Highest Train: 92.92
Highest Valid: 90.76
  Final Train: 92.92
   Final Test: 77.86
Run: 02, Epoch: 01, Loss: 1.4357
Run: 02, Epoch: 02, Loss: 0.5391
Run: 02, Epoch: 03, Loss: 0.4488
Run: 02, Epoch: 04, Loss: 0.4106
Run: 02, Epoch: 05, Loss: 0.3857
Run: 02, Epoch: 06, Loss: 0.3692
Run: 02, Epoch: 07, Loss: 0.3619
Run: 02, Epoch: 08, Loss: 0.3533
Run: 02, Epoch: 09, Loss: 0.3551
Run: 02, Epoch: 10, Loss: 0.3433
Run: 02, Epoch: 10, Train: 92.04%, Valid: 90.14% Test: 77.96%
Run: 02, Epoch: 11, Loss: 0.3347
Run: 02, Epoch: 12, Loss: 0.3399
Run: 02, Epoch: 12, Train: 92.12%, Valid: 90.69% Test: 77.66%
Run: 02, Epoch: 13, Loss: 0.3249
Run: 02, Epoch: 14, Loss: 0.3293
Run: 02, Epoch: 14, Train: 92.37%, Valid: 90.53% Test: 78.02%
Run: 02, Epoch: 15, Loss: 0.3227
Run: 02, Epoch: 16, Loss: 0.3200
Run: 02, Epoch: 16, Train: 92.57%, Valid: 90.60% Test: 77.75%
Run: 02, Epoch: 17, Loss: 0.3154
Run: 02, Epoch: 18, Loss: 0.3121
Run: 02, Epoch: 18, Train: 92.73%, Valid: 90.53% Test: 77.83%
Run: 02, Epoch: 19, Loss: 0.3072
Run: 02, Epoch: 20, Loss: 0.3169
Run: 02, Epoch: 20, Train: 92.74%, Valid: 90.58% Test: 78.04%
Run 02:
Highest Train: 92.74
Highest Valid: 90.69
  Final Train: 92.12
   Final Test: 77.66
Run: 03, Epoch: 01, Loss: 1.3826
Run: 03, Epoch: 02, Loss: 0.5310
Run: 03, Epoch: 03, Loss: 0.4491
Run: 03, Epoch: 04, Loss: 0.4148
Run: 03, Epoch: 05, Loss: 0.3865
Run: 03, Epoch: 06, Loss: 0.3742
Run: 03, Epoch: 07, Loss: 0.3627
Run: 03, Epoch: 08, Loss: 0.3553
Run: 03, Epoch: 09, Loss: 0.3446
Run: 03, Epoch: 10, Loss: 0.3355
Run: 03, Epoch: 10, Train: 91.99%, Valid: 90.33% Test: 77.82%
Run: 03, Epoch: 11, Loss: 0.3343
Run: 03, Epoch: 12, Loss: 0.3302
Run: 03, Epoch: 12, Train: 92.39%, Valid: 90.69% Test: 77.78%
Run: 03, Epoch: 13, Loss: 0.3270
Run: 03, Epoch: 14, Loss: 0.3313
Run: 03, Epoch: 14, Train: 92.20%, Valid: 90.22% Test: 78.02%
Run: 03, Epoch: 15, Loss: 0.3255
Run: 03, Epoch: 16, Loss: 0.3231
Run: 03, Epoch: 16, Train: 92.61%, Valid: 90.67% Test: 78.01%
Run: 03, Epoch: 17, Loss: 0.3180
Run: 03, Epoch: 18, Loss: 0.3171
Run: 03, Epoch: 18, Train: 92.78%, Valid: 90.55% Test: 78.23%
Run: 03, Epoch: 19, Loss: 0.3175
Run: 03, Epoch: 20, Loss: 0.3140
Run: 03, Epoch: 20, Train: 92.92%, Valid: 90.63% Test: 77.76%
Run 03:
Highest Train: 92.92
Highest Valid: 90.69
  Final Train: 92.39
   Final Test: 77.78
Run: 04, Epoch: 01, Loss: 1.2792
Run: 04, Epoch: 02, Loss: 0.5131
Run: 04, Epoch: 03, Loss: 0.4366
Run: 04, Epoch: 04, Loss: 0.4090
Run: 04, Epoch: 05, Loss: 0.3824
Run: 04, Epoch: 06, Loss: 0.3685
Run: 04, Epoch: 07, Loss: 0.3575
Run: 04, Epoch: 08, Loss: 0.3514
Run: 04, Epoch: 09, Loss: 0.3464
Run: 04, Epoch: 10, Loss: 0.3374
Run: 04, Epoch: 10, Train: 92.03%, Valid: 90.28% Test: 77.96%
Run: 04, Epoch: 11, Loss: 0.3286
Run: 04, Epoch: 12, Loss: 0.3210
Run: 04, Epoch: 12, Train: 92.43%, Valid: 90.47% Test: 77.94%
Run: 04, Epoch: 13, Loss: 0.3178
Run: 04, Epoch: 14, Loss: 0.3156
Run: 04, Epoch: 14, Train: 92.61%, Valid: 90.67% Test: 77.10%
Run: 04, Epoch: 15, Loss: 0.3158
Run: 04, Epoch: 16, Loss: 0.3162
Run: 04, Epoch: 16, Train: 92.65%, Valid: 90.63% Test: 77.39%
Run: 04, Epoch: 17, Loss: 0.3135
Run: 04, Epoch: 18, Loss: 0.3078
Run: 04, Epoch: 18, Train: 92.74%, Valid: 90.58% Test: 77.26%
Run: 04, Epoch: 19, Loss: 0.3082
Run: 04, Epoch: 20, Loss: 0.3075
Run: 04, Epoch: 20, Train: 92.89%, Valid: 90.45% Test: 78.00%
Run 04:
Highest Train: 92.89
Highest Valid: 90.67
  Final Train: 92.61
   Final Test: 77.10
Run: 05, Epoch: 01, Loss: 1.2523
Run: 05, Epoch: 02, Loss: 0.5167
Run: 05, Epoch: 03, Loss: 0.4359
Run: 05, Epoch: 04, Loss: 0.4085
Run: 05, Epoch: 05, Loss: 0.3834
Run: 05, Epoch: 06, Loss: 0.3671
Run: 05, Epoch: 07, Loss: 0.3602
Run: 05, Epoch: 08, Loss: 0.3453
Run: 05, Epoch: 09, Loss: 0.3409
Run: 05, Epoch: 10, Loss: 0.3418
Run: 05, Epoch: 10, Train: 91.84%, Valid: 90.27% Test: 76.48%
Run: 05, Epoch: 11, Loss: 0.3290
Run: 05, Epoch: 12, Loss: 0.3285
Run: 05, Epoch: 12, Train: 92.27%, Valid: 90.34% Test: 77.71%
Run: 05, Epoch: 13, Loss: 0.3219
Run: 05, Epoch: 14, Loss: 0.3151
Run: 05, Epoch: 14, Train: 92.54%, Valid: 90.67% Test: 77.97%
Run: 05, Epoch: 15, Loss: 0.3154
Run: 05, Epoch: 16, Loss: 0.3141
Run: 05, Epoch: 16, Train: 92.71%, Valid: 90.61% Test: 78.28%
Run: 05, Epoch: 17, Loss: 0.3082
Run: 05, Epoch: 18, Loss: 0.3045
Run: 05, Epoch: 18, Train: 92.92%, Valid: 90.59% Test: 77.59%
Run: 05, Epoch: 19, Loss: 0.3046
Run: 05, Epoch: 20, Loss: 0.3088
Run: 05, Epoch: 20, Train: 93.03%, Valid: 90.87% Test: 77.73%
Run 05:
Highest Train: 93.03
Highest Valid: 90.87
  Final Train: 93.03
   Final Test: 77.73
Run: 06, Epoch: 01, Loss: 1.3242
Run: 06, Epoch: 02, Loss: 0.5266
Run: 06, Epoch: 03, Loss: 0.4496
Run: 06, Epoch: 04, Loss: 0.4035
Run: 06, Epoch: 05, Loss: 0.3857
Run: 06, Epoch: 06, Loss: 0.3738
Run: 06, Epoch: 07, Loss: 0.3592
Run: 06, Epoch: 08, Loss: 0.3486
Run: 06, Epoch: 09, Loss: 0.3440
Run: 06, Epoch: 10, Loss: 0.3457
Run: 06, Epoch: 10, Train: 91.97%, Valid: 90.34% Test: 77.61%
Run: 06, Epoch: 11, Loss: 0.3315
Run: 06, Epoch: 12, Loss: 0.3274
Run: 06, Epoch: 12, Train: 92.34%, Valid: 90.49% Test: 77.09%
Run: 06, Epoch: 13, Loss: 0.3262
Run: 06, Epoch: 14, Loss: 0.3187
Run: 06, Epoch: 14, Train: 92.47%, Valid: 90.47% Test: 76.87%
Run: 06, Epoch: 15, Loss: 0.3121
Run: 06, Epoch: 16, Loss: 0.3174
Run: 06, Epoch: 16, Train: 92.76%, Valid: 90.74% Test: 77.46%
Run: 06, Epoch: 17, Loss: 0.3183
Run: 06, Epoch: 18, Loss: 0.3140
Run: 06, Epoch: 18, Train: 92.92%, Valid: 90.63% Test: 77.62%
Run: 06, Epoch: 19, Loss: 0.3101
Run: 06, Epoch: 20, Loss: 0.3132
Run: 06, Epoch: 20, Train: 92.90%, Valid: 90.70% Test: 78.27%
Run 06:
Highest Train: 92.92
Highest Valid: 90.74
  Final Train: 92.76
   Final Test: 77.46
Run: 07, Epoch: 01, Loss: 1.3764
Run: 07, Epoch: 02, Loss: 0.5341
Run: 07, Epoch: 03, Loss: 0.4517
Run: 07, Epoch: 04, Loss: 0.4144
Run: 07, Epoch: 05, Loss: 0.3891
Run: 07, Epoch: 06, Loss: 0.3769
Run: 07, Epoch: 07, Loss: 0.3647
Run: 07, Epoch: 08, Loss: 0.3524
Run: 07, Epoch: 09, Loss: 0.3477
Run: 07, Epoch: 10, Loss: 0.3456
Run: 07, Epoch: 10, Train: 91.92%, Valid: 90.33% Test: 77.39%
Run: 07, Epoch: 11, Loss: 0.3345
Run: 07, Epoch: 12, Loss: 0.3292
Run: 07, Epoch: 12, Train: 92.18%, Valid: 90.42% Test: 76.75%
Run: 07, Epoch: 13, Loss: 0.3233
Run: 07, Epoch: 14, Loss: 0.3223
Run: 07, Epoch: 14, Train: 92.27%, Valid: 90.56% Test: 77.46%
Run: 07, Epoch: 15, Loss: 0.3169
Run: 07, Epoch: 16, Loss: 0.3174
Run: 07, Epoch: 16, Train: 92.59%, Valid: 90.67% Test: 77.26%
Run: 07, Epoch: 17, Loss: 0.3138
Run: 07, Epoch: 18, Loss: 0.3158
Run: 07, Epoch: 18, Train: 92.70%, Valid: 90.79% Test: 77.81%
Run: 07, Epoch: 19, Loss: 0.3061
Run: 07, Epoch: 20, Loss: 0.3087
Run: 07, Epoch: 20, Train: 92.79%, Valid: 90.82% Test: 77.33%
Run 07:
Highest Train: 92.79
Highest Valid: 90.82
  Final Train: 92.79
   Final Test: 77.33
Run: 08, Epoch: 01, Loss: 1.2546
Run: 08, Epoch: 02, Loss: 0.5135
Run: 08, Epoch: 03, Loss: 0.4411
Run: 08, Epoch: 04, Loss: 0.4035
Run: 08, Epoch: 05, Loss: 0.3805
Run: 08, Epoch: 06, Loss: 0.3680
Run: 08, Epoch: 07, Loss: 0.3547
Run: 08, Epoch: 08, Loss: 0.3506
Run: 08, Epoch: 09, Loss: 0.3429
Run: 08, Epoch: 10, Loss: 0.3345
Run: 08, Epoch: 10, Train: 92.08%, Valid: 90.28% Test: 77.89%
Run: 08, Epoch: 11, Loss: 0.3340
Run: 08, Epoch: 12, Loss: 0.3286
Run: 08, Epoch: 12, Train: 92.40%, Valid: 90.49% Test: 78.03%
Run: 08, Epoch: 13, Loss: 0.3248
Run: 08, Epoch: 14, Loss: 0.3232
Run: 08, Epoch: 14, Train: 92.37%, Valid: 90.77% Test: 77.79%
Run: 08, Epoch: 15, Loss: 0.3125
Run: 08, Epoch: 16, Loss: 0.3143
Run: 08, Epoch: 16, Train: 92.76%, Valid: 90.75% Test: 77.37%
Run: 08, Epoch: 17, Loss: 0.3127
Run: 08, Epoch: 18, Loss: 0.3140
Run: 08, Epoch: 18, Train: 92.80%, Valid: 90.55% Test: 77.87%
Run: 08, Epoch: 19, Loss: 0.3075
Run: 08, Epoch: 20, Loss: 0.3071
Run: 08, Epoch: 20, Train: 92.76%, Valid: 90.74% Test: 78.22%
Run 08:
Highest Train: 92.80
Highest Valid: 90.77
  Final Train: 92.37
   Final Test: 77.79
Run: 09, Epoch: 01, Loss: 1.2978
Run: 09, Epoch: 02, Loss: 0.5152
Run: 09, Epoch: 03, Loss: 0.4425
Run: 09, Epoch: 04, Loss: 0.4038
Run: 09, Epoch: 05, Loss: 0.3856
Run: 09, Epoch: 06, Loss: 0.3696
Run: 09, Epoch: 07, Loss: 0.3577
Run: 09, Epoch: 08, Loss: 0.3508
Run: 09, Epoch: 09, Loss: 0.3434
Run: 09, Epoch: 10, Loss: 0.3354
Run: 09, Epoch: 10, Train: 92.08%, Valid: 90.12% Test: 76.88%
Run: 09, Epoch: 11, Loss: 0.3315
Run: 09, Epoch: 12, Loss: 0.3262
Run: 09, Epoch: 12, Train: 92.23%, Valid: 90.24% Test: 77.01%
Run: 09, Epoch: 13, Loss: 0.3284
Run: 09, Epoch: 14, Loss: 0.3264
Run: 09, Epoch: 14, Train: 92.49%, Valid: 90.40% Test: 76.72%
Run: 09, Epoch: 15, Loss: 0.3193
Run: 09, Epoch: 16, Loss: 0.3163
Run: 09, Epoch: 16, Train: 92.53%, Valid: 90.40% Test: 77.73%
Run: 09, Epoch: 17, Loss: 0.3077
Run: 09, Epoch: 18, Loss: 0.3069
Run: 09, Epoch: 18, Train: 92.60%, Valid: 90.49% Test: 77.79%
Run: 09, Epoch: 19, Loss: 0.3071
Run: 09, Epoch: 20, Loss: 0.3055
Run: 09, Epoch: 20, Train: 92.97%, Valid: 90.51% Test: 77.63%
Run 09:
Highest Train: 92.97
Highest Valid: 90.51
  Final Train: 92.97
   Final Test: 77.63
Run: 10, Epoch: 01, Loss: 1.3118
Run: 10, Epoch: 02, Loss: 0.5244
Run: 10, Epoch: 03, Loss: 0.4440
Run: 10, Epoch: 04, Loss: 0.4076
Run: 10, Epoch: 05, Loss: 0.3892
Run: 10, Epoch: 06, Loss: 0.3717
Run: 10, Epoch: 07, Loss: 0.3537
Run: 10, Epoch: 08, Loss: 0.3534
Run: 10, Epoch: 09, Loss: 0.3465
Run: 10, Epoch: 10, Loss: 0.3374
Run: 10, Epoch: 10, Train: 91.93%, Valid: 90.29% Test: 77.56%
Run: 10, Epoch: 11, Loss: 0.3300
Run: 10, Epoch: 12, Loss: 0.3226
Run: 10, Epoch: 12, Train: 92.36%, Valid: 90.36% Test: 77.43%
Run: 10, Epoch: 13, Loss: 0.3208
Run: 10, Epoch: 14, Loss: 0.3233
Run: 10, Epoch: 14, Train: 92.42%, Valid: 90.54% Test: 78.09%
Run: 10, Epoch: 15, Loss: 0.3241
Run: 10, Epoch: 16, Loss: 0.3146
Run: 10, Epoch: 16, Train: 92.40%, Valid: 90.51% Test: 77.77%
Run: 10, Epoch: 17, Loss: 0.3151
Run: 10, Epoch: 18, Loss: 0.3168
Run: 10, Epoch: 18, Train: 92.71%, Valid: 90.68% Test: 77.97%
Run: 10, Epoch: 19, Loss: 0.3096
Run: 10, Epoch: 20, Loss: 0.3115
Run: 10, Epoch: 20, Train: 92.99%, Valid: 90.62% Test: 77.95%
Run 10:
Highest Train: 92.99
Highest Valid: 90.68
  Final Train: 92.71
   Final Test: 77.97
All runs:
Highest Train: 92.90 ± 0.10
Highest Valid: 90.72 ± 0.10
  Final Train: 92.67 ± 0.29
   Final Test: 77.63 ± 0.26
