Namespace(device=0, log_steps=1, inductive=False, num_layers=3, hidden_channels=256, dropout=0.5, batch_size=20000, walk_length=3, lr=0.01, num_steps=30, epochs=20, eval_steps=2, runs=10, rsv=0.4)
tensor([ 11772,  53354, 127854,  ...,  75632, 137395, 168044]) 78646
tensor([222340, 232877, 217134,  ..., 200958, 222104, 232108]) 15729
Run: 01, Epoch: 01, Loss: 1.2906
Run: 01, Epoch: 02, Loss: 0.5115
Run: 01, Epoch: 03, Loss: 0.4356
Run: 01, Epoch: 04, Loss: 0.4003
Run: 01, Epoch: 05, Loss: 0.3864
Run: 01, Epoch: 06, Loss: 0.3681
Run: 01, Epoch: 07, Loss: 0.3523
Run: 01, Epoch: 08, Loss: 0.3507
Run: 01, Epoch: 09, Loss: 0.3410
Run: 01, Epoch: 10, Loss: 0.3427
Run: 01, Epoch: 10, Train: 92.06%, Valid: 90.69% Test: 78.20%
Run: 01, Epoch: 11, Loss: 0.3326
Run: 01, Epoch: 12, Loss: 0.3253
Run: 01, Epoch: 12, Train: 92.35%, Valid: 90.80% Test: 77.90%
Run: 01, Epoch: 13, Loss: 0.3235
Run: 01, Epoch: 14, Loss: 0.3215
Run: 01, Epoch: 14, Train: 92.49%, Valid: 91.00% Test: 77.92%
Run: 01, Epoch: 15, Loss: 0.3192
Run: 01, Epoch: 16, Loss: 0.3163
Run: 01, Epoch: 16, Train: 92.71%, Valid: 90.97% Test: 78.12%
Run: 01, Epoch: 17, Loss: 0.3111
Run: 01, Epoch: 18, Loss: 0.3135
Run: 01, Epoch: 18, Train: 92.81%, Valid: 91.09% Test: 77.20%
Run: 01, Epoch: 19, Loss: 0.3097
Run: 01, Epoch: 20, Loss: 0.3064
Run: 01, Epoch: 20, Train: 92.95%, Valid: 91.00% Test: 78.21%
Run 01:
Highest Train: 92.95
Highest Valid: 91.09
  Final Train: 92.81
   Final Test: 77.20
Run: 02, Epoch: 01, Loss: 1.4328
Run: 02, Epoch: 02, Loss: 0.5358
Run: 02, Epoch: 03, Loss: 0.4464
Run: 02, Epoch: 04, Loss: 0.4093
Run: 02, Epoch: 05, Loss: 0.3868
Run: 02, Epoch: 06, Loss: 0.3690
Run: 02, Epoch: 07, Loss: 0.3604
Run: 02, Epoch: 08, Loss: 0.3518
Run: 02, Epoch: 09, Loss: 0.3482
Run: 02, Epoch: 10, Loss: 0.3411
Run: 02, Epoch: 10, Train: 92.09%, Valid: 90.62% Test: 78.07%
Run: 02, Epoch: 11, Loss: 0.3352
Run: 02, Epoch: 12, Loss: 0.3293
Run: 02, Epoch: 12, Train: 92.22%, Valid: 91.05% Test: 78.14%
Run: 02, Epoch: 13, Loss: 0.3230
Run: 02, Epoch: 14, Loss: 0.3269
Run: 02, Epoch: 14, Train: 92.34%, Valid: 90.64% Test: 78.20%
Run: 02, Epoch: 15, Loss: 0.3213
Run: 02, Epoch: 16, Loss: 0.3158
Run: 02, Epoch: 16, Train: 92.57%, Valid: 91.04% Test: 78.60%
Run: 02, Epoch: 17, Loss: 0.3118
Run: 02, Epoch: 18, Loss: 0.3124
Run: 02, Epoch: 18, Train: 92.71%, Valid: 90.93% Test: 77.77%
Run: 02, Epoch: 19, Loss: 0.3070
Run: 02, Epoch: 20, Loss: 0.3131
Run: 02, Epoch: 20, Train: 92.62%, Valid: 90.86% Test: 78.68%
Run 02:
Highest Train: 92.71
Highest Valid: 91.05
  Final Train: 92.22
   Final Test: 78.14
Run: 03, Epoch: 01, Loss: 1.3763
Run: 03, Epoch: 02, Loss: 0.5229
Run: 03, Epoch: 03, Loss: 0.4469
Run: 03, Epoch: 04, Loss: 0.4113
Run: 03, Epoch: 05, Loss: 0.3874
Run: 03, Epoch: 06, Loss: 0.3778
Run: 03, Epoch: 07, Loss: 0.3611
Run: 03, Epoch: 08, Loss: 0.3535
Run: 03, Epoch: 09, Loss: 0.3472
Run: 03, Epoch: 10, Loss: 0.3388
Run: 03, Epoch: 10, Train: 91.82%, Valid: 90.53% Test: 78.03%
Run: 03, Epoch: 11, Loss: 0.3368
Run: 03, Epoch: 12, Loss: 0.3322
Run: 03, Epoch: 12, Train: 92.32%, Valid: 91.01% Test: 77.99%
Run: 03, Epoch: 13, Loss: 0.3297
Run: 03, Epoch: 14, Loss: 0.3223
Run: 03, Epoch: 14, Train: 92.43%, Valid: 91.07% Test: 78.09%
Run: 03, Epoch: 15, Loss: 0.3187
Run: 03, Epoch: 16, Loss: 0.3202
Run: 03, Epoch: 16, Train: 92.50%, Valid: 90.98% Test: 78.61%
Run: 03, Epoch: 17, Loss: 0.3162
Run: 03, Epoch: 18, Loss: 0.3143
Run: 03, Epoch: 18, Train: 92.74%, Valid: 91.07% Test: 78.62%
Run: 03, Epoch: 19, Loss: 0.3134
Run: 03, Epoch: 20, Loss: 0.3096
Run: 03, Epoch: 20, Train: 92.81%, Valid: 91.09% Test: 77.92%
Run 03:
Highest Train: 92.81
Highest Valid: 91.09
  Final Train: 92.81
   Final Test: 77.92
Run: 04, Epoch: 01, Loss: 1.2812
Run: 04, Epoch: 02, Loss: 0.5056
Run: 04, Epoch: 03, Loss: 0.4294
Run: 04, Epoch: 04, Loss: 0.4015
Run: 04, Epoch: 05, Loss: 0.3789
Run: 04, Epoch: 06, Loss: 0.3669
Run: 04, Epoch: 07, Loss: 0.3557
Run: 04, Epoch: 08, Loss: 0.3467
Run: 04, Epoch: 09, Loss: 0.3426
Run: 04, Epoch: 10, Loss: 0.3382
Run: 04, Epoch: 10, Train: 92.08%, Valid: 90.61% Test: 78.06%
Run: 04, Epoch: 11, Loss: 0.3262
Run: 04, Epoch: 12, Loss: 0.3204
Run: 04, Epoch: 12, Train: 92.43%, Valid: 91.03% Test: 78.12%
Run: 04, Epoch: 13, Loss: 0.3186
Run: 04, Epoch: 14, Loss: 0.3150
Run: 04, Epoch: 14, Train: 92.65%, Valid: 91.05% Test: 77.55%
Run: 04, Epoch: 15, Loss: 0.3177
Run: 04, Epoch: 16, Loss: 0.3198
Run: 04, Epoch: 16, Train: 92.59%, Valid: 91.19% Test: 77.86%
Run: 04, Epoch: 17, Loss: 0.3142
Run: 04, Epoch: 18, Loss: 0.3105
Run: 04, Epoch: 18, Train: 92.62%, Valid: 90.90% Test: 77.62%
Run: 04, Epoch: 19, Loss: 0.3116
Run: 04, Epoch: 20, Loss: 0.3049
Run: 04, Epoch: 20, Train: 92.83%, Valid: 91.01% Test: 78.07%
Run 04:
Highest Train: 92.83
Highest Valid: 91.19
  Final Train: 92.59
   Final Test: 77.86
Run: 05, Epoch: 01, Loss: 1.2398
Run: 05, Epoch: 02, Loss: 0.5096
Run: 05, Epoch: 03, Loss: 0.4328
Run: 05, Epoch: 04, Loss: 0.4022
Run: 05, Epoch: 05, Loss: 0.3779
Run: 05, Epoch: 06, Loss: 0.3628
Run: 05, Epoch: 07, Loss: 0.3572
Run: 05, Epoch: 08, Loss: 0.3470
Run: 05, Epoch: 09, Loss: 0.3385
Run: 05, Epoch: 10, Loss: 0.3349
Run: 05, Epoch: 10, Train: 91.93%, Valid: 90.76% Test: 77.58%
Run: 05, Epoch: 11, Loss: 0.3314
Run: 05, Epoch: 12, Loss: 0.3271
Run: 05, Epoch: 12, Train: 92.35%, Valid: 90.84% Test: 77.83%
Run: 05, Epoch: 13, Loss: 0.3228
Run: 05, Epoch: 14, Loss: 0.3218
Run: 05, Epoch: 14, Train: 92.43%, Valid: 91.00% Test: 78.21%
Run: 05, Epoch: 15, Loss: 0.3184
Run: 05, Epoch: 16, Loss: 0.3124
Run: 05, Epoch: 16, Train: 92.67%, Valid: 91.03% Test: 77.85%
Run: 05, Epoch: 17, Loss: 0.3100
Run: 05, Epoch: 18, Loss: 0.3083
Run: 05, Epoch: 18, Train: 92.80%, Valid: 91.12% Test: 77.48%
Run: 05, Epoch: 19, Loss: 0.3080
Run: 05, Epoch: 20, Loss: 0.3115
Run: 05, Epoch: 20, Train: 92.85%, Valid: 90.97% Test: 77.80%
Run 05:
Highest Train: 92.85
Highest Valid: 91.12
  Final Train: 92.80
   Final Test: 77.48
Run: 06, Epoch: 01, Loss: 1.3211
Run: 06, Epoch: 02, Loss: 0.5180
Run: 06, Epoch: 03, Loss: 0.4410
Run: 06, Epoch: 04, Loss: 0.3978
Run: 06, Epoch: 05, Loss: 0.3833
Run: 06, Epoch: 06, Loss: 0.3707
Run: 06, Epoch: 07, Loss: 0.3600
Run: 06, Epoch: 08, Loss: 0.3466
Run: 06, Epoch: 09, Loss: 0.3415
Run: 06, Epoch: 10, Loss: 0.3396
Run: 06, Epoch: 10, Train: 92.14%, Valid: 90.84% Test: 77.59%
Run: 06, Epoch: 11, Loss: 0.3293
Run: 06, Epoch: 12, Loss: 0.3269
Run: 06, Epoch: 12, Train: 92.42%, Valid: 90.83% Test: 77.24%
Run: 06, Epoch: 13, Loss: 0.3270
Run: 06, Epoch: 14, Loss: 0.3190
Run: 06, Epoch: 14, Train: 92.60%, Valid: 91.05% Test: 77.90%
Run: 06, Epoch: 15, Loss: 0.3192
Run: 06, Epoch: 16, Loss: 0.3218
Run: 06, Epoch: 16, Train: 92.54%, Valid: 90.92% Test: 77.81%
Run: 06, Epoch: 17, Loss: 0.3191
Run: 06, Epoch: 18, Loss: 0.3154
Run: 06, Epoch: 18, Train: 92.74%, Valid: 91.07% Test: 78.25%
Run: 06, Epoch: 19, Loss: 0.3125
Run: 06, Epoch: 20, Loss: 0.3105
Run: 06, Epoch: 20, Train: 92.97%, Valid: 91.16% Test: 78.48%
Run 06:
Highest Train: 92.97
Highest Valid: 91.16
  Final Train: 92.97
   Final Test: 78.48
Run: 07, Epoch: 01, Loss: 1.3782
Run: 07, Epoch: 02, Loss: 0.5272
Run: 07, Epoch: 03, Loss: 0.4487
Run: 07, Epoch: 04, Loss: 0.4093
Run: 07, Epoch: 05, Loss: 0.3869
Run: 07, Epoch: 06, Loss: 0.3741
Run: 07, Epoch: 07, Loss: 0.3602
Run: 07, Epoch: 08, Loss: 0.3493
Run: 07, Epoch: 09, Loss: 0.3474
Run: 07, Epoch: 10, Loss: 0.3403
Run: 07, Epoch: 10, Train: 91.94%, Valid: 90.77% Test: 77.66%
Run: 07, Epoch: 11, Loss: 0.3335
Run: 07, Epoch: 12, Loss: 0.3292
Run: 07, Epoch: 12, Train: 92.23%, Valid: 90.79% Test: 77.58%
Run: 07, Epoch: 13, Loss: 0.3240
Run: 07, Epoch: 14, Loss: 0.3206
Run: 07, Epoch: 14, Train: 92.36%, Valid: 90.88% Test: 78.18%
Run: 07, Epoch: 15, Loss: 0.3167
Run: 07, Epoch: 16, Loss: 0.3249
Run: 07, Epoch: 16, Train: 92.59%, Valid: 91.00% Test: 77.70%
Run: 07, Epoch: 17, Loss: 0.3142
Run: 07, Epoch: 18, Loss: 0.3151
Run: 07, Epoch: 18, Train: 92.77%, Valid: 91.13% Test: 78.45%
Run: 07, Epoch: 19, Loss: 0.3083
Run: 07, Epoch: 20, Loss: 0.3087
Run: 07, Epoch: 20, Train: 92.86%, Valid: 91.12% Test: 78.16%
Run 07:
Highest Train: 92.86
Highest Valid: 91.13
  Final Train: 92.77
   Final Test: 78.45
Run: 08, Epoch: 01, Loss: 1.2423
Run: 08, Epoch: 02, Loss: 0.5041
Run: 08, Epoch: 03, Loss: 0.4331
Run: 08, Epoch: 04, Loss: 0.3984
Run: 08, Epoch: 05, Loss: 0.3754
Run: 08, Epoch: 06, Loss: 0.3627
Run: 08, Epoch: 07, Loss: 0.3535
Run: 08, Epoch: 08, Loss: 0.3486
Run: 08, Epoch: 09, Loss: 0.3428
Run: 08, Epoch: 10, Loss: 0.3352
Run: 08, Epoch: 10, Train: 92.15%, Valid: 90.79% Test: 78.36%
Run: 08, Epoch: 11, Loss: 0.3322
Run: 08, Epoch: 12, Loss: 0.3270
Run: 08, Epoch: 12, Train: 92.42%, Valid: 91.01% Test: 78.42%
Run: 08, Epoch: 13, Loss: 0.3206
Run: 08, Epoch: 14, Loss: 0.3213
Run: 08, Epoch: 14, Train: 92.39%, Valid: 91.01% Test: 77.73%
Run: 08, Epoch: 15, Loss: 0.3127
Run: 08, Epoch: 16, Loss: 0.3155
Run: 08, Epoch: 16, Train: 92.57%, Valid: 91.09% Test: 78.19%
Run: 08, Epoch: 17, Loss: 0.3112
Run: 08, Epoch: 18, Loss: 0.3110
Run: 08, Epoch: 18, Train: 92.83%, Valid: 91.14% Test: 78.19%
Run: 08, Epoch: 19, Loss: 0.3064
Run: 08, Epoch: 20, Loss: 0.3142
Run: 08, Epoch: 20, Train: 92.77%, Valid: 90.96% Test: 78.13%
Run 08:
Highest Train: 92.83
Highest Valid: 91.14
  Final Train: 92.83
   Final Test: 78.19
Run: 09, Epoch: 01, Loss: 1.3005
Run: 09, Epoch: 02, Loss: 0.5103
Run: 09, Epoch: 03, Loss: 0.4366
Run: 09, Epoch: 04, Loss: 0.4012
Run: 09, Epoch: 05, Loss: 0.3817
Run: 09, Epoch: 06, Loss: 0.3669
Run: 09, Epoch: 07, Loss: 0.3560
Run: 09, Epoch: 08, Loss: 0.3469
Run: 09, Epoch: 09, Loss: 0.3424
Run: 09, Epoch: 10, Loss: 0.3330
Run: 09, Epoch: 10, Train: 92.17%, Valid: 90.93% Test: 77.23%
Run: 09, Epoch: 11, Loss: 0.3318
Run: 09, Epoch: 12, Loss: 0.3203
Run: 09, Epoch: 12, Train: 92.27%, Valid: 90.96% Test: 77.65%
Run: 09, Epoch: 13, Loss: 0.3221
Run: 09, Epoch: 14, Loss: 0.3191
Run: 09, Epoch: 14, Train: 92.37%, Valid: 90.81% Test: 77.32%
Run: 09, Epoch: 15, Loss: 0.3161
Run: 09, Epoch: 16, Loss: 0.3181
Run: 09, Epoch: 16, Train: 92.44%, Valid: 90.97% Test: 77.98%
Run: 09, Epoch: 17, Loss: 0.3131
Run: 09, Epoch: 18, Loss: 0.3114
Run: 09, Epoch: 18, Train: 92.76%, Valid: 91.26% Test: 77.51%
Run: 09, Epoch: 19, Loss: 0.3085
Run: 09, Epoch: 20, Loss: 0.3056
Run: 09, Epoch: 20, Train: 93.03%, Valid: 91.31% Test: 78.30%
Run 09:
Highest Train: 93.03
Highest Valid: 91.31
  Final Train: 93.03
   Final Test: 78.30
Run: 10, Epoch: 01, Loss: 1.3161
Run: 10, Epoch: 02, Loss: 0.5209
Run: 10, Epoch: 03, Loss: 0.4368
Run: 10, Epoch: 04, Loss: 0.4033
Run: 10, Epoch: 05, Loss: 0.3862
Run: 10, Epoch: 06, Loss: 0.3698
Run: 10, Epoch: 07, Loss: 0.3534
Run: 10, Epoch: 08, Loss: 0.3497
Run: 10, Epoch: 09, Loss: 0.3443
Run: 10, Epoch: 10, Loss: 0.3362
Run: 10, Epoch: 10, Train: 92.00%, Valid: 90.72% Test: 77.54%
Run: 10, Epoch: 11, Loss: 0.3289
Run: 10, Epoch: 12, Loss: 0.3251
Run: 10, Epoch: 12, Train: 92.32%, Valid: 90.87% Test: 77.90%
Run: 10, Epoch: 13, Loss: 0.3250
Run: 10, Epoch: 14, Loss: 0.3201
Run: 10, Epoch: 14, Train: 92.45%, Valid: 90.88% Test: 78.06%
Run: 10, Epoch: 15, Loss: 0.3248
Run: 10, Epoch: 16, Loss: 0.3145
Run: 10, Epoch: 16, Train: 92.49%, Valid: 91.18% Test: 78.21%
Run: 10, Epoch: 17, Loss: 0.3128
Run: 10, Epoch: 18, Loss: 0.3120
Run: 10, Epoch: 18, Train: 92.78%, Valid: 91.00% Test: 78.33%
Run: 10, Epoch: 19, Loss: 0.3120
Run: 10, Epoch: 20, Loss: 0.3126
Run: 10, Epoch: 20, Train: 92.84%, Valid: 91.04% Test: 78.22%
Run 10:
Highest Train: 92.84
Highest Valid: 91.18
  Final Train: 92.49
   Final Test: 78.21
All runs:
Highest Train: 92.87 ± 0.09
Highest Valid: 91.15 ± 0.07
  Final Train: 92.73 ± 0.24
   Final Test: 78.02 ± 0.42
