Namespace(device=0, log_steps=1, inductive=False, num_layers=3, hidden_channels=256, dropout=0.5, batch_size=20000, walk_length=3, lr=0.01, num_steps=30, epochs=20, eval_steps=2, runs=10, rsv=0.45)
tensor([ 11772,  53354, 127854,  ..., 158647,  60670, 107699]) 88476
tensor([222340, 232877, 217134,  ..., 212377, 198004, 211857]) 17695
Run: 01, Epoch: 01, Loss: 1.2955
Run: 01, Epoch: 02, Loss: 0.5134
Run: 01, Epoch: 03, Loss: 0.4351
Run: 01, Epoch: 04, Loss: 0.4029
Run: 01, Epoch: 05, Loss: 0.3886
Run: 01, Epoch: 06, Loss: 0.3698
Run: 01, Epoch: 07, Loss: 0.3545
Run: 01, Epoch: 08, Loss: 0.3499
Run: 01, Epoch: 09, Loss: 0.3421
Run: 01, Epoch: 10, Loss: 0.3408
Run: 01, Epoch: 10, Train: 92.07%, Valid: 90.75% Test: 78.35%
Run: 01, Epoch: 11, Loss: 0.3329
Run: 01, Epoch: 12, Loss: 0.3272
Run: 01, Epoch: 12, Train: 92.30%, Valid: 90.78% Test: 78.26%
Run: 01, Epoch: 13, Loss: 0.3271
Run: 01, Epoch: 14, Loss: 0.3239
Run: 01, Epoch: 14, Train: 92.58%, Valid: 91.10% Test: 78.45%
Run: 01, Epoch: 15, Loss: 0.3225
Run: 01, Epoch: 16, Loss: 0.3186
Run: 01, Epoch: 16, Train: 92.61%, Valid: 91.13% Test: 77.83%
Run: 01, Epoch: 17, Loss: 0.3143
Run: 01, Epoch: 18, Loss: 0.3153
Run: 01, Epoch: 18, Train: 92.76%, Valid: 91.27% Test: 77.42%
Run: 01, Epoch: 19, Loss: 0.3096
Run: 01, Epoch: 20, Loss: 0.3084
Run: 01, Epoch: 20, Train: 92.87%, Valid: 91.36% Test: 78.30%
Run 01:
Highest Train: 92.87
Highest Valid: 91.36
  Final Train: 92.87
   Final Test: 78.30
Run: 02, Epoch: 01, Loss: 1.4301
Run: 02, Epoch: 02, Loss: 0.5307
Run: 02, Epoch: 03, Loss: 0.4452
Run: 02, Epoch: 04, Loss: 0.4097
Run: 02, Epoch: 05, Loss: 0.3867
Run: 02, Epoch: 06, Loss: 0.3696
Run: 02, Epoch: 07, Loss: 0.3618
Run: 02, Epoch: 08, Loss: 0.3542
Run: 02, Epoch: 09, Loss: 0.3517
Run: 02, Epoch: 10, Loss: 0.3422
Run: 02, Epoch: 10, Train: 92.08%, Valid: 90.91% Test: 78.03%
Run: 02, Epoch: 11, Loss: 0.3356
Run: 02, Epoch: 12, Loss: 0.3319
Run: 02, Epoch: 12, Train: 92.24%, Valid: 91.13% Test: 78.06%
Run: 02, Epoch: 13, Loss: 0.3224
Run: 02, Epoch: 14, Loss: 0.3229
Run: 02, Epoch: 14, Train: 92.35%, Valid: 91.07% Test: 77.95%
Run: 02, Epoch: 15, Loss: 0.3191
Run: 02, Epoch: 16, Loss: 0.3189
Run: 02, Epoch: 16, Train: 92.52%, Valid: 91.27% Test: 78.58%
Run: 02, Epoch: 17, Loss: 0.3160
Run: 02, Epoch: 18, Loss: 0.3119
Run: 02, Epoch: 18, Train: 92.67%, Valid: 91.16% Test: 77.96%
Run: 02, Epoch: 19, Loss: 0.3099
Run: 02, Epoch: 20, Loss: 0.3131
Run: 02, Epoch: 20, Train: 92.66%, Valid: 91.18% Test: 78.75%
Run 02:
Highest Train: 92.67
Highest Valid: 91.27
  Final Train: 92.52
   Final Test: 78.58
Run: 03, Epoch: 01, Loss: 1.3818
Run: 03, Epoch: 02, Loss: 0.5232
Run: 03, Epoch: 03, Loss: 0.4484
Run: 03, Epoch: 04, Loss: 0.4113
Run: 03, Epoch: 05, Loss: 0.3878
Run: 03, Epoch: 06, Loss: 0.3775
Run: 03, Epoch: 07, Loss: 0.3645
Run: 03, Epoch: 08, Loss: 0.3541
Run: 03, Epoch: 09, Loss: 0.3460
Run: 03, Epoch: 10, Loss: 0.3395
Run: 03, Epoch: 10, Train: 91.93%, Valid: 90.74% Test: 77.74%
Run: 03, Epoch: 11, Loss: 0.3357
Run: 03, Epoch: 12, Loss: 0.3307
Run: 03, Epoch: 12, Train: 92.32%, Valid: 91.16% Test: 78.28%
Run: 03, Epoch: 13, Loss: 0.3287
Run: 03, Epoch: 14, Loss: 0.3220
Run: 03, Epoch: 14, Train: 92.44%, Valid: 91.05% Test: 78.05%
Run: 03, Epoch: 15, Loss: 0.3209
Run: 03, Epoch: 16, Loss: 0.3208
Run: 03, Epoch: 16, Train: 92.50%, Valid: 91.02% Test: 78.79%
Run: 03, Epoch: 17, Loss: 0.3180
Run: 03, Epoch: 18, Loss: 0.3177
Run: 03, Epoch: 18, Train: 92.72%, Valid: 91.24% Test: 78.98%
Run: 03, Epoch: 19, Loss: 0.3168
Run: 03, Epoch: 20, Loss: 0.3128
Run: 03, Epoch: 20, Train: 92.67%, Valid: 91.27% Test: 77.65%
Run 03:
Highest Train: 92.72
Highest Valid: 91.27
  Final Train: 92.67
   Final Test: 77.65
Run: 04, Epoch: 01, Loss: 1.2789
Run: 04, Epoch: 02, Loss: 0.5057
Run: 04, Epoch: 03, Loss: 0.4300
Run: 04, Epoch: 04, Loss: 0.4024
Run: 04, Epoch: 05, Loss: 0.3799
Run: 04, Epoch: 06, Loss: 0.3644
Run: 04, Epoch: 07, Loss: 0.3576
Run: 04, Epoch: 08, Loss: 0.3484
Run: 04, Epoch: 09, Loss: 0.3430
Run: 04, Epoch: 10, Loss: 0.3381
Run: 04, Epoch: 10, Train: 92.19%, Valid: 91.13% Test: 78.06%
Run: 04, Epoch: 11, Loss: 0.3263
Run: 04, Epoch: 12, Loss: 0.3230
Run: 04, Epoch: 12, Train: 92.47%, Valid: 91.02% Test: 78.24%
Run: 04, Epoch: 13, Loss: 0.3215
Run: 04, Epoch: 14, Loss: 0.3160
Run: 04, Epoch: 14, Train: 92.63%, Valid: 91.09% Test: 77.55%
Run: 04, Epoch: 15, Loss: 0.3200
Run: 04, Epoch: 16, Loss: 0.3189
Run: 04, Epoch: 16, Train: 92.70%, Valid: 91.32% Test: 78.05%
Run: 04, Epoch: 17, Loss: 0.3134
Run: 04, Epoch: 18, Loss: 0.3127
Run: 04, Epoch: 18, Train: 92.82%, Valid: 91.28% Test: 77.91%
Run: 04, Epoch: 19, Loss: 0.3087
Run: 04, Epoch: 20, Loss: 0.3038
Run: 04, Epoch: 20, Train: 92.92%, Valid: 91.34% Test: 78.38%
Run 04:
Highest Train: 92.92
Highest Valid: 91.34
  Final Train: 92.92
   Final Test: 78.38
Run: 05, Epoch: 01, Loss: 1.2422
Run: 05, Epoch: 02, Loss: 0.5111
Run: 05, Epoch: 03, Loss: 0.4352
Run: 05, Epoch: 04, Loss: 0.4039
Run: 05, Epoch: 05, Loss: 0.3771
Run: 05, Epoch: 06, Loss: 0.3638
Run: 05, Epoch: 07, Loss: 0.3588
Run: 05, Epoch: 08, Loss: 0.3489
Run: 05, Epoch: 09, Loss: 0.3423
Run: 05, Epoch: 10, Loss: 0.3368
Run: 05, Epoch: 10, Train: 92.03%, Valid: 90.95% Test: 77.92%
Run: 05, Epoch: 11, Loss: 0.3308
Run: 05, Epoch: 12, Loss: 0.3278
Run: 05, Epoch: 12, Train: 92.29%, Valid: 91.03% Test: 77.69%
Run: 05, Epoch: 13, Loss: 0.3249
Run: 05, Epoch: 14, Loss: 0.3204
Run: 05, Epoch: 14, Train: 92.39%, Valid: 91.11% Test: 77.91%
Run: 05, Epoch: 15, Loss: 0.3187
Run: 05, Epoch: 16, Loss: 0.3147
Run: 05, Epoch: 16, Train: 92.55%, Valid: 91.14% Test: 77.78%
Run: 05, Epoch: 17, Loss: 0.3141
Run: 05, Epoch: 18, Loss: 0.3161
Run: 05, Epoch: 18, Train: 92.60%, Valid: 91.26% Test: 78.14%
Run: 05, Epoch: 19, Loss: 0.3141
Run: 05, Epoch: 20, Loss: 0.3162
Run: 05, Epoch: 20, Train: 92.92%, Valid: 91.22% Test: 78.35%
Run 05:
Highest Train: 92.92
Highest Valid: 91.26
  Final Train: 92.60
   Final Test: 78.14
Run: 06, Epoch: 01, Loss: 1.3183
Run: 06, Epoch: 02, Loss: 0.5186
Run: 06, Epoch: 03, Loss: 0.4420
Run: 06, Epoch: 04, Loss: 0.4006
Run: 06, Epoch: 05, Loss: 0.3871
Run: 06, Epoch: 06, Loss: 0.3726
Run: 06, Epoch: 07, Loss: 0.3595
Run: 06, Epoch: 08, Loss: 0.3490
Run: 06, Epoch: 09, Loss: 0.3409
Run: 06, Epoch: 10, Loss: 0.3410
Run: 06, Epoch: 10, Train: 92.08%, Valid: 90.86% Test: 77.93%
Run: 06, Epoch: 11, Loss: 0.3322
Run: 06, Epoch: 12, Loss: 0.3304
Run: 06, Epoch: 12, Train: 92.47%, Valid: 91.12% Test: 77.60%
Run: 06, Epoch: 13, Loss: 0.3257
Run: 06, Epoch: 14, Loss: 0.3170
Run: 06, Epoch: 14, Train: 92.42%, Valid: 90.88% Test: 78.43%
Run: 06, Epoch: 15, Loss: 0.3149
Run: 06, Epoch: 16, Loss: 0.3207
Run: 06, Epoch: 16, Train: 92.64%, Valid: 91.21% Test: 77.93%
Run: 06, Epoch: 17, Loss: 0.3161
Run: 06, Epoch: 18, Loss: 0.3121
Run: 06, Epoch: 18, Train: 92.76%, Valid: 91.40% Test: 78.03%
Run: 06, Epoch: 19, Loss: 0.3097
Run: 06, Epoch: 20, Loss: 0.3110
Run: 06, Epoch: 20, Train: 92.93%, Valid: 91.35% Test: 78.99%
Run 06:
Highest Train: 92.93
Highest Valid: 91.40
  Final Train: 92.76
   Final Test: 78.03
Run: 07, Epoch: 01, Loss: 1.3844
Run: 07, Epoch: 02, Loss: 0.5287
Run: 07, Epoch: 03, Loss: 0.4488
Run: 07, Epoch: 04, Loss: 0.4093
Run: 07, Epoch: 05, Loss: 0.3902
Run: 07, Epoch: 06, Loss: 0.3742
Run: 07, Epoch: 07, Loss: 0.3592
Run: 07, Epoch: 08, Loss: 0.3506
Run: 07, Epoch: 09, Loss: 0.3478
Run: 07, Epoch: 10, Loss: 0.3399
Run: 07, Epoch: 10, Train: 91.94%, Valid: 90.80% Test: 77.78%
Run: 07, Epoch: 11, Loss: 0.3366
Run: 07, Epoch: 12, Loss: 0.3304
Run: 07, Epoch: 12, Train: 92.25%, Valid: 90.98% Test: 77.26%
Run: 07, Epoch: 13, Loss: 0.3227
Run: 07, Epoch: 14, Loss: 0.3185
Run: 07, Epoch: 14, Train: 92.54%, Valid: 91.12% Test: 78.14%
Run: 07, Epoch: 15, Loss: 0.3168
Run: 07, Epoch: 16, Loss: 0.3234
Run: 07, Epoch: 16, Train: 92.62%, Valid: 91.35% Test: 77.35%
Run: 07, Epoch: 17, Loss: 0.3135
Run: 07, Epoch: 18, Loss: 0.3151
Run: 07, Epoch: 18, Train: 92.72%, Valid: 91.33% Test: 78.02%
Run: 07, Epoch: 19, Loss: 0.3090
Run: 07, Epoch: 20, Loss: 0.3112
Run: 07, Epoch: 20, Train: 92.78%, Valid: 91.20% Test: 78.23%
Run 07:
Highest Train: 92.78
Highest Valid: 91.35
  Final Train: 92.62
   Final Test: 77.35
Run: 08, Epoch: 01, Loss: 1.2412
Run: 08, Epoch: 02, Loss: 0.5028
Run: 08, Epoch: 03, Loss: 0.4335
Run: 08, Epoch: 04, Loss: 0.3995
Run: 08, Epoch: 05, Loss: 0.3789
Run: 08, Epoch: 06, Loss: 0.3633
Run: 08, Epoch: 07, Loss: 0.3509
Run: 08, Epoch: 08, Loss: 0.3490
Run: 08, Epoch: 09, Loss: 0.3433
Run: 08, Epoch: 10, Loss: 0.3338
Run: 08, Epoch: 10, Train: 92.07%, Valid: 90.73% Test: 78.10%
Run: 08, Epoch: 11, Loss: 0.3326
Run: 08, Epoch: 12, Loss: 0.3273
Run: 08, Epoch: 12, Train: 92.42%, Valid: 91.03% Test: 78.43%
Run: 08, Epoch: 13, Loss: 0.3215
Run: 08, Epoch: 14, Loss: 0.3192
Run: 08, Epoch: 14, Train: 92.49%, Valid: 91.15% Test: 78.37%
Run: 08, Epoch: 15, Loss: 0.3124
Run: 08, Epoch: 16, Loss: 0.3163
Run: 08, Epoch: 16, Train: 92.70%, Valid: 91.20% Test: 78.52%
Run: 08, Epoch: 17, Loss: 0.3121
Run: 08, Epoch: 18, Loss: 0.3137
Run: 08, Epoch: 18, Train: 92.79%, Valid: 91.32% Test: 77.93%
Run: 08, Epoch: 19, Loss: 0.3054
Run: 08, Epoch: 20, Loss: 0.3093
Run: 08, Epoch: 20, Train: 92.85%, Valid: 91.17% Test: 78.44%
Run 08:
Highest Train: 92.85
Highest Valid: 91.32
  Final Train: 92.79
   Final Test: 77.93
Run: 09, Epoch: 01, Loss: 1.2986
Run: 09, Epoch: 02, Loss: 0.5113
Run: 09, Epoch: 03, Loss: 0.4359
Run: 09, Epoch: 04, Loss: 0.4005
Run: 09, Epoch: 05, Loss: 0.3807
Run: 09, Epoch: 06, Loss: 0.3665
Run: 09, Epoch: 07, Loss: 0.3551
Run: 09, Epoch: 08, Loss: 0.3471
Run: 09, Epoch: 09, Loss: 0.3405
Run: 09, Epoch: 10, Loss: 0.3400
Run: 09, Epoch: 10, Train: 92.06%, Valid: 90.83% Test: 77.30%
Run: 09, Epoch: 11, Loss: 0.3345
Run: 09, Epoch: 12, Loss: 0.3206
Run: 09, Epoch: 12, Train: 92.30%, Valid: 90.92% Test: 78.15%
Run: 09, Epoch: 13, Loss: 0.3250
Run: 09, Epoch: 14, Loss: 0.3199
Run: 09, Epoch: 14, Train: 92.44%, Valid: 91.12% Test: 76.66%
Run: 09, Epoch: 15, Loss: 0.3184
Run: 09, Epoch: 16, Loss: 0.3157
Run: 09, Epoch: 16, Train: 92.60%, Valid: 91.12% Test: 78.12%
Run: 09, Epoch: 17, Loss: 0.3101
Run: 09, Epoch: 18, Loss: 0.3091
Run: 09, Epoch: 18, Train: 92.78%, Valid: 91.28% Test: 78.18%
Run: 09, Epoch: 19, Loss: 0.3088
Run: 09, Epoch: 20, Loss: 0.3073
Run: 09, Epoch: 20, Train: 93.02%, Valid: 91.35% Test: 78.16%
Run 09:
Highest Train: 93.02
Highest Valid: 91.35
  Final Train: 93.02
   Final Test: 78.16
Run: 10, Epoch: 01, Loss: 1.3125
Run: 10, Epoch: 02, Loss: 0.5184
Run: 10, Epoch: 03, Loss: 0.4370
Run: 10, Epoch: 04, Loss: 0.4059
Run: 10, Epoch: 05, Loss: 0.3876
Run: 10, Epoch: 06, Loss: 0.3726
Run: 10, Epoch: 07, Loss: 0.3535
Run: 10, Epoch: 08, Loss: 0.3498
Run: 10, Epoch: 09, Loss: 0.3445
Run: 10, Epoch: 10, Loss: 0.3354
Run: 10, Epoch: 10, Train: 92.07%, Valid: 90.92% Test: 77.90%
Run: 10, Epoch: 11, Loss: 0.3288
Run: 10, Epoch: 12, Loss: 0.3247
Run: 10, Epoch: 12, Train: 92.31%, Valid: 90.97% Test: 78.54%
Run: 10, Epoch: 13, Loss: 0.3253
Run: 10, Epoch: 14, Loss: 0.3203
Run: 10, Epoch: 14, Train: 92.47%, Valid: 90.96% Test: 78.17%
Run: 10, Epoch: 15, Loss: 0.3231
Run: 10, Epoch: 16, Loss: 0.3112
Run: 10, Epoch: 16, Train: 92.56%, Valid: 91.14% Test: 78.08%
Run: 10, Epoch: 17, Loss: 0.3152
Run: 10, Epoch: 18, Loss: 0.3116
Run: 10, Epoch: 18, Train: 92.82%, Valid: 91.10% Test: 78.50%
Run: 10, Epoch: 19, Loss: 0.3103
Run: 10, Epoch: 20, Loss: 0.3092
Run: 10, Epoch: 20, Train: 93.02%, Valid: 91.30% Test: 78.47%
Run 10:
Highest Train: 93.02
Highest Valid: 91.30
  Final Train: 93.02
   Final Test: 78.47
All runs:
Highest Train: 92.87 ± 0.12
Highest Valid: 91.32 ± 0.05
  Final Train: 92.78 ± 0.18
   Final Test: 78.10 ± 0.38
