Namespace(device=0, log_steps=1, inductive=False, num_layers=3, hidden_channels=256, dropout=0.5, batch_size=20000, walk_length=3, lr=0.01, num_steps=30, epochs=20, eval_steps=2, runs=10, rsv=0.5)
tensor([ 11772,  53354, 127854,  ..., 128130,  84102,  48032]) 98307
tensor([222340, 232877, 217134,  ..., 214646, 203400, 198653]) 19661
Run: 01, Epoch: 01, Loss: 1.2949
Run: 01, Epoch: 02, Loss: 0.5121
Run: 01, Epoch: 03, Loss: 0.4335
Run: 01, Epoch: 04, Loss: 0.4007
Run: 01, Epoch: 05, Loss: 0.3864
Run: 01, Epoch: 06, Loss: 0.3697
Run: 01, Epoch: 07, Loss: 0.3542
Run: 01, Epoch: 08, Loss: 0.3518
Run: 01, Epoch: 09, Loss: 0.3425
Run: 01, Epoch: 10, Loss: 0.3425
Run: 01, Epoch: 10, Train: 92.02%, Valid: 90.74% Test: 77.78%
Run: 01, Epoch: 11, Loss: 0.3335
Run: 01, Epoch: 12, Loss: 0.3250
Run: 01, Epoch: 12, Train: 92.42%, Valid: 90.97% Test: 77.59%
Run: 01, Epoch: 13, Loss: 0.3245
Run: 01, Epoch: 14, Loss: 0.3228
Run: 01, Epoch: 14, Train: 92.37%, Valid: 90.93% Test: 78.54%
Run: 01, Epoch: 15, Loss: 0.3203
Run: 01, Epoch: 16, Loss: 0.3194
Run: 01, Epoch: 16, Train: 92.64%, Valid: 91.24% Test: 78.17%
Run: 01, Epoch: 17, Loss: 0.3139
Run: 01, Epoch: 18, Loss: 0.3127
Run: 01, Epoch: 18, Train: 92.75%, Valid: 91.26% Test: 77.58%
Run: 01, Epoch: 19, Loss: 0.3107
Run: 01, Epoch: 20, Loss: 0.3082
Run: 01, Epoch: 20, Train: 92.81%, Valid: 91.15% Test: 77.90%
Run 01:
Highest Train: 92.81
Highest Valid: 91.26
  Final Train: 92.75
   Final Test: 77.58
Run: 02, Epoch: 01, Loss: 1.4208
Run: 02, Epoch: 02, Loss: 0.5284
Run: 02, Epoch: 03, Loss: 0.4436
Run: 02, Epoch: 04, Loss: 0.4086
Run: 02, Epoch: 05, Loss: 0.3848
Run: 02, Epoch: 06, Loss: 0.3699
Run: 02, Epoch: 07, Loss: 0.3603
Run: 02, Epoch: 08, Loss: 0.3524
Run: 02, Epoch: 09, Loss: 0.3509
Run: 02, Epoch: 10, Loss: 0.3414
Run: 02, Epoch: 10, Train: 92.01%, Valid: 90.88% Test: 78.22%
Run: 02, Epoch: 11, Loss: 0.3362
Run: 02, Epoch: 12, Loss: 0.3319
Run: 02, Epoch: 12, Train: 92.25%, Valid: 91.00% Test: 78.18%
Run: 02, Epoch: 13, Loss: 0.3237
Run: 02, Epoch: 14, Loss: 0.3245
Run: 02, Epoch: 14, Train: 92.28%, Valid: 91.05% Test: 77.48%
Run: 02, Epoch: 15, Loss: 0.3208
Run: 02, Epoch: 16, Loss: 0.3157
Run: 02, Epoch: 16, Train: 92.59%, Valid: 91.21% Test: 78.68%
Run: 02, Epoch: 17, Loss: 0.3144
Run: 02, Epoch: 18, Loss: 0.3146
Run: 02, Epoch: 18, Train: 92.64%, Valid: 91.09% Test: 77.67%
Run: 02, Epoch: 19, Loss: 0.3090
Run: 02, Epoch: 20, Loss: 0.3133
Run: 02, Epoch: 20, Train: 92.61%, Valid: 91.24% Test: 78.75%
Run 02:
Highest Train: 92.64
Highest Valid: 91.24
  Final Train: 92.61
   Final Test: 78.75
Run: 03, Epoch: 01, Loss: 1.3823
Run: 03, Epoch: 02, Loss: 0.5259
Run: 03, Epoch: 03, Loss: 0.4471
Run: 03, Epoch: 04, Loss: 0.4110
Run: 03, Epoch: 05, Loss: 0.3878
Run: 03, Epoch: 06, Loss: 0.3767
Run: 03, Epoch: 07, Loss: 0.3629
Run: 03, Epoch: 08, Loss: 0.3523
Run: 03, Epoch: 09, Loss: 0.3468
Run: 03, Epoch: 10, Loss: 0.3396
Run: 03, Epoch: 10, Train: 91.95%, Valid: 90.75% Test: 77.80%
Run: 03, Epoch: 11, Loss: 0.3351
Run: 03, Epoch: 12, Loss: 0.3328
Run: 03, Epoch: 12, Train: 92.20%, Valid: 91.15% Test: 78.41%
Run: 03, Epoch: 13, Loss: 0.3296
Run: 03, Epoch: 14, Loss: 0.3225
Run: 03, Epoch: 14, Train: 92.39%, Valid: 91.05% Test: 78.29%
Run: 03, Epoch: 15, Loss: 0.3220
Run: 03, Epoch: 16, Loss: 0.3237
Run: 03, Epoch: 16, Train: 92.44%, Valid: 91.05% Test: 78.89%
Run: 03, Epoch: 17, Loss: 0.3179
Run: 03, Epoch: 18, Loss: 0.3154
Run: 03, Epoch: 18, Train: 92.55%, Valid: 91.16% Test: 79.29%
Run: 03, Epoch: 19, Loss: 0.3159
Run: 03, Epoch: 20, Loss: 0.3133
Run: 03, Epoch: 20, Train: 92.74%, Valid: 91.32% Test: 77.93%
Run 03:
Highest Train: 92.74
Highest Valid: 91.32
  Final Train: 92.74
   Final Test: 77.93
Run: 04, Epoch: 01, Loss: 1.2791
Run: 04, Epoch: 02, Loss: 0.5038
Run: 04, Epoch: 03, Loss: 0.4281
Run: 04, Epoch: 04, Loss: 0.3992
Run: 04, Epoch: 05, Loss: 0.3796
Run: 04, Epoch: 06, Loss: 0.3661
Run: 04, Epoch: 07, Loss: 0.3584
Run: 04, Epoch: 08, Loss: 0.3491
Run: 04, Epoch: 09, Loss: 0.3456
Run: 04, Epoch: 10, Loss: 0.3391
Run: 04, Epoch: 10, Train: 92.00%, Valid: 90.90% Test: 77.95%
Run: 04, Epoch: 11, Loss: 0.3304
Run: 04, Epoch: 12, Loss: 0.3252
Run: 04, Epoch: 12, Train: 92.40%, Valid: 91.03% Test: 78.51%
Run: 04, Epoch: 13, Loss: 0.3225
Run: 04, Epoch: 14, Loss: 0.3164
Run: 04, Epoch: 14, Train: 92.61%, Valid: 91.36% Test: 77.33%
Run: 04, Epoch: 15, Loss: 0.3167
Run: 04, Epoch: 16, Loss: 0.3192
Run: 04, Epoch: 16, Train: 92.61%, Valid: 91.25% Test: 78.68%
Run: 04, Epoch: 17, Loss: 0.3123
Run: 04, Epoch: 18, Loss: 0.3132
Run: 04, Epoch: 18, Train: 92.77%, Valid: 91.25% Test: 77.81%
Run: 04, Epoch: 19, Loss: 0.3098
Run: 04, Epoch: 20, Loss: 0.3060
Run: 04, Epoch: 20, Train: 92.87%, Valid: 91.33% Test: 78.23%
Run 04:
Highest Train: 92.87
Highest Valid: 91.36
  Final Train: 92.61
   Final Test: 77.33
Run: 05, Epoch: 01, Loss: 1.2436
Run: 05, Epoch: 02, Loss: 0.5103
Run: 05, Epoch: 03, Loss: 0.4343
Run: 05, Epoch: 04, Loss: 0.4019
Run: 05, Epoch: 05, Loss: 0.3775
Run: 05, Epoch: 06, Loss: 0.3652
Run: 05, Epoch: 07, Loss: 0.3574
Run: 05, Epoch: 08, Loss: 0.3487
Run: 05, Epoch: 09, Loss: 0.3414
Run: 05, Epoch: 10, Loss: 0.3383
Run: 05, Epoch: 10, Train: 91.94%, Valid: 90.91% Test: 77.70%
Run: 05, Epoch: 11, Loss: 0.3335
Run: 05, Epoch: 12, Loss: 0.3319
Run: 05, Epoch: 12, Train: 92.31%, Valid: 90.89% Test: 77.65%
Run: 05, Epoch: 13, Loss: 0.3274
Run: 05, Epoch: 14, Loss: 0.3248
Run: 05, Epoch: 14, Train: 92.39%, Valid: 91.26% Test: 78.27%
Run: 05, Epoch: 15, Loss: 0.3211
Run: 05, Epoch: 16, Loss: 0.3171
Run: 05, Epoch: 16, Train: 92.50%, Valid: 91.13% Test: 77.71%
Run: 05, Epoch: 17, Loss: 0.3154
Run: 05, Epoch: 18, Loss: 0.3129
Run: 05, Epoch: 18, Train: 92.65%, Valid: 91.34% Test: 77.82%
Run: 05, Epoch: 19, Loss: 0.3090
Run: 05, Epoch: 20, Loss: 0.3136
Run: 05, Epoch: 20, Train: 92.90%, Valid: 91.40% Test: 78.57%
Run 05:
Highest Train: 92.90
Highest Valid: 91.40
  Final Train: 92.90
   Final Test: 78.57
Run: 06, Epoch: 01, Loss: 1.3193
Run: 06, Epoch: 02, Loss: 0.5190
Run: 06, Epoch: 03, Loss: 0.4412
Run: 06, Epoch: 04, Loss: 0.4016
Run: 06, Epoch: 05, Loss: 0.3856
Run: 06, Epoch: 06, Loss: 0.3722
Run: 06, Epoch: 07, Loss: 0.3574
Run: 06, Epoch: 08, Loss: 0.3476
Run: 06, Epoch: 09, Loss: 0.3384
Run: 06, Epoch: 10, Loss: 0.3417
Run: 06, Epoch: 10, Train: 92.21%, Valid: 90.85% Test: 78.02%
Run: 06, Epoch: 11, Loss: 0.3307
Run: 06, Epoch: 12, Loss: 0.3284
Run: 06, Epoch: 12, Train: 92.45%, Valid: 91.08% Test: 77.63%
Run: 06, Epoch: 13, Loss: 0.3254
Run: 06, Epoch: 14, Loss: 0.3181
Run: 06, Epoch: 14, Train: 92.45%, Valid: 91.11% Test: 78.72%
Run: 06, Epoch: 15, Loss: 0.3154
Run: 06, Epoch: 16, Loss: 0.3212
Run: 06, Epoch: 16, Train: 92.53%, Valid: 91.20% Test: 78.19%
Run: 06, Epoch: 17, Loss: 0.3167
Run: 06, Epoch: 18, Loss: 0.3137
Run: 06, Epoch: 18, Train: 92.70%, Valid: 91.38% Test: 78.20%
Run: 06, Epoch: 19, Loss: 0.3105
Run: 06, Epoch: 20, Loss: 0.3110
Run: 06, Epoch: 20, Train: 92.86%, Valid: 91.40% Test: 78.74%
Run 06:
Highest Train: 92.86
Highest Valid: 91.40
  Final Train: 92.86
   Final Test: 78.74
Run: 07, Epoch: 01, Loss: 1.3833
Run: 07, Epoch: 02, Loss: 0.5271
Run: 07, Epoch: 03, Loss: 0.4477
Run: 07, Epoch: 04, Loss: 0.4069
Run: 07, Epoch: 05, Loss: 0.3885
Run: 07, Epoch: 06, Loss: 0.3724
Run: 07, Epoch: 07, Loss: 0.3586
Run: 07, Epoch: 08, Loss: 0.3499
Run: 07, Epoch: 09, Loss: 0.3451
Run: 07, Epoch: 10, Loss: 0.3411
Run: 07, Epoch: 10, Train: 91.90%, Valid: 90.85% Test: 77.48%
Run: 07, Epoch: 11, Loss: 0.3357
Run: 07, Epoch: 12, Loss: 0.3302
Run: 07, Epoch: 12, Train: 92.27%, Valid: 91.06% Test: 77.36%
Run: 07, Epoch: 13, Loss: 0.3245
Run: 07, Epoch: 14, Loss: 0.3190
Run: 07, Epoch: 14, Train: 92.51%, Valid: 91.11% Test: 78.48%
Run: 07, Epoch: 15, Loss: 0.3178
Run: 07, Epoch: 16, Loss: 0.3242
Run: 07, Epoch: 16, Train: 92.54%, Valid: 91.15% Test: 77.16%
Run: 07, Epoch: 17, Loss: 0.3145
Run: 07, Epoch: 18, Loss: 0.3145
Run: 07, Epoch: 18, Train: 92.63%, Valid: 91.30% Test: 78.35%
Run: 07, Epoch: 19, Loss: 0.3159
Run: 07, Epoch: 20, Loss: 0.3200
Run: 07, Epoch: 20, Train: 92.72%, Valid: 91.25% Test: 78.25%
Run 07:
Highest Train: 92.72
Highest Valid: 91.30
  Final Train: 92.63
   Final Test: 78.35
Run: 08, Epoch: 01, Loss: 1.2435
Run: 08, Epoch: 02, Loss: 0.5034
Run: 08, Epoch: 03, Loss: 0.4319
Run: 08, Epoch: 04, Loss: 0.3986
Run: 08, Epoch: 05, Loss: 0.3793
Run: 08, Epoch: 06, Loss: 0.3642
Run: 08, Epoch: 07, Loss: 0.3517
Run: 08, Epoch: 08, Loss: 0.3488
Run: 08, Epoch: 09, Loss: 0.3437
Run: 08, Epoch: 10, Loss: 0.3361
Run: 08, Epoch: 10, Train: 92.07%, Valid: 90.89% Test: 77.55%
Run: 08, Epoch: 11, Loss: 0.3333
Run: 08, Epoch: 12, Loss: 0.3254
Run: 08, Epoch: 12, Train: 92.42%, Valid: 90.99% Test: 78.25%
Run: 08, Epoch: 13, Loss: 0.3209
Run: 08, Epoch: 14, Loss: 0.3190
Run: 08, Epoch: 14, Train: 92.55%, Valid: 91.29% Test: 78.57%
Run: 08, Epoch: 15, Loss: 0.3147
Run: 08, Epoch: 16, Loss: 0.3176
Run: 08, Epoch: 16, Train: 92.70%, Valid: 91.18% Test: 78.18%
Run: 08, Epoch: 17, Loss: 0.3144
Run: 08, Epoch: 18, Loss: 0.3152
Run: 08, Epoch: 18, Train: 92.70%, Valid: 91.24% Test: 77.87%
Run: 08, Epoch: 19, Loss: 0.3083
Run: 08, Epoch: 20, Loss: 0.3100
Run: 08, Epoch: 20, Train: 92.70%, Valid: 91.37% Test: 78.37%
Run 08:
Highest Train: 92.70
Highest Valid: 91.37
  Final Train: 92.70
   Final Test: 78.37
Run: 09, Epoch: 01, Loss: 1.3098
Run: 09, Epoch: 02, Loss: 0.5128
Run: 09, Epoch: 03, Loss: 0.4330
Run: 09, Epoch: 04, Loss: 0.3987
Run: 09, Epoch: 05, Loss: 0.3794
Run: 09, Epoch: 06, Loss: 0.3657
Run: 09, Epoch: 07, Loss: 0.3557
Run: 09, Epoch: 08, Loss: 0.3464
Run: 09, Epoch: 09, Loss: 0.3431
Run: 09, Epoch: 10, Loss: 0.3345
Run: 09, Epoch: 10, Train: 92.22%, Valid: 91.05% Test: 77.79%
Run: 09, Epoch: 11, Loss: 0.3296
Run: 09, Epoch: 12, Loss: 0.3199
Run: 09, Epoch: 12, Train: 92.27%, Valid: 90.93% Test: 77.99%
Run: 09, Epoch: 13, Loss: 0.3250
Run: 09, Epoch: 14, Loss: 0.3205
Run: 09, Epoch: 14, Train: 92.30%, Valid: 90.96% Test: 77.11%
Run: 09, Epoch: 15, Loss: 0.3184
Run: 09, Epoch: 16, Loss: 0.3137
Run: 09, Epoch: 16, Train: 92.56%, Valid: 91.26% Test: 78.68%
Run: 09, Epoch: 17, Loss: 0.3072
Run: 09, Epoch: 18, Loss: 0.3082
Run: 09, Epoch: 18, Train: 92.80%, Valid: 91.30% Test: 77.66%
Run: 09, Epoch: 19, Loss: 0.3105
Run: 09, Epoch: 20, Loss: 0.3090
Run: 09, Epoch: 20, Train: 92.88%, Valid: 91.19% Test: 78.01%
Run 09:
Highest Train: 92.88
Highest Valid: 91.30
  Final Train: 92.80
   Final Test: 77.66
Run: 10, Epoch: 01, Loss: 1.3168
Run: 10, Epoch: 02, Loss: 0.5163
Run: 10, Epoch: 03, Loss: 0.4350
Run: 10, Epoch: 04, Loss: 0.4067
Run: 10, Epoch: 05, Loss: 0.3871
Run: 10, Epoch: 06, Loss: 0.3718
Run: 10, Epoch: 07, Loss: 0.3554
Run: 10, Epoch: 08, Loss: 0.3512
Run: 10, Epoch: 09, Loss: 0.3447
Run: 10, Epoch: 10, Loss: 0.3378
Run: 10, Epoch: 10, Train: 92.01%, Valid: 90.94% Test: 77.14%
Run: 10, Epoch: 11, Loss: 0.3314
Run: 10, Epoch: 12, Loss: 0.3272
Run: 10, Epoch: 12, Train: 92.21%, Valid: 90.99% Test: 78.33%
Run: 10, Epoch: 13, Loss: 0.3283
Run: 10, Epoch: 14, Loss: 0.3208
Run: 10, Epoch: 14, Train: 92.43%, Valid: 91.04% Test: 78.25%
Run: 10, Epoch: 15, Loss: 0.3239
Run: 10, Epoch: 16, Loss: 0.3148
Run: 10, Epoch: 16, Train: 92.52%, Valid: 91.05% Test: 78.11%
Run: 10, Epoch: 17, Loss: 0.3136
Run: 10, Epoch: 18, Loss: 0.3131
Run: 10, Epoch: 18, Train: 92.72%, Valid: 91.23% Test: 78.22%
Run: 10, Epoch: 19, Loss: 0.3102
Run: 10, Epoch: 20, Loss: 0.3093
Run: 10, Epoch: 20, Train: 92.91%, Valid: 91.28% Test: 78.05%
Run 10:
Highest Train: 92.91
Highest Valid: 91.28
  Final Train: 92.91
   Final Test: 78.05
All runs:
Highest Train: 92.80 ± 0.10
Highest Valid: 91.32 ± 0.06
  Final Train: 92.75 ± 0.12
   Final Test: 78.13 ± 0.50
