Namespace(device=0, log_steps=1, inductive=False, num_layers=3, hidden_channels=256, dropout=0.5, batch_size=20000, walk_length=3, lr=0.01, num_steps=30, epochs=20, eval_steps=2, runs=10, rsv=0.55)
tensor([ 11772,  53354, 127854,  ...,  59277, 126752, 147995]) 108138
tensor([222340, 232877, 217134,  ..., 198324, 225907, 225407]) 21627
Run: 01, Epoch: 01, Loss: 1.2945
Run: 01, Epoch: 02, Loss: 0.5134
Run: 01, Epoch: 03, Loss: 0.4339
Run: 01, Epoch: 04, Loss: 0.4018
Run: 01, Epoch: 05, Loss: 0.3885
Run: 01, Epoch: 06, Loss: 0.3683
Run: 01, Epoch: 07, Loss: 0.3536
Run: 01, Epoch: 08, Loss: 0.3506
Run: 01, Epoch: 09, Loss: 0.3428
Run: 01, Epoch: 10, Loss: 0.3413
Run: 01, Epoch: 10, Train: 92.09%, Valid: 90.89% Test: 78.07%
Run: 01, Epoch: 11, Loss: 0.3351
Run: 01, Epoch: 12, Loss: 0.3255
Run: 01, Epoch: 12, Train: 92.39%, Valid: 90.91% Test: 77.98%
Run: 01, Epoch: 13, Loss: 0.3233
Run: 01, Epoch: 14, Loss: 0.3213
Run: 01, Epoch: 14, Train: 92.45%, Valid: 90.92% Test: 78.89%
Run: 01, Epoch: 15, Loss: 0.3178
Run: 01, Epoch: 16, Loss: 0.3149
Run: 01, Epoch: 16, Train: 92.68%, Valid: 91.20% Test: 78.46%
Run: 01, Epoch: 17, Loss: 0.3121
Run: 01, Epoch: 18, Loss: 0.3135
Run: 01, Epoch: 18, Train: 92.76%, Valid: 91.08% Test: 77.86%
Run: 01, Epoch: 19, Loss: 0.3099
Run: 01, Epoch: 20, Loss: 0.3099
Run: 01, Epoch: 20, Train: 92.83%, Valid: 91.08% Test: 78.56%
Run 01:
Highest Train: 92.83
Highest Valid: 91.20
  Final Train: 92.68
   Final Test: 78.46
Run: 02, Epoch: 01, Loss: 1.4179
Run: 02, Epoch: 02, Loss: 0.5229
Run: 02, Epoch: 03, Loss: 0.4398
Run: 02, Epoch: 04, Loss: 0.4047
Run: 02, Epoch: 05, Loss: 0.3827
Run: 02, Epoch: 06, Loss: 0.3673
Run: 02, Epoch: 07, Loss: 0.3573
Run: 02, Epoch: 08, Loss: 0.3499
Run: 02, Epoch: 09, Loss: 0.3477
Run: 02, Epoch: 10, Loss: 0.3376
Run: 02, Epoch: 10, Train: 92.22%, Valid: 90.86% Test: 78.41%
Run: 02, Epoch: 11, Loss: 0.3334
Run: 02, Epoch: 12, Loss: 0.3312
Run: 02, Epoch: 12, Train: 92.25%, Valid: 90.99% Test: 78.41%
Run: 02, Epoch: 13, Loss: 0.3230
Run: 02, Epoch: 14, Loss: 0.3220
Run: 02, Epoch: 14, Train: 92.49%, Valid: 91.00% Test: 78.15%
Run: 02, Epoch: 15, Loss: 0.3205
Run: 02, Epoch: 16, Loss: 0.3152
Run: 02, Epoch: 16, Train: 92.70%, Valid: 91.40% Test: 78.96%
Run: 02, Epoch: 17, Loss: 0.3138
Run: 02, Epoch: 18, Loss: 0.3119
Run: 02, Epoch: 18, Train: 92.70%, Valid: 91.12% Test: 78.21%
Run: 02, Epoch: 19, Loss: 0.3079
Run: 02, Epoch: 20, Loss: 0.3094
Run: 02, Epoch: 20, Train: 92.68%, Valid: 91.18% Test: 79.01%
Run 02:
Highest Train: 92.70
Highest Valid: 91.40
  Final Train: 92.70
   Final Test: 78.96
Run: 03, Epoch: 01, Loss: 1.3739
Run: 03, Epoch: 02, Loss: 0.5224
Run: 03, Epoch: 03, Loss: 0.4463
Run: 03, Epoch: 04, Loss: 0.4087
Run: 03, Epoch: 05, Loss: 0.3868
Run: 03, Epoch: 06, Loss: 0.3751
Run: 03, Epoch: 07, Loss: 0.3602
Run: 03, Epoch: 08, Loss: 0.3565
Run: 03, Epoch: 09, Loss: 0.3496
Run: 03, Epoch: 10, Loss: 0.3409
Run: 03, Epoch: 10, Train: 91.91%, Valid: 90.77% Test: 78.10%
Run: 03, Epoch: 11, Loss: 0.3367
Run: 03, Epoch: 12, Loss: 0.3338
Run: 03, Epoch: 12, Train: 92.30%, Valid: 91.06% Test: 78.62%
Run: 03, Epoch: 13, Loss: 0.3307
Run: 03, Epoch: 14, Loss: 0.3244
Run: 03, Epoch: 14, Train: 92.32%, Valid: 91.01% Test: 78.60%
Run: 03, Epoch: 15, Loss: 0.3225
Run: 03, Epoch: 16, Loss: 0.3241
Run: 03, Epoch: 16, Train: 92.39%, Valid: 90.95% Test: 78.64%
Run: 03, Epoch: 17, Loss: 0.3185
Run: 03, Epoch: 18, Loss: 0.3175
Run: 03, Epoch: 18, Train: 92.60%, Valid: 91.23% Test: 79.06%
Run: 03, Epoch: 19, Loss: 0.3168
Run: 03, Epoch: 20, Loss: 0.3133
Run: 03, Epoch: 20, Train: 92.71%, Valid: 91.34% Test: 78.22%
Run 03:
Highest Train: 92.71
Highest Valid: 91.34
  Final Train: 92.71
   Final Test: 78.22
Run: 04, Epoch: 01, Loss: 1.2756
Run: 04, Epoch: 02, Loss: 0.5044
Run: 04, Epoch: 03, Loss: 0.4267
Run: 04, Epoch: 04, Loss: 0.3988
Run: 04, Epoch: 05, Loss: 0.3776
Run: 04, Epoch: 06, Loss: 0.3657
Run: 04, Epoch: 07, Loss: 0.3607
Run: 04, Epoch: 08, Loss: 0.3511
Run: 04, Epoch: 09, Loss: 0.3445
Run: 04, Epoch: 10, Loss: 0.3371
Run: 04, Epoch: 10, Train: 92.09%, Valid: 90.89% Test: 78.04%
Run: 04, Epoch: 11, Loss: 0.3292
Run: 04, Epoch: 12, Loss: 0.3281
Run: 04, Epoch: 12, Train: 92.30%, Valid: 91.02% Test: 78.30%
Run: 04, Epoch: 13, Loss: 0.3263
Run: 04, Epoch: 14, Loss: 0.3207
Run: 04, Epoch: 14, Train: 92.49%, Valid: 91.10% Test: 77.58%
Run: 04, Epoch: 15, Loss: 0.3175
Run: 04, Epoch: 16, Loss: 0.3189
Run: 04, Epoch: 16, Train: 92.72%, Valid: 91.13% Test: 78.47%
Run: 04, Epoch: 17, Loss: 0.3151
Run: 04, Epoch: 18, Loss: 0.3164
Run: 04, Epoch: 18, Train: 92.70%, Valid: 91.15% Test: 77.98%
Run: 04, Epoch: 19, Loss: 0.3145
Run: 04, Epoch: 20, Loss: 0.3096
Run: 04, Epoch: 20, Train: 92.81%, Valid: 91.22% Test: 78.41%
Run 04:
Highest Train: 92.81
Highest Valid: 91.22
  Final Train: 92.81
   Final Test: 78.41
Run: 05, Epoch: 01, Loss: 1.2343
Run: 05, Epoch: 02, Loss: 0.5053
Run: 05, Epoch: 03, Loss: 0.4317
Run: 05, Epoch: 04, Loss: 0.3990
Run: 05, Epoch: 05, Loss: 0.3755
Run: 05, Epoch: 06, Loss: 0.3637
Run: 05, Epoch: 07, Loss: 0.3549
Run: 05, Epoch: 08, Loss: 0.3476
Run: 05, Epoch: 09, Loss: 0.3400
Run: 05, Epoch: 10, Loss: 0.3356
Run: 05, Epoch: 10, Train: 92.09%, Valid: 90.75% Test: 78.02%
Run: 05, Epoch: 11, Loss: 0.3304
Run: 05, Epoch: 12, Loss: 0.3291
Run: 05, Epoch: 12, Train: 92.25%, Valid: 90.79% Test: 77.56%
Run: 05, Epoch: 13, Loss: 0.3284
Run: 05, Epoch: 14, Loss: 0.3227
Run: 05, Epoch: 14, Train: 92.50%, Valid: 91.17% Test: 78.47%
Run: 05, Epoch: 15, Loss: 0.3193
Run: 05, Epoch: 16, Loss: 0.3134
Run: 05, Epoch: 16, Train: 92.62%, Valid: 91.15% Test: 78.33%
Run: 05, Epoch: 17, Loss: 0.3112
Run: 05, Epoch: 18, Loss: 0.3112
Run: 05, Epoch: 18, Train: 92.71%, Valid: 91.15% Test: 78.41%
Run: 05, Epoch: 19, Loss: 0.3098
Run: 05, Epoch: 20, Loss: 0.3103
Run: 05, Epoch: 20, Train: 92.93%, Valid: 91.27% Test: 78.57%
Run 05:
Highest Train: 92.93
Highest Valid: 91.27
  Final Train: 92.93
   Final Test: 78.57
Run: 06, Epoch: 01, Loss: 1.3169
Run: 06, Epoch: 02, Loss: 0.5183
Run: 06, Epoch: 03, Loss: 0.4405
Run: 06, Epoch: 04, Loss: 0.4003
Run: 06, Epoch: 05, Loss: 0.3851
Run: 06, Epoch: 06, Loss: 0.3715
Run: 06, Epoch: 07, Loss: 0.3585
Run: 06, Epoch: 08, Loss: 0.3488
Run: 06, Epoch: 09, Loss: 0.3397
Run: 06, Epoch: 10, Loss: 0.3428
Run: 06, Epoch: 10, Train: 92.09%, Valid: 90.86% Test: 78.18%
Run: 06, Epoch: 11, Loss: 0.3344
Run: 06, Epoch: 12, Loss: 0.3312
Run: 06, Epoch: 12, Train: 92.30%, Valid: 90.89% Test: 78.01%
Run: 06, Epoch: 13, Loss: 0.3271
Run: 06, Epoch: 14, Loss: 0.3199
Run: 06, Epoch: 14, Train: 92.32%, Valid: 91.00% Test: 78.75%
Run: 06, Epoch: 15, Loss: 0.3171
Run: 06, Epoch: 16, Loss: 0.3197
Run: 06, Epoch: 16, Train: 92.47%, Valid: 91.16% Test: 78.54%
Run: 06, Epoch: 17, Loss: 0.3173
Run: 06, Epoch: 18, Loss: 0.3147
Run: 06, Epoch: 18, Train: 92.69%, Valid: 91.28% Test: 78.45%
Run: 06, Epoch: 19, Loss: 0.3117
Run: 06, Epoch: 20, Loss: 0.3112
Run: 06, Epoch: 20, Train: 92.85%, Valid: 91.21% Test: 78.75%
Run 06:
Highest Train: 92.85
Highest Valid: 91.28
  Final Train: 92.69
   Final Test: 78.45
Run: 07, Epoch: 01, Loss: 1.3802
Run: 07, Epoch: 02, Loss: 0.5257
Run: 07, Epoch: 03, Loss: 0.4462
Run: 07, Epoch: 04, Loss: 0.4067
Run: 07, Epoch: 05, Loss: 0.3859
Run: 07, Epoch: 06, Loss: 0.3709
Run: 07, Epoch: 07, Loss: 0.3571
Run: 07, Epoch: 08, Loss: 0.3498
Run: 07, Epoch: 09, Loss: 0.3431
Run: 07, Epoch: 10, Loss: 0.3402
Run: 07, Epoch: 10, Train: 91.95%, Valid: 90.89% Test: 77.62%
Run: 07, Epoch: 11, Loss: 0.3340
Run: 07, Epoch: 12, Loss: 0.3281
Run: 07, Epoch: 12, Train: 92.26%, Valid: 91.00% Test: 77.37%
Run: 07, Epoch: 13, Loss: 0.3236
Run: 07, Epoch: 14, Loss: 0.3178
Run: 07, Epoch: 14, Train: 92.55%, Valid: 91.09% Test: 78.13%
Run: 07, Epoch: 15, Loss: 0.3164
Run: 07, Epoch: 16, Loss: 0.3206
Run: 07, Epoch: 16, Train: 92.67%, Valid: 91.23% Test: 77.20%
Run: 07, Epoch: 17, Loss: 0.3126
Run: 07, Epoch: 18, Loss: 0.3116
Run: 07, Epoch: 18, Train: 92.79%, Valid: 91.42% Test: 78.24%
Run: 07, Epoch: 19, Loss: 0.3090
Run: 07, Epoch: 20, Loss: 0.3089
Run: 07, Epoch: 20, Train: 92.82%, Valid: 91.37% Test: 77.84%
Run 07:
Highest Train: 92.82
Highest Valid: 91.42
  Final Train: 92.79
   Final Test: 78.24
Run: 08, Epoch: 01, Loss: 1.2439
Run: 08, Epoch: 02, Loss: 0.5018
Run: 08, Epoch: 03, Loss: 0.4308
Run: 08, Epoch: 04, Loss: 0.3970
Run: 08, Epoch: 05, Loss: 0.3786
Run: 08, Epoch: 06, Loss: 0.3631
Run: 08, Epoch: 07, Loss: 0.3504
Run: 08, Epoch: 08, Loss: 0.3522
Run: 08, Epoch: 09, Loss: 0.3467
Run: 08, Epoch: 10, Loss: 0.3377
Run: 08, Epoch: 10, Train: 92.06%, Valid: 90.91% Test: 78.11%
Run: 08, Epoch: 11, Loss: 0.3334
Run: 08, Epoch: 12, Loss: 0.3255
Run: 08, Epoch: 12, Train: 92.38%, Valid: 91.26% Test: 78.76%
Run: 08, Epoch: 13, Loss: 0.3216
Run: 08, Epoch: 14, Loss: 0.3186
Run: 08, Epoch: 14, Train: 92.58%, Valid: 91.27% Test: 78.54%
Run: 08, Epoch: 15, Loss: 0.3147
Run: 08, Epoch: 16, Loss: 0.3177
Run: 08, Epoch: 16, Train: 92.69%, Valid: 91.15% Test: 78.48%
Run: 08, Epoch: 17, Loss: 0.3159
Run: 08, Epoch: 18, Loss: 0.3157
Run: 08, Epoch: 18, Train: 92.66%, Valid: 91.21% Test: 78.33%
Run: 08, Epoch: 19, Loss: 0.3071
Run: 08, Epoch: 20, Loss: 0.3105
Run: 08, Epoch: 20, Train: 92.63%, Valid: 91.16% Test: 78.72%
Run 08:
Highest Train: 92.69
Highest Valid: 91.27
  Final Train: 92.58
   Final Test: 78.54
Run: 09, Epoch: 01, Loss: 1.3016
Run: 09, Epoch: 02, Loss: 0.5094
Run: 09, Epoch: 03, Loss: 0.4319
Run: 09, Epoch: 04, Loss: 0.3980
Run: 09, Epoch: 05, Loss: 0.3792
Run: 09, Epoch: 06, Loss: 0.3638
Run: 09, Epoch: 07, Loss: 0.3552
Run: 09, Epoch: 08, Loss: 0.3462
Run: 09, Epoch: 09, Loss: 0.3410
Run: 09, Epoch: 10, Loss: 0.3352
Run: 09, Epoch: 10, Train: 92.15%, Valid: 91.03% Test: 77.30%
Run: 09, Epoch: 11, Loss: 0.3292
Run: 09, Epoch: 12, Loss: 0.3218
Run: 09, Epoch: 12, Train: 92.32%, Valid: 90.85% Test: 77.82%
Run: 09, Epoch: 13, Loss: 0.3253
Run: 09, Epoch: 14, Loss: 0.3221
Run: 09, Epoch: 14, Train: 92.43%, Valid: 90.87% Test: 77.53%
Run: 09, Epoch: 15, Loss: 0.3205
Run: 09, Epoch: 16, Loss: 0.3157
Run: 09, Epoch: 16, Train: 92.64%, Valid: 91.32% Test: 78.56%
Run: 09, Epoch: 17, Loss: 0.3093
Run: 09, Epoch: 18, Loss: 0.3098
Run: 09, Epoch: 18, Train: 92.87%, Valid: 91.23% Test: 78.16%
Run: 09, Epoch: 19, Loss: 0.3077
Run: 09, Epoch: 20, Loss: 0.3063
Run: 09, Epoch: 20, Train: 92.92%, Valid: 91.24% Test: 78.66%
Run 09:
Highest Train: 92.92
Highest Valid: 91.32
  Final Train: 92.64
   Final Test: 78.56
Run: 10, Epoch: 01, Loss: 1.3145
Run: 10, Epoch: 02, Loss: 0.5148
Run: 10, Epoch: 03, Loss: 0.4343
Run: 10, Epoch: 04, Loss: 0.4045
Run: 10, Epoch: 05, Loss: 0.3850
Run: 10, Epoch: 06, Loss: 0.3702
Run: 10, Epoch: 07, Loss: 0.3533
Run: 10, Epoch: 08, Loss: 0.3510
Run: 10, Epoch: 09, Loss: 0.3454
Run: 10, Epoch: 10, Loss: 0.3387
Run: 10, Epoch: 10, Train: 92.09%, Valid: 90.98% Test: 77.71%
Run: 10, Epoch: 11, Loss: 0.3298
Run: 10, Epoch: 12, Loss: 0.3271
Run: 10, Epoch: 12, Train: 92.27%, Valid: 91.06% Test: 78.83%
Run: 10, Epoch: 13, Loss: 0.3261
Run: 10, Epoch: 14, Loss: 0.3200
Run: 10, Epoch: 14, Train: 92.38%, Valid: 90.89% Test: 78.22%
Run: 10, Epoch: 15, Loss: 0.3228
Run: 10, Epoch: 16, Loss: 0.3138
Run: 10, Epoch: 16, Train: 92.45%, Valid: 91.04% Test: 77.93%
Run: 10, Epoch: 17, Loss: 0.3136
Run: 10, Epoch: 18, Loss: 0.3123
Run: 10, Epoch: 18, Train: 92.84%, Valid: 91.25% Test: 78.78%
Run: 10, Epoch: 19, Loss: 0.3082
Run: 10, Epoch: 20, Loss: 0.3144
Run: 10, Epoch: 20, Train: 92.64%, Valid: 91.09% Test: 78.65%
Run 10:
Highest Train: 92.84
Highest Valid: 91.25
  Final Train: 92.84
   Final Test: 78.78
All runs:
Highest Train: 92.81 ± 0.09
Highest Valid: 91.30 ± 0.07
  Final Train: 92.74 ± 0.10
   Final Test: 78.52 ± 0.22
