Namespace(device=0, log_steps=1, inductive=False, num_layers=3, hidden_channels=256, dropout=0.5, batch_size=20000, walk_length=3, lr=0.01, num_steps=30, epochs=20, eval_steps=2, runs=10, rsv=0.6)
tensor([ 11772,  53354, 127854,  ...,   6001, 130087, 124207]) 117969
tensor([222340, 232877, 217134,  ..., 235295, 200932, 206519]) 23593
Run: 01, Epoch: 01, Loss: 1.2912
Run: 01, Epoch: 02, Loss: 0.5093
Run: 01, Epoch: 03, Loss: 0.4299
Run: 01, Epoch: 04, Loss: 0.3991
Run: 01, Epoch: 05, Loss: 0.3841
Run: 01, Epoch: 06, Loss: 0.3679
Run: 01, Epoch: 07, Loss: 0.3511
Run: 01, Epoch: 08, Loss: 0.3474
Run: 01, Epoch: 09, Loss: 0.3402
Run: 01, Epoch: 10, Loss: 0.3398
Run: 01, Epoch: 10, Train: 92.14%, Valid: 91.07% Test: 78.06%
Run: 01, Epoch: 11, Loss: 0.3316
Run: 01, Epoch: 12, Loss: 0.3252
Run: 01, Epoch: 12, Train: 92.47%, Valid: 91.07% Test: 78.18%
Run: 01, Epoch: 13, Loss: 0.3234
Run: 01, Epoch: 14, Loss: 0.3207
Run: 01, Epoch: 14, Train: 92.39%, Valid: 91.12% Test: 79.29%
Run: 01, Epoch: 15, Loss: 0.3160
Run: 01, Epoch: 16, Loss: 0.3128
Run: 01, Epoch: 16, Train: 92.70%, Valid: 91.28% Test: 78.74%
Run: 01, Epoch: 17, Loss: 0.3109
Run: 01, Epoch: 18, Loss: 0.3082
Run: 01, Epoch: 18, Train: 92.85%, Valid: 91.40% Test: 78.26%
Run: 01, Epoch: 19, Loss: 0.3073
Run: 01, Epoch: 20, Loss: 0.3075
Run: 01, Epoch: 20, Train: 92.81%, Valid: 91.20% Test: 78.39%
Run 01:
Highest Train: 92.85
Highest Valid: 91.40
  Final Train: 92.85
   Final Test: 78.26
Run: 02, Epoch: 01, Loss: 1.4118
Run: 02, Epoch: 02, Loss: 0.5218
Run: 02, Epoch: 03, Loss: 0.4393
Run: 02, Epoch: 04, Loss: 0.4056
Run: 02, Epoch: 05, Loss: 0.3818
Run: 02, Epoch: 06, Loss: 0.3665
Run: 02, Epoch: 07, Loss: 0.3558
Run: 02, Epoch: 08, Loss: 0.3492
Run: 02, Epoch: 09, Loss: 0.3484
Run: 02, Epoch: 10, Loss: 0.3376
Run: 02, Epoch: 10, Train: 92.18%, Valid: 90.81% Test: 78.56%
Run: 02, Epoch: 11, Loss: 0.3328
Run: 02, Epoch: 12, Loss: 0.3300
Run: 02, Epoch: 12, Train: 92.25%, Valid: 91.00% Test: 78.59%
Run: 02, Epoch: 13, Loss: 0.3213
Run: 02, Epoch: 14, Loss: 0.3219
Run: 02, Epoch: 14, Train: 92.47%, Valid: 91.18% Test: 78.12%
Run: 02, Epoch: 15, Loss: 0.3197
Run: 02, Epoch: 16, Loss: 0.3152
Run: 02, Epoch: 16, Train: 92.63%, Valid: 91.18% Test: 79.24%
Run: 02, Epoch: 17, Loss: 0.3134
Run: 02, Epoch: 18, Loss: 0.3109
Run: 02, Epoch: 18, Train: 92.79%, Valid: 91.10% Test: 78.03%
Run: 02, Epoch: 19, Loss: 0.3103
Run: 02, Epoch: 20, Loss: 0.3094
Run: 02, Epoch: 20, Train: 92.76%, Valid: 91.20% Test: 78.96%
Run 02:
Highest Train: 92.79
Highest Valid: 91.20
  Final Train: 92.76
   Final Test: 78.96
Run: 03, Epoch: 01, Loss: 1.3753
Run: 03, Epoch: 02, Loss: 0.5213
Run: 03, Epoch: 03, Loss: 0.4440
Run: 03, Epoch: 04, Loss: 0.4073
Run: 03, Epoch: 05, Loss: 0.3857
Run: 03, Epoch: 06, Loss: 0.3733
Run: 03, Epoch: 07, Loss: 0.3592
Run: 03, Epoch: 08, Loss: 0.3500
Run: 03, Epoch: 09, Loss: 0.3448
Run: 03, Epoch: 10, Loss: 0.3370
Run: 03, Epoch: 10, Train: 91.94%, Valid: 90.90% Test: 78.08%
Run: 03, Epoch: 11, Loss: 0.3328
Run: 03, Epoch: 12, Loss: 0.3316
Run: 03, Epoch: 12, Train: 92.28%, Valid: 91.21% Test: 78.51%
Run: 03, Epoch: 13, Loss: 0.3273
Run: 03, Epoch: 14, Loss: 0.3216
Run: 03, Epoch: 14, Train: 92.35%, Valid: 91.16% Test: 78.70%
Run: 03, Epoch: 15, Loss: 0.3207
Run: 03, Epoch: 16, Loss: 0.3228
Run: 03, Epoch: 16, Train: 92.43%, Valid: 91.26% Test: 78.91%
Run: 03, Epoch: 17, Loss: 0.3168
Run: 03, Epoch: 18, Loss: 0.3167
Run: 03, Epoch: 18, Train: 92.67%, Valid: 91.24% Test: 79.53%
Run: 03, Epoch: 19, Loss: 0.3169
Run: 03, Epoch: 20, Loss: 0.3129
Run: 03, Epoch: 20, Train: 92.69%, Valid: 91.40% Test: 78.29%
Run 03:
Highest Train: 92.69
Highest Valid: 91.40
  Final Train: 92.69
   Final Test: 78.29
Run: 04, Epoch: 01, Loss: 1.2736
Run: 04, Epoch: 02, Loss: 0.5003
Run: 04, Epoch: 03, Loss: 0.4245
Run: 04, Epoch: 04, Loss: 0.3967
Run: 04, Epoch: 05, Loss: 0.3771
Run: 04, Epoch: 06, Loss: 0.3657
Run: 04, Epoch: 07, Loss: 0.3578
Run: 04, Epoch: 08, Loss: 0.3456
Run: 04, Epoch: 09, Loss: 0.3419
Run: 04, Epoch: 10, Loss: 0.3349
Run: 04, Epoch: 10, Train: 92.15%, Valid: 90.98% Test: 78.09%
Run: 04, Epoch: 11, Loss: 0.3297
Run: 04, Epoch: 12, Loss: 0.3255
Run: 04, Epoch: 12, Train: 92.35%, Valid: 91.21% Test: 78.39%
Run: 04, Epoch: 13, Loss: 0.3210
Run: 04, Epoch: 14, Loss: 0.3159
Run: 04, Epoch: 14, Train: 92.58%, Valid: 91.22% Test: 77.76%
Run: 04, Epoch: 15, Loss: 0.3143
Run: 04, Epoch: 16, Loss: 0.3208
Run: 04, Epoch: 16, Train: 92.68%, Valid: 91.22% Test: 78.75%
Run: 04, Epoch: 17, Loss: 0.3137
Run: 04, Epoch: 18, Loss: 0.3112
Run: 04, Epoch: 18, Train: 92.79%, Valid: 91.29% Test: 78.72%
Run: 04, Epoch: 19, Loss: 0.3053
Run: 04, Epoch: 20, Loss: 0.3068
Run: 04, Epoch: 20, Train: 92.88%, Valid: 91.33% Test: 78.94%
Run 04:
Highest Train: 92.88
Highest Valid: 91.33
  Final Train: 92.88
   Final Test: 78.94
Run: 05, Epoch: 01, Loss: 1.2296
Run: 05, Epoch: 02, Loss: 0.5020
Run: 05, Epoch: 03, Loss: 0.4297
Run: 05, Epoch: 04, Loss: 0.3981
Run: 05, Epoch: 05, Loss: 0.3757
Run: 05, Epoch: 06, Loss: 0.3635
Run: 05, Epoch: 07, Loss: 0.3527
Run: 05, Epoch: 08, Loss: 0.3446
Run: 05, Epoch: 09, Loss: 0.3391
Run: 05, Epoch: 10, Loss: 0.3356
Run: 05, Epoch: 10, Train: 92.01%, Valid: 90.98% Test: 77.87%
Run: 05, Epoch: 11, Loss: 0.3306
Run: 05, Epoch: 12, Loss: 0.3264
Run: 05, Epoch: 12, Train: 92.35%, Valid: 90.93% Test: 77.87%
Run: 05, Epoch: 13, Loss: 0.3231
Run: 05, Epoch: 14, Loss: 0.3212
Run: 05, Epoch: 14, Train: 92.49%, Valid: 91.21% Test: 78.47%
Run: 05, Epoch: 15, Loss: 0.3197
Run: 05, Epoch: 16, Loss: 0.3113
Run: 05, Epoch: 16, Train: 92.60%, Valid: 91.26% Test: 78.41%
Run: 05, Epoch: 17, Loss: 0.3104
Run: 05, Epoch: 18, Loss: 0.3078
Run: 05, Epoch: 18, Train: 92.71%, Valid: 91.23% Test: 78.04%
Run: 05, Epoch: 19, Loss: 0.3079
Run: 05, Epoch: 20, Loss: 0.3100
Run: 05, Epoch: 20, Train: 92.95%, Valid: 91.39% Test: 78.81%
Run 05:
Highest Train: 92.95
Highest Valid: 91.39
  Final Train: 92.95
   Final Test: 78.81
Run: 06, Epoch: 01, Loss: 1.3164
Run: 06, Epoch: 02, Loss: 0.5152
Run: 06, Epoch: 03, Loss: 0.4395
Run: 06, Epoch: 04, Loss: 0.3982
Run: 06, Epoch: 05, Loss: 0.3831
Run: 06, Epoch: 06, Loss: 0.3687
Run: 06, Epoch: 07, Loss: 0.3550
Run: 06, Epoch: 08, Loss: 0.3483
Run: 06, Epoch: 09, Loss: 0.3390
Run: 06, Epoch: 10, Loss: 0.3394
Run: 06, Epoch: 10, Train: 92.15%, Valid: 90.97% Test: 78.19%
Run: 06, Epoch: 11, Loss: 0.3308
Run: 06, Epoch: 12, Loss: 0.3291
Run: 06, Epoch: 12, Train: 92.47%, Valid: 91.00% Test: 78.09%
Run: 06, Epoch: 13, Loss: 0.3254
Run: 06, Epoch: 14, Loss: 0.3168
Run: 06, Epoch: 14, Train: 92.41%, Valid: 91.04% Test: 78.74%
Run: 06, Epoch: 15, Loss: 0.3141
Run: 06, Epoch: 16, Loss: 0.3170
Run: 06, Epoch: 16, Train: 92.64%, Valid: 91.33% Test: 78.36%
Run: 06, Epoch: 17, Loss: 0.3140
Run: 06, Epoch: 18, Loss: 0.3127
Run: 06, Epoch: 18, Train: 92.72%, Valid: 91.39% Test: 78.63%
Run: 06, Epoch: 19, Loss: 0.3119
Run: 06, Epoch: 20, Loss: 0.3103
Run: 06, Epoch: 20, Train: 92.91%, Valid: 91.46% Test: 78.92%
Run 06:
Highest Train: 92.91
Highest Valid: 91.46
  Final Train: 92.91
   Final Test: 78.92
Run: 07, Epoch: 01, Loss: 1.3762
Run: 07, Epoch: 02, Loss: 0.5235
Run: 07, Epoch: 03, Loss: 0.4451
Run: 07, Epoch: 04, Loss: 0.4059
Run: 07, Epoch: 05, Loss: 0.3872
Run: 07, Epoch: 06, Loss: 0.3696
Run: 07, Epoch: 07, Loss: 0.3571
Run: 07, Epoch: 08, Loss: 0.3484
Run: 07, Epoch: 09, Loss: 0.3416
Run: 07, Epoch: 10, Loss: 0.3413
Run: 07, Epoch: 10, Train: 92.01%, Valid: 90.88% Test: 77.74%
Run: 07, Epoch: 11, Loss: 0.3327
Run: 07, Epoch: 12, Loss: 0.3271
Run: 07, Epoch: 12, Train: 92.29%, Valid: 91.06% Test: 77.87%
Run: 07, Epoch: 13, Loss: 0.3234
Run: 07, Epoch: 14, Loss: 0.3187
Run: 07, Epoch: 14, Train: 92.60%, Valid: 91.09% Test: 78.73%
Run: 07, Epoch: 15, Loss: 0.3159
Run: 07, Epoch: 16, Loss: 0.3194
Run: 07, Epoch: 16, Train: 92.58%, Valid: 91.26% Test: 77.50%
Run: 07, Epoch: 17, Loss: 0.3127
Run: 07, Epoch: 18, Loss: 0.3137
Run: 07, Epoch: 18, Train: 92.71%, Valid: 91.49% Test: 78.49%
Run: 07, Epoch: 19, Loss: 0.3106
Run: 07, Epoch: 20, Loss: 0.3106
Run: 07, Epoch: 20, Train: 92.81%, Valid: 91.34% Test: 77.75%
Run 07:
Highest Train: 92.81
Highest Valid: 91.49
  Final Train: 92.71
   Final Test: 78.49
Run: 08, Epoch: 01, Loss: 1.2415
Run: 08, Epoch: 02, Loss: 0.4990
Run: 08, Epoch: 03, Loss: 0.4285
Run: 08, Epoch: 04, Loss: 0.3958
Run: 08, Epoch: 05, Loss: 0.3772
Run: 08, Epoch: 06, Loss: 0.3624
Run: 08, Epoch: 07, Loss: 0.3488
Run: 08, Epoch: 08, Loss: 0.3470
Run: 08, Epoch: 09, Loss: 0.3394
Run: 08, Epoch: 10, Loss: 0.3351
Run: 08, Epoch: 10, Train: 92.02%, Valid: 91.02% Test: 78.31%
Run: 08, Epoch: 11, Loss: 0.3308
Run: 08, Epoch: 12, Loss: 0.3240
Run: 08, Epoch: 12, Train: 92.44%, Valid: 91.21% Test: 78.35%
Run: 08, Epoch: 13, Loss: 0.3206
Run: 08, Epoch: 14, Loss: 0.3167
Run: 08, Epoch: 14, Train: 92.62%, Valid: 91.24% Test: 78.51%
Run: 08, Epoch: 15, Loss: 0.3142
Run: 08, Epoch: 16, Loss: 0.3165
Run: 08, Epoch: 16, Train: 92.65%, Valid: 91.50% Test: 78.83%
Run: 08, Epoch: 17, Loss: 0.3130
Run: 08, Epoch: 18, Loss: 0.3169
Run: 08, Epoch: 18, Train: 92.75%, Valid: 91.40% Test: 78.47%
Run: 08, Epoch: 19, Loss: 0.3081
Run: 08, Epoch: 20, Loss: 0.3084
Run: 08, Epoch: 20, Train: 92.63%, Valid: 91.33% Test: 79.03%
Run 08:
Highest Train: 92.75
Highest Valid: 91.50
  Final Train: 92.65
   Final Test: 78.83
Run: 09, Epoch: 01, Loss: 1.3006
Run: 09, Epoch: 02, Loss: 0.5093
Run: 09, Epoch: 03, Loss: 0.4321
Run: 09, Epoch: 04, Loss: 0.3987
Run: 09, Epoch: 05, Loss: 0.3789
Run: 09, Epoch: 06, Loss: 0.3630
Run: 09, Epoch: 07, Loss: 0.3534
Run: 09, Epoch: 08, Loss: 0.3449
Run: 09, Epoch: 09, Loss: 0.3418
Run: 09, Epoch: 10, Loss: 0.3335
Run: 09, Epoch: 10, Train: 92.21%, Valid: 91.11% Test: 77.55%
Run: 09, Epoch: 11, Loss: 0.3298
Run: 09, Epoch: 12, Loss: 0.3263
Run: 09, Epoch: 12, Train: 92.33%, Valid: 91.07% Test: 78.01%
Run: 09, Epoch: 13, Loss: 0.3234
Run: 09, Epoch: 14, Loss: 0.3222
Run: 09, Epoch: 14, Train: 92.48%, Valid: 90.96% Test: 77.36%
Run: 09, Epoch: 15, Loss: 0.3201
Run: 09, Epoch: 16, Loss: 0.3183
Run: 09, Epoch: 16, Train: 92.59%, Valid: 91.22% Test: 78.43%
Run: 09, Epoch: 17, Loss: 0.3090
Run: 09, Epoch: 18, Loss: 0.3106
Run: 09, Epoch: 18, Train: 92.72%, Valid: 91.17% Test: 78.00%
Run: 09, Epoch: 19, Loss: 0.3070
Run: 09, Epoch: 20, Loss: 0.3097
Run: 09, Epoch: 20, Train: 92.88%, Valid: 91.32% Test: 78.80%
Run 09:
Highest Train: 92.88
Highest Valid: 91.32
  Final Train: 92.88
   Final Test: 78.80
Run: 10, Epoch: 01, Loss: 1.3181
Run: 10, Epoch: 02, Loss: 0.5148
Run: 10, Epoch: 03, Loss: 0.4345
Run: 10, Epoch: 04, Loss: 0.4047
Run: 10, Epoch: 05, Loss: 0.3859
Run: 10, Epoch: 06, Loss: 0.3692
Run: 10, Epoch: 07, Loss: 0.3544
Run: 10, Epoch: 08, Loss: 0.3496
Run: 10, Epoch: 09, Loss: 0.3444
Run: 10, Epoch: 10, Loss: 0.3384
Run: 10, Epoch: 10, Train: 92.04%, Valid: 90.99% Test: 77.58%
Run: 10, Epoch: 11, Loss: 0.3291
Run: 10, Epoch: 12, Loss: 0.3268
Run: 10, Epoch: 12, Train: 92.28%, Valid: 91.09% Test: 78.46%
Run: 10, Epoch: 13, Loss: 0.3253
Run: 10, Epoch: 14, Loss: 0.3188
Run: 10, Epoch: 14, Train: 92.41%, Valid: 91.10% Test: 78.67%
Run: 10, Epoch: 15, Loss: 0.3218
Run: 10, Epoch: 16, Loss: 0.3127
Run: 10, Epoch: 16, Train: 92.62%, Valid: 91.07% Test: 78.39%
Run: 10, Epoch: 17, Loss: 0.3130
Run: 10, Epoch: 18, Loss: 0.3144
Run: 10, Epoch: 18, Train: 92.71%, Valid: 91.33% Test: 78.88%
Run: 10, Epoch: 19, Loss: 0.3118
Run: 10, Epoch: 20, Loss: 0.3131
Run: 10, Epoch: 20, Train: 92.80%, Valid: 91.26% Test: 78.81%
Run 10:
Highest Train: 92.80
Highest Valid: 91.33
  Final Train: 92.71
   Final Test: 78.88
All runs:
Highest Train: 92.83 ± 0.08
Highest Valid: 91.38 ± 0.09
  Final Train: 92.80 ± 0.11
   Final Test: 78.72 ± 0.27
