Namespace(device=0, log_steps=1, inductive=False, num_layers=3, hidden_channels=256, dropout=0.5, batch_size=20000, walk_length=3, lr=0.01, num_steps=30, epochs=20, eval_steps=2, runs=10, rsv=0.65)
tensor([ 11772,  53354, 127854,  ...,  34432, 167672,  31841]) 127799
tensor([222340, 232877, 217134,  ..., 199739, 221009, 221526]) 25559
Run: 01, Epoch: 01, Loss: 1.2948
Run: 01, Epoch: 02, Loss: 0.5107
Run: 01, Epoch: 03, Loss: 0.4328
Run: 01, Epoch: 04, Loss: 0.4008
Run: 01, Epoch: 05, Loss: 0.3848
Run: 01, Epoch: 06, Loss: 0.3690
Run: 01, Epoch: 07, Loss: 0.3520
Run: 01, Epoch: 08, Loss: 0.3501
Run: 01, Epoch: 09, Loss: 0.3410
Run: 01, Epoch: 10, Loss: 0.3389
Run: 01, Epoch: 10, Train: 92.11%, Valid: 91.01% Test: 78.04%
Run: 01, Epoch: 11, Loss: 0.3322
Run: 01, Epoch: 12, Loss: 0.3242
Run: 01, Epoch: 12, Train: 92.40%, Valid: 90.93% Test: 78.17%
Run: 01, Epoch: 13, Loss: 0.3244
Run: 01, Epoch: 14, Loss: 0.3237
Run: 01, Epoch: 14, Train: 92.52%, Valid: 91.12% Test: 79.27%
Run: 01, Epoch: 15, Loss: 0.3148
Run: 01, Epoch: 16, Loss: 0.3140
Run: 01, Epoch: 16, Train: 92.67%, Valid: 91.33% Test: 78.78%
Run: 01, Epoch: 17, Loss: 0.3113
Run: 01, Epoch: 18, Loss: 0.3105
Run: 01, Epoch: 18, Train: 92.79%, Valid: 91.42% Test: 78.24%
Run: 01, Epoch: 19, Loss: 0.3082
Run: 01, Epoch: 20, Loss: 0.3085
Run: 01, Epoch: 20, Train: 92.87%, Valid: 91.25% Test: 78.60%
Run 01:
Highest Train: 92.87
Highest Valid: 91.42
  Final Train: 92.79
   Final Test: 78.24
Run: 02, Epoch: 01, Loss: 1.4104
Run: 02, Epoch: 02, Loss: 0.5205
Run: 02, Epoch: 03, Loss: 0.4388
Run: 02, Epoch: 04, Loss: 0.4046
Run: 02, Epoch: 05, Loss: 0.3824
Run: 02, Epoch: 06, Loss: 0.3674
Run: 02, Epoch: 07, Loss: 0.3558
Run: 02, Epoch: 08, Loss: 0.3493
Run: 02, Epoch: 09, Loss: 0.3474
Run: 02, Epoch: 10, Loss: 0.3362
Run: 02, Epoch: 10, Train: 92.13%, Valid: 90.89% Test: 78.70%
Run: 02, Epoch: 11, Loss: 0.3305
Run: 02, Epoch: 12, Loss: 0.3302
Run: 02, Epoch: 12, Train: 92.29%, Valid: 90.90% Test: 78.46%
Run: 02, Epoch: 13, Loss: 0.3238
Run: 02, Epoch: 14, Loss: 0.3204
Run: 02, Epoch: 14, Train: 92.50%, Valid: 91.16% Test: 77.92%
Run: 02, Epoch: 15, Loss: 0.3186
Run: 02, Epoch: 16, Loss: 0.3149
Run: 02, Epoch: 16, Train: 92.60%, Valid: 91.20% Test: 79.00%
Run: 02, Epoch: 17, Loss: 0.3155
Run: 02, Epoch: 18, Loss: 0.3099
Run: 02, Epoch: 18, Train: 92.70%, Valid: 91.13% Test: 78.08%
Run: 02, Epoch: 19, Loss: 0.3095
Run: 02, Epoch: 20, Loss: 0.3127
Run: 02, Epoch: 20, Train: 92.74%, Valid: 91.16% Test: 79.05%
Run 02:
Highest Train: 92.74
Highest Valid: 91.20
  Final Train: 92.60
   Final Test: 79.00
Run: 03, Epoch: 01, Loss: 1.3822
Run: 03, Epoch: 02, Loss: 0.5225
Run: 03, Epoch: 03, Loss: 0.4451
Run: 03, Epoch: 04, Loss: 0.4087
Run: 03, Epoch: 05, Loss: 0.3863
Run: 03, Epoch: 06, Loss: 0.3742
Run: 03, Epoch: 07, Loss: 0.3607
Run: 03, Epoch: 08, Loss: 0.3587
Run: 03, Epoch: 09, Loss: 0.3489
Run: 03, Epoch: 10, Loss: 0.3399
Run: 03, Epoch: 10, Train: 91.96%, Valid: 90.81% Test: 78.02%
Run: 03, Epoch: 11, Loss: 0.3349
Run: 03, Epoch: 12, Loss: 0.3340
Run: 03, Epoch: 12, Train: 92.30%, Valid: 91.05% Test: 78.66%
Run: 03, Epoch: 13, Loss: 0.3272
Run: 03, Epoch: 14, Loss: 0.3243
Run: 03, Epoch: 14, Train: 92.34%, Valid: 91.01% Test: 78.89%
Run: 03, Epoch: 15, Loss: 0.3224
Run: 03, Epoch: 16, Loss: 0.3226
Run: 03, Epoch: 16, Train: 92.58%, Valid: 91.34% Test: 78.95%
Run: 03, Epoch: 17, Loss: 0.3178
Run: 03, Epoch: 18, Loss: 0.3178
Run: 03, Epoch: 18, Train: 92.71%, Valid: 91.28% Test: 79.13%
Run: 03, Epoch: 19, Loss: 0.3150
Run: 03, Epoch: 20, Loss: 0.3138
Run: 03, Epoch: 20, Train: 92.54%, Valid: 91.32% Test: 78.14%
Run 03:
Highest Train: 92.71
Highest Valid: 91.34
  Final Train: 92.58
   Final Test: 78.95
Run: 04, Epoch: 01, Loss: 1.2704
Run: 04, Epoch: 02, Loss: 0.5011
Run: 04, Epoch: 03, Loss: 0.4258
Run: 04, Epoch: 04, Loss: 0.3974
Run: 04, Epoch: 05, Loss: 0.3770
Run: 04, Epoch: 06, Loss: 0.3652
Run: 04, Epoch: 07, Loss: 0.3582
Run: 04, Epoch: 08, Loss: 0.3478
Run: 04, Epoch: 09, Loss: 0.3418
Run: 04, Epoch: 10, Loss: 0.3354
Run: 04, Epoch: 10, Train: 92.11%, Valid: 90.88% Test: 78.37%
Run: 04, Epoch: 11, Loss: 0.3279
Run: 04, Epoch: 12, Loss: 0.3234
Run: 04, Epoch: 12, Train: 92.38%, Valid: 91.10% Test: 78.55%
Run: 04, Epoch: 13, Loss: 0.3224
Run: 04, Epoch: 14, Loss: 0.3180
Run: 04, Epoch: 14, Train: 92.57%, Valid: 91.30% Test: 77.85%
Run: 04, Epoch: 15, Loss: 0.3182
Run: 04, Epoch: 16, Loss: 0.3197
Run: 04, Epoch: 16, Train: 92.74%, Valid: 91.41% Test: 79.20%
Run: 04, Epoch: 17, Loss: 0.3144
Run: 04, Epoch: 18, Loss: 0.3116
Run: 04, Epoch: 18, Train: 92.82%, Valid: 91.28% Test: 78.88%
Run: 04, Epoch: 19, Loss: 0.3069
Run: 04, Epoch: 20, Loss: 0.3046
Run: 04, Epoch: 20, Train: 92.94%, Valid: 91.38% Test: 79.21%
Run 04:
Highest Train: 92.94
Highest Valid: 91.41
  Final Train: 92.74
   Final Test: 79.20
Run: 05, Epoch: 01, Loss: 1.2355
Run: 05, Epoch: 02, Loss: 0.5052
Run: 05, Epoch: 03, Loss: 0.4316
Run: 05, Epoch: 04, Loss: 0.3980
Run: 05, Epoch: 05, Loss: 0.3760
Run: 05, Epoch: 06, Loss: 0.3633
Run: 05, Epoch: 07, Loss: 0.3541
Run: 05, Epoch: 08, Loss: 0.3476
Run: 05, Epoch: 09, Loss: 0.3399
Run: 05, Epoch: 10, Loss: 0.3339
Run: 05, Epoch: 10, Train: 92.09%, Valid: 90.88% Test: 77.88%
Run: 05, Epoch: 11, Loss: 0.3300
Run: 05, Epoch: 12, Loss: 0.3263
Run: 05, Epoch: 12, Train: 92.35%, Valid: 91.05% Test: 77.99%
Run: 05, Epoch: 13, Loss: 0.3225
Run: 05, Epoch: 14, Loss: 0.3210
Run: 05, Epoch: 14, Train: 92.47%, Valid: 91.11% Test: 78.49%
Run: 05, Epoch: 15, Loss: 0.3187
Run: 05, Epoch: 16, Loss: 0.3139
Run: 05, Epoch: 16, Train: 92.62%, Valid: 91.30% Test: 78.72%
Run: 05, Epoch: 17, Loss: 0.3115
Run: 05, Epoch: 18, Loss: 0.3097
Run: 05, Epoch: 18, Train: 92.76%, Valid: 91.32% Test: 78.14%
Run: 05, Epoch: 19, Loss: 0.3092
Run: 05, Epoch: 20, Loss: 0.3112
Run: 05, Epoch: 20, Train: 92.85%, Valid: 91.50% Test: 78.73%
Run 05:
Highest Train: 92.85
Highest Valid: 91.50
  Final Train: 92.85
   Final Test: 78.73
Run: 06, Epoch: 01, Loss: 1.3149
Run: 06, Epoch: 02, Loss: 0.5153
Run: 06, Epoch: 03, Loss: 0.4384
Run: 06, Epoch: 04, Loss: 0.3989
Run: 06, Epoch: 05, Loss: 0.3840
Run: 06, Epoch: 06, Loss: 0.3691
Run: 06, Epoch: 07, Loss: 0.3571
Run: 06, Epoch: 08, Loss: 0.3511
Run: 06, Epoch: 09, Loss: 0.3418
Run: 06, Epoch: 10, Loss: 0.3402
Run: 06, Epoch: 10, Train: 92.10%, Valid: 91.00% Test: 78.29%
Run: 06, Epoch: 11, Loss: 0.3295
Run: 06, Epoch: 12, Loss: 0.3293
Run: 06, Epoch: 12, Train: 92.32%, Valid: 91.05% Test: 78.00%
Run: 06, Epoch: 13, Loss: 0.3261
Run: 06, Epoch: 14, Loss: 0.3180
Run: 06, Epoch: 14, Train: 92.32%, Valid: 91.07% Test: 78.69%
Run: 06, Epoch: 15, Loss: 0.3180
Run: 06, Epoch: 16, Loss: 0.3156
Run: 06, Epoch: 16, Train: 92.53%, Valid: 91.32% Test: 78.80%
Run: 06, Epoch: 17, Loss: 0.3149
Run: 06, Epoch: 18, Loss: 0.3126
Run: 06, Epoch: 18, Train: 92.71%, Valid: 91.39% Test: 78.57%
Run: 06, Epoch: 19, Loss: 0.3110
Run: 06, Epoch: 20, Loss: 0.3099
Run: 06, Epoch: 20, Train: 92.90%, Valid: 91.41% Test: 78.85%
Run 06:
Highest Train: 92.90
Highest Valid: 91.41
  Final Train: 92.90
   Final Test: 78.85
Run: 07, Epoch: 01, Loss: 1.3763
Run: 07, Epoch: 02, Loss: 0.5232
Run: 07, Epoch: 03, Loss: 0.4436
Run: 07, Epoch: 04, Loss: 0.4057
Run: 07, Epoch: 05, Loss: 0.3871
Run: 07, Epoch: 06, Loss: 0.3730
Run: 07, Epoch: 07, Loss: 0.3592
Run: 07, Epoch: 08, Loss: 0.3487
Run: 07, Epoch: 09, Loss: 0.3425
Run: 07, Epoch: 10, Loss: 0.3412
Run: 07, Epoch: 10, Train: 92.04%, Valid: 90.86% Test: 77.95%
Run: 07, Epoch: 11, Loss: 0.3313
Run: 07, Epoch: 12, Loss: 0.3284
Run: 07, Epoch: 12, Train: 92.17%, Valid: 91.04% Test: 77.95%
Run: 07, Epoch: 13, Loss: 0.3228
Run: 07, Epoch: 14, Loss: 0.3211
Run: 07, Epoch: 14, Train: 92.51%, Valid: 91.18% Test: 78.76%
Run: 07, Epoch: 15, Loss: 0.3162
Run: 07, Epoch: 16, Loss: 0.3214
Run: 07, Epoch: 16, Train: 92.61%, Valid: 91.28% Test: 77.42%
Run: 07, Epoch: 17, Loss: 0.3148
Run: 07, Epoch: 18, Loss: 0.3153
Run: 07, Epoch: 18, Train: 92.69%, Valid: 91.51% Test: 78.58%
Run: 07, Epoch: 19, Loss: 0.3108
Run: 07, Epoch: 20, Loss: 0.3086
Run: 07, Epoch: 20, Train: 92.84%, Valid: 91.42% Test: 78.61%
Run 07:
Highest Train: 92.84
Highest Valid: 91.51
  Final Train: 92.69
   Final Test: 78.58
Run: 08, Epoch: 01, Loss: 1.2409
Run: 08, Epoch: 02, Loss: 0.4995
Run: 08, Epoch: 03, Loss: 0.4283
Run: 08, Epoch: 04, Loss: 0.3966
Run: 08, Epoch: 05, Loss: 0.3779
Run: 08, Epoch: 06, Loss: 0.3628
Run: 08, Epoch: 07, Loss: 0.3488
Run: 08, Epoch: 08, Loss: 0.3478
Run: 08, Epoch: 09, Loss: 0.3393
Run: 08, Epoch: 10, Loss: 0.3344
Run: 08, Epoch: 10, Train: 92.04%, Valid: 90.91% Test: 78.21%
Run: 08, Epoch: 11, Loss: 0.3318
Run: 08, Epoch: 12, Loss: 0.3253
Run: 08, Epoch: 12, Train: 92.33%, Valid: 91.13% Test: 78.83%
Run: 08, Epoch: 13, Loss: 0.3212
Run: 08, Epoch: 14, Loss: 0.3174
Run: 08, Epoch: 14, Train: 92.61%, Valid: 91.34% Test: 78.41%
Run: 08, Epoch: 15, Loss: 0.3150
Run: 08, Epoch: 16, Loss: 0.3180
Run: 08, Epoch: 16, Train: 92.64%, Valid: 91.27% Test: 79.09%
Run: 08, Epoch: 17, Loss: 0.3143
Run: 08, Epoch: 18, Loss: 0.3163
Run: 08, Epoch: 18, Train: 92.77%, Valid: 91.32% Test: 78.38%
Run: 08, Epoch: 19, Loss: 0.3082
Run: 08, Epoch: 20, Loss: 0.3107
Run: 08, Epoch: 20, Train: 92.72%, Valid: 91.37% Test: 78.95%
Run 08:
Highest Train: 92.77
Highest Valid: 91.37
  Final Train: 92.72
   Final Test: 78.95
Run: 09, Epoch: 01, Loss: 1.3036
Run: 09, Epoch: 02, Loss: 0.5093
Run: 09, Epoch: 03, Loss: 0.4325
Run: 09, Epoch: 04, Loss: 0.3990
Run: 09, Epoch: 05, Loss: 0.3800
Run: 09, Epoch: 06, Loss: 0.3630
Run: 09, Epoch: 07, Loss: 0.3528
Run: 09, Epoch: 08, Loss: 0.3435
Run: 09, Epoch: 09, Loss: 0.3408
Run: 09, Epoch: 10, Loss: 0.3327
Run: 09, Epoch: 10, Train: 92.18%, Valid: 90.90% Test: 77.91%
Run: 09, Epoch: 11, Loss: 0.3278
Run: 09, Epoch: 12, Loss: 0.3225
Run: 09, Epoch: 12, Train: 92.25%, Valid: 91.01% Test: 78.10%
Run: 09, Epoch: 13, Loss: 0.3249
Run: 09, Epoch: 14, Loss: 0.3218
Run: 09, Epoch: 14, Train: 92.58%, Valid: 91.02% Test: 77.57%
Run: 09, Epoch: 15, Loss: 0.3183
Run: 09, Epoch: 16, Loss: 0.3146
Run: 09, Epoch: 16, Train: 92.70%, Valid: 91.23% Test: 78.85%
Run: 09, Epoch: 17, Loss: 0.3082
Run: 09, Epoch: 18, Loss: 0.3110
Run: 09, Epoch: 18, Train: 92.80%, Valid: 91.42% Test: 78.23%
Run: 09, Epoch: 19, Loss: 0.3062
Run: 09, Epoch: 20, Loss: 0.3074
Run: 09, Epoch: 20, Train: 92.77%, Valid: 91.35% Test: 79.10%
Run 09:
Highest Train: 92.80
Highest Valid: 91.42
  Final Train: 92.80
   Final Test: 78.23
Run: 10, Epoch: 01, Loss: 1.3210
Run: 10, Epoch: 02, Loss: 0.5133
Run: 10, Epoch: 03, Loss: 0.4348
Run: 10, Epoch: 04, Loss: 0.4043
Run: 10, Epoch: 05, Loss: 0.3858
Run: 10, Epoch: 06, Loss: 0.3693
Run: 10, Epoch: 07, Loss: 0.3549
Run: 10, Epoch: 08, Loss: 0.3499
Run: 10, Epoch: 09, Loss: 0.3449
Run: 10, Epoch: 10, Loss: 0.3381
Run: 10, Epoch: 10, Train: 92.08%, Valid: 90.90% Test: 77.73%
Run: 10, Epoch: 11, Loss: 0.3298
Run: 10, Epoch: 12, Loss: 0.3279
Run: 10, Epoch: 12, Train: 92.34%, Valid: 91.11% Test: 78.92%
Run: 10, Epoch: 13, Loss: 0.3240
Run: 10, Epoch: 14, Loss: 0.3194
Run: 10, Epoch: 14, Train: 92.46%, Valid: 91.16% Test: 78.77%
Run: 10, Epoch: 15, Loss: 0.3225
Run: 10, Epoch: 16, Loss: 0.3159
Run: 10, Epoch: 16, Train: 92.60%, Valid: 91.28% Test: 78.58%
Run: 10, Epoch: 17, Loss: 0.3146
Run: 10, Epoch: 18, Loss: 0.3154
Run: 10, Epoch: 18, Train: 92.75%, Valid: 91.32% Test: 78.98%
Run: 10, Epoch: 19, Loss: 0.3123
Run: 10, Epoch: 20, Loss: 0.3177
Run: 10, Epoch: 20, Train: 92.68%, Valid: 91.17% Test: 78.87%
Run 10:
Highest Train: 92.75
Highest Valid: 91.32
  Final Train: 92.75
   Final Test: 78.98
All runs:
Highest Train: 92.82 ± 0.07
Highest Valid: 91.39 ± 0.09
  Final Train: 92.74 ± 0.10
   Final Test: 78.77 ± 0.33
