Namespace(device=0, log_steps=1, inductive=False, num_layers=3, hidden_channels=256, dropout=0.5, batch_size=20000, walk_length=3, lr=0.01, num_steps=30, epochs=20, eval_steps=2, runs=10, rsv=0.7)
tensor([ 11772,  53354, 127854,  ..., 158144,  24585, 165631]) 137630
tensor([222340, 232877, 217134,  ..., 203947, 232198, 217176]) 27526
Run: 01, Epoch: 01, Loss: 1.2952
Run: 01, Epoch: 02, Loss: 0.5087
Run: 01, Epoch: 03, Loss: 0.4298
Run: 01, Epoch: 04, Loss: 0.3981
Run: 01, Epoch: 05, Loss: 0.3814
Run: 01, Epoch: 06, Loss: 0.3671
Run: 01, Epoch: 07, Loss: 0.3523
Run: 01, Epoch: 08, Loss: 0.3498
Run: 01, Epoch: 09, Loss: 0.3418
Run: 01, Epoch: 10, Loss: 0.3402
Run: 01, Epoch: 10, Train: 92.11%, Valid: 91.05% Test: 78.24%
Run: 01, Epoch: 11, Loss: 0.3323
Run: 01, Epoch: 12, Loss: 0.3231
Run: 01, Epoch: 12, Train: 92.39%, Valid: 91.09% Test: 78.34%
Run: 01, Epoch: 13, Loss: 0.3218
Run: 01, Epoch: 14, Loss: 0.3233
Run: 01, Epoch: 14, Train: 92.48%, Valid: 91.06% Test: 79.29%
Run: 01, Epoch: 15, Loss: 0.3159
Run: 01, Epoch: 16, Loss: 0.3125
Run: 01, Epoch: 16, Train: 92.65%, Valid: 91.33% Test: 79.16%
Run: 01, Epoch: 17, Loss: 0.3098
Run: 01, Epoch: 18, Loss: 0.3119
Run: 01, Epoch: 18, Train: 92.71%, Valid: 91.34% Test: 78.10%
Run: 01, Epoch: 19, Loss: 0.3095
Run: 01, Epoch: 20, Loss: 0.3089
Run: 01, Epoch: 20, Train: 92.82%, Valid: 91.24% Test: 78.41%
Run 01:
Highest Train: 92.82
Highest Valid: 91.34
  Final Train: 92.71
   Final Test: 78.10
Run: 02, Epoch: 01, Loss: 1.4115
Run: 02, Epoch: 02, Loss: 0.5209
Run: 02, Epoch: 03, Loss: 0.4383
Run: 02, Epoch: 04, Loss: 0.4038
Run: 02, Epoch: 05, Loss: 0.3803
Run: 02, Epoch: 06, Loss: 0.3659
Run: 02, Epoch: 07, Loss: 0.3552
Run: 02, Epoch: 08, Loss: 0.3495
Run: 02, Epoch: 09, Loss: 0.3460
Run: 02, Epoch: 10, Loss: 0.3375
Run: 02, Epoch: 10, Train: 92.09%, Valid: 91.00% Test: 78.76%
Run: 02, Epoch: 11, Loss: 0.3310
Run: 02, Epoch: 12, Loss: 0.3302
Run: 02, Epoch: 12, Train: 92.21%, Valid: 90.96% Test: 78.55%
Run: 02, Epoch: 13, Loss: 0.3241
Run: 02, Epoch: 14, Loss: 0.3223
Run: 02, Epoch: 14, Train: 92.36%, Valid: 91.18% Test: 78.11%
Run: 02, Epoch: 15, Loss: 0.3212
Run: 02, Epoch: 16, Loss: 0.3164
Run: 02, Epoch: 16, Train: 92.57%, Valid: 91.29% Test: 79.33%
Run: 02, Epoch: 17, Loss: 0.3168
Run: 02, Epoch: 18, Loss: 0.3124
Run: 02, Epoch: 18, Train: 92.64%, Valid: 91.18% Test: 78.41%
Run: 02, Epoch: 19, Loss: 0.3126
Run: 02, Epoch: 20, Loss: 0.3129
Run: 02, Epoch: 20, Train: 92.61%, Valid: 91.28% Test: 78.76%
Run 02:
Highest Train: 92.64
Highest Valid: 91.29
  Final Train: 92.57
   Final Test: 79.33
Run: 03, Epoch: 01, Loss: 1.3828
Run: 03, Epoch: 02, Loss: 0.5206
Run: 03, Epoch: 03, Loss: 0.4430
Run: 03, Epoch: 04, Loss: 0.4080
Run: 03, Epoch: 05, Loss: 0.3858
Run: 03, Epoch: 06, Loss: 0.3728
Run: 03, Epoch: 07, Loss: 0.3594
Run: 03, Epoch: 08, Loss: 0.3513
Run: 03, Epoch: 09, Loss: 0.3439
Run: 03, Epoch: 10, Loss: 0.3368
Run: 03, Epoch: 10, Train: 92.05%, Valid: 90.87% Test: 78.31%
Run: 03, Epoch: 11, Loss: 0.3324
Run: 03, Epoch: 12, Loss: 0.3325
Run: 03, Epoch: 12, Train: 92.31%, Valid: 91.27% Test: 78.65%
Run: 03, Epoch: 13, Loss: 0.3281
Run: 03, Epoch: 14, Loss: 0.3235
Run: 03, Epoch: 14, Train: 92.37%, Valid: 91.19% Test: 78.91%
Run: 03, Epoch: 15, Loss: 0.3213
Run: 03, Epoch: 16, Loss: 0.3218
Run: 03, Epoch: 16, Train: 92.57%, Valid: 91.33% Test: 78.45%
Run: 03, Epoch: 17, Loss: 0.3170
Run: 03, Epoch: 18, Loss: 0.3163
Run: 03, Epoch: 18, Train: 92.68%, Valid: 91.32% Test: 79.53%
Run: 03, Epoch: 19, Loss: 0.3175
Run: 03, Epoch: 20, Loss: 0.3158
Run: 03, Epoch: 20, Train: 92.60%, Valid: 91.45% Test: 78.35%
Run 03:
Highest Train: 92.68
Highest Valid: 91.45
  Final Train: 92.60
   Final Test: 78.35
Run: 04, Epoch: 01, Loss: 1.2737
Run: 04, Epoch: 02, Loss: 0.5008
Run: 04, Epoch: 03, Loss: 0.4251
Run: 04, Epoch: 04, Loss: 0.3970
Run: 04, Epoch: 05, Loss: 0.3771
Run: 04, Epoch: 06, Loss: 0.3642
Run: 04, Epoch: 07, Loss: 0.3562
Run: 04, Epoch: 08, Loss: 0.3467
Run: 04, Epoch: 09, Loss: 0.3415
Run: 04, Epoch: 10, Loss: 0.3358
Run: 04, Epoch: 10, Train: 92.10%, Valid: 91.17% Test: 78.78%
Run: 04, Epoch: 11, Loss: 0.3274
Run: 04, Epoch: 12, Loss: 0.3231
Run: 04, Epoch: 12, Train: 92.38%, Valid: 91.10% Test: 78.67%
Run: 04, Epoch: 13, Loss: 0.3239
Run: 04, Epoch: 14, Loss: 0.3188
Run: 04, Epoch: 14, Train: 92.47%, Valid: 91.21% Test: 77.68%
Run: 04, Epoch: 15, Loss: 0.3178
Run: 04, Epoch: 16, Loss: 0.3181
Run: 04, Epoch: 16, Train: 92.65%, Valid: 91.22% Test: 79.02%
Run: 04, Epoch: 17, Loss: 0.3152
Run: 04, Epoch: 18, Loss: 0.3112
Run: 04, Epoch: 18, Train: 92.86%, Valid: 91.44% Test: 78.68%
Run: 04, Epoch: 19, Loss: 0.3060
Run: 04, Epoch: 20, Loss: 0.3062
Run: 04, Epoch: 20, Train: 92.86%, Valid: 91.31% Test: 79.11%
Run 04:
Highest Train: 92.86
Highest Valid: 91.44
  Final Train: 92.86
   Final Test: 78.68
Run: 05, Epoch: 01, Loss: 1.2344
Run: 05, Epoch: 02, Loss: 0.5024
Run: 05, Epoch: 03, Loss: 0.4295
Run: 05, Epoch: 04, Loss: 0.3978
Run: 05, Epoch: 05, Loss: 0.3750
Run: 05, Epoch: 06, Loss: 0.3635
Run: 05, Epoch: 07, Loss: 0.3540
Run: 05, Epoch: 08, Loss: 0.3452
Run: 05, Epoch: 09, Loss: 0.3403
Run: 05, Epoch: 10, Loss: 0.3333
Run: 05, Epoch: 10, Train: 92.07%, Valid: 90.90% Test: 77.90%
Run: 05, Epoch: 11, Loss: 0.3290
Run: 05, Epoch: 12, Loss: 0.3236
Run: 05, Epoch: 12, Train: 92.39%, Valid: 91.12% Test: 78.19%
Run: 05, Epoch: 13, Loss: 0.3234
Run: 05, Epoch: 14, Loss: 0.3197
Run: 05, Epoch: 14, Train: 92.55%, Valid: 91.28% Test: 78.30%
Run: 05, Epoch: 15, Loss: 0.3182
Run: 05, Epoch: 16, Loss: 0.3128
Run: 05, Epoch: 16, Train: 92.54%, Valid: 91.36% Test: 78.33%
Run: 05, Epoch: 17, Loss: 0.3128
Run: 05, Epoch: 18, Loss: 0.3098
Run: 05, Epoch: 18, Train: 92.67%, Valid: 91.38% Test: 78.01%
Run: 05, Epoch: 19, Loss: 0.3053
Run: 05, Epoch: 20, Loss: 0.3106
Run: 05, Epoch: 20, Train: 92.88%, Valid: 91.52% Test: 78.77%
Run 05:
Highest Train: 92.88
Highest Valid: 91.52
  Final Train: 92.88
   Final Test: 78.77
Run: 06, Epoch: 01, Loss: 1.3152
Run: 06, Epoch: 02, Loss: 0.5129
Run: 06, Epoch: 03, Loss: 0.4369
Run: 06, Epoch: 04, Loss: 0.3967
Run: 06, Epoch: 05, Loss: 0.3829
Run: 06, Epoch: 06, Loss: 0.3682
Run: 06, Epoch: 07, Loss: 0.3554
Run: 06, Epoch: 08, Loss: 0.3479
Run: 06, Epoch: 09, Loss: 0.3396
Run: 06, Epoch: 10, Loss: 0.3365
Run: 06, Epoch: 10, Train: 92.16%, Valid: 90.99% Test: 78.54%
Run: 06, Epoch: 11, Loss: 0.3297
Run: 06, Epoch: 12, Loss: 0.3287
Run: 06, Epoch: 12, Train: 92.23%, Valid: 91.10% Test: 78.45%
Run: 06, Epoch: 13, Loss: 0.3256
Run: 06, Epoch: 14, Loss: 0.3193
Run: 06, Epoch: 14, Train: 92.40%, Valid: 91.05% Test: 79.04%
Run: 06, Epoch: 15, Loss: 0.3192
Run: 06, Epoch: 16, Loss: 0.3162
Run: 06, Epoch: 16, Train: 92.52%, Valid: 91.52% Test: 79.07%
Run: 06, Epoch: 17, Loss: 0.3147
Run: 06, Epoch: 18, Loss: 0.3124
Run: 06, Epoch: 18, Train: 92.65%, Valid: 91.45% Test: 78.94%
Run: 06, Epoch: 19, Loss: 0.3109
Run: 06, Epoch: 20, Loss: 0.3095
Run: 06, Epoch: 20, Train: 92.87%, Valid: 91.40% Test: 79.08%
Run 06:
Highest Train: 92.87
Highest Valid: 91.52
  Final Train: 92.52
   Final Test: 79.07
Run: 07, Epoch: 01, Loss: 1.3705
Run: 07, Epoch: 02, Loss: 0.5211
Run: 07, Epoch: 03, Loss: 0.4418
Run: 07, Epoch: 04, Loss: 0.4034
Run: 07, Epoch: 05, Loss: 0.3848
Run: 07, Epoch: 06, Loss: 0.3702
Run: 07, Epoch: 07, Loss: 0.3569
Run: 07, Epoch: 08, Loss: 0.3461
Run: 07, Epoch: 09, Loss: 0.3401
Run: 07, Epoch: 10, Loss: 0.3386
Run: 07, Epoch: 10, Train: 92.03%, Valid: 90.96% Test: 78.04%
Run: 07, Epoch: 11, Loss: 0.3299
Run: 07, Epoch: 12, Loss: 0.3274
Run: 07, Epoch: 12, Train: 92.27%, Valid: 91.18% Test: 78.18%
Run: 07, Epoch: 13, Loss: 0.3220
Run: 07, Epoch: 14, Loss: 0.3198
Run: 07, Epoch: 14, Train: 92.57%, Valid: 91.24% Test: 78.41%
Run: 07, Epoch: 15, Loss: 0.3163
Run: 07, Epoch: 16, Loss: 0.3198
Run: 07, Epoch: 16, Train: 92.54%, Valid: 91.31% Test: 77.49%
Run: 07, Epoch: 17, Loss: 0.3152
Run: 07, Epoch: 18, Loss: 0.3152
Run: 07, Epoch: 18, Train: 92.69%, Valid: 91.56% Test: 78.58%
Run: 07, Epoch: 19, Loss: 0.3116
Run: 07, Epoch: 20, Loss: 0.3100
Run: 07, Epoch: 20, Train: 92.84%, Valid: 91.32% Test: 78.13%
Run 07:
Highest Train: 92.84
Highest Valid: 91.56
  Final Train: 92.69
   Final Test: 78.58
Run: 08, Epoch: 01, Loss: 1.2415
Run: 08, Epoch: 02, Loss: 0.4988
Run: 08, Epoch: 03, Loss: 0.4268
Run: 08, Epoch: 04, Loss: 0.3950
Run: 08, Epoch: 05, Loss: 0.3757
Run: 08, Epoch: 06, Loss: 0.3612
Run: 08, Epoch: 07, Loss: 0.3480
Run: 08, Epoch: 08, Loss: 0.3472
Run: 08, Epoch: 09, Loss: 0.3386
Run: 08, Epoch: 10, Loss: 0.3321
Run: 08, Epoch: 10, Train: 92.05%, Valid: 91.05% Test: 78.61%
Run: 08, Epoch: 11, Loss: 0.3302
Run: 08, Epoch: 12, Loss: 0.3246
Run: 08, Epoch: 12, Train: 92.27%, Valid: 91.15% Test: 78.93%
Run: 08, Epoch: 13, Loss: 0.3219
Run: 08, Epoch: 14, Loss: 0.3187
Run: 08, Epoch: 14, Train: 92.56%, Valid: 91.42% Test: 78.63%
Run: 08, Epoch: 15, Loss: 0.3149
Run: 08, Epoch: 16, Loss: 0.3175
Run: 08, Epoch: 16, Train: 92.63%, Valid: 91.35% Test: 78.80%
Run: 08, Epoch: 17, Loss: 0.3111
Run: 08, Epoch: 18, Loss: 0.3156
Run: 08, Epoch: 18, Train: 92.74%, Valid: 91.28% Test: 78.70%
Run: 08, Epoch: 19, Loss: 0.3091
Run: 08, Epoch: 20, Loss: 0.3111
Run: 08, Epoch: 20, Train: 92.65%, Valid: 91.31% Test: 78.90%
Run 08:
Highest Train: 92.74
Highest Valid: 91.42
  Final Train: 92.56
   Final Test: 78.63
Run: 09, Epoch: 01, Loss: 1.3057
Run: 09, Epoch: 02, Loss: 0.5098
Run: 09, Epoch: 03, Loss: 0.4322
Run: 09, Epoch: 04, Loss: 0.3981
Run: 09, Epoch: 05, Loss: 0.3809
Run: 09, Epoch: 06, Loss: 0.3645
Run: 09, Epoch: 07, Loss: 0.3538
Run: 09, Epoch: 08, Loss: 0.3445
Run: 09, Epoch: 09, Loss: 0.3409
Run: 09, Epoch: 10, Loss: 0.3343
Run: 09, Epoch: 10, Train: 92.23%, Valid: 91.04% Test: 77.80%
Run: 09, Epoch: 11, Loss: 0.3285
Run: 09, Epoch: 12, Loss: 0.3230
Run: 09, Epoch: 12, Train: 92.34%, Valid: 91.03% Test: 78.24%
Run: 09, Epoch: 13, Loss: 0.3229
Run: 09, Epoch: 14, Loss: 0.3218
Run: 09, Epoch: 14, Train: 92.48%, Valid: 91.04% Test: 77.44%
Run: 09, Epoch: 15, Loss: 0.3168
Run: 09, Epoch: 16, Loss: 0.3156
Run: 09, Epoch: 16, Train: 92.72%, Valid: 91.28% Test: 78.78%
Run: 09, Epoch: 17, Loss: 0.3093
Run: 09, Epoch: 18, Loss: 0.3112
Run: 09, Epoch: 18, Train: 92.77%, Valid: 91.39% Test: 78.33%
Run: 09, Epoch: 19, Loss: 0.3072
Run: 09, Epoch: 20, Loss: 0.3079
Run: 09, Epoch: 20, Train: 92.80%, Valid: 91.45% Test: 78.63%
Run 09:
Highest Train: 92.80
Highest Valid: 91.45
  Final Train: 92.80
   Final Test: 78.63
Run: 10, Epoch: 01, Loss: 1.3218
Run: 10, Epoch: 02, Loss: 0.5129
Run: 10, Epoch: 03, Loss: 0.4325
Run: 10, Epoch: 04, Loss: 0.4029
Run: 10, Epoch: 05, Loss: 0.3843
Run: 10, Epoch: 06, Loss: 0.3671
Run: 10, Epoch: 07, Loss: 0.3517
Run: 10, Epoch: 08, Loss: 0.3490
Run: 10, Epoch: 09, Loss: 0.3432
Run: 10, Epoch: 10, Loss: 0.3358
Run: 10, Epoch: 10, Train: 92.20%, Valid: 91.10% Test: 77.99%
Run: 10, Epoch: 11, Loss: 0.3286
Run: 10, Epoch: 12, Loss: 0.3259
Run: 10, Epoch: 12, Train: 92.32%, Valid: 91.31% Test: 78.93%
Run: 10, Epoch: 13, Loss: 0.3228
Run: 10, Epoch: 14, Loss: 0.3193
Run: 10, Epoch: 14, Train: 92.43%, Valid: 91.11% Test: 78.98%
Run: 10, Epoch: 15, Loss: 0.3192
Run: 10, Epoch: 16, Loss: 0.3152
Run: 10, Epoch: 16, Train: 92.62%, Valid: 91.27% Test: 78.63%
Run: 10, Epoch: 17, Loss: 0.3133
Run: 10, Epoch: 18, Loss: 0.3120
Run: 10, Epoch: 18, Train: 92.83%, Valid: 91.39% Test: 78.97%
Run: 10, Epoch: 19, Loss: 0.3101
Run: 10, Epoch: 20, Loss: 0.3122
Run: 10, Epoch: 20, Train: 92.75%, Valid: 91.16% Test: 78.91%
Run 10:
Highest Train: 92.83
Highest Valid: 91.39
  Final Train: 92.83
   Final Test: 78.97
All runs:
Highest Train: 92.80 ± 0.08
Highest Valid: 91.44 ± 0.08
  Final Train: 92.70 ± 0.13
   Final Test: 78.71 ± 0.35
