Namespace(device=0, log_steps=1, inductive=False, num_layers=3, hidden_channels=256, dropout=0.5, batch_size=20000, walk_length=3, lr=0.01, num_steps=30, epochs=20, eval_steps=2, runs=10, rsv=0.75)
tensor([ 11772,  53354, 127854,  ..., 148357,  89503, 154853]) 147461
tensor([222340, 232877, 217134,  ..., 234487, 225753, 204515]) 29492
Run: 01, Epoch: 01, Loss: 1.2969
Run: 01, Epoch: 02, Loss: 0.5090
Run: 01, Epoch: 03, Loss: 0.4298
Run: 01, Epoch: 04, Loss: 0.3988
Run: 01, Epoch: 05, Loss: 0.3815
Run: 01, Epoch: 06, Loss: 0.3661
Run: 01, Epoch: 07, Loss: 0.3531
Run: 01, Epoch: 08, Loss: 0.3489
Run: 01, Epoch: 09, Loss: 0.3427
Run: 01, Epoch: 10, Loss: 0.3400
Run: 01, Epoch: 10, Train: 92.13%, Valid: 91.07% Test: 78.37%
Run: 01, Epoch: 11, Loss: 0.3320
Run: 01, Epoch: 12, Loss: 0.3244
Run: 01, Epoch: 12, Train: 92.39%, Valid: 91.03% Test: 78.38%
Run: 01, Epoch: 13, Loss: 0.3245
Run: 01, Epoch: 14, Loss: 0.3235
Run: 01, Epoch: 14, Train: 92.50%, Valid: 91.12% Test: 79.43%
Run: 01, Epoch: 15, Loss: 0.3167
Run: 01, Epoch: 16, Loss: 0.3150
Run: 01, Epoch: 16, Train: 92.69%, Valid: 91.24% Test: 78.66%
Run: 01, Epoch: 17, Loss: 0.3113
Run: 01, Epoch: 18, Loss: 0.3126
Run: 01, Epoch: 18, Train: 92.69%, Valid: 91.46% Test: 78.60%
Run: 01, Epoch: 19, Loss: 0.3103
Run: 01, Epoch: 20, Loss: 0.3097
Run: 01, Epoch: 20, Train: 92.75%, Valid: 91.32% Test: 78.65%
Run 01:
Highest Train: 92.75
Highest Valid: 91.46
  Final Train: 92.69
   Final Test: 78.60
Run: 02, Epoch: 01, Loss: 1.4064
Run: 02, Epoch: 02, Loss: 0.5182
Run: 02, Epoch: 03, Loss: 0.4363
Run: 02, Epoch: 04, Loss: 0.4025
Run: 02, Epoch: 05, Loss: 0.3801
Run: 02, Epoch: 06, Loss: 0.3651
Run: 02, Epoch: 07, Loss: 0.3564
Run: 02, Epoch: 08, Loss: 0.3473
Run: 02, Epoch: 09, Loss: 0.3453
Run: 02, Epoch: 10, Loss: 0.3362
Run: 02, Epoch: 10, Train: 92.11%, Valid: 90.96% Test: 78.80%
Run: 02, Epoch: 11, Loss: 0.3293
Run: 02, Epoch: 12, Loss: 0.3297
Run: 02, Epoch: 12, Train: 92.24%, Valid: 90.93% Test: 78.68%
Run: 02, Epoch: 13, Loss: 0.3238
Run: 02, Epoch: 14, Loss: 0.3208
Run: 02, Epoch: 14, Train: 92.48%, Valid: 91.18% Test: 78.22%
Run: 02, Epoch: 15, Loss: 0.3173
Run: 02, Epoch: 16, Loss: 0.3142
Run: 02, Epoch: 16, Train: 92.66%, Valid: 91.35% Test: 79.12%
Run: 02, Epoch: 17, Loss: 0.3129
Run: 02, Epoch: 18, Loss: 0.3114
Run: 02, Epoch: 18, Train: 92.64%, Valid: 91.11% Test: 78.21%
Run: 02, Epoch: 19, Loss: 0.3083
Run: 02, Epoch: 20, Loss: 0.3094
Run: 02, Epoch: 20, Train: 92.66%, Valid: 91.28% Test: 78.58%
Run 02:
Highest Train: 92.66
Highest Valid: 91.35
  Final Train: 92.66
   Final Test: 79.12
Run: 03, Epoch: 01, Loss: 1.3816
Run: 03, Epoch: 02, Loss: 0.5190
Run: 03, Epoch: 03, Loss: 0.4410
Run: 03, Epoch: 04, Loss: 0.4069
Run: 03, Epoch: 05, Loss: 0.3842
Run: 03, Epoch: 06, Loss: 0.3711
Run: 03, Epoch: 07, Loss: 0.3593
Run: 03, Epoch: 08, Loss: 0.3516
Run: 03, Epoch: 09, Loss: 0.3468
Run: 03, Epoch: 10, Loss: 0.3472
Run: 03, Epoch: 10, Train: 91.95%, Valid: 90.81% Test: 78.22%
Run: 03, Epoch: 11, Loss: 0.3366
Run: 03, Epoch: 12, Loss: 0.3329
Run: 03, Epoch: 12, Train: 92.27%, Valid: 91.18% Test: 78.62%
Run: 03, Epoch: 13, Loss: 0.3283
Run: 03, Epoch: 14, Loss: 0.3233
Run: 03, Epoch: 14, Train: 92.45%, Valid: 91.17% Test: 78.71%
Run: 03, Epoch: 15, Loss: 0.3213
Run: 03, Epoch: 16, Loss: 0.3217
Run: 03, Epoch: 16, Train: 92.59%, Valid: 91.34% Test: 78.52%
Run: 03, Epoch: 17, Loss: 0.3174
Run: 03, Epoch: 18, Loss: 0.3151
Run: 03, Epoch: 18, Train: 92.74%, Valid: 91.25% Test: 79.34%
Run: 03, Epoch: 19, Loss: 0.3140
Run: 03, Epoch: 20, Loss: 0.3146
Run: 03, Epoch: 20, Train: 92.71%, Valid: 91.40% Test: 78.30%
Run 03:
Highest Train: 92.74
Highest Valid: 91.40
  Final Train: 92.71
   Final Test: 78.30
Run: 04, Epoch: 01, Loss: 1.2790
Run: 04, Epoch: 02, Loss: 0.5019
Run: 04, Epoch: 03, Loss: 0.4254
Run: 04, Epoch: 04, Loss: 0.3968
Run: 04, Epoch: 05, Loss: 0.3766
Run: 04, Epoch: 06, Loss: 0.3647
Run: 04, Epoch: 07, Loss: 0.3564
Run: 04, Epoch: 08, Loss: 0.3477
Run: 04, Epoch: 09, Loss: 0.3418
Run: 04, Epoch: 10, Loss: 0.3347
Run: 04, Epoch: 10, Train: 92.10%, Valid: 91.08% Test: 78.59%
Run: 04, Epoch: 11, Loss: 0.3266
Run: 04, Epoch: 12, Loss: 0.3252
Run: 04, Epoch: 12, Train: 92.43%, Valid: 91.15% Test: 78.86%
Run: 04, Epoch: 13, Loss: 0.3229
Run: 04, Epoch: 14, Loss: 0.3181
Run: 04, Epoch: 14, Train: 92.48%, Valid: 91.30% Test: 78.11%
Run: 04, Epoch: 15, Loss: 0.3173
Run: 04, Epoch: 16, Loss: 0.3174
Run: 04, Epoch: 16, Train: 92.71%, Valid: 91.24% Test: 78.98%
Run: 04, Epoch: 17, Loss: 0.3132
Run: 04, Epoch: 18, Loss: 0.3105
Run: 04, Epoch: 18, Train: 92.88%, Valid: 91.38% Test: 78.81%
Run: 04, Epoch: 19, Loss: 0.3057
Run: 04, Epoch: 20, Loss: 0.3055
Run: 04, Epoch: 20, Train: 92.95%, Valid: 91.49% Test: 79.31%
Run 04:
Highest Train: 92.95
Highest Valid: 91.49
  Final Train: 92.95
   Final Test: 79.31
Run: 05, Epoch: 01, Loss: 1.2295
Run: 05, Epoch: 02, Loss: 0.5004
Run: 05, Epoch: 03, Loss: 0.4288
Run: 05, Epoch: 04, Loss: 0.3957
Run: 05, Epoch: 05, Loss: 0.3730
Run: 05, Epoch: 06, Loss: 0.3623
Run: 05, Epoch: 07, Loss: 0.3536
Run: 05, Epoch: 08, Loss: 0.3448
Run: 05, Epoch: 09, Loss: 0.3397
Run: 05, Epoch: 10, Loss: 0.3336
Run: 05, Epoch: 10, Train: 92.11%, Valid: 90.88% Test: 78.00%
Run: 05, Epoch: 11, Loss: 0.3293
Run: 05, Epoch: 12, Loss: 0.3243
Run: 05, Epoch: 12, Train: 92.33%, Valid: 90.94% Test: 78.21%
Run: 05, Epoch: 13, Loss: 0.3214
Run: 05, Epoch: 14, Loss: 0.3192
Run: 05, Epoch: 14, Train: 92.54%, Valid: 91.34% Test: 78.23%
Run: 05, Epoch: 15, Loss: 0.3179
Run: 05, Epoch: 16, Loss: 0.3135
Run: 05, Epoch: 16, Train: 92.67%, Valid: 91.32% Test: 78.59%
Run: 05, Epoch: 17, Loss: 0.3114
Run: 05, Epoch: 18, Loss: 0.3088
Run: 05, Epoch: 18, Train: 92.70%, Valid: 91.34% Test: 78.15%
Run: 05, Epoch: 19, Loss: 0.3045
Run: 05, Epoch: 20, Loss: 0.3097
Run: 05, Epoch: 20, Train: 92.80%, Valid: 91.44% Test: 79.06%
Run 05:
Highest Train: 92.80
Highest Valid: 91.44
  Final Train: 92.80
   Final Test: 79.06
Run: 06, Epoch: 01, Loss: 1.3135
Run: 06, Epoch: 02, Loss: 0.5118
Run: 06, Epoch: 03, Loss: 0.4358
Run: 06, Epoch: 04, Loss: 0.3970
Run: 06, Epoch: 05, Loss: 0.3830
Run: 06, Epoch: 06, Loss: 0.3673
Run: 06, Epoch: 07, Loss: 0.3562
Run: 06, Epoch: 08, Loss: 0.3483
Run: 06, Epoch: 09, Loss: 0.3385
Run: 06, Epoch: 10, Loss: 0.3367
Run: 06, Epoch: 10, Train: 92.15%, Valid: 90.96% Test: 78.30%
Run: 06, Epoch: 11, Loss: 0.3309
Run: 06, Epoch: 12, Loss: 0.3275
Run: 06, Epoch: 12, Train: 92.34%, Valid: 91.04% Test: 78.54%
Run: 06, Epoch: 13, Loss: 0.3239
Run: 06, Epoch: 14, Loss: 0.3183
Run: 06, Epoch: 14, Train: 92.32%, Valid: 91.04% Test: 78.85%
Run: 06, Epoch: 15, Loss: 0.3194
Run: 06, Epoch: 16, Loss: 0.3162
Run: 06, Epoch: 16, Train: 92.55%, Valid: 91.40% Test: 78.95%
Run: 06, Epoch: 17, Loss: 0.3141
Run: 06, Epoch: 18, Loss: 0.3130
Run: 06, Epoch: 18, Train: 92.67%, Valid: 91.21% Test: 78.44%
Run: 06, Epoch: 19, Loss: 0.3119
Run: 06, Epoch: 20, Loss: 0.3122
Run: 06, Epoch: 20, Train: 92.85%, Valid: 91.39% Test: 78.93%
Run 06:
Highest Train: 92.85
Highest Valid: 91.40
  Final Train: 92.55
   Final Test: 78.95
Run: 07, Epoch: 01, Loss: 1.3667
Run: 07, Epoch: 02, Loss: 0.5193
Run: 07, Epoch: 03, Loss: 0.4394
Run: 07, Epoch: 04, Loss: 0.4021
Run: 07, Epoch: 05, Loss: 0.3833
Run: 07, Epoch: 06, Loss: 0.3689
Run: 07, Epoch: 07, Loss: 0.3570
Run: 07, Epoch: 08, Loss: 0.3458
Run: 07, Epoch: 09, Loss: 0.3394
Run: 07, Epoch: 10, Loss: 0.3395
Run: 07, Epoch: 10, Train: 91.95%, Valid: 90.97% Test: 78.05%
Run: 07, Epoch: 11, Loss: 0.3302
Run: 07, Epoch: 12, Loss: 0.3260
Run: 07, Epoch: 12, Train: 92.22%, Valid: 91.17% Test: 77.99%
Run: 07, Epoch: 13, Loss: 0.3222
Run: 07, Epoch: 14, Loss: 0.3222
Run: 07, Epoch: 14, Train: 92.56%, Valid: 91.26% Test: 78.56%
Run: 07, Epoch: 15, Loss: 0.3163
Run: 07, Epoch: 16, Loss: 0.3185
Run: 07, Epoch: 16, Train: 92.61%, Valid: 91.29% Test: 77.45%
Run: 07, Epoch: 17, Loss: 0.3135
Run: 07, Epoch: 18, Loss: 0.3145
Run: 07, Epoch: 18, Train: 92.66%, Valid: 91.50% Test: 78.73%
Run: 07, Epoch: 19, Loss: 0.3095
Run: 07, Epoch: 20, Loss: 0.3065
Run: 07, Epoch: 20, Train: 92.82%, Valid: 91.54% Test: 78.60%
Run 07:
Highest Train: 92.82
Highest Valid: 91.54
  Final Train: 92.82
   Final Test: 78.60
Run: 08, Epoch: 01, Loss: 1.2386
Run: 08, Epoch: 02, Loss: 0.4976
Run: 08, Epoch: 03, Loss: 0.4247
Run: 08, Epoch: 04, Loss: 0.3940
Run: 08, Epoch: 05, Loss: 0.3750
Run: 08, Epoch: 06, Loss: 0.3608
Run: 08, Epoch: 07, Loss: 0.3480
Run: 08, Epoch: 08, Loss: 0.3466
Run: 08, Epoch: 09, Loss: 0.3377
Run: 08, Epoch: 10, Loss: 0.3307
Run: 08, Epoch: 10, Train: 92.14%, Valid: 91.14% Test: 78.85%
Run: 08, Epoch: 11, Loss: 0.3293
Run: 08, Epoch: 12, Loss: 0.3240
Run: 08, Epoch: 12, Train: 92.39%, Valid: 91.23% Test: 78.84%
Run: 08, Epoch: 13, Loss: 0.3207
Run: 08, Epoch: 14, Loss: 0.3189
Run: 08, Epoch: 14, Train: 92.51%, Valid: 91.40% Test: 78.56%
Run: 08, Epoch: 15, Loss: 0.3163
Run: 08, Epoch: 16, Loss: 0.3174
Run: 08, Epoch: 16, Train: 92.70%, Valid: 91.31% Test: 79.00%
Run: 08, Epoch: 17, Loss: 0.3128
Run: 08, Epoch: 18, Loss: 0.3156
Run: 08, Epoch: 18, Train: 92.82%, Valid: 91.32% Test: 78.78%
Run: 08, Epoch: 19, Loss: 0.3076
Run: 08, Epoch: 20, Loss: 0.3097
Run: 08, Epoch: 20, Train: 92.76%, Valid: 91.46% Test: 78.95%
Run 08:
Highest Train: 92.82
Highest Valid: 91.46
  Final Train: 92.76
   Final Test: 78.95
Run: 09, Epoch: 01, Loss: 1.2998
Run: 09, Epoch: 02, Loss: 0.5076
Run: 09, Epoch: 03, Loss: 0.4292
Run: 09, Epoch: 04, Loss: 0.3948
Run: 09, Epoch: 05, Loss: 0.3782
Run: 09, Epoch: 06, Loss: 0.3628
Run: 09, Epoch: 07, Loss: 0.3510
Run: 09, Epoch: 08, Loss: 0.3417
Run: 09, Epoch: 09, Loss: 0.3383
Run: 09, Epoch: 10, Loss: 0.3322
Run: 09, Epoch: 10, Train: 92.16%, Valid: 90.95% Test: 77.74%
Run: 09, Epoch: 11, Loss: 0.3281
Run: 09, Epoch: 12, Loss: 0.3221
Run: 09, Epoch: 12, Train: 92.22%, Valid: 91.00% Test: 78.12%
Run: 09, Epoch: 13, Loss: 0.3236
Run: 09, Epoch: 14, Loss: 0.3209
Run: 09, Epoch: 14, Train: 92.51%, Valid: 91.09% Test: 77.79%
Run: 09, Epoch: 15, Loss: 0.3187
Run: 09, Epoch: 16, Loss: 0.3159
Run: 09, Epoch: 16, Train: 92.76%, Valid: 91.39% Test: 78.57%
Run: 09, Epoch: 17, Loss: 0.3090
Run: 09, Epoch: 18, Loss: 0.3107
Run: 09, Epoch: 18, Train: 92.82%, Valid: 91.38% Test: 78.56%
Run: 09, Epoch: 19, Loss: 0.3068
Run: 09, Epoch: 20, Loss: 0.3060
Run: 09, Epoch: 20, Train: 92.92%, Valid: 91.52% Test: 78.76%
Run 09:
Highest Train: 92.92
Highest Valid: 91.52
  Final Train: 92.92
   Final Test: 78.76
Run: 10, Epoch: 01, Loss: 1.3166
Run: 10, Epoch: 02, Loss: 0.5090
Run: 10, Epoch: 03, Loss: 0.4309
Run: 10, Epoch: 04, Loss: 0.4001
Run: 10, Epoch: 05, Loss: 0.3828
Run: 10, Epoch: 06, Loss: 0.3655
Run: 10, Epoch: 07, Loss: 0.3508
Run: 10, Epoch: 08, Loss: 0.3470
Run: 10, Epoch: 09, Loss: 0.3400
Run: 10, Epoch: 10, Loss: 0.3340
Run: 10, Epoch: 10, Train: 92.26%, Valid: 91.22% Test: 78.23%
Run: 10, Epoch: 11, Loss: 0.3253
Run: 10, Epoch: 12, Loss: 0.3245
Run: 10, Epoch: 12, Train: 92.37%, Valid: 91.16% Test: 79.13%
Run: 10, Epoch: 13, Loss: 0.3214
Run: 10, Epoch: 14, Loss: 0.3173
Run: 10, Epoch: 14, Train: 92.48%, Valid: 91.10% Test: 78.86%
Run: 10, Epoch: 15, Loss: 0.3169
Run: 10, Epoch: 16, Loss: 0.3124
Run: 10, Epoch: 16, Train: 92.68%, Valid: 91.41% Test: 78.60%
Run: 10, Epoch: 17, Loss: 0.3108
Run: 10, Epoch: 18, Loss: 0.3118
Run: 10, Epoch: 18, Train: 92.81%, Valid: 91.35% Test: 78.83%
Run: 10, Epoch: 19, Loss: 0.3096
Run: 10, Epoch: 20, Loss: 0.3088
Run: 10, Epoch: 20, Train: 92.86%, Valid: 91.29% Test: 78.91%
Run 10:
Highest Train: 92.86
Highest Valid: 91.41
  Final Train: 92.68
   Final Test: 78.60
All runs:
Highest Train: 92.82 ± 0.08
Highest Valid: 91.45 ± 0.06
  Final Train: 92.75 ± 0.12
   Final Test: 78.83 ± 0.31
