Namespace(device=0, log_steps=1, inductive=False, num_layers=3, hidden_channels=256, dropout=0.5, batch_size=20000, walk_length=3, lr=0.01, num_steps=30, epochs=20, eval_steps=2, runs=10, rsv=0.85)
tensor([ 11772,  53354, 127854,  ..., 111946,  67663,  39083]) 167122
tensor([222340, 232877, 217134,  ..., 207590, 210730, 214650]) 33424
Run: 01, Epoch: 01, Loss: 1.2922
Run: 01, Epoch: 02, Loss: 0.5080
Run: 01, Epoch: 03, Loss: 0.4294
Run: 01, Epoch: 04, Loss: 0.3982
Run: 01, Epoch: 05, Loss: 0.3794
Run: 01, Epoch: 06, Loss: 0.3655
Run: 01, Epoch: 07, Loss: 0.3516
Run: 01, Epoch: 08, Loss: 0.3473
Run: 01, Epoch: 09, Loss: 0.3411
Run: 01, Epoch: 10, Loss: 0.3382
Run: 01, Epoch: 10, Train: 92.24%, Valid: 91.26% Test: 78.07%
Run: 01, Epoch: 11, Loss: 0.3304
Run: 01, Epoch: 12, Loss: 0.3241
Run: 01, Epoch: 12, Train: 92.48%, Valid: 91.34% Test: 78.53%
Run: 01, Epoch: 13, Loss: 0.3231
Run: 01, Epoch: 14, Loss: 0.3226
Run: 01, Epoch: 14, Train: 92.51%, Valid: 91.26% Test: 79.47%
Run: 01, Epoch: 15, Loss: 0.3152
Run: 01, Epoch: 16, Loss: 0.3125
Run: 01, Epoch: 16, Train: 92.65%, Valid: 91.38% Test: 79.01%
Run: 01, Epoch: 17, Loss: 0.3136
Run: 01, Epoch: 18, Loss: 0.3143
Run: 01, Epoch: 18, Train: 92.78%, Valid: 91.57% Test: 78.64%
Run: 01, Epoch: 19, Loss: 0.3091
Run: 01, Epoch: 20, Loss: 0.3089
Run: 01, Epoch: 20, Train: 92.88%, Valid: 91.46% Test: 78.97%
Run 01:
Highest Train: 92.88
Highest Valid: 91.57
  Final Train: 92.78
   Final Test: 78.64
Run: 02, Epoch: 01, Loss: 1.4008
Run: 02, Epoch: 02, Loss: 0.5198
Run: 02, Epoch: 03, Loss: 0.4375
Run: 02, Epoch: 04, Loss: 0.4035
Run: 02, Epoch: 05, Loss: 0.3819
Run: 02, Epoch: 06, Loss: 0.3667
Run: 02, Epoch: 07, Loss: 0.3560
Run: 02, Epoch: 08, Loss: 0.3473
Run: 02, Epoch: 09, Loss: 0.3471
Run: 02, Epoch: 10, Loss: 0.3369
Run: 02, Epoch: 10, Train: 92.12%, Valid: 91.06% Test: 78.69%
Run: 02, Epoch: 11, Loss: 0.3301
Run: 02, Epoch: 12, Loss: 0.3317
Run: 02, Epoch: 12, Train: 92.27%, Valid: 91.05% Test: 78.60%
Run: 02, Epoch: 13, Loss: 0.3255
Run: 02, Epoch: 14, Loss: 0.3215
Run: 02, Epoch: 14, Train: 92.51%, Valid: 91.28% Test: 78.09%
Run: 02, Epoch: 15, Loss: 0.3182
Run: 02, Epoch: 16, Loss: 0.3152
Run: 02, Epoch: 16, Train: 92.65%, Valid: 91.33% Test: 79.17%
Run: 02, Epoch: 17, Loss: 0.3148
Run: 02, Epoch: 18, Loss: 0.3119
Run: 02, Epoch: 18, Train: 92.81%, Valid: 91.44% Test: 78.37%
Run: 02, Epoch: 19, Loss: 0.3108
Run: 02, Epoch: 20, Loss: 0.3108
Run: 02, Epoch: 20, Train: 92.61%, Valid: 91.28% Test: 78.49%
Run 02:
Highest Train: 92.81
Highest Valid: 91.44
  Final Train: 92.81
   Final Test: 78.37
Run: 03, Epoch: 01, Loss: 1.3794
Run: 03, Epoch: 02, Loss: 0.5196
Run: 03, Epoch: 03, Loss: 0.4401
Run: 03, Epoch: 04, Loss: 0.4068
Run: 03, Epoch: 05, Loss: 0.3839
Run: 03, Epoch: 06, Loss: 0.3705
Run: 03, Epoch: 07, Loss: 0.3579
Run: 03, Epoch: 08, Loss: 0.3510
Run: 03, Epoch: 09, Loss: 0.3423
Run: 03, Epoch: 10, Loss: 0.3354
Run: 03, Epoch: 10, Train: 92.14%, Valid: 91.07% Test: 78.34%
Run: 03, Epoch: 11, Loss: 0.3324
Run: 03, Epoch: 12, Loss: 0.3296
Run: 03, Epoch: 12, Train: 92.32%, Valid: 91.22% Test: 78.82%
Run: 03, Epoch: 13, Loss: 0.3268
Run: 03, Epoch: 14, Loss: 0.3216
Run: 03, Epoch: 14, Train: 92.45%, Valid: 91.36% Test: 79.03%
Run: 03, Epoch: 15, Loss: 0.3210
Run: 03, Epoch: 16, Loss: 0.3216
Run: 03, Epoch: 16, Train: 92.60%, Valid: 91.36% Test: 78.86%
Run: 03, Epoch: 17, Loss: 0.3183
Run: 03, Epoch: 18, Loss: 0.3139
Run: 03, Epoch: 18, Train: 92.76%, Valid: 91.38% Test: 79.29%
Run: 03, Epoch: 19, Loss: 0.3146
Run: 03, Epoch: 20, Loss: 0.3116
Run: 03, Epoch: 20, Train: 92.70%, Valid: 91.60% Test: 78.22%
Run 03:
Highest Train: 92.76
Highest Valid: 91.60
  Final Train: 92.70
   Final Test: 78.22
Run: 04, Epoch: 01, Loss: 1.2807
Run: 04, Epoch: 02, Loss: 0.5015
Run: 04, Epoch: 03, Loss: 0.4267
Run: 04, Epoch: 04, Loss: 0.3970
Run: 04, Epoch: 05, Loss: 0.3769
Run: 04, Epoch: 06, Loss: 0.3650
Run: 04, Epoch: 07, Loss: 0.3563
Run: 04, Epoch: 08, Loss: 0.3467
Run: 04, Epoch: 09, Loss: 0.3403
Run: 04, Epoch: 10, Loss: 0.3344
Run: 04, Epoch: 10, Train: 92.17%, Valid: 91.16% Test: 78.65%
Run: 04, Epoch: 11, Loss: 0.3283
Run: 04, Epoch: 12, Loss: 0.3249
Run: 04, Epoch: 12, Train: 92.46%, Valid: 91.26% Test: 78.79%
Run: 04, Epoch: 13, Loss: 0.3232
Run: 04, Epoch: 14, Loss: 0.3180
Run: 04, Epoch: 14, Train: 92.47%, Valid: 91.41% Test: 77.86%
Run: 04, Epoch: 15, Loss: 0.3170
Run: 04, Epoch: 16, Loss: 0.3186
Run: 04, Epoch: 16, Train: 92.76%, Valid: 91.38% Test: 78.75%
Run: 04, Epoch: 17, Loss: 0.3142
Run: 04, Epoch: 18, Loss: 0.3129
Run: 04, Epoch: 18, Train: 92.82%, Valid: 91.52% Test: 78.96%
Run: 04, Epoch: 19, Loss: 0.3082
Run: 04, Epoch: 20, Loss: 0.3075
Run: 04, Epoch: 20, Train: 92.95%, Valid: 91.56% Test: 79.28%
Run 04:
Highest Train: 92.95
Highest Valid: 91.56
  Final Train: 92.95
   Final Test: 79.28
Run: 05, Epoch: 01, Loss: 1.2273
Run: 05, Epoch: 02, Loss: 0.5006
Run: 05, Epoch: 03, Loss: 0.4294
Run: 05, Epoch: 04, Loss: 0.3964
Run: 05, Epoch: 05, Loss: 0.3747
Run: 05, Epoch: 06, Loss: 0.3615
Run: 05, Epoch: 07, Loss: 0.3528
Run: 05, Epoch: 08, Loss: 0.3453
Run: 05, Epoch: 09, Loss: 0.3394
Run: 05, Epoch: 10, Loss: 0.3346
Run: 05, Epoch: 10, Train: 92.06%, Valid: 90.98% Test: 77.96%
Run: 05, Epoch: 11, Loss: 0.3298
Run: 05, Epoch: 12, Loss: 0.3251
Run: 05, Epoch: 12, Train: 92.35%, Valid: 91.21% Test: 78.24%
Run: 05, Epoch: 13, Loss: 0.3215
Run: 05, Epoch: 14, Loss: 0.3191
Run: 05, Epoch: 14, Train: 92.57%, Valid: 91.44% Test: 78.37%
Run: 05, Epoch: 15, Loss: 0.3154
Run: 05, Epoch: 16, Loss: 0.3141
Run: 05, Epoch: 16, Train: 92.64%, Valid: 91.59% Test: 78.49%
Run: 05, Epoch: 17, Loss: 0.3109
Run: 05, Epoch: 18, Loss: 0.3084
Run: 05, Epoch: 18, Train: 92.79%, Valid: 91.36% Test: 77.84%
Run: 05, Epoch: 19, Loss: 0.3082
Run: 05, Epoch: 20, Loss: 0.3092
Run: 05, Epoch: 20, Train: 92.92%, Valid: 91.59% Test: 78.95%
Run 05:
Highest Train: 92.92
Highest Valid: 91.59
  Final Train: 92.64
   Final Test: 78.49
Run: 06, Epoch: 01, Loss: 1.3145
Run: 06, Epoch: 02, Loss: 0.5107
Run: 06, Epoch: 03, Loss: 0.4344
Run: 06, Epoch: 04, Loss: 0.3946
Run: 06, Epoch: 05, Loss: 0.3815
Run: 06, Epoch: 06, Loss: 0.3668
Run: 06, Epoch: 07, Loss: 0.3557
Run: 06, Epoch: 08, Loss: 0.3488
Run: 06, Epoch: 09, Loss: 0.3398
Run: 06, Epoch: 10, Loss: 0.3360
Run: 06, Epoch: 10, Train: 92.15%, Valid: 91.01% Test: 78.49%
Run: 06, Epoch: 11, Loss: 0.3319
Run: 06, Epoch: 12, Loss: 0.3274
Run: 06, Epoch: 12, Train: 92.49%, Valid: 91.24% Test: 78.74%
Run: 06, Epoch: 13, Loss: 0.3242
Run: 06, Epoch: 14, Loss: 0.3187
Run: 06, Epoch: 14, Train: 92.42%, Valid: 91.31% Test: 79.20%
Run: 06, Epoch: 15, Loss: 0.3195
Run: 06, Epoch: 16, Loss: 0.3174
Run: 06, Epoch: 16, Train: 92.49%, Valid: 91.41% Test: 79.04%
Run: 06, Epoch: 17, Loss: 0.3144
Run: 06, Epoch: 18, Loss: 0.3140
Run: 06, Epoch: 18, Train: 92.68%, Valid: 91.49% Test: 78.51%
Run: 06, Epoch: 19, Loss: 0.3114
Run: 06, Epoch: 20, Loss: 0.3120
Run: 06, Epoch: 20, Train: 92.88%, Valid: 91.54% Test: 78.79%
Run 06:
Highest Train: 92.88
Highest Valid: 91.54
  Final Train: 92.88
   Final Test: 78.79
Run: 07, Epoch: 01, Loss: 1.3760
Run: 07, Epoch: 02, Loss: 0.5220
Run: 07, Epoch: 03, Loss: 0.4404
Run: 07, Epoch: 04, Loss: 0.4017
Run: 07, Epoch: 05, Loss: 0.3836
Run: 07, Epoch: 06, Loss: 0.3689
Run: 07, Epoch: 07, Loss: 0.3565
Run: 07, Epoch: 08, Loss: 0.3463
Run: 07, Epoch: 09, Loss: 0.3406
Run: 07, Epoch: 10, Loss: 0.3404
Run: 07, Epoch: 10, Train: 92.04%, Valid: 91.16% Test: 77.99%
Run: 07, Epoch: 11, Loss: 0.3296
Run: 07, Epoch: 12, Loss: 0.3263
Run: 07, Epoch: 12, Train: 92.20%, Valid: 91.11% Test: 78.11%
Run: 07, Epoch: 13, Loss: 0.3219
Run: 07, Epoch: 14, Loss: 0.3198
Run: 07, Epoch: 14, Train: 92.59%, Valid: 91.48% Test: 79.00%
Run: 07, Epoch: 15, Loss: 0.3157
Run: 07, Epoch: 16, Loss: 0.3184
Run: 07, Epoch: 16, Train: 92.68%, Valid: 91.46% Test: 77.61%
Run: 07, Epoch: 17, Loss: 0.3128
Run: 07, Epoch: 18, Loss: 0.3147
Run: 07, Epoch: 18, Train: 92.70%, Valid: 91.52% Test: 78.74%
Run: 07, Epoch: 19, Loss: 0.3102
Run: 07, Epoch: 20, Loss: 0.3071
Run: 07, Epoch: 20, Train: 92.81%, Valid: 91.67% Test: 79.00%
Run 07:
Highest Train: 92.81
Highest Valid: 91.67
  Final Train: 92.81
   Final Test: 79.00
Run: 08, Epoch: 01, Loss: 1.2436
Run: 08, Epoch: 02, Loss: 0.5012
Run: 08, Epoch: 03, Loss: 0.4267
Run: 08, Epoch: 04, Loss: 0.3959
Run: 08, Epoch: 05, Loss: 0.3766
Run: 08, Epoch: 06, Loss: 0.3627
Run: 08, Epoch: 07, Loss: 0.3485
Run: 08, Epoch: 08, Loss: 0.3461
Run: 08, Epoch: 09, Loss: 0.3397
Run: 08, Epoch: 10, Loss: 0.3343
Run: 08, Epoch: 10, Train: 92.15%, Valid: 91.25% Test: 78.91%
Run: 08, Epoch: 11, Loss: 0.3304
Run: 08, Epoch: 12, Loss: 0.3258
Run: 08, Epoch: 12, Train: 92.35%, Valid: 91.30% Test: 78.53%
Run: 08, Epoch: 13, Loss: 0.3215
Run: 08, Epoch: 14, Loss: 0.3184
Run: 08, Epoch: 14, Train: 92.59%, Valid: 91.47% Test: 78.75%
Run: 08, Epoch: 15, Loss: 0.3164
Run: 08, Epoch: 16, Loss: 0.3154
Run: 08, Epoch: 16, Train: 92.72%, Valid: 91.41% Test: 78.78%
Run: 08, Epoch: 17, Loss: 0.3123
Run: 08, Epoch: 18, Loss: 0.3149
Run: 08, Epoch: 18, Train: 92.91%, Valid: 91.52% Test: 78.68%
Run: 08, Epoch: 19, Loss: 0.3077
Run: 08, Epoch: 20, Loss: 0.3088
Run: 08, Epoch: 20, Train: 92.75%, Valid: 91.59% Test: 79.21%
Run 08:
Highest Train: 92.91
Highest Valid: 91.59
  Final Train: 92.75
   Final Test: 79.21
Run: 09, Epoch: 01, Loss: 1.3019
Run: 09, Epoch: 02, Loss: 0.5099
Run: 09, Epoch: 03, Loss: 0.4305
Run: 09, Epoch: 04, Loss: 0.3966
Run: 09, Epoch: 05, Loss: 0.3788
Run: 09, Epoch: 06, Loss: 0.3629
Run: 09, Epoch: 07, Loss: 0.3521
Run: 09, Epoch: 08, Loss: 0.3429
Run: 09, Epoch: 09, Loss: 0.3400
Run: 09, Epoch: 10, Loss: 0.3343
Run: 09, Epoch: 10, Train: 92.21%, Valid: 91.12% Test: 77.97%
Run: 09, Epoch: 11, Loss: 0.3286
Run: 09, Epoch: 12, Loss: 0.3217
Run: 09, Epoch: 12, Train: 92.36%, Valid: 91.23% Test: 78.33%
Run: 09, Epoch: 13, Loss: 0.3229
Run: 09, Epoch: 14, Loss: 0.3221
Run: 09, Epoch: 14, Train: 92.52%, Valid: 91.23% Test: 77.67%
Run: 09, Epoch: 15, Loss: 0.3162
Run: 09, Epoch: 16, Loss: 0.3154
Run: 09, Epoch: 16, Train: 92.76%, Valid: 91.58% Test: 78.67%
Run: 09, Epoch: 17, Loss: 0.3105
Run: 09, Epoch: 18, Loss: 0.3106
Run: 09, Epoch: 18, Train: 92.91%, Valid: 91.54% Test: 78.20%
Run: 09, Epoch: 19, Loss: 0.3086
Run: 09, Epoch: 20, Loss: 0.3070
Run: 09, Epoch: 20, Train: 92.95%, Valid: 91.59% Test: 79.10%
Run 09:
Highest Train: 92.95
Highest Valid: 91.59
  Final Train: 92.95
   Final Test: 79.10
Run: 10, Epoch: 01, Loss: 1.3229
Run: 10, Epoch: 02, Loss: 0.5107
Run: 10, Epoch: 03, Loss: 0.4314
Run: 10, Epoch: 04, Loss: 0.4013
Run: 10, Epoch: 05, Loss: 0.3836
Run: 10, Epoch: 06, Loss: 0.3672
Run: 10, Epoch: 07, Loss: 0.3524
Run: 10, Epoch: 08, Loss: 0.3481
Run: 10, Epoch: 09, Loss: 0.3407
Run: 10, Epoch: 10, Loss: 0.3364
Run: 10, Epoch: 10, Train: 92.17%, Valid: 91.16% Test: 78.04%
Run: 10, Epoch: 11, Loss: 0.3284
Run: 10, Epoch: 12, Loss: 0.3267
Run: 10, Epoch: 12, Train: 92.34%, Valid: 91.31% Test: 79.43%
Run: 10, Epoch: 13, Loss: 0.3237
Run: 10, Epoch: 14, Loss: 0.3186
Run: 10, Epoch: 14, Train: 92.51%, Valid: 91.20% Test: 78.80%
Run: 10, Epoch: 15, Loss: 0.3189
Run: 10, Epoch: 16, Loss: 0.3126
Run: 10, Epoch: 16, Train: 92.68%, Valid: 91.49% Test: 78.53%
Run: 10, Epoch: 17, Loss: 0.3127
Run: 10, Epoch: 18, Loss: 0.3139
Run: 10, Epoch: 18, Train: 92.84%, Valid: 91.48% Test: 79.66%
Run: 10, Epoch: 19, Loss: 0.3104
Run: 10, Epoch: 20, Loss: 0.3088
Run: 10, Epoch: 20, Train: 92.92%, Valid: 91.50% Test: 78.75%
Run 10:
Highest Train: 92.92
Highest Valid: 91.50
  Final Train: 92.92
   Final Test: 78.75
All runs:
Highest Train: 92.88 ± 0.06
Highest Valid: 91.57 ± 0.06
  Final Train: 92.82 ± 0.10
   Final Test: 78.78 ± 0.36
