Namespace(device=0, log_steps=1, inductive=False, num_layers=3, hidden_channels=256, dropout=0.5, batch_size=20000, walk_length=3, lr=0.01, num_steps=30, epochs=20, eval_steps=2, runs=10, rsv=0.9)
tensor([ 11772,  53354, 127854,  ...,  54491, 194716, 161215]) 176953
tensor([222340, 232877, 217134,  ..., 234880, 200956, 219079]) 35390
Run: 01, Epoch: 01, Loss: 1.2877
Run: 01, Epoch: 02, Loss: 0.5065
Run: 01, Epoch: 03, Loss: 0.4293
Run: 01, Epoch: 04, Loss: 0.3982
Run: 01, Epoch: 05, Loss: 0.3785
Run: 01, Epoch: 06, Loss: 0.3653
Run: 01, Epoch: 07, Loss: 0.3521
Run: 01, Epoch: 08, Loss: 0.3478
Run: 01, Epoch: 09, Loss: 0.3408
Run: 01, Epoch: 10, Loss: 0.3384
Run: 01, Epoch: 10, Train: 92.20%, Valid: 91.12% Test: 78.06%
Run: 01, Epoch: 11, Loss: 0.3315
Run: 01, Epoch: 12, Loss: 0.3253
Run: 01, Epoch: 12, Train: 92.33%, Valid: 91.27% Test: 78.68%
Run: 01, Epoch: 13, Loss: 0.3231
Run: 01, Epoch: 14, Loss: 0.3225
Run: 01, Epoch: 14, Train: 92.48%, Valid: 91.32% Test: 79.48%
Run: 01, Epoch: 15, Loss: 0.3144
Run: 01, Epoch: 16, Loss: 0.3125
Run: 01, Epoch: 16, Train: 92.69%, Valid: 91.36% Test: 79.14%
Run: 01, Epoch: 17, Loss: 0.3104
Run: 01, Epoch: 18, Loss: 0.3131
Run: 01, Epoch: 18, Train: 92.76%, Valid: 91.53% Test: 78.39%
Run: 01, Epoch: 19, Loss: 0.3085
Run: 01, Epoch: 20, Loss: 0.3098
Run: 01, Epoch: 20, Train: 92.87%, Valid: 91.41% Test: 78.52%
Run 01:
Highest Train: 92.87
Highest Valid: 91.53
  Final Train: 92.76
   Final Test: 78.39
Run: 02, Epoch: 01, Loss: 1.3998
Run: 02, Epoch: 02, Loss: 0.5193
Run: 02, Epoch: 03, Loss: 0.4379
Run: 02, Epoch: 04, Loss: 0.4041
Run: 02, Epoch: 05, Loss: 0.3822
Run: 02, Epoch: 06, Loss: 0.3670
Run: 02, Epoch: 07, Loss: 0.3558
Run: 02, Epoch: 08, Loss: 0.3489
Run: 02, Epoch: 09, Loss: 0.3478
Run: 02, Epoch: 10, Loss: 0.3375
Run: 02, Epoch: 10, Train: 92.15%, Valid: 90.91% Test: 78.84%
Run: 02, Epoch: 11, Loss: 0.3310
Run: 02, Epoch: 12, Loss: 0.3319
Run: 02, Epoch: 12, Train: 92.23%, Valid: 91.21% Test: 78.76%
Run: 02, Epoch: 13, Loss: 0.3251
Run: 02, Epoch: 14, Loss: 0.3234
Run: 02, Epoch: 14, Train: 92.56%, Valid: 91.23% Test: 78.21%
Run: 02, Epoch: 15, Loss: 0.3192
Run: 02, Epoch: 16, Loss: 0.3160
Run: 02, Epoch: 16, Train: 92.67%, Valid: 91.31% Test: 79.28%
Run: 02, Epoch: 17, Loss: 0.3156
Run: 02, Epoch: 18, Loss: 0.3116
Run: 02, Epoch: 18, Train: 92.74%, Valid: 91.35% Test: 78.24%
Run: 02, Epoch: 19, Loss: 0.3112
Run: 02, Epoch: 20, Loss: 0.3112
Run: 02, Epoch: 20, Train: 92.66%, Valid: 91.32% Test: 78.71%
Run 02:
Highest Train: 92.74
Highest Valid: 91.35
  Final Train: 92.74
   Final Test: 78.24
Run: 03, Epoch: 01, Loss: 1.3802
Run: 03, Epoch: 02, Loss: 0.5184
Run: 03, Epoch: 03, Loss: 0.4395
Run: 03, Epoch: 04, Loss: 0.4072
Run: 03, Epoch: 05, Loss: 0.3846
Run: 03, Epoch: 06, Loss: 0.3710
Run: 03, Epoch: 07, Loss: 0.3590
Run: 03, Epoch: 08, Loss: 0.3528
Run: 03, Epoch: 09, Loss: 0.3431
Run: 03, Epoch: 10, Loss: 0.3370
Run: 03, Epoch: 10, Train: 92.10%, Valid: 91.04% Test: 78.24%
Run: 03, Epoch: 11, Loss: 0.3337
Run: 03, Epoch: 12, Loss: 0.3311
Run: 03, Epoch: 12, Train: 92.30%, Valid: 91.24% Test: 78.74%
Run: 03, Epoch: 13, Loss: 0.3280
Run: 03, Epoch: 14, Loss: 0.3233
Run: 03, Epoch: 14, Train: 92.44%, Valid: 91.25% Test: 79.02%
Run: 03, Epoch: 15, Loss: 0.3219
Run: 03, Epoch: 16, Loss: 0.3214
Run: 03, Epoch: 16, Train: 92.58%, Valid: 91.39% Test: 78.43%
Run: 03, Epoch: 17, Loss: 0.3173
Run: 03, Epoch: 18, Loss: 0.3167
Run: 03, Epoch: 18, Train: 92.75%, Valid: 91.51% Test: 79.46%
Run: 03, Epoch: 19, Loss: 0.3151
Run: 03, Epoch: 20, Loss: 0.3137
Run: 03, Epoch: 20, Train: 92.71%, Valid: 91.55% Test: 78.44%
Run 03:
Highest Train: 92.75
Highest Valid: 91.55
  Final Train: 92.71
   Final Test: 78.44
Run: 04, Epoch: 01, Loss: 1.2790
Run: 04, Epoch: 02, Loss: 0.5012
Run: 04, Epoch: 03, Loss: 0.4265
Run: 04, Epoch: 04, Loss: 0.3967
Run: 04, Epoch: 05, Loss: 0.3775
Run: 04, Epoch: 06, Loss: 0.3640
Run: 04, Epoch: 07, Loss: 0.3560
Run: 04, Epoch: 08, Loss: 0.3471
Run: 04, Epoch: 09, Loss: 0.3414
Run: 04, Epoch: 10, Loss: 0.3348
Run: 04, Epoch: 10, Train: 92.24%, Valid: 91.40% Test: 78.66%
Run: 04, Epoch: 11, Loss: 0.3297
Run: 04, Epoch: 12, Loss: 0.3263
Run: 04, Epoch: 12, Train: 92.45%, Valid: 91.34% Test: 78.83%
Run: 04, Epoch: 13, Loss: 0.3245
Run: 04, Epoch: 14, Loss: 0.3199
Run: 04, Epoch: 14, Train: 92.52%, Valid: 91.37% Test: 78.06%
Run: 04, Epoch: 15, Loss: 0.3179
Run: 04, Epoch: 16, Loss: 0.3189
Run: 04, Epoch: 16, Train: 92.79%, Valid: 91.46% Test: 78.91%
Run: 04, Epoch: 17, Loss: 0.3137
Run: 04, Epoch: 18, Loss: 0.3126
Run: 04, Epoch: 18, Train: 92.86%, Valid: 91.52% Test: 78.86%
Run: 04, Epoch: 19, Loss: 0.3073
Run: 04, Epoch: 20, Loss: 0.3067
Run: 04, Epoch: 20, Train: 92.94%, Valid: 91.67% Test: 79.31%
Run 04:
Highest Train: 92.94
Highest Valid: 91.67
  Final Train: 92.94
   Final Test: 79.31
Run: 05, Epoch: 01, Loss: 1.2251
Run: 05, Epoch: 02, Loss: 0.5014
Run: 05, Epoch: 03, Loss: 0.4294
Run: 05, Epoch: 04, Loss: 0.3957
Run: 05, Epoch: 05, Loss: 0.3743
Run: 05, Epoch: 06, Loss: 0.3616
Run: 05, Epoch: 07, Loss: 0.3527
Run: 05, Epoch: 08, Loss: 0.3453
Run: 05, Epoch: 09, Loss: 0.3395
Run: 05, Epoch: 10, Loss: 0.3331
Run: 05, Epoch: 10, Train: 92.09%, Valid: 91.16% Test: 78.12%
Run: 05, Epoch: 11, Loss: 0.3282
Run: 05, Epoch: 12, Loss: 0.3251
Run: 05, Epoch: 12, Train: 92.41%, Valid: 91.17% Test: 78.32%
Run: 05, Epoch: 13, Loss: 0.3230
Run: 05, Epoch: 14, Loss: 0.3191
Run: 05, Epoch: 14, Train: 92.54%, Valid: 91.42% Test: 78.10%
Run: 05, Epoch: 15, Loss: 0.3162
Run: 05, Epoch: 16, Loss: 0.3140
Run: 05, Epoch: 16, Train: 92.65%, Valid: 91.49% Test: 78.71%
Run: 05, Epoch: 17, Loss: 0.3109
Run: 05, Epoch: 18, Loss: 0.3095
Run: 05, Epoch: 18, Train: 92.82%, Valid: 91.48% Test: 78.14%
Run: 05, Epoch: 19, Loss: 0.3107
Run: 05, Epoch: 20, Loss: 0.3085
Run: 05, Epoch: 20, Train: 92.92%, Valid: 91.66% Test: 79.06%
Run 05:
Highest Train: 92.92
Highest Valid: 91.66
  Final Train: 92.92
   Final Test: 79.06
Run: 06, Epoch: 01, Loss: 1.3140
Run: 06, Epoch: 02, Loss: 0.5096
Run: 06, Epoch: 03, Loss: 0.4333
Run: 06, Epoch: 04, Loss: 0.3948
Run: 06, Epoch: 05, Loss: 0.3816
Run: 06, Epoch: 06, Loss: 0.3666
Run: 06, Epoch: 07, Loss: 0.3559
Run: 06, Epoch: 08, Loss: 0.3488
Run: 06, Epoch: 09, Loss: 0.3406
Run: 06, Epoch: 10, Loss: 0.3372
Run: 06, Epoch: 10, Train: 92.09%, Valid: 91.03% Test: 78.45%
Run: 06, Epoch: 11, Loss: 0.3322
Run: 06, Epoch: 12, Loss: 0.3272
Run: 06, Epoch: 12, Train: 92.50%, Valid: 91.25% Test: 78.76%
Run: 06, Epoch: 13, Loss: 0.3224
Run: 06, Epoch: 14, Loss: 0.3176
Run: 06, Epoch: 14, Train: 92.41%, Valid: 91.41% Test: 79.15%
Run: 06, Epoch: 15, Loss: 0.3171
Run: 06, Epoch: 16, Loss: 0.3158
Run: 06, Epoch: 16, Train: 92.61%, Valid: 91.47% Test: 79.31%
Run: 06, Epoch: 17, Loss: 0.3136
Run: 06, Epoch: 18, Loss: 0.3129
Run: 06, Epoch: 18, Train: 92.73%, Valid: 91.51% Test: 78.57%
Run: 06, Epoch: 19, Loss: 0.3086
Run: 06, Epoch: 20, Loss: 0.3100
Run: 06, Epoch: 20, Train: 92.93%, Valid: 91.60% Test: 78.84%
Run 06:
Highest Train: 92.93
Highest Valid: 91.60
  Final Train: 92.93
   Final Test: 78.84
Run: 07, Epoch: 01, Loss: 1.3814
Run: 07, Epoch: 02, Loss: 0.5213
Run: 07, Epoch: 03, Loss: 0.4378
Run: 07, Epoch: 04, Loss: 0.4005
Run: 07, Epoch: 05, Loss: 0.3816
Run: 07, Epoch: 06, Loss: 0.3689
Run: 07, Epoch: 07, Loss: 0.3572
Run: 07, Epoch: 08, Loss: 0.3464
Run: 07, Epoch: 09, Loss: 0.3393
Run: 07, Epoch: 10, Loss: 0.3407
Run: 07, Epoch: 10, Train: 92.02%, Valid: 91.16% Test: 78.10%
Run: 07, Epoch: 11, Loss: 0.3303
Run: 07, Epoch: 12, Loss: 0.3267
Run: 07, Epoch: 12, Train: 92.19%, Valid: 91.22% Test: 78.24%
Run: 07, Epoch: 13, Loss: 0.3228
Run: 07, Epoch: 14, Loss: 0.3213
Run: 07, Epoch: 14, Train: 92.55%, Valid: 91.42% Test: 79.20%
Run: 07, Epoch: 15, Loss: 0.3169
Run: 07, Epoch: 16, Loss: 0.3192
Run: 07, Epoch: 16, Train: 92.56%, Valid: 91.48% Test: 78.08%
Run: 07, Epoch: 17, Loss: 0.3128
Run: 07, Epoch: 18, Loss: 0.3152
Run: 07, Epoch: 18, Train: 92.71%, Valid: 91.61% Test: 78.67%
Run: 07, Epoch: 19, Loss: 0.3121
Run: 07, Epoch: 20, Loss: 0.3080
Run: 07, Epoch: 20, Train: 92.79%, Valid: 91.64% Test: 79.00%
Run 07:
Highest Train: 92.79
Highest Valid: 91.64
  Final Train: 92.79
   Final Test: 79.00
Run: 08, Epoch: 01, Loss: 1.2395
Run: 08, Epoch: 02, Loss: 0.4973
Run: 08, Epoch: 03, Loss: 0.4243
Run: 08, Epoch: 04, Loss: 0.3936
Run: 08, Epoch: 05, Loss: 0.3759
Run: 08, Epoch: 06, Loss: 0.3630
Run: 08, Epoch: 07, Loss: 0.3483
Run: 08, Epoch: 08, Loss: 0.3466
Run: 08, Epoch: 09, Loss: 0.3401
Run: 08, Epoch: 10, Loss: 0.3348
Run: 08, Epoch: 10, Train: 92.18%, Valid: 91.30% Test: 78.81%
Run: 08, Epoch: 11, Loss: 0.3302
Run: 08, Epoch: 12, Loss: 0.3261
Run: 08, Epoch: 12, Train: 92.29%, Valid: 91.27% Test: 78.83%
Run: 08, Epoch: 13, Loss: 0.3217
Run: 08, Epoch: 14, Loss: 0.3192
Run: 08, Epoch: 14, Train: 92.56%, Valid: 91.58% Test: 78.97%
Run: 08, Epoch: 15, Loss: 0.3169
Run: 08, Epoch: 16, Loss: 0.3156
Run: 08, Epoch: 16, Train: 92.64%, Valid: 91.51% Test: 79.18%
Run: 08, Epoch: 17, Loss: 0.3133
Run: 08, Epoch: 18, Loss: 0.3158
Run: 08, Epoch: 18, Train: 92.81%, Valid: 91.64% Test: 79.14%
Run: 08, Epoch: 19, Loss: 0.3092
Run: 08, Epoch: 20, Loss: 0.3102
Run: 08, Epoch: 20, Train: 92.85%, Valid: 91.68% Test: 79.37%
Run 08:
Highest Train: 92.85
Highest Valid: 91.68
  Final Train: 92.85
   Final Test: 79.37
Run: 09, Epoch: 01, Loss: 1.3027
Run: 09, Epoch: 02, Loss: 0.5099
Run: 09, Epoch: 03, Loss: 0.4310
Run: 09, Epoch: 04, Loss: 0.3959
Run: 09, Epoch: 05, Loss: 0.3792
Run: 09, Epoch: 06, Loss: 0.3632
Run: 09, Epoch: 07, Loss: 0.3527
Run: 09, Epoch: 08, Loss: 0.3448
Run: 09, Epoch: 09, Loss: 0.3411
Run: 09, Epoch: 10, Loss: 0.3351
Run: 09, Epoch: 10, Train: 92.19%, Valid: 91.12% Test: 78.04%
Run: 09, Epoch: 11, Loss: 0.3289
Run: 09, Epoch: 12, Loss: 0.3221
Run: 09, Epoch: 12, Train: 92.35%, Valid: 91.22% Test: 78.32%
Run: 09, Epoch: 13, Loss: 0.3241
Run: 09, Epoch: 14, Loss: 0.3228
Run: 09, Epoch: 14, Train: 92.43%, Valid: 91.29% Test: 77.91%
Run: 09, Epoch: 15, Loss: 0.3187
Run: 09, Epoch: 16, Loss: 0.3165
Run: 09, Epoch: 16, Train: 92.76%, Valid: 91.54% Test: 79.07%
Run: 09, Epoch: 17, Loss: 0.3108
Run: 09, Epoch: 18, Loss: 0.3115
Run: 09, Epoch: 18, Train: 92.88%, Valid: 91.62% Test: 78.15%
Run: 09, Epoch: 19, Loss: 0.3087
Run: 09, Epoch: 20, Loss: 0.3075
Run: 09, Epoch: 20, Train: 92.85%, Valid: 91.49% Test: 79.18%
Run 09:
Highest Train: 92.88
Highest Valid: 91.62
  Final Train: 92.88
   Final Test: 78.15
Run: 10, Epoch: 01, Loss: 1.3238
Run: 10, Epoch: 02, Loss: 0.5117
Run: 10, Epoch: 03, Loss: 0.4315
Run: 10, Epoch: 04, Loss: 0.4017
Run: 10, Epoch: 05, Loss: 0.3845
Run: 10, Epoch: 06, Loss: 0.3681
Run: 10, Epoch: 07, Loss: 0.3520
Run: 10, Epoch: 08, Loss: 0.3489
Run: 10, Epoch: 09, Loss: 0.3405
Run: 10, Epoch: 10, Loss: 0.3365
Run: 10, Epoch: 10, Train: 92.27%, Valid: 91.22% Test: 78.24%
Run: 10, Epoch: 11, Loss: 0.3280
Run: 10, Epoch: 12, Loss: 0.3266
Run: 10, Epoch: 12, Train: 92.38%, Valid: 91.33% Test: 79.33%
Run: 10, Epoch: 13, Loss: 0.3253
Run: 10, Epoch: 14, Loss: 0.3203
Run: 10, Epoch: 14, Train: 92.48%, Valid: 91.27% Test: 78.59%
Run: 10, Epoch: 15, Loss: 0.3201
Run: 10, Epoch: 16, Loss: 0.3141
Run: 10, Epoch: 16, Train: 92.65%, Valid: 91.50% Test: 78.50%
Run: 10, Epoch: 17, Loss: 0.3144
Run: 10, Epoch: 18, Loss: 0.3154
Run: 10, Epoch: 18, Train: 92.79%, Valid: 91.60% Test: 79.54%
Run: 10, Epoch: 19, Loss: 0.3115
Run: 10, Epoch: 20, Loss: 0.3111
Run: 10, Epoch: 20, Train: 92.84%, Valid: 91.43% Test: 78.59%
Run 10:
Highest Train: 92.84
Highest Valid: 91.60
  Final Train: 92.79
   Final Test: 79.54
All runs:
Highest Train: 92.85 ± 0.07
Highest Valid: 91.59 ± 0.10
  Final Train: 92.83 ± 0.08
   Final Test: 78.84 ± 0.50
