Namespace(device=0, log_steps=1, inductive=False, num_layers=3, hidden_channels=256, dropout=0.5, batch_size=20000, walk_length=3, lr=0.01, num_steps=30, epochs=20, eval_steps=2, runs=10, rsv=1.0)
tensor([ 11772,  53354, 127854,  ...,  47373,  94810, 114804]) 196615
tensor([222340, 232877, 217134,  ..., 222167, 205937, 206240]) 39323
Run: 01, Epoch: 01, Loss: 1.2883
Run: 01, Epoch: 02, Loss: 0.5071
Run: 01, Epoch: 03, Loss: 0.4278
Run: 01, Epoch: 04, Loss: 0.3974
Run: 01, Epoch: 05, Loss: 0.3790
Run: 01, Epoch: 06, Loss: 0.3649
Run: 01, Epoch: 07, Loss: 0.3521
Run: 01, Epoch: 08, Loss: 0.3468
Run: 01, Epoch: 09, Loss: 0.3416
Run: 01, Epoch: 10, Loss: 0.3376
Run: 01, Epoch: 10, Train: 92.19%, Valid: 91.31% Test: 78.41%
Run: 01, Epoch: 11, Loss: 0.3308
Run: 01, Epoch: 12, Loss: 0.3243
Run: 01, Epoch: 12, Train: 92.40%, Valid: 91.37% Test: 78.81%
Run: 01, Epoch: 13, Loss: 0.3240
Run: 01, Epoch: 14, Loss: 0.3212
Run: 01, Epoch: 14, Train: 92.59%, Valid: 91.47% Test: 79.65%
Run: 01, Epoch: 15, Loss: 0.3149
Run: 01, Epoch: 16, Loss: 0.3146
Run: 01, Epoch: 16, Train: 92.70%, Valid: 91.52% Test: 79.14%
Run: 01, Epoch: 17, Loss: 0.3116
Run: 01, Epoch: 18, Loss: 0.3142
Run: 01, Epoch: 18, Train: 92.83%, Valid: 91.57% Test: 78.81%
Run: 01, Epoch: 19, Loss: 0.3094
Run: 01, Epoch: 20, Loss: 0.3097
Run: 01, Epoch: 20, Train: 92.83%, Valid: 91.54% Test: 79.25%
Run 01:
Highest Train: 92.83
Highest Valid: 91.57
  Final Train: 92.83
   Final Test: 78.81
Run: 02, Epoch: 01, Loss: 1.3964
Run: 02, Epoch: 02, Loss: 0.5182
Run: 02, Epoch: 03, Loss: 0.4348
Run: 02, Epoch: 04, Loss: 0.4018
Run: 02, Epoch: 05, Loss: 0.3805
Run: 02, Epoch: 06, Loss: 0.3664
Run: 02, Epoch: 07, Loss: 0.3542
Run: 02, Epoch: 08, Loss: 0.3475
Run: 02, Epoch: 09, Loss: 0.3455
Run: 02, Epoch: 10, Loss: 0.3370
Run: 02, Epoch: 10, Train: 92.09%, Valid: 91.10% Test: 78.89%
Run: 02, Epoch: 11, Loss: 0.3327
Run: 02, Epoch: 12, Loss: 0.3321
Run: 02, Epoch: 12, Train: 92.30%, Valid: 91.21% Test: 78.74%
Run: 02, Epoch: 13, Loss: 0.3256
Run: 02, Epoch: 14, Loss: 0.3220
Run: 02, Epoch: 14, Train: 92.47%, Valid: 91.39% Test: 78.77%
Run: 02, Epoch: 15, Loss: 0.3165
Run: 02, Epoch: 16, Loss: 0.3140
Run: 02, Epoch: 16, Train: 92.64%, Valid: 91.51% Test: 79.19%
Run: 02, Epoch: 17, Loss: 0.3148
Run: 02, Epoch: 18, Loss: 0.3122
Run: 02, Epoch: 18, Train: 92.73%, Valid: 91.51% Test: 78.22%
Run: 02, Epoch: 19, Loss: 0.3105
Run: 02, Epoch: 20, Loss: 0.3094
Run: 02, Epoch: 20, Train: 92.64%, Valid: 91.48% Test: 78.90%
Run 02:
Highest Train: 92.73
Highest Valid: 91.51
  Final Train: 92.64
   Final Test: 79.19
Run: 03, Epoch: 01, Loss: 1.3779
Run: 03, Epoch: 02, Loss: 0.5163
Run: 03, Epoch: 03, Loss: 0.4363
Run: 03, Epoch: 04, Loss: 0.4039
Run: 03, Epoch: 05, Loss: 0.3831
Run: 03, Epoch: 06, Loss: 0.3690
Run: 03, Epoch: 07, Loss: 0.3569
Run: 03, Epoch: 08, Loss: 0.3515
Run: 03, Epoch: 09, Loss: 0.3414
Run: 03, Epoch: 10, Loss: 0.3358
Run: 03, Epoch: 10, Train: 92.12%, Valid: 91.12% Test: 78.64%
Run: 03, Epoch: 11, Loss: 0.3340
Run: 03, Epoch: 12, Loss: 0.3290
Run: 03, Epoch: 12, Train: 92.32%, Valid: 91.32% Test: 78.69%
Run: 03, Epoch: 13, Loss: 0.3266
Run: 03, Epoch: 14, Loss: 0.3232
Run: 03, Epoch: 14, Train: 92.42%, Valid: 91.38% Test: 79.07%
Run: 03, Epoch: 15, Loss: 0.3213
Run: 03, Epoch: 16, Loss: 0.3218
Run: 03, Epoch: 16, Train: 92.56%, Valid: 91.54% Test: 78.69%
Run: 03, Epoch: 17, Loss: 0.3178
Run: 03, Epoch: 18, Loss: 0.3149
Run: 03, Epoch: 18, Train: 92.77%, Valid: 91.45% Test: 79.66%
Run: 03, Epoch: 19, Loss: 0.3150
Run: 03, Epoch: 20, Loss: 0.3122
Run: 03, Epoch: 20, Train: 92.65%, Valid: 91.56% Test: 78.51%
Run 03:
Highest Train: 92.77
Highest Valid: 91.56
  Final Train: 92.65
   Final Test: 78.51
Run: 04, Epoch: 01, Loss: 1.2727
Run: 04, Epoch: 02, Loss: 0.4988
Run: 04, Epoch: 03, Loss: 0.4235
Run: 04, Epoch: 04, Loss: 0.3930
Run: 04, Epoch: 05, Loss: 0.3747
Run: 04, Epoch: 06, Loss: 0.3623
Run: 04, Epoch: 07, Loss: 0.3530
Run: 04, Epoch: 08, Loss: 0.3462
Run: 04, Epoch: 09, Loss: 0.3401
Run: 04, Epoch: 10, Loss: 0.3333
Run: 04, Epoch: 10, Train: 92.25%, Valid: 91.28% Test: 78.97%
Run: 04, Epoch: 11, Loss: 0.3288
Run: 04, Epoch: 12, Loss: 0.3234
Run: 04, Epoch: 12, Train: 92.50%, Valid: 91.37% Test: 78.97%
Run: 04, Epoch: 13, Loss: 0.3241
Run: 04, Epoch: 14, Loss: 0.3195
Run: 04, Epoch: 14, Train: 92.52%, Valid: 91.33% Test: 78.05%
Run: 04, Epoch: 15, Loss: 0.3154
Run: 04, Epoch: 16, Loss: 0.3172
Run: 04, Epoch: 16, Train: 92.73%, Valid: 91.62% Test: 79.16%
Run: 04, Epoch: 17, Loss: 0.3123
Run: 04, Epoch: 18, Loss: 0.3138
Run: 04, Epoch: 18, Train: 92.84%, Valid: 91.66% Test: 79.11%
Run: 04, Epoch: 19, Loss: 0.3086
Run: 04, Epoch: 20, Loss: 0.3061
Run: 04, Epoch: 20, Train: 92.89%, Valid: 91.62% Test: 79.35%
Run 04:
Highest Train: 92.89
Highest Valid: 91.66
  Final Train: 92.84
   Final Test: 79.11
Run: 05, Epoch: 01, Loss: 1.2246
Run: 05, Epoch: 02, Loss: 0.4984
Run: 05, Epoch: 03, Loss: 0.4272
Run: 05, Epoch: 04, Loss: 0.3948
Run: 05, Epoch: 05, Loss: 0.3730
Run: 05, Epoch: 06, Loss: 0.3609
Run: 05, Epoch: 07, Loss: 0.3506
Run: 05, Epoch: 08, Loss: 0.3442
Run: 05, Epoch: 09, Loss: 0.3396
Run: 05, Epoch: 10, Loss: 0.3320
Run: 05, Epoch: 10, Train: 92.14%, Valid: 91.23% Test: 78.16%
Run: 05, Epoch: 11, Loss: 0.3261
Run: 05, Epoch: 12, Loss: 0.3236
Run: 05, Epoch: 12, Train: 92.42%, Valid: 91.35% Test: 78.38%
Run: 05, Epoch: 13, Loss: 0.3222
Run: 05, Epoch: 14, Loss: 0.3188
Run: 05, Epoch: 14, Train: 92.53%, Valid: 91.45% Test: 78.53%
Run: 05, Epoch: 15, Loss: 0.3156
Run: 05, Epoch: 16, Loss: 0.3134
Run: 05, Epoch: 16, Train: 92.69%, Valid: 91.50% Test: 78.61%
Run: 05, Epoch: 17, Loss: 0.3092
Run: 05, Epoch: 18, Loss: 0.3097
Run: 05, Epoch: 18, Train: 92.76%, Valid: 91.56% Test: 78.55%
Run: 05, Epoch: 19, Loss: 0.3073
Run: 05, Epoch: 20, Loss: 0.3081
Run: 05, Epoch: 20, Train: 92.90%, Valid: 91.60% Test: 79.34%
Run 05:
Highest Train: 92.90
Highest Valid: 91.60
  Final Train: 92.90
   Final Test: 79.34
Run: 06, Epoch: 01, Loss: 1.3106
Run: 06, Epoch: 02, Loss: 0.5073
Run: 06, Epoch: 03, Loss: 0.4312
Run: 06, Epoch: 04, Loss: 0.3945
Run: 06, Epoch: 05, Loss: 0.3805
Run: 06, Epoch: 06, Loss: 0.3654
Run: 06, Epoch: 07, Loss: 0.3553
Run: 06, Epoch: 08, Loss: 0.3498
Run: 06, Epoch: 09, Loss: 0.3400
Run: 06, Epoch: 10, Loss: 0.3367
Run: 06, Epoch: 10, Train: 92.08%, Valid: 91.16% Test: 78.66%
Run: 06, Epoch: 11, Loss: 0.3325
Run: 06, Epoch: 12, Loss: 0.3275
Run: 06, Epoch: 12, Train: 92.44%, Valid: 91.40% Test: 78.87%
Run: 06, Epoch: 13, Loss: 0.3221
Run: 06, Epoch: 14, Loss: 0.3179
Run: 06, Epoch: 14, Train: 92.45%, Valid: 91.43% Test: 79.08%
Run: 06, Epoch: 15, Loss: 0.3162
Run: 06, Epoch: 16, Loss: 0.3163
Run: 06, Epoch: 16, Train: 92.68%, Valid: 91.62% Test: 79.43%
Run: 06, Epoch: 17, Loss: 0.3132
Run: 06, Epoch: 18, Loss: 0.3124
Run: 06, Epoch: 18, Train: 92.68%, Valid: 91.62% Test: 78.65%
Run: 06, Epoch: 19, Loss: 0.3086
Run: 06, Epoch: 20, Loss: 0.3093
Run: 06, Epoch: 20, Train: 92.86%, Valid: 91.72% Test: 79.13%
Run 06:
Highest Train: 92.86
Highest Valid: 91.72
  Final Train: 92.86
   Final Test: 79.13
Run: 07, Epoch: 01, Loss: 1.3776
Run: 07, Epoch: 02, Loss: 0.5211
Run: 07, Epoch: 03, Loss: 0.4373
Run: 07, Epoch: 04, Loss: 0.4003
Run: 07, Epoch: 05, Loss: 0.3815
Run: 07, Epoch: 06, Loss: 0.3681
Run: 07, Epoch: 07, Loss: 0.3565
Run: 07, Epoch: 08, Loss: 0.3472
Run: 07, Epoch: 09, Loss: 0.3404
Run: 07, Epoch: 10, Loss: 0.3413
Run: 07, Epoch: 10, Train: 92.05%, Valid: 91.13% Test: 78.49%
Run: 07, Epoch: 11, Loss: 0.3311
Run: 07, Epoch: 12, Loss: 0.3265
Run: 07, Epoch: 12, Train: 92.27%, Valid: 91.47% Test: 78.35%
Run: 07, Epoch: 13, Loss: 0.3224
Run: 07, Epoch: 14, Loss: 0.3214
Run: 07, Epoch: 14, Train: 92.55%, Valid: 91.46% Test: 78.90%
Run: 07, Epoch: 15, Loss: 0.3163
Run: 07, Epoch: 16, Loss: 0.3221
Run: 07, Epoch: 16, Train: 92.53%, Valid: 91.55% Test: 78.14%
Run: 07, Epoch: 17, Loss: 0.3150
Run: 07, Epoch: 18, Loss: 0.3148
Run: 07, Epoch: 18, Train: 92.64%, Valid: 91.53% Test: 78.64%
Run: 07, Epoch: 19, Loss: 0.3112
Run: 07, Epoch: 20, Loss: 0.3087
Run: 07, Epoch: 20, Train: 92.73%, Valid: 91.58% Test: 79.00%
Run 07:
Highest Train: 92.73
Highest Valid: 91.58
  Final Train: 92.73
   Final Test: 79.00
Run: 08, Epoch: 01, Loss: 1.2371
Run: 08, Epoch: 02, Loss: 0.4968
Run: 08, Epoch: 03, Loss: 0.4235
Run: 08, Epoch: 04, Loss: 0.3929
Run: 08, Epoch: 05, Loss: 0.3742
Run: 08, Epoch: 06, Loss: 0.3628
Run: 08, Epoch: 07, Loss: 0.3476
Run: 08, Epoch: 08, Loss: 0.3454
Run: 08, Epoch: 09, Loss: 0.3386
Run: 08, Epoch: 10, Loss: 0.3324
Run: 08, Epoch: 10, Train: 92.28%, Valid: 91.34% Test: 78.74%
Run: 08, Epoch: 11, Loss: 0.3295
Run: 08, Epoch: 12, Loss: 0.3260
Run: 08, Epoch: 12, Train: 92.33%, Valid: 91.50% Test: 78.98%
Run: 08, Epoch: 13, Loss: 0.3205
Run: 08, Epoch: 14, Loss: 0.3194
Run: 08, Epoch: 14, Train: 92.59%, Valid: 91.53% Test: 79.03%
Run: 08, Epoch: 15, Loss: 0.3148
Run: 08, Epoch: 16, Loss: 0.3144
Run: 08, Epoch: 16, Train: 92.62%, Valid: 91.53% Test: 79.18%
Run: 08, Epoch: 17, Loss: 0.3112
Run: 08, Epoch: 18, Loss: 0.3136
Run: 08, Epoch: 18, Train: 92.78%, Valid: 91.67% Test: 79.04%
Run: 08, Epoch: 19, Loss: 0.3089
Run: 08, Epoch: 20, Loss: 0.3088
Run: 08, Epoch: 20, Train: 92.87%, Valid: 91.71% Test: 79.22%
Run 08:
Highest Train: 92.87
Highest Valid: 91.71
  Final Train: 92.87
   Final Test: 79.22
Run: 09, Epoch: 01, Loss: 1.2989
Run: 09, Epoch: 02, Loss: 0.5064
Run: 09, Epoch: 03, Loss: 0.4281
Run: 09, Epoch: 04, Loss: 0.3942
Run: 09, Epoch: 05, Loss: 0.3783
Run: 09, Epoch: 06, Loss: 0.3610
Run: 09, Epoch: 07, Loss: 0.3503
Run: 09, Epoch: 08, Loss: 0.3427
Run: 09, Epoch: 09, Loss: 0.3400
Run: 09, Epoch: 10, Loss: 0.3327
Run: 09, Epoch: 10, Train: 92.14%, Valid: 91.08% Test: 78.47%
Run: 09, Epoch: 11, Loss: 0.3291
Run: 09, Epoch: 12, Loss: 0.3223
Run: 09, Epoch: 12, Train: 92.37%, Valid: 91.46% Test: 78.66%
Run: 09, Epoch: 13, Loss: 0.3220
Run: 09, Epoch: 14, Loss: 0.3219
Run: 09, Epoch: 14, Train: 92.60%, Valid: 91.48% Test: 78.33%
Run: 09, Epoch: 15, Loss: 0.3172
Run: 09, Epoch: 16, Loss: 0.3143
Run: 09, Epoch: 16, Train: 92.71%, Valid: 91.50% Test: 79.10%
Run: 09, Epoch: 17, Loss: 0.3104
Run: 09, Epoch: 18, Loss: 0.3088
Run: 09, Epoch: 18, Train: 92.90%, Valid: 91.53% Test: 78.71%
Run: 09, Epoch: 19, Loss: 0.3071
Run: 09, Epoch: 20, Loss: 0.3054
Run: 09, Epoch: 20, Train: 92.94%, Valid: 91.71% Test: 79.43%
Run 09:
Highest Train: 92.94
Highest Valid: 91.71
  Final Train: 92.94
   Final Test: 79.43
Run: 10, Epoch: 01, Loss: 1.3203
Run: 10, Epoch: 02, Loss: 0.5095
Run: 10, Epoch: 03, Loss: 0.4286
Run: 10, Epoch: 04, Loss: 0.3986
Run: 10, Epoch: 05, Loss: 0.3806
Run: 10, Epoch: 06, Loss: 0.3649
Run: 10, Epoch: 07, Loss: 0.3503
Run: 10, Epoch: 08, Loss: 0.3472
Run: 10, Epoch: 09, Loss: 0.3399
Run: 10, Epoch: 10, Loss: 0.3345
Run: 10, Epoch: 10, Train: 92.32%, Valid: 91.27% Test: 78.59%
Run: 10, Epoch: 11, Loss: 0.3263
Run: 10, Epoch: 12, Loss: 0.3258
Run: 10, Epoch: 12, Train: 92.28%, Valid: 91.33% Test: 79.52%
Run: 10, Epoch: 13, Loss: 0.3221
Run: 10, Epoch: 14, Loss: 0.3182
Run: 10, Epoch: 14, Train: 92.51%, Valid: 91.38% Test: 79.21%
Run: 10, Epoch: 15, Loss: 0.3185
Run: 10, Epoch: 16, Loss: 0.3135
Run: 10, Epoch: 16, Train: 92.63%, Valid: 91.57% Test: 78.72%
Run: 10, Epoch: 17, Loss: 0.3123
Run: 10, Epoch: 18, Loss: 0.3133
Run: 10, Epoch: 18, Train: 92.77%, Valid: 91.59% Test: 79.44%
Run: 10, Epoch: 19, Loss: 0.3101
Run: 10, Epoch: 20, Loss: 0.3099
Run: 10, Epoch: 20, Train: 92.78%, Valid: 91.58% Test: 78.52%
Run 10:
Highest Train: 92.78
Highest Valid: 91.59
  Final Train: 92.77
   Final Test: 79.44
All runs:
Highest Train: 92.83 ± 0.07
Highest Valid: 91.62 ± 0.08
  Final Train: 92.80 ± 0.10
   Final Test: 79.12 ± 0.29
