Namespace(device=0, log_steps=1, inductive=False, num_layers=3, hidden_channels=256, dropout=0.5, batch_size=20000, walk_length=3, lr=0.01, num_steps=30, epochs=20, eval_steps=2, runs=10, rsv=0.15, al='mem', alpha=0.6)
tensor([147936, 100314,   1272,  ..., 182591, 166338, 182729]) 29492
tensor([222340, 232877, 217134,  ..., 227903, 207408, 216541]) 5898
Run: 01, Epoch: 01, Loss: 1.6389
Run: 01, Epoch: 02, Loss: 0.7638
Run: 01, Epoch: 03, Loss: 0.6590
Run: 01, Epoch: 04, Loss: 0.6090
Run: 01, Epoch: 05, Loss: 0.5891
Run: 01, Epoch: 06, Loss: 0.5582
Run: 01, Epoch: 07, Loss: 0.5379
Run: 01, Epoch: 08, Loss: 0.5314
Run: 01, Epoch: 09, Loss: 0.5215
Run: 01, Epoch: 10, Loss: 0.5136
Run: 01, Epoch: 10, Train: 87.25%, Valid: 89.67% Test: 77.52%
Run: 01, Epoch: 11, Loss: 0.5087
Run: 01, Epoch: 12, Loss: 0.4968
Run: 01, Epoch: 12, Train: 87.64%, Valid: 89.89% Test: 76.50%
Run: 01, Epoch: 13, Loss: 0.4947
Run: 01, Epoch: 14, Loss: 0.4903
Run: 01, Epoch: 14, Train: 87.96%, Valid: 90.03% Test: 77.29%
Run: 01, Epoch: 15, Loss: 0.4796
Run: 01, Epoch: 16, Loss: 0.4720
Run: 01, Epoch: 16, Train: 88.20%, Valid: 90.00% Test: 77.84%
Run: 01, Epoch: 17, Loss: 0.4707
Run: 01, Epoch: 18, Loss: 0.4667
Run: 01, Epoch: 18, Train: 88.66%, Valid: 90.20% Test: 76.26%
Run: 01, Epoch: 19, Loss: 0.4726
Run: 01, Epoch: 20, Loss: 0.4620
Run: 01, Epoch: 20, Train: 88.77%, Valid: 90.34% Test: 77.44%
Run 01:
Highest Train: 88.77
Highest Valid: 90.34
  Final Train: 88.77
   Final Test: 77.44
Run: 02, Epoch: 01, Loss: 1.7426
Run: 02, Epoch: 02, Loss: 0.7801
Run: 02, Epoch: 03, Loss: 0.6657
Run: 02, Epoch: 04, Loss: 0.6195
Run: 02, Epoch: 05, Loss: 0.5787
Run: 02, Epoch: 06, Loss: 0.5567
Run: 02, Epoch: 07, Loss: 0.5448
Run: 02, Epoch: 08, Loss: 0.5370
Run: 02, Epoch: 09, Loss: 0.5379
Run: 02, Epoch: 10, Loss: 0.5193
Run: 02, Epoch: 10, Train: 87.47%, Valid: 89.86% Test: 77.21%
Run: 02, Epoch: 11, Loss: 0.5132
Run: 02, Epoch: 12, Loss: 0.5102
Run: 02, Epoch: 12, Train: 87.55%, Valid: 89.83% Test: 77.20%
Run: 02, Epoch: 13, Loss: 0.4914
Run: 02, Epoch: 14, Loss: 0.4905
Run: 02, Epoch: 14, Train: 87.84%, Valid: 89.69% Test: 77.42%
Run: 02, Epoch: 15, Loss: 0.4935
Run: 02, Epoch: 16, Loss: 0.4933
Run: 02, Epoch: 16, Train: 88.01%, Valid: 89.74% Test: 77.18%
Run: 02, Epoch: 17, Loss: 0.4898
Run: 02, Epoch: 18, Loss: 0.4804
Run: 02, Epoch: 18, Train: 88.45%, Valid: 89.95% Test: 77.26%
Run: 02, Epoch: 19, Loss: 0.4677
Run: 02, Epoch: 20, Loss: 0.4654
Run: 02, Epoch: 20, Train: 88.78%, Valid: 90.17% Test: 77.72%
Run 02:
Highest Train: 88.78
Highest Valid: 90.17
  Final Train: 88.78
   Final Test: 77.72
Run: 03, Epoch: 01, Loss: 1.6875
Run: 03, Epoch: 02, Loss: 0.7697
Run: 03, Epoch: 03, Loss: 0.6694
Run: 03, Epoch: 04, Loss: 0.6200
Run: 03, Epoch: 05, Loss: 0.5817
Run: 03, Epoch: 06, Loss: 0.5692
Run: 03, Epoch: 07, Loss: 0.5497
Run: 03, Epoch: 08, Loss: 0.5319
Run: 03, Epoch: 09, Loss: 0.5269
Run: 03, Epoch: 10, Loss: 0.5158
Run: 03, Epoch: 10, Train: 87.18%, Valid: 89.79% Test: 77.39%
Run: 03, Epoch: 11, Loss: 0.5147
Run: 03, Epoch: 12, Loss: 0.5073
Run: 03, Epoch: 12, Train: 87.68%, Valid: 90.03% Test: 77.36%
Run: 03, Epoch: 13, Loss: 0.4962
Run: 03, Epoch: 14, Loss: 0.5059
Run: 03, Epoch: 14, Train: 87.66%, Valid: 90.05% Test: 77.18%
Run: 03, Epoch: 15, Loss: 0.4854
Run: 03, Epoch: 16, Loss: 0.4917
Run: 03, Epoch: 16, Train: 87.85%, Valid: 90.13% Test: 77.10%
Run: 03, Epoch: 17, Loss: 0.4858
Run: 03, Epoch: 18, Loss: 0.4781
Run: 03, Epoch: 18, Train: 88.60%, Valid: 90.03% Test: 77.63%
Run: 03, Epoch: 19, Loss: 0.4739
Run: 03, Epoch: 20, Loss: 0.4799
Run: 03, Epoch: 20, Train: 88.52%, Valid: 90.17% Test: 77.27%
Run 03:
Highest Train: 88.60
Highest Valid: 90.17
  Final Train: 88.52
   Final Test: 77.27
Run: 04, Epoch: 01, Loss: 1.5997
Run: 04, Epoch: 02, Loss: 0.7661
Run: 04, Epoch: 03, Loss: 0.6559
Run: 04, Epoch: 04, Loss: 0.6179
Run: 04, Epoch: 05, Loss: 0.5849
Run: 04, Epoch: 06, Loss: 0.5586
Run: 04, Epoch: 07, Loss: 0.5418
Run: 04, Epoch: 08, Loss: 0.5336
Run: 04, Epoch: 09, Loss: 0.5297
Run: 04, Epoch: 10, Loss: 0.5212
Run: 04, Epoch: 10, Train: 87.19%, Valid: 89.47% Test: 77.85%
Run: 04, Epoch: 11, Loss: 0.4995
Run: 04, Epoch: 12, Loss: 0.4954
Run: 04, Epoch: 12, Train: 87.38%, Valid: 89.96% Test: 77.61%
Run: 04, Epoch: 13, Loss: 0.4856
Run: 04, Epoch: 14, Loss: 0.4849
Run: 04, Epoch: 14, Train: 87.82%, Valid: 90.49% Test: 76.55%
Run: 04, Epoch: 15, Loss: 0.4856
Run: 04, Epoch: 16, Loss: 0.5053
Run: 04, Epoch: 16, Train: 87.67%, Valid: 89.64% Test: 76.18%
Run: 04, Epoch: 17, Loss: 0.5077
Run: 04, Epoch: 18, Loss: 0.4900
Run: 04, Epoch: 18, Train: 88.26%, Valid: 90.13% Test: 76.70%
Run: 04, Epoch: 19, Loss: 0.4776
Run: 04, Epoch: 20, Loss: 0.4737
Run: 04, Epoch: 20, Train: 88.58%, Valid: 90.25% Test: 77.53%
Run 04:
Highest Train: 88.58
Highest Valid: 90.49
  Final Train: 87.82
   Final Test: 76.55
Run: 05, Epoch: 01, Loss: 1.4999
Run: 05, Epoch: 02, Loss: 0.7436
Run: 05, Epoch: 03, Loss: 0.6454
Run: 05, Epoch: 04, Loss: 0.6047
Run: 05, Epoch: 05, Loss: 0.5756
Run: 05, Epoch: 06, Loss: 0.5539
Run: 05, Epoch: 07, Loss: 0.5420
Run: 05, Epoch: 08, Loss: 0.5206
Run: 05, Epoch: 09, Loss: 0.5208
Run: 05, Epoch: 10, Loss: 0.5134
Run: 05, Epoch: 10, Train: 87.32%, Valid: 89.83% Test: 76.76%
Run: 05, Epoch: 11, Loss: 0.5018
Run: 05, Epoch: 12, Loss: 0.4941
Run: 05, Epoch: 12, Train: 87.85%, Valid: 89.98% Test: 77.12%
Run: 05, Epoch: 13, Loss: 0.4909
Run: 05, Epoch: 14, Loss: 0.4776
Run: 05, Epoch: 14, Train: 87.73%, Valid: 89.61% Test: 77.17%
Run: 05, Epoch: 15, Loss: 0.4780
Run: 05, Epoch: 16, Loss: 0.4743
Run: 05, Epoch: 16, Train: 88.18%, Valid: 90.08% Test: 77.25%
Run: 05, Epoch: 17, Loss: 0.4653
Run: 05, Epoch: 18, Loss: 0.4675
Run: 05, Epoch: 18, Train: 88.87%, Valid: 89.96% Test: 77.10%
Run: 05, Epoch: 19, Loss: 0.4586
Run: 05, Epoch: 20, Loss: 0.4667
Run: 05, Epoch: 20, Train: 89.21%, Valid: 90.30% Test: 76.96%
Run 05:
Highest Train: 89.21
Highest Valid: 90.30
  Final Train: 89.21
   Final Test: 76.96
Run: 06, Epoch: 01, Loss: 1.5435
Run: 06, Epoch: 02, Loss: 0.7508
Run: 06, Epoch: 03, Loss: 0.6576
Run: 06, Epoch: 04, Loss: 0.5941
Run: 06, Epoch: 05, Loss: 0.5770
Run: 06, Epoch: 06, Loss: 0.5555
Run: 06, Epoch: 07, Loss: 0.5353
Run: 06, Epoch: 08, Loss: 0.5242
Run: 06, Epoch: 09, Loss: 0.5177
Run: 06, Epoch: 10, Loss: 0.5171
Run: 06, Epoch: 10, Train: 87.21%, Valid: 89.61% Test: 77.46%
Run: 06, Epoch: 11, Loss: 0.4971
Run: 06, Epoch: 12, Loss: 0.4930
Run: 06, Epoch: 12, Train: 87.87%, Valid: 89.83% Test: 76.45%
Run: 06, Epoch: 13, Loss: 0.4949
Run: 06, Epoch: 14, Loss: 0.4886
Run: 06, Epoch: 14, Train: 88.03%, Valid: 89.86% Test: 76.94%
Run: 06, Epoch: 15, Loss: 0.4823
Run: 06, Epoch: 16, Loss: 0.4752
Run: 06, Epoch: 16, Train: 88.49%, Valid: 90.49% Test: 76.98%
Run: 06, Epoch: 17, Loss: 0.4800
Run: 06, Epoch: 18, Loss: 0.4751
Run: 06, Epoch: 18, Train: 88.75%, Valid: 90.15% Test: 77.29%
Run: 06, Epoch: 19, Loss: 0.4728
Run: 06, Epoch: 20, Loss: 0.4747
Run: 06, Epoch: 20, Train: 88.86%, Valid: 90.27% Test: 78.11%
Run 06:
Highest Train: 88.86
Highest Valid: 90.49
  Final Train: 88.49
   Final Test: 76.98
Run: 07, Epoch: 01, Loss: 1.7038
Run: 07, Epoch: 02, Loss: 0.7837
Run: 07, Epoch: 03, Loss: 0.6807
Run: 07, Epoch: 04, Loss: 0.6251
Run: 07, Epoch: 05, Loss: 0.5828
Run: 07, Epoch: 06, Loss: 0.5619
Run: 07, Epoch: 07, Loss: 0.5473
Run: 07, Epoch: 08, Loss: 0.5355
Run: 07, Epoch: 09, Loss: 0.5243
Run: 07, Epoch: 10, Loss: 0.5342
Run: 07, Epoch: 10, Train: 87.13%, Valid: 90.10% Test: 76.74%
Run: 07, Epoch: 11, Loss: 0.5102
Run: 07, Epoch: 12, Loss: 0.4990
Run: 07, Epoch: 12, Train: 87.47%, Valid: 90.27% Test: 77.47%
Run: 07, Epoch: 13, Loss: 0.4913
Run: 07, Epoch: 14, Loss: 0.4853
Run: 07, Epoch: 14, Train: 87.86%, Valid: 90.05% Test: 77.29%
Run: 07, Epoch: 15, Loss: 0.4810
Run: 07, Epoch: 16, Loss: 0.4854
Run: 07, Epoch: 16, Train: 88.23%, Valid: 90.49% Test: 76.88%
Run: 07, Epoch: 17, Loss: 0.4849
Run: 07, Epoch: 18, Loss: 0.4827
Run: 07, Epoch: 18, Train: 88.27%, Valid: 90.13% Test: 77.51%
Run: 07, Epoch: 19, Loss: 0.4709
Run: 07, Epoch: 20, Loss: 0.4739
Run: 07, Epoch: 20, Train: 88.69%, Valid: 90.22% Test: 77.19%
Run 07:
Highest Train: 88.69
Highest Valid: 90.49
  Final Train: 88.23
   Final Test: 76.88
Run: 08, Epoch: 01, Loss: 1.4813
Run: 08, Epoch: 02, Loss: 0.7386
Run: 08, Epoch: 03, Loss: 0.6493
Run: 08, Epoch: 04, Loss: 0.5988
Run: 08, Epoch: 05, Loss: 0.5634
Run: 08, Epoch: 06, Loss: 0.5586
Run: 08, Epoch: 07, Loss: 0.5361
Run: 08, Epoch: 08, Loss: 0.5292
Run: 08, Epoch: 09, Loss: 0.5094
Run: 08, Epoch: 10, Loss: 0.5009
Run: 08, Epoch: 10, Train: 87.62%, Valid: 89.76% Test: 77.44%
Run: 08, Epoch: 11, Loss: 0.4995
Run: 08, Epoch: 12, Loss: 0.4966
Run: 08, Epoch: 12, Train: 87.91%, Valid: 90.00% Test: 77.26%
Run: 08, Epoch: 13, Loss: 0.4901
Run: 08, Epoch: 14, Loss: 0.4906
Run: 08, Epoch: 14, Train: 87.95%, Valid: 89.67% Test: 77.33%
Run: 08, Epoch: 15, Loss: 0.4818
Run: 08, Epoch: 16, Loss: 0.4728
Run: 08, Epoch: 16, Train: 88.51%, Valid: 90.08% Test: 76.92%
Run: 08, Epoch: 17, Loss: 0.4755
Run: 08, Epoch: 18, Loss: 0.4746
Run: 08, Epoch: 18, Train: 88.62%, Valid: 90.17% Test: 77.02%
Run: 08, Epoch: 19, Loss: 0.4718
Run: 08, Epoch: 20, Loss: 0.4547
Run: 08, Epoch: 20, Train: 88.82%, Valid: 90.22% Test: 77.50%
Run 08:
Highest Train: 88.82
Highest Valid: 90.22
  Final Train: 88.82
   Final Test: 77.50
Run: 09, Epoch: 01, Loss: 1.5344
Run: 09, Epoch: 02, Loss: 0.7249
Run: 09, Epoch: 03, Loss: 0.6408
Run: 09, Epoch: 04, Loss: 0.5923
Run: 09, Epoch: 05, Loss: 0.5675
Run: 09, Epoch: 06, Loss: 0.5414
Run: 09, Epoch: 07, Loss: 0.5372
Run: 09, Epoch: 08, Loss: 0.5320
Run: 09, Epoch: 09, Loss: 0.5147
Run: 09, Epoch: 10, Loss: 0.5069
Run: 09, Epoch: 10, Train: 87.38%, Valid: 89.93% Test: 76.22%
Run: 09, Epoch: 11, Loss: 0.4953
Run: 09, Epoch: 12, Loss: 0.4838
Run: 09, Epoch: 12, Train: 88.03%, Valid: 90.15% Test: 77.57%
Run: 09, Epoch: 13, Loss: 0.4893
Run: 09, Epoch: 14, Loss: 0.4913
Run: 09, Epoch: 14, Train: 88.29%, Valid: 89.66% Test: 76.55%
Run: 09, Epoch: 15, Loss: 0.4785
Run: 09, Epoch: 16, Loss: 0.4737
Run: 09, Epoch: 16, Train: 88.48%, Valid: 90.06% Test: 76.41%
Run: 09, Epoch: 17, Loss: 0.4625
Run: 09, Epoch: 18, Loss: 0.4695
Run: 09, Epoch: 18, Train: 88.66%, Valid: 89.81% Test: 76.45%
Run: 09, Epoch: 19, Loss: 0.4702
Run: 09, Epoch: 20, Loss: 0.4684
Run: 09, Epoch: 20, Train: 88.77%, Valid: 89.74% Test: 77.45%
Run 09:
Highest Train: 88.77
Highest Valid: 90.15
  Final Train: 88.03
   Final Test: 77.57
Run: 10, Epoch: 01, Loss: 1.5942
Run: 10, Epoch: 02, Loss: 0.7569
Run: 10, Epoch: 03, Loss: 0.6520
Run: 10, Epoch: 04, Loss: 0.6085
Run: 10, Epoch: 05, Loss: 0.5790
Run: 10, Epoch: 06, Loss: 0.5562
Run: 10, Epoch: 07, Loss: 0.5346
Run: 10, Epoch: 08, Loss: 0.5301
Run: 10, Epoch: 09, Loss: 0.5277
Run: 10, Epoch: 10, Loss: 0.5106
Run: 10, Epoch: 10, Train: 87.43%, Valid: 90.03% Test: 77.65%
Run: 10, Epoch: 11, Loss: 0.4998
Run: 10, Epoch: 12, Loss: 0.4904
Run: 10, Epoch: 12, Train: 87.61%, Valid: 89.91% Test: 77.20%
Run: 10, Epoch: 13, Loss: 0.4890
Run: 10, Epoch: 14, Loss: 0.4829
Run: 10, Epoch: 14, Train: 88.13%, Valid: 90.05% Test: 77.65%
Run: 10, Epoch: 15, Loss: 0.4889
Run: 10, Epoch: 16, Loss: 0.4832
Run: 10, Epoch: 16, Train: 88.28%, Valid: 89.91% Test: 77.41%
Run: 10, Epoch: 17, Loss: 0.4749
Run: 10, Epoch: 18, Loss: 0.4838
Run: 10, Epoch: 18, Train: 88.35%, Valid: 90.00% Test: 77.08%
Run: 10, Epoch: 19, Loss: 0.4760
Run: 10, Epoch: 20, Loss: 0.4775
Run: 10, Epoch: 20, Train: 88.94%, Valid: 90.15% Test: 77.30%
Run 10:
Highest Train: 88.94
Highest Valid: 90.15
  Final Train: 88.94
   Final Test: 77.30
All runs:
Highest Train: 88.80 ± 0.18
Highest Valid: 90.30 ± 0.15
  Final Train: 88.56 ± 0.43
   Final Test: 77.22 ± 0.37
