Namespace(device=0, log_steps=1, inductive=False, num_layers=3, hidden_channels=256, dropout=0.5, batch_size=20000, walk_length=3, lr=0.01, num_steps=30, epochs=20, eval_steps=2, runs=10, rsv=0.15, al='mem', alpha=0.8)
tensor([147936, 100314,   1272,  ..., 124615,  45560,  28952]) 29492
tensor([222340, 232877, 217134,  ..., 227903, 207408, 216541]) 5898
Run: 01, Epoch: 01, Loss: 1.3928
Run: 01, Epoch: 02, Loss: 0.6032
Run: 01, Epoch: 03, Loss: 0.5112
Run: 01, Epoch: 04, Loss: 0.4679
Run: 01, Epoch: 05, Loss: 0.4518
Run: 01, Epoch: 06, Loss: 0.4253
Run: 01, Epoch: 07, Loss: 0.4078
Run: 01, Epoch: 08, Loss: 0.4059
Run: 01, Epoch: 09, Loss: 0.3926
Run: 01, Epoch: 10, Loss: 0.3901
Run: 01, Epoch: 10, Train: 90.24%, Valid: 88.88% Test: 76.78%
Run: 01, Epoch: 11, Loss: 0.3847
Run: 01, Epoch: 12, Loss: 0.3782
Run: 01, Epoch: 12, Train: 90.91%, Valid: 89.44% Test: 76.96%
Run: 01, Epoch: 13, Loss: 0.3714
Run: 01, Epoch: 14, Loss: 0.3693
Run: 01, Epoch: 14, Train: 90.72%, Valid: 89.20% Test: 76.01%
Run: 01, Epoch: 15, Loss: 0.3675
Run: 01, Epoch: 16, Loss: 0.3585
Run: 01, Epoch: 16, Train: 91.48%, Valid: 89.81% Test: 77.38%
Run: 01, Epoch: 17, Loss: 0.3487
Run: 01, Epoch: 18, Loss: 0.3594
Run: 01, Epoch: 18, Train: 91.69%, Valid: 89.71% Test: 76.05%
Run: 01, Epoch: 19, Loss: 0.3630
Run: 01, Epoch: 20, Loss: 0.3496
Run: 01, Epoch: 20, Train: 91.82%, Valid: 89.76% Test: 76.57%
Run 01:
Highest Train: 91.82
Highest Valid: 89.81
  Final Train: 91.48
   Final Test: 77.38
Run: 02, Epoch: 01, Loss: 1.5066
Run: 02, Epoch: 02, Loss: 0.6210
Run: 02, Epoch: 03, Loss: 0.5195
Run: 02, Epoch: 04, Loss: 0.4694
Run: 02, Epoch: 05, Loss: 0.4466
Run: 02, Epoch: 06, Loss: 0.4196
Run: 02, Epoch: 07, Loss: 0.4077
Run: 02, Epoch: 08, Loss: 0.4070
Run: 02, Epoch: 09, Loss: 0.4042
Run: 02, Epoch: 10, Loss: 0.3853
Run: 02, Epoch: 10, Train: 90.29%, Valid: 89.15% Test: 76.96%
Run: 02, Epoch: 11, Loss: 0.3836
Run: 02, Epoch: 12, Loss: 0.3813
Run: 02, Epoch: 12, Train: 90.94%, Valid: 89.42% Test: 76.87%
Run: 02, Epoch: 13, Loss: 0.3593
Run: 02, Epoch: 14, Loss: 0.3622
Run: 02, Epoch: 14, Train: 91.01%, Valid: 89.79% Test: 76.15%
Run: 02, Epoch: 15, Loss: 0.3619
Run: 02, Epoch: 16, Loss: 0.3637
Run: 02, Epoch: 16, Train: 91.08%, Valid: 89.28% Test: 76.78%
Run: 02, Epoch: 17, Loss: 0.3633
Run: 02, Epoch: 18, Loss: 0.3556
Run: 02, Epoch: 18, Train: 91.36%, Valid: 90.01% Test: 77.24%
Run: 02, Epoch: 19, Loss: 0.3442
Run: 02, Epoch: 20, Loss: 0.3554
Run: 02, Epoch: 20, Train: 91.61%, Valid: 89.67% Test: 77.11%
Run 02:
Highest Train: 91.61
Highest Valid: 90.01
  Final Train: 91.36
   Final Test: 77.24
Run: 03, Epoch: 01, Loss: 1.4696
Run: 03, Epoch: 02, Loss: 0.6173
Run: 03, Epoch: 03, Loss: 0.5211
Run: 03, Epoch: 04, Loss: 0.4763
Run: 03, Epoch: 05, Loss: 0.4405
Run: 03, Epoch: 06, Loss: 0.4309
Run: 03, Epoch: 07, Loss: 0.4185
Run: 03, Epoch: 08, Loss: 0.4082
Run: 03, Epoch: 09, Loss: 0.4048
Run: 03, Epoch: 10, Loss: 0.3920
Run: 03, Epoch: 10, Train: 90.26%, Valid: 89.39% Test: 76.71%
Run: 03, Epoch: 11, Loss: 0.3887
Run: 03, Epoch: 12, Loss: 0.3807
Run: 03, Epoch: 12, Train: 90.61%, Valid: 89.35% Test: 76.72%
Run: 03, Epoch: 13, Loss: 0.3767
Run: 03, Epoch: 14, Loss: 0.3757
Run: 03, Epoch: 14, Train: 90.59%, Valid: 89.52% Test: 76.40%
Run: 03, Epoch: 15, Loss: 0.3704
Run: 03, Epoch: 16, Loss: 0.3683
Run: 03, Epoch: 16, Train: 90.82%, Valid: 89.78% Test: 77.28%
Run: 03, Epoch: 17, Loss: 0.3652
Run: 03, Epoch: 18, Loss: 0.3628
Run: 03, Epoch: 18, Train: 91.42%, Valid: 89.71% Test: 76.86%
Run: 03, Epoch: 19, Loss: 0.3595
Run: 03, Epoch: 20, Loss: 0.3536
Run: 03, Epoch: 20, Train: 91.36%, Valid: 89.69% Test: 76.55%
Run 03:
Highest Train: 91.42
Highest Valid: 89.78
  Final Train: 90.82
   Final Test: 77.28
Run: 04, Epoch: 01, Loss: 1.3719
Run: 04, Epoch: 02, Loss: 0.6015
Run: 04, Epoch: 03, Loss: 0.5158
Run: 04, Epoch: 04, Loss: 0.4760
Run: 04, Epoch: 05, Loss: 0.4476
Run: 04, Epoch: 06, Loss: 0.4239
Run: 04, Epoch: 07, Loss: 0.4084
Run: 04, Epoch: 08, Loss: 0.4068
Run: 04, Epoch: 09, Loss: 0.3990
Run: 04, Epoch: 10, Loss: 0.3889
Run: 04, Epoch: 10, Train: 90.26%, Valid: 89.27% Test: 76.00%
Run: 04, Epoch: 11, Loss: 0.3769
Run: 04, Epoch: 12, Loss: 0.3710
Run: 04, Epoch: 12, Train: 90.87%, Valid: 89.27% Test: 76.69%
Run: 04, Epoch: 13, Loss: 0.3665
Run: 04, Epoch: 14, Loss: 0.3620
Run: 04, Epoch: 14, Train: 91.00%, Valid: 89.79% Test: 75.63%
Run: 04, Epoch: 15, Loss: 0.3633
Run: 04, Epoch: 16, Loss: 0.3688
Run: 04, Epoch: 16, Train: 91.27%, Valid: 89.30% Test: 76.27%
Run: 04, Epoch: 17, Loss: 0.3692
Run: 04, Epoch: 18, Loss: 0.3619
Run: 04, Epoch: 18, Train: 91.22%, Valid: 89.56% Test: 76.62%
Run: 04, Epoch: 19, Loss: 0.3524
Run: 04, Epoch: 20, Loss: 0.3531
Run: 04, Epoch: 20, Train: 91.89%, Valid: 89.81% Test: 77.42%
Run 04:
Highest Train: 91.89
Highest Valid: 89.81
  Final Train: 91.89
   Final Test: 77.42
Run: 05, Epoch: 01, Loss: 1.3221
Run: 05, Epoch: 02, Loss: 0.5930
Run: 05, Epoch: 03, Loss: 0.5050
Run: 05, Epoch: 04, Loss: 0.4711
Run: 05, Epoch: 05, Loss: 0.4453
Run: 05, Epoch: 06, Loss: 0.4272
Run: 05, Epoch: 07, Loss: 0.4140
Run: 05, Epoch: 08, Loss: 0.3964
Run: 05, Epoch: 09, Loss: 0.3886
Run: 05, Epoch: 10, Loss: 0.3886
Run: 05, Epoch: 10, Train: 90.49%, Valid: 89.69% Test: 76.88%
Run: 05, Epoch: 11, Loss: 0.3785
Run: 05, Epoch: 12, Loss: 0.3755
Run: 05, Epoch: 12, Train: 91.03%, Valid: 89.66% Test: 76.86%
Run: 05, Epoch: 13, Loss: 0.3726
Run: 05, Epoch: 14, Loss: 0.3662
Run: 05, Epoch: 14, Train: 90.97%, Valid: 89.59% Test: 76.78%
Run: 05, Epoch: 15, Loss: 0.3643
Run: 05, Epoch: 16, Loss: 0.3591
Run: 05, Epoch: 16, Train: 91.46%, Valid: 90.00% Test: 77.02%
Run: 05, Epoch: 17, Loss: 0.3534
Run: 05, Epoch: 18, Loss: 0.3568
Run: 05, Epoch: 18, Train: 91.57%, Valid: 89.76% Test: 76.73%
Run: 05, Epoch: 19, Loss: 0.3523
Run: 05, Epoch: 20, Loss: 0.3604
Run: 05, Epoch: 20, Train: 91.86%, Valid: 89.66% Test: 76.69%
Run 05:
Highest Train: 91.86
Highest Valid: 90.00
  Final Train: 91.46
   Final Test: 77.02
Run: 06, Epoch: 01, Loss: 1.4109
Run: 06, Epoch: 02, Loss: 0.6046
Run: 06, Epoch: 03, Loss: 0.5209
Run: 06, Epoch: 04, Loss: 0.4619
Run: 06, Epoch: 05, Loss: 0.4401
Run: 06, Epoch: 06, Loss: 0.4250
Run: 06, Epoch: 07, Loss: 0.4123
Run: 06, Epoch: 08, Loss: 0.4012
Run: 06, Epoch: 09, Loss: 0.3956
Run: 06, Epoch: 10, Loss: 0.3879
Run: 06, Epoch: 10, Train: 90.30%, Valid: 89.18% Test: 76.61%
Run: 06, Epoch: 11, Loss: 0.3801
Run: 06, Epoch: 12, Loss: 0.3767
Run: 06, Epoch: 12, Train: 90.58%, Valid: 89.64% Test: 76.60%
Run: 06, Epoch: 13, Loss: 0.3654
Run: 06, Epoch: 14, Loss: 0.3690
Run: 06, Epoch: 14, Train: 90.88%, Valid: 89.32% Test: 76.88%
Run: 06, Epoch: 15, Loss: 0.3608
Run: 06, Epoch: 16, Loss: 0.3543
Run: 06, Epoch: 16, Train: 91.13%, Valid: 89.59% Test: 76.62%
Run: 06, Epoch: 17, Loss: 0.3637
Run: 06, Epoch: 18, Loss: 0.3592
Run: 06, Epoch: 18, Train: 91.38%, Valid: 89.45% Test: 76.77%
Run: 06, Epoch: 19, Loss: 0.3532
Run: 06, Epoch: 20, Loss: 0.3477
Run: 06, Epoch: 20, Train: 91.81%, Valid: 89.57% Test: 77.78%
Run 06:
Highest Train: 91.81
Highest Valid: 89.64
  Final Train: 90.58
   Final Test: 76.60
Run: 07, Epoch: 01, Loss: 1.4492
Run: 07, Epoch: 02, Loss: 0.6090
Run: 07, Epoch: 03, Loss: 0.5224
Run: 07, Epoch: 04, Loss: 0.4721
Run: 07, Epoch: 05, Loss: 0.4464
Run: 07, Epoch: 06, Loss: 0.4351
Run: 07, Epoch: 07, Loss: 0.4164
Run: 07, Epoch: 08, Loss: 0.4086
Run: 07, Epoch: 09, Loss: 0.3955
Run: 07, Epoch: 10, Loss: 0.4015
Run: 07, Epoch: 10, Train: 90.44%, Valid: 89.44% Test: 76.07%
Run: 07, Epoch: 11, Loss: 0.3814
Run: 07, Epoch: 12, Loss: 0.3713
Run: 07, Epoch: 12, Train: 90.83%, Valid: 89.78% Test: 77.29%
Run: 07, Epoch: 13, Loss: 0.3665
Run: 07, Epoch: 14, Loss: 0.3662
Run: 07, Epoch: 14, Train: 91.15%, Valid: 89.56% Test: 76.77%
Run: 07, Epoch: 15, Loss: 0.3587
Run: 07, Epoch: 16, Loss: 0.3639
Run: 07, Epoch: 16, Train: 91.28%, Valid: 89.62% Test: 76.47%
Run: 07, Epoch: 17, Loss: 0.3607
Run: 07, Epoch: 18, Loss: 0.3565
Run: 07, Epoch: 18, Train: 91.70%, Valid: 89.84% Test: 76.57%
Run: 07, Epoch: 19, Loss: 0.3461
Run: 07, Epoch: 20, Loss: 0.3507
Run: 07, Epoch: 20, Train: 91.92%, Valid: 89.88% Test: 77.13%
Run 07:
Highest Train: 91.92
Highest Valid: 89.88
  Final Train: 91.92
   Final Test: 77.13
Run: 08, Epoch: 01, Loss: 1.3318
Run: 08, Epoch: 02, Loss: 0.5993
Run: 08, Epoch: 03, Loss: 0.5086
Run: 08, Epoch: 04, Loss: 0.4632
Run: 08, Epoch: 05, Loss: 0.4349
Run: 08, Epoch: 06, Loss: 0.4294
Run: 08, Epoch: 07, Loss: 0.4119
Run: 08, Epoch: 08, Loss: 0.4031
Run: 08, Epoch: 09, Loss: 0.3868
Run: 08, Epoch: 10, Loss: 0.3746
Run: 08, Epoch: 10, Train: 90.41%, Valid: 89.59% Test: 77.67%
Run: 08, Epoch: 11, Loss: 0.3804
Run: 08, Epoch: 12, Loss: 0.3775
Run: 08, Epoch: 12, Train: 90.52%, Valid: 89.34% Test: 76.57%
Run: 08, Epoch: 13, Loss: 0.3677
Run: 08, Epoch: 14, Loss: 0.3694
Run: 08, Epoch: 14, Train: 90.88%, Valid: 89.79% Test: 77.27%
Run: 08, Epoch: 15, Loss: 0.3618
Run: 08, Epoch: 16, Loss: 0.3637
Run: 08, Epoch: 16, Train: 91.46%, Valid: 89.89% Test: 76.84%
Run: 08, Epoch: 17, Loss: 0.3629
Run: 08, Epoch: 18, Loss: 0.3591
Run: 08, Epoch: 18, Train: 91.54%, Valid: 89.79% Test: 76.69%
Run: 08, Epoch: 19, Loss: 0.3556
Run: 08, Epoch: 20, Loss: 0.3525
Run: 08, Epoch: 20, Train: 91.53%, Valid: 89.61% Test: 77.24%
Run 08:
Highest Train: 91.54
Highest Valid: 89.89
  Final Train: 91.46
   Final Test: 76.84
Run: 09, Epoch: 01, Loss: 1.3770
Run: 09, Epoch: 02, Loss: 0.5880
Run: 09, Epoch: 03, Loss: 0.5066
Run: 09, Epoch: 04, Loss: 0.4682
Run: 09, Epoch: 05, Loss: 0.4453
Run: 09, Epoch: 06, Loss: 0.4234
Run: 09, Epoch: 07, Loss: 0.4102
Run: 09, Epoch: 08, Loss: 0.4137
Run: 09, Epoch: 09, Loss: 0.3987
Run: 09, Epoch: 10, Loss: 0.3880
Run: 09, Epoch: 10, Train: 90.41%, Valid: 89.28% Test: 76.05%
Run: 09, Epoch: 11, Loss: 0.3729
Run: 09, Epoch: 12, Loss: 0.3777
Run: 09, Epoch: 12, Train: 90.56%, Valid: 89.67% Test: 76.90%
Run: 09, Epoch: 13, Loss: 0.3788
Run: 09, Epoch: 14, Loss: 0.3828
Run: 09, Epoch: 14, Train: 90.74%, Valid: 89.49% Test: 75.87%
Run: 09, Epoch: 15, Loss: 0.3681
Run: 09, Epoch: 16, Loss: 0.3645
Run: 09, Epoch: 16, Train: 91.03%, Valid: 89.71% Test: 76.51%
Run: 09, Epoch: 17, Loss: 0.3616
Run: 09, Epoch: 18, Loss: 0.3630
Run: 09, Epoch: 18, Train: 90.93%, Valid: 89.28% Test: 76.05%
Run: 09, Epoch: 19, Loss: 0.3618
Run: 09, Epoch: 20, Loss: 0.3543
Run: 09, Epoch: 20, Train: 91.40%, Valid: 89.22% Test: 77.18%
Run 09:
Highest Train: 91.40
Highest Valid: 89.71
  Final Train: 91.03
   Final Test: 76.51
Run: 10, Epoch: 01, Loss: 1.3870
Run: 10, Epoch: 02, Loss: 0.6029
Run: 10, Epoch: 03, Loss: 0.5059
Run: 10, Epoch: 04, Loss: 0.4645
Run: 10, Epoch: 05, Loss: 0.4417
Run: 10, Epoch: 06, Loss: 0.4216
Run: 10, Epoch: 07, Loss: 0.4015
Run: 10, Epoch: 08, Loss: 0.4038
Run: 10, Epoch: 09, Loss: 0.3958
Run: 10, Epoch: 10, Loss: 0.3784
Run: 10, Epoch: 10, Train: 90.49%, Valid: 89.18% Test: 76.75%
Run: 10, Epoch: 11, Loss: 0.3784
Run: 10, Epoch: 12, Loss: 0.3699
Run: 10, Epoch: 12, Train: 90.74%, Valid: 89.34% Test: 76.17%
Run: 10, Epoch: 13, Loss: 0.3667
Run: 10, Epoch: 14, Loss: 0.3638
Run: 10, Epoch: 14, Train: 90.95%, Valid: 89.62% Test: 77.16%
Run: 10, Epoch: 15, Loss: 0.3666
Run: 10, Epoch: 16, Loss: 0.3663
Run: 10, Epoch: 16, Train: 91.15%, Valid: 89.50% Test: 77.16%
Run: 10, Epoch: 17, Loss: 0.3620
Run: 10, Epoch: 18, Loss: 0.3626
Run: 10, Epoch: 18, Train: 91.31%, Valid: 89.52% Test: 76.57%
Run: 10, Epoch: 19, Loss: 0.3620
Run: 10, Epoch: 20, Loss: 0.3531
Run: 10, Epoch: 20, Train: 91.62%, Valid: 89.64% Test: 76.12%
Run 10:
Highest Train: 91.62
Highest Valid: 89.64
  Final Train: 91.62
   Final Test: 76.12
All runs:
Highest Train: 91.69 ± 0.19
Highest Valid: 89.82 ± 0.13
  Final Train: 91.36 ± 0.43
   Final Test: 76.95 ± 0.43
