Namespace(device=0, log_steps=1, inductive=False, num_layers=3, hidden_channels=256, dropout=0.5, batch_size=20000, walk_length=3, lr=0.01, num_steps=30, epochs=20, eval_steps=2, runs=10, rsv=0.15, al='mem', alpha=0.2)
tensor([147936, 100314,   1272,  ...,  43502,  66502, 133110]) 29493
tensor([222340, 232877, 217134,  ..., 227903, 207408, 216541]) 5898
Run: 01, Epoch: 01, Loss: 2.1538
Run: 01, Epoch: 02, Loss: 1.4062
Run: 01, Epoch: 03, Loss: 1.2583
Run: 01, Epoch: 04, Loss: 1.1889
Run: 01, Epoch: 05, Loss: 1.1392
Run: 01, Epoch: 06, Loss: 1.1051
Run: 01, Epoch: 07, Loss: 1.0760
Run: 01, Epoch: 08, Loss: 1.0584
Run: 01, Epoch: 09, Loss: 1.0415
Run: 01, Epoch: 10, Loss: 1.0319
Run: 01, Epoch: 10, Train: 70.73%, Valid: 82.89% Test: 70.57%
Run: 01, Epoch: 11, Loss: 1.0244
Run: 01, Epoch: 12, Loss: 1.0095
Run: 01, Epoch: 12, Train: 71.00%, Valid: 77.72% Test: 66.97%
Run: 01, Epoch: 13, Loss: 1.0090
Run: 01, Epoch: 14, Loss: 0.9993
Run: 01, Epoch: 14, Train: 71.69%, Valid: 81.28% Test: 68.93%
Run: 01, Epoch: 15, Loss: 0.9833
Run: 01, Epoch: 16, Loss: 0.9774
Run: 01, Epoch: 16, Train: 72.65%, Valid: 82.62% Test: 69.99%
Run: 01, Epoch: 17, Loss: 0.9763
Run: 01, Epoch: 18, Loss: 0.9710
Run: 01, Epoch: 18, Train: 73.17%, Valid: 81.13% Test: 69.01%
Run: 01, Epoch: 19, Loss: 0.9721
Run: 01, Epoch: 20, Loss: 0.9635
Run: 01, Epoch: 20, Train: 73.62%, Valid: 79.01% Test: 66.55%
Run 01:
Highest Train: 73.62
Highest Valid: 82.89
  Final Train: 70.73
   Final Test: 70.57
Run: 02, Epoch: 01, Loss: 2.1804
Run: 02, Epoch: 02, Loss: 1.4085
Run: 02, Epoch: 03, Loss: 1.2582
Run: 02, Epoch: 04, Loss: 1.1948
Run: 02, Epoch: 05, Loss: 1.1385
Run: 02, Epoch: 06, Loss: 1.1018
Run: 02, Epoch: 07, Loss: 1.0925
Run: 02, Epoch: 08, Loss: 1.0654
Run: 02, Epoch: 09, Loss: 1.0595
Run: 02, Epoch: 10, Loss: 1.0508
Run: 02, Epoch: 10, Train: 70.01%, Valid: 83.59% Test: 71.43%
Run: 02, Epoch: 11, Loss: 1.0264
Run: 02, Epoch: 12, Loss: 1.0395
Run: 02, Epoch: 12, Train: 71.25%, Valid: 84.88% Test: 71.11%
Run: 02, Epoch: 13, Loss: 1.0173
Run: 02, Epoch: 14, Loss: 1.0198
Run: 02, Epoch: 14, Train: 71.97%, Valid: 86.30% Test: 73.37%
Run: 02, Epoch: 15, Loss: 1.0025
Run: 02, Epoch: 16, Loss: 0.9940
Run: 02, Epoch: 16, Train: 72.20%, Valid: 80.65% Test: 68.26%
Run: 02, Epoch: 17, Loss: 0.9819
Run: 02, Epoch: 18, Loss: 0.9838
Run: 02, Epoch: 18, Train: 73.28%, Valid: 82.88% Test: 70.38%
Run: 02, Epoch: 19, Loss: 0.9776
Run: 02, Epoch: 20, Loss: 0.9780
Run: 02, Epoch: 20, Train: 72.35%, Valid: 83.52% Test: 70.59%
Run 02:
Highest Train: 73.28
Highest Valid: 86.30
  Final Train: 71.97
   Final Test: 73.37
Run: 03, Epoch: 01, Loss: 2.1326
Run: 03, Epoch: 02, Loss: 1.3884
Run: 03, Epoch: 03, Loss: 1.2464
Run: 03, Epoch: 04, Loss: 1.1826
Run: 03, Epoch: 05, Loss: 1.1323
Run: 03, Epoch: 06, Loss: 1.1086
Run: 03, Epoch: 07, Loss: 1.0845
Run: 03, Epoch: 08, Loss: 1.0655
Run: 03, Epoch: 09, Loss: 1.0506
Run: 03, Epoch: 10, Loss: 1.0270
Run: 03, Epoch: 10, Train: 69.96%, Valid: 80.76% Test: 68.06%
Run: 03, Epoch: 11, Loss: 1.0321
Run: 03, Epoch: 12, Loss: 1.0122
Run: 03, Epoch: 12, Train: 71.93%, Valid: 84.83% Test: 71.18%
Run: 03, Epoch: 13, Loss: 1.0077
Run: 03, Epoch: 14, Loss: 1.0047
Run: 03, Epoch: 14, Train: 71.91%, Valid: 81.10% Test: 68.02%
Run: 03, Epoch: 15, Loss: 0.9954
Run: 03, Epoch: 16, Loss: 0.9909
Run: 03, Epoch: 16, Train: 72.83%, Valid: 84.74% Test: 71.09%
Run: 03, Epoch: 17, Loss: 0.9783
Run: 03, Epoch: 18, Loss: 0.9724
Run: 03, Epoch: 18, Train: 73.14%, Valid: 80.65% Test: 68.72%
Run: 03, Epoch: 19, Loss: 0.9702
Run: 03, Epoch: 20, Loss: 0.9681
Run: 03, Epoch: 20, Train: 73.80%, Valid: 84.10% Test: 70.54%
Run 03:
Highest Train: 73.80
Highest Valid: 84.83
  Final Train: 71.93
   Final Test: 71.18
Run: 04, Epoch: 01, Loss: 2.1765
Run: 04, Epoch: 02, Loss: 1.4066
Run: 04, Epoch: 03, Loss: 1.2480
Run: 04, Epoch: 04, Loss: 1.1788
Run: 04, Epoch: 05, Loss: 1.1299
Run: 04, Epoch: 06, Loss: 1.1149
Run: 04, Epoch: 07, Loss: 1.0908
Run: 04, Epoch: 08, Loss: 1.0681
Run: 04, Epoch: 09, Loss: 1.0517
Run: 04, Epoch: 10, Loss: 1.0318
Run: 04, Epoch: 10, Train: 70.95%, Valid: 82.18% Test: 69.70%
Run: 04, Epoch: 11, Loss: 1.0182
Run: 04, Epoch: 12, Loss: 1.0278
Run: 04, Epoch: 12, Train: 70.82%, Valid: 83.72% Test: 70.58%
Run: 04, Epoch: 13, Loss: 1.0212
Run: 04, Epoch: 14, Loss: 0.9928
Run: 04, Epoch: 14, Train: 71.86%, Valid: 84.74% Test: 69.95%
Run: 04, Epoch: 15, Loss: 0.9962
Run: 04, Epoch: 16, Loss: 0.9887
Run: 04, Epoch: 16, Train: 73.00%, Valid: 84.15% Test: 71.28%
Run: 04, Epoch: 17, Loss: 0.9828
Run: 04, Epoch: 18, Loss: 0.9745
Run: 04, Epoch: 18, Train: 73.21%, Valid: 80.20% Test: 67.60%
Run: 04, Epoch: 19, Loss: 0.9741
Run: 04, Epoch: 20, Loss: 0.9678
Run: 04, Epoch: 20, Train: 73.43%, Valid: 79.82% Test: 67.56%
Run 04:
Highest Train: 73.43
Highest Valid: 84.74
  Final Train: 71.86
   Final Test: 69.95
Run: 05, Epoch: 01, Loss: 2.0683
Run: 05, Epoch: 02, Loss: 1.3877
Run: 05, Epoch: 03, Loss: 1.2399
Run: 05, Epoch: 04, Loss: 1.1746
Run: 05, Epoch: 05, Loss: 1.1355
Run: 05, Epoch: 06, Loss: 1.1022
Run: 05, Epoch: 07, Loss: 1.0867
Run: 05, Epoch: 08, Loss: 1.0611
Run: 05, Epoch: 09, Loss: 1.0518
Run: 05, Epoch: 10, Loss: 1.0374
Run: 05, Epoch: 10, Train: 70.24%, Valid: 81.33% Test: 68.74%
Run: 05, Epoch: 11, Loss: 1.0277
Run: 05, Epoch: 12, Loss: 1.0170
Run: 05, Epoch: 12, Train: 70.81%, Valid: 83.55% Test: 70.49%
Run: 05, Epoch: 13, Loss: 1.0090
Run: 05, Epoch: 14, Loss: 0.9950
Run: 05, Epoch: 14, Train: 71.89%, Valid: 84.33% Test: 70.64%
Run: 05, Epoch: 15, Loss: 0.9845
Run: 05, Epoch: 16, Loss: 0.9750
Run: 05, Epoch: 16, Train: 72.69%, Valid: 82.74% Test: 69.78%
Run: 05, Epoch: 17, Loss: 0.9781
Run: 05, Epoch: 18, Loss: 0.9644
Run: 05, Epoch: 18, Train: 73.44%, Valid: 83.35% Test: 69.85%
Run: 05, Epoch: 19, Loss: 0.9670
Run: 05, Epoch: 20, Loss: 0.9752
Run: 05, Epoch: 20, Train: 74.39%, Valid: 82.28% Test: 69.77%
Run 05:
Highest Train: 74.39
Highest Valid: 84.33
  Final Train: 71.89
   Final Test: 70.64
Run: 06, Epoch: 01, Loss: 2.1042
Run: 06, Epoch: 02, Loss: 1.3837
Run: 06, Epoch: 03, Loss: 1.2508
Run: 06, Epoch: 04, Loss: 1.1750
Run: 06, Epoch: 05, Loss: 1.1338
Run: 06, Epoch: 06, Loss: 1.1081
Run: 06, Epoch: 07, Loss: 1.0797
Run: 06, Epoch: 08, Loss: 1.0679
Run: 06, Epoch: 09, Loss: 1.0496
Run: 06, Epoch: 10, Loss: 1.0429
Run: 06, Epoch: 10, Train: 70.64%, Valid: 82.32% Test: 69.80%
Run: 06, Epoch: 11, Loss: 1.0272
Run: 06, Epoch: 12, Loss: 1.0087
Run: 06, Epoch: 12, Train: 71.64%, Valid: 80.30% Test: 67.70%
Run: 06, Epoch: 13, Loss: 0.9999
Run: 06, Epoch: 14, Loss: 0.9953
Run: 06, Epoch: 14, Train: 71.39%, Valid: 81.23% Test: 67.90%
Run: 06, Epoch: 15, Loss: 0.9952
Run: 06, Epoch: 16, Loss: 0.9954
Run: 06, Epoch: 16, Train: 73.30%, Valid: 86.49% Test: 72.40%
Run: 06, Epoch: 17, Loss: 0.9822
Run: 06, Epoch: 18, Loss: 0.9767
Run: 06, Epoch: 18, Train: 73.32%, Valid: 83.94% Test: 70.87%
Run: 06, Epoch: 19, Loss: 0.9751
Run: 06, Epoch: 20, Loss: 0.9756
Run: 06, Epoch: 20, Train: 73.79%, Valid: 81.40% Test: 69.53%
Run 06:
Highest Train: 73.79
Highest Valid: 86.49
  Final Train: 73.30
   Final Test: 72.40
Run: 07, Epoch: 01, Loss: 2.0457
Run: 07, Epoch: 02, Loss: 1.3779
Run: 07, Epoch: 03, Loss: 1.2443
Run: 07, Epoch: 04, Loss: 1.1687
Run: 07, Epoch: 05, Loss: 1.1247
Run: 07, Epoch: 06, Loss: 1.0977
Run: 07, Epoch: 07, Loss: 1.0751
Run: 07, Epoch: 08, Loss: 1.0619
Run: 07, Epoch: 09, Loss: 1.0525
Run: 07, Epoch: 10, Loss: 1.0399
Run: 07, Epoch: 10, Train: 70.72%, Valid: 84.30% Test: 71.07%
Run: 07, Epoch: 11, Loss: 1.0153
Run: 07, Epoch: 12, Loss: 1.0019
Run: 07, Epoch: 12, Train: 72.12%, Valid: 84.15% Test: 71.15%
Run: 07, Epoch: 13, Loss: 0.9923
Run: 07, Epoch: 14, Loss: 0.9877
Run: 07, Epoch: 14, Train: 72.95%, Valid: 82.18% Test: 69.54%
Run: 07, Epoch: 15, Loss: 0.9850
Run: 07, Epoch: 16, Loss: 0.9891
Run: 07, Epoch: 16, Train: 73.00%, Valid: 84.45% Test: 70.72%
Run: 07, Epoch: 17, Loss: 0.9694
Run: 07, Epoch: 18, Loss: 0.9619
Run: 07, Epoch: 18, Train: 74.35%, Valid: 85.59% Test: 72.07%
Run: 07, Epoch: 19, Loss: 0.9678
Run: 07, Epoch: 20, Loss: 0.9513
Run: 07, Epoch: 20, Train: 74.32%, Valid: 86.11% Test: 72.69%
Run 07:
Highest Train: 74.35
Highest Valid: 86.11
  Final Train: 74.32
   Final Test: 72.69
Run: 08, Epoch: 01, Loss: 2.0833
Run: 08, Epoch: 02, Loss: 1.3963
Run: 08, Epoch: 03, Loss: 1.2501
Run: 08, Epoch: 04, Loss: 1.1781
Run: 08, Epoch: 05, Loss: 1.1289
Run: 08, Epoch: 06, Loss: 1.1119
Run: 08, Epoch: 07, Loss: 1.0737
Run: 08, Epoch: 08, Loss: 1.0634
Run: 08, Epoch: 09, Loss: 1.0519
Run: 08, Epoch: 10, Loss: 1.0438
Run: 08, Epoch: 10, Train: 70.75%, Valid: 83.01% Test: 70.74%
Run: 08, Epoch: 11, Loss: 1.0275
Run: 08, Epoch: 12, Loss: 1.0081
Run: 08, Epoch: 12, Train: 70.98%, Valid: 81.40% Test: 69.36%
Run: 08, Epoch: 13, Loss: 0.9980
Run: 08, Epoch: 14, Loss: 0.9827
Run: 08, Epoch: 14, Train: 71.88%, Valid: 81.33% Test: 69.59%
Run: 08, Epoch: 15, Loss: 0.9852
Run: 08, Epoch: 16, Loss: 0.9874
Run: 08, Epoch: 16, Train: 73.15%, Valid: 82.91% Test: 70.10%
Run: 08, Epoch: 17, Loss: 0.9722
Run: 08, Epoch: 18, Loss: 0.9857
Run: 08, Epoch: 18, Train: 73.05%, Valid: 82.37% Test: 70.00%
Run: 08, Epoch: 19, Loss: 0.9607
Run: 08, Epoch: 20, Loss: 0.9565
Run: 08, Epoch: 20, Train: 73.83%, Valid: 82.18% Test: 69.27%
Run 08:
Highest Train: 73.83
Highest Valid: 83.01
  Final Train: 70.75
   Final Test: 70.74
Run: 09, Epoch: 01, Loss: 2.1295
Run: 09, Epoch: 02, Loss: 1.3800
Run: 09, Epoch: 03, Loss: 1.2397
Run: 09, Epoch: 04, Loss: 1.1680
Run: 09, Epoch: 05, Loss: 1.1328
Run: 09, Epoch: 06, Loss: 1.0968
Run: 09, Epoch: 07, Loss: 1.0681
Run: 09, Epoch: 08, Loss: 1.0612
Run: 09, Epoch: 09, Loss: 1.0503
Run: 09, Epoch: 10, Loss: 1.0224
Run: 09, Epoch: 10, Train: 70.58%, Valid: 80.55% Test: 68.01%
Run: 09, Epoch: 11, Loss: 1.0171
Run: 09, Epoch: 12, Loss: 1.0044
Run: 09, Epoch: 12, Train: 71.76%, Valid: 82.33% Test: 69.69%
Run: 09, Epoch: 13, Loss: 1.0117
Run: 09, Epoch: 14, Loss: 1.0003
Run: 09, Epoch: 14, Train: 72.35%, Valid: 83.54% Test: 69.43%
Run: 09, Epoch: 15, Loss: 0.9908
Run: 09, Epoch: 16, Loss: 0.9920
Run: 09, Epoch: 16, Train: 73.10%, Valid: 83.10% Test: 71.14%
Run: 09, Epoch: 17, Loss: 0.9718
Run: 09, Epoch: 18, Loss: 0.9664
Run: 09, Epoch: 18, Train: 73.12%, Valid: 83.59% Test: 70.01%
Run: 09, Epoch: 19, Loss: 0.9668
Run: 09, Epoch: 20, Loss: 0.9648
Run: 09, Epoch: 20, Train: 74.17%, Valid: 84.16% Test: 71.78%
Run 09:
Highest Train: 74.17
Highest Valid: 84.16
  Final Train: 74.17
   Final Test: 71.78
Run: 10, Epoch: 01, Loss: 2.0860
Run: 10, Epoch: 02, Loss: 1.3964
Run: 10, Epoch: 03, Loss: 1.2564
Run: 10, Epoch: 04, Loss: 1.1891
Run: 10, Epoch: 05, Loss: 1.1360
Run: 10, Epoch: 06, Loss: 1.1116
Run: 10, Epoch: 07, Loss: 1.0815
Run: 10, Epoch: 08, Loss: 1.0832
Run: 10, Epoch: 09, Loss: 1.0662
Run: 10, Epoch: 10, Loss: 1.0314
Run: 10, Epoch: 10, Train: 70.75%, Valid: 81.88% Test: 69.30%
Run: 10, Epoch: 11, Loss: 1.0207
Run: 10, Epoch: 12, Loss: 1.0180
Run: 10, Epoch: 12, Train: 70.88%, Valid: 85.20% Test: 71.44%
Run: 10, Epoch: 13, Loss: 1.0214
Run: 10, Epoch: 14, Loss: 0.9964
Run: 10, Epoch: 14, Train: 72.39%, Valid: 83.33% Test: 70.42%
Run: 10, Epoch: 15, Loss: 0.9920
Run: 10, Epoch: 16, Loss: 0.9831
Run: 10, Epoch: 16, Train: 72.62%, Valid: 83.37% Test: 70.42%
Run: 10, Epoch: 17, Loss: 0.9814
Run: 10, Epoch: 18, Loss: 0.9803
Run: 10, Epoch: 18, Train: 73.05%, Valid: 83.83% Test: 69.96%
Run: 10, Epoch: 19, Loss: 0.9723
Run: 10, Epoch: 20, Loss: 0.9718
Run: 10, Epoch: 20, Train: 73.12%, Valid: 80.08% Test: 67.83%
Run 10:
Highest Train: 73.12
Highest Valid: 85.20
  Final Train: 70.88
   Final Test: 71.44
All runs:
Highest Train: 73.78 ± 0.43
Highest Valid: 84.81 ± 1.27
  Final Train: 72.18 ± 1.33
   Final Test: 71.47 ± 1.08
