Namespace(device=0, log_steps=1, inductive=False, num_layers=3, hidden_channels=256, dropout=0.5, batch_size=20000, walk_length=3, lr=0.01, num_steps=30, epochs=20, eval_steps=2, runs=10, rsv=0.15, al='mem', alpha=0.7)
tensor([147936, 100314,   1272,  ..., 129048, 133142,   6766]) 29492
tensor([222340, 232877, 217134,  ..., 227903, 207408, 216541]) 5898
Run: 01, Epoch: 01, Loss: 1.5051
Run: 01, Epoch: 02, Loss: 0.6747
Run: 01, Epoch: 03, Loss: 0.5755
Run: 01, Epoch: 04, Loss: 0.5287
Run: 01, Epoch: 05, Loss: 0.5072
Run: 01, Epoch: 06, Loss: 0.4854
Run: 01, Epoch: 07, Loss: 0.4622
Run: 01, Epoch: 08, Loss: 0.4606
Run: 01, Epoch: 09, Loss: 0.4468
Run: 01, Epoch: 10, Loss: 0.4381
Run: 01, Epoch: 10, Train: 89.05%, Valid: 89.64% Test: 77.63%
Run: 01, Epoch: 11, Loss: 0.4296
Run: 01, Epoch: 12, Loss: 0.4258
Run: 01, Epoch: 12, Train: 89.55%, Valid: 89.62% Test: 76.94%
Run: 01, Epoch: 13, Loss: 0.4222
Run: 01, Epoch: 14, Loss: 0.4192
Run: 01, Epoch: 14, Train: 89.92%, Valid: 89.52% Test: 76.72%
Run: 01, Epoch: 15, Loss: 0.4078
Run: 01, Epoch: 16, Loss: 0.4132
Run: 01, Epoch: 16, Train: 90.29%, Valid: 89.96% Test: 77.71%
Run: 01, Epoch: 17, Loss: 0.4022
Run: 01, Epoch: 18, Loss: 0.4071
Run: 01, Epoch: 18, Train: 90.43%, Valid: 89.88% Test: 76.83%
Run: 01, Epoch: 19, Loss: 0.4165
Run: 01, Epoch: 20, Loss: 0.4011
Run: 01, Epoch: 20, Train: 90.59%, Valid: 89.76% Test: 77.04%
Run 01:
Highest Train: 90.59
Highest Valid: 89.96
  Final Train: 90.29
   Final Test: 77.71
Run: 02, Epoch: 01, Loss: 1.6121
Run: 02, Epoch: 02, Loss: 0.6912
Run: 02, Epoch: 03, Loss: 0.5810
Run: 02, Epoch: 04, Loss: 0.5310
Run: 02, Epoch: 05, Loss: 0.4976
Run: 02, Epoch: 06, Loss: 0.4769
Run: 02, Epoch: 07, Loss: 0.4700
Run: 02, Epoch: 08, Loss: 0.4676
Run: 02, Epoch: 09, Loss: 0.4615
Run: 02, Epoch: 10, Loss: 0.4443
Run: 02, Epoch: 10, Train: 89.04%, Valid: 89.64% Test: 76.75%
Run: 02, Epoch: 11, Loss: 0.4319
Run: 02, Epoch: 12, Loss: 0.4284
Run: 02, Epoch: 12, Train: 89.50%, Valid: 89.56% Test: 77.00%
Run: 02, Epoch: 13, Loss: 0.4156
Run: 02, Epoch: 14, Loss: 0.4176
Run: 02, Epoch: 14, Train: 89.82%, Valid: 89.66% Test: 76.99%
Run: 02, Epoch: 15, Loss: 0.4183
Run: 02, Epoch: 16, Loss: 0.4157
Run: 02, Epoch: 16, Train: 89.88%, Valid: 90.12% Test: 76.65%
Run: 02, Epoch: 17, Loss: 0.4327
Run: 02, Epoch: 18, Loss: 0.4209
Run: 02, Epoch: 18, Train: 90.09%, Valid: 89.88% Test: 77.19%
Run: 02, Epoch: 19, Loss: 0.4129
Run: 02, Epoch: 20, Loss: 0.4114
Run: 02, Epoch: 20, Train: 90.31%, Valid: 89.83% Test: 77.29%
Run 02:
Highest Train: 90.31
Highest Valid: 90.12
  Final Train: 89.88
   Final Test: 76.65
Run: 03, Epoch: 01, Loss: 1.5949
Run: 03, Epoch: 02, Loss: 0.6968
Run: 03, Epoch: 03, Loss: 0.5936
Run: 03, Epoch: 04, Loss: 0.5420
Run: 03, Epoch: 05, Loss: 0.5012
Run: 03, Epoch: 06, Loss: 0.4887
Run: 03, Epoch: 07, Loss: 0.4771
Run: 03, Epoch: 08, Loss: 0.4592
Run: 03, Epoch: 09, Loss: 0.4557
Run: 03, Epoch: 10, Loss: 0.4435
Run: 03, Epoch: 10, Train: 88.84%, Valid: 89.50% Test: 77.33%
Run: 03, Epoch: 11, Loss: 0.4341
Run: 03, Epoch: 12, Loss: 0.4274
Run: 03, Epoch: 12, Train: 89.44%, Valid: 89.35% Test: 77.25%
Run: 03, Epoch: 13, Loss: 0.4297
Run: 03, Epoch: 14, Loss: 0.4306
Run: 03, Epoch: 14, Train: 89.24%, Valid: 89.67% Test: 76.91%
Run: 03, Epoch: 15, Loss: 0.4232
Run: 03, Epoch: 16, Loss: 0.4180
Run: 03, Epoch: 16, Train: 89.77%, Valid: 89.96% Test: 77.25%
Run: 03, Epoch: 17, Loss: 0.4201
Run: 03, Epoch: 18, Loss: 0.4092
Run: 03, Epoch: 18, Train: 90.30%, Valid: 89.54% Test: 76.85%
Run: 03, Epoch: 19, Loss: 0.4161
Run: 03, Epoch: 20, Loss: 0.4119
Run: 03, Epoch: 20, Train: 90.37%, Valid: 90.08% Test: 77.51%
Run 03:
Highest Train: 90.37
Highest Valid: 90.08
  Final Train: 90.37
   Final Test: 77.51
Run: 04, Epoch: 01, Loss: 1.4809
Run: 04, Epoch: 02, Loss: 0.6746
Run: 04, Epoch: 03, Loss: 0.5738
Run: 04, Epoch: 04, Loss: 0.5356
Run: 04, Epoch: 05, Loss: 0.5034
Run: 04, Epoch: 06, Loss: 0.4870
Run: 04, Epoch: 07, Loss: 0.4730
Run: 04, Epoch: 08, Loss: 0.4666
Run: 04, Epoch: 09, Loss: 0.4509
Run: 04, Epoch: 10, Loss: 0.4444
Run: 04, Epoch: 10, Train: 89.01%, Valid: 89.50% Test: 76.84%
Run: 04, Epoch: 11, Loss: 0.4289
Run: 04, Epoch: 12, Loss: 0.4223
Run: 04, Epoch: 12, Train: 89.11%, Valid: 89.49% Test: 77.26%
Run: 04, Epoch: 13, Loss: 0.4245
Run: 04, Epoch: 14, Loss: 0.4142
Run: 04, Epoch: 14, Train: 89.62%, Valid: 90.20% Test: 76.97%
Run: 04, Epoch: 15, Loss: 0.4096
Run: 04, Epoch: 16, Loss: 0.4192
Run: 04, Epoch: 16, Train: 90.13%, Valid: 89.84% Test: 76.98%
Run: 04, Epoch: 17, Loss: 0.4127
Run: 04, Epoch: 18, Loss: 0.4127
Run: 04, Epoch: 18, Train: 89.99%, Valid: 90.17% Test: 77.25%
Run: 04, Epoch: 19, Loss: 0.4029
Run: 04, Epoch: 20, Loss: 0.4046
Run: 04, Epoch: 20, Train: 90.45%, Valid: 90.10% Test: 77.64%
Run 04:
Highest Train: 90.45
Highest Valid: 90.20
  Final Train: 89.62
   Final Test: 76.97
Run: 05, Epoch: 01, Loss: 1.4203
Run: 05, Epoch: 02, Loss: 0.6631
Run: 05, Epoch: 03, Loss: 0.5730
Run: 05, Epoch: 04, Loss: 0.5266
Run: 05, Epoch: 05, Loss: 0.4995
Run: 05, Epoch: 06, Loss: 0.4819
Run: 05, Epoch: 07, Loss: 0.4697
Run: 05, Epoch: 08, Loss: 0.4520
Run: 05, Epoch: 09, Loss: 0.4439
Run: 05, Epoch: 10, Loss: 0.4426
Run: 05, Epoch: 10, Train: 89.16%, Valid: 89.69% Test: 76.68%
Run: 05, Epoch: 11, Loss: 0.4322
Run: 05, Epoch: 12, Loss: 0.4257
Run: 05, Epoch: 12, Train: 89.54%, Valid: 89.88% Test: 76.75%
Run: 05, Epoch: 13, Loss: 0.4251
Run: 05, Epoch: 14, Loss: 0.4210
Run: 05, Epoch: 14, Train: 90.03%, Valid: 89.79% Test: 77.32%
Run: 05, Epoch: 15, Loss: 0.4154
Run: 05, Epoch: 16, Loss: 0.4104
Run: 05, Epoch: 16, Train: 90.26%, Valid: 90.23% Test: 76.90%
Run: 05, Epoch: 17, Loss: 0.4033
Run: 05, Epoch: 18, Loss: 0.4079
Run: 05, Epoch: 18, Train: 90.46%, Valid: 90.05% Test: 76.25%
Run: 05, Epoch: 19, Loss: 0.4114
Run: 05, Epoch: 20, Loss: 0.4095
Run: 05, Epoch: 20, Train: 90.59%, Valid: 90.32% Test: 76.58%
Run 05:
Highest Train: 90.59
Highest Valid: 90.32
  Final Train: 90.59
   Final Test: 76.58
Run: 06, Epoch: 01, Loss: 1.5050
Run: 06, Epoch: 02, Loss: 0.6682
Run: 06, Epoch: 03, Loss: 0.5863
Run: 06, Epoch: 04, Loss: 0.5226
Run: 06, Epoch: 05, Loss: 0.5032
Run: 06, Epoch: 06, Loss: 0.4875
Run: 06, Epoch: 07, Loss: 0.4725
Run: 06, Epoch: 08, Loss: 0.4554
Run: 06, Epoch: 09, Loss: 0.4526
Run: 06, Epoch: 10, Loss: 0.4485
Run: 06, Epoch: 10, Train: 88.97%, Valid: 89.61% Test: 77.67%
Run: 06, Epoch: 11, Loss: 0.4305
Run: 06, Epoch: 12, Loss: 0.4343
Run: 06, Epoch: 12, Train: 89.39%, Valid: 89.22% Test: 76.85%
Run: 06, Epoch: 13, Loss: 0.4284
Run: 06, Epoch: 14, Loss: 0.4278
Run: 06, Epoch: 14, Train: 89.35%, Valid: 89.37% Test: 77.01%
Run: 06, Epoch: 15, Loss: 0.4210
Run: 06, Epoch: 16, Loss: 0.4115
Run: 06, Epoch: 16, Train: 89.96%, Valid: 90.25% Test: 76.96%
Run: 06, Epoch: 17, Loss: 0.4168
Run: 06, Epoch: 18, Loss: 0.4139
Run: 06, Epoch: 18, Train: 90.36%, Valid: 89.73% Test: 77.13%
Run: 06, Epoch: 19, Loss: 0.4053
Run: 06, Epoch: 20, Loss: 0.4145
Run: 06, Epoch: 20, Train: 90.30%, Valid: 89.64% Test: 77.81%
Run 06:
Highest Train: 90.36
Highest Valid: 90.25
  Final Train: 89.96
   Final Test: 76.96
Run: 07, Epoch: 01, Loss: 1.5501
Run: 07, Epoch: 02, Loss: 0.6857
Run: 07, Epoch: 03, Loss: 0.5966
Run: 07, Epoch: 04, Loss: 0.5435
Run: 07, Epoch: 05, Loss: 0.5100
Run: 07, Epoch: 06, Loss: 0.4874
Run: 07, Epoch: 07, Loss: 0.4746
Run: 07, Epoch: 08, Loss: 0.4639
Run: 07, Epoch: 09, Loss: 0.4560
Run: 07, Epoch: 10, Loss: 0.4547
Run: 07, Epoch: 10, Train: 88.87%, Valid: 89.78% Test: 76.94%
Run: 07, Epoch: 11, Loss: 0.4378
Run: 07, Epoch: 12, Loss: 0.4239
Run: 07, Epoch: 12, Train: 89.32%, Valid: 89.88% Test: 77.44%
Run: 07, Epoch: 13, Loss: 0.4234
Run: 07, Epoch: 14, Loss: 0.4165
Run: 07, Epoch: 14, Train: 89.74%, Valid: 90.17% Test: 77.36%
Run: 07, Epoch: 15, Loss: 0.4178
Run: 07, Epoch: 16, Loss: 0.4180
Run: 07, Epoch: 16, Train: 89.88%, Valid: 89.96% Test: 76.96%
Run: 07, Epoch: 17, Loss: 0.4073
Run: 07, Epoch: 18, Loss: 0.4143
Run: 07, Epoch: 18, Train: 90.29%, Valid: 90.01% Test: 77.43%
Run: 07, Epoch: 19, Loss: 0.4040
Run: 07, Epoch: 20, Loss: 0.4040
Run: 07, Epoch: 20, Train: 90.32%, Valid: 89.78% Test: 76.93%
Run 07:
Highest Train: 90.32
Highest Valid: 90.17
  Final Train: 89.74
   Final Test: 77.36
Run: 08, Epoch: 01, Loss: 1.4193
Run: 08, Epoch: 02, Loss: 0.6643
Run: 08, Epoch: 03, Loss: 0.5753
Run: 08, Epoch: 04, Loss: 0.5264
Run: 08, Epoch: 05, Loss: 0.4942
Run: 08, Epoch: 06, Loss: 0.4867
Run: 08, Epoch: 07, Loss: 0.4664
Run: 08, Epoch: 08, Loss: 0.4558
Run: 08, Epoch: 09, Loss: 0.4452
Run: 08, Epoch: 10, Loss: 0.4325
Run: 08, Epoch: 10, Train: 88.91%, Valid: 89.49% Test: 76.99%
Run: 08, Epoch: 11, Loss: 0.4341
Run: 08, Epoch: 12, Loss: 0.4275
Run: 08, Epoch: 12, Train: 89.30%, Valid: 89.91% Test: 77.07%
Run: 08, Epoch: 13, Loss: 0.4188
Run: 08, Epoch: 14, Loss: 0.4181
Run: 08, Epoch: 14, Train: 89.80%, Valid: 89.67% Test: 76.77%
Run: 08, Epoch: 15, Loss: 0.4160
Run: 08, Epoch: 16, Loss: 0.4165
Run: 08, Epoch: 16, Train: 89.93%, Valid: 90.03% Test: 76.66%
Run: 08, Epoch: 17, Loss: 0.4063
Run: 08, Epoch: 18, Loss: 0.4099
Run: 08, Epoch: 18, Train: 89.89%, Valid: 89.79% Test: 76.80%
Run: 08, Epoch: 19, Loss: 0.4058
Run: 08, Epoch: 20, Loss: 0.3969
Run: 08, Epoch: 20, Train: 90.25%, Valid: 89.79% Test: 77.12%
Run 08:
Highest Train: 90.25
Highest Valid: 90.03
  Final Train: 89.93
   Final Test: 76.66
Run: 09, Epoch: 01, Loss: 1.4476
Run: 09, Epoch: 02, Loss: 0.6519
Run: 09, Epoch: 03, Loss: 0.5684
Run: 09, Epoch: 04, Loss: 0.5231
Run: 09, Epoch: 05, Loss: 0.5004
Run: 09, Epoch: 06, Loss: 0.4776
Run: 09, Epoch: 07, Loss: 0.4688
Run: 09, Epoch: 08, Loss: 0.4677
Run: 09, Epoch: 09, Loss: 0.4482
Run: 09, Epoch: 10, Loss: 0.4414
Run: 09, Epoch: 10, Train: 89.08%, Valid: 89.59% Test: 76.80%
Run: 09, Epoch: 11, Loss: 0.4311
Run: 09, Epoch: 12, Loss: 0.4230
Run: 09, Epoch: 12, Train: 89.32%, Valid: 89.57% Test: 77.53%
Run: 09, Epoch: 13, Loss: 0.4212
Run: 09, Epoch: 14, Loss: 0.4248
Run: 09, Epoch: 14, Train: 89.92%, Valid: 89.69% Test: 77.06%
Run: 09, Epoch: 15, Loss: 0.4114
Run: 09, Epoch: 16, Loss: 0.4196
Run: 09, Epoch: 16, Train: 89.77%, Valid: 89.96% Test: 76.56%
Run: 09, Epoch: 17, Loss: 0.4077
Run: 09, Epoch: 18, Loss: 0.4067
Run: 09, Epoch: 18, Train: 89.90%, Valid: 89.54% Test: 76.89%
Run: 09, Epoch: 19, Loss: 0.4037
Run: 09, Epoch: 20, Loss: 0.3983
Run: 09, Epoch: 20, Train: 90.30%, Valid: 89.76% Test: 77.60%
Run 09:
Highest Train: 90.30
Highest Valid: 89.96
  Final Train: 89.77
   Final Test: 76.56
Run: 10, Epoch: 01, Loss: 1.4887
Run: 10, Epoch: 02, Loss: 0.6712
Run: 10, Epoch: 03, Loss: 0.5769
Run: 10, Epoch: 04, Loss: 0.5269
Run: 10, Epoch: 05, Loss: 0.5038
Run: 10, Epoch: 06, Loss: 0.4827
Run: 10, Epoch: 07, Loss: 0.4609
Run: 10, Epoch: 08, Loss: 0.4602
Run: 10, Epoch: 09, Loss: 0.4510
Run: 10, Epoch: 10, Loss: 0.4372
Run: 10, Epoch: 10, Train: 89.13%, Valid: 89.62% Test: 77.32%
Run: 10, Epoch: 11, Loss: 0.4371
Run: 10, Epoch: 12, Loss: 0.4275
Run: 10, Epoch: 12, Train: 89.26%, Valid: 89.79% Test: 76.75%
Run: 10, Epoch: 13, Loss: 0.4186
Run: 10, Epoch: 14, Loss: 0.4138
Run: 10, Epoch: 14, Train: 89.68%, Valid: 89.30% Test: 77.47%
Run: 10, Epoch: 15, Loss: 0.4197
Run: 10, Epoch: 16, Loss: 0.4113
Run: 10, Epoch: 16, Train: 90.04%, Valid: 89.91% Test: 77.88%
Run: 10, Epoch: 17, Loss: 0.4083
Run: 10, Epoch: 18, Loss: 0.4086
Run: 10, Epoch: 18, Train: 90.18%, Valid: 90.06% Test: 77.21%
Run: 10, Epoch: 19, Loss: 0.4053
Run: 10, Epoch: 20, Loss: 0.4037
Run: 10, Epoch: 20, Train: 90.44%, Valid: 89.76% Test: 77.29%
Run 10:
Highest Train: 90.44
Highest Valid: 90.06
  Final Train: 90.18
   Final Test: 77.21
All runs:
Highest Train: 90.40 ± 0.12
Highest Valid: 90.12 ± 0.12
  Final Train: 90.03 ± 0.31
   Final Test: 77.02 ± 0.41
