Namespace(device=0, log_steps=1, inductive=False, num_layers=3, hidden_channels=256, dropout=0.5, batch_size=20000, walk_length=3, lr=0.01, num_steps=30, epochs=20, eval_steps=2, runs=10, rsv=1.0, al='mem', alpha=0.2)
tensor([189285, 147936, 100314,  ...,  77396,  54617, 160714]) 39323
tensor([222340, 232877, 217134,  ..., 204679, 201935, 232609]) 7864
Run: 01, Epoch: 01, Loss: 2.1647
Run: 01, Epoch: 02, Loss: 1.4064
Run: 01, Epoch: 03, Loss: 1.2498
Run: 01, Epoch: 04, Loss: 1.1851
Run: 01, Epoch: 05, Loss: 1.1401
Run: 01, Epoch: 06, Loss: 1.1058
Run: 01, Epoch: 07, Loss: 1.0778
Run: 01, Epoch: 08, Loss: 1.0545
Run: 01, Epoch: 09, Loss: 1.0497
Run: 01, Epoch: 10, Loss: 1.0343
Run: 01, Epoch: 10, Train: 70.54%, Valid: 84.56% Test: 71.93%
Run: 01, Epoch: 11, Loss: 1.0202
Run: 01, Epoch: 12, Loss: 1.0114
Run: 01, Epoch: 12, Train: 71.55%, Valid: 83.55% Test: 70.47%
Run: 01, Epoch: 13, Loss: 1.0077
Run: 01, Epoch: 14, Loss: 1.0007
Run: 01, Epoch: 14, Train: 71.84%, Valid: 82.92% Test: 70.09%
Run: 01, Epoch: 15, Loss: 0.9886
Run: 01, Epoch: 16, Loss: 0.9883
Run: 01, Epoch: 16, Train: 73.03%, Valid: 80.63% Test: 69.26%
Run: 01, Epoch: 17, Loss: 0.9820
Run: 01, Epoch: 18, Loss: 0.9839
Run: 01, Epoch: 18, Train: 72.72%, Valid: 80.04% Test: 68.76%
Run: 01, Epoch: 19, Loss: 0.9769
Run: 01, Epoch: 20, Loss: 0.9774
Run: 01, Epoch: 20, Train: 73.35%, Valid: 84.32% Test: 71.41%
Run 01:
Highest Train: 73.35
Highest Valid: 84.56
  Final Train: 70.54
   Final Test: 71.93
Run: 02, Epoch: 01, Loss: 2.1572
Run: 02, Epoch: 02, Loss: 1.3909
Run: 02, Epoch: 03, Loss: 1.2512
Run: 02, Epoch: 04, Loss: 1.1788
Run: 02, Epoch: 05, Loss: 1.1300
Run: 02, Epoch: 06, Loss: 1.0994
Run: 02, Epoch: 07, Loss: 1.0830
Run: 02, Epoch: 08, Loss: 1.0582
Run: 02, Epoch: 09, Loss: 1.0532
Run: 02, Epoch: 10, Loss: 1.0352
Run: 02, Epoch: 10, Train: 71.42%, Valid: 86.10% Test: 73.34%
Run: 02, Epoch: 11, Loss: 1.0260
Run: 02, Epoch: 12, Loss: 1.0224
Run: 02, Epoch: 12, Train: 71.40%, Valid: 85.24% Test: 71.21%
Run: 02, Epoch: 13, Loss: 1.0228
Run: 02, Epoch: 14, Loss: 1.0089
Run: 02, Epoch: 14, Train: 72.52%, Valid: 87.05% Test: 73.41%
Run: 02, Epoch: 15, Loss: 0.9946
Run: 02, Epoch: 16, Loss: 0.9975
Run: 02, Epoch: 16, Train: 72.58%, Valid: 85.10% Test: 71.46%
Run: 02, Epoch: 17, Loss: 0.9791
Run: 02, Epoch: 18, Loss: 0.9720
Run: 02, Epoch: 18, Train: 73.40%, Valid: 86.64% Test: 73.01%
Run: 02, Epoch: 19, Loss: 0.9712
Run: 02, Epoch: 20, Loss: 0.9745
Run: 02, Epoch: 20, Train: 73.18%, Valid: 88.36% Test: 74.13%
Run 02:
Highest Train: 73.40
Highest Valid: 88.36
  Final Train: 73.18
   Final Test: 74.13
Run: 03, Epoch: 01, Loss: 2.1077
Run: 03, Epoch: 02, Loss: 1.3681
Run: 03, Epoch: 03, Loss: 1.2357
Run: 03, Epoch: 04, Loss: 1.1707
Run: 03, Epoch: 05, Loss: 1.1278
Run: 03, Epoch: 06, Loss: 1.1022
Run: 03, Epoch: 07, Loss: 1.0766
Run: 03, Epoch: 08, Loss: 1.0616
Run: 03, Epoch: 09, Loss: 1.0475
Run: 03, Epoch: 10, Loss: 1.0229
Run: 03, Epoch: 10, Train: 71.30%, Valid: 83.33% Test: 70.17%
Run: 03, Epoch: 11, Loss: 1.0200
Run: 03, Epoch: 12, Loss: 1.0119
Run: 03, Epoch: 12, Train: 71.79%, Valid: 83.67% Test: 70.38%
Run: 03, Epoch: 13, Loss: 1.0029
Run: 03, Epoch: 14, Loss: 1.0080
Run: 03, Epoch: 14, Train: 71.74%, Valid: 84.63% Test: 72.13%
Run: 03, Epoch: 15, Loss: 1.0096
Run: 03, Epoch: 16, Loss: 0.9985
Run: 03, Epoch: 16, Train: 72.60%, Valid: 86.15% Test: 71.71%
Run: 03, Epoch: 17, Loss: 0.9913
Run: 03, Epoch: 18, Loss: 0.9842
Run: 03, Epoch: 18, Train: 72.90%, Valid: 84.21% Test: 71.38%
Run: 03, Epoch: 19, Loss: 0.9809
Run: 03, Epoch: 20, Loss: 0.9706
Run: 03, Epoch: 20, Train: 73.50%, Valid: 84.13% Test: 71.20%
Run 03:
Highest Train: 73.50
Highest Valid: 86.15
  Final Train: 72.60
   Final Test: 71.71
Run: 04, Epoch: 01, Loss: 2.1864
Run: 04, Epoch: 02, Loss: 1.4028
Run: 04, Epoch: 03, Loss: 1.2467
Run: 04, Epoch: 04, Loss: 1.1773
Run: 04, Epoch: 05, Loss: 1.1287
Run: 04, Epoch: 06, Loss: 1.1082
Run: 04, Epoch: 07, Loss: 1.0843
Run: 04, Epoch: 08, Loss: 1.0682
Run: 04, Epoch: 09, Loss: 1.0546
Run: 04, Epoch: 10, Loss: 1.0347
Run: 04, Epoch: 10, Train: 70.15%, Valid: 84.00% Test: 71.62%
Run: 04, Epoch: 11, Loss: 1.0203
Run: 04, Epoch: 12, Loss: 1.0231
Run: 04, Epoch: 12, Train: 70.69%, Valid: 84.19% Test: 71.61%
Run: 04, Epoch: 13, Loss: 1.0134
Run: 04, Epoch: 14, Loss: 0.9980
Run: 04, Epoch: 14, Train: 71.58%, Valid: 86.00% Test: 72.21%
Run: 04, Epoch: 15, Loss: 1.0009
Run: 04, Epoch: 16, Loss: 0.9985
Run: 04, Epoch: 16, Train: 72.14%, Valid: 83.46% Test: 71.16%
Run: 04, Epoch: 17, Loss: 0.9888
Run: 04, Epoch: 18, Loss: 0.9840
Run: 04, Epoch: 18, Train: 73.03%, Valid: 86.09% Test: 72.81%
Run: 04, Epoch: 19, Loss: 0.9740
Run: 04, Epoch: 20, Loss: 0.9744
Run: 04, Epoch: 20, Train: 72.78%, Valid: 82.77% Test: 70.85%
Run 04:
Highest Train: 73.03
Highest Valid: 86.09
  Final Train: 73.03
   Final Test: 72.81
Run: 05, Epoch: 01, Loss: 2.0624
Run: 05, Epoch: 02, Loss: 1.3786
Run: 05, Epoch: 03, Loss: 1.2396
Run: 05, Epoch: 04, Loss: 1.1715
Run: 05, Epoch: 05, Loss: 1.1342
Run: 05, Epoch: 06, Loss: 1.1030
Run: 05, Epoch: 07, Loss: 1.0892
Run: 05, Epoch: 08, Loss: 1.0695
Run: 05, Epoch: 09, Loss: 1.0640
Run: 05, Epoch: 10, Loss: 1.0418
Run: 05, Epoch: 10, Train: 69.87%, Valid: 83.66% Test: 71.01%
Run: 05, Epoch: 11, Loss: 1.0341
Run: 05, Epoch: 12, Loss: 1.0235
Run: 05, Epoch: 12, Train: 71.09%, Valid: 83.58% Test: 70.70%
Run: 05, Epoch: 13, Loss: 1.0145
Run: 05, Epoch: 14, Loss: 1.0051
Run: 05, Epoch: 14, Train: 71.81%, Valid: 83.10% Test: 70.95%
Run: 05, Epoch: 15, Loss: 0.9881
Run: 05, Epoch: 16, Loss: 0.9821
Run: 05, Epoch: 16, Train: 72.30%, Valid: 84.12% Test: 71.68%
Run: 05, Epoch: 17, Loss: 0.9822
Run: 05, Epoch: 18, Loss: 0.9753
Run: 05, Epoch: 18, Train: 73.08%, Valid: 83.30% Test: 70.93%
Run: 05, Epoch: 19, Loss: 0.9734
Run: 05, Epoch: 20, Loss: 0.9752
Run: 05, Epoch: 20, Train: 73.56%, Valid: 83.88% Test: 71.03%
Run 05:
Highest Train: 73.56
Highest Valid: 84.12
  Final Train: 72.30
   Final Test: 71.68
Run: 06, Epoch: 01, Loss: 2.0998
Run: 06, Epoch: 02, Loss: 1.3784
Run: 06, Epoch: 03, Loss: 1.2449
Run: 06, Epoch: 04, Loss: 1.1678
Run: 06, Epoch: 05, Loss: 1.1329
Run: 06, Epoch: 06, Loss: 1.0999
Run: 06, Epoch: 07, Loss: 1.0788
Run: 06, Epoch: 08, Loss: 1.0689
Run: 06, Epoch: 09, Loss: 1.0561
Run: 06, Epoch: 10, Loss: 1.0414
Run: 06, Epoch: 10, Train: 71.26%, Valid: 82.69% Test: 70.95%
Run: 06, Epoch: 11, Loss: 1.0272
Run: 06, Epoch: 12, Loss: 1.0154
Run: 06, Epoch: 12, Train: 71.69%, Valid: 84.96% Test: 72.15%
Run: 06, Epoch: 13, Loss: 1.0186
Run: 06, Epoch: 14, Loss: 1.0106
Run: 06, Epoch: 14, Train: 71.40%, Valid: 84.63% Test: 72.42%
Run: 06, Epoch: 15, Loss: 1.0082
Run: 06, Epoch: 16, Loss: 0.9948
Run: 06, Epoch: 16, Train: 72.65%, Valid: 85.38% Test: 72.33%
Run: 06, Epoch: 17, Loss: 0.9875
Run: 06, Epoch: 18, Loss: 0.9847
Run: 06, Epoch: 18, Train: 72.79%, Valid: 83.74% Test: 70.73%
Run: 06, Epoch: 19, Loss: 0.9733
Run: 06, Epoch: 20, Loss: 0.9790
Run: 06, Epoch: 20, Train: 73.34%, Valid: 85.15% Test: 72.10%
Run 06:
Highest Train: 73.34
Highest Valid: 85.38
  Final Train: 72.65
   Final Test: 72.33
Run: 07, Epoch: 01, Loss: 2.0167
Run: 07, Epoch: 02, Loss: 1.3556
Run: 07, Epoch: 03, Loss: 1.2290
Run: 07, Epoch: 04, Loss: 1.1575
Run: 07, Epoch: 05, Loss: 1.1122
Run: 07, Epoch: 06, Loss: 1.0856
Run: 07, Epoch: 07, Loss: 1.0693
Run: 07, Epoch: 08, Loss: 1.0523
Run: 07, Epoch: 09, Loss: 1.0267
Run: 07, Epoch: 10, Loss: 1.0254
Run: 07, Epoch: 10, Train: 71.33%, Valid: 84.40% Test: 71.57%
Run: 07, Epoch: 11, Loss: 1.0159
Run: 07, Epoch: 12, Loss: 1.0099
Run: 07, Epoch: 12, Train: 71.66%, Valid: 84.98% Test: 71.54%
Run: 07, Epoch: 13, Loss: 0.9931
Run: 07, Epoch: 14, Loss: 0.9891
Run: 07, Epoch: 14, Train: 72.35%, Valid: 84.42% Test: 72.06%
Run: 07, Epoch: 15, Loss: 0.9818
Run: 07, Epoch: 16, Loss: 0.9785
Run: 07, Epoch: 16, Train: 73.30%, Valid: 84.09% Test: 71.54%
Run: 07, Epoch: 17, Loss: 0.9672
Run: 07, Epoch: 18, Loss: 0.9687
Run: 07, Epoch: 18, Train: 73.63%, Valid: 86.83% Test: 73.37%
Run: 07, Epoch: 19, Loss: 0.9611
Run: 07, Epoch: 20, Loss: 0.9495
Run: 07, Epoch: 20, Train: 74.09%, Valid: 85.07% Test: 71.95%
Run 07:
Highest Train: 74.09
Highest Valid: 86.83
  Final Train: 73.63
   Final Test: 73.37
Run: 08, Epoch: 01, Loss: 2.0871
Run: 08, Epoch: 02, Loss: 1.3806
Run: 08, Epoch: 03, Loss: 1.2384
Run: 08, Epoch: 04, Loss: 1.1627
Run: 08, Epoch: 05, Loss: 1.1202
Run: 08, Epoch: 06, Loss: 1.0968
Run: 08, Epoch: 07, Loss: 1.0684
Run: 08, Epoch: 08, Loss: 1.0579
Run: 08, Epoch: 09, Loss: 1.0522
Run: 08, Epoch: 10, Loss: 1.0458
Run: 08, Epoch: 10, Train: 70.96%, Valid: 84.37% Test: 71.51%
Run: 08, Epoch: 11, Loss: 1.0280
Run: 08, Epoch: 12, Loss: 1.0142
Run: 08, Epoch: 12, Train: 70.54%, Valid: 82.36% Test: 70.28%
Run: 08, Epoch: 13, Loss: 1.0031
Run: 08, Epoch: 14, Loss: 0.9906
Run: 08, Epoch: 14, Train: 72.28%, Valid: 85.71% Test: 72.41%
Run: 08, Epoch: 15, Loss: 0.9875
Run: 08, Epoch: 16, Loss: 0.9881
Run: 08, Epoch: 16, Train: 72.94%, Valid: 87.19% Test: 73.72%
Run: 08, Epoch: 17, Loss: 0.9799
Run: 08, Epoch: 18, Loss: 0.9829
Run: 08, Epoch: 18, Train: 73.56%, Valid: 86.15% Test: 73.13%
Run: 08, Epoch: 19, Loss: 0.9688
Run: 08, Epoch: 20, Loss: 0.9644
Run: 08, Epoch: 20, Train: 73.52%, Valid: 83.86% Test: 72.08%
Run 08:
Highest Train: 73.56
Highest Valid: 87.19
  Final Train: 72.94
   Final Test: 73.72
Run: 09, Epoch: 01, Loss: 2.1468
Run: 09, Epoch: 02, Loss: 1.3900
Run: 09, Epoch: 03, Loss: 1.2428
Run: 09, Epoch: 04, Loss: 1.1702
Run: 09, Epoch: 05, Loss: 1.1363
Run: 09, Epoch: 06, Loss: 1.0987
Run: 09, Epoch: 07, Loss: 1.0810
Run: 09, Epoch: 08, Loss: 1.0727
Run: 09, Epoch: 09, Loss: 1.0509
Run: 09, Epoch: 10, Loss: 1.0266
Run: 09, Epoch: 10, Train: 70.56%, Valid: 81.27% Test: 68.14%
Run: 09, Epoch: 11, Loss: 1.0266
Run: 09, Epoch: 12, Loss: 1.0124
Run: 09, Epoch: 12, Train: 71.47%, Valid: 86.27% Test: 72.41%
Run: 09, Epoch: 13, Loss: 1.0094
Run: 09, Epoch: 14, Loss: 1.0105
Run: 09, Epoch: 14, Train: 71.69%, Valid: 85.71% Test: 72.76%
Run: 09, Epoch: 15, Loss: 0.9979
Run: 09, Epoch: 16, Loss: 0.9920
Run: 09, Epoch: 16, Train: 72.06%, Valid: 85.40% Test: 73.02%
Run: 09, Epoch: 17, Loss: 0.9755
Run: 09, Epoch: 18, Loss: 0.9785
Run: 09, Epoch: 18, Train: 73.01%, Valid: 86.52% Test: 73.23%
Run: 09, Epoch: 19, Loss: 0.9690
Run: 09, Epoch: 20, Loss: 0.9682
Run: 09, Epoch: 20, Train: 73.72%, Valid: 87.25% Test: 74.35%
Run 09:
Highest Train: 73.72
Highest Valid: 87.25
  Final Train: 73.72
   Final Test: 74.35
Run: 10, Epoch: 01, Loss: 2.0806
Run: 10, Epoch: 02, Loss: 1.3795
Run: 10, Epoch: 03, Loss: 1.2467
Run: 10, Epoch: 04, Loss: 1.1848
Run: 10, Epoch: 05, Loss: 1.1366
Run: 10, Epoch: 06, Loss: 1.1126
Run: 10, Epoch: 07, Loss: 1.0814
Run: 10, Epoch: 08, Loss: 1.0686
Run: 10, Epoch: 09, Loss: 1.0477
Run: 10, Epoch: 10, Loss: 1.0396
Run: 10, Epoch: 10, Train: 70.43%, Valid: 83.67% Test: 70.32%
Run: 10, Epoch: 11, Loss: 1.0314
Run: 10, Epoch: 12, Loss: 1.0244
Run: 10, Epoch: 12, Train: 70.93%, Valid: 84.12% Test: 71.35%
Run: 10, Epoch: 13, Loss: 1.0150
Run: 10, Epoch: 14, Loss: 1.0153
Run: 10, Epoch: 14, Train: 71.71%, Valid: 84.50% Test: 72.03%
Run: 10, Epoch: 15, Loss: 1.0075
Run: 10, Epoch: 16, Loss: 0.9901
Run: 10, Epoch: 16, Train: 71.53%, Valid: 85.30% Test: 72.25%
Run: 10, Epoch: 17, Loss: 0.9853
Run: 10, Epoch: 18, Loss: 0.9870
Run: 10, Epoch: 18, Train: 73.09%, Valid: 85.86% Test: 72.47%
Run: 10, Epoch: 19, Loss: 0.9694
Run: 10, Epoch: 20, Loss: 0.9773
Run: 10, Epoch: 20, Train: 73.17%, Valid: 83.33% Test: 71.10%
Run 10:
Highest Train: 73.17
Highest Valid: 85.86
  Final Train: 73.09
   Final Test: 72.47
All runs:
Highest Train: 73.47 ± 0.30
Highest Valid: 86.18 ± 1.29
  Final Train: 72.77 ± 0.90
   Final Test: 72.85 ± 0.99
