Namespace(device=0, log_steps=1, inductive=False, num_layers=3, hidden_channels=256, dropout=0.5, batch_size=20000, walk_length=3, lr=0.01, num_steps=30, epochs=20, eval_steps=2, runs=10, rsv=0.25, al='mem', alpha=0.9)
tensor([147936, 100314,   1272,  ...,  72199, 135045,  56742]) 49154
tensor([222340, 232877, 217134,  ..., 229572, 228192, 207472]) 9830
Run: 01, Epoch: 01, Loss: 1.3237
Run: 01, Epoch: 02, Loss: 0.5497
Run: 01, Epoch: 03, Loss: 0.4678
Run: 01, Epoch: 04, Loss: 0.4272
Run: 01, Epoch: 05, Loss: 0.4121
Run: 01, Epoch: 06, Loss: 0.3913
Run: 01, Epoch: 07, Loss: 0.3724
Run: 01, Epoch: 08, Loss: 0.3702
Run: 01, Epoch: 09, Loss: 0.3598
Run: 01, Epoch: 10, Loss: 0.3581
Run: 01, Epoch: 10, Train: 91.41%, Valid: 90.18% Test: 78.10%
Run: 01, Epoch: 11, Loss: 0.3532
Run: 01, Epoch: 12, Loss: 0.3450
Run: 01, Epoch: 12, Train: 91.75%, Valid: 90.15% Test: 77.30%
Run: 01, Epoch: 13, Loss: 0.3499
Run: 01, Epoch: 14, Loss: 0.3449
Run: 01, Epoch: 14, Train: 92.00%, Valid: 90.38% Test: 77.46%
Run: 01, Epoch: 15, Loss: 0.3327
Run: 01, Epoch: 16, Loss: 0.3324
Run: 01, Epoch: 16, Train: 91.98%, Valid: 90.33% Test: 78.33%
Run: 01, Epoch: 17, Loss: 0.3246
Run: 01, Epoch: 18, Loss: 0.3271
Run: 01, Epoch: 18, Train: 92.35%, Valid: 90.33% Test: 77.04%
Run: 01, Epoch: 19, Loss: 0.3274
Run: 01, Epoch: 20, Loss: 0.3229
Run: 01, Epoch: 20, Train: 92.39%, Valid: 90.51% Test: 77.14%
Run 01:
Highest Train: 92.39
Highest Valid: 90.51
  Final Train: 92.39
   Final Test: 77.14
Run: 02, Epoch: 01, Loss: 1.4357
Run: 02, Epoch: 02, Loss: 0.5687
Run: 02, Epoch: 03, Loss: 0.4750
Run: 02, Epoch: 04, Loss: 0.4354
Run: 02, Epoch: 05, Loss: 0.4091
Run: 02, Epoch: 06, Loss: 0.3924
Run: 02, Epoch: 07, Loss: 0.3847
Run: 02, Epoch: 08, Loss: 0.3755
Run: 02, Epoch: 09, Loss: 0.3771
Run: 02, Epoch: 10, Loss: 0.3591
Run: 02, Epoch: 10, Train: 91.38%, Valid: 90.04% Test: 78.13%
Run: 02, Epoch: 11, Loss: 0.3514
Run: 02, Epoch: 12, Loss: 0.3469
Run: 02, Epoch: 12, Train: 91.64%, Valid: 90.33% Test: 77.50%
Run: 02, Epoch: 13, Loss: 0.3340
Run: 02, Epoch: 14, Loss: 0.3379
Run: 02, Epoch: 14, Train: 91.87%, Valid: 90.35% Test: 77.65%
Run: 02, Epoch: 15, Loss: 0.3353
Run: 02, Epoch: 16, Loss: 0.3353
Run: 02, Epoch: 16, Train: 91.96%, Valid: 90.45% Test: 77.39%
Run: 02, Epoch: 17, Loss: 0.3301
Run: 02, Epoch: 18, Loss: 0.3315
Run: 02, Epoch: 18, Train: 92.21%, Valid: 90.60% Test: 77.40%
Run: 02, Epoch: 19, Loss: 0.3253
Run: 02, Epoch: 20, Loss: 0.3349
Run: 02, Epoch: 20, Train: 92.30%, Valid: 90.50% Test: 77.39%
Run 02:
Highest Train: 92.30
Highest Valid: 90.60
  Final Train: 92.21
   Final Test: 77.40
Run: 03, Epoch: 01, Loss: 1.4043
Run: 03, Epoch: 02, Loss: 0.5645
Run: 03, Epoch: 03, Loss: 0.4781
Run: 03, Epoch: 04, Loss: 0.4386
Run: 03, Epoch: 05, Loss: 0.4063
Run: 03, Epoch: 06, Loss: 0.3961
Run: 03, Epoch: 07, Loss: 0.3844
Run: 03, Epoch: 08, Loss: 0.3791
Run: 03, Epoch: 09, Loss: 0.3685
Run: 03, Epoch: 10, Loss: 0.3586
Run: 03, Epoch: 10, Train: 91.20%, Valid: 90.09% Test: 77.03%
Run: 03, Epoch: 11, Loss: 0.3514
Run: 03, Epoch: 12, Loss: 0.3513
Run: 03, Epoch: 12, Train: 91.70%, Valid: 90.33% Test: 77.77%
Run: 03, Epoch: 13, Loss: 0.3457
Run: 03, Epoch: 14, Loss: 0.3446
Run: 03, Epoch: 14, Train: 91.65%, Valid: 90.12% Test: 77.82%
Run: 03, Epoch: 15, Loss: 0.3382
Run: 03, Epoch: 16, Loss: 0.3414
Run: 03, Epoch: 16, Train: 91.83%, Valid: 90.70% Test: 77.73%
Run: 03, Epoch: 17, Loss: 0.3361
Run: 03, Epoch: 18, Loss: 0.3331
Run: 03, Epoch: 18, Train: 92.13%, Valid: 90.50% Test: 77.81%
Run: 03, Epoch: 19, Loss: 0.3322
Run: 03, Epoch: 20, Loss: 0.3292
Run: 03, Epoch: 20, Train: 92.22%, Valid: 90.31% Test: 77.44%
Run 03:
Highest Train: 92.22
Highest Valid: 90.70
  Final Train: 91.83
   Final Test: 77.73
Run: 04, Epoch: 01, Loss: 1.3112
Run: 04, Epoch: 02, Loss: 0.5470
Run: 04, Epoch: 03, Loss: 0.4659
Run: 04, Epoch: 04, Loss: 0.4315
Run: 04, Epoch: 05, Loss: 0.4040
Run: 04, Epoch: 06, Loss: 0.3889
Run: 04, Epoch: 07, Loss: 0.3781
Run: 04, Epoch: 08, Loss: 0.3730
Run: 04, Epoch: 09, Loss: 0.3642
Run: 04, Epoch: 10, Loss: 0.3557
Run: 04, Epoch: 10, Train: 91.37%, Valid: 90.33% Test: 77.85%
Run: 04, Epoch: 11, Loss: 0.3474
Run: 04, Epoch: 12, Loss: 0.3409
Run: 04, Epoch: 12, Train: 91.51%, Valid: 90.09% Test: 77.82%
Run: 04, Epoch: 13, Loss: 0.3398
Run: 04, Epoch: 14, Loss: 0.3355
Run: 04, Epoch: 14, Train: 91.73%, Valid: 90.48% Test: 76.76%
Run: 04, Epoch: 15, Loss: 0.3370
Run: 04, Epoch: 16, Loss: 0.3357
Run: 04, Epoch: 16, Train: 92.11%, Valid: 90.41% Test: 77.35%
Run: 04, Epoch: 17, Loss: 0.3300
Run: 04, Epoch: 18, Loss: 0.3276
Run: 04, Epoch: 18, Train: 92.04%, Valid: 90.44% Test: 77.48%
Run: 04, Epoch: 19, Loss: 0.3242
Run: 04, Epoch: 20, Loss: 0.3220
Run: 04, Epoch: 20, Train: 92.22%, Valid: 90.27% Test: 78.25%
Run 04:
Highest Train: 92.22
Highest Valid: 90.48
  Final Train: 91.73
   Final Test: 76.76
Run: 05, Epoch: 01, Loss: 1.2734
Run: 05, Epoch: 02, Loss: 0.5464
Run: 05, Epoch: 03, Loss: 0.4592
Run: 05, Epoch: 04, Loss: 0.4285
Run: 05, Epoch: 05, Loss: 0.4074
Run: 05, Epoch: 06, Loss: 0.3896
Run: 05, Epoch: 07, Loss: 0.3825
Run: 05, Epoch: 08, Loss: 0.3628
Run: 05, Epoch: 09, Loss: 0.3662
Run: 05, Epoch: 10, Loss: 0.3578
Run: 05, Epoch: 10, Train: 91.32%, Valid: 90.31% Test: 77.04%
Run: 05, Epoch: 11, Loss: 0.3478
Run: 05, Epoch: 12, Loss: 0.3473
Run: 05, Epoch: 12, Train: 91.59%, Valid: 90.27% Test: 77.49%
Run: 05, Epoch: 13, Loss: 0.3405
Run: 05, Epoch: 14, Loss: 0.3317
Run: 05, Epoch: 14, Train: 91.82%, Valid: 90.28% Test: 77.63%
Run: 05, Epoch: 15, Loss: 0.3327
Run: 05, Epoch: 16, Loss: 0.3290
Run: 05, Epoch: 16, Train: 92.19%, Valid: 90.57% Test: 77.80%
Run: 05, Epoch: 17, Loss: 0.3240
Run: 05, Epoch: 18, Loss: 0.3229
Run: 05, Epoch: 18, Train: 92.45%, Valid: 90.37% Test: 77.21%
Run: 05, Epoch: 19, Loss: 0.3195
Run: 05, Epoch: 20, Loss: 0.3245
Run: 05, Epoch: 20, Train: 92.56%, Valid: 90.57% Test: 77.36%
Run 05:
Highest Train: 92.56
Highest Valid: 90.57
  Final Train: 92.19
   Final Test: 77.80
Run: 06, Epoch: 01, Loss: 1.3515
Run: 06, Epoch: 02, Loss: 0.5532
Run: 06, Epoch: 03, Loss: 0.4718
Run: 06, Epoch: 04, Loss: 0.4271
Run: 06, Epoch: 05, Loss: 0.4066
Run: 06, Epoch: 06, Loss: 0.3940
Run: 06, Epoch: 07, Loss: 0.3797
Run: 06, Epoch: 08, Loss: 0.3652
Run: 06, Epoch: 09, Loss: 0.3590
Run: 06, Epoch: 10, Loss: 0.3584
Run: 06, Epoch: 10, Train: 91.48%, Valid: 90.17% Test: 77.65%
Run: 06, Epoch: 11, Loss: 0.3490
Run: 06, Epoch: 12, Loss: 0.3437
Run: 06, Epoch: 12, Train: 91.83%, Valid: 90.24% Test: 77.48%
Run: 06, Epoch: 13, Loss: 0.3415
Run: 06, Epoch: 14, Loss: 0.3334
Run: 06, Epoch: 14, Train: 91.75%, Valid: 89.94% Test: 77.68%
Run: 06, Epoch: 15, Loss: 0.3269
Run: 06, Epoch: 16, Loss: 0.3288
Run: 06, Epoch: 16, Train: 92.13%, Valid: 90.10% Test: 77.77%
Run: 06, Epoch: 17, Loss: 0.3329
Run: 06, Epoch: 18, Loss: 0.3280
Run: 06, Epoch: 18, Train: 92.28%, Valid: 90.47% Test: 78.13%
Run: 06, Epoch: 19, Loss: 0.3271
Run: 06, Epoch: 20, Loss: 0.3327
Run: 06, Epoch: 20, Train: 92.31%, Valid: 90.47% Test: 78.46%
Run 06:
Highest Train: 92.31
Highest Valid: 90.47
  Final Train: 92.28
   Final Test: 78.13
Run: 07, Epoch: 01, Loss: 1.3736
Run: 07, Epoch: 02, Loss: 0.5601
Run: 07, Epoch: 03, Loss: 0.4752
Run: 07, Epoch: 04, Loss: 0.4370
Run: 07, Epoch: 05, Loss: 0.4113
Run: 07, Epoch: 06, Loss: 0.3942
Run: 07, Epoch: 07, Loss: 0.3815
Run: 07, Epoch: 08, Loss: 0.3685
Run: 07, Epoch: 09, Loss: 0.3652
Run: 07, Epoch: 10, Loss: 0.3646
Run: 07, Epoch: 10, Train: 91.18%, Valid: 90.09% Test: 77.43%
Run: 07, Epoch: 11, Loss: 0.3521
Run: 07, Epoch: 12, Loss: 0.3464
Run: 07, Epoch: 12, Train: 91.62%, Valid: 90.14% Test: 77.29%
Run: 07, Epoch: 13, Loss: 0.3406
Run: 07, Epoch: 14, Loss: 0.3450
Run: 07, Epoch: 14, Train: 91.45%, Valid: 90.04% Test: 77.38%
Run: 07, Epoch: 15, Loss: 0.3340
Run: 07, Epoch: 16, Loss: 0.3363
Run: 07, Epoch: 16, Train: 92.00%, Valid: 90.15% Test: 77.42%
Run: 07, Epoch: 17, Loss: 0.3315
Run: 07, Epoch: 18, Loss: 0.3342
Run: 07, Epoch: 18, Train: 92.09%, Valid: 90.26% Test: 77.33%
Run: 07, Epoch: 19, Loss: 0.3233
Run: 07, Epoch: 20, Loss: 0.3275
Run: 07, Epoch: 20, Train: 92.34%, Valid: 90.44% Test: 77.49%
Run 07:
Highest Train: 92.34
Highest Valid: 90.44
  Final Train: 92.34
   Final Test: 77.49
Run: 08, Epoch: 01, Loss: 1.2743
Run: 08, Epoch: 02, Loss: 0.5442
Run: 08, Epoch: 03, Loss: 0.4678
Run: 08, Epoch: 04, Loss: 0.4276
Run: 08, Epoch: 05, Loss: 0.4001
Run: 08, Epoch: 06, Loss: 0.3898
Run: 08, Epoch: 07, Loss: 0.3719
Run: 08, Epoch: 08, Loss: 0.3696
Run: 08, Epoch: 09, Loss: 0.3593
Run: 08, Epoch: 10, Loss: 0.3501
Run: 08, Epoch: 10, Train: 91.40%, Valid: 90.15% Test: 77.85%
Run: 08, Epoch: 11, Loss: 0.3500
Run: 08, Epoch: 12, Loss: 0.3456
Run: 08, Epoch: 12, Train: 91.62%, Valid: 90.54% Test: 77.80%
Run: 08, Epoch: 13, Loss: 0.3387
Run: 08, Epoch: 14, Loss: 0.3365
Run: 08, Epoch: 14, Train: 91.84%, Valid: 90.37% Test: 78.33%
Run: 08, Epoch: 15, Loss: 0.3346
Run: 08, Epoch: 16, Loss: 0.3286
Run: 08, Epoch: 16, Train: 92.16%, Valid: 90.48% Test: 77.63%
Run: 08, Epoch: 17, Loss: 0.3299
Run: 08, Epoch: 18, Loss: 0.3329
Run: 08, Epoch: 18, Train: 92.16%, Valid: 90.45% Test: 77.37%
Run: 08, Epoch: 19, Loss: 0.3245
Run: 08, Epoch: 20, Loss: 0.3195
Run: 08, Epoch: 20, Train: 92.28%, Valid: 90.57% Test: 78.14%
Run 08:
Highest Train: 92.28
Highest Valid: 90.57
  Final Train: 92.28
   Final Test: 78.14
Run: 09, Epoch: 01, Loss: 1.3138
Run: 09, Epoch: 02, Loss: 0.5398
Run: 09, Epoch: 03, Loss: 0.4664
Run: 09, Epoch: 04, Loss: 0.4259
Run: 09, Epoch: 05, Loss: 0.4078
Run: 09, Epoch: 06, Loss: 0.3881
Run: 09, Epoch: 07, Loss: 0.3796
Run: 09, Epoch: 08, Loss: 0.3695
Run: 09, Epoch: 09, Loss: 0.3632
Run: 09, Epoch: 10, Loss: 0.3550
Run: 09, Epoch: 10, Train: 91.33%, Valid: 89.97% Test: 76.66%
Run: 09, Epoch: 11, Loss: 0.3489
Run: 09, Epoch: 12, Loss: 0.3391
Run: 09, Epoch: 12, Train: 91.67%, Valid: 90.08% Test: 77.57%
Run: 09, Epoch: 13, Loss: 0.3399
Run: 09, Epoch: 14, Loss: 0.3377
Run: 09, Epoch: 14, Train: 91.90%, Valid: 90.19% Test: 76.93%
Run: 09, Epoch: 15, Loss: 0.3317
Run: 09, Epoch: 16, Loss: 0.3343
Run: 09, Epoch: 16, Train: 91.97%, Valid: 90.33% Test: 77.59%
Run: 09, Epoch: 17, Loss: 0.3275
Run: 09, Epoch: 18, Loss: 0.3263
Run: 09, Epoch: 18, Train: 92.16%, Valid: 90.40% Test: 76.76%
Run: 09, Epoch: 19, Loss: 0.3229
Run: 09, Epoch: 20, Loss: 0.3174
Run: 09, Epoch: 20, Train: 92.37%, Valid: 90.42% Test: 77.59%
Run 09:
Highest Train: 92.37
Highest Valid: 90.42
  Final Train: 92.37
   Final Test: 77.59
Run: 10, Epoch: 01, Loss: 1.3444
Run: 10, Epoch: 02, Loss: 0.5543
Run: 10, Epoch: 03, Loss: 0.4694
Run: 10, Epoch: 04, Loss: 0.4286
Run: 10, Epoch: 05, Loss: 0.4080
Run: 10, Epoch: 06, Loss: 0.3896
Run: 10, Epoch: 07, Loss: 0.3738
Run: 10, Epoch: 08, Loss: 0.3699
Run: 10, Epoch: 09, Loss: 0.3646
Run: 10, Epoch: 10, Loss: 0.3534
Run: 10, Epoch: 10, Train: 91.18%, Valid: 89.79% Test: 77.70%
Run: 10, Epoch: 11, Loss: 0.3502
Run: 10, Epoch: 12, Loss: 0.3407
Run: 10, Epoch: 12, Train: 91.59%, Valid: 90.17% Test: 78.29%
Run: 10, Epoch: 13, Loss: 0.3372
Run: 10, Epoch: 14, Loss: 0.3388
Run: 10, Epoch: 14, Train: 91.84%, Valid: 90.04% Test: 78.43%
Run: 10, Epoch: 15, Loss: 0.3384
Run: 10, Epoch: 16, Loss: 0.3269
Run: 10, Epoch: 16, Train: 91.97%, Valid: 90.27% Test: 78.43%
Run: 10, Epoch: 17, Loss: 0.3270
Run: 10, Epoch: 18, Loss: 0.3273
Run: 10, Epoch: 18, Train: 92.21%, Valid: 90.31% Test: 77.58%
Run: 10, Epoch: 19, Loss: 0.3237
Run: 10, Epoch: 20, Loss: 0.3265
Run: 10, Epoch: 20, Train: 92.32%, Valid: 90.49% Test: 77.56%
Run 10:
Highest Train: 92.32
Highest Valid: 90.49
  Final Train: 92.32
   Final Test: 77.56
All runs:
Highest Train: 92.33 ± 0.10
Highest Valid: 90.52 ± 0.09
  Final Train: 92.19 ± 0.23
   Final Test: 77.57 ± 0.42
