Namespace(device=0, log_steps=1, inductive=False, num_layers=3, hidden_channels=256, dropout=0.5, batch_size=20000, walk_length=3, lr=0.01, num_steps=30, epochs=20, eval_steps=2, runs=10, rsv=0.25, al='mem', alpha=0.5)
tensor([147936, 100314,   1272,  ...,  63872,  62923, 125496]) 49154
tensor([222340, 232877, 217134,  ..., 229572, 228192, 207472]) 9830
Run: 01, Epoch: 01, Loss: 1.6871
Run: 01, Epoch: 02, Loss: 0.8526
Run: 01, Epoch: 03, Loss: 0.7451
Run: 01, Epoch: 04, Loss: 0.6994
Run: 01, Epoch: 05, Loss: 0.6756
Run: 01, Epoch: 06, Loss: 0.6491
Run: 01, Epoch: 07, Loss: 0.6260
Run: 01, Epoch: 08, Loss: 0.6225
Run: 01, Epoch: 09, Loss: 0.6100
Run: 01, Epoch: 10, Loss: 0.6021
Run: 01, Epoch: 10, Train: 84.84%, Valid: 90.80% Test: 78.03%
Run: 01, Epoch: 11, Loss: 0.5933
Run: 01, Epoch: 12, Loss: 0.5816
Run: 01, Epoch: 12, Train: 85.48%, Valid: 90.85% Test: 77.82%
Run: 01, Epoch: 13, Loss: 0.5770
Run: 01, Epoch: 14, Loss: 0.5774
Run: 01, Epoch: 14, Train: 85.66%, Valid: 90.72% Test: 78.65%
Run: 01, Epoch: 15, Loss: 0.5721
Run: 01, Epoch: 16, Loss: 0.5680
Run: 01, Epoch: 16, Train: 85.95%, Valid: 90.94% Test: 78.13%
Run: 01, Epoch: 17, Loss: 0.5696
Run: 01, Epoch: 18, Loss: 0.5613
Run: 01, Epoch: 18, Train: 86.30%, Valid: 91.31% Test: 77.95%
Run: 01, Epoch: 19, Loss: 0.5586
Run: 01, Epoch: 20, Loss: 0.5561
Run: 01, Epoch: 20, Train: 86.35%, Valid: 91.09% Test: 78.04%
Run 01:
Highest Train: 86.35
Highest Valid: 91.31
  Final Train: 86.30
   Final Test: 77.95
Run: 02, Epoch: 01, Loss: 1.7161
Run: 02, Epoch: 02, Loss: 0.8627
Run: 02, Epoch: 03, Loss: 0.7501
Run: 02, Epoch: 04, Loss: 0.7027
Run: 02, Epoch: 05, Loss: 0.6700
Run: 02, Epoch: 06, Loss: 0.6392
Run: 02, Epoch: 07, Loss: 0.6266
Run: 02, Epoch: 08, Loss: 0.6200
Run: 02, Epoch: 09, Loss: 0.6211
Run: 02, Epoch: 10, Loss: 0.6003
Run: 02, Epoch: 10, Train: 84.98%, Valid: 90.79% Test: 77.75%
Run: 02, Epoch: 11, Loss: 0.5930
Run: 02, Epoch: 12, Loss: 0.5884
Run: 02, Epoch: 12, Train: 85.47%, Valid: 90.91% Test: 77.64%
Run: 02, Epoch: 13, Loss: 0.5739
Run: 02, Epoch: 14, Loss: 0.5741
Run: 02, Epoch: 14, Train: 85.73%, Valid: 91.02% Test: 78.34%
Run: 02, Epoch: 15, Loss: 0.5717
Run: 02, Epoch: 16, Loss: 0.5721
Run: 02, Epoch: 16, Train: 85.89%, Valid: 91.05% Test: 78.59%
Run: 02, Epoch: 17, Loss: 0.5681
Run: 02, Epoch: 18, Loss: 0.5672
Run: 02, Epoch: 18, Train: 86.27%, Valid: 90.91% Test: 77.99%
Run: 02, Epoch: 19, Loss: 0.5582
Run: 02, Epoch: 20, Loss: 0.5627
Run: 02, Epoch: 20, Train: 86.10%, Valid: 91.06% Test: 78.34%
Run 02:
Highest Train: 86.27
Highest Valid: 91.06
  Final Train: 86.10
   Final Test: 78.34
Run: 03, Epoch: 01, Loss: 1.7143
Run: 03, Epoch: 02, Loss: 0.8575
Run: 03, Epoch: 03, Loss: 0.7571
Run: 03, Epoch: 04, Loss: 0.7128
Run: 03, Epoch: 05, Loss: 0.6698
Run: 03, Epoch: 06, Loss: 0.6553
Run: 03, Epoch: 07, Loss: 0.6372
Run: 03, Epoch: 08, Loss: 0.6223
Run: 03, Epoch: 09, Loss: 0.6142
Run: 03, Epoch: 10, Loss: 0.6025
Run: 03, Epoch: 10, Train: 84.76%, Valid: 90.54% Test: 77.73%
Run: 03, Epoch: 11, Loss: 0.5930
Run: 03, Epoch: 12, Loss: 0.5937
Run: 03, Epoch: 12, Train: 85.26%, Valid: 90.61% Test: 77.25%
Run: 03, Epoch: 13, Loss: 0.5888
Run: 03, Epoch: 14, Loss: 0.5783
Run: 03, Epoch: 14, Train: 85.65%, Valid: 90.66% Test: 77.74%
Run: 03, Epoch: 15, Loss: 0.5803
Run: 03, Epoch: 16, Loss: 0.5794
Run: 03, Epoch: 16, Train: 85.63%, Valid: 90.94% Test: 78.02%
Run: 03, Epoch: 17, Loss: 0.5679
Run: 03, Epoch: 18, Loss: 0.5734
Run: 03, Epoch: 18, Train: 85.86%, Valid: 90.98% Test: 78.28%
Run: 03, Epoch: 19, Loss: 0.5622
Run: 03, Epoch: 20, Loss: 0.5666
Run: 03, Epoch: 20, Train: 86.01%, Valid: 90.94% Test: 77.53%
Run 03:
Highest Train: 86.01
Highest Valid: 90.98
  Final Train: 85.86
   Final Test: 78.28
Run: 04, Epoch: 01, Loss: 1.6742
Run: 04, Epoch: 02, Loss: 0.8529
Run: 04, Epoch: 03, Loss: 0.7428
Run: 04, Epoch: 04, Loss: 0.6961
Run: 04, Epoch: 05, Loss: 0.6700
Run: 04, Epoch: 06, Loss: 0.6541
Run: 04, Epoch: 07, Loss: 0.6407
Run: 04, Epoch: 08, Loss: 0.6233
Run: 04, Epoch: 09, Loss: 0.6155
Run: 04, Epoch: 10, Loss: 0.6042
Run: 04, Epoch: 10, Train: 85.09%, Valid: 91.10% Test: 78.28%
Run: 04, Epoch: 11, Loss: 0.5950
Run: 04, Epoch: 12, Loss: 0.5905
Run: 04, Epoch: 12, Train: 85.46%, Valid: 90.80% Test: 78.10%
Run: 04, Epoch: 13, Loss: 0.5798
Run: 04, Epoch: 14, Loss: 0.5719
Run: 04, Epoch: 14, Train: 85.71%, Valid: 91.33% Test: 77.26%
Run: 04, Epoch: 15, Loss: 0.5825
Run: 04, Epoch: 16, Loss: 0.5799
Run: 04, Epoch: 16, Train: 85.67%, Valid: 91.11% Test: 78.30%
Run: 04, Epoch: 17, Loss: 0.5731
Run: 04, Epoch: 18, Loss: 0.5753
Run: 04, Epoch: 18, Train: 86.04%, Valid: 90.97% Test: 77.59%
Run: 04, Epoch: 19, Loss: 0.5678
Run: 04, Epoch: 20, Loss: 0.5553
Run: 04, Epoch: 20, Train: 86.30%, Valid: 90.96% Test: 77.94%
Run 04:
Highest Train: 86.30
Highest Valid: 91.33
  Final Train: 85.71
   Final Test: 77.26
Run: 05, Epoch: 01, Loss: 1.5916
Run: 05, Epoch: 02, Loss: 0.8350
Run: 05, Epoch: 03, Loss: 0.7405
Run: 05, Epoch: 04, Loss: 0.6868
Run: 05, Epoch: 05, Loss: 0.6585
Run: 05, Epoch: 06, Loss: 0.6352
Run: 05, Epoch: 07, Loss: 0.6284
Run: 05, Epoch: 08, Loss: 0.6183
Run: 05, Epoch: 09, Loss: 0.6022
Run: 05, Epoch: 10, Loss: 0.5964
Run: 05, Epoch: 10, Train: 85.08%, Valid: 90.72% Test: 77.93%
Run: 05, Epoch: 11, Loss: 0.5910
Run: 05, Epoch: 12, Loss: 0.5809
Run: 05, Epoch: 12, Train: 85.55%, Valid: 90.98% Test: 77.01%
Run: 05, Epoch: 13, Loss: 0.5804
Run: 05, Epoch: 14, Loss: 0.5789
Run: 05, Epoch: 14, Train: 85.51%, Valid: 90.85% Test: 77.92%
Run: 05, Epoch: 15, Loss: 0.5764
Run: 05, Epoch: 16, Loss: 0.5692
Run: 05, Epoch: 16, Train: 85.81%, Valid: 90.97% Test: 77.62%
Run: 05, Epoch: 17, Loss: 0.5616
Run: 05, Epoch: 18, Loss: 0.5542
Run: 05, Epoch: 18, Train: 86.04%, Valid: 91.08% Test: 77.85%
Run: 05, Epoch: 19, Loss: 0.5539
Run: 05, Epoch: 20, Loss: 0.5598
Run: 05, Epoch: 20, Train: 86.67%, Valid: 91.08% Test: 77.87%
Run 05:
Highest Train: 86.67
Highest Valid: 91.08
  Final Train: 86.04
   Final Test: 77.85
Run: 06, Epoch: 01, Loss: 1.5900
Run: 06, Epoch: 02, Loss: 0.8284
Run: 06, Epoch: 03, Loss: 0.7399
Run: 06, Epoch: 04, Loss: 0.6851
Run: 06, Epoch: 05, Loss: 0.6638
Run: 06, Epoch: 06, Loss: 0.6459
Run: 06, Epoch: 07, Loss: 0.6321
Run: 06, Epoch: 08, Loss: 0.6119
Run: 06, Epoch: 09, Loss: 0.5987
Run: 06, Epoch: 10, Loss: 0.6008
Run: 06, Epoch: 10, Train: 85.31%, Valid: 90.96% Test: 78.31%
Run: 06, Epoch: 11, Loss: 0.5858
Run: 06, Epoch: 12, Loss: 0.5837
Run: 06, Epoch: 12, Train: 85.65%, Valid: 90.64% Test: 77.49%
Run: 06, Epoch: 13, Loss: 0.5781
Run: 06, Epoch: 14, Loss: 0.5645
Run: 06, Epoch: 14, Train: 85.94%, Valid: 90.96% Test: 78.33%
Run: 06, Epoch: 15, Loss: 0.5644
Run: 06, Epoch: 16, Loss: 0.5694
Run: 06, Epoch: 16, Train: 86.15%, Valid: 90.97% Test: 77.79%
Run: 06, Epoch: 17, Loss: 0.5657
Run: 06, Epoch: 18, Loss: 0.5594
Run: 06, Epoch: 18, Train: 86.34%, Valid: 90.85% Test: 77.97%
Run: 06, Epoch: 19, Loss: 0.5638
Run: 06, Epoch: 20, Loss: 0.5660
Run: 06, Epoch: 20, Train: 86.47%, Valid: 91.11% Test: 78.06%
Run 06:
Highest Train: 86.47
Highest Valid: 91.11
  Final Train: 86.47
   Final Test: 78.06
Run: 07, Epoch: 01, Loss: 1.6966
Run: 07, Epoch: 02, Loss: 0.8584
Run: 07, Epoch: 03, Loss: 0.7653
Run: 07, Epoch: 04, Loss: 0.7054
Run: 07, Epoch: 05, Loss: 0.6779
Run: 07, Epoch: 06, Loss: 0.6559
Run: 07, Epoch: 07, Loss: 0.6340
Run: 07, Epoch: 08, Loss: 0.6217
Run: 07, Epoch: 09, Loss: 0.6114
Run: 07, Epoch: 10, Loss: 0.6161
Run: 07, Epoch: 10, Train: 84.94%, Valid: 90.73% Test: 77.50%
Run: 07, Epoch: 11, Loss: 0.5990
Run: 07, Epoch: 12, Loss: 0.5950
Run: 07, Epoch: 12, Train: 84.87%, Valid: 90.85% Test: 77.35%
Run: 07, Epoch: 13, Loss: 0.5850
Run: 07, Epoch: 14, Loss: 0.5769
Run: 07, Epoch: 14, Train: 85.52%, Valid: 90.96% Test: 78.50%
Run: 07, Epoch: 15, Loss: 0.5760
Run: 07, Epoch: 16, Loss: 0.5808
Run: 07, Epoch: 16, Train: 85.75%, Valid: 90.76% Test: 77.35%
Run: 07, Epoch: 17, Loss: 0.5676
Run: 07, Epoch: 18, Loss: 0.5675
Run: 07, Epoch: 18, Train: 86.05%, Valid: 91.09% Test: 77.92%
Run: 07, Epoch: 19, Loss: 0.5687
Run: 07, Epoch: 20, Loss: 0.5692
Run: 07, Epoch: 20, Train: 85.97%, Valid: 91.06% Test: 78.14%
Run 07:
Highest Train: 86.05
Highest Valid: 91.09
  Final Train: 86.05
   Final Test: 77.92
Run: 08, Epoch: 01, Loss: 1.5136
Run: 08, Epoch: 02, Loss: 0.8313
Run: 08, Epoch: 03, Loss: 0.7316
Run: 08, Epoch: 04, Loss: 0.6818
Run: 08, Epoch: 05, Loss: 0.6594
Run: 08, Epoch: 06, Loss: 0.6364
Run: 08, Epoch: 07, Loss: 0.6193
Run: 08, Epoch: 08, Loss: 0.6131
Run: 08, Epoch: 09, Loss: 0.6080
Run: 08, Epoch: 10, Loss: 0.5958
Run: 08, Epoch: 10, Train: 84.96%, Valid: 91.09% Test: 77.39%
Run: 08, Epoch: 11, Loss: 0.5939
Run: 08, Epoch: 12, Loss: 0.5787
Run: 08, Epoch: 12, Train: 85.59%, Valid: 91.18% Test: 77.65%
Run: 08, Epoch: 13, Loss: 0.5679
Run: 08, Epoch: 14, Loss: 0.5716
Run: 08, Epoch: 14, Train: 86.15%, Valid: 91.07% Test: 77.77%
Run: 08, Epoch: 15, Loss: 0.5677
Run: 08, Epoch: 16, Loss: 0.5674
Run: 08, Epoch: 16, Train: 86.19%, Valid: 91.00% Test: 77.66%
Run: 08, Epoch: 17, Loss: 0.5679
Run: 08, Epoch: 18, Loss: 0.5752
Run: 08, Epoch: 18, Train: 86.42%, Valid: 90.97% Test: 77.39%
Run: 08, Epoch: 19, Loss: 0.5568
Run: 08, Epoch: 20, Loss: 0.5632
Run: 08, Epoch: 20, Train: 86.30%, Valid: 91.14% Test: 77.82%
Run 08:
Highest Train: 86.42
Highest Valid: 91.18
  Final Train: 85.59
   Final Test: 77.65
Run: 09, Epoch: 01, Loss: 1.5608
Run: 09, Epoch: 02, Loss: 0.8225
Run: 09, Epoch: 03, Loss: 0.7260
Run: 09, Epoch: 04, Loss: 0.6826
Run: 09, Epoch: 05, Loss: 0.6551
Run: 09, Epoch: 06, Loss: 0.6314
Run: 09, Epoch: 07, Loss: 0.6228
Run: 09, Epoch: 08, Loss: 0.6130
Run: 09, Epoch: 09, Loss: 0.6064
Run: 09, Epoch: 10, Loss: 0.5969
Run: 09, Epoch: 10, Train: 85.14%, Valid: 90.99% Test: 77.42%
Run: 09, Epoch: 11, Loss: 0.5877
Run: 09, Epoch: 12, Loss: 0.5790
Run: 09, Epoch: 12, Train: 85.21%, Valid: 90.94% Test: 78.20%
Run: 09, Epoch: 13, Loss: 0.5812
Run: 09, Epoch: 14, Loss: 0.5751
Run: 09, Epoch: 14, Train: 85.89%, Valid: 90.94% Test: 77.43%
Run: 09, Epoch: 15, Loss: 0.5685
Run: 09, Epoch: 16, Loss: 0.5606
Run: 09, Epoch: 16, Train: 86.18%, Valid: 91.00% Test: 78.15%
Run: 09, Epoch: 17, Loss: 0.5502
Run: 09, Epoch: 18, Loss: 0.5476
Run: 09, Epoch: 18, Train: 86.61%, Valid: 91.22% Test: 77.76%
Run: 09, Epoch: 19, Loss: 0.5476
Run: 09, Epoch: 20, Loss: 0.5504
Run: 09, Epoch: 20, Train: 86.68%, Valid: 91.00% Test: 78.01%
Run 09:
Highest Train: 86.68
Highest Valid: 91.22
  Final Train: 86.61
   Final Test: 77.76
Run: 10, Epoch: 01, Loss: 1.6183
Run: 10, Epoch: 02, Loss: 0.8431
Run: 10, Epoch: 03, Loss: 0.7446
Run: 10, Epoch: 04, Loss: 0.7012
Run: 10, Epoch: 05, Loss: 0.6738
Run: 10, Epoch: 06, Loss: 0.6531
Run: 10, Epoch: 07, Loss: 0.6222
Run: 10, Epoch: 08, Loss: 0.6234
Run: 10, Epoch: 09, Loss: 0.6176
Run: 10, Epoch: 10, Loss: 0.5977
Run: 10, Epoch: 10, Train: 85.04%, Valid: 90.82% Test: 78.11%
Run: 10, Epoch: 11, Loss: 0.5952
Run: 10, Epoch: 12, Loss: 0.5856
Run: 10, Epoch: 12, Train: 85.28%, Valid: 91.06% Test: 78.23%
Run: 10, Epoch: 13, Loss: 0.5868
Run: 10, Epoch: 14, Loss: 0.5780
Run: 10, Epoch: 14, Train: 85.42%, Valid: 90.82% Test: 78.14%
Run: 10, Epoch: 15, Loss: 0.5869
Run: 10, Epoch: 16, Loss: 0.5714
Run: 10, Epoch: 16, Train: 85.79%, Valid: 91.12% Test: 78.06%
Run: 10, Epoch: 17, Loss: 0.5700
Run: 10, Epoch: 18, Loss: 0.5652
Run: 10, Epoch: 18, Train: 86.15%, Valid: 91.23% Test: 78.30%
Run: 10, Epoch: 19, Loss: 0.5620
Run: 10, Epoch: 20, Loss: 0.5683
Run: 10, Epoch: 20, Train: 86.21%, Valid: 91.35% Test: 77.89%
Run 10:
Highest Train: 86.21
Highest Valid: 91.35
  Final Train: 86.21
   Final Test: 77.89
All runs:
Highest Train: 86.34 ± 0.23
Highest Valid: 91.17 ± 0.13
  Final Train: 86.09 ± 0.32
   Final Test: 77.90 ± 0.31
