Namespace(device=0, log_steps=1, inductive=False, num_layers=3, hidden_channels=256, dropout=0.5, batch_size=20000, walk_length=3, lr=0.01, num_steps=30, epochs=20, eval_steps=2, runs=10, rsv=0.25, al='mem', alpha=0.4)
tensor([147936, 100314,   1272,  ..., 104022,  87721, 139868]) 49154
tensor([222340, 232877, 217134,  ..., 229572, 228192, 207472]) 9830
Run: 01, Epoch: 01, Loss: 1.7159
Run: 01, Epoch: 02, Loss: 0.9756
Run: 01, Epoch: 03, Loss: 0.8666
Run: 01, Epoch: 04, Loss: 0.8198
Run: 01, Epoch: 05, Loss: 0.7898
Run: 01, Epoch: 06, Loss: 0.7563
Run: 01, Epoch: 07, Loss: 0.7356
Run: 01, Epoch: 08, Loss: 0.7333
Run: 01, Epoch: 09, Loss: 0.7176
Run: 01, Epoch: 10, Loss: 0.7115
Run: 01, Epoch: 10, Train: 81.69%, Valid: 90.96% Test: 78.05%
Run: 01, Epoch: 11, Loss: 0.7090
Run: 01, Epoch: 12, Loss: 0.6958
Run: 01, Epoch: 12, Train: 82.24%, Valid: 90.86% Test: 77.80%
Run: 01, Epoch: 13, Loss: 0.6941
Run: 01, Epoch: 14, Loss: 0.6912
Run: 01, Epoch: 14, Train: 82.87%, Valid: 91.23% Test: 78.48%
Run: 01, Epoch: 15, Loss: 0.6798
Run: 01, Epoch: 16, Loss: 0.6845
Run: 01, Epoch: 16, Train: 82.96%, Valid: 91.20% Test: 78.38%
Run: 01, Epoch: 17, Loss: 0.6794
Run: 01, Epoch: 18, Loss: 0.6784
Run: 01, Epoch: 18, Train: 83.40%, Valid: 91.59% Test: 78.07%
Run: 01, Epoch: 19, Loss: 0.6704
Run: 01, Epoch: 20, Loss: 0.6718
Run: 01, Epoch: 20, Train: 83.42%, Valid: 91.44% Test: 78.02%
Run 01:
Highest Train: 83.42
Highest Valid: 91.59
  Final Train: 83.40
   Final Test: 78.07
Run: 02, Epoch: 01, Loss: 1.6641
Run: 02, Epoch: 02, Loss: 0.9688
Run: 02, Epoch: 03, Loss: 0.8618
Run: 02, Epoch: 04, Loss: 0.8160
Run: 02, Epoch: 05, Loss: 0.7811
Run: 02, Epoch: 06, Loss: 0.7545
Run: 02, Epoch: 07, Loss: 0.7363
Run: 02, Epoch: 08, Loss: 0.7272
Run: 02, Epoch: 09, Loss: 0.7196
Run: 02, Epoch: 10, Loss: 0.7090
Run: 02, Epoch: 10, Train: 81.95%, Valid: 91.23% Test: 78.00%
Run: 02, Epoch: 11, Loss: 0.7015
Run: 02, Epoch: 12, Loss: 0.7020
Run: 02, Epoch: 12, Train: 82.45%, Valid: 91.18% Test: 77.35%
Run: 02, Epoch: 13, Loss: 0.6881
Run: 02, Epoch: 14, Loss: 0.6893
Run: 02, Epoch: 14, Train: 82.88%, Valid: 91.13% Test: 77.98%
Run: 02, Epoch: 15, Loss: 0.6859
Run: 02, Epoch: 16, Loss: 0.6810
Run: 02, Epoch: 16, Train: 82.74%, Valid: 91.05% Test: 78.09%
Run: 02, Epoch: 17, Loss: 0.6760
Run: 02, Epoch: 18, Loss: 0.6701
Run: 02, Epoch: 18, Train: 83.16%, Valid: 91.17% Test: 77.52%
Run: 02, Epoch: 19, Loss: 0.6663
Run: 02, Epoch: 20, Loss: 0.6691
Run: 02, Epoch: 20, Train: 83.35%, Valid: 91.23% Test: 78.07%
Run 02:
Highest Train: 83.35
Highest Valid: 91.23
  Final Train: 81.95
   Final Test: 78.00
Run: 03, Epoch: 01, Loss: 1.7398
Run: 03, Epoch: 02, Loss: 0.9759
Run: 03, Epoch: 03, Loss: 0.8774
Run: 03, Epoch: 04, Loss: 0.8271
Run: 03, Epoch: 05, Loss: 0.7898
Run: 03, Epoch: 06, Loss: 0.7760
Run: 03, Epoch: 07, Loss: 0.7554
Run: 03, Epoch: 08, Loss: 0.7454
Run: 03, Epoch: 09, Loss: 0.7306
Run: 03, Epoch: 10, Loss: 0.7126
Run: 03, Epoch: 10, Train: 81.76%, Valid: 90.81% Test: 77.96%
Run: 03, Epoch: 11, Loss: 0.7130
Run: 03, Epoch: 12, Loss: 0.7157
Run: 03, Epoch: 12, Train: 82.05%, Valid: 90.82% Test: 77.82%
Run: 03, Epoch: 13, Loss: 0.7088
Run: 03, Epoch: 14, Loss: 0.6972
Run: 03, Epoch: 14, Train: 82.37%, Valid: 90.77% Test: 78.51%
Run: 03, Epoch: 15, Loss: 0.6988
Run: 03, Epoch: 16, Loss: 0.6936
Run: 03, Epoch: 16, Train: 82.57%, Valid: 90.94% Test: 78.21%
Run: 03, Epoch: 17, Loss: 0.6844
Run: 03, Epoch: 18, Loss: 0.6793
Run: 03, Epoch: 18, Train: 82.92%, Valid: 91.09% Test: 78.71%
Run: 03, Epoch: 19, Loss: 0.6777
Run: 03, Epoch: 20, Loss: 0.6712
Run: 03, Epoch: 20, Train: 83.24%, Valid: 91.16% Test: 77.83%
Run 03:
Highest Train: 83.24
Highest Valid: 91.16
  Final Train: 83.24
   Final Test: 77.83
Run: 04, Epoch: 01, Loss: 1.7706
Run: 04, Epoch: 02, Loss: 0.9887
Run: 04, Epoch: 03, Loss: 0.8707
Run: 04, Epoch: 04, Loss: 0.8181
Run: 04, Epoch: 05, Loss: 0.7854
Run: 04, Epoch: 06, Loss: 0.7760
Run: 04, Epoch: 07, Loss: 0.7561
Run: 04, Epoch: 08, Loss: 0.7345
Run: 04, Epoch: 09, Loss: 0.7247
Run: 04, Epoch: 10, Loss: 0.7151
Run: 04, Epoch: 10, Train: 81.86%, Valid: 90.78% Test: 78.28%
Run: 04, Epoch: 11, Loss: 0.7025
Run: 04, Epoch: 12, Loss: 0.6952
Run: 04, Epoch: 12, Train: 82.35%, Valid: 90.78% Test: 77.11%
Run: 04, Epoch: 13, Loss: 0.6992
Run: 04, Epoch: 14, Loss: 0.6848
Run: 04, Epoch: 14, Train: 82.60%, Valid: 91.17% Test: 77.52%
Run: 04, Epoch: 15, Loss: 0.6875
Run: 04, Epoch: 16, Loss: 0.6990
Run: 04, Epoch: 16, Train: 82.86%, Valid: 90.93% Test: 78.02%
Run: 04, Epoch: 17, Loss: 0.6861
Run: 04, Epoch: 18, Loss: 0.6834
Run: 04, Epoch: 18, Train: 83.16%, Valid: 91.10% Test: 77.96%
Run: 04, Epoch: 19, Loss: 0.6738
Run: 04, Epoch: 20, Loss: 0.6678
Run: 04, Epoch: 20, Train: 83.00%, Valid: 91.21% Test: 78.33%
Run 04:
Highest Train: 83.16
Highest Valid: 91.21
  Final Train: 83.00
   Final Test: 78.33
Run: 05, Epoch: 01, Loss: 1.6344
Run: 05, Epoch: 02, Loss: 0.9650
Run: 05, Epoch: 03, Loss: 0.8626
Run: 05, Epoch: 04, Loss: 0.8086
Run: 05, Epoch: 05, Loss: 0.7795
Run: 05, Epoch: 06, Loss: 0.7510
Run: 05, Epoch: 07, Loss: 0.7430
Run: 05, Epoch: 08, Loss: 0.7231
Run: 05, Epoch: 09, Loss: 0.7190
Run: 05, Epoch: 10, Loss: 0.7104
Run: 05, Epoch: 10, Train: 81.93%, Valid: 90.73% Test: 77.32%
Run: 05, Epoch: 11, Loss: 0.7008
Run: 05, Epoch: 12, Loss: 0.6937
Run: 05, Epoch: 12, Train: 82.51%, Valid: 91.00% Test: 77.90%
Run: 05, Epoch: 13, Loss: 0.6848
Run: 05, Epoch: 14, Loss: 0.6797
Run: 05, Epoch: 14, Train: 82.94%, Valid: 91.08% Test: 78.05%
Run: 05, Epoch: 15, Loss: 0.6728
Run: 05, Epoch: 16, Loss: 0.6710
Run: 05, Epoch: 16, Train: 82.99%, Valid: 91.19% Test: 77.90%
Run: 05, Epoch: 17, Loss: 0.6652
Run: 05, Epoch: 18, Loss: 0.6636
Run: 05, Epoch: 18, Train: 83.40%, Valid: 91.09% Test: 78.09%
Run: 05, Epoch: 19, Loss: 0.6583
Run: 05, Epoch: 20, Loss: 0.6622
Run: 05, Epoch: 20, Train: 83.79%, Valid: 91.12% Test: 77.99%
Run 05:
Highest Train: 83.79
Highest Valid: 91.19
  Final Train: 82.99
   Final Test: 77.90
Run: 06, Epoch: 01, Loss: 1.6756
Run: 06, Epoch: 02, Loss: 0.9590
Run: 06, Epoch: 03, Loss: 0.8662
Run: 06, Epoch: 04, Loss: 0.8044
Run: 06, Epoch: 05, Loss: 0.7765
Run: 06, Epoch: 06, Loss: 0.7652
Run: 06, Epoch: 07, Loss: 0.7426
Run: 06, Epoch: 08, Loss: 0.7242
Run: 06, Epoch: 09, Loss: 0.7152
Run: 06, Epoch: 10, Loss: 0.7114
Run: 06, Epoch: 10, Train: 82.19%, Valid: 90.90% Test: 77.83%
Run: 06, Epoch: 11, Loss: 0.6941
Run: 06, Epoch: 12, Loss: 0.6992
Run: 06, Epoch: 12, Train: 82.50%, Valid: 90.97% Test: 77.22%
Run: 06, Epoch: 13, Loss: 0.6898
Run: 06, Epoch: 14, Loss: 0.6868
Run: 06, Epoch: 14, Train: 82.62%, Valid: 91.04% Test: 77.92%
Run: 06, Epoch: 15, Loss: 0.6797
Run: 06, Epoch: 16, Loss: 0.6754
Run: 06, Epoch: 16, Train: 83.06%, Valid: 91.38% Test: 78.37%
Run: 06, Epoch: 17, Loss: 0.6823
Run: 06, Epoch: 18, Loss: 0.6771
Run: 06, Epoch: 18, Train: 83.30%, Valid: 91.26% Test: 77.54%
Run: 06, Epoch: 19, Loss: 0.6752
Run: 06, Epoch: 20, Loss: 0.6695
Run: 06, Epoch: 20, Train: 83.76%, Valid: 91.00% Test: 77.96%
Run 06:
Highest Train: 83.76
Highest Valid: 91.38
  Final Train: 83.06
   Final Test: 78.37
Run: 07, Epoch: 01, Loss: 1.6754
Run: 07, Epoch: 02, Loss: 0.9624
Run: 07, Epoch: 03, Loss: 0.8697
Run: 07, Epoch: 04, Loss: 0.8157
Run: 07, Epoch: 05, Loss: 0.7835
Run: 07, Epoch: 06, Loss: 0.7635
Run: 07, Epoch: 07, Loss: 0.7380
Run: 07, Epoch: 08, Loss: 0.7257
Run: 07, Epoch: 09, Loss: 0.7180
Run: 07, Epoch: 10, Loss: 0.7151
Run: 07, Epoch: 10, Train: 82.29%, Valid: 90.94% Test: 77.61%
Run: 07, Epoch: 11, Loss: 0.7095
Run: 07, Epoch: 12, Loss: 0.6996
Run: 07, Epoch: 12, Train: 82.20%, Valid: 90.90% Test: 77.39%
Run: 07, Epoch: 13, Loss: 0.6955
Run: 07, Epoch: 14, Loss: 0.6903
Run: 07, Epoch: 14, Train: 82.68%, Valid: 91.15% Test: 78.03%
Run: 07, Epoch: 15, Loss: 0.6860
Run: 07, Epoch: 16, Loss: 0.6885
Run: 07, Epoch: 16, Train: 83.27%, Valid: 91.08% Test: 77.75%
Run: 07, Epoch: 17, Loss: 0.6787
Run: 07, Epoch: 18, Loss: 0.6741
Run: 07, Epoch: 18, Train: 83.35%, Valid: 91.15% Test: 78.29%
Run: 07, Epoch: 19, Loss: 0.6778
Run: 07, Epoch: 20, Loss: 0.6710
Run: 07, Epoch: 20, Train: 83.79%, Valid: 91.41% Test: 77.77%
Run 07:
Highest Train: 83.79
Highest Valid: 91.41
  Final Train: 83.79
   Final Test: 77.77
Run: 08, Epoch: 01, Loss: 1.7096
Run: 08, Epoch: 02, Loss: 0.9748
Run: 08, Epoch: 03, Loss: 0.8623
Run: 08, Epoch: 04, Loss: 0.8066
Run: 08, Epoch: 05, Loss: 0.7825
Run: 08, Epoch: 06, Loss: 0.7578
Run: 08, Epoch: 07, Loss: 0.7364
Run: 08, Epoch: 08, Loss: 0.7370
Run: 08, Epoch: 09, Loss: 0.7310
Run: 08, Epoch: 10, Loss: 0.7143
Run: 08, Epoch: 10, Train: 81.86%, Valid: 90.96% Test: 77.47%
Run: 08, Epoch: 11, Loss: 0.7047
Run: 08, Epoch: 12, Loss: 0.6923
Run: 08, Epoch: 12, Train: 82.36%, Valid: 90.87% Test: 78.07%
Run: 08, Epoch: 13, Loss: 0.6820
Run: 08, Epoch: 14, Loss: 0.6800
Run: 08, Epoch: 14, Train: 82.72%, Valid: 91.43% Test: 78.36%
Run: 08, Epoch: 15, Loss: 0.6770
Run: 08, Epoch: 16, Loss: 0.6781
Run: 08, Epoch: 16, Train: 83.00%, Valid: 91.27% Test: 78.04%
Run: 08, Epoch: 17, Loss: 0.6772
Run: 08, Epoch: 18, Loss: 0.6761
Run: 08, Epoch: 18, Train: 83.45%, Valid: 91.26% Test: 77.99%
Run: 08, Epoch: 19, Loss: 0.6607
Run: 08, Epoch: 20, Loss: 0.6623
Run: 08, Epoch: 20, Train: 83.43%, Valid: 91.34% Test: 78.57%
Run 08:
Highest Train: 83.45
Highest Valid: 91.43
  Final Train: 82.72
   Final Test: 78.36
Run: 09, Epoch: 01, Loss: 1.7035
Run: 09, Epoch: 02, Loss: 0.9725
Run: 09, Epoch: 03, Loss: 0.8633
Run: 09, Epoch: 04, Loss: 0.8138
Run: 09, Epoch: 05, Loss: 0.7851
Run: 09, Epoch: 06, Loss: 0.7501
Run: 09, Epoch: 07, Loss: 0.7393
Run: 09, Epoch: 08, Loss: 0.7367
Run: 09, Epoch: 09, Loss: 0.7191
Run: 09, Epoch: 10, Loss: 0.7069
Run: 09, Epoch: 10, Train: 81.84%, Valid: 90.72% Test: 77.21%
Run: 09, Epoch: 11, Loss: 0.6994
Run: 09, Epoch: 12, Loss: 0.6875
Run: 09, Epoch: 12, Train: 82.48%, Valid: 91.03% Test: 78.04%
Run: 09, Epoch: 13, Loss: 0.6944
Run: 09, Epoch: 14, Loss: 0.6916
Run: 09, Epoch: 14, Train: 82.80%, Valid: 90.91% Test: 77.50%
Run: 09, Epoch: 15, Loss: 0.6803
Run: 09, Epoch: 16, Loss: 0.6782
Run: 09, Epoch: 16, Train: 82.99%, Valid: 91.16% Test: 77.97%
Run: 09, Epoch: 17, Loss: 0.6658
Run: 09, Epoch: 18, Loss: 0.6696
Run: 09, Epoch: 18, Train: 83.54%, Valid: 91.12% Test: 77.88%
Run: 09, Epoch: 19, Loss: 0.6611
Run: 09, Epoch: 20, Loss: 0.6660
Run: 09, Epoch: 20, Train: 83.60%, Valid: 91.14% Test: 78.13%
Run 09:
Highest Train: 83.60
Highest Valid: 91.16
  Final Train: 82.99
   Final Test: 77.97
Run: 10, Epoch: 01, Loss: 1.7111
Run: 10, Epoch: 02, Loss: 0.9782
Run: 10, Epoch: 03, Loss: 0.8658
Run: 10, Epoch: 04, Loss: 0.8233
Run: 10, Epoch: 05, Loss: 0.7918
Run: 10, Epoch: 06, Loss: 0.7612
Run: 10, Epoch: 07, Loss: 0.7354
Run: 10, Epoch: 08, Loss: 0.7422
Run: 10, Epoch: 09, Loss: 0.7258
Run: 10, Epoch: 10, Loss: 0.7101
Run: 10, Epoch: 10, Train: 81.92%, Valid: 90.96% Test: 77.60%
Run: 10, Epoch: 11, Loss: 0.7036
Run: 10, Epoch: 12, Loss: 0.6967
Run: 10, Epoch: 12, Train: 82.31%, Valid: 91.26% Test: 78.15%
Run: 10, Epoch: 13, Loss: 0.7005
Run: 10, Epoch: 14, Loss: 0.6881
Run: 10, Epoch: 14, Train: 82.63%, Valid: 91.03% Test: 77.77%
Run: 10, Epoch: 15, Loss: 0.6887
Run: 10, Epoch: 16, Loss: 0.6744
Run: 10, Epoch: 16, Train: 82.90%, Valid: 91.07% Test: 77.65%
Run: 10, Epoch: 17, Loss: 0.6781
Run: 10, Epoch: 18, Loss: 0.6734
Run: 10, Epoch: 18, Train: 82.94%, Valid: 91.23% Test: 78.20%
Run: 10, Epoch: 19, Loss: 0.6801
Run: 10, Epoch: 20, Loss: 0.6824
Run: 10, Epoch: 20, Train: 83.38%, Valid: 91.34% Test: 78.09%
Run 10:
Highest Train: 83.38
Highest Valid: 91.34
  Final Train: 83.38
   Final Test: 78.09
All runs:
Highest Train: 83.49 ± 0.23
Highest Valid: 91.31 ± 0.14
  Final Train: 83.05 ± 0.49
   Final Test: 78.07 ± 0.22
