Namespace(device=0, log_steps=1, inductive=False, num_layers=3, hidden_channels=256, dropout=0.5, batch_size=20000, walk_length=3, lr=0.01, num_steps=30, epochs=20, eval_steps=2, runs=10, rsv=0.25, al='mem', alpha=0.3)
tensor([189285, 147936, 100314,  ..., 189230,  87748,  34130]) 49154
tensor([222340, 232877, 217134,  ..., 229572, 228192, 207472]) 9830
Run: 01, Epoch: 01, Loss: 1.9481
Run: 01, Epoch: 02, Loss: 1.1795
Run: 01, Epoch: 03, Loss: 1.0424
Run: 01, Epoch: 04, Loss: 0.9797
Run: 01, Epoch: 05, Loss: 0.9452
Run: 01, Epoch: 06, Loss: 0.9233
Run: 01, Epoch: 07, Loss: 0.8952
Run: 01, Epoch: 08, Loss: 0.8876
Run: 01, Epoch: 09, Loss: 0.8764
Run: 01, Epoch: 10, Loss: 0.8622
Run: 01, Epoch: 10, Train: 76.94%, Valid: 89.77% Test: 76.91%
Run: 01, Epoch: 11, Loss: 0.8525
Run: 01, Epoch: 12, Loss: 0.8448
Run: 01, Epoch: 12, Train: 77.54%, Valid: 90.06% Test: 76.44%
Run: 01, Epoch: 13, Loss: 0.8382
Run: 01, Epoch: 14, Loss: 0.8307
Run: 01, Epoch: 14, Train: 78.50%, Valid: 90.73% Test: 77.89%
Run: 01, Epoch: 15, Loss: 0.8218
Run: 01, Epoch: 16, Loss: 0.8214
Run: 01, Epoch: 16, Train: 79.10%, Valid: 90.62% Test: 76.83%
Run: 01, Epoch: 17, Loss: 0.8211
Run: 01, Epoch: 18, Loss: 0.8183
Run: 01, Epoch: 18, Train: 78.90%, Valid: 91.02% Test: 76.93%
Run: 01, Epoch: 19, Loss: 0.8148
Run: 01, Epoch: 20, Loss: 0.8119
Run: 01, Epoch: 20, Train: 79.44%, Valid: 90.78% Test: 77.01%
Run 01:
Highest Train: 79.44
Highest Valid: 91.02
  Final Train: 78.90
   Final Test: 76.93
Run: 02, Epoch: 01, Loss: 1.8666
Run: 02, Epoch: 02, Loss: 1.1582
Run: 02, Epoch: 03, Loss: 1.0427
Run: 02, Epoch: 04, Loss: 0.9798
Run: 02, Epoch: 05, Loss: 0.9422
Run: 02, Epoch: 06, Loss: 0.9158
Run: 02, Epoch: 07, Loss: 0.8980
Run: 02, Epoch: 08, Loss: 0.8830
Run: 02, Epoch: 09, Loss: 0.8773
Run: 02, Epoch: 10, Loss: 0.8656
Run: 02, Epoch: 10, Train: 77.05%, Valid: 90.74% Test: 78.19%
Run: 02, Epoch: 11, Loss: 0.8529
Run: 02, Epoch: 12, Loss: 0.8590
Run: 02, Epoch: 12, Train: 77.81%, Valid: 90.98% Test: 77.25%
Run: 02, Epoch: 13, Loss: 0.8466
Run: 02, Epoch: 14, Loss: 0.8411
Run: 02, Epoch: 14, Train: 78.05%, Valid: 91.09% Test: 77.07%
Run: 02, Epoch: 15, Loss: 0.8267
Run: 02, Epoch: 16, Loss: 0.8308
Run: 02, Epoch: 16, Train: 78.32%, Valid: 90.80% Test: 77.09%
Run: 02, Epoch: 17, Loss: 0.8172
Run: 02, Epoch: 18, Loss: 0.8142
Run: 02, Epoch: 18, Train: 79.13%, Valid: 90.70% Test: 77.03%
Run: 02, Epoch: 19, Loss: 0.8110
Run: 02, Epoch: 20, Loss: 0.8118
Run: 02, Epoch: 20, Train: 78.82%, Valid: 91.10% Test: 77.72%
Run 02:
Highest Train: 79.13
Highest Valid: 91.10
  Final Train: 78.82
   Final Test: 77.72
Run: 03, Epoch: 01, Loss: 1.8920
Run: 03, Epoch: 02, Loss: 1.1524
Run: 03, Epoch: 03, Loss: 1.0386
Run: 03, Epoch: 04, Loss: 0.9798
Run: 03, Epoch: 05, Loss: 0.9438
Run: 03, Epoch: 06, Loss: 0.9200
Run: 03, Epoch: 07, Loss: 0.8984
Run: 03, Epoch: 08, Loss: 0.8850
Run: 03, Epoch: 09, Loss: 0.8712
Run: 03, Epoch: 10, Loss: 0.8585
Run: 03, Epoch: 10, Train: 77.38%, Valid: 89.89% Test: 76.02%
Run: 03, Epoch: 11, Loss: 0.8651
Run: 03, Epoch: 12, Loss: 0.8530
Run: 03, Epoch: 12, Train: 78.07%, Valid: 90.84% Test: 77.10%
Run: 03, Epoch: 13, Loss: 0.8410
Run: 03, Epoch: 14, Loss: 0.8454
Run: 03, Epoch: 14, Train: 78.16%, Valid: 90.81% Test: 77.55%
Run: 03, Epoch: 15, Loss: 0.8388
Run: 03, Epoch: 16, Loss: 0.8354
Run: 03, Epoch: 16, Train: 78.53%, Valid: 90.77% Test: 76.98%
Run: 03, Epoch: 17, Loss: 0.8278
Run: 03, Epoch: 18, Loss: 0.8209
Run: 03, Epoch: 18, Train: 78.82%, Valid: 90.85% Test: 77.67%
Run: 03, Epoch: 19, Loss: 0.8162
Run: 03, Epoch: 20, Loss: 0.8120
Run: 03, Epoch: 20, Train: 79.32%, Valid: 91.36% Test: 77.22%
Run 03:
Highest Train: 79.32
Highest Valid: 91.36
  Final Train: 79.32
   Final Test: 77.22
Run: 04, Epoch: 01, Loss: 1.9759
Run: 04, Epoch: 02, Loss: 1.1788
Run: 04, Epoch: 03, Loss: 1.0460
Run: 04, Epoch: 04, Loss: 0.9840
Run: 04, Epoch: 05, Loss: 0.9499
Run: 04, Epoch: 06, Loss: 0.9312
Run: 04, Epoch: 07, Loss: 0.9105
Run: 04, Epoch: 08, Loss: 0.8913
Run: 04, Epoch: 09, Loss: 0.8721
Run: 04, Epoch: 10, Loss: 0.8610
Run: 04, Epoch: 10, Train: 77.41%, Valid: 90.38% Test: 77.72%
Run: 04, Epoch: 11, Loss: 0.8546
Run: 04, Epoch: 12, Loss: 0.8466
Run: 04, Epoch: 12, Train: 77.97%, Valid: 90.63% Test: 77.14%
Run: 04, Epoch: 13, Loss: 0.8491
Run: 04, Epoch: 14, Loss: 0.8387
Run: 04, Epoch: 14, Train: 77.94%, Valid: 90.16% Test: 75.46%
Run: 04, Epoch: 15, Loss: 0.8443
Run: 04, Epoch: 16, Loss: 0.8440
Run: 04, Epoch: 16, Train: 78.24%, Valid: 89.77% Test: 76.50%
Run: 04, Epoch: 17, Loss: 0.8353
Run: 04, Epoch: 18, Loss: 0.8233
Run: 04, Epoch: 18, Train: 79.00%, Valid: 90.36% Test: 76.40%
Run: 04, Epoch: 19, Loss: 0.8247
Run: 04, Epoch: 20, Loss: 0.8159
Run: 04, Epoch: 20, Train: 78.98%, Valid: 90.84% Test: 77.56%
Run 04:
Highest Train: 79.00
Highest Valid: 90.84
  Final Train: 78.98
   Final Test: 77.56
Run: 05, Epoch: 01, Loss: 1.8649
Run: 05, Epoch: 02, Loss: 1.1646
Run: 05, Epoch: 03, Loss: 1.0353
Run: 05, Epoch: 04, Loss: 0.9753
Run: 05, Epoch: 05, Loss: 0.9454
Run: 05, Epoch: 06, Loss: 0.9162
Run: 05, Epoch: 07, Loss: 0.9042
Run: 05, Epoch: 08, Loss: 0.8845
Run: 05, Epoch: 09, Loss: 0.8720
Run: 05, Epoch: 10, Loss: 0.8648
Run: 05, Epoch: 10, Train: 77.28%, Valid: 90.89% Test: 77.36%
Run: 05, Epoch: 11, Loss: 0.8483
Run: 05, Epoch: 12, Loss: 0.8480
Run: 05, Epoch: 12, Train: 77.90%, Valid: 90.81% Test: 77.02%
Run: 05, Epoch: 13, Loss: 0.8422
Run: 05, Epoch: 14, Loss: 0.8367
Run: 05, Epoch: 14, Train: 78.16%, Valid: 90.38% Test: 77.05%
Run: 05, Epoch: 15, Loss: 0.8274
Run: 05, Epoch: 16, Loss: 0.8202
Run: 05, Epoch: 16, Train: 78.58%, Valid: 91.08% Test: 77.62%
Run: 05, Epoch: 17, Loss: 0.8246
Run: 05, Epoch: 18, Loss: 0.8134
Run: 05, Epoch: 18, Train: 78.71%, Valid: 91.06% Test: 77.16%
Run: 05, Epoch: 19, Loss: 0.8081
Run: 05, Epoch: 20, Loss: 0.8164
Run: 05, Epoch: 20, Train: 79.86%, Valid: 91.17% Test: 77.66%
Run 05:
Highest Train: 79.86
Highest Valid: 91.17
  Final Train: 79.86
   Final Test: 77.66
Run: 06, Epoch: 01, Loss: 1.8916
Run: 06, Epoch: 02, Loss: 1.1558
Run: 06, Epoch: 03, Loss: 1.0446
Run: 06, Epoch: 04, Loss: 0.9829
Run: 06, Epoch: 05, Loss: 0.9495
Run: 06, Epoch: 06, Loss: 0.9270
Run: 06, Epoch: 07, Loss: 0.9068
Run: 06, Epoch: 08, Loss: 0.8881
Run: 06, Epoch: 09, Loss: 0.8787
Run: 06, Epoch: 10, Loss: 0.8624
Run: 06, Epoch: 10, Train: 77.13%, Valid: 90.79% Test: 77.45%
Run: 06, Epoch: 11, Loss: 0.8604
Run: 06, Epoch: 12, Loss: 0.8485
Run: 06, Epoch: 12, Train: 77.63%, Valid: 90.35% Test: 77.18%
Run: 06, Epoch: 13, Loss: 0.8355
Run: 06, Epoch: 14, Loss: 0.8276
Run: 06, Epoch: 14, Train: 78.29%, Valid: 90.95% Test: 77.67%
Run: 06, Epoch: 15, Loss: 0.8263
Run: 06, Epoch: 16, Loss: 0.8267
Run: 06, Epoch: 16, Train: 78.70%, Valid: 90.20% Test: 76.84%
Run: 06, Epoch: 17, Loss: 0.8284
Run: 06, Epoch: 18, Loss: 0.8166
Run: 06, Epoch: 18, Train: 79.22%, Valid: 90.77% Test: 76.76%
Run: 06, Epoch: 19, Loss: 0.8157
Run: 06, Epoch: 20, Loss: 0.8183
Run: 06, Epoch: 20, Train: 79.21%, Valid: 89.57% Test: 75.82%
Run 06:
Highest Train: 79.22
Highest Valid: 90.95
  Final Train: 78.29
   Final Test: 77.67
Run: 07, Epoch: 01, Loss: 1.8400
Run: 07, Epoch: 02, Loss: 1.1506
Run: 07, Epoch: 03, Loss: 1.0428
Run: 07, Epoch: 04, Loss: 0.9740
Run: 07, Epoch: 05, Loss: 0.9359
Run: 07, Epoch: 06, Loss: 0.9156
Run: 07, Epoch: 07, Loss: 0.8906
Run: 07, Epoch: 08, Loss: 0.8806
Run: 07, Epoch: 09, Loss: 0.8672
Run: 07, Epoch: 10, Loss: 0.8639
Run: 07, Epoch: 10, Train: 77.42%, Valid: 90.44% Test: 76.90%
Run: 07, Epoch: 11, Loss: 0.8487
Run: 07, Epoch: 12, Loss: 0.8422
Run: 07, Epoch: 12, Train: 77.28%, Valid: 90.50% Test: 77.09%
Run: 07, Epoch: 13, Loss: 0.8360
Run: 07, Epoch: 14, Loss: 0.8318
Run: 07, Epoch: 14, Train: 78.26%, Valid: 90.32% Test: 76.04%
Run: 07, Epoch: 15, Loss: 0.8293
Run: 07, Epoch: 16, Loss: 0.8334
Run: 07, Epoch: 16, Train: 78.91%, Valid: 91.20% Test: 77.39%
Run: 07, Epoch: 17, Loss: 0.8190
Run: 07, Epoch: 18, Loss: 0.8178
Run: 07, Epoch: 18, Train: 79.13%, Valid: 90.98% Test: 77.09%
Run: 07, Epoch: 19, Loss: 0.8179
Run: 07, Epoch: 20, Loss: 0.8038
Run: 07, Epoch: 20, Train: 79.52%, Valid: 91.25% Test: 77.56%
Run 07:
Highest Train: 79.52
Highest Valid: 91.25
  Final Train: 79.52
   Final Test: 77.56
Run: 08, Epoch: 01, Loss: 1.9001
Run: 08, Epoch: 02, Loss: 1.1640
Run: 08, Epoch: 03, Loss: 1.0343
Run: 08, Epoch: 04, Loss: 0.9773
Run: 08, Epoch: 05, Loss: 0.9369
Run: 08, Epoch: 06, Loss: 0.9184
Run: 08, Epoch: 07, Loss: 0.8894
Run: 08, Epoch: 08, Loss: 0.8850
Run: 08, Epoch: 09, Loss: 0.8840
Run: 08, Epoch: 10, Loss: 0.8653
Run: 08, Epoch: 10, Train: 77.42%, Valid: 90.79% Test: 76.49%
Run: 08, Epoch: 11, Loss: 0.8525
Run: 08, Epoch: 12, Loss: 0.8360
Run: 08, Epoch: 12, Train: 77.91%, Valid: 90.59% Test: 76.98%
Run: 08, Epoch: 13, Loss: 0.8344
Run: 08, Epoch: 14, Loss: 0.8328
Run: 08, Epoch: 14, Train: 78.60%, Valid: 90.82% Test: 77.63%
Run: 08, Epoch: 15, Loss: 0.8244
Run: 08, Epoch: 16, Loss: 0.8251
Run: 08, Epoch: 16, Train: 78.86%, Valid: 90.61% Test: 76.30%
Run: 08, Epoch: 17, Loss: 0.8191
Run: 08, Epoch: 18, Loss: 0.8218
Run: 08, Epoch: 18, Train: 79.46%, Valid: 90.89% Test: 77.08%
Run: 08, Epoch: 19, Loss: 0.8117
Run: 08, Epoch: 20, Loss: 0.8119
Run: 08, Epoch: 20, Train: 79.25%, Valid: 90.58% Test: 76.93%
Run 08:
Highest Train: 79.46
Highest Valid: 90.89
  Final Train: 79.46
   Final Test: 77.08
Run: 09, Epoch: 01, Loss: 1.9293
Run: 09, Epoch: 02, Loss: 1.1648
Run: 09, Epoch: 03, Loss: 1.0420
Run: 09, Epoch: 04, Loss: 0.9768
Run: 09, Epoch: 05, Loss: 0.9531
Run: 09, Epoch: 06, Loss: 0.9160
Run: 09, Epoch: 07, Loss: 0.8957
Run: 09, Epoch: 08, Loss: 0.8995
Run: 09, Epoch: 09, Loss: 0.8705
Run: 09, Epoch: 10, Loss: 0.8549
Run: 09, Epoch: 10, Train: 77.11%, Valid: 90.31% Test: 76.55%
Run: 09, Epoch: 11, Loss: 0.8595
Run: 09, Epoch: 12, Loss: 0.8380
Run: 09, Epoch: 12, Train: 77.88%, Valid: 90.61% Test: 77.13%
Run: 09, Epoch: 13, Loss: 0.8405
Run: 09, Epoch: 14, Loss: 0.8486
Run: 09, Epoch: 14, Train: 77.88%, Valid: 90.63% Test: 76.92%
Run: 09, Epoch: 15, Loss: 0.8404
Run: 09, Epoch: 16, Loss: 0.8303
Run: 09, Epoch: 16, Train: 78.52%, Valid: 90.59% Test: 77.37%
Run: 09, Epoch: 17, Loss: 0.8198
Run: 09, Epoch: 18, Loss: 0.8187
Run: 09, Epoch: 18, Train: 79.24%, Valid: 91.02% Test: 76.74%
Run: 09, Epoch: 19, Loss: 0.8062
Run: 09, Epoch: 20, Loss: 0.8099
Run: 09, Epoch: 20, Train: 79.68%, Valid: 91.07% Test: 77.55%
Run 09:
Highest Train: 79.68
Highest Valid: 91.07
  Final Train: 79.68
   Final Test: 77.55
Run: 10, Epoch: 01, Loss: 1.8687
Run: 10, Epoch: 02, Loss: 1.1591
Run: 10, Epoch: 03, Loss: 1.0376
Run: 10, Epoch: 04, Loss: 0.9810
Run: 10, Epoch: 05, Loss: 0.9484
Run: 10, Epoch: 06, Loss: 0.9218
Run: 10, Epoch: 07, Loss: 0.8877
Run: 10, Epoch: 08, Loss: 0.8892
Run: 10, Epoch: 09, Loss: 0.8713
Run: 10, Epoch: 10, Loss: 0.8635
Run: 10, Epoch: 10, Train: 77.63%, Valid: 89.48% Test: 75.46%
Run: 10, Epoch: 11, Loss: 0.8458
Run: 10, Epoch: 12, Loss: 0.8409
Run: 10, Epoch: 12, Train: 78.22%, Valid: 90.82% Test: 77.57%
Run: 10, Epoch: 13, Loss: 0.8401
Run: 10, Epoch: 14, Loss: 0.8306
Run: 10, Epoch: 14, Train: 78.47%, Valid: 91.05% Test: 77.64%
Run: 10, Epoch: 15, Loss: 0.8303
Run: 10, Epoch: 16, Loss: 0.8178
Run: 10, Epoch: 16, Train: 79.07%, Valid: 90.53% Test: 76.74%
Run: 10, Epoch: 17, Loss: 0.8128
Run: 10, Epoch: 18, Loss: 0.8169
Run: 10, Epoch: 18, Train: 79.39%, Valid: 90.74% Test: 77.73%
Run: 10, Epoch: 19, Loss: 0.8150
Run: 10, Epoch: 20, Loss: 0.8160
Run: 10, Epoch: 20, Train: 79.22%, Valid: 90.85% Test: 77.26%
Run 10:
Highest Train: 79.39
Highest Valid: 91.05
  Final Train: 78.47
   Final Test: 77.64
All runs:
Highest Train: 79.40 ± 0.26
Highest Valid: 91.07 ± 0.16
  Final Train: 79.13 ± 0.52
   Final Test: 77.46 ± 0.28
