Namespace(device=0, log_steps=1, inductive=False, num_layers=3, hidden_channels=256, dropout=0.5, batch_size=20000, walk_length=3, lr=0.01, num_steps=30, epochs=20, eval_steps=2, runs=10, rsv=0.25, al='mem', alpha=0.8)
tensor([147936, 100314,   1272,  ...,  57534,  65808,  29674]) 49154
tensor([222340, 232877, 217134,  ..., 229572, 228192, 207472]) 9830
Run: 01, Epoch: 01, Loss: 1.3808
Run: 01, Epoch: 02, Loss: 0.5950
Run: 01, Epoch: 03, Loss: 0.5102
Run: 01, Epoch: 04, Loss: 0.4683
Run: 01, Epoch: 05, Loss: 0.4596
Run: 01, Epoch: 06, Loss: 0.4323
Run: 01, Epoch: 07, Loss: 0.4129
Run: 01, Epoch: 08, Loss: 0.4108
Run: 01, Epoch: 09, Loss: 0.4039
Run: 01, Epoch: 10, Loss: 0.4033
Run: 01, Epoch: 10, Train: 90.24%, Valid: 90.16% Test: 77.91%
Run: 01, Epoch: 11, Loss: 0.3898
Run: 01, Epoch: 12, Loss: 0.3807
Run: 01, Epoch: 12, Train: 90.62%, Valid: 90.57% Test: 77.37%
Run: 01, Epoch: 13, Loss: 0.3789
Run: 01, Epoch: 14, Loss: 0.3727
Run: 01, Epoch: 14, Train: 91.00%, Valid: 90.56% Test: 77.87%
Run: 01, Epoch: 15, Loss: 0.3666
Run: 01, Epoch: 16, Loss: 0.3662
Run: 01, Epoch: 16, Train: 91.05%, Valid: 90.69% Test: 78.52%
Run: 01, Epoch: 17, Loss: 0.3631
Run: 01, Epoch: 18, Loss: 0.3637
Run: 01, Epoch: 18, Train: 91.33%, Valid: 90.72% Test: 76.33%
Run: 01, Epoch: 19, Loss: 0.3640
Run: 01, Epoch: 20, Loss: 0.3567
Run: 01, Epoch: 20, Train: 91.41%, Valid: 90.68% Test: 77.56%
Run 01:
Highest Train: 91.41
Highest Valid: 90.72
  Final Train: 91.33
   Final Test: 76.33
Run: 02, Epoch: 01, Loss: 1.5013
Run: 02, Epoch: 02, Loss: 0.6140
Run: 02, Epoch: 03, Loss: 0.5202
Run: 02, Epoch: 04, Loss: 0.4735
Run: 02, Epoch: 05, Loss: 0.4462
Run: 02, Epoch: 06, Loss: 0.4271
Run: 02, Epoch: 07, Loss: 0.4192
Run: 02, Epoch: 08, Loss: 0.4125
Run: 02, Epoch: 09, Loss: 0.4134
Run: 02, Epoch: 10, Loss: 0.4022
Run: 02, Epoch: 10, Train: 90.16%, Valid: 90.24% Test: 77.82%
Run: 02, Epoch: 11, Loss: 0.3885
Run: 02, Epoch: 12, Loss: 0.3875
Run: 02, Epoch: 12, Train: 90.64%, Valid: 90.50% Test: 77.81%
Run: 02, Epoch: 13, Loss: 0.3750
Run: 02, Epoch: 14, Loss: 0.3755
Run: 02, Epoch: 14, Train: 90.79%, Valid: 90.60% Test: 77.97%
Run: 02, Epoch: 15, Loss: 0.3728
Run: 02, Epoch: 16, Loss: 0.3709
Run: 02, Epoch: 16, Train: 91.20%, Valid: 90.65% Test: 78.00%
Run: 02, Epoch: 17, Loss: 0.3649
Run: 02, Epoch: 18, Loss: 0.3661
Run: 02, Epoch: 18, Train: 91.17%, Valid: 90.64% Test: 77.46%
Run: 02, Epoch: 19, Loss: 0.3600
Run: 02, Epoch: 20, Loss: 0.3638
Run: 02, Epoch: 20, Train: 91.43%, Valid: 90.50% Test: 77.80%
Run 02:
Highest Train: 91.43
Highest Valid: 90.65
  Final Train: 91.20
   Final Test: 78.00
Run: 03, Epoch: 01, Loss: 1.4731
Run: 03, Epoch: 02, Loss: 0.6150
Run: 03, Epoch: 03, Loss: 0.5229
Run: 03, Epoch: 04, Loss: 0.4845
Run: 03, Epoch: 05, Loss: 0.4519
Run: 03, Epoch: 06, Loss: 0.4400
Run: 03, Epoch: 07, Loss: 0.4257
Run: 03, Epoch: 08, Loss: 0.4141
Run: 03, Epoch: 09, Loss: 0.4045
Run: 03, Epoch: 10, Loss: 0.3939
Run: 03, Epoch: 10, Train: 90.10%, Valid: 90.14% Test: 77.55%
Run: 03, Epoch: 11, Loss: 0.3920
Run: 03, Epoch: 12, Loss: 0.3873
Run: 03, Epoch: 12, Train: 90.66%, Valid: 90.43% Test: 77.57%
Run: 03, Epoch: 13, Loss: 0.3817
Run: 03, Epoch: 14, Loss: 0.3818
Run: 03, Epoch: 14, Train: 90.54%, Valid: 90.09% Test: 77.45%
Run: 03, Epoch: 15, Loss: 0.3770
Run: 03, Epoch: 16, Loss: 0.3787
Run: 03, Epoch: 16, Train: 90.91%, Valid: 90.48% Test: 78.50%
Run: 03, Epoch: 17, Loss: 0.3742
Run: 03, Epoch: 18, Loss: 0.3733
Run: 03, Epoch: 18, Train: 91.14%, Valid: 90.46% Test: 78.43%
Run: 03, Epoch: 19, Loss: 0.3677
Run: 03, Epoch: 20, Loss: 0.3656
Run: 03, Epoch: 20, Train: 91.41%, Valid: 90.82% Test: 77.26%
Run 03:
Highest Train: 91.41
Highest Valid: 90.82
  Final Train: 91.41
   Final Test: 77.26
Run: 04, Epoch: 01, Loss: 1.3830
Run: 04, Epoch: 02, Loss: 0.5956
Run: 04, Epoch: 03, Loss: 0.5083
Run: 04, Epoch: 04, Loss: 0.4731
Run: 04, Epoch: 05, Loss: 0.4463
Run: 04, Epoch: 06, Loss: 0.4299
Run: 04, Epoch: 07, Loss: 0.4227
Run: 04, Epoch: 08, Loss: 0.4138
Run: 04, Epoch: 09, Loss: 0.4059
Run: 04, Epoch: 10, Loss: 0.3952
Run: 04, Epoch: 10, Train: 90.42%, Valid: 90.39% Test: 78.27%
Run: 04, Epoch: 11, Loss: 0.3860
Run: 04, Epoch: 12, Loss: 0.3786
Run: 04, Epoch: 12, Train: 90.58%, Valid: 90.28% Test: 77.64%
Run: 04, Epoch: 13, Loss: 0.3765
Run: 04, Epoch: 14, Loss: 0.3733
Run: 04, Epoch: 14, Train: 91.04%, Valid: 90.66% Test: 77.28%
Run: 04, Epoch: 15, Loss: 0.3719
Run: 04, Epoch: 16, Loss: 0.3789
Run: 04, Epoch: 16, Train: 90.99%, Valid: 90.38% Test: 77.63%
Run: 04, Epoch: 17, Loss: 0.3706
Run: 04, Epoch: 18, Loss: 0.3680
Run: 04, Epoch: 18, Train: 91.22%, Valid: 90.40% Test: 77.37%
Run: 04, Epoch: 19, Loss: 0.3639
Run: 04, Epoch: 20, Loss: 0.3585
Run: 04, Epoch: 20, Train: 91.28%, Valid: 90.46% Test: 78.18%
Run 04:
Highest Train: 91.28
Highest Valid: 90.66
  Final Train: 91.04
   Final Test: 77.28
Run: 05, Epoch: 01, Loss: 1.3206
Run: 05, Epoch: 02, Loss: 0.5926
Run: 05, Epoch: 03, Loss: 0.5032
Run: 05, Epoch: 04, Loss: 0.4674
Run: 05, Epoch: 05, Loss: 0.4465
Run: 05, Epoch: 06, Loss: 0.4274
Run: 05, Epoch: 07, Loss: 0.4206
Run: 05, Epoch: 08, Loss: 0.4053
Run: 05, Epoch: 09, Loss: 0.3988
Run: 05, Epoch: 10, Loss: 0.3915
Run: 05, Epoch: 10, Train: 90.36%, Valid: 90.65% Test: 77.26%
Run: 05, Epoch: 11, Loss: 0.3831
Run: 05, Epoch: 12, Loss: 0.3855
Run: 05, Epoch: 12, Train: 90.58%, Valid: 90.52% Test: 77.34%
Run: 05, Epoch: 13, Loss: 0.3783
Run: 05, Epoch: 14, Loss: 0.3727
Run: 05, Epoch: 14, Train: 90.83%, Valid: 90.50% Test: 77.58%
Run: 05, Epoch: 15, Loss: 0.3739
Run: 05, Epoch: 16, Loss: 0.3671
Run: 05, Epoch: 16, Train: 91.09%, Valid: 90.68% Test: 77.52%
Run: 05, Epoch: 17, Loss: 0.3627
Run: 05, Epoch: 18, Loss: 0.3606
Run: 05, Epoch: 18, Train: 91.50%, Valid: 90.67% Test: 76.94%
Run: 05, Epoch: 19, Loss: 0.3538
Run: 05, Epoch: 20, Loss: 0.3630
Run: 05, Epoch: 20, Train: 91.59%, Valid: 90.60% Test: 77.79%
Run 05:
Highest Train: 91.59
Highest Valid: 90.68
  Final Train: 91.09
   Final Test: 77.52
Run: 06, Epoch: 01, Loss: 1.4151
Run: 06, Epoch: 02, Loss: 0.6062
Run: 06, Epoch: 03, Loss: 0.5186
Run: 06, Epoch: 04, Loss: 0.4683
Run: 06, Epoch: 05, Loss: 0.4475
Run: 06, Epoch: 06, Loss: 0.4345
Run: 06, Epoch: 07, Loss: 0.4163
Run: 06, Epoch: 08, Loss: 0.4025
Run: 06, Epoch: 09, Loss: 0.3999
Run: 06, Epoch: 10, Loss: 0.4014
Run: 06, Epoch: 10, Train: 90.30%, Valid: 90.36% Test: 77.85%
Run: 06, Epoch: 11, Loss: 0.3836
Run: 06, Epoch: 12, Loss: 0.3824
Run: 06, Epoch: 12, Train: 90.79%, Valid: 90.16% Test: 77.34%
Run: 06, Epoch: 13, Loss: 0.3845
Run: 06, Epoch: 14, Loss: 0.3704
Run: 06, Epoch: 14, Train: 90.83%, Valid: 90.10% Test: 77.47%
Run: 06, Epoch: 15, Loss: 0.3651
Run: 06, Epoch: 16, Loss: 0.3678
Run: 06, Epoch: 16, Train: 91.03%, Valid: 90.64% Test: 77.55%
Run: 06, Epoch: 17, Loss: 0.3698
Run: 06, Epoch: 18, Loss: 0.3676
Run: 06, Epoch: 18, Train: 91.47%, Valid: 90.50% Test: 77.84%
Run: 06, Epoch: 19, Loss: 0.3629
Run: 06, Epoch: 20, Loss: 0.3651
Run: 06, Epoch: 20, Train: 91.42%, Valid: 90.69% Test: 77.82%
Run 06:
Highest Train: 91.47
Highest Valid: 90.69
  Final Train: 91.42
   Final Test: 77.82
Run: 07, Epoch: 01, Loss: 1.4431
Run: 07, Epoch: 02, Loss: 0.6140
Run: 07, Epoch: 03, Loss: 0.5245
Run: 07, Epoch: 04, Loss: 0.4801
Run: 07, Epoch: 05, Loss: 0.4543
Run: 07, Epoch: 06, Loss: 0.4364
Run: 07, Epoch: 07, Loss: 0.4215
Run: 07, Epoch: 08, Loss: 0.4094
Run: 07, Epoch: 09, Loss: 0.4090
Run: 07, Epoch: 10, Loss: 0.4084
Run: 07, Epoch: 10, Train: 90.16%, Valid: 90.15% Test: 77.07%
Run: 07, Epoch: 11, Loss: 0.3946
Run: 07, Epoch: 12, Loss: 0.3896
Run: 07, Epoch: 12, Train: 90.49%, Valid: 90.24% Test: 77.26%
Run: 07, Epoch: 13, Loss: 0.3825
Run: 07, Epoch: 14, Loss: 0.3806
Run: 07, Epoch: 14, Train: 90.79%, Valid: 90.35% Test: 78.17%
Run: 07, Epoch: 15, Loss: 0.3739
Run: 07, Epoch: 16, Loss: 0.3772
Run: 07, Epoch: 16, Train: 90.98%, Valid: 90.61% Test: 77.41%
Run: 07, Epoch: 17, Loss: 0.3692
Run: 07, Epoch: 18, Loss: 0.3725
Run: 07, Epoch: 18, Train: 91.04%, Valid: 90.40% Test: 77.42%
Run: 07, Epoch: 19, Loss: 0.3646
Run: 07, Epoch: 20, Loss: 0.3690
Run: 07, Epoch: 20, Train: 91.40%, Valid: 90.65% Test: 77.60%
Run 07:
Highest Train: 91.40
Highest Valid: 90.65
  Final Train: 91.40
   Final Test: 77.60
Run: 08, Epoch: 01, Loss: 1.3378
Run: 08, Epoch: 02, Loss: 0.5934
Run: 08, Epoch: 03, Loss: 0.5099
Run: 08, Epoch: 04, Loss: 0.4661
Run: 08, Epoch: 05, Loss: 0.4412
Run: 08, Epoch: 06, Loss: 0.4260
Run: 08, Epoch: 07, Loss: 0.4085
Run: 08, Epoch: 08, Loss: 0.4078
Run: 08, Epoch: 09, Loss: 0.3989
Run: 08, Epoch: 10, Loss: 0.3902
Run: 08, Epoch: 10, Train: 90.21%, Valid: 90.14% Test: 78.11%
Run: 08, Epoch: 11, Loss: 0.3874
Run: 08, Epoch: 12, Loss: 0.3821
Run: 08, Epoch: 12, Train: 90.77%, Valid: 90.25% Test: 77.96%
Run: 08, Epoch: 13, Loss: 0.3749
Run: 08, Epoch: 14, Loss: 0.3749
Run: 08, Epoch: 14, Train: 90.81%, Valid: 90.37% Test: 78.20%
Run: 08, Epoch: 15, Loss: 0.3686
Run: 08, Epoch: 16, Loss: 0.3681
Run: 08, Epoch: 16, Train: 91.02%, Valid: 90.48% Test: 77.63%
Run: 08, Epoch: 17, Loss: 0.3660
Run: 08, Epoch: 18, Loss: 0.3647
Run: 08, Epoch: 18, Train: 91.26%, Valid: 90.45% Test: 76.84%
Run: 08, Epoch: 19, Loss: 0.3616
Run: 08, Epoch: 20, Loss: 0.3564
Run: 08, Epoch: 20, Train: 91.23%, Valid: 90.66% Test: 78.12%
Run 08:
Highest Train: 91.26
Highest Valid: 90.66
  Final Train: 91.23
   Final Test: 78.12
Run: 09, Epoch: 01, Loss: 1.3769
Run: 09, Epoch: 02, Loss: 0.5921
Run: 09, Epoch: 03, Loss: 0.5119
Run: 09, Epoch: 04, Loss: 0.4684
Run: 09, Epoch: 05, Loss: 0.4488
Run: 09, Epoch: 06, Loss: 0.4268
Run: 09, Epoch: 07, Loss: 0.4186
Run: 09, Epoch: 08, Loss: 0.4126
Run: 09, Epoch: 09, Loss: 0.4025
Run: 09, Epoch: 10, Loss: 0.3944
Run: 09, Epoch: 10, Train: 90.34%, Valid: 90.21% Test: 76.61%
Run: 09, Epoch: 11, Loss: 0.3847
Run: 09, Epoch: 12, Loss: 0.3798
Run: 09, Epoch: 12, Train: 90.62%, Valid: 90.53% Test: 77.72%
Run: 09, Epoch: 13, Loss: 0.3854
Run: 09, Epoch: 14, Loss: 0.3792
Run: 09, Epoch: 14, Train: 90.90%, Valid: 90.35% Test: 77.02%
Run: 09, Epoch: 15, Loss: 0.3741
Run: 09, Epoch: 16, Loss: 0.3749
Run: 09, Epoch: 16, Train: 90.77%, Valid: 90.52% Test: 77.92%
Run: 09, Epoch: 17, Loss: 0.3614
Run: 09, Epoch: 18, Loss: 0.3632
Run: 09, Epoch: 18, Train: 91.07%, Valid: 90.25% Test: 77.43%
Run: 09, Epoch: 19, Loss: 0.3642
Run: 09, Epoch: 20, Loss: 0.3598
Run: 09, Epoch: 20, Train: 91.29%, Valid: 90.51% Test: 78.06%
Run 09:
Highest Train: 91.29
Highest Valid: 90.53
  Final Train: 90.62
   Final Test: 77.72
Run: 10, Epoch: 01, Loss: 1.4001
Run: 10, Epoch: 02, Loss: 0.6013
Run: 10, Epoch: 03, Loss: 0.5112
Run: 10, Epoch: 04, Loss: 0.4728
Run: 10, Epoch: 05, Loss: 0.4511
Run: 10, Epoch: 06, Loss: 0.4289
Run: 10, Epoch: 07, Loss: 0.4131
Run: 10, Epoch: 08, Loss: 0.4112
Run: 10, Epoch: 09, Loss: 0.4085
Run: 10, Epoch: 10, Loss: 0.3931
Run: 10, Epoch: 10, Train: 89.99%, Valid: 90.26% Test: 77.26%
Run: 10, Epoch: 11, Loss: 0.3844
Run: 10, Epoch: 12, Loss: 0.3770
Run: 10, Epoch: 12, Train: 90.61%, Valid: 90.36% Test: 77.30%
Run: 10, Epoch: 13, Loss: 0.3779
Run: 10, Epoch: 14, Loss: 0.3776
Run: 10, Epoch: 14, Train: 90.73%, Valid: 90.32% Test: 77.85%
Run: 10, Epoch: 15, Loss: 0.3813
Run: 10, Epoch: 16, Loss: 0.3652
Run: 10, Epoch: 16, Train: 90.86%, Valid: 90.51% Test: 78.05%
Run: 10, Epoch: 17, Loss: 0.3682
Run: 10, Epoch: 18, Loss: 0.3658
Run: 10, Epoch: 18, Train: 91.21%, Valid: 90.35% Test: 77.95%
Run: 10, Epoch: 19, Loss: 0.3646
Run: 10, Epoch: 20, Loss: 0.3662
Run: 10, Epoch: 20, Train: 91.44%, Valid: 90.48% Test: 77.43%
Run 10:
Highest Train: 91.44
Highest Valid: 90.51
  Final Train: 90.86
   Final Test: 78.05
All runs:
Highest Train: 91.40 ± 0.10
Highest Valid: 90.66 ± 0.09
  Final Train: 91.16 ± 0.26
   Final Test: 77.57 ± 0.53
