Namespace(device=0, log_steps=1, inductive=False, num_layers=3, hidden_channels=256, dropout=0.5, batch_size=20000, walk_length=3, lr=0.01, num_steps=30, epochs=20, eval_steps=2, runs=10, rsv=0.2, al='mem', alpha=0.8)
tensor([147936, 100314,   1272,  ..., 142010, 186129,  91942]) 39323
tensor([222340, 232877, 217134,  ..., 204679, 201935, 232609]) 7864
Run: 01, Epoch: 01, Loss: 1.3980
Run: 01, Epoch: 02, Loss: 0.6004
Run: 01, Epoch: 03, Loss: 0.5115
Run: 01, Epoch: 04, Loss: 0.4705
Run: 01, Epoch: 05, Loss: 0.4565
Run: 01, Epoch: 06, Loss: 0.4343
Run: 01, Epoch: 07, Loss: 0.4149
Run: 01, Epoch: 08, Loss: 0.4089
Run: 01, Epoch: 09, Loss: 0.4047
Run: 01, Epoch: 10, Loss: 0.3932
Run: 01, Epoch: 10, Train: 90.42%, Valid: 89.80% Test: 77.95%
Run: 01, Epoch: 11, Loss: 0.3881
Run: 01, Epoch: 12, Loss: 0.3791
Run: 01, Epoch: 12, Train: 90.81%, Valid: 89.97% Test: 77.64%
Run: 01, Epoch: 13, Loss: 0.3807
Run: 01, Epoch: 14, Loss: 0.3768
Run: 01, Epoch: 14, Train: 91.01%, Valid: 89.87% Test: 77.55%
Run: 01, Epoch: 15, Loss: 0.3735
Run: 01, Epoch: 16, Loss: 0.3665
Run: 01, Epoch: 16, Train: 91.21%, Valid: 90.08% Test: 77.88%
Run: 01, Epoch: 17, Loss: 0.3616
Run: 01, Epoch: 18, Loss: 0.3657
Run: 01, Epoch: 18, Train: 91.31%, Valid: 89.75% Test: 75.89%
Run: 01, Epoch: 19, Loss: 0.3664
Run: 01, Epoch: 20, Loss: 0.3558
Run: 01, Epoch: 20, Train: 91.31%, Valid: 90.06% Test: 76.60%
Run 01:
Highest Train: 91.31
Highest Valid: 90.08
  Final Train: 91.21
   Final Test: 77.88
Run: 02, Epoch: 01, Loss: 1.5129
Run: 02, Epoch: 02, Loss: 0.6222
Run: 02, Epoch: 03, Loss: 0.5201
Run: 02, Epoch: 04, Loss: 0.4747
Run: 02, Epoch: 05, Loss: 0.4474
Run: 02, Epoch: 06, Loss: 0.4283
Run: 02, Epoch: 07, Loss: 0.4187
Run: 02, Epoch: 08, Loss: 0.4128
Run: 02, Epoch: 09, Loss: 0.4133
Run: 02, Epoch: 10, Loss: 0.3923
Run: 02, Epoch: 10, Train: 90.43%, Valid: 89.84% Test: 77.98%
Run: 02, Epoch: 11, Loss: 0.3853
Run: 02, Epoch: 12, Loss: 0.3805
Run: 02, Epoch: 12, Train: 90.68%, Valid: 89.89% Test: 77.35%
Run: 02, Epoch: 13, Loss: 0.3703
Run: 02, Epoch: 14, Loss: 0.3769
Run: 02, Epoch: 14, Train: 90.71%, Valid: 89.84% Test: 77.37%
Run: 02, Epoch: 15, Loss: 0.3711
Run: 02, Epoch: 16, Loss: 0.3698
Run: 02, Epoch: 16, Train: 91.11%, Valid: 90.01% Test: 77.86%
Run: 02, Epoch: 17, Loss: 0.3643
Run: 02, Epoch: 18, Loss: 0.3643
Run: 02, Epoch: 18, Train: 91.16%, Valid: 90.12% Test: 77.51%
Run: 02, Epoch: 19, Loss: 0.3531
Run: 02, Epoch: 20, Loss: 0.3598
Run: 02, Epoch: 20, Train: 91.48%, Valid: 90.07% Test: 77.51%
Run 02:
Highest Train: 91.48
Highest Valid: 90.12
  Final Train: 91.16
   Final Test: 77.51
Run: 03, Epoch: 01, Loss: 1.4761
Run: 03, Epoch: 02, Loss: 0.6139
Run: 03, Epoch: 03, Loss: 0.5240
Run: 03, Epoch: 04, Loss: 0.4788
Run: 03, Epoch: 05, Loss: 0.4444
Run: 03, Epoch: 06, Loss: 0.4348
Run: 03, Epoch: 07, Loss: 0.4247
Run: 03, Epoch: 08, Loss: 0.4124
Run: 03, Epoch: 09, Loss: 0.4083
Run: 03, Epoch: 10, Loss: 0.3950
Run: 03, Epoch: 10, Train: 90.22%, Valid: 89.71% Test: 77.80%
Run: 03, Epoch: 11, Loss: 0.3889
Run: 03, Epoch: 12, Loss: 0.3861
Run: 03, Epoch: 12, Train: 90.75%, Valid: 90.03% Test: 77.34%
Run: 03, Epoch: 13, Loss: 0.3794
Run: 03, Epoch: 14, Loss: 0.3768
Run: 03, Epoch: 14, Train: 90.72%, Valid: 89.97% Test: 76.78%
Run: 03, Epoch: 15, Loss: 0.3720
Run: 03, Epoch: 16, Loss: 0.3756
Run: 03, Epoch: 16, Train: 90.83%, Valid: 89.98% Test: 77.30%
Run: 03, Epoch: 17, Loss: 0.3728
Run: 03, Epoch: 18, Loss: 0.3747
Run: 03, Epoch: 18, Train: 91.34%, Valid: 89.85% Test: 77.27%
Run: 03, Epoch: 19, Loss: 0.3702
Run: 03, Epoch: 20, Loss: 0.3673
Run: 03, Epoch: 20, Train: 91.49%, Valid: 90.16% Test: 77.49%
Run 03:
Highest Train: 91.49
Highest Valid: 90.16
  Final Train: 91.49
   Final Test: 77.49
Run: 04, Epoch: 01, Loss: 1.3762
Run: 04, Epoch: 02, Loss: 0.5997
Run: 04, Epoch: 03, Loss: 0.5092
Run: 04, Epoch: 04, Loss: 0.4765
Run: 04, Epoch: 05, Loss: 0.4441
Run: 04, Epoch: 06, Loss: 0.4255
Run: 04, Epoch: 07, Loss: 0.4156
Run: 04, Epoch: 08, Loss: 0.4130
Run: 04, Epoch: 09, Loss: 0.3988
Run: 04, Epoch: 10, Loss: 0.3941
Run: 04, Epoch: 10, Train: 90.40%, Valid: 89.92% Test: 77.85%
Run: 04, Epoch: 11, Loss: 0.3826
Run: 04, Epoch: 12, Loss: 0.3738
Run: 04, Epoch: 12, Train: 90.64%, Valid: 89.83% Test: 77.51%
Run: 04, Epoch: 13, Loss: 0.3716
Run: 04, Epoch: 14, Loss: 0.3724
Run: 04, Epoch: 14, Train: 90.79%, Valid: 90.07% Test: 77.07%
Run: 04, Epoch: 15, Loss: 0.3695
Run: 04, Epoch: 16, Loss: 0.3751
Run: 04, Epoch: 16, Train: 91.14%, Valid: 89.76% Test: 77.62%
Run: 04, Epoch: 17, Loss: 0.3742
Run: 04, Epoch: 18, Loss: 0.3683
Run: 04, Epoch: 18, Train: 91.32%, Valid: 90.03% Test: 77.03%
Run: 04, Epoch: 19, Loss: 0.3624
Run: 04, Epoch: 20, Loss: 0.3592
Run: 04, Epoch: 20, Train: 91.41%, Valid: 89.92% Test: 77.37%
Run 04:
Highest Train: 91.41
Highest Valid: 90.07
  Final Train: 90.79
   Final Test: 77.07
Run: 05, Epoch: 01, Loss: 1.3260
Run: 05, Epoch: 02, Loss: 0.5952
Run: 05, Epoch: 03, Loss: 0.5063
Run: 05, Epoch: 04, Loss: 0.4724
Run: 05, Epoch: 05, Loss: 0.4509
Run: 05, Epoch: 06, Loss: 0.4298
Run: 05, Epoch: 07, Loss: 0.4183
Run: 05, Epoch: 08, Loss: 0.3995
Run: 05, Epoch: 09, Loss: 0.3986
Run: 05, Epoch: 10, Loss: 0.3899
Run: 05, Epoch: 10, Train: 90.35%, Valid: 89.87% Test: 77.13%
Run: 05, Epoch: 11, Loss: 0.3819
Run: 05, Epoch: 12, Loss: 0.3783
Run: 05, Epoch: 12, Train: 90.72%, Valid: 89.92% Test: 77.27%
Run: 05, Epoch: 13, Loss: 0.3724
Run: 05, Epoch: 14, Loss: 0.3642
Run: 05, Epoch: 14, Train: 90.92%, Valid: 89.97% Test: 77.25%
Run: 05, Epoch: 15, Loss: 0.3655
Run: 05, Epoch: 16, Loss: 0.3594
Run: 05, Epoch: 16, Train: 91.36%, Valid: 90.04% Test: 77.51%
Run: 05, Epoch: 17, Loss: 0.3557
Run: 05, Epoch: 18, Loss: 0.3552
Run: 05, Epoch: 18, Train: 91.51%, Valid: 90.03% Test: 76.89%
Run: 05, Epoch: 19, Loss: 0.3467
Run: 05, Epoch: 20, Loss: 0.3581
Run: 05, Epoch: 20, Train: 91.57%, Valid: 89.95% Test: 77.30%
Run 05:
Highest Train: 91.57
Highest Valid: 90.04
  Final Train: 91.36
   Final Test: 77.51
Run: 06, Epoch: 01, Loss: 1.4202
Run: 06, Epoch: 02, Loss: 0.6051
Run: 06, Epoch: 03, Loss: 0.5202
Run: 06, Epoch: 04, Loss: 0.4704
Run: 06, Epoch: 05, Loss: 0.4493
Run: 06, Epoch: 06, Loss: 0.4349
Run: 06, Epoch: 07, Loss: 0.4186
Run: 06, Epoch: 08, Loss: 0.4014
Run: 06, Epoch: 09, Loss: 0.3963
Run: 06, Epoch: 10, Loss: 0.3983
Run: 06, Epoch: 10, Train: 90.16%, Valid: 89.71% Test: 77.25%
Run: 06, Epoch: 11, Loss: 0.3852
Run: 06, Epoch: 12, Loss: 0.3766
Run: 06, Epoch: 12, Train: 90.87%, Valid: 89.95% Test: 77.04%
Run: 06, Epoch: 13, Loss: 0.3799
Run: 06, Epoch: 14, Loss: 0.3710
Run: 06, Epoch: 14, Train: 90.65%, Valid: 89.62% Test: 77.29%
Run: 06, Epoch: 15, Loss: 0.3636
Run: 06, Epoch: 16, Loss: 0.3654
Run: 06, Epoch: 16, Train: 91.22%, Valid: 89.95% Test: 77.13%
Run: 06, Epoch: 17, Loss: 0.3712
Run: 06, Epoch: 18, Loss: 0.3708
Run: 06, Epoch: 18, Train: 91.43%, Valid: 89.99% Test: 77.71%
Run: 06, Epoch: 19, Loss: 0.3613
Run: 06, Epoch: 20, Loss: 0.3668
Run: 06, Epoch: 20, Train: 91.52%, Valid: 89.99% Test: 77.65%
Run 06:
Highest Train: 91.52
Highest Valid: 89.99
  Final Train: 91.43
   Final Test: 77.71
Run: 07, Epoch: 01, Loss: 1.4511
Run: 07, Epoch: 02, Loss: 0.6112
Run: 07, Epoch: 03, Loss: 0.5248
Run: 07, Epoch: 04, Loss: 0.4813
Run: 07, Epoch: 05, Loss: 0.4551
Run: 07, Epoch: 06, Loss: 0.4319
Run: 07, Epoch: 07, Loss: 0.4216
Run: 07, Epoch: 08, Loss: 0.4125
Run: 07, Epoch: 09, Loss: 0.3988
Run: 07, Epoch: 10, Loss: 0.4038
Run: 07, Epoch: 10, Train: 90.16%, Valid: 89.80% Test: 77.12%
Run: 07, Epoch: 11, Loss: 0.3902
Run: 07, Epoch: 12, Loss: 0.3837
Run: 07, Epoch: 12, Train: 90.74%, Valid: 89.93% Test: 77.41%
Run: 07, Epoch: 13, Loss: 0.3723
Run: 07, Epoch: 14, Loss: 0.3726
Run: 07, Epoch: 14, Train: 90.82%, Valid: 90.18% Test: 77.81%
Run: 07, Epoch: 15, Loss: 0.3639
Run: 07, Epoch: 16, Loss: 0.3644
Run: 07, Epoch: 16, Train: 91.27%, Valid: 90.09% Test: 77.46%
Run: 07, Epoch: 17, Loss: 0.3651
Run: 07, Epoch: 18, Loss: 0.3615
Run: 07, Epoch: 18, Train: 91.49%, Valid: 90.17% Test: 77.80%
Run: 07, Epoch: 19, Loss: 0.3582
Run: 07, Epoch: 20, Loss: 0.3593
Run: 07, Epoch: 20, Train: 91.55%, Valid: 89.95% Test: 77.52%
Run 07:
Highest Train: 91.55
Highest Valid: 90.18
  Final Train: 90.82
   Final Test: 77.81
Run: 08, Epoch: 01, Loss: 1.3391
Run: 08, Epoch: 02, Loss: 0.5916
Run: 08, Epoch: 03, Loss: 0.5095
Run: 08, Epoch: 04, Loss: 0.4650
Run: 08, Epoch: 05, Loss: 0.4357
Run: 08, Epoch: 06, Loss: 0.4289
Run: 08, Epoch: 07, Loss: 0.4095
Run: 08, Epoch: 08, Loss: 0.4099
Run: 08, Epoch: 09, Loss: 0.3998
Run: 08, Epoch: 10, Loss: 0.3854
Run: 08, Epoch: 10, Train: 90.33%, Valid: 89.79% Test: 77.77%
Run: 08, Epoch: 11, Loss: 0.3860
Run: 08, Epoch: 12, Loss: 0.3794
Run: 08, Epoch: 12, Train: 90.56%, Valid: 89.84% Test: 77.29%
Run: 08, Epoch: 13, Loss: 0.3733
Run: 08, Epoch: 14, Loss: 0.3777
Run: 08, Epoch: 14, Train: 90.70%, Valid: 89.84% Test: 78.16%
Run: 08, Epoch: 15, Loss: 0.3732
Run: 08, Epoch: 16, Loss: 0.3639
Run: 08, Epoch: 16, Train: 91.00%, Valid: 89.85% Test: 77.13%
Run: 08, Epoch: 17, Loss: 0.3689
Run: 08, Epoch: 18, Loss: 0.3644
Run: 08, Epoch: 18, Train: 91.27%, Valid: 89.89% Test: 77.94%
Run: 08, Epoch: 19, Loss: 0.3551
Run: 08, Epoch: 20, Loss: 0.3527
Run: 08, Epoch: 20, Train: 91.36%, Valid: 90.14% Test: 77.58%
Run 08:
Highest Train: 91.36
Highest Valid: 90.14
  Final Train: 91.36
   Final Test: 77.58
Run: 09, Epoch: 01, Loss: 1.3653
Run: 09, Epoch: 02, Loss: 0.5871
Run: 09, Epoch: 03, Loss: 0.5083
Run: 09, Epoch: 04, Loss: 0.4662
Run: 09, Epoch: 05, Loss: 0.4458
Run: 09, Epoch: 06, Loss: 0.4254
Run: 09, Epoch: 07, Loss: 0.4165
Run: 09, Epoch: 08, Loss: 0.4109
Run: 09, Epoch: 09, Loss: 0.3986
Run: 09, Epoch: 10, Loss: 0.3895
Run: 09, Epoch: 10, Train: 90.52%, Valid: 89.98% Test: 76.23%
Run: 09, Epoch: 11, Loss: 0.3812
Run: 09, Epoch: 12, Loss: 0.3740
Run: 09, Epoch: 12, Train: 90.76%, Valid: 89.85% Test: 77.49%
Run: 09, Epoch: 13, Loss: 0.3743
Run: 09, Epoch: 14, Loss: 0.3773
Run: 09, Epoch: 14, Train: 90.99%, Valid: 89.76% Test: 77.01%
Run: 09, Epoch: 15, Loss: 0.3683
Run: 09, Epoch: 16, Loss: 0.3701
Run: 09, Epoch: 16, Train: 91.10%, Valid: 90.01% Test: 77.27%
Run: 09, Epoch: 17, Loss: 0.3587
Run: 09, Epoch: 18, Loss: 0.3590
Run: 09, Epoch: 18, Train: 91.20%, Valid: 89.97% Test: 76.96%
Run: 09, Epoch: 19, Loss: 0.3570
Run: 09, Epoch: 20, Loss: 0.3558
Run: 09, Epoch: 20, Train: 91.42%, Valid: 90.27% Test: 77.17%
Run 09:
Highest Train: 91.42
Highest Valid: 90.27
  Final Train: 91.42
   Final Test: 77.17
Run: 10, Epoch: 01, Loss: 1.4000
Run: 10, Epoch: 02, Loss: 0.6036
Run: 10, Epoch: 03, Loss: 0.5132
Run: 10, Epoch: 04, Loss: 0.4754
Run: 10, Epoch: 05, Loss: 0.4473
Run: 10, Epoch: 06, Loss: 0.4265
Run: 10, Epoch: 07, Loss: 0.4106
Run: 10, Epoch: 08, Loss: 0.4066
Run: 10, Epoch: 09, Loss: 0.4025
Run: 10, Epoch: 10, Loss: 0.3896
Run: 10, Epoch: 10, Train: 90.20%, Valid: 89.83% Test: 77.77%
Run: 10, Epoch: 11, Loss: 0.3848
Run: 10, Epoch: 12, Loss: 0.3776
Run: 10, Epoch: 12, Train: 90.60%, Valid: 89.66% Test: 77.27%
Run: 10, Epoch: 13, Loss: 0.3718
Run: 10, Epoch: 14, Loss: 0.3743
Run: 10, Epoch: 14, Train: 90.66%, Valid: 89.76% Test: 77.80%
Run: 10, Epoch: 15, Loss: 0.3742
Run: 10, Epoch: 16, Loss: 0.3686
Run: 10, Epoch: 16, Train: 90.76%, Valid: 89.94% Test: 77.33%
Run: 10, Epoch: 17, Loss: 0.3650
Run: 10, Epoch: 18, Loss: 0.3629
Run: 10, Epoch: 18, Train: 91.22%, Valid: 90.13% Test: 77.42%
Run: 10, Epoch: 19, Loss: 0.3575
Run: 10, Epoch: 20, Loss: 0.3608
Run: 10, Epoch: 20, Train: 91.32%, Valid: 89.74% Test: 77.20%
Run 10:
Highest Train: 91.32
Highest Valid: 90.13
  Final Train: 91.22
   Final Test: 77.42
All runs:
Highest Train: 91.44 ± 0.09
Highest Valid: 90.12 ± 0.08
  Final Train: 91.23 ± 0.25
   Final Test: 77.52 ± 0.26
