Namespace(device=0, log_steps=1, inductive=False, num_layers=3, hidden_channels=256, dropout=0.5, batch_size=20000, walk_length=3, lr=0.01, num_steps=30, epochs=20, eval_steps=2, runs=10, rsv=0.2, al='mem', alpha=0.9)
tensor([147936, 100314,   1272,  ..., 153649, 114402,  57130]) 39323
tensor([222340, 232877, 217134,  ..., 204679, 201935, 232609]) 7864
Run: 01, Epoch: 01, Loss: 1.3266
Run: 01, Epoch: 02, Loss: 0.5482
Run: 01, Epoch: 03, Loss: 0.4673
Run: 01, Epoch: 04, Loss: 0.4248
Run: 01, Epoch: 05, Loss: 0.4127
Run: 01, Epoch: 06, Loss: 0.3914
Run: 01, Epoch: 07, Loss: 0.3759
Run: 01, Epoch: 08, Loss: 0.3718
Run: 01, Epoch: 09, Loss: 0.3602
Run: 01, Epoch: 10, Loss: 0.3548
Run: 01, Epoch: 10, Train: 91.38%, Valid: 89.48% Test: 77.69%
Run: 01, Epoch: 11, Loss: 0.3457
Run: 01, Epoch: 12, Loss: 0.3408
Run: 01, Epoch: 12, Train: 91.69%, Valid: 89.56% Test: 76.97%
Run: 01, Epoch: 13, Loss: 0.3400
Run: 01, Epoch: 14, Loss: 0.3348
Run: 01, Epoch: 14, Train: 92.02%, Valid: 90.02% Test: 77.39%
Run: 01, Epoch: 15, Loss: 0.3300
Run: 01, Epoch: 16, Loss: 0.3314
Run: 01, Epoch: 16, Train: 92.21%, Valid: 89.62% Test: 77.99%
Run: 01, Epoch: 17, Loss: 0.3210
Run: 01, Epoch: 18, Loss: 0.3312
Run: 01, Epoch: 18, Train: 92.29%, Valid: 89.73% Test: 76.23%
Run: 01, Epoch: 19, Loss: 0.3302
Run: 01, Epoch: 20, Loss: 0.3212
Run: 01, Epoch: 20, Train: 92.40%, Valid: 90.11% Test: 77.35%
Run 01:
Highest Train: 92.40
Highest Valid: 90.11
  Final Train: 92.40
   Final Test: 77.35
Run: 02, Epoch: 01, Loss: 1.4377
Run: 02, Epoch: 02, Loss: 0.5733
Run: 02, Epoch: 03, Loss: 0.4778
Run: 02, Epoch: 04, Loss: 0.4326
Run: 02, Epoch: 05, Loss: 0.4087
Run: 02, Epoch: 06, Loss: 0.3923
Run: 02, Epoch: 07, Loss: 0.3805
Run: 02, Epoch: 08, Loss: 0.3705
Run: 02, Epoch: 09, Loss: 0.3715
Run: 02, Epoch: 10, Loss: 0.3559
Run: 02, Epoch: 10, Train: 91.22%, Valid: 89.43% Test: 77.80%
Run: 02, Epoch: 11, Loss: 0.3461
Run: 02, Epoch: 12, Loss: 0.3439
Run: 02, Epoch: 12, Train: 91.71%, Valid: 89.88% Test: 77.27%
Run: 02, Epoch: 13, Loss: 0.3337
Run: 02, Epoch: 14, Loss: 0.3352
Run: 02, Epoch: 14, Train: 91.90%, Valid: 89.83% Test: 77.47%
Run: 02, Epoch: 15, Loss: 0.3338
Run: 02, Epoch: 16, Loss: 0.3320
Run: 02, Epoch: 16, Train: 91.90%, Valid: 89.81% Test: 77.40%
Run: 02, Epoch: 17, Loss: 0.3297
Run: 02, Epoch: 18, Loss: 0.3223
Run: 02, Epoch: 18, Train: 92.10%, Valid: 90.01% Test: 77.58%
Run: 02, Epoch: 19, Loss: 0.3193
Run: 02, Epoch: 20, Loss: 0.3194
Run: 02, Epoch: 20, Train: 92.41%, Valid: 90.30% Test: 77.78%
Run 02:
Highest Train: 92.41
Highest Valid: 90.30
  Final Train: 92.41
   Final Test: 77.78
Run: 03, Epoch: 01, Loss: 1.3986
Run: 03, Epoch: 02, Loss: 0.5618
Run: 03, Epoch: 03, Loss: 0.4756
Run: 03, Epoch: 04, Loss: 0.4340
Run: 03, Epoch: 05, Loss: 0.3998
Run: 03, Epoch: 06, Loss: 0.3951
Run: 03, Epoch: 07, Loss: 0.3825
Run: 03, Epoch: 08, Loss: 0.3693
Run: 03, Epoch: 09, Loss: 0.3633
Run: 03, Epoch: 10, Loss: 0.3530
Run: 03, Epoch: 10, Train: 91.38%, Valid: 89.71% Test: 76.98%
Run: 03, Epoch: 11, Loss: 0.3510
Run: 03, Epoch: 12, Loss: 0.3454
Run: 03, Epoch: 12, Train: 91.64%, Valid: 89.75% Test: 77.34%
Run: 03, Epoch: 13, Loss: 0.3439
Run: 03, Epoch: 14, Loss: 0.3409
Run: 03, Epoch: 14, Train: 91.76%, Valid: 89.88% Test: 77.49%
Run: 03, Epoch: 15, Loss: 0.3303
Run: 03, Epoch: 16, Loss: 0.3352
Run: 03, Epoch: 16, Train: 91.80%, Valid: 89.80% Test: 77.48%
Run: 03, Epoch: 17, Loss: 0.3295
Run: 03, Epoch: 18, Loss: 0.3266
Run: 03, Epoch: 18, Train: 92.10%, Valid: 89.93% Test: 77.68%
Run: 03, Epoch: 19, Loss: 0.3312
Run: 03, Epoch: 20, Loss: 0.3304
Run: 03, Epoch: 20, Train: 92.19%, Valid: 89.88% Test: 77.47%
Run 03:
Highest Train: 92.19
Highest Valid: 89.93
  Final Train: 92.10
   Final Test: 77.68
Run: 04, Epoch: 01, Loss: 1.3092
Run: 04, Epoch: 02, Loss: 0.5481
Run: 04, Epoch: 03, Loss: 0.4653
Run: 04, Epoch: 04, Loss: 0.4326
Run: 04, Epoch: 05, Loss: 0.4043
Run: 04, Epoch: 06, Loss: 0.3871
Run: 04, Epoch: 07, Loss: 0.3719
Run: 04, Epoch: 08, Loss: 0.3707
Run: 04, Epoch: 09, Loss: 0.3591
Run: 04, Epoch: 10, Loss: 0.3537
Run: 04, Epoch: 10, Train: 91.37%, Valid: 89.53% Test: 77.21%
Run: 04, Epoch: 11, Loss: 0.3464
Run: 04, Epoch: 12, Loss: 0.3363
Run: 04, Epoch: 12, Train: 91.61%, Valid: 89.76% Test: 77.76%
Run: 04, Epoch: 13, Loss: 0.3355
Run: 04, Epoch: 14, Loss: 0.3318
Run: 04, Epoch: 14, Train: 91.97%, Valid: 89.79% Test: 77.01%
Run: 04, Epoch: 15, Loss: 0.3307
Run: 04, Epoch: 16, Loss: 0.3287
Run: 04, Epoch: 16, Train: 92.14%, Valid: 89.69% Test: 77.73%
Run: 04, Epoch: 17, Loss: 0.3328
Run: 04, Epoch: 18, Loss: 0.3338
Run: 04, Epoch: 18, Train: 92.14%, Valid: 89.88% Test: 77.05%
Run: 04, Epoch: 19, Loss: 0.3184
Run: 04, Epoch: 20, Loss: 0.3219
Run: 04, Epoch: 20, Train: 92.36%, Valid: 89.88% Test: 77.19%
Run 04:
Highest Train: 92.36
Highest Valid: 89.88
  Final Train: 92.14
   Final Test: 77.05
Run: 05, Epoch: 01, Loss: 1.2614
Run: 05, Epoch: 02, Loss: 0.5400
Run: 05, Epoch: 03, Loss: 0.4595
Run: 05, Epoch: 04, Loss: 0.4291
Run: 05, Epoch: 05, Loss: 0.4044
Run: 05, Epoch: 06, Loss: 0.3940
Run: 05, Epoch: 07, Loss: 0.3820
Run: 05, Epoch: 08, Loss: 0.3646
Run: 05, Epoch: 09, Loss: 0.3592
Run: 05, Epoch: 10, Loss: 0.3530
Run: 05, Epoch: 10, Train: 91.39%, Valid: 89.95% Test: 77.16%
Run: 05, Epoch: 11, Loss: 0.3454
Run: 05, Epoch: 12, Loss: 0.3397
Run: 05, Epoch: 12, Train: 91.72%, Valid: 89.76% Test: 77.22%
Run: 05, Epoch: 13, Loss: 0.3377
Run: 05, Epoch: 14, Loss: 0.3335
Run: 05, Epoch: 14, Train: 91.96%, Valid: 89.59% Test: 77.59%
Run: 05, Epoch: 15, Loss: 0.3299
Run: 05, Epoch: 16, Loss: 0.3277
Run: 05, Epoch: 16, Train: 92.36%, Valid: 89.97% Test: 77.42%
Run: 05, Epoch: 17, Loss: 0.3175
Run: 05, Epoch: 18, Loss: 0.3191
Run: 05, Epoch: 18, Train: 92.52%, Valid: 89.74% Test: 77.06%
Run: 05, Epoch: 19, Loss: 0.3171
Run: 05, Epoch: 20, Loss: 0.3289
Run: 05, Epoch: 20, Train: 92.54%, Valid: 89.95% Test: 77.37%
Run 05:
Highest Train: 92.54
Highest Valid: 89.97
  Final Train: 92.36
   Final Test: 77.42
Run: 06, Epoch: 01, Loss: 1.3554
Run: 06, Epoch: 02, Loss: 0.5543
Run: 06, Epoch: 03, Loss: 0.4745
Run: 06, Epoch: 04, Loss: 0.4253
Run: 06, Epoch: 05, Loss: 0.4095
Run: 06, Epoch: 06, Loss: 0.3943
Run: 06, Epoch: 07, Loss: 0.3803
Run: 06, Epoch: 08, Loss: 0.3647
Run: 06, Epoch: 09, Loss: 0.3601
Run: 06, Epoch: 10, Loss: 0.3563
Run: 06, Epoch: 10, Train: 91.33%, Valid: 89.73% Test: 77.26%
Run: 06, Epoch: 11, Loss: 0.3485
Run: 06, Epoch: 12, Loss: 0.3423
Run: 06, Epoch: 12, Train: 91.66%, Valid: 89.83% Test: 76.89%
Run: 06, Epoch: 13, Loss: 0.3367
Run: 06, Epoch: 14, Loss: 0.3287
Run: 06, Epoch: 14, Train: 91.91%, Valid: 89.95% Test: 77.25%
Run: 06, Epoch: 15, Loss: 0.3240
Run: 06, Epoch: 16, Loss: 0.3247
Run: 06, Epoch: 16, Train: 92.09%, Valid: 90.16% Test: 77.47%
Run: 06, Epoch: 17, Loss: 0.3281
Run: 06, Epoch: 18, Loss: 0.3254
Run: 06, Epoch: 18, Train: 92.28%, Valid: 90.08% Test: 77.18%
Run: 06, Epoch: 19, Loss: 0.3176
Run: 06, Epoch: 20, Loss: 0.3253
Run: 06, Epoch: 20, Train: 92.52%, Valid: 90.01% Test: 78.38%
Run 06:
Highest Train: 92.52
Highest Valid: 90.16
  Final Train: 92.09
   Final Test: 77.47
Run: 07, Epoch: 01, Loss: 1.3746
Run: 07, Epoch: 02, Loss: 0.5559
Run: 07, Epoch: 03, Loss: 0.4747
Run: 07, Epoch: 04, Loss: 0.4327
Run: 07, Epoch: 05, Loss: 0.4109
Run: 07, Epoch: 06, Loss: 0.3893
Run: 07, Epoch: 07, Loss: 0.3785
Run: 07, Epoch: 08, Loss: 0.3699
Run: 07, Epoch: 09, Loss: 0.3648
Run: 07, Epoch: 10, Loss: 0.3610
Run: 07, Epoch: 10, Train: 91.33%, Valid: 89.83% Test: 76.86%
Run: 07, Epoch: 11, Loss: 0.3483
Run: 07, Epoch: 12, Loss: 0.3379
Run: 07, Epoch: 12, Train: 91.67%, Valid: 89.97% Test: 76.99%
Run: 07, Epoch: 13, Loss: 0.3335
Run: 07, Epoch: 14, Loss: 0.3309
Run: 07, Epoch: 14, Train: 91.86%, Valid: 90.18% Test: 77.18%
Run: 07, Epoch: 15, Loss: 0.3242
Run: 07, Epoch: 16, Loss: 0.3273
Run: 07, Epoch: 16, Train: 92.14%, Valid: 89.98% Test: 77.20%
Run: 07, Epoch: 17, Loss: 0.3264
Run: 07, Epoch: 18, Loss: 0.3280
Run: 07, Epoch: 18, Train: 92.31%, Valid: 90.03% Test: 77.59%
Run: 07, Epoch: 19, Loss: 0.3181
Run: 07, Epoch: 20, Loss: 0.3167
Run: 07, Epoch: 20, Train: 92.53%, Valid: 90.08% Test: 77.67%
Run 07:
Highest Train: 92.53
Highest Valid: 90.18
  Final Train: 91.86
   Final Test: 77.18
Run: 08, Epoch: 01, Loss: 1.2686
Run: 08, Epoch: 02, Loss: 0.5453
Run: 08, Epoch: 03, Loss: 0.4663
Run: 08, Epoch: 04, Loss: 0.4265
Run: 08, Epoch: 05, Loss: 0.3952
Run: 08, Epoch: 06, Loss: 0.3886
Run: 08, Epoch: 07, Loss: 0.3739
Run: 08, Epoch: 08, Loss: 0.3685
Run: 08, Epoch: 09, Loss: 0.3560
Run: 08, Epoch: 10, Loss: 0.3483
Run: 08, Epoch: 10, Train: 91.46%, Valid: 89.57% Test: 77.43%
Run: 08, Epoch: 11, Loss: 0.3472
Run: 08, Epoch: 12, Loss: 0.3428
Run: 08, Epoch: 12, Train: 91.54%, Valid: 89.73% Test: 77.62%
Run: 08, Epoch: 13, Loss: 0.3374
Run: 08, Epoch: 14, Loss: 0.3376
Run: 08, Epoch: 14, Train: 91.78%, Valid: 89.90% Test: 77.51%
Run: 08, Epoch: 15, Loss: 0.3296
Run: 08, Epoch: 16, Loss: 0.3258
Run: 08, Epoch: 16, Train: 92.13%, Valid: 89.87% Test: 77.31%
Run: 08, Epoch: 17, Loss: 0.3232
Run: 08, Epoch: 18, Loss: 0.3231
Run: 08, Epoch: 18, Train: 92.26%, Valid: 89.94% Test: 77.28%
Run: 08, Epoch: 19, Loss: 0.3204
Run: 08, Epoch: 20, Loss: 0.3160
Run: 08, Epoch: 20, Train: 92.51%, Valid: 89.79% Test: 77.53%
Run 08:
Highest Train: 92.51
Highest Valid: 89.94
  Final Train: 92.26
   Final Test: 77.28
Run: 09, Epoch: 01, Loss: 1.3122
Run: 09, Epoch: 02, Loss: 0.5416
Run: 09, Epoch: 03, Loss: 0.4670
Run: 09, Epoch: 04, Loss: 0.4279
Run: 09, Epoch: 05, Loss: 0.4062
Run: 09, Epoch: 06, Loss: 0.3851
Run: 09, Epoch: 07, Loss: 0.3732
Run: 09, Epoch: 08, Loss: 0.3663
Run: 09, Epoch: 09, Loss: 0.3537
Run: 09, Epoch: 10, Loss: 0.3512
Run: 09, Epoch: 10, Train: 91.49%, Valid: 89.92% Test: 76.48%
Run: 09, Epoch: 11, Loss: 0.3418
Run: 09, Epoch: 12, Loss: 0.3373
Run: 09, Epoch: 12, Train: 91.89%, Valid: 89.89% Test: 77.37%
Run: 09, Epoch: 13, Loss: 0.3363
Run: 09, Epoch: 14, Loss: 0.3391
Run: 09, Epoch: 14, Train: 92.01%, Valid: 89.70% Test: 77.05%
Run: 09, Epoch: 15, Loss: 0.3337
Run: 09, Epoch: 16, Loss: 0.3302
Run: 09, Epoch: 16, Train: 92.17%, Valid: 89.84% Test: 76.57%
Run: 09, Epoch: 17, Loss: 0.3291
Run: 09, Epoch: 18, Loss: 0.3257
Run: 09, Epoch: 18, Train: 92.30%, Valid: 89.80% Test: 76.66%
Run: 09, Epoch: 19, Loss: 0.3253
Run: 09, Epoch: 20, Loss: 0.3211
Run: 09, Epoch: 20, Train: 92.44%, Valid: 89.73% Test: 77.48%
Run 09:
Highest Train: 92.44
Highest Valid: 89.92
  Final Train: 91.49
   Final Test: 76.48
Run: 10, Epoch: 01, Loss: 1.3346
Run: 10, Epoch: 02, Loss: 0.5477
Run: 10, Epoch: 03, Loss: 0.4650
Run: 10, Epoch: 04, Loss: 0.4252
Run: 10, Epoch: 05, Loss: 0.4047
Run: 10, Epoch: 06, Loss: 0.3871
Run: 10, Epoch: 07, Loss: 0.3733
Run: 10, Epoch: 08, Loss: 0.3687
Run: 10, Epoch: 09, Loss: 0.3595
Run: 10, Epoch: 10, Loss: 0.3512
Run: 10, Epoch: 10, Train: 91.34%, Valid: 89.69% Test: 77.59%
Run: 10, Epoch: 11, Loss: 0.3481
Run: 10, Epoch: 12, Loss: 0.3390
Run: 10, Epoch: 12, Train: 91.60%, Valid: 89.79% Test: 77.04%
Run: 10, Epoch: 13, Loss: 0.3357
Run: 10, Epoch: 14, Loss: 0.3331
Run: 10, Epoch: 14, Train: 91.88%, Valid: 89.65% Test: 77.99%
Run: 10, Epoch: 15, Loss: 0.3368
Run: 10, Epoch: 16, Loss: 0.3256
Run: 10, Epoch: 16, Train: 92.27%, Valid: 90.07% Test: 77.81%
Run: 10, Epoch: 17, Loss: 0.3270
Run: 10, Epoch: 18, Loss: 0.3277
Run: 10, Epoch: 18, Train: 92.07%, Valid: 89.53% Test: 77.53%
Run: 10, Epoch: 19, Loss: 0.3231
Run: 10, Epoch: 20, Loss: 0.3263
Run: 10, Epoch: 20, Train: 92.37%, Valid: 89.80% Test: 77.26%
Run 10:
Highest Train: 92.37
Highest Valid: 90.07
  Final Train: 92.27
   Final Test: 77.81
All runs:
Highest Train: 92.43 ± 0.11
Highest Valid: 90.04 ± 0.14
  Final Train: 92.14 ± 0.29
   Final Test: 77.35 ± 0.39
