Namespace(device=0, log_steps=1, inductive=False, num_layers=3, hidden_channels=256, dropout=0.5, batch_size=20000, walk_length=3, lr=0.01, num_steps=30, epochs=20, eval_steps=2, runs=10, rsv=0.2, al='mem', alpha=0.5)
tensor([147936, 100314,   1272,  ...,  27967, 155552,  94768]) 39323
tensor([222340, 232877, 217134,  ..., 204679, 201935, 232609]) 7864
Run: 01, Epoch: 01, Loss: 1.6291
Run: 01, Epoch: 02, Loss: 0.8383
Run: 01, Epoch: 03, Loss: 0.7462
Run: 01, Epoch: 04, Loss: 0.6956
Run: 01, Epoch: 05, Loss: 0.6690
Run: 01, Epoch: 06, Loss: 0.6388
Run: 01, Epoch: 07, Loss: 0.6222
Run: 01, Epoch: 08, Loss: 0.6182
Run: 01, Epoch: 09, Loss: 0.5996
Run: 01, Epoch: 10, Loss: 0.5978
Run: 01, Epoch: 10, Train: 84.99%, Valid: 90.28% Test: 77.48%
Run: 01, Epoch: 11, Loss: 0.5915
Run: 01, Epoch: 12, Loss: 0.5789
Run: 01, Epoch: 12, Train: 85.67%, Valid: 90.74% Test: 77.75%
Run: 01, Epoch: 13, Loss: 0.5804
Run: 01, Epoch: 14, Loss: 0.5818
Run: 01, Epoch: 14, Train: 85.76%, Valid: 90.64% Test: 77.74%
Run: 01, Epoch: 15, Loss: 0.5751
Run: 01, Epoch: 16, Loss: 0.5750
Run: 01, Epoch: 16, Train: 85.94%, Valid: 90.41% Test: 77.67%
Run: 01, Epoch: 17, Loss: 0.5689
Run: 01, Epoch: 18, Loss: 0.5672
Run: 01, Epoch: 18, Train: 86.34%, Valid: 90.74% Test: 76.68%
Run: 01, Epoch: 19, Loss: 0.5640
Run: 01, Epoch: 20, Loss: 0.5562
Run: 01, Epoch: 20, Train: 86.19%, Valid: 90.63% Test: 77.73%
Run 01:
Highest Train: 86.34
Highest Valid: 90.74
  Final Train: 85.67
   Final Test: 77.75
Run: 02, Epoch: 01, Loss: 1.7469
Run: 02, Epoch: 02, Loss: 0.8753
Run: 02, Epoch: 03, Loss: 0.7565
Run: 02, Epoch: 04, Loss: 0.7094
Run: 02, Epoch: 05, Loss: 0.6780
Run: 02, Epoch: 06, Loss: 0.6431
Run: 02, Epoch: 07, Loss: 0.6335
Run: 02, Epoch: 08, Loss: 0.6196
Run: 02, Epoch: 09, Loss: 0.6199
Run: 02, Epoch: 10, Loss: 0.6003
Run: 02, Epoch: 10, Train: 85.30%, Valid: 90.82% Test: 78.00%
Run: 02, Epoch: 11, Loss: 0.5961
Run: 02, Epoch: 12, Loss: 0.5887
Run: 02, Epoch: 12, Train: 85.48%, Valid: 90.68% Test: 77.33%
Run: 02, Epoch: 13, Loss: 0.5781
Run: 02, Epoch: 14, Loss: 0.5818
Run: 02, Epoch: 14, Train: 85.60%, Valid: 90.64% Test: 77.98%
Run: 02, Epoch: 15, Loss: 0.5755
Run: 02, Epoch: 16, Loss: 0.5729
Run: 02, Epoch: 16, Train: 85.90%, Valid: 90.67% Test: 78.21%
Run: 02, Epoch: 17, Loss: 0.5686
Run: 02, Epoch: 18, Loss: 0.5676
Run: 02, Epoch: 18, Train: 86.19%, Valid: 90.82% Test: 77.62%
Run: 02, Epoch: 19, Loss: 0.5579
Run: 02, Epoch: 20, Loss: 0.5653
Run: 02, Epoch: 20, Train: 86.22%, Valid: 90.84% Test: 78.37%
Run 02:
Highest Train: 86.22
Highest Valid: 90.84
  Final Train: 86.22
   Final Test: 78.37
Run: 03, Epoch: 01, Loss: 1.7284
Run: 03, Epoch: 02, Loss: 0.8725
Run: 03, Epoch: 03, Loss: 0.7653
Run: 03, Epoch: 04, Loss: 0.7166
Run: 03, Epoch: 05, Loss: 0.6699
Run: 03, Epoch: 06, Loss: 0.6520
Run: 03, Epoch: 07, Loss: 0.6306
Run: 03, Epoch: 08, Loss: 0.6256
Run: 03, Epoch: 09, Loss: 0.6172
Run: 03, Epoch: 10, Loss: 0.6008
Run: 03, Epoch: 10, Train: 84.79%, Valid: 90.50% Test: 77.30%
Run: 03, Epoch: 11, Loss: 0.5954
Run: 03, Epoch: 12, Loss: 0.5911
Run: 03, Epoch: 12, Train: 85.28%, Valid: 90.30% Test: 77.31%
Run: 03, Epoch: 13, Loss: 0.5898
Run: 03, Epoch: 14, Loss: 0.5847
Run: 03, Epoch: 14, Train: 85.52%, Valid: 90.55% Test: 78.26%
Run: 03, Epoch: 15, Loss: 0.5784
Run: 03, Epoch: 16, Loss: 0.5779
Run: 03, Epoch: 16, Train: 85.92%, Valid: 90.41% Test: 78.10%
Run: 03, Epoch: 17, Loss: 0.5721
Run: 03, Epoch: 18, Loss: 0.5720
Run: 03, Epoch: 18, Train: 86.18%, Valid: 90.60% Test: 77.95%
Run: 03, Epoch: 19, Loss: 0.5653
Run: 03, Epoch: 20, Loss: 0.5593
Run: 03, Epoch: 20, Train: 86.36%, Valid: 90.74% Test: 77.98%
Run 03:
Highest Train: 86.36
Highest Valid: 90.74
  Final Train: 86.36
   Final Test: 77.98
Run: 04, Epoch: 01, Loss: 1.6794
Run: 04, Epoch: 02, Loss: 0.8656
Run: 04, Epoch: 03, Loss: 0.7507
Run: 04, Epoch: 04, Loss: 0.7043
Run: 04, Epoch: 05, Loss: 0.6733
Run: 04, Epoch: 06, Loss: 0.6501
Run: 04, Epoch: 07, Loss: 0.6397
Run: 04, Epoch: 08, Loss: 0.6248
Run: 04, Epoch: 09, Loss: 0.6153
Run: 04, Epoch: 10, Loss: 0.6075
Run: 04, Epoch: 10, Train: 84.95%, Valid: 90.36% Test: 78.10%
Run: 04, Epoch: 11, Loss: 0.5930
Run: 04, Epoch: 12, Loss: 0.5824
Run: 04, Epoch: 12, Train: 85.51%, Valid: 90.54% Test: 77.67%
Run: 04, Epoch: 13, Loss: 0.5760
Run: 04, Epoch: 14, Loss: 0.5704
Run: 04, Epoch: 14, Train: 85.73%, Valid: 90.49% Test: 77.67%
Run: 04, Epoch: 15, Loss: 0.5804
Run: 04, Epoch: 16, Loss: 0.5836
Run: 04, Epoch: 16, Train: 85.98%, Valid: 90.86% Test: 77.95%
Run: 04, Epoch: 17, Loss: 0.5689
Run: 04, Epoch: 18, Loss: 0.5664
Run: 04, Epoch: 18, Train: 86.10%, Valid: 90.55% Test: 76.86%
Run: 04, Epoch: 19, Loss: 0.5610
Run: 04, Epoch: 20, Loss: 0.5506
Run: 04, Epoch: 20, Train: 86.55%, Valid: 90.76% Test: 77.92%
Run 04:
Highest Train: 86.55
Highest Valid: 90.86
  Final Train: 85.98
   Final Test: 77.95
Run: 05, Epoch: 01, Loss: 1.6024
Run: 05, Epoch: 02, Loss: 0.8426
Run: 05, Epoch: 03, Loss: 0.7462
Run: 05, Epoch: 04, Loss: 0.6915
Run: 05, Epoch: 05, Loss: 0.6638
Run: 05, Epoch: 06, Loss: 0.6355
Run: 05, Epoch: 07, Loss: 0.6301
Run: 05, Epoch: 08, Loss: 0.6134
Run: 05, Epoch: 09, Loss: 0.6016
Run: 05, Epoch: 10, Loss: 0.6100
Run: 05, Epoch: 10, Train: 84.98%, Valid: 90.28% Test: 77.00%
Run: 05, Epoch: 11, Loss: 0.5955
Run: 05, Epoch: 12, Loss: 0.5870
Run: 05, Epoch: 12, Train: 85.65%, Valid: 90.79% Test: 77.78%
Run: 05, Epoch: 13, Loss: 0.5801
Run: 05, Epoch: 14, Loss: 0.5752
Run: 05, Epoch: 14, Train: 85.64%, Valid: 90.83% Test: 77.55%
Run: 05, Epoch: 15, Loss: 0.5684
Run: 05, Epoch: 16, Loss: 0.5590
Run: 05, Epoch: 16, Train: 85.93%, Valid: 90.53% Test: 77.78%
Run: 05, Epoch: 17, Loss: 0.5547
Run: 05, Epoch: 18, Loss: 0.5509
Run: 05, Epoch: 18, Train: 86.34%, Valid: 90.81% Test: 77.49%
Run: 05, Epoch: 19, Loss: 0.5586
Run: 05, Epoch: 20, Loss: 0.5611
Run: 05, Epoch: 20, Train: 86.66%, Valid: 90.97% Test: 78.06%
Run 05:
Highest Train: 86.66
Highest Valid: 90.97
  Final Train: 86.66
   Final Test: 78.06
Run: 06, Epoch: 01, Loss: 1.6022
Run: 06, Epoch: 02, Loss: 0.8357
Run: 06, Epoch: 03, Loss: 0.7484
Run: 06, Epoch: 04, Loss: 0.6929
Run: 06, Epoch: 05, Loss: 0.6662
Run: 06, Epoch: 06, Loss: 0.6505
Run: 06, Epoch: 07, Loss: 0.6308
Run: 06, Epoch: 08, Loss: 0.6124
Run: 06, Epoch: 09, Loss: 0.6013
Run: 06, Epoch: 10, Loss: 0.6034
Run: 06, Epoch: 10, Train: 85.31%, Valid: 90.48% Test: 78.44%
Run: 06, Epoch: 11, Loss: 0.5874
Run: 06, Epoch: 12, Loss: 0.5815
Run: 06, Epoch: 12, Train: 85.99%, Valid: 90.53% Test: 77.49%
Run: 06, Epoch: 13, Loss: 0.5810
Run: 06, Epoch: 14, Loss: 0.5665
Run: 06, Epoch: 14, Train: 85.88%, Valid: 90.53% Test: 77.66%
Run: 06, Epoch: 15, Loss: 0.5678
Run: 06, Epoch: 16, Loss: 0.5688
Run: 06, Epoch: 16, Train: 86.24%, Valid: 90.95% Test: 77.87%
Run: 06, Epoch: 17, Loss: 0.5686
Run: 06, Epoch: 18, Loss: 0.5603
Run: 06, Epoch: 18, Train: 86.63%, Valid: 90.65% Test: 77.77%
Run: 06, Epoch: 19, Loss: 0.5606
Run: 06, Epoch: 20, Loss: 0.5587
Run: 06, Epoch: 20, Train: 86.56%, Valid: 90.73% Test: 78.24%
Run 06:
Highest Train: 86.63
Highest Valid: 90.95
  Final Train: 86.24
   Final Test: 77.87
Run: 07, Epoch: 01, Loss: 1.7135
Run: 07, Epoch: 02, Loss: 0.8615
Run: 07, Epoch: 03, Loss: 0.7647
Run: 07, Epoch: 04, Loss: 0.7062
Run: 07, Epoch: 05, Loss: 0.6720
Run: 07, Epoch: 06, Loss: 0.6561
Run: 07, Epoch: 07, Loss: 0.6342
Run: 07, Epoch: 08, Loss: 0.6231
Run: 07, Epoch: 09, Loss: 0.6183
Run: 07, Epoch: 10, Loss: 0.6112
Run: 07, Epoch: 10, Train: 85.02%, Valid: 90.23% Test: 77.83%
Run: 07, Epoch: 11, Loss: 0.5968
Run: 07, Epoch: 12, Loss: 0.5916
Run: 07, Epoch: 12, Train: 85.20%, Valid: 90.58% Test: 77.83%
Run: 07, Epoch: 13, Loss: 0.5786
Run: 07, Epoch: 14, Loss: 0.5723
Run: 07, Epoch: 14, Train: 85.70%, Valid: 90.86% Test: 77.74%
Run: 07, Epoch: 15, Loss: 0.5758
Run: 07, Epoch: 16, Loss: 0.5815
Run: 07, Epoch: 16, Train: 86.10%, Valid: 90.60% Test: 78.11%
Run: 07, Epoch: 17, Loss: 0.5706
Run: 07, Epoch: 18, Loss: 0.5683
Run: 07, Epoch: 18, Train: 86.00%, Valid: 90.68% Test: 77.99%
Run: 07, Epoch: 19, Loss: 0.5605
Run: 07, Epoch: 20, Loss: 0.5639
Run: 07, Epoch: 20, Train: 86.26%, Valid: 91.00% Test: 78.25%
Run 07:
Highest Train: 86.26
Highest Valid: 91.00
  Final Train: 86.26
   Final Test: 78.25
Run: 08, Epoch: 01, Loss: 1.5286
Run: 08, Epoch: 02, Loss: 0.8380
Run: 08, Epoch: 03, Loss: 0.7350
Run: 08, Epoch: 04, Loss: 0.6830
Run: 08, Epoch: 05, Loss: 0.6573
Run: 08, Epoch: 06, Loss: 0.6337
Run: 08, Epoch: 07, Loss: 0.6170
Run: 08, Epoch: 08, Loss: 0.6128
Run: 08, Epoch: 09, Loss: 0.6015
Run: 08, Epoch: 10, Loss: 0.5909
Run: 08, Epoch: 10, Train: 85.07%, Valid: 90.32% Test: 78.13%
Run: 08, Epoch: 11, Loss: 0.5909
Run: 08, Epoch: 12, Loss: 0.5782
Run: 08, Epoch: 12, Train: 85.56%, Valid: 90.42% Test: 77.97%
Run: 08, Epoch: 13, Loss: 0.5733
Run: 08, Epoch: 14, Loss: 0.5731
Run: 08, Epoch: 14, Train: 85.67%, Valid: 90.46% Test: 77.99%
Run: 08, Epoch: 15, Loss: 0.5637
Run: 08, Epoch: 16, Loss: 0.5667
Run: 08, Epoch: 16, Train: 86.32%, Valid: 90.51% Test: 77.40%
Run: 08, Epoch: 17, Loss: 0.5558
Run: 08, Epoch: 18, Loss: 0.5607
Run: 08, Epoch: 18, Train: 86.42%, Valid: 90.82% Test: 77.54%
Run: 08, Epoch: 19, Loss: 0.5533
Run: 08, Epoch: 20, Loss: 0.5511
Run: 08, Epoch: 20, Train: 86.58%, Valid: 90.95% Test: 77.95%
Run 08:
Highest Train: 86.58
Highest Valid: 90.95
  Final Train: 86.58
   Final Test: 77.95
Run: 09, Epoch: 01, Loss: 1.5536
Run: 09, Epoch: 02, Loss: 0.8258
Run: 09, Epoch: 03, Loss: 0.7318
Run: 09, Epoch: 04, Loss: 0.6867
Run: 09, Epoch: 05, Loss: 0.6557
Run: 09, Epoch: 06, Loss: 0.6394
Run: 09, Epoch: 07, Loss: 0.6239
Run: 09, Epoch: 08, Loss: 0.6155
Run: 09, Epoch: 09, Loss: 0.6037
Run: 09, Epoch: 10, Loss: 0.5908
Run: 09, Epoch: 10, Train: 85.23%, Valid: 90.40% Test: 77.52%
Run: 09, Epoch: 11, Loss: 0.5878
Run: 09, Epoch: 12, Loss: 0.5793
Run: 09, Epoch: 12, Train: 85.38%, Valid: 90.55% Test: 77.64%
Run: 09, Epoch: 13, Loss: 0.5781
Run: 09, Epoch: 14, Loss: 0.5741
Run: 09, Epoch: 14, Train: 85.98%, Valid: 90.55% Test: 77.27%
Run: 09, Epoch: 15, Loss: 0.5686
Run: 09, Epoch: 16, Loss: 0.5589
Run: 09, Epoch: 16, Train: 86.07%, Valid: 90.92% Test: 77.81%
Run: 09, Epoch: 17, Loss: 0.5478
Run: 09, Epoch: 18, Loss: 0.5546
Run: 09, Epoch: 18, Train: 86.68%, Valid: 91.10% Test: 77.50%
Run: 09, Epoch: 19, Loss: 0.5526
Run: 09, Epoch: 20, Loss: 0.5504
Run: 09, Epoch: 20, Train: 86.69%, Valid: 90.91% Test: 77.73%
Run 09:
Highest Train: 86.69
Highest Valid: 91.10
  Final Train: 86.68
   Final Test: 77.50
Run: 10, Epoch: 01, Loss: 1.6194
Run: 10, Epoch: 02, Loss: 0.8540
Run: 10, Epoch: 03, Loss: 0.7481
Run: 10, Epoch: 04, Loss: 0.6966
Run: 10, Epoch: 05, Loss: 0.6725
Run: 10, Epoch: 06, Loss: 0.6521
Run: 10, Epoch: 07, Loss: 0.6236
Run: 10, Epoch: 08, Loss: 0.6173
Run: 10, Epoch: 09, Loss: 0.6134
Run: 10, Epoch: 10, Loss: 0.6002
Run: 10, Epoch: 10, Train: 85.28%, Valid: 90.67% Test: 77.59%
Run: 10, Epoch: 11, Loss: 0.5953
Run: 10, Epoch: 12, Loss: 0.5855
Run: 10, Epoch: 12, Train: 85.51%, Valid: 90.58% Test: 78.40%
Run: 10, Epoch: 13, Loss: 0.5926
Run: 10, Epoch: 14, Loss: 0.5857
Run: 10, Epoch: 14, Train: 85.60%, Valid: 90.26% Test: 77.81%
Run: 10, Epoch: 15, Loss: 0.5894
Run: 10, Epoch: 16, Loss: 0.5798
Run: 10, Epoch: 16, Train: 85.72%, Valid: 90.74% Test: 77.86%
Run: 10, Epoch: 17, Loss: 0.5683
Run: 10, Epoch: 18, Loss: 0.5685
Run: 10, Epoch: 18, Train: 85.98%, Valid: 90.51% Test: 77.64%
Run: 10, Epoch: 19, Loss: 0.5737
Run: 10, Epoch: 20, Loss: 0.5752
Run: 10, Epoch: 20, Train: 86.51%, Valid: 90.74% Test: 78.04%
Run 10:
Highest Train: 86.51
Highest Valid: 90.74
  Final Train: 85.72
   Final Test: 77.86
All runs:
Highest Train: 86.48 ± 0.17
Highest Valid: 90.89 ± 0.12
  Final Train: 86.24 ± 0.36
   Final Test: 77.95 ± 0.24
