Namespace(device=0, log_steps=1, inductive=False, num_layers=3, hidden_channels=256, dropout=0.5, batch_size=20000, walk_length=3, lr=0.01, num_steps=30, epochs=20, eval_steps=2, runs=10, rsv=0.2, al='mem', alpha=0.7)
tensor([147936, 100314,   1272,  ...,   6766,  36944,  49350]) 39323
tensor([222340, 232877, 217134,  ..., 204679, 201935, 232609]) 7864
Run: 01, Epoch: 01, Loss: 1.4902
Run: 01, Epoch: 02, Loss: 0.6704
Run: 01, Epoch: 03, Loss: 0.5789
Run: 01, Epoch: 04, Loss: 0.5313
Run: 01, Epoch: 05, Loss: 0.5102
Run: 01, Epoch: 06, Loss: 0.4827
Run: 01, Epoch: 07, Loss: 0.4648
Run: 01, Epoch: 08, Loss: 0.4602
Run: 01, Epoch: 09, Loss: 0.4540
Run: 01, Epoch: 10, Loss: 0.4470
Run: 01, Epoch: 10, Train: 89.19%, Valid: 89.99% Test: 77.71%
Run: 01, Epoch: 11, Loss: 0.4416
Run: 01, Epoch: 12, Loss: 0.4326
Run: 01, Epoch: 12, Train: 89.56%, Valid: 89.99% Test: 77.65%
Run: 01, Epoch: 13, Loss: 0.4247
Run: 01, Epoch: 14, Loss: 0.4266
Run: 01, Epoch: 14, Train: 89.66%, Valid: 90.03% Test: 77.19%
Run: 01, Epoch: 15, Loss: 0.4195
Run: 01, Epoch: 16, Loss: 0.4146
Run: 01, Epoch: 16, Train: 89.92%, Valid: 90.04% Test: 78.37%
Run: 01, Epoch: 17, Loss: 0.4105
Run: 01, Epoch: 18, Loss: 0.4091
Run: 01, Epoch: 18, Train: 90.21%, Valid: 90.26% Test: 77.70%
Run: 01, Epoch: 19, Loss: 0.4091
Run: 01, Epoch: 20, Loss: 0.4055
Run: 01, Epoch: 20, Train: 90.36%, Valid: 90.25% Test: 77.40%
Run 01:
Highest Train: 90.36
Highest Valid: 90.26
  Final Train: 90.21
   Final Test: 77.70
Run: 02, Epoch: 01, Loss: 1.6228
Run: 02, Epoch: 02, Loss: 0.6867
Run: 02, Epoch: 03, Loss: 0.5834
Run: 02, Epoch: 04, Loss: 0.5352
Run: 02, Epoch: 05, Loss: 0.5034
Run: 02, Epoch: 06, Loss: 0.4831
Run: 02, Epoch: 07, Loss: 0.4699
Run: 02, Epoch: 08, Loss: 0.4625
Run: 02, Epoch: 09, Loss: 0.4621
Run: 02, Epoch: 10, Loss: 0.4491
Run: 02, Epoch: 10, Train: 88.97%, Valid: 90.04% Test: 77.90%
Run: 02, Epoch: 11, Loss: 0.4360
Run: 02, Epoch: 12, Loss: 0.4365
Run: 02, Epoch: 12, Train: 89.41%, Valid: 90.01% Test: 77.08%
Run: 02, Epoch: 13, Loss: 0.4228
Run: 02, Epoch: 14, Loss: 0.4252
Run: 02, Epoch: 14, Train: 89.57%, Valid: 90.12% Test: 77.79%
Run: 02, Epoch: 15, Loss: 0.4245
Run: 02, Epoch: 16, Loss: 0.4226
Run: 02, Epoch: 16, Train: 89.79%, Valid: 90.28% Test: 77.73%
Run: 02, Epoch: 17, Loss: 0.4207
Run: 02, Epoch: 18, Loss: 0.4203
Run: 02, Epoch: 18, Train: 89.93%, Valid: 90.41% Test: 77.36%
Run: 02, Epoch: 19, Loss: 0.4137
Run: 02, Epoch: 20, Loss: 0.4110
Run: 02, Epoch: 20, Train: 90.17%, Valid: 90.32% Test: 77.53%
Run 02:
Highest Train: 90.17
Highest Valid: 90.41
  Final Train: 89.93
   Final Test: 77.36
Run: 03, Epoch: 01, Loss: 1.5877
Run: 03, Epoch: 02, Loss: 0.6931
Run: 03, Epoch: 03, Loss: 0.5916
Run: 03, Epoch: 04, Loss: 0.5458
Run: 03, Epoch: 05, Loss: 0.5089
Run: 03, Epoch: 06, Loss: 0.4964
Run: 03, Epoch: 07, Loss: 0.4830
Run: 03, Epoch: 08, Loss: 0.4762
Run: 03, Epoch: 09, Loss: 0.4659
Run: 03, Epoch: 10, Loss: 0.4523
Run: 03, Epoch: 10, Train: 88.61%, Valid: 89.69% Test: 77.36%
Run: 03, Epoch: 11, Loss: 0.4448
Run: 03, Epoch: 12, Loss: 0.4407
Run: 03, Epoch: 12, Train: 89.31%, Valid: 90.20% Test: 77.77%
Run: 03, Epoch: 13, Loss: 0.4349
Run: 03, Epoch: 14, Loss: 0.4342
Run: 03, Epoch: 14, Train: 89.45%, Valid: 89.99% Test: 77.50%
Run: 03, Epoch: 15, Loss: 0.4241
Run: 03, Epoch: 16, Loss: 0.4275
Run: 03, Epoch: 16, Train: 89.79%, Valid: 90.12% Test: 78.09%
Run: 03, Epoch: 17, Loss: 0.4258
Run: 03, Epoch: 18, Loss: 0.4198
Run: 03, Epoch: 18, Train: 90.07%, Valid: 89.83% Test: 78.19%
Run: 03, Epoch: 19, Loss: 0.4191
Run: 03, Epoch: 20, Loss: 0.4180
Run: 03, Epoch: 20, Train: 89.98%, Valid: 90.17% Test: 77.56%
Run 03:
Highest Train: 90.07
Highest Valid: 90.20
  Final Train: 89.31
   Final Test: 77.77
Run: 04, Epoch: 01, Loss: 1.4795
Run: 04, Epoch: 02, Loss: 0.6713
Run: 04, Epoch: 03, Loss: 0.5711
Run: 04, Epoch: 04, Loss: 0.5346
Run: 04, Epoch: 05, Loss: 0.5022
Run: 04, Epoch: 06, Loss: 0.4829
Run: 04, Epoch: 07, Loss: 0.4745
Run: 04, Epoch: 08, Loss: 0.4629
Run: 04, Epoch: 09, Loss: 0.4562
Run: 04, Epoch: 10, Loss: 0.4493
Run: 04, Epoch: 10, Train: 89.07%, Valid: 90.06% Test: 77.89%
Run: 04, Epoch: 11, Loss: 0.4392
Run: 04, Epoch: 12, Loss: 0.4346
Run: 04, Epoch: 12, Train: 89.26%, Valid: 89.75% Test: 77.07%
Run: 04, Epoch: 13, Loss: 0.4290
Run: 04, Epoch: 14, Loss: 0.4257
Run: 04, Epoch: 14, Train: 89.37%, Valid: 90.34% Test: 77.00%
Run: 04, Epoch: 15, Loss: 0.4219
Run: 04, Epoch: 16, Loss: 0.4215
Run: 04, Epoch: 16, Train: 90.07%, Valid: 90.50% Test: 77.47%
Run: 04, Epoch: 17, Loss: 0.4159
Run: 04, Epoch: 18, Loss: 0.4126
Run: 04, Epoch: 18, Train: 89.92%, Valid: 90.28% Test: 77.03%
Run: 04, Epoch: 19, Loss: 0.4101
Run: 04, Epoch: 20, Loss: 0.4114
Run: 04, Epoch: 20, Train: 90.31%, Valid: 90.32% Test: 77.51%
Run 04:
Highest Train: 90.31
Highest Valid: 90.50
  Final Train: 90.07
   Final Test: 77.47
Run: 05, Epoch: 01, Loss: 1.4197
Run: 05, Epoch: 02, Loss: 0.6638
Run: 05, Epoch: 03, Loss: 0.5661
Run: 05, Epoch: 04, Loss: 0.5315
Run: 05, Epoch: 05, Loss: 0.5062
Run: 05, Epoch: 06, Loss: 0.4808
Run: 05, Epoch: 07, Loss: 0.4723
Run: 05, Epoch: 08, Loss: 0.4527
Run: 05, Epoch: 09, Loss: 0.4511
Run: 05, Epoch: 10, Loss: 0.4419
Run: 05, Epoch: 10, Train: 89.12%, Valid: 89.92% Test: 77.55%
Run: 05, Epoch: 11, Loss: 0.4313
Run: 05, Epoch: 12, Loss: 0.4315
Run: 05, Epoch: 12, Train: 89.43%, Valid: 90.14% Test: 77.45%
Run: 05, Epoch: 13, Loss: 0.4249
Run: 05, Epoch: 14, Loss: 0.4167
Run: 05, Epoch: 14, Train: 89.70%, Valid: 90.28% Test: 77.91%
Run: 05, Epoch: 15, Loss: 0.4159
Run: 05, Epoch: 16, Loss: 0.4092
Run: 05, Epoch: 16, Train: 90.03%, Valid: 90.59% Test: 77.68%
Run: 05, Epoch: 17, Loss: 0.4054
Run: 05, Epoch: 18, Loss: 0.4015
Run: 05, Epoch: 18, Train: 90.53%, Valid: 90.25% Test: 77.23%
Run: 05, Epoch: 19, Loss: 0.4023
Run: 05, Epoch: 20, Loss: 0.4077
Run: 05, Epoch: 20, Train: 90.44%, Valid: 90.36% Test: 77.48%
Run 05:
Highest Train: 90.53
Highest Valid: 90.59
  Final Train: 90.03
   Final Test: 77.68
Run: 06, Epoch: 01, Loss: 1.5107
Run: 06, Epoch: 02, Loss: 0.6728
Run: 06, Epoch: 03, Loss: 0.5827
Run: 06, Epoch: 04, Loss: 0.5300
Run: 06, Epoch: 05, Loss: 0.5071
Run: 06, Epoch: 06, Loss: 0.4925
Run: 06, Epoch: 07, Loss: 0.4700
Run: 06, Epoch: 08, Loss: 0.4561
Run: 06, Epoch: 09, Loss: 0.4516
Run: 06, Epoch: 10, Loss: 0.4539
Run: 06, Epoch: 10, Train: 89.12%, Valid: 89.95% Test: 77.60%
Run: 06, Epoch: 11, Loss: 0.4344
Run: 06, Epoch: 12, Loss: 0.4338
Run: 06, Epoch: 12, Train: 89.34%, Valid: 90.22% Test: 77.04%
Run: 06, Epoch: 13, Loss: 0.4350
Run: 06, Epoch: 14, Loss: 0.4185
Run: 06, Epoch: 14, Train: 89.65%, Valid: 90.13% Test: 77.44%
Run: 06, Epoch: 15, Loss: 0.4188
Run: 06, Epoch: 16, Loss: 0.4159
Run: 06, Epoch: 16, Train: 89.86%, Valid: 90.39% Test: 77.18%
Run: 06, Epoch: 17, Loss: 0.4193
Run: 06, Epoch: 18, Loss: 0.4146
Run: 06, Epoch: 18, Train: 90.10%, Valid: 90.39% Test: 77.47%
Run: 06, Epoch: 19, Loss: 0.4093
Run: 06, Epoch: 20, Loss: 0.4130
Run: 06, Epoch: 20, Train: 90.41%, Valid: 90.41% Test: 78.53%
Run 06:
Highest Train: 90.41
Highest Valid: 90.41
  Final Train: 90.41
   Final Test: 78.53
Run: 07, Epoch: 01, Loss: 1.5493
Run: 07, Epoch: 02, Loss: 0.6831
Run: 07, Epoch: 03, Loss: 0.5893
Run: 07, Epoch: 04, Loss: 0.5423
Run: 07, Epoch: 05, Loss: 0.5107
Run: 07, Epoch: 06, Loss: 0.4904
Run: 07, Epoch: 07, Loss: 0.4757
Run: 07, Epoch: 08, Loss: 0.4634
Run: 07, Epoch: 09, Loss: 0.4589
Run: 07, Epoch: 10, Loss: 0.4504
Run: 07, Epoch: 10, Train: 88.92%, Valid: 90.21% Test: 76.73%
Run: 07, Epoch: 11, Loss: 0.4374
Run: 07, Epoch: 12, Loss: 0.4338
Run: 07, Epoch: 12, Train: 89.27%, Valid: 90.20% Test: 77.22%
Run: 07, Epoch: 13, Loss: 0.4258
Run: 07, Epoch: 14, Loss: 0.4253
Run: 07, Epoch: 14, Train: 89.43%, Valid: 90.32% Test: 77.94%
Run: 07, Epoch: 15, Loss: 0.4148
Run: 07, Epoch: 16, Loss: 0.4236
Run: 07, Epoch: 16, Train: 89.82%, Valid: 90.13% Test: 77.38%
Run: 07, Epoch: 17, Loss: 0.4150
Run: 07, Epoch: 18, Loss: 0.4170
Run: 07, Epoch: 18, Train: 89.89%, Valid: 90.23% Test: 77.85%
Run: 07, Epoch: 19, Loss: 0.4115
Run: 07, Epoch: 20, Loss: 0.4115
Run: 07, Epoch: 20, Train: 90.35%, Valid: 90.16% Test: 77.41%
Run 07:
Highest Train: 90.35
Highest Valid: 90.32
  Final Train: 89.43
   Final Test: 77.94
Run: 08, Epoch: 01, Loss: 1.4315
Run: 08, Epoch: 02, Loss: 0.6614
Run: 08, Epoch: 03, Loss: 0.5765
Run: 08, Epoch: 04, Loss: 0.5269
Run: 08, Epoch: 05, Loss: 0.4961
Run: 08, Epoch: 06, Loss: 0.4822
Run: 08, Epoch: 07, Loss: 0.4621
Run: 08, Epoch: 08, Loss: 0.4606
Run: 08, Epoch: 09, Loss: 0.4532
Run: 08, Epoch: 10, Loss: 0.4414
Run: 08, Epoch: 10, Train: 89.03%, Valid: 89.97% Test: 77.67%
Run: 08, Epoch: 11, Loss: 0.4378
Run: 08, Epoch: 12, Loss: 0.4329
Run: 08, Epoch: 12, Train: 89.45%, Valid: 90.28% Test: 77.19%
Run: 08, Epoch: 13, Loss: 0.4238
Run: 08, Epoch: 14, Loss: 0.4260
Run: 08, Epoch: 14, Train: 89.66%, Valid: 90.45% Test: 77.68%
Run: 08, Epoch: 15, Loss: 0.4186
Run: 08, Epoch: 16, Loss: 0.4144
Run: 08, Epoch: 16, Train: 89.92%, Valid: 90.37% Test: 77.11%
Run: 08, Epoch: 17, Loss: 0.4141
Run: 08, Epoch: 18, Loss: 0.4132
Run: 08, Epoch: 18, Train: 90.02%, Valid: 90.30% Test: 77.43%
Run: 08, Epoch: 19, Loss: 0.4107
Run: 08, Epoch: 20, Loss: 0.4028
Run: 08, Epoch: 20, Train: 90.27%, Valid: 90.25% Test: 78.42%
Run 08:
Highest Train: 90.27
Highest Valid: 90.45
  Final Train: 89.66
   Final Test: 77.68
Run: 09, Epoch: 01, Loss: 1.4405
Run: 09, Epoch: 02, Loss: 0.6460
Run: 09, Epoch: 03, Loss: 0.5654
Run: 09, Epoch: 04, Loss: 0.5217
Run: 09, Epoch: 05, Loss: 0.4938
Run: 09, Epoch: 06, Loss: 0.4771
Run: 09, Epoch: 07, Loss: 0.4640
Run: 09, Epoch: 08, Loss: 0.4576
Run: 09, Epoch: 09, Loss: 0.4442
Run: 09, Epoch: 10, Loss: 0.4354
Run: 09, Epoch: 10, Train: 89.26%, Valid: 90.17% Test: 76.49%
Run: 09, Epoch: 11, Loss: 0.4311
Run: 09, Epoch: 12, Loss: 0.4251
Run: 09, Epoch: 12, Train: 89.56%, Valid: 90.14% Test: 77.39%
Run: 09, Epoch: 13, Loss: 0.4270
Run: 09, Epoch: 14, Loss: 0.4266
Run: 09, Epoch: 14, Train: 89.84%, Valid: 90.45% Test: 76.96%
Run: 09, Epoch: 15, Loss: 0.4170
Run: 09, Epoch: 16, Loss: 0.4147
Run: 09, Epoch: 16, Train: 89.96%, Valid: 90.14% Test: 77.53%
Run: 09, Epoch: 17, Loss: 0.4048
Run: 09, Epoch: 18, Loss: 0.4094
Run: 09, Epoch: 18, Train: 89.97%, Valid: 90.25% Test: 76.92%
Run: 09, Epoch: 19, Loss: 0.4068
Run: 09, Epoch: 20, Loss: 0.3976
Run: 09, Epoch: 20, Train: 90.32%, Valid: 90.35% Test: 77.47%
Run 09:
Highest Train: 90.32
Highest Valid: 90.45
  Final Train: 89.84
   Final Test: 76.96
Run: 10, Epoch: 01, Loss: 1.5051
Run: 10, Epoch: 02, Loss: 0.6728
Run: 10, Epoch: 03, Loss: 0.5761
Run: 10, Epoch: 04, Loss: 0.5325
Run: 10, Epoch: 05, Loss: 0.5044
Run: 10, Epoch: 06, Loss: 0.4848
Run: 10, Epoch: 07, Loss: 0.4640
Run: 10, Epoch: 08, Loss: 0.4627
Run: 10, Epoch: 09, Loss: 0.4579
Run: 10, Epoch: 10, Loss: 0.4405
Run: 10, Epoch: 10, Train: 88.97%, Valid: 90.03% Test: 77.97%
Run: 10, Epoch: 11, Loss: 0.4369
Run: 10, Epoch: 12, Loss: 0.4266
Run: 10, Epoch: 12, Train: 89.32%, Valid: 90.18% Test: 77.99%
Run: 10, Epoch: 13, Loss: 0.4218
Run: 10, Epoch: 14, Loss: 0.4242
Run: 10, Epoch: 14, Train: 89.65%, Valid: 90.11% Test: 78.01%
Run: 10, Epoch: 15, Loss: 0.4292
Run: 10, Epoch: 16, Loss: 0.4122
Run: 10, Epoch: 16, Train: 89.73%, Valid: 89.79% Test: 77.86%
Run: 10, Epoch: 17, Loss: 0.4152
Run: 10, Epoch: 18, Loss: 0.4151
Run: 10, Epoch: 18, Train: 90.08%, Valid: 90.42% Test: 78.15%
Run: 10, Epoch: 19, Loss: 0.4077
Run: 10, Epoch: 20, Loss: 0.4114
Run: 10, Epoch: 20, Train: 90.28%, Valid: 90.02% Test: 77.58%
Run 10:
Highest Train: 90.28
Highest Valid: 90.42
  Final Train: 90.08
   Final Test: 78.15
All runs:
Highest Train: 90.31 ± 0.13
Highest Valid: 90.40 ± 0.12
  Final Train: 89.90 ± 0.34
   Final Test: 77.72 ± 0.43
