Namespace(device=0, log_steps=1, inductive=False, num_layers=3, hidden_channels=256, dropout=0.5, batch_size=20000, walk_length=3, lr=0.01, num_steps=30, epochs=20, eval_steps=2, runs=10, rsv=0.35, al='mem', alpha=0.5)
tensor([147936, 100314,   1272,  ...,  86010,  83003,  63939]) 68815
tensor([222340, 232877, 217134,  ..., 231710, 205908, 206926]) 13763
Run: 01, Epoch: 01, Loss: 1.6910
Run: 01, Epoch: 02, Loss: 0.8430
Run: 01, Epoch: 03, Loss: 0.7366
Run: 01, Epoch: 04, Loss: 0.6855
Run: 01, Epoch: 05, Loss: 0.6637
Run: 01, Epoch: 06, Loss: 0.6399
Run: 01, Epoch: 07, Loss: 0.6221
Run: 01, Epoch: 08, Loss: 0.6148
Run: 01, Epoch: 09, Loss: 0.6030
Run: 01, Epoch: 10, Loss: 0.5982
Run: 01, Epoch: 10, Train: 85.17%, Valid: 90.99% Test: 78.54%
Run: 01, Epoch: 11, Loss: 0.5899
Run: 01, Epoch: 12, Loss: 0.5752
Run: 01, Epoch: 12, Train: 85.71%, Valid: 90.95% Test: 78.35%
Run: 01, Epoch: 13, Loss: 0.5752
Run: 01, Epoch: 14, Loss: 0.5759
Run: 01, Epoch: 14, Train: 85.73%, Valid: 90.87% Test: 79.12%
Run: 01, Epoch: 15, Loss: 0.5697
Run: 01, Epoch: 16, Loss: 0.5700
Run: 01, Epoch: 16, Train: 86.19%, Valid: 91.39% Test: 79.09%
Run: 01, Epoch: 17, Loss: 0.5619
Run: 01, Epoch: 18, Loss: 0.5645
Run: 01, Epoch: 18, Train: 86.29%, Valid: 91.35% Test: 78.09%
Run: 01, Epoch: 19, Loss: 0.5564
Run: 01, Epoch: 20, Loss: 0.5627
Run: 01, Epoch: 20, Train: 86.36%, Valid: 91.14% Test: 78.64%
Run 01:
Highest Train: 86.36
Highest Valid: 91.39
  Final Train: 86.19
   Final Test: 79.09
Run: 02, Epoch: 01, Loss: 1.6987
Run: 02, Epoch: 02, Loss: 0.8529
Run: 02, Epoch: 03, Loss: 0.7432
Run: 02, Epoch: 04, Loss: 0.6954
Run: 02, Epoch: 05, Loss: 0.6626
Run: 02, Epoch: 06, Loss: 0.6381
Run: 02, Epoch: 07, Loss: 0.6256
Run: 02, Epoch: 08, Loss: 0.6151
Run: 02, Epoch: 09, Loss: 0.6090
Run: 02, Epoch: 10, Loss: 0.5956
Run: 02, Epoch: 10, Train: 85.13%, Valid: 91.23% Test: 78.67%
Run: 02, Epoch: 11, Loss: 0.5864
Run: 02, Epoch: 12, Loss: 0.5869
Run: 02, Epoch: 12, Train: 85.69%, Valid: 91.32% Test: 78.38%
Run: 02, Epoch: 13, Loss: 0.5789
Run: 02, Epoch: 14, Loss: 0.5792
Run: 02, Epoch: 14, Train: 85.59%, Valid: 91.28% Test: 78.08%
Run: 02, Epoch: 15, Loss: 0.5743
Run: 02, Epoch: 16, Loss: 0.5705
Run: 02, Epoch: 16, Train: 85.80%, Valid: 91.37% Test: 78.51%
Run: 02, Epoch: 17, Loss: 0.5743
Run: 02, Epoch: 18, Loss: 0.5668
Run: 02, Epoch: 18, Train: 85.86%, Valid: 91.16% Test: 78.03%
Run: 02, Epoch: 19, Loss: 0.5593
Run: 02, Epoch: 20, Loss: 0.5608
Run: 02, Epoch: 20, Train: 86.09%, Valid: 91.51% Test: 78.66%
Run 02:
Highest Train: 86.09
Highest Valid: 91.51
  Final Train: 86.09
   Final Test: 78.66
Run: 03, Epoch: 01, Loss: 1.7155
Run: 03, Epoch: 02, Loss: 0.8460
Run: 03, Epoch: 03, Loss: 0.7473
Run: 03, Epoch: 04, Loss: 0.6963
Run: 03, Epoch: 05, Loss: 0.6613
Run: 03, Epoch: 06, Loss: 0.6443
Run: 03, Epoch: 07, Loss: 0.6274
Run: 03, Epoch: 08, Loss: 0.6174
Run: 03, Epoch: 09, Loss: 0.6063
Run: 03, Epoch: 10, Loss: 0.5956
Run: 03, Epoch: 10, Train: 84.96%, Valid: 90.95% Test: 78.50%
Run: 03, Epoch: 11, Loss: 0.5889
Run: 03, Epoch: 12, Loss: 0.5864
Run: 03, Epoch: 12, Train: 85.55%, Valid: 91.14% Test: 78.48%
Run: 03, Epoch: 13, Loss: 0.5817
Run: 03, Epoch: 14, Loss: 0.5804
Run: 03, Epoch: 14, Train: 85.61%, Valid: 91.22% Test: 78.52%
Run: 03, Epoch: 15, Loss: 0.5753
Run: 03, Epoch: 16, Loss: 0.5759
Run: 03, Epoch: 16, Train: 85.74%, Valid: 91.28% Test: 78.05%
Run: 03, Epoch: 17, Loss: 0.5683
Run: 03, Epoch: 18, Loss: 0.5689
Run: 03, Epoch: 18, Train: 86.15%, Valid: 91.41% Test: 79.06%
Run: 03, Epoch: 19, Loss: 0.5620
Run: 03, Epoch: 20, Loss: 0.5572
Run: 03, Epoch: 20, Train: 86.20%, Valid: 91.35% Test: 77.81%
Run 03:
Highest Train: 86.20
Highest Valid: 91.41
  Final Train: 86.15
   Final Test: 79.06
Run: 04, Epoch: 01, Loss: 1.6620
Run: 04, Epoch: 02, Loss: 0.8477
Run: 04, Epoch: 03, Loss: 0.7387
Run: 04, Epoch: 04, Loss: 0.6905
Run: 04, Epoch: 05, Loss: 0.6630
Run: 04, Epoch: 06, Loss: 0.6490
Run: 04, Epoch: 07, Loss: 0.6339
Run: 04, Epoch: 08, Loss: 0.6164
Run: 04, Epoch: 09, Loss: 0.6067
Run: 04, Epoch: 10, Loss: 0.5981
Run: 04, Epoch: 10, Train: 85.05%, Valid: 90.94% Test: 79.08%
Run: 04, Epoch: 11, Loss: 0.5906
Run: 04, Epoch: 12, Loss: 0.5829
Run: 04, Epoch: 12, Train: 85.50%, Valid: 91.22% Test: 78.47%
Run: 04, Epoch: 13, Loss: 0.5791
Run: 04, Epoch: 14, Loss: 0.5742
Run: 04, Epoch: 14, Train: 85.76%, Valid: 91.19% Test: 77.45%
Run: 04, Epoch: 15, Loss: 0.5753
Run: 04, Epoch: 16, Loss: 0.5772
Run: 04, Epoch: 16, Train: 86.08%, Valid: 91.53% Test: 78.82%
Run: 04, Epoch: 17, Loss: 0.5723
Run: 04, Epoch: 18, Loss: 0.5698
Run: 04, Epoch: 18, Train: 86.17%, Valid: 91.35% Test: 78.45%
Run: 04, Epoch: 19, Loss: 0.5620
Run: 04, Epoch: 20, Loss: 0.5595
Run: 04, Epoch: 20, Train: 86.49%, Valid: 91.30% Test: 79.04%
Run 04:
Highest Train: 86.49
Highest Valid: 91.53
  Final Train: 86.08
   Final Test: 78.82
Run: 05, Epoch: 01, Loss: 1.5707
Run: 05, Epoch: 02, Loss: 0.8220
Run: 05, Epoch: 03, Loss: 0.7273
Run: 05, Epoch: 04, Loss: 0.6770
Run: 05, Epoch: 05, Loss: 0.6501
Run: 05, Epoch: 06, Loss: 0.6300
Run: 05, Epoch: 07, Loss: 0.6190
Run: 05, Epoch: 08, Loss: 0.6020
Run: 05, Epoch: 09, Loss: 0.5938
Run: 05, Epoch: 10, Loss: 0.5894
Run: 05, Epoch: 10, Train: 85.24%, Valid: 90.99% Test: 78.57%
Run: 05, Epoch: 11, Loss: 0.5810
Run: 05, Epoch: 12, Loss: 0.5748
Run: 05, Epoch: 12, Train: 85.62%, Valid: 91.20% Test: 77.86%
Run: 05, Epoch: 13, Loss: 0.5733
Run: 05, Epoch: 14, Loss: 0.5691
Run: 05, Epoch: 14, Train: 85.87%, Valid: 91.30% Test: 77.77%
Run: 05, Epoch: 15, Loss: 0.5622
Run: 05, Epoch: 16, Loss: 0.5561
Run: 05, Epoch: 16, Train: 86.07%, Valid: 91.38% Test: 78.35%
Run: 05, Epoch: 17, Loss: 0.5540
Run: 05, Epoch: 18, Loss: 0.5570
Run: 05, Epoch: 18, Train: 86.12%, Valid: 91.43% Test: 77.86%
Run: 05, Epoch: 19, Loss: 0.5481
Run: 05, Epoch: 20, Loss: 0.5518
Run: 05, Epoch: 20, Train: 86.65%, Valid: 91.64% Test: 78.59%
Run 05:
Highest Train: 86.65
Highest Valid: 91.64
  Final Train: 86.65
   Final Test: 78.59
Run: 06, Epoch: 01, Loss: 1.5847
Run: 06, Epoch: 02, Loss: 0.8207
Run: 06, Epoch: 03, Loss: 0.7296
Run: 06, Epoch: 04, Loss: 0.6784
Run: 06, Epoch: 05, Loss: 0.6559
Run: 06, Epoch: 06, Loss: 0.6368
Run: 06, Epoch: 07, Loss: 0.6176
Run: 06, Epoch: 08, Loss: 0.6094
Run: 06, Epoch: 09, Loss: 0.5988
Run: 06, Epoch: 10, Loss: 0.5936
Run: 06, Epoch: 10, Train: 85.33%, Valid: 91.19% Test: 78.89%
Run: 06, Epoch: 11, Loss: 0.5823
Run: 06, Epoch: 12, Loss: 0.5850
Run: 06, Epoch: 12, Train: 85.68%, Valid: 91.14% Test: 78.24%
Run: 06, Epoch: 13, Loss: 0.5739
Run: 06, Epoch: 14, Loss: 0.5730
Run: 06, Epoch: 14, Train: 85.74%, Valid: 91.14% Test: 78.57%
Run: 06, Epoch: 15, Loss: 0.5678
Run: 06, Epoch: 16, Loss: 0.5684
Run: 06, Epoch: 16, Train: 85.96%, Valid: 91.36% Test: 78.35%
Run: 06, Epoch: 17, Loss: 0.5651
Run: 06, Epoch: 18, Loss: 0.5569
Run: 06, Epoch: 18, Train: 86.31%, Valid: 91.41% Test: 78.28%
Run: 06, Epoch: 19, Loss: 0.5585
Run: 06, Epoch: 20, Loss: 0.5575
Run: 06, Epoch: 20, Train: 86.55%, Valid: 91.29% Test: 78.67%
Run 06:
Highest Train: 86.55
Highest Valid: 91.41
  Final Train: 86.31
   Final Test: 78.28
Run: 07, Epoch: 01, Loss: 1.6906
Run: 07, Epoch: 02, Loss: 0.8510
Run: 07, Epoch: 03, Loss: 0.7536
Run: 07, Epoch: 04, Loss: 0.6954
Run: 07, Epoch: 05, Loss: 0.6690
Run: 07, Epoch: 06, Loss: 0.6485
Run: 07, Epoch: 07, Loss: 0.6278
Run: 07, Epoch: 08, Loss: 0.6167
Run: 07, Epoch: 09, Loss: 0.6114
Run: 07, Epoch: 10, Loss: 0.6059
Run: 07, Epoch: 10, Train: 84.82%, Valid: 90.88% Test: 78.20%
Run: 07, Epoch: 11, Loss: 0.5980
Run: 07, Epoch: 12, Loss: 0.5935
Run: 07, Epoch: 12, Train: 84.91%, Valid: 91.11% Test: 78.11%
Run: 07, Epoch: 13, Loss: 0.5827
Run: 07, Epoch: 14, Loss: 0.5790
Run: 07, Epoch: 14, Train: 85.81%, Valid: 91.24% Test: 78.70%
Run: 07, Epoch: 15, Loss: 0.5760
Run: 07, Epoch: 16, Loss: 0.5814
Run: 07, Epoch: 16, Train: 85.85%, Valid: 91.14% Test: 77.81%
Run: 07, Epoch: 17, Loss: 0.5704
Run: 07, Epoch: 18, Loss: 0.5685
Run: 07, Epoch: 18, Train: 86.17%, Valid: 91.56% Test: 78.53%
Run: 07, Epoch: 19, Loss: 0.5669
Run: 07, Epoch: 20, Loss: 0.5590
Run: 07, Epoch: 20, Train: 86.39%, Valid: 91.33% Test: 78.10%
Run 07:
Highest Train: 86.39
Highest Valid: 91.56
  Final Train: 86.17
   Final Test: 78.53
Run: 08, Epoch: 01, Loss: 1.4881
Run: 08, Epoch: 02, Loss: 0.8168
Run: 08, Epoch: 03, Loss: 0.7218
Run: 08, Epoch: 04, Loss: 0.6755
Run: 08, Epoch: 05, Loss: 0.6485
Run: 08, Epoch: 06, Loss: 0.6291
Run: 08, Epoch: 07, Loss: 0.6086
Run: 08, Epoch: 08, Loss: 0.6107
Run: 08, Epoch: 09, Loss: 0.6026
Run: 08, Epoch: 10, Loss: 0.5902
Run: 08, Epoch: 10, Train: 85.24%, Valid: 91.26% Test: 77.87%
Run: 08, Epoch: 11, Loss: 0.5896
Run: 08, Epoch: 12, Loss: 0.5727
Run: 08, Epoch: 12, Train: 85.54%, Valid: 91.29% Test: 78.56%
Run: 08, Epoch: 13, Loss: 0.5661
Run: 08, Epoch: 14, Loss: 0.5595
Run: 08, Epoch: 14, Train: 86.04%, Valid: 91.56% Test: 78.39%
Run: 08, Epoch: 15, Loss: 0.5627
Run: 08, Epoch: 16, Loss: 0.5648
Run: 08, Epoch: 16, Train: 86.22%, Valid: 91.52% Test: 78.24%
Run: 08, Epoch: 17, Loss: 0.5607
Run: 08, Epoch: 18, Loss: 0.5643
Run: 08, Epoch: 18, Train: 86.52%, Valid: 91.39% Test: 78.16%
Run: 08, Epoch: 19, Loss: 0.5506
Run: 08, Epoch: 20, Loss: 0.5527
Run: 08, Epoch: 20, Train: 86.40%, Valid: 91.36% Test: 78.90%
Run 08:
Highest Train: 86.52
Highest Valid: 91.56
  Final Train: 86.04
   Final Test: 78.39
Run: 09, Epoch: 01, Loss: 1.5426
Run: 09, Epoch: 02, Loss: 0.8138
Run: 09, Epoch: 03, Loss: 0.7204
Run: 09, Epoch: 04, Loss: 0.6773
Run: 09, Epoch: 05, Loss: 0.6491
Run: 09, Epoch: 06, Loss: 0.6256
Run: 09, Epoch: 07, Loss: 0.6137
Run: 09, Epoch: 08, Loss: 0.6041
Run: 09, Epoch: 09, Loss: 0.5970
Run: 09, Epoch: 10, Loss: 0.5931
Run: 09, Epoch: 10, Train: 85.03%, Valid: 90.95% Test: 78.18%
Run: 09, Epoch: 11, Loss: 0.5815
Run: 09, Epoch: 12, Loss: 0.5685
Run: 09, Epoch: 12, Train: 85.39%, Valid: 91.01% Test: 78.34%
Run: 09, Epoch: 13, Loss: 0.5758
Run: 09, Epoch: 14, Loss: 0.5739
Run: 09, Epoch: 14, Train: 86.05%, Valid: 91.27% Test: 78.15%
Run: 09, Epoch: 15, Loss: 0.5641
Run: 09, Epoch: 16, Loss: 0.5643
Run: 09, Epoch: 16, Train: 85.96%, Valid: 91.23% Test: 78.49%
Run: 09, Epoch: 17, Loss: 0.5515
Run: 09, Epoch: 18, Loss: 0.5559
Run: 09, Epoch: 18, Train: 86.67%, Valid: 91.60% Test: 78.57%
Run: 09, Epoch: 19, Loss: 0.5445
Run: 09, Epoch: 20, Loss: 0.5500
Run: 09, Epoch: 20, Train: 86.58%, Valid: 91.54% Test: 78.41%
Run 09:
Highest Train: 86.67
Highest Valid: 91.60
  Final Train: 86.67
   Final Test: 78.57
Run: 10, Epoch: 01, Loss: 1.6168
Run: 10, Epoch: 02, Loss: 0.8315
Run: 10, Epoch: 03, Loss: 0.7309
Run: 10, Epoch: 04, Loss: 0.6906
Run: 10, Epoch: 05, Loss: 0.6615
Run: 10, Epoch: 06, Loss: 0.6386
Run: 10, Epoch: 07, Loss: 0.6174
Run: 10, Epoch: 08, Loss: 0.6163
Run: 10, Epoch: 09, Loss: 0.6092
Run: 10, Epoch: 10, Loss: 0.5963
Run: 10, Epoch: 10, Train: 85.23%, Valid: 91.07% Test: 78.20%
Run: 10, Epoch: 11, Loss: 0.5889
Run: 10, Epoch: 12, Loss: 0.5827
Run: 10, Epoch: 12, Train: 85.28%, Valid: 91.31% Test: 78.88%
Run: 10, Epoch: 13, Loss: 0.5816
Run: 10, Epoch: 14, Loss: 0.5744
Run: 10, Epoch: 14, Train: 85.70%, Valid: 91.31% Test: 78.69%
Run: 10, Epoch: 15, Loss: 0.5760
Run: 10, Epoch: 16, Loss: 0.5696
Run: 10, Epoch: 16, Train: 85.99%, Valid: 91.47% Test: 77.93%
Run: 10, Epoch: 17, Loss: 0.5632
Run: 10, Epoch: 18, Loss: 0.5630
Run: 10, Epoch: 18, Train: 86.18%, Valid: 91.43% Test: 78.46%
Run: 10, Epoch: 19, Loss: 0.5638
Run: 10, Epoch: 20, Loss: 0.5663
Run: 10, Epoch: 20, Train: 86.25%, Valid: 91.46% Test: 78.78%
Run 10:
Highest Train: 86.25
Highest Valid: 91.47
  Final Train: 85.99
   Final Test: 77.93
All runs:
Highest Train: 86.42 ± 0.19
Highest Valid: 91.51 ± 0.09
  Final Train: 86.23 ± 0.24
   Final Test: 78.59 ± 0.35
