Namespace(device=0, log_steps=1, inductive=False, num_layers=3, hidden_channels=256, dropout=0.5, batch_size=20000, walk_length=3, lr=0.01, num_steps=30, epochs=20, eval_steps=2, runs=10, rsv=0.35, al='mem', alpha=0.9)
tensor([147936, 100314,   1272,  ...,  66158, 111313, 103203]) 68815
tensor([222340, 232877, 217134,  ..., 231710, 205908, 206926]) 13763
Run: 01, Epoch: 01, Loss: 1.3117
Run: 01, Epoch: 02, Loss: 0.5438
Run: 01, Epoch: 03, Loss: 0.4614
Run: 01, Epoch: 04, Loss: 0.4227
Run: 01, Epoch: 05, Loss: 0.4085
Run: 01, Epoch: 06, Loss: 0.3879
Run: 01, Epoch: 07, Loss: 0.3719
Run: 01, Epoch: 08, Loss: 0.3688
Run: 01, Epoch: 09, Loss: 0.3599
Run: 01, Epoch: 10, Loss: 0.3597
Run: 01, Epoch: 10, Train: 91.39%, Valid: 90.53% Test: 77.56%
Run: 01, Epoch: 11, Loss: 0.3509
Run: 01, Epoch: 12, Loss: 0.3418
Run: 01, Epoch: 12, Train: 91.72%, Valid: 90.74% Test: 77.43%
Run: 01, Epoch: 13, Loss: 0.3450
Run: 01, Epoch: 14, Loss: 0.3392
Run: 01, Epoch: 14, Train: 91.89%, Valid: 90.69% Test: 78.17%
Run: 01, Epoch: 15, Loss: 0.3343
Run: 01, Epoch: 16, Loss: 0.3356
Run: 01, Epoch: 16, Train: 92.02%, Valid: 90.78% Test: 78.21%
Run: 01, Epoch: 17, Loss: 0.3301
Run: 01, Epoch: 18, Loss: 0.3369
Run: 01, Epoch: 18, Train: 92.00%, Valid: 90.88% Test: 77.37%
Run: 01, Epoch: 19, Loss: 0.3357
Run: 01, Epoch: 20, Loss: 0.3315
Run: 01, Epoch: 20, Train: 92.10%, Valid: 91.08% Test: 77.76%
Run 01:
Highest Train: 92.10
Highest Valid: 91.08
  Final Train: 92.10
   Final Test: 77.76
Run: 02, Epoch: 01, Loss: 1.4293
Run: 02, Epoch: 02, Loss: 0.5617
Run: 02, Epoch: 03, Loss: 0.4711
Run: 02, Epoch: 04, Loss: 0.4321
Run: 02, Epoch: 05, Loss: 0.4110
Run: 02, Epoch: 06, Loss: 0.3897
Run: 02, Epoch: 07, Loss: 0.3801
Run: 02, Epoch: 08, Loss: 0.3746
Run: 02, Epoch: 09, Loss: 0.3698
Run: 02, Epoch: 10, Loss: 0.3592
Run: 02, Epoch: 10, Train: 91.24%, Valid: 90.41% Test: 77.77%
Run: 02, Epoch: 11, Loss: 0.3539
Run: 02, Epoch: 12, Loss: 0.3461
Run: 02, Epoch: 12, Train: 91.61%, Valid: 90.92% Test: 77.60%
Run: 02, Epoch: 13, Loss: 0.3413
Run: 02, Epoch: 14, Loss: 0.3418
Run: 02, Epoch: 14, Train: 91.74%, Valid: 90.72% Test: 78.00%
Run: 02, Epoch: 15, Loss: 0.3395
Run: 02, Epoch: 16, Loss: 0.3340
Run: 02, Epoch: 16, Train: 91.94%, Valid: 91.01% Test: 78.80%
Run: 02, Epoch: 17, Loss: 0.3308
Run: 02, Epoch: 18, Loss: 0.3302
Run: 02, Epoch: 18, Train: 92.05%, Valid: 90.87% Test: 77.85%
Run: 02, Epoch: 19, Loss: 0.3246
Run: 02, Epoch: 20, Loss: 0.3341
Run: 02, Epoch: 20, Train: 92.11%, Valid: 91.00% Test: 78.64%
Run 02:
Highest Train: 92.11
Highest Valid: 91.01
  Final Train: 91.94
   Final Test: 78.80
Run: 03, Epoch: 01, Loss: 1.3978
Run: 03, Epoch: 02, Loss: 0.5518
Run: 03, Epoch: 03, Loss: 0.4723
Run: 03, Epoch: 04, Loss: 0.4340
Run: 03, Epoch: 05, Loss: 0.4072
Run: 03, Epoch: 06, Loss: 0.3964
Run: 03, Epoch: 07, Loss: 0.3815
Run: 03, Epoch: 08, Loss: 0.3720
Run: 03, Epoch: 09, Loss: 0.3668
Run: 03, Epoch: 10, Loss: 0.3579
Run: 03, Epoch: 10, Train: 91.22%, Valid: 90.65% Test: 77.83%
Run: 03, Epoch: 11, Loss: 0.3568
Run: 03, Epoch: 12, Loss: 0.3536
Run: 03, Epoch: 12, Train: 91.49%, Valid: 90.68% Test: 77.12%
Run: 03, Epoch: 13, Loss: 0.3529
Run: 03, Epoch: 14, Loss: 0.3425
Run: 03, Epoch: 14, Train: 91.61%, Valid: 90.47% Test: 77.79%
Run: 03, Epoch: 15, Loss: 0.3398
Run: 03, Epoch: 16, Loss: 0.3449
Run: 03, Epoch: 16, Train: 91.88%, Valid: 90.62% Test: 78.64%
Run: 03, Epoch: 17, Loss: 0.3363
Run: 03, Epoch: 18, Loss: 0.3362
Run: 03, Epoch: 18, Train: 92.12%, Valid: 91.00% Test: 78.43%
Run: 03, Epoch: 19, Loss: 0.3340
Run: 03, Epoch: 20, Loss: 0.3285
Run: 03, Epoch: 20, Train: 92.32%, Valid: 90.69% Test: 78.00%
Run 03:
Highest Train: 92.32
Highest Valid: 91.00
  Final Train: 92.12
   Final Test: 78.43
Run: 04, Epoch: 01, Loss: 1.3017
Run: 04, Epoch: 02, Loss: 0.5329
Run: 04, Epoch: 03, Loss: 0.4543
Run: 04, Epoch: 04, Loss: 0.4247
Run: 04, Epoch: 05, Loss: 0.4019
Run: 04, Epoch: 06, Loss: 0.3893
Run: 04, Epoch: 07, Loss: 0.3768
Run: 04, Epoch: 08, Loss: 0.3691
Run: 04, Epoch: 09, Loss: 0.3629
Run: 04, Epoch: 10, Loss: 0.3546
Run: 04, Epoch: 10, Train: 91.43%, Valid: 90.59% Test: 78.25%
Run: 04, Epoch: 11, Loss: 0.3461
Run: 04, Epoch: 12, Loss: 0.3388
Run: 04, Epoch: 12, Train: 91.71%, Valid: 90.69% Test: 78.22%
Run: 04, Epoch: 13, Loss: 0.3369
Run: 04, Epoch: 14, Loss: 0.3323
Run: 04, Epoch: 14, Train: 92.04%, Valid: 90.92% Test: 77.13%
Run: 04, Epoch: 15, Loss: 0.3376
Run: 04, Epoch: 16, Loss: 0.3395
Run: 04, Epoch: 16, Train: 91.94%, Valid: 91.07% Test: 78.10%
Run: 04, Epoch: 17, Loss: 0.3328
Run: 04, Epoch: 18, Loss: 0.3280
Run: 04, Epoch: 18, Train: 92.06%, Valid: 90.95% Test: 77.68%
Run: 04, Epoch: 19, Loss: 0.3273
Run: 04, Epoch: 20, Loss: 0.3221
Run: 04, Epoch: 20, Train: 92.34%, Valid: 90.88% Test: 78.38%
Run 04:
Highest Train: 92.34
Highest Valid: 91.07
  Final Train: 91.94
   Final Test: 78.10
Run: 05, Epoch: 01, Loss: 1.2557
Run: 05, Epoch: 02, Loss: 0.5371
Run: 05, Epoch: 03, Loss: 0.4581
Run: 05, Epoch: 04, Loss: 0.4264
Run: 05, Epoch: 05, Loss: 0.4008
Run: 05, Epoch: 06, Loss: 0.3852
Run: 05, Epoch: 07, Loss: 0.3766
Run: 05, Epoch: 08, Loss: 0.3650
Run: 05, Epoch: 09, Loss: 0.3599
Run: 05, Epoch: 10, Loss: 0.3568
Run: 05, Epoch: 10, Train: 91.26%, Valid: 90.50% Test: 77.01%
Run: 05, Epoch: 11, Loss: 0.3517
Run: 05, Epoch: 12, Loss: 0.3476
Run: 05, Epoch: 12, Train: 91.62%, Valid: 90.55% Test: 77.57%
Run: 05, Epoch: 13, Loss: 0.3445
Run: 05, Epoch: 14, Loss: 0.3429
Run: 05, Epoch: 14, Train: 91.62%, Valid: 90.64% Test: 77.80%
Run: 05, Epoch: 15, Loss: 0.3390
Run: 05, Epoch: 16, Loss: 0.3309
Run: 05, Epoch: 16, Train: 92.03%, Valid: 90.78% Test: 78.03%
Run: 05, Epoch: 17, Loss: 0.3283
Run: 05, Epoch: 18, Loss: 0.3253
Run: 05, Epoch: 18, Train: 92.25%, Valid: 91.09% Test: 77.96%
Run: 05, Epoch: 19, Loss: 0.3210
Run: 05, Epoch: 20, Loss: 0.3259
Run: 05, Epoch: 20, Train: 92.39%, Valid: 90.90% Test: 78.18%
Run 05:
Highest Train: 92.39
Highest Valid: 91.09
  Final Train: 92.25
   Final Test: 77.96
Run: 06, Epoch: 01, Loss: 1.3449
Run: 06, Epoch: 02, Loss: 0.5438
Run: 06, Epoch: 03, Loss: 0.4656
Run: 06, Epoch: 04, Loss: 0.4209
Run: 06, Epoch: 05, Loss: 0.4070
Run: 06, Epoch: 06, Loss: 0.3922
Run: 06, Epoch: 07, Loss: 0.3796
Run: 06, Epoch: 08, Loss: 0.3661
Run: 06, Epoch: 09, Loss: 0.3596
Run: 06, Epoch: 10, Loss: 0.3598
Run: 06, Epoch: 10, Train: 91.39%, Valid: 90.87% Test: 77.85%
Run: 06, Epoch: 11, Loss: 0.3492
Run: 06, Epoch: 12, Loss: 0.3439
Run: 06, Epoch: 12, Train: 91.68%, Valid: 90.68% Test: 77.37%
Run: 06, Epoch: 13, Loss: 0.3446
Run: 06, Epoch: 14, Loss: 0.3371
Run: 06, Epoch: 14, Train: 91.91%, Valid: 90.74% Test: 78.26%
Run: 06, Epoch: 15, Loss: 0.3313
Run: 06, Epoch: 16, Loss: 0.3362
Run: 06, Epoch: 16, Train: 91.92%, Valid: 90.93% Test: 78.14%
Run: 06, Epoch: 17, Loss: 0.3345
Run: 06, Epoch: 18, Loss: 0.3316
Run: 06, Epoch: 18, Train: 92.24%, Valid: 90.99% Test: 78.45%
Run: 06, Epoch: 19, Loss: 0.3299
Run: 06, Epoch: 20, Loss: 0.3276
Run: 06, Epoch: 20, Train: 92.37%, Valid: 91.02% Test: 78.49%
Run 06:
Highest Train: 92.37
Highest Valid: 91.02
  Final Train: 92.37
   Final Test: 78.49
Run: 07, Epoch: 01, Loss: 1.3827
Run: 07, Epoch: 02, Loss: 0.5553
Run: 07, Epoch: 03, Loss: 0.4713
Run: 07, Epoch: 04, Loss: 0.4346
Run: 07, Epoch: 05, Loss: 0.4115
Run: 07, Epoch: 06, Loss: 0.3926
Run: 07, Epoch: 07, Loss: 0.3824
Run: 07, Epoch: 08, Loss: 0.3713
Run: 07, Epoch: 09, Loss: 0.3661
Run: 07, Epoch: 10, Loss: 0.3619
Run: 07, Epoch: 10, Train: 91.33%, Valid: 90.83% Test: 77.73%
Run: 07, Epoch: 11, Loss: 0.3539
Run: 07, Epoch: 12, Loss: 0.3457
Run: 07, Epoch: 12, Train: 91.62%, Valid: 90.71% Test: 77.92%
Run: 07, Epoch: 13, Loss: 0.3419
Run: 07, Epoch: 14, Loss: 0.3377
Run: 07, Epoch: 14, Train: 91.89%, Valid: 90.80% Test: 78.47%
Run: 07, Epoch: 15, Loss: 0.3334
Run: 07, Epoch: 16, Loss: 0.3381
Run: 07, Epoch: 16, Train: 92.01%, Valid: 90.99% Test: 77.47%
Run: 07, Epoch: 17, Loss: 0.3337
Run: 07, Epoch: 18, Loss: 0.3363
Run: 07, Epoch: 18, Train: 92.09%, Valid: 91.06% Test: 77.17%
Run: 07, Epoch: 19, Loss: 0.3282
Run: 07, Epoch: 20, Loss: 0.3249
Run: 07, Epoch: 20, Train: 92.37%, Valid: 90.85% Test: 78.15%
Run 07:
Highest Train: 92.37
Highest Valid: 91.06
  Final Train: 92.09
   Final Test: 77.17
Run: 08, Epoch: 01, Loss: 1.2691
Run: 08, Epoch: 02, Loss: 0.5339
Run: 08, Epoch: 03, Loss: 0.4568
Run: 08, Epoch: 04, Loss: 0.4210
Run: 08, Epoch: 05, Loss: 0.3975
Run: 08, Epoch: 06, Loss: 0.3840
Run: 08, Epoch: 07, Loss: 0.3700
Run: 08, Epoch: 08, Loss: 0.3646
Run: 08, Epoch: 09, Loss: 0.3593
Run: 08, Epoch: 10, Loss: 0.3529
Run: 08, Epoch: 10, Train: 91.39%, Valid: 90.69% Test: 78.11%
Run: 08, Epoch: 11, Loss: 0.3510
Run: 08, Epoch: 12, Loss: 0.3456
Run: 08, Epoch: 12, Train: 91.81%, Valid: 90.76% Test: 78.26%
Run: 08, Epoch: 13, Loss: 0.3374
Run: 08, Epoch: 14, Loss: 0.3384
Run: 08, Epoch: 14, Train: 91.82%, Valid: 90.77% Test: 78.20%
Run: 08, Epoch: 15, Loss: 0.3311
Run: 08, Epoch: 16, Loss: 0.3322
Run: 08, Epoch: 16, Train: 92.06%, Valid: 90.87% Test: 78.11%
Run: 08, Epoch: 17, Loss: 0.3260
Run: 08, Epoch: 18, Loss: 0.3277
Run: 08, Epoch: 18, Train: 92.25%, Valid: 90.77% Test: 77.88%
Run: 08, Epoch: 19, Loss: 0.3240
Run: 08, Epoch: 20, Loss: 0.3246
Run: 08, Epoch: 20, Train: 92.31%, Valid: 90.81% Test: 78.67%
Run 08:
Highest Train: 92.31
Highest Valid: 90.87
  Final Train: 92.06
   Final Test: 78.11
Run: 09, Epoch: 01, Loss: 1.3155
Run: 09, Epoch: 02, Loss: 0.5396
Run: 09, Epoch: 03, Loss: 0.4621
Run: 09, Epoch: 04, Loss: 0.4239
Run: 09, Epoch: 05, Loss: 0.4025
Run: 09, Epoch: 06, Loss: 0.3894
Run: 09, Epoch: 07, Loss: 0.3747
Run: 09, Epoch: 08, Loss: 0.3656
Run: 09, Epoch: 09, Loss: 0.3611
Run: 09, Epoch: 10, Loss: 0.3517
Run: 09, Epoch: 10, Train: 91.51%, Valid: 90.63% Test: 76.95%
Run: 09, Epoch: 11, Loss: 0.3474
Run: 09, Epoch: 12, Loss: 0.3389
Run: 09, Epoch: 12, Train: 91.54%, Valid: 90.65% Test: 78.02%
Run: 09, Epoch: 13, Loss: 0.3421
Run: 09, Epoch: 14, Loss: 0.3358
Run: 09, Epoch: 14, Train: 91.94%, Valid: 90.94% Test: 77.05%
Run: 09, Epoch: 15, Loss: 0.3364
Run: 09, Epoch: 16, Loss: 0.3317
Run: 09, Epoch: 16, Train: 92.01%, Valid: 90.88% Test: 78.11%
Run: 09, Epoch: 17, Loss: 0.3253
Run: 09, Epoch: 18, Loss: 0.3279
Run: 09, Epoch: 18, Train: 92.15%, Valid: 91.06% Test: 77.82%
Run: 09, Epoch: 19, Loss: 0.3207
Run: 09, Epoch: 20, Loss: 0.3213
Run: 09, Epoch: 20, Train: 92.43%, Valid: 91.05% Test: 78.56%
Run 09:
Highest Train: 92.43
Highest Valid: 91.06
  Final Train: 92.15
   Final Test: 77.82
Run: 10, Epoch: 01, Loss: 1.3333
Run: 10, Epoch: 02, Loss: 0.5465
Run: 10, Epoch: 03, Loss: 0.4609
Run: 10, Epoch: 04, Loss: 0.4250
Run: 10, Epoch: 05, Loss: 0.4071
Run: 10, Epoch: 06, Loss: 0.3883
Run: 10, Epoch: 07, Loss: 0.3724
Run: 10, Epoch: 08, Loss: 0.3683
Run: 10, Epoch: 09, Loss: 0.3645
Run: 10, Epoch: 10, Loss: 0.3547
Run: 10, Epoch: 10, Train: 91.31%, Valid: 90.82% Test: 78.30%
Run: 10, Epoch: 11, Loss: 0.3478
Run: 10, Epoch: 12, Loss: 0.3426
Run: 10, Epoch: 12, Train: 91.66%, Valid: 90.65% Test: 78.73%
Run: 10, Epoch: 13, Loss: 0.3464
Run: 10, Epoch: 14, Loss: 0.3388
Run: 10, Epoch: 14, Train: 91.72%, Valid: 90.63% Test: 78.66%
Run: 10, Epoch: 15, Loss: 0.3455
Run: 10, Epoch: 16, Loss: 0.3317
Run: 10, Epoch: 16, Train: 91.78%, Valid: 90.84% Test: 78.71%
Run: 10, Epoch: 17, Loss: 0.3303
Run: 10, Epoch: 18, Loss: 0.3294
Run: 10, Epoch: 18, Train: 92.11%, Valid: 90.96% Test: 78.68%
Run: 10, Epoch: 19, Loss: 0.3267
Run: 10, Epoch: 20, Loss: 0.3294
Run: 10, Epoch: 20, Train: 92.38%, Valid: 90.90% Test: 78.17%
Run 10:
Highest Train: 92.38
Highest Valid: 90.96
  Final Train: 92.11
   Final Test: 78.68
All runs:
Highest Train: 92.31 ± 0.11
Highest Valid: 91.02 ± 0.07
  Final Train: 92.11 ± 0.13
   Final Test: 78.13 ± 0.49
