Namespace(device=0, log_steps=1, inductive=False, num_layers=3, hidden_channels=256, dropout=0.5, batch_size=20000, walk_length=3, lr=0.01, num_steps=30, epochs=20, eval_steps=2, runs=10, rsv=0.35, al='mem', alpha=0.7)
tensor([147936, 100314,   1272,  ..., 195530, 140551,  79245]) 68815
tensor([222340, 232877, 217134,  ..., 231710, 205908, 206926]) 13763
Run: 01, Epoch: 01, Loss: 1.4822
Run: 01, Epoch: 02, Loss: 0.6572
Run: 01, Epoch: 03, Loss: 0.5634
Run: 01, Epoch: 04, Loss: 0.5249
Run: 01, Epoch: 05, Loss: 0.5055
Run: 01, Epoch: 06, Loss: 0.4821
Run: 01, Epoch: 07, Loss: 0.4659
Run: 01, Epoch: 08, Loss: 0.4604
Run: 01, Epoch: 09, Loss: 0.4523
Run: 01, Epoch: 10, Loss: 0.4494
Run: 01, Epoch: 10, Train: 88.93%, Valid: 90.88% Test: 77.94%
Run: 01, Epoch: 11, Loss: 0.4382
Run: 01, Epoch: 12, Loss: 0.4273
Run: 01, Epoch: 12, Train: 89.54%, Valid: 91.24% Test: 77.72%
Run: 01, Epoch: 13, Loss: 0.4244
Run: 01, Epoch: 14, Loss: 0.4240
Run: 01, Epoch: 14, Train: 89.60%, Valid: 91.11% Test: 78.08%
Run: 01, Epoch: 15, Loss: 0.4203
Run: 01, Epoch: 16, Loss: 0.4193
Run: 01, Epoch: 16, Train: 89.89%, Valid: 91.38% Test: 77.88%
Run: 01, Epoch: 17, Loss: 0.4153
Run: 01, Epoch: 18, Loss: 0.4171
Run: 01, Epoch: 18, Train: 90.09%, Valid: 91.20% Test: 77.82%
Run: 01, Epoch: 19, Loss: 0.4129
Run: 01, Epoch: 20, Loss: 0.4074
Run: 01, Epoch: 20, Train: 89.94%, Valid: 90.96% Test: 77.93%
Run 01:
Highest Train: 90.09
Highest Valid: 91.38
  Final Train: 89.89
   Final Test: 77.88
Run: 02, Epoch: 01, Loss: 1.6113
Run: 02, Epoch: 02, Loss: 0.6771
Run: 02, Epoch: 03, Loss: 0.5752
Run: 02, Epoch: 04, Loss: 0.5331
Run: 02, Epoch: 05, Loss: 0.5043
Run: 02, Epoch: 06, Loss: 0.4865
Run: 02, Epoch: 07, Loss: 0.4720
Run: 02, Epoch: 08, Loss: 0.4643
Run: 02, Epoch: 09, Loss: 0.4620
Run: 02, Epoch: 10, Loss: 0.4469
Run: 02, Epoch: 10, Train: 88.99%, Valid: 91.04% Test: 78.03%
Run: 02, Epoch: 11, Loss: 0.4419
Run: 02, Epoch: 12, Loss: 0.4385
Run: 02, Epoch: 12, Train: 89.31%, Valid: 91.14% Test: 77.92%
Run: 02, Epoch: 13, Loss: 0.4254
Run: 02, Epoch: 14, Loss: 0.4281
Run: 02, Epoch: 14, Train: 89.31%, Valid: 91.14% Test: 77.85%
Run: 02, Epoch: 15, Loss: 0.4262
Run: 02, Epoch: 16, Loss: 0.4215
Run: 02, Epoch: 16, Train: 89.76%, Valid: 91.11% Test: 78.18%
Run: 02, Epoch: 17, Loss: 0.4200
Run: 02, Epoch: 18, Loss: 0.4195
Run: 02, Epoch: 18, Train: 89.85%, Valid: 91.05% Test: 77.73%
Run: 02, Epoch: 19, Loss: 0.4105
Run: 02, Epoch: 20, Loss: 0.4145
Run: 02, Epoch: 20, Train: 89.80%, Valid: 91.00% Test: 77.93%
Run 02:
Highest Train: 89.85
Highest Valid: 91.14
  Final Train: 89.31
   Final Test: 77.85
Run: 03, Epoch: 01, Loss: 1.5726
Run: 03, Epoch: 02, Loss: 0.6715
Run: 03, Epoch: 03, Loss: 0.5799
Run: 03, Epoch: 04, Loss: 0.5361
Run: 03, Epoch: 05, Loss: 0.5075
Run: 03, Epoch: 06, Loss: 0.4961
Run: 03, Epoch: 07, Loss: 0.4774
Run: 03, Epoch: 08, Loss: 0.4692
Run: 03, Epoch: 09, Loss: 0.4622
Run: 03, Epoch: 10, Loss: 0.4493
Run: 03, Epoch: 10, Train: 88.93%, Valid: 90.78% Test: 77.83%
Run: 03, Epoch: 11, Loss: 0.4437
Run: 03, Epoch: 12, Loss: 0.4401
Run: 03, Epoch: 12, Train: 89.35%, Valid: 90.84% Test: 77.98%
Run: 03, Epoch: 13, Loss: 0.4353
Run: 03, Epoch: 14, Loss: 0.4278
Run: 03, Epoch: 14, Train: 89.30%, Valid: 90.87% Test: 77.93%
Run: 03, Epoch: 15, Loss: 0.4319
Run: 03, Epoch: 16, Loss: 0.4345
Run: 03, Epoch: 16, Train: 89.48%, Valid: 90.93% Test: 78.05%
Run: 03, Epoch: 17, Loss: 0.4268
Run: 03, Epoch: 18, Loss: 0.4251
Run: 03, Epoch: 18, Train: 89.68%, Valid: 90.85% Test: 78.79%
Run: 03, Epoch: 19, Loss: 0.4274
Run: 03, Epoch: 20, Loss: 0.4203
Run: 03, Epoch: 20, Train: 89.80%, Valid: 91.19% Test: 77.90%
Run 03:
Highest Train: 89.80
Highest Valid: 91.19
  Final Train: 89.80
   Final Test: 77.90
Run: 04, Epoch: 01, Loss: 1.4608
Run: 04, Epoch: 02, Loss: 0.6498
Run: 04, Epoch: 03, Loss: 0.5612
Run: 04, Epoch: 04, Loss: 0.5205
Run: 04, Epoch: 05, Loss: 0.5011
Run: 04, Epoch: 06, Loss: 0.4834
Run: 04, Epoch: 07, Loss: 0.4728
Run: 04, Epoch: 08, Loss: 0.4613
Run: 04, Epoch: 09, Loss: 0.4539
Run: 04, Epoch: 10, Loss: 0.4485
Run: 04, Epoch: 10, Train: 89.07%, Valid: 90.90% Test: 78.19%
Run: 04, Epoch: 11, Loss: 0.4350
Run: 04, Epoch: 12, Loss: 0.4308
Run: 04, Epoch: 12, Train: 89.42%, Valid: 91.03% Test: 78.20%
Run: 04, Epoch: 13, Loss: 0.4298
Run: 04, Epoch: 14, Loss: 0.4222
Run: 04, Epoch: 14, Train: 89.60%, Valid: 91.29% Test: 77.22%
Run: 04, Epoch: 15, Loss: 0.4238
Run: 04, Epoch: 16, Loss: 0.4269
Run: 04, Epoch: 16, Train: 89.72%, Valid: 91.30% Test: 78.21%
Run: 04, Epoch: 17, Loss: 0.4202
Run: 04, Epoch: 18, Loss: 0.4162
Run: 04, Epoch: 18, Train: 89.86%, Valid: 91.27% Test: 77.34%
Run: 04, Epoch: 19, Loss: 0.4129
Run: 04, Epoch: 20, Loss: 0.4089
Run: 04, Epoch: 20, Train: 90.02%, Valid: 91.14% Test: 78.17%
Run 04:
Highest Train: 90.02
Highest Valid: 91.30
  Final Train: 89.72
   Final Test: 78.21
Run: 05, Epoch: 01, Loss: 1.4041
Run: 05, Epoch: 02, Loss: 0.6503
Run: 05, Epoch: 03, Loss: 0.5643
Run: 05, Epoch: 04, Loss: 0.5214
Run: 05, Epoch: 05, Loss: 0.4935
Run: 05, Epoch: 06, Loss: 0.4763
Run: 05, Epoch: 07, Loss: 0.4683
Run: 05, Epoch: 08, Loss: 0.4550
Run: 05, Epoch: 09, Loss: 0.4511
Run: 05, Epoch: 10, Loss: 0.4417
Run: 05, Epoch: 10, Train: 89.05%, Valid: 90.92% Test: 77.80%
Run: 05, Epoch: 11, Loss: 0.4385
Run: 05, Epoch: 12, Loss: 0.4295
Run: 05, Epoch: 12, Train: 89.42%, Valid: 90.92% Test: 77.78%
Run: 05, Epoch: 13, Loss: 0.4277
Run: 05, Epoch: 14, Loss: 0.4267
Run: 05, Epoch: 14, Train: 89.52%, Valid: 91.03% Test: 78.24%
Run: 05, Epoch: 15, Loss: 0.4226
Run: 05, Epoch: 16, Loss: 0.4180
Run: 05, Epoch: 16, Train: 89.71%, Valid: 91.06% Test: 78.21%
Run: 05, Epoch: 17, Loss: 0.4139
Run: 05, Epoch: 18, Loss: 0.4141
Run: 05, Epoch: 18, Train: 89.87%, Valid: 91.22% Test: 77.62%
Run: 05, Epoch: 19, Loss: 0.4094
Run: 05, Epoch: 20, Loss: 0.4151
Run: 05, Epoch: 20, Train: 90.13%, Valid: 91.23% Test: 78.22%
Run 05:
Highest Train: 90.13
Highest Valid: 91.23
  Final Train: 90.13
   Final Test: 78.22
Run: 06, Epoch: 01, Loss: 1.4794
Run: 06, Epoch: 02, Loss: 0.6612
Run: 06, Epoch: 03, Loss: 0.5712
Run: 06, Epoch: 04, Loss: 0.5226
Run: 06, Epoch: 05, Loss: 0.5048
Run: 06, Epoch: 06, Loss: 0.4878
Run: 06, Epoch: 07, Loss: 0.4688
Run: 06, Epoch: 08, Loss: 0.4565
Run: 06, Epoch: 09, Loss: 0.4485
Run: 06, Epoch: 10, Loss: 0.4485
Run: 06, Epoch: 10, Train: 89.30%, Valid: 90.91% Test: 77.96%
Run: 06, Epoch: 11, Loss: 0.4325
Run: 06, Epoch: 12, Loss: 0.4359
Run: 06, Epoch: 12, Train: 89.34%, Valid: 90.85% Test: 77.29%
Run: 06, Epoch: 13, Loss: 0.4311
Run: 06, Epoch: 14, Loss: 0.4197
Run: 06, Epoch: 14, Train: 89.57%, Valid: 90.95% Test: 78.29%
Run: 06, Epoch: 15, Loss: 0.4217
Run: 06, Epoch: 16, Loss: 0.4235
Run: 06, Epoch: 16, Train: 89.66%, Valid: 91.17% Test: 77.73%
Run: 06, Epoch: 17, Loss: 0.4192
Run: 06, Epoch: 18, Loss: 0.4208
Run: 06, Epoch: 18, Train: 89.96%, Valid: 91.04% Test: 78.16%
Run: 06, Epoch: 19, Loss: 0.4158
Run: 06, Epoch: 20, Loss: 0.4136
Run: 06, Epoch: 20, Train: 90.28%, Valid: 91.24% Test: 78.46%
Run 06:
Highest Train: 90.28
Highest Valid: 91.24
  Final Train: 90.28
   Final Test: 78.46
Run: 07, Epoch: 01, Loss: 1.5636
Run: 07, Epoch: 02, Loss: 0.6766
Run: 07, Epoch: 03, Loss: 0.5824
Run: 07, Epoch: 04, Loss: 0.5278
Run: 07, Epoch: 05, Loss: 0.5063
Run: 07, Epoch: 06, Loss: 0.4912
Run: 07, Epoch: 07, Loss: 0.4725
Run: 07, Epoch: 08, Loss: 0.4612
Run: 07, Epoch: 09, Loss: 0.4576
Run: 07, Epoch: 10, Loss: 0.4562
Run: 07, Epoch: 10, Train: 88.83%, Valid: 90.82% Test: 77.22%
Run: 07, Epoch: 11, Loss: 0.4448
Run: 07, Epoch: 12, Loss: 0.4361
Run: 07, Epoch: 12, Train: 89.37%, Valid: 90.98% Test: 77.72%
Run: 07, Epoch: 13, Loss: 0.4298
Run: 07, Epoch: 14, Loss: 0.4246
Run: 07, Epoch: 14, Train: 89.46%, Valid: 91.20% Test: 78.04%
Run: 07, Epoch: 15, Loss: 0.4223
Run: 07, Epoch: 16, Loss: 0.4278
Run: 07, Epoch: 16, Train: 89.70%, Valid: 91.13% Test: 77.43%
Run: 07, Epoch: 17, Loss: 0.4157
Run: 07, Epoch: 18, Loss: 0.4182
Run: 07, Epoch: 18, Train: 89.84%, Valid: 91.20% Test: 78.00%
Run: 07, Epoch: 19, Loss: 0.4122
Run: 07, Epoch: 20, Loss: 0.4108
Run: 07, Epoch: 20, Train: 89.88%, Valid: 90.98% Test: 78.21%
Run 07:
Highest Train: 89.88
Highest Valid: 91.20
  Final Train: 89.46
   Final Test: 78.04
Run: 08, Epoch: 01, Loss: 1.4230
Run: 08, Epoch: 02, Loss: 0.6502
Run: 08, Epoch: 03, Loss: 0.5621
Run: 08, Epoch: 04, Loss: 0.5199
Run: 08, Epoch: 05, Loss: 0.4986
Run: 08, Epoch: 06, Loss: 0.4777
Run: 08, Epoch: 07, Loss: 0.4660
Run: 08, Epoch: 08, Loss: 0.4615
Run: 08, Epoch: 09, Loss: 0.4575
Run: 08, Epoch: 10, Loss: 0.4470
Run: 08, Epoch: 10, Train: 89.06%, Valid: 90.95% Test: 77.79%
Run: 08, Epoch: 11, Loss: 0.4414
Run: 08, Epoch: 12, Loss: 0.4329
Run: 08, Epoch: 12, Train: 89.33%, Valid: 91.10% Test: 78.33%
Run: 08, Epoch: 13, Loss: 0.4272
Run: 08, Epoch: 14, Loss: 0.4258
Run: 08, Epoch: 14, Train: 89.68%, Valid: 91.14% Test: 77.74%
Run: 08, Epoch: 15, Loss: 0.4199
Run: 08, Epoch: 16, Loss: 0.4254
Run: 08, Epoch: 16, Train: 89.85%, Valid: 91.11% Test: 77.99%
Run: 08, Epoch: 17, Loss: 0.4174
Run: 08, Epoch: 18, Loss: 0.4192
Run: 08, Epoch: 18, Train: 89.96%, Valid: 91.11% Test: 78.13%
Run: 08, Epoch: 19, Loss: 0.4077
Run: 08, Epoch: 20, Loss: 0.4139
Run: 08, Epoch: 20, Train: 89.87%, Valid: 91.15% Test: 77.97%
Run 08:
Highest Train: 89.96
Highest Valid: 91.15
  Final Train: 89.87
   Final Test: 77.97
Run: 09, Epoch: 01, Loss: 1.4560
Run: 09, Epoch: 02, Loss: 0.6435
Run: 09, Epoch: 03, Loss: 0.5539
Run: 09, Epoch: 04, Loss: 0.5179
Run: 09, Epoch: 05, Loss: 0.4941
Run: 09, Epoch: 06, Loss: 0.4768
Run: 09, Epoch: 07, Loss: 0.4660
Run: 09, Epoch: 08, Loss: 0.4574
Run: 09, Epoch: 09, Loss: 0.4502
Run: 09, Epoch: 10, Loss: 0.4415
Run: 09, Epoch: 10, Train: 89.22%, Valid: 90.97% Test: 77.59%
Run: 09, Epoch: 11, Loss: 0.4358
Run: 09, Epoch: 12, Loss: 0.4227
Run: 09, Epoch: 12, Train: 89.22%, Valid: 90.84% Test: 77.87%
Run: 09, Epoch: 13, Loss: 0.4275
Run: 09, Epoch: 14, Loss: 0.4237
Run: 09, Epoch: 14, Train: 89.74%, Valid: 91.01% Test: 77.58%
Run: 09, Epoch: 15, Loss: 0.4194
Run: 09, Epoch: 16, Loss: 0.4151
Run: 09, Epoch: 16, Train: 89.94%, Valid: 91.08% Test: 78.66%
Run: 09, Epoch: 17, Loss: 0.4100
Run: 09, Epoch: 18, Loss: 0.4080
Run: 09, Epoch: 18, Train: 90.09%, Valid: 91.34% Test: 77.90%
Run: 09, Epoch: 19, Loss: 0.4046
Run: 09, Epoch: 20, Loss: 0.4075
Run: 09, Epoch: 20, Train: 90.14%, Valid: 91.24% Test: 77.95%
Run 09:
Highest Train: 90.14
Highest Valid: 91.34
  Final Train: 90.09
   Final Test: 77.90
Run: 10, Epoch: 01, Loss: 1.4827
Run: 10, Epoch: 02, Loss: 0.6556
Run: 10, Epoch: 03, Loss: 0.5625
Run: 10, Epoch: 04, Loss: 0.5276
Run: 10, Epoch: 05, Loss: 0.5036
Run: 10, Epoch: 06, Loss: 0.4847
Run: 10, Epoch: 07, Loss: 0.4636
Run: 10, Epoch: 08, Loss: 0.4625
Run: 10, Epoch: 09, Loss: 0.4587
Run: 10, Epoch: 10, Loss: 0.4448
Run: 10, Epoch: 10, Train: 89.02%, Valid: 90.72% Test: 77.51%
Run: 10, Epoch: 11, Loss: 0.4414
Run: 10, Epoch: 12, Loss: 0.4341
Run: 10, Epoch: 12, Train: 89.11%, Valid: 91.02% Test: 78.42%
Run: 10, Epoch: 13, Loss: 0.4340
Run: 10, Epoch: 14, Loss: 0.4268
Run: 10, Epoch: 14, Train: 89.51%, Valid: 90.89% Test: 78.55%
Run: 10, Epoch: 15, Loss: 0.4321
Run: 10, Epoch: 16, Loss: 0.4193
Run: 10, Epoch: 16, Train: 89.63%, Valid: 91.12% Test: 78.59%
Run: 10, Epoch: 17, Loss: 0.4160
Run: 10, Epoch: 18, Loss: 0.4162
Run: 10, Epoch: 18, Train: 89.71%, Valid: 91.21% Test: 78.33%
Run: 10, Epoch: 19, Loss: 0.4168
Run: 10, Epoch: 20, Loss: 0.4184
Run: 10, Epoch: 20, Train: 90.19%, Valid: 91.14% Test: 78.67%
Run 10:
Highest Train: 90.19
Highest Valid: 91.21
  Final Train: 89.71
   Final Test: 78.33
All runs:
Highest Train: 90.03 ± 0.16
Highest Valid: 91.24 ± 0.08
  Final Train: 89.82 ± 0.30
   Final Test: 78.08 ± 0.21
