Namespace(device=0, log_steps=1, inductive=False, num_layers=3, hidden_channels=256, dropout=0.5, batch_size=20000, walk_length=3, lr=0.01, num_steps=30, epochs=20, eval_steps=2, runs=10, rsv=0.35, al='mem', alpha=0.6)
tensor([147936, 100314,   1272,  ..., 104998,  98531,  26681]) 68816
tensor([222340, 232877, 217134,  ..., 231710, 205908, 206926]) 13763
Run: 01, Epoch: 01, Loss: 1.6022
Run: 01, Epoch: 02, Loss: 0.7402
Run: 01, Epoch: 03, Loss: 0.6404
Run: 01, Epoch: 04, Loss: 0.5951
Run: 01, Epoch: 05, Loss: 0.5744
Run: 01, Epoch: 06, Loss: 0.5472
Run: 01, Epoch: 07, Loss: 0.5297
Run: 01, Epoch: 08, Loss: 0.5227
Run: 01, Epoch: 09, Loss: 0.5100
Run: 01, Epoch: 10, Loss: 0.5105
Run: 01, Epoch: 10, Train: 87.37%, Valid: 90.89% Test: 78.05%
Run: 01, Epoch: 11, Loss: 0.5037
Run: 01, Epoch: 12, Loss: 0.4936
Run: 01, Epoch: 12, Train: 87.81%, Valid: 91.04% Test: 78.02%
Run: 01, Epoch: 13, Loss: 0.4879
Run: 01, Epoch: 14, Loss: 0.4877
Run: 01, Epoch: 14, Train: 88.07%, Valid: 91.04% Test: 78.95%
Run: 01, Epoch: 15, Loss: 0.4861
Run: 01, Epoch: 16, Loss: 0.4825
Run: 01, Epoch: 16, Train: 88.12%, Valid: 91.32% Test: 78.59%
Run: 01, Epoch: 17, Loss: 0.4809
Run: 01, Epoch: 18, Loss: 0.4809
Run: 01, Epoch: 18, Train: 88.54%, Valid: 91.25% Test: 78.13%
Run: 01, Epoch: 19, Loss: 0.4758
Run: 01, Epoch: 20, Loss: 0.4731
Run: 01, Epoch: 20, Train: 88.58%, Valid: 91.13% Test: 78.61%
Run 01:
Highest Train: 88.58
Highest Valid: 91.32
  Final Train: 88.12
   Final Test: 78.59
Run: 02, Epoch: 01, Loss: 1.7025
Run: 02, Epoch: 02, Loss: 0.7512
Run: 02, Epoch: 03, Loss: 0.6489
Run: 02, Epoch: 04, Loss: 0.6046
Run: 02, Epoch: 05, Loss: 0.5742
Run: 02, Epoch: 06, Loss: 0.5520
Run: 02, Epoch: 07, Loss: 0.5417
Run: 02, Epoch: 08, Loss: 0.5286
Run: 02, Epoch: 09, Loss: 0.5289
Run: 02, Epoch: 10, Loss: 0.5159
Run: 02, Epoch: 10, Train: 87.30%, Valid: 90.97% Test: 78.15%
Run: 02, Epoch: 11, Loss: 0.5053
Run: 02, Epoch: 12, Loss: 0.5052
Run: 02, Epoch: 12, Train: 87.47%, Valid: 90.98% Test: 78.04%
Run: 02, Epoch: 13, Loss: 0.4942
Run: 02, Epoch: 14, Loss: 0.4925
Run: 02, Epoch: 14, Train: 87.97%, Valid: 91.09% Test: 78.37%
Run: 02, Epoch: 15, Loss: 0.4907
Run: 02, Epoch: 16, Loss: 0.4865
Run: 02, Epoch: 16, Train: 88.03%, Valid: 91.15% Test: 78.00%
Run: 02, Epoch: 17, Loss: 0.4870
Run: 02, Epoch: 18, Loss: 0.4809
Run: 02, Epoch: 18, Train: 88.15%, Valid: 90.97% Test: 77.69%
Run: 02, Epoch: 19, Loss: 0.4757
Run: 02, Epoch: 20, Loss: 0.4785
Run: 02, Epoch: 20, Train: 88.20%, Valid: 91.09% Test: 78.45%
Run 02:
Highest Train: 88.20
Highest Valid: 91.15
  Final Train: 88.03
   Final Test: 78.00
Run: 03, Epoch: 01, Loss: 1.6880
Run: 03, Epoch: 02, Loss: 0.7527
Run: 03, Epoch: 03, Loss: 0.6547
Run: 03, Epoch: 04, Loss: 0.6093
Run: 03, Epoch: 05, Loss: 0.5781
Run: 03, Epoch: 06, Loss: 0.5636
Run: 03, Epoch: 07, Loss: 0.5429
Run: 03, Epoch: 08, Loss: 0.5285
Run: 03, Epoch: 09, Loss: 0.5228
Run: 03, Epoch: 10, Loss: 0.5137
Run: 03, Epoch: 10, Train: 87.23%, Valid: 90.77% Test: 78.14%
Run: 03, Epoch: 11, Loss: 0.5056
Run: 03, Epoch: 12, Loss: 0.5048
Run: 03, Epoch: 12, Train: 87.62%, Valid: 91.24% Test: 77.98%
Run: 03, Epoch: 13, Loss: 0.4961
Run: 03, Epoch: 14, Loss: 0.4941
Run: 03, Epoch: 14, Train: 87.86%, Valid: 91.27% Test: 78.64%
Run: 03, Epoch: 15, Loss: 0.4903
Run: 03, Epoch: 16, Loss: 0.4946
Run: 03, Epoch: 16, Train: 87.81%, Valid: 91.10% Test: 78.34%
Run: 03, Epoch: 17, Loss: 0.4854
Run: 03, Epoch: 18, Loss: 0.4869
Run: 03, Epoch: 18, Train: 88.17%, Valid: 91.22% Test: 78.87%
Run: 03, Epoch: 19, Loss: 0.4790
Run: 03, Epoch: 20, Loss: 0.4762
Run: 03, Epoch: 20, Train: 88.02%, Valid: 91.12% Test: 77.64%
Run 03:
Highest Train: 88.17
Highest Valid: 91.27
  Final Train: 87.86
   Final Test: 78.64
Run: 04, Epoch: 01, Loss: 1.5827
Run: 04, Epoch: 02, Loss: 0.7358
Run: 04, Epoch: 03, Loss: 0.6368
Run: 04, Epoch: 04, Loss: 0.5957
Run: 04, Epoch: 05, Loss: 0.5687
Run: 04, Epoch: 06, Loss: 0.5572
Run: 04, Epoch: 07, Loss: 0.5447
Run: 04, Epoch: 08, Loss: 0.5262
Run: 04, Epoch: 09, Loss: 0.5213
Run: 04, Epoch: 10, Loss: 0.5120
Run: 04, Epoch: 10, Train: 87.43%, Valid: 91.06% Test: 78.08%
Run: 04, Epoch: 11, Loss: 0.5016
Run: 04, Epoch: 12, Loss: 0.4995
Run: 04, Epoch: 12, Train: 87.74%, Valid: 91.08% Test: 78.02%
Run: 04, Epoch: 13, Loss: 0.4923
Run: 04, Epoch: 14, Loss: 0.4871
Run: 04, Epoch: 14, Train: 87.72%, Valid: 91.11% Test: 77.37%
Run: 04, Epoch: 15, Loss: 0.4847
Run: 04, Epoch: 16, Loss: 0.4895
Run: 04, Epoch: 16, Train: 88.14%, Valid: 91.25% Test: 78.47%
Run: 04, Epoch: 17, Loss: 0.4841
Run: 04, Epoch: 18, Loss: 0.4864
Run: 04, Epoch: 18, Train: 88.25%, Valid: 91.14% Test: 77.21%
Run: 04, Epoch: 19, Loss: 0.4776
Run: 04, Epoch: 20, Loss: 0.4743
Run: 04, Epoch: 20, Train: 88.36%, Valid: 91.12% Test: 78.62%
Run 04:
Highest Train: 88.36
Highest Valid: 91.25
  Final Train: 88.14
   Final Test: 78.47
Run: 05, Epoch: 01, Loss: 1.4721
Run: 05, Epoch: 02, Loss: 0.7150
Run: 05, Epoch: 03, Loss: 0.6287
Run: 05, Epoch: 04, Loss: 0.5838
Run: 05, Epoch: 05, Loss: 0.5560
Run: 05, Epoch: 06, Loss: 0.5385
Run: 05, Epoch: 07, Loss: 0.5305
Run: 05, Epoch: 08, Loss: 0.5162
Run: 05, Epoch: 09, Loss: 0.5095
Run: 05, Epoch: 10, Loss: 0.5018
Run: 05, Epoch: 10, Train: 87.65%, Valid: 90.95% Test: 77.83%
Run: 05, Epoch: 11, Loss: 0.4965
Run: 05, Epoch: 12, Loss: 0.4933
Run: 05, Epoch: 12, Train: 87.93%, Valid: 91.00% Test: 77.65%
Run: 05, Epoch: 13, Loss: 0.4896
Run: 05, Epoch: 14, Loss: 0.4861
Run: 05, Epoch: 14, Train: 88.24%, Valid: 91.17% Test: 78.29%
Run: 05, Epoch: 15, Loss: 0.4841
Run: 05, Epoch: 16, Loss: 0.4778
Run: 05, Epoch: 16, Train: 88.27%, Valid: 91.25% Test: 77.98%
Run: 05, Epoch: 17, Loss: 0.4737
Run: 05, Epoch: 18, Loss: 0.4692
Run: 05, Epoch: 18, Train: 88.33%, Valid: 91.31% Test: 78.03%
Run: 05, Epoch: 19, Loss: 0.4666
Run: 05, Epoch: 20, Loss: 0.4710
Run: 05, Epoch: 20, Train: 88.76%, Valid: 91.27% Test: 78.12%
Run 05:
Highest Train: 88.76
Highest Valid: 91.31
  Final Train: 88.33
   Final Test: 78.03
Run: 06, Epoch: 01, Loss: 1.5286
Run: 06, Epoch: 02, Loss: 0.7307
Run: 06, Epoch: 03, Loss: 0.6388
Run: 06, Epoch: 04, Loss: 0.5885
Run: 06, Epoch: 05, Loss: 0.5688
Run: 06, Epoch: 06, Loss: 0.5529
Run: 06, Epoch: 07, Loss: 0.5359
Run: 06, Epoch: 08, Loss: 0.5226
Run: 06, Epoch: 09, Loss: 0.5084
Run: 06, Epoch: 10, Loss: 0.5113
Run: 06, Epoch: 10, Train: 87.54%, Valid: 91.02% Test: 78.38%
Run: 06, Epoch: 11, Loss: 0.5000
Run: 06, Epoch: 12, Loss: 0.4974
Run: 06, Epoch: 12, Train: 87.86%, Valid: 91.03% Test: 77.98%
Run: 06, Epoch: 13, Loss: 0.4929
Run: 06, Epoch: 14, Loss: 0.4821
Run: 06, Epoch: 14, Train: 87.98%, Valid: 91.02% Test: 78.51%
Run: 06, Epoch: 15, Loss: 0.4803
Run: 06, Epoch: 16, Loss: 0.4822
Run: 06, Epoch: 16, Train: 88.14%, Valid: 91.13% Test: 78.13%
Run: 06, Epoch: 17, Loss: 0.4803
Run: 06, Epoch: 18, Loss: 0.4775
Run: 06, Epoch: 18, Train: 88.33%, Valid: 91.33% Test: 78.13%
Run: 06, Epoch: 19, Loss: 0.4741
Run: 06, Epoch: 20, Loss: 0.4764
Run: 06, Epoch: 20, Train: 88.52%, Valid: 91.32% Test: 78.78%
Run 06:
Highest Train: 88.52
Highest Valid: 91.33
  Final Train: 88.33
   Final Test: 78.13
Run: 07, Epoch: 01, Loss: 1.7001
Run: 07, Epoch: 02, Loss: 0.7670
Run: 07, Epoch: 03, Loss: 0.6634
Run: 07, Epoch: 04, Loss: 0.6063
Run: 07, Epoch: 05, Loss: 0.5784
Run: 07, Epoch: 06, Loss: 0.5600
Run: 07, Epoch: 07, Loss: 0.5446
Run: 07, Epoch: 08, Loss: 0.5318
Run: 07, Epoch: 09, Loss: 0.5202
Run: 07, Epoch: 10, Loss: 0.5245
Run: 07, Epoch: 10, Train: 87.10%, Valid: 90.85% Test: 77.70%
Run: 07, Epoch: 11, Loss: 0.5136
Run: 07, Epoch: 12, Loss: 0.5025
Run: 07, Epoch: 12, Train: 87.41%, Valid: 90.98% Test: 77.98%
Run: 07, Epoch: 13, Loss: 0.4949
Run: 07, Epoch: 14, Loss: 0.4896
Run: 07, Epoch: 14, Train: 87.90%, Valid: 91.17% Test: 78.73%
Run: 07, Epoch: 15, Loss: 0.4860
Run: 07, Epoch: 16, Loss: 0.4900
Run: 07, Epoch: 16, Train: 88.07%, Valid: 91.14% Test: 77.56%
Run: 07, Epoch: 17, Loss: 0.4819
Run: 07, Epoch: 18, Loss: 0.4842
Run: 07, Epoch: 18, Train: 88.51%, Valid: 91.51% Test: 78.36%
Run: 07, Epoch: 19, Loss: 0.4775
Run: 07, Epoch: 20, Loss: 0.4771
Run: 07, Epoch: 20, Train: 88.58%, Valid: 91.37% Test: 78.89%
Run 07:
Highest Train: 88.58
Highest Valid: 91.51
  Final Train: 88.51
   Final Test: 78.36
Run: 08, Epoch: 01, Loss: 1.4365
Run: 08, Epoch: 02, Loss: 0.7150
Run: 08, Epoch: 03, Loss: 0.6267
Run: 08, Epoch: 04, Loss: 0.5832
Run: 08, Epoch: 05, Loss: 0.5598
Run: 08, Epoch: 06, Loss: 0.5372
Run: 08, Epoch: 07, Loss: 0.5221
Run: 08, Epoch: 08, Loss: 0.5195
Run: 08, Epoch: 09, Loss: 0.5149
Run: 08, Epoch: 10, Loss: 0.5065
Run: 08, Epoch: 10, Train: 87.45%, Valid: 91.26% Test: 77.82%
Run: 08, Epoch: 11, Loss: 0.5020
Run: 08, Epoch: 12, Loss: 0.4878
Run: 08, Epoch: 12, Train: 88.05%, Valid: 91.30% Test: 78.26%
Run: 08, Epoch: 13, Loss: 0.4836
Run: 08, Epoch: 14, Loss: 0.4824
Run: 08, Epoch: 14, Train: 88.17%, Valid: 91.39% Test: 77.90%
Run: 08, Epoch: 15, Loss: 0.4783
Run: 08, Epoch: 16, Loss: 0.4795
Run: 08, Epoch: 16, Train: 88.37%, Valid: 91.39% Test: 78.41%
Run: 08, Epoch: 17, Loss: 0.4758
Run: 08, Epoch: 18, Loss: 0.4827
Run: 08, Epoch: 18, Train: 88.33%, Valid: 91.18% Test: 77.67%
Run: 08, Epoch: 19, Loss: 0.4700
Run: 08, Epoch: 20, Loss: 0.4708
Run: 08, Epoch: 20, Train: 88.41%, Valid: 91.43% Test: 78.43%
Run 08:
Highest Train: 88.41
Highest Valid: 91.43
  Final Train: 88.41
   Final Test: 78.43
Run: 09, Epoch: 01, Loss: 1.5127
Run: 09, Epoch: 02, Loss: 0.7141
Run: 09, Epoch: 03, Loss: 0.6258
Run: 09, Epoch: 04, Loss: 0.5890
Run: 09, Epoch: 05, Loss: 0.5634
Run: 09, Epoch: 06, Loss: 0.5381
Run: 09, Epoch: 07, Loss: 0.5310
Run: 09, Epoch: 08, Loss: 0.5209
Run: 09, Epoch: 09, Loss: 0.5157
Run: 09, Epoch: 10, Loss: 0.5063
Run: 09, Epoch: 10, Train: 87.46%, Valid: 90.77% Test: 77.38%
Run: 09, Epoch: 11, Loss: 0.4979
Run: 09, Epoch: 12, Loss: 0.4886
Run: 09, Epoch: 12, Train: 87.84%, Valid: 90.88% Test: 78.19%
Run: 09, Epoch: 13, Loss: 0.4901
Run: 09, Epoch: 14, Loss: 0.4899
Run: 09, Epoch: 14, Train: 88.05%, Valid: 91.00% Test: 77.59%
Run: 09, Epoch: 15, Loss: 0.4866
Run: 09, Epoch: 16, Loss: 0.4812
Run: 09, Epoch: 16, Train: 88.20%, Valid: 91.21% Test: 78.25%
Run: 09, Epoch: 17, Loss: 0.4692
Run: 09, Epoch: 18, Loss: 0.4762
Run: 09, Epoch: 18, Train: 88.46%, Valid: 91.22% Test: 78.12%
Run: 09, Epoch: 19, Loss: 0.4698
Run: 09, Epoch: 20, Loss: 0.4747
Run: 09, Epoch: 20, Train: 88.61%, Valid: 91.19% Test: 78.09%
Run 09:
Highest Train: 88.61
Highest Valid: 91.22
  Final Train: 88.46
   Final Test: 78.12
Run: 10, Epoch: 01, Loss: 1.5687
Run: 10, Epoch: 02, Loss: 0.7358
Run: 10, Epoch: 03, Loss: 0.6376
Run: 10, Epoch: 04, Loss: 0.5977
Run: 10, Epoch: 05, Loss: 0.5714
Run: 10, Epoch: 06, Loss: 0.5526
Run: 10, Epoch: 07, Loss: 0.5318
Run: 10, Epoch: 08, Loss: 0.5265
Run: 10, Epoch: 09, Loss: 0.5200
Run: 10, Epoch: 10, Loss: 0.5090
Run: 10, Epoch: 10, Train: 87.51%, Valid: 91.06% Test: 77.90%
Run: 10, Epoch: 11, Loss: 0.5040
Run: 10, Epoch: 12, Loss: 0.4970
Run: 10, Epoch: 12, Train: 87.62%, Valid: 90.98% Test: 78.65%
Run: 10, Epoch: 13, Loss: 0.5029
Run: 10, Epoch: 14, Loss: 0.4928
Run: 10, Epoch: 14, Train: 87.92%, Valid: 91.19% Test: 78.36%
Run: 10, Epoch: 15, Loss: 0.4996
Run: 10, Epoch: 16, Loss: 0.4805
Run: 10, Epoch: 16, Train: 88.02%, Valid: 91.16% Test: 78.35%
Run: 10, Epoch: 17, Loss: 0.4820
Run: 10, Epoch: 18, Loss: 0.4793
Run: 10, Epoch: 18, Train: 88.24%, Valid: 91.27% Test: 78.72%
Run: 10, Epoch: 19, Loss: 0.4814
Run: 10, Epoch: 20, Loss: 0.4817
Run: 10, Epoch: 20, Train: 88.34%, Valid: 91.30% Test: 78.50%
Run 10:
Highest Train: 88.34
Highest Valid: 91.30
  Final Train: 88.34
   Final Test: 78.50
All runs:
Highest Train: 88.45 ± 0.19
Highest Valid: 91.31 ± 0.10
  Final Train: 88.25 ± 0.21
   Final Test: 78.33 ± 0.24
