Namespace(device=0, log_steps=1, inductive=False, num_layers=3, hidden_channels=256, dropout=0.5, batch_size=20000, walk_length=3, lr=0.01, num_steps=30, epochs=20, eval_steps=2, runs=10, rsv=0.3, al='mem', alpha=0.8)
tensor([147936, 100314,   1272,  ...,  76379,  62959,  60744]) 58984
tensor([222340, 232877, 217134,  ..., 213931, 229892, 206464]) 11796
Run: 01, Epoch: 01, Loss: 1.3675
Run: 01, Epoch: 02, Loss: 0.5894
Run: 01, Epoch: 03, Loss: 0.5052
Run: 01, Epoch: 04, Loss: 0.4650
Run: 01, Epoch: 05, Loss: 0.4513
Run: 01, Epoch: 06, Loss: 0.4290
Run: 01, Epoch: 07, Loss: 0.4143
Run: 01, Epoch: 08, Loss: 0.4098
Run: 01, Epoch: 09, Loss: 0.4011
Run: 01, Epoch: 10, Loss: 0.3997
Run: 01, Epoch: 10, Train: 90.48%, Valid: 90.42% Test: 78.05%
Run: 01, Epoch: 11, Loss: 0.3871
Run: 01, Epoch: 12, Loss: 0.3778
Run: 01, Epoch: 12, Train: 90.83%, Valid: 90.56% Test: 77.58%
Run: 01, Epoch: 13, Loss: 0.3781
Run: 01, Epoch: 14, Loss: 0.3799
Run: 01, Epoch: 14, Train: 90.92%, Valid: 90.51% Test: 78.00%
Run: 01, Epoch: 15, Loss: 0.3720
Run: 01, Epoch: 16, Loss: 0.3702
Run: 01, Epoch: 16, Train: 91.07%, Valid: 90.87% Test: 78.47%
Run: 01, Epoch: 17, Loss: 0.3659
Run: 01, Epoch: 18, Loss: 0.3678
Run: 01, Epoch: 18, Train: 91.30%, Valid: 90.98% Test: 77.06%
Run: 01, Epoch: 19, Loss: 0.3644
Run: 01, Epoch: 20, Loss: 0.3584
Run: 01, Epoch: 20, Train: 91.38%, Valid: 90.80% Test: 77.51%
Run 01:
Highest Train: 91.38
Highest Valid: 90.98
  Final Train: 91.30
   Final Test: 77.06
Run: 02, Epoch: 01, Loss: 1.5077
Run: 02, Epoch: 02, Loss: 0.6113
Run: 02, Epoch: 03, Loss: 0.5174
Run: 02, Epoch: 04, Loss: 0.4730
Run: 02, Epoch: 05, Loss: 0.4491
Run: 02, Epoch: 06, Loss: 0.4262
Run: 02, Epoch: 07, Loss: 0.4181
Run: 02, Epoch: 08, Loss: 0.4099
Run: 02, Epoch: 09, Loss: 0.4072
Run: 02, Epoch: 10, Loss: 0.3934
Run: 02, Epoch: 10, Train: 90.47%, Valid: 90.63% Test: 78.20%
Run: 02, Epoch: 11, Loss: 0.3860
Run: 02, Epoch: 12, Loss: 0.3835
Run: 02, Epoch: 12, Train: 90.59%, Valid: 90.83% Test: 77.86%
Run: 02, Epoch: 13, Loss: 0.3742
Run: 02, Epoch: 14, Loss: 0.3798
Run: 02, Epoch: 14, Train: 90.73%, Valid: 90.63% Test: 77.90%
Run: 02, Epoch: 15, Loss: 0.3756
Run: 02, Epoch: 16, Loss: 0.3721
Run: 02, Epoch: 16, Train: 91.06%, Valid: 90.81% Test: 78.59%
Run: 02, Epoch: 17, Loss: 0.3682
Run: 02, Epoch: 18, Loss: 0.3683
Run: 02, Epoch: 18, Train: 91.06%, Valid: 90.73% Test: 78.00%
Run: 02, Epoch: 19, Loss: 0.3646
Run: 02, Epoch: 20, Loss: 0.3679
Run: 02, Epoch: 20, Train: 91.17%, Valid: 90.75% Test: 78.62%
Run 02:
Highest Train: 91.17
Highest Valid: 90.83
  Final Train: 90.59
   Final Test: 77.86
Run: 03, Epoch: 01, Loss: 1.4670
Run: 03, Epoch: 02, Loss: 0.6060
Run: 03, Epoch: 03, Loss: 0.5202
Run: 03, Epoch: 04, Loss: 0.4808
Run: 03, Epoch: 05, Loss: 0.4487
Run: 03, Epoch: 06, Loss: 0.4391
Run: 03, Epoch: 07, Loss: 0.4240
Run: 03, Epoch: 08, Loss: 0.4102
Run: 03, Epoch: 09, Loss: 0.4068
Run: 03, Epoch: 10, Loss: 0.3954
Run: 03, Epoch: 10, Train: 90.08%, Valid: 90.28% Test: 77.62%
Run: 03, Epoch: 11, Loss: 0.3913
Run: 03, Epoch: 12, Loss: 0.3866
Run: 03, Epoch: 12, Train: 90.72%, Valid: 90.69% Test: 77.59%
Run: 03, Epoch: 13, Loss: 0.3813
Run: 03, Epoch: 14, Loss: 0.3769
Run: 03, Epoch: 14, Train: 90.67%, Valid: 90.68% Test: 77.77%
Run: 03, Epoch: 15, Loss: 0.3697
Run: 03, Epoch: 16, Loss: 0.3728
Run: 03, Epoch: 16, Train: 90.86%, Valid: 90.54% Test: 78.42%
Run: 03, Epoch: 17, Loss: 0.3695
Run: 03, Epoch: 18, Loss: 0.3696
Run: 03, Epoch: 18, Train: 91.28%, Valid: 90.94% Test: 78.06%
Run: 03, Epoch: 19, Loss: 0.3679
Run: 03, Epoch: 20, Loss: 0.3620
Run: 03, Epoch: 20, Train: 91.20%, Valid: 90.87% Test: 77.47%
Run 03:
Highest Train: 91.28
Highest Valid: 90.94
  Final Train: 91.28
   Final Test: 78.06
Run: 04, Epoch: 01, Loss: 1.3870
Run: 04, Epoch: 02, Loss: 0.5926
Run: 04, Epoch: 03, Loss: 0.5023
Run: 04, Epoch: 04, Loss: 0.4676
Run: 04, Epoch: 05, Loss: 0.4438
Run: 04, Epoch: 06, Loss: 0.4332
Run: 04, Epoch: 07, Loss: 0.4214
Run: 04, Epoch: 08, Loss: 0.4095
Run: 04, Epoch: 09, Loss: 0.4030
Run: 04, Epoch: 10, Loss: 0.3916
Run: 04, Epoch: 10, Train: 90.38%, Valid: 90.61% Test: 78.28%
Run: 04, Epoch: 11, Loss: 0.3835
Run: 04, Epoch: 12, Loss: 0.3788
Run: 04, Epoch: 12, Train: 90.74%, Valid: 90.81% Test: 78.28%
Run: 04, Epoch: 13, Loss: 0.3734
Run: 04, Epoch: 14, Loss: 0.3689
Run: 04, Epoch: 14, Train: 90.97%, Valid: 90.82% Test: 77.71%
Run: 04, Epoch: 15, Loss: 0.3726
Run: 04, Epoch: 16, Loss: 0.3759
Run: 04, Epoch: 16, Train: 91.11%, Valid: 90.90% Test: 78.26%
Run: 04, Epoch: 17, Loss: 0.3650
Run: 04, Epoch: 18, Loss: 0.3621
Run: 04, Epoch: 18, Train: 91.30%, Valid: 90.95% Test: 77.79%
Run: 04, Epoch: 19, Loss: 0.3618
Run: 04, Epoch: 20, Loss: 0.3539
Run: 04, Epoch: 20, Train: 91.34%, Valid: 90.82% Test: 78.02%
Run 04:
Highest Train: 91.34
Highest Valid: 90.95
  Final Train: 91.30
   Final Test: 77.79
Run: 05, Epoch: 01, Loss: 1.3167
Run: 05, Epoch: 02, Loss: 0.5869
Run: 05, Epoch: 03, Loss: 0.5070
Run: 05, Epoch: 04, Loss: 0.4670
Run: 05, Epoch: 05, Loss: 0.4440
Run: 05, Epoch: 06, Loss: 0.4266
Run: 05, Epoch: 07, Loss: 0.4195
Run: 05, Epoch: 08, Loss: 0.4024
Run: 05, Epoch: 09, Loss: 0.3976
Run: 05, Epoch: 10, Loss: 0.3925
Run: 05, Epoch: 10, Train: 90.31%, Valid: 90.79% Test: 77.38%
Run: 05, Epoch: 11, Loss: 0.3851
Run: 05, Epoch: 12, Loss: 0.3802
Run: 05, Epoch: 12, Train: 90.76%, Valid: 90.73% Test: 77.24%
Run: 05, Epoch: 13, Loss: 0.3771
Run: 05, Epoch: 14, Loss: 0.3738
Run: 05, Epoch: 14, Train: 90.98%, Valid: 90.80% Test: 78.04%
Run: 05, Epoch: 15, Loss: 0.3725
Run: 05, Epoch: 16, Loss: 0.3658
Run: 05, Epoch: 16, Train: 91.01%, Valid: 91.00% Test: 78.24%
Run: 05, Epoch: 17, Loss: 0.3590
Run: 05, Epoch: 18, Loss: 0.3585
Run: 05, Epoch: 18, Train: 91.36%, Valid: 91.05% Test: 77.59%
Run: 05, Epoch: 19, Loss: 0.3542
Run: 05, Epoch: 20, Loss: 0.3616
Run: 05, Epoch: 20, Train: 91.55%, Valid: 91.04% Test: 77.82%
Run 05:
Highest Train: 91.55
Highest Valid: 91.05
  Final Train: 91.36
   Final Test: 77.59
Run: 06, Epoch: 01, Loss: 1.4080
Run: 06, Epoch: 02, Loss: 0.5992
Run: 06, Epoch: 03, Loss: 0.5150
Run: 06, Epoch: 04, Loss: 0.4666
Run: 06, Epoch: 05, Loss: 0.4468
Run: 06, Epoch: 06, Loss: 0.4328
Run: 06, Epoch: 07, Loss: 0.4192
Run: 06, Epoch: 08, Loss: 0.4029
Run: 06, Epoch: 09, Loss: 0.3978
Run: 06, Epoch: 10, Loss: 0.3992
Run: 06, Epoch: 10, Train: 90.35%, Valid: 90.61% Test: 77.87%
Run: 06, Epoch: 11, Loss: 0.3902
Run: 06, Epoch: 12, Loss: 0.3826
Run: 06, Epoch: 12, Train: 90.62%, Valid: 90.81% Test: 77.59%
Run: 06, Epoch: 13, Loss: 0.3851
Run: 06, Epoch: 14, Loss: 0.3716
Run: 06, Epoch: 14, Train: 90.99%, Valid: 90.66% Test: 78.11%
Run: 06, Epoch: 15, Loss: 0.3720
Run: 06, Epoch: 16, Loss: 0.3724
Run: 06, Epoch: 16, Train: 91.01%, Valid: 90.99% Test: 77.86%
Run: 06, Epoch: 17, Loss: 0.3683
Run: 06, Epoch: 18, Loss: 0.3672
Run: 06, Epoch: 18, Train: 91.15%, Valid: 90.89% Test: 77.55%
Run: 06, Epoch: 19, Loss: 0.3679
Run: 06, Epoch: 20, Loss: 0.3642
Run: 06, Epoch: 20, Train: 91.33%, Valid: 91.01% Test: 78.34%
Run 06:
Highest Train: 91.33
Highest Valid: 91.01
  Final Train: 91.33
   Final Test: 78.34
Run: 07, Epoch: 01, Loss: 1.4444
Run: 07, Epoch: 02, Loss: 0.6097
Run: 07, Epoch: 03, Loss: 0.5177
Run: 07, Epoch: 04, Loss: 0.4760
Run: 07, Epoch: 05, Loss: 0.4516
Run: 07, Epoch: 06, Loss: 0.4338
Run: 07, Epoch: 07, Loss: 0.4214
Run: 07, Epoch: 08, Loss: 0.4104
Run: 07, Epoch: 09, Loss: 0.4099
Run: 07, Epoch: 10, Loss: 0.4031
Run: 07, Epoch: 10, Train: 90.27%, Valid: 90.56% Test: 77.63%
Run: 07, Epoch: 11, Loss: 0.3932
Run: 07, Epoch: 12, Loss: 0.3877
Run: 07, Epoch: 12, Train: 90.51%, Valid: 90.77% Test: 77.78%
Run: 07, Epoch: 13, Loss: 0.3810
Run: 07, Epoch: 14, Loss: 0.3790
Run: 07, Epoch: 14, Train: 90.79%, Valid: 90.91% Test: 78.33%
Run: 07, Epoch: 15, Loss: 0.3716
Run: 07, Epoch: 16, Loss: 0.3785
Run: 07, Epoch: 16, Train: 91.10%, Valid: 90.92% Test: 77.77%
Run: 07, Epoch: 17, Loss: 0.3687
Run: 07, Epoch: 18, Loss: 0.3718
Run: 07, Epoch: 18, Train: 91.18%, Valid: 90.89% Test: 77.48%
Run: 07, Epoch: 19, Loss: 0.3646
Run: 07, Epoch: 20, Loss: 0.3654
Run: 07, Epoch: 20, Train: 91.18%, Valid: 90.94% Test: 78.06%
Run 07:
Highest Train: 91.18
Highest Valid: 90.94
  Final Train: 91.18
   Final Test: 78.06
Run: 08, Epoch: 01, Loss: 1.3341
Run: 08, Epoch: 02, Loss: 0.5874
Run: 08, Epoch: 03, Loss: 0.5041
Run: 08, Epoch: 04, Loss: 0.4647
Run: 08, Epoch: 05, Loss: 0.4410
Run: 08, Epoch: 06, Loss: 0.4246
Run: 08, Epoch: 07, Loss: 0.4082
Run: 08, Epoch: 08, Loss: 0.4044
Run: 08, Epoch: 09, Loss: 0.3999
Run: 08, Epoch: 10, Loss: 0.3911
Run: 08, Epoch: 10, Train: 90.31%, Valid: 90.34% Test: 78.33%
Run: 08, Epoch: 11, Loss: 0.3882
Run: 08, Epoch: 12, Loss: 0.3841
Run: 08, Epoch: 12, Train: 90.68%, Valid: 90.56% Test: 78.20%
Run: 08, Epoch: 13, Loss: 0.3762
Run: 08, Epoch: 14, Loss: 0.3762
Run: 08, Epoch: 14, Train: 90.93%, Valid: 90.62% Test: 78.33%
Run: 08, Epoch: 15, Loss: 0.3707
Run: 08, Epoch: 16, Loss: 0.3704
Run: 08, Epoch: 16, Train: 91.03%, Valid: 90.69% Test: 77.98%
Run: 08, Epoch: 17, Loss: 0.3652
Run: 08, Epoch: 18, Loss: 0.3644
Run: 08, Epoch: 18, Train: 91.34%, Valid: 90.84% Test: 77.93%
Run: 08, Epoch: 19, Loss: 0.3596
Run: 08, Epoch: 20, Loss: 0.3625
Run: 08, Epoch: 20, Train: 91.19%, Valid: 90.87% Test: 78.35%
Run 08:
Highest Train: 91.34
Highest Valid: 90.87
  Final Train: 91.19
   Final Test: 78.35
Run: 09, Epoch: 01, Loss: 1.3740
Run: 09, Epoch: 02, Loss: 0.5889
Run: 09, Epoch: 03, Loss: 0.5089
Run: 09, Epoch: 04, Loss: 0.4692
Run: 09, Epoch: 05, Loss: 0.4465
Run: 09, Epoch: 06, Loss: 0.4266
Run: 09, Epoch: 07, Loss: 0.4141
Run: 09, Epoch: 08, Loss: 0.4056
Run: 09, Epoch: 09, Loss: 0.3982
Run: 09, Epoch: 10, Loss: 0.3907
Run: 09, Epoch: 10, Train: 90.54%, Valid: 90.45% Test: 77.34%
Run: 09, Epoch: 11, Loss: 0.3872
Run: 09, Epoch: 12, Loss: 0.3812
Run: 09, Epoch: 12, Train: 90.43%, Valid: 90.62% Test: 77.79%
Run: 09, Epoch: 13, Loss: 0.3840
Run: 09, Epoch: 14, Loss: 0.3805
Run: 09, Epoch: 14, Train: 90.63%, Valid: 90.72% Test: 77.47%
Run: 09, Epoch: 15, Loss: 0.3758
Run: 09, Epoch: 16, Loss: 0.3720
Run: 09, Epoch: 16, Train: 90.92%, Valid: 90.68% Test: 77.81%
Run: 09, Epoch: 17, Loss: 0.3615
Run: 09, Epoch: 18, Loss: 0.3657
Run: 09, Epoch: 18, Train: 91.03%, Valid: 90.80% Test: 77.86%
Run: 09, Epoch: 19, Loss: 0.3604
Run: 09, Epoch: 20, Loss: 0.3585
Run: 09, Epoch: 20, Train: 91.43%, Valid: 90.72% Test: 78.06%
Run 09:
Highest Train: 91.43
Highest Valid: 90.80
  Final Train: 91.03
   Final Test: 77.86
Run: 10, Epoch: 01, Loss: 1.3981
Run: 10, Epoch: 02, Loss: 0.5970
Run: 10, Epoch: 03, Loss: 0.5075
Run: 10, Epoch: 04, Loss: 0.4705
Run: 10, Epoch: 05, Loss: 0.4481
Run: 10, Epoch: 06, Loss: 0.4294
Run: 10, Epoch: 07, Loss: 0.4112
Run: 10, Epoch: 08, Loss: 0.4073
Run: 10, Epoch: 09, Loss: 0.4018
Run: 10, Epoch: 10, Loss: 0.3918
Run: 10, Epoch: 10, Train: 90.23%, Valid: 90.56% Test: 77.98%
Run: 10, Epoch: 11, Loss: 0.3866
Run: 10, Epoch: 12, Loss: 0.3784
Run: 10, Epoch: 12, Train: 90.69%, Valid: 90.70% Test: 78.16%
Run: 10, Epoch: 13, Loss: 0.3772
Run: 10, Epoch: 14, Loss: 0.3741
Run: 10, Epoch: 14, Train: 90.68%, Valid: 90.51% Test: 78.13%
Run: 10, Epoch: 15, Loss: 0.3778
Run: 10, Epoch: 16, Loss: 0.3647
Run: 10, Epoch: 16, Train: 90.92%, Valid: 90.72% Test: 78.13%
Run: 10, Epoch: 17, Loss: 0.3638
Run: 10, Epoch: 18, Loss: 0.3604
Run: 10, Epoch: 18, Train: 91.17%, Valid: 90.79% Test: 78.00%
Run: 10, Epoch: 19, Loss: 0.3649
Run: 10, Epoch: 20, Loss: 0.3685
Run: 10, Epoch: 20, Train: 91.29%, Valid: 90.64% Test: 77.74%
Run 10:
Highest Train: 91.29
Highest Valid: 90.79
  Final Train: 91.17
   Final Test: 78.00
All runs:
Highest Train: 91.33 ± 0.11
Highest Valid: 90.92 ± 0.09
  Final Train: 91.17 ± 0.23
   Final Test: 77.90 ± 0.38
