Namespace(device=0, log_steps=1, inductive=False, num_layers=3, hidden_channels=256, dropout=0.5, batch_size=20000, walk_length=3, lr=0.01, num_steps=30, epochs=20, eval_steps=2, runs=10, rsv=0.3, al='mem', alpha=0.5)
tensor([147936, 100314,   1272,  ..., 149121,  61899, 162707]) 58985
tensor([222340, 232877, 217134,  ..., 213931, 229892, 206464]) 11796
Run: 01, Epoch: 01, Loss: 1.6846
Run: 01, Epoch: 02, Loss: 0.8460
Run: 01, Epoch: 03, Loss: 0.7402
Run: 01, Epoch: 04, Loss: 0.6885
Run: 01, Epoch: 05, Loss: 0.6688
Run: 01, Epoch: 06, Loss: 0.6420
Run: 01, Epoch: 07, Loss: 0.6217
Run: 01, Epoch: 08, Loss: 0.6158
Run: 01, Epoch: 09, Loss: 0.6044
Run: 01, Epoch: 10, Loss: 0.6000
Run: 01, Epoch: 10, Train: 85.13%, Valid: 90.87% Test: 78.06%
Run: 01, Epoch: 11, Loss: 0.5922
Run: 01, Epoch: 12, Loss: 0.5791
Run: 01, Epoch: 12, Train: 85.53%, Valid: 91.30% Test: 78.00%
Run: 01, Epoch: 13, Loss: 0.5788
Run: 01, Epoch: 14, Loss: 0.5752
Run: 01, Epoch: 14, Train: 85.78%, Valid: 91.05% Test: 78.80%
Run: 01, Epoch: 15, Loss: 0.5676
Run: 01, Epoch: 16, Loss: 0.5693
Run: 01, Epoch: 16, Train: 85.98%, Valid: 91.14% Test: 78.94%
Run: 01, Epoch: 17, Loss: 0.5627
Run: 01, Epoch: 18, Loss: 0.5637
Run: 01, Epoch: 18, Train: 86.17%, Valid: 91.26% Test: 78.16%
Run: 01, Epoch: 19, Loss: 0.5611
Run: 01, Epoch: 20, Loss: 0.5595
Run: 01, Epoch: 20, Train: 86.12%, Valid: 91.25% Test: 78.15%
Run 01:
Highest Train: 86.17
Highest Valid: 91.30
  Final Train: 85.53
   Final Test: 78.00
Run: 02, Epoch: 01, Loss: 1.7238
Run: 02, Epoch: 02, Loss: 0.8555
Run: 02, Epoch: 03, Loss: 0.7465
Run: 02, Epoch: 04, Loss: 0.6984
Run: 02, Epoch: 05, Loss: 0.6638
Run: 02, Epoch: 06, Loss: 0.6410
Run: 02, Epoch: 07, Loss: 0.6274
Run: 02, Epoch: 08, Loss: 0.6155
Run: 02, Epoch: 09, Loss: 0.6143
Run: 02, Epoch: 10, Loss: 0.5960
Run: 02, Epoch: 10, Train: 85.15%, Valid: 91.10% Test: 78.35%
Run: 02, Epoch: 11, Loss: 0.5888
Run: 02, Epoch: 12, Loss: 0.5881
Run: 02, Epoch: 12, Train: 85.51%, Valid: 91.26% Test: 77.73%
Run: 02, Epoch: 13, Loss: 0.5788
Run: 02, Epoch: 14, Loss: 0.5815
Run: 02, Epoch: 14, Train: 85.47%, Valid: 91.28% Test: 77.90%
Run: 02, Epoch: 15, Loss: 0.5786
Run: 02, Epoch: 16, Loss: 0.5717
Run: 02, Epoch: 16, Train: 85.83%, Valid: 91.31% Test: 78.47%
Run: 02, Epoch: 17, Loss: 0.5711
Run: 02, Epoch: 18, Loss: 0.5624
Run: 02, Epoch: 18, Train: 86.43%, Valid: 91.31% Test: 77.73%
Run: 02, Epoch: 19, Loss: 0.5551
Run: 02, Epoch: 20, Loss: 0.5570
Run: 02, Epoch: 20, Train: 86.14%, Valid: 91.48% Test: 78.45%
Run 02:
Highest Train: 86.43
Highest Valid: 91.48
  Final Train: 86.14
   Final Test: 78.45
Run: 03, Epoch: 01, Loss: 1.7288
Run: 03, Epoch: 02, Loss: 0.8558
Run: 03, Epoch: 03, Loss: 0.7515
Run: 03, Epoch: 04, Loss: 0.7042
Run: 03, Epoch: 05, Loss: 0.6684
Run: 03, Epoch: 06, Loss: 0.6505
Run: 03, Epoch: 07, Loss: 0.6317
Run: 03, Epoch: 08, Loss: 0.6203
Run: 03, Epoch: 09, Loss: 0.6109
Run: 03, Epoch: 10, Loss: 0.5965
Run: 03, Epoch: 10, Train: 84.64%, Valid: 90.65% Test: 77.58%
Run: 03, Epoch: 11, Loss: 0.5968
Run: 03, Epoch: 12, Loss: 0.5897
Run: 03, Epoch: 12, Train: 85.55%, Valid: 91.12% Test: 77.96%
Run: 03, Epoch: 13, Loss: 0.5817
Run: 03, Epoch: 14, Loss: 0.5779
Run: 03, Epoch: 14, Train: 85.53%, Valid: 91.01% Test: 78.52%
Run: 03, Epoch: 15, Loss: 0.5781
Run: 03, Epoch: 16, Loss: 0.5836
Run: 03, Epoch: 16, Train: 85.78%, Valid: 91.06% Test: 78.34%
Run: 03, Epoch: 17, Loss: 0.5718
Run: 03, Epoch: 18, Loss: 0.5743
Run: 03, Epoch: 18, Train: 85.97%, Valid: 91.09% Test: 78.78%
Run: 03, Epoch: 19, Loss: 0.5696
Run: 03, Epoch: 20, Loss: 0.5665
Run: 03, Epoch: 20, Train: 85.89%, Valid: 91.19% Test: 77.67%
Run 03:
Highest Train: 85.97
Highest Valid: 91.19
  Final Train: 85.89
   Final Test: 77.67
Run: 04, Epoch: 01, Loss: 1.6675
Run: 04, Epoch: 02, Loss: 0.8480
Run: 04, Epoch: 03, Loss: 0.7374
Run: 04, Epoch: 04, Loss: 0.6916
Run: 04, Epoch: 05, Loss: 0.6644
Run: 04, Epoch: 06, Loss: 0.6500
Run: 04, Epoch: 07, Loss: 0.6351
Run: 04, Epoch: 08, Loss: 0.6154
Run: 04, Epoch: 09, Loss: 0.6079
Run: 04, Epoch: 10, Loss: 0.5979
Run: 04, Epoch: 10, Train: 85.23%, Valid: 91.08% Test: 78.80%
Run: 04, Epoch: 11, Loss: 0.5919
Run: 04, Epoch: 12, Loss: 0.5814
Run: 04, Epoch: 12, Train: 85.37%, Valid: 91.14% Test: 78.00%
Run: 04, Epoch: 13, Loss: 0.5803
Run: 04, Epoch: 14, Loss: 0.5703
Run: 04, Epoch: 14, Train: 85.81%, Valid: 91.21% Test: 77.83%
Run: 04, Epoch: 15, Loss: 0.5799
Run: 04, Epoch: 16, Loss: 0.5774
Run: 04, Epoch: 16, Train: 85.78%, Valid: 91.12% Test: 78.29%
Run: 04, Epoch: 17, Loss: 0.5719
Run: 04, Epoch: 18, Loss: 0.5714
Run: 04, Epoch: 18, Train: 86.07%, Valid: 91.41% Test: 77.73%
Run: 04, Epoch: 19, Loss: 0.5631
Run: 04, Epoch: 20, Loss: 0.5539
Run: 04, Epoch: 20, Train: 86.26%, Valid: 91.59% Test: 78.60%
Run 04:
Highest Train: 86.26
Highest Valid: 91.59
  Final Train: 86.26
   Final Test: 78.60
Run: 05, Epoch: 01, Loss: 1.5632
Run: 05, Epoch: 02, Loss: 0.8242
Run: 05, Epoch: 03, Loss: 0.7300
Run: 05, Epoch: 04, Loss: 0.6803
Run: 05, Epoch: 05, Loss: 0.6560
Run: 05, Epoch: 06, Loss: 0.6323
Run: 05, Epoch: 07, Loss: 0.6213
Run: 05, Epoch: 08, Loss: 0.6065
Run: 05, Epoch: 09, Loss: 0.5972
Run: 05, Epoch: 10, Loss: 0.5931
Run: 05, Epoch: 10, Train: 85.22%, Valid: 90.94% Test: 77.67%
Run: 05, Epoch: 11, Loss: 0.5881
Run: 05, Epoch: 12, Loss: 0.5831
Run: 05, Epoch: 12, Train: 85.54%, Valid: 91.01% Test: 77.92%
Run: 05, Epoch: 13, Loss: 0.5765
Run: 05, Epoch: 14, Loss: 0.5746
Run: 05, Epoch: 14, Train: 85.89%, Valid: 91.25% Test: 78.10%
Run: 05, Epoch: 15, Loss: 0.5661
Run: 05, Epoch: 16, Loss: 0.5617
Run: 05, Epoch: 16, Train: 86.10%, Valid: 91.38% Test: 78.45%
Run: 05, Epoch: 17, Loss: 0.5554
Run: 05, Epoch: 18, Loss: 0.5544
Run: 05, Epoch: 18, Train: 86.29%, Valid: 91.29% Test: 77.91%
Run: 05, Epoch: 19, Loss: 0.5514
Run: 05, Epoch: 20, Loss: 0.5560
Run: 05, Epoch: 20, Train: 86.52%, Valid: 91.22% Test: 78.30%
Run 05:
Highest Train: 86.52
Highest Valid: 91.38
  Final Train: 86.10
   Final Test: 78.45
Run: 06, Epoch: 01, Loss: 1.5887
Run: 06, Epoch: 02, Loss: 0.8229
Run: 06, Epoch: 03, Loss: 0.7345
Run: 06, Epoch: 04, Loss: 0.6759
Run: 06, Epoch: 05, Loss: 0.6569
Run: 06, Epoch: 06, Loss: 0.6440
Run: 06, Epoch: 07, Loss: 0.6242
Run: 06, Epoch: 08, Loss: 0.6083
Run: 06, Epoch: 09, Loss: 0.5951
Run: 06, Epoch: 10, Loss: 0.5981
Run: 06, Epoch: 10, Train: 85.37%, Valid: 91.04% Test: 78.70%
Run: 06, Epoch: 11, Loss: 0.5847
Run: 06, Epoch: 12, Loss: 0.5819
Run: 06, Epoch: 12, Train: 85.69%, Valid: 90.95% Test: 77.82%
Run: 06, Epoch: 13, Loss: 0.5766
Run: 06, Epoch: 14, Loss: 0.5754
Run: 06, Epoch: 14, Train: 85.45%, Valid: 90.90% Test: 78.37%
Run: 06, Epoch: 15, Loss: 0.5716
Run: 06, Epoch: 16, Loss: 0.5716
Run: 06, Epoch: 16, Train: 85.88%, Valid: 91.18% Test: 78.17%
Run: 06, Epoch: 17, Loss: 0.5722
Run: 06, Epoch: 18, Loss: 0.5651
Run: 06, Epoch: 18, Train: 86.12%, Valid: 91.06% Test: 78.17%
Run: 06, Epoch: 19, Loss: 0.5597
Run: 06, Epoch: 20, Loss: 0.5610
Run: 06, Epoch: 20, Train: 86.48%, Valid: 91.19% Test: 78.61%
Run 06:
Highest Train: 86.48
Highest Valid: 91.19
  Final Train: 86.48
   Final Test: 78.61
Run: 07, Epoch: 01, Loss: 1.7069
Run: 07, Epoch: 02, Loss: 0.8570
Run: 07, Epoch: 03, Loss: 0.7630
Run: 07, Epoch: 04, Loss: 0.7008
Run: 07, Epoch: 05, Loss: 0.6739
Run: 07, Epoch: 06, Loss: 0.6489
Run: 07, Epoch: 07, Loss: 0.6310
Run: 07, Epoch: 08, Loss: 0.6167
Run: 07, Epoch: 09, Loss: 0.6101
Run: 07, Epoch: 10, Loss: 0.6117
Run: 07, Epoch: 10, Train: 84.87%, Valid: 90.91% Test: 78.05%
Run: 07, Epoch: 11, Loss: 0.6003
Run: 07, Epoch: 12, Loss: 0.5909
Run: 07, Epoch: 12, Train: 85.04%, Valid: 90.89% Test: 77.88%
Run: 07, Epoch: 13, Loss: 0.5805
Run: 07, Epoch: 14, Loss: 0.5758
Run: 07, Epoch: 14, Train: 85.73%, Valid: 90.99% Test: 78.63%
Run: 07, Epoch: 15, Loss: 0.5793
Run: 07, Epoch: 16, Loss: 0.5820
Run: 07, Epoch: 16, Train: 85.79%, Valid: 90.95% Test: 78.02%
Run: 07, Epoch: 17, Loss: 0.5717
Run: 07, Epoch: 18, Loss: 0.5732
Run: 07, Epoch: 18, Train: 85.83%, Valid: 91.27% Test: 78.44%
Run: 07, Epoch: 19, Loss: 0.5679
Run: 07, Epoch: 20, Loss: 0.5639
Run: 07, Epoch: 20, Train: 86.28%, Valid: 91.17% Test: 78.58%
Run 07:
Highest Train: 86.28
Highest Valid: 91.27
  Final Train: 85.83
   Final Test: 78.44
Run: 08, Epoch: 01, Loss: 1.4961
Run: 08, Epoch: 02, Loss: 0.8214
Run: 08, Epoch: 03, Loss: 0.7247
Run: 08, Epoch: 04, Loss: 0.6789
Run: 08, Epoch: 05, Loss: 0.6515
Run: 08, Epoch: 06, Loss: 0.6336
Run: 08, Epoch: 07, Loss: 0.6120
Run: 08, Epoch: 08, Loss: 0.6089
Run: 08, Epoch: 09, Loss: 0.6015
Run: 08, Epoch: 10, Loss: 0.5914
Run: 08, Epoch: 10, Train: 85.23%, Valid: 91.19% Test: 77.59%
Run: 08, Epoch: 11, Loss: 0.5870
Run: 08, Epoch: 12, Loss: 0.5740
Run: 08, Epoch: 12, Train: 85.69%, Valid: 91.24% Test: 78.41%
Run: 08, Epoch: 13, Loss: 0.5694
Run: 08, Epoch: 14, Loss: 0.5650
Run: 08, Epoch: 14, Train: 86.03%, Valid: 91.50% Test: 78.36%
Run: 08, Epoch: 15, Loss: 0.5593
Run: 08, Epoch: 16, Loss: 0.5663
Run: 08, Epoch: 16, Train: 86.31%, Valid: 91.43% Test: 78.37%
Run: 08, Epoch: 17, Loss: 0.5623
Run: 08, Epoch: 18, Loss: 0.5641
Run: 08, Epoch: 18, Train: 86.34%, Valid: 91.29% Test: 78.20%
Run: 08, Epoch: 19, Loss: 0.5486
Run: 08, Epoch: 20, Loss: 0.5518
Run: 08, Epoch: 20, Train: 86.21%, Valid: 91.38% Test: 78.58%
Run 08:
Highest Train: 86.34
Highest Valid: 91.50
  Final Train: 86.03
   Final Test: 78.36
Run: 09, Epoch: 01, Loss: 1.5454
Run: 09, Epoch: 02, Loss: 0.8144
Run: 09, Epoch: 03, Loss: 0.7240
Run: 09, Epoch: 04, Loss: 0.6813
Run: 09, Epoch: 05, Loss: 0.6545
Run: 09, Epoch: 06, Loss: 0.6266
Run: 09, Epoch: 07, Loss: 0.6170
Run: 09, Epoch: 08, Loss: 0.6074
Run: 09, Epoch: 09, Loss: 0.5989
Run: 09, Epoch: 10, Loss: 0.5898
Run: 09, Epoch: 10, Train: 85.02%, Valid: 90.90% Test: 77.75%
Run: 09, Epoch: 11, Loss: 0.5819
Run: 09, Epoch: 12, Loss: 0.5745
Run: 09, Epoch: 12, Train: 85.55%, Valid: 91.01% Test: 78.08%
Run: 09, Epoch: 13, Loss: 0.5774
Run: 09, Epoch: 14, Loss: 0.5735
Run: 09, Epoch: 14, Train: 86.01%, Valid: 91.22% Test: 77.89%
Run: 09, Epoch: 15, Loss: 0.5680
Run: 09, Epoch: 16, Loss: 0.5616
Run: 09, Epoch: 16, Train: 86.11%, Valid: 91.19% Test: 78.93%
Run: 09, Epoch: 17, Loss: 0.5478
Run: 09, Epoch: 18, Loss: 0.5525
Run: 09, Epoch: 18, Train: 86.44%, Valid: 91.36% Test: 78.27%
Run: 09, Epoch: 19, Loss: 0.5507
Run: 09, Epoch: 20, Loss: 0.5541
Run: 09, Epoch: 20, Train: 86.56%, Valid: 91.18% Test: 78.30%
Run 09:
Highest Train: 86.56
Highest Valid: 91.36
  Final Train: 86.44
   Final Test: 78.27
Run: 10, Epoch: 01, Loss: 1.6140
Run: 10, Epoch: 02, Loss: 0.8371
Run: 10, Epoch: 03, Loss: 0.7348
Run: 10, Epoch: 04, Loss: 0.6900
Run: 10, Epoch: 05, Loss: 0.6656
Run: 10, Epoch: 06, Loss: 0.6460
Run: 10, Epoch: 07, Loss: 0.6224
Run: 10, Epoch: 08, Loss: 0.6151
Run: 10, Epoch: 09, Loss: 0.6101
Run: 10, Epoch: 10, Loss: 0.6009
Run: 10, Epoch: 10, Train: 85.37%, Valid: 90.84% Test: 77.47%
Run: 10, Epoch: 11, Loss: 0.5901
Run: 10, Epoch: 12, Loss: 0.5805
Run: 10, Epoch: 12, Train: 85.41%, Valid: 91.03% Test: 78.57%
Run: 10, Epoch: 13, Loss: 0.5810
Run: 10, Epoch: 14, Loss: 0.5689
Run: 10, Epoch: 14, Train: 85.75%, Valid: 91.08% Test: 78.65%
Run: 10, Epoch: 15, Loss: 0.5790
Run: 10, Epoch: 16, Loss: 0.5696
Run: 10, Epoch: 16, Train: 85.88%, Valid: 91.32% Test: 78.15%
Run: 10, Epoch: 17, Loss: 0.5711
Run: 10, Epoch: 18, Loss: 0.5697
Run: 10, Epoch: 18, Train: 86.08%, Valid: 91.28% Test: 78.63%
Run: 10, Epoch: 19, Loss: 0.5636
Run: 10, Epoch: 20, Loss: 0.5641
Run: 10, Epoch: 20, Train: 86.38%, Valid: 91.41% Test: 77.99%
Run 10:
Highest Train: 86.38
Highest Valid: 91.41
  Final Train: 86.38
   Final Test: 77.99
All runs:
Highest Train: 86.34 ± 0.18
Highest Valid: 91.37 ± 0.13
  Final Train: 86.11 ± 0.30
   Final Test: 78.28 ± 0.30
