Namespace(device=0, log_steps=1, inductive=False, num_layers=3, hidden_channels=256, dropout=0.5, batch_size=20000, walk_length=3, lr=0.01, num_steps=30, epochs=20, eval_steps=2, runs=10, rsv=0.3, al='mem', alpha=0.3)
tensor([189285, 147936, 100314,  ...,  83135,  38359,  54055]) 58985
tensor([222340, 232877, 217134,  ..., 213931, 229892, 206464]) 11796
Run: 01, Epoch: 01, Loss: 1.9560
Run: 01, Epoch: 02, Loss: 1.1787
Run: 01, Epoch: 03, Loss: 1.0376
Run: 01, Epoch: 04, Loss: 0.9810
Run: 01, Epoch: 05, Loss: 0.9413
Run: 01, Epoch: 06, Loss: 0.9193
Run: 01, Epoch: 07, Loss: 0.8921
Run: 01, Epoch: 08, Loss: 0.8793
Run: 01, Epoch: 09, Loss: 0.8651
Run: 01, Epoch: 10, Loss: 0.8624
Run: 01, Epoch: 10, Train: 77.49%, Valid: 91.17% Test: 77.74%
Run: 01, Epoch: 11, Loss: 0.8525
Run: 01, Epoch: 12, Loss: 0.8399
Run: 01, Epoch: 12, Train: 78.09%, Valid: 90.85% Test: 77.77%
Run: 01, Epoch: 13, Loss: 0.8390
Run: 01, Epoch: 14, Loss: 0.8323
Run: 01, Epoch: 14, Train: 78.50%, Valid: 91.48% Test: 78.78%
Run: 01, Epoch: 15, Loss: 0.8195
Run: 01, Epoch: 16, Loss: 0.8234
Run: 01, Epoch: 16, Train: 78.64%, Valid: 91.12% Test: 78.12%
Run: 01, Epoch: 17, Loss: 0.8166
Run: 01, Epoch: 18, Loss: 0.8212
Run: 01, Epoch: 18, Train: 79.00%, Valid: 91.50% Test: 77.70%
Run: 01, Epoch: 19, Loss: 0.8090
Run: 01, Epoch: 20, Loss: 0.8106
Run: 01, Epoch: 20, Train: 79.30%, Valid: 90.84% Test: 77.61%
Run 01:
Highest Train: 79.30
Highest Valid: 91.50
  Final Train: 79.00
   Final Test: 77.70
Run: 02, Epoch: 01, Loss: 1.8604
Run: 02, Epoch: 02, Loss: 1.1479
Run: 02, Epoch: 03, Loss: 1.0326
Run: 02, Epoch: 04, Loss: 0.9792
Run: 02, Epoch: 05, Loss: 0.9393
Run: 02, Epoch: 06, Loss: 0.9105
Run: 02, Epoch: 07, Loss: 0.8900
Run: 02, Epoch: 08, Loss: 0.8768
Run: 02, Epoch: 09, Loss: 0.8752
Run: 02, Epoch: 10, Loss: 0.8655
Run: 02, Epoch: 10, Train: 77.45%, Valid: 91.27% Test: 78.51%
Run: 02, Epoch: 11, Loss: 0.8589
Run: 02, Epoch: 12, Loss: 0.8602
Run: 02, Epoch: 12, Train: 77.82%, Valid: 90.99% Test: 77.47%
Run: 02, Epoch: 13, Loss: 0.8476
Run: 02, Epoch: 14, Loss: 0.8453
Run: 02, Epoch: 14, Train: 77.98%, Valid: 91.58% Test: 77.89%
Run: 02, Epoch: 15, Loss: 0.8315
Run: 02, Epoch: 16, Loss: 0.8250
Run: 02, Epoch: 16, Train: 78.73%, Valid: 91.36% Test: 77.91%
Run: 02, Epoch: 17, Loss: 0.8167
Run: 02, Epoch: 18, Loss: 0.8158
Run: 02, Epoch: 18, Train: 79.25%, Valid: 90.99% Test: 77.49%
Run: 02, Epoch: 19, Loss: 0.8095
Run: 02, Epoch: 20, Loss: 0.8123
Run: 02, Epoch: 20, Train: 78.92%, Valid: 91.33% Test: 78.03%
Run 02:
Highest Train: 79.25
Highest Valid: 91.58
  Final Train: 77.98
   Final Test: 77.89
Run: 03, Epoch: 01, Loss: 1.8933
Run: 03, Epoch: 02, Loss: 1.1539
Run: 03, Epoch: 03, Loss: 1.0343
Run: 03, Epoch: 04, Loss: 0.9764
Run: 03, Epoch: 05, Loss: 0.9401
Run: 03, Epoch: 06, Loss: 0.9211
Run: 03, Epoch: 07, Loss: 0.8946
Run: 03, Epoch: 08, Loss: 0.8872
Run: 03, Epoch: 09, Loss: 0.8730
Run: 03, Epoch: 10, Loss: 0.8656
Run: 03, Epoch: 10, Train: 77.27%, Valid: 90.74% Test: 77.52%
Run: 03, Epoch: 11, Loss: 0.8621
Run: 03, Epoch: 12, Loss: 0.8520
Run: 03, Epoch: 12, Train: 77.73%, Valid: 90.76% Test: 77.13%
Run: 03, Epoch: 13, Loss: 0.8425
Run: 03, Epoch: 14, Loss: 0.8477
Run: 03, Epoch: 14, Train: 78.47%, Valid: 91.20% Test: 78.30%
Run: 03, Epoch: 15, Loss: 0.8368
Run: 03, Epoch: 16, Loss: 0.8297
Run: 03, Epoch: 16, Train: 78.73%, Valid: 91.31% Test: 77.21%
Run: 03, Epoch: 17, Loss: 0.8206
Run: 03, Epoch: 18, Loss: 0.8218
Run: 03, Epoch: 18, Train: 78.61%, Valid: 91.12% Test: 77.95%
Run: 03, Epoch: 19, Loss: 0.8179
Run: 03, Epoch: 20, Loss: 0.8116
Run: 03, Epoch: 20, Train: 79.03%, Valid: 91.32% Test: 78.05%
Run 03:
Highest Train: 79.03
Highest Valid: 91.32
  Final Train: 79.03
   Final Test: 78.05
Run: 04, Epoch: 01, Loss: 1.9519
Run: 04, Epoch: 02, Loss: 1.1677
Run: 04, Epoch: 03, Loss: 1.0345
Run: 04, Epoch: 04, Loss: 0.9798
Run: 04, Epoch: 05, Loss: 0.9430
Run: 04, Epoch: 06, Loss: 0.9263
Run: 04, Epoch: 07, Loss: 0.9050
Run: 04, Epoch: 08, Loss: 0.8935
Run: 04, Epoch: 09, Loss: 0.8786
Run: 04, Epoch: 10, Loss: 0.8677
Run: 04, Epoch: 10, Train: 77.35%, Valid: 91.13% Test: 77.97%
Run: 04, Epoch: 11, Loss: 0.8551
Run: 04, Epoch: 12, Loss: 0.8525
Run: 04, Epoch: 12, Train: 78.04%, Valid: 91.01% Test: 77.60%
Run: 04, Epoch: 13, Loss: 0.8466
Run: 04, Epoch: 14, Loss: 0.8385
Run: 04, Epoch: 14, Train: 77.81%, Valid: 90.56% Test: 76.11%
Run: 04, Epoch: 15, Loss: 0.8398
Run: 04, Epoch: 16, Loss: 0.8395
Run: 04, Epoch: 16, Train: 78.68%, Valid: 91.22% Test: 77.30%
Run: 04, Epoch: 17, Loss: 0.8308
Run: 04, Epoch: 18, Loss: 0.8274
Run: 04, Epoch: 18, Train: 79.13%, Valid: 91.45% Test: 77.54%
Run: 04, Epoch: 19, Loss: 0.8126
Run: 04, Epoch: 20, Loss: 0.8120
Run: 04, Epoch: 20, Train: 78.97%, Valid: 91.41% Test: 78.39%
Run 04:
Highest Train: 79.13
Highest Valid: 91.45
  Final Train: 79.13
   Final Test: 77.54
Run: 05, Epoch: 01, Loss: 1.8567
Run: 05, Epoch: 02, Loss: 1.1589
Run: 05, Epoch: 03, Loss: 1.0310
Run: 05, Epoch: 04, Loss: 0.9734
Run: 05, Epoch: 05, Loss: 0.9418
Run: 05, Epoch: 06, Loss: 0.9157
Run: 05, Epoch: 07, Loss: 0.9054
Run: 05, Epoch: 08, Loss: 0.8827
Run: 05, Epoch: 09, Loss: 0.8747
Run: 05, Epoch: 10, Loss: 0.8630
Run: 05, Epoch: 10, Train: 77.39%, Valid: 90.80% Test: 77.81%
Run: 05, Epoch: 11, Loss: 0.8518
Run: 05, Epoch: 12, Loss: 0.8420
Run: 05, Epoch: 12, Train: 77.82%, Valid: 90.63% Test: 77.19%
Run: 05, Epoch: 13, Loss: 0.8446
Run: 05, Epoch: 14, Loss: 0.8332
Run: 05, Epoch: 14, Train: 78.39%, Valid: 90.70% Test: 77.29%
Run: 05, Epoch: 15, Loss: 0.8277
Run: 05, Epoch: 16, Loss: 0.8216
Run: 05, Epoch: 16, Train: 78.35%, Valid: 91.34% Test: 78.21%
Run: 05, Epoch: 17, Loss: 0.8170
Run: 05, Epoch: 18, Loss: 0.8133
Run: 05, Epoch: 18, Train: 78.44%, Valid: 91.01% Test: 78.08%
Run: 05, Epoch: 19, Loss: 0.8085
Run: 05, Epoch: 20, Loss: 0.8144
Run: 05, Epoch: 20, Train: 79.29%, Valid: 91.10% Test: 78.09%
Run 05:
Highest Train: 79.29
Highest Valid: 91.34
  Final Train: 78.35
   Final Test: 78.21
Run: 06, Epoch: 01, Loss: 1.9027
Run: 06, Epoch: 02, Loss: 1.1537
Run: 06, Epoch: 03, Loss: 1.0385
Run: 06, Epoch: 04, Loss: 0.9740
Run: 06, Epoch: 05, Loss: 0.9440
Run: 06, Epoch: 06, Loss: 0.9197
Run: 06, Epoch: 07, Loss: 0.9017
Run: 06, Epoch: 08, Loss: 0.8884
Run: 06, Epoch: 09, Loss: 0.8709
Run: 06, Epoch: 10, Loss: 0.8649
Run: 06, Epoch: 10, Train: 77.51%, Valid: 91.16% Test: 77.65%
Run: 06, Epoch: 11, Loss: 0.8612
Run: 06, Epoch: 12, Loss: 0.8512
Run: 06, Epoch: 12, Train: 77.99%, Valid: 91.04% Test: 77.50%
Run: 06, Epoch: 13, Loss: 0.8417
Run: 06, Epoch: 14, Loss: 0.8330
Run: 06, Epoch: 14, Train: 78.31%, Valid: 91.22% Test: 77.46%
Run: 06, Epoch: 15, Loss: 0.8313
Run: 06, Epoch: 16, Loss: 0.8263
Run: 06, Epoch: 16, Train: 78.49%, Valid: 91.56% Test: 78.45%
Run: 06, Epoch: 17, Loss: 0.8286
Run: 06, Epoch: 18, Loss: 0.8187
Run: 06, Epoch: 18, Train: 78.98%, Valid: 91.20% Test: 78.00%
Run: 06, Epoch: 19, Loss: 0.8127
Run: 06, Epoch: 20, Loss: 0.8147
Run: 06, Epoch: 20, Train: 78.89%, Valid: 91.17% Test: 77.33%
Run 06:
Highest Train: 78.98
Highest Valid: 91.56
  Final Train: 78.49
   Final Test: 78.45
Run: 07, Epoch: 01, Loss: 1.8362
Run: 07, Epoch: 02, Loss: 1.1456
Run: 07, Epoch: 03, Loss: 1.0364
Run: 07, Epoch: 04, Loss: 0.9697
Run: 07, Epoch: 05, Loss: 0.9380
Run: 07, Epoch: 06, Loss: 0.9131
Run: 07, Epoch: 07, Loss: 0.8889
Run: 07, Epoch: 08, Loss: 0.8741
Run: 07, Epoch: 09, Loss: 0.8608
Run: 07, Epoch: 10, Loss: 0.8594
Run: 07, Epoch: 10, Train: 77.89%, Valid: 90.40% Test: 76.77%
Run: 07, Epoch: 11, Loss: 0.8502
Run: 07, Epoch: 12, Loss: 0.8409
Run: 07, Epoch: 12, Train: 77.79%, Valid: 90.21% Test: 76.61%
Run: 07, Epoch: 13, Loss: 0.8355
Run: 07, Epoch: 14, Loss: 0.8375
Run: 07, Epoch: 14, Train: 78.59%, Valid: 91.10% Test: 77.58%
Run: 07, Epoch: 15, Loss: 0.8328
Run: 07, Epoch: 16, Loss: 0.8292
Run: 07, Epoch: 16, Train: 79.12%, Valid: 91.34% Test: 77.99%
Run: 07, Epoch: 17, Loss: 0.8169
Run: 07, Epoch: 18, Loss: 0.8162
Run: 07, Epoch: 18, Train: 79.06%, Valid: 91.40% Test: 77.48%
Run: 07, Epoch: 19, Loss: 0.8186
Run: 07, Epoch: 20, Loss: 0.8087
Run: 07, Epoch: 20, Train: 79.27%, Valid: 91.41% Test: 78.18%
Run 07:
Highest Train: 79.27
Highest Valid: 91.41
  Final Train: 79.27
   Final Test: 78.18
Run: 08, Epoch: 01, Loss: 1.8929
Run: 08, Epoch: 02, Loss: 1.1577
Run: 08, Epoch: 03, Loss: 1.0329
Run: 08, Epoch: 04, Loss: 0.9745
Run: 08, Epoch: 05, Loss: 0.9336
Run: 08, Epoch: 06, Loss: 0.9183
Run: 08, Epoch: 07, Loss: 0.8848
Run: 08, Epoch: 08, Loss: 0.8842
Run: 08, Epoch: 09, Loss: 0.8803
Run: 08, Epoch: 10, Loss: 0.8717
Run: 08, Epoch: 10, Train: 78.00%, Valid: 91.43% Test: 78.20%
Run: 08, Epoch: 11, Loss: 0.8512
Run: 08, Epoch: 12, Loss: 0.8477
Run: 08, Epoch: 12, Train: 77.71%, Valid: 91.24% Test: 77.95%
Run: 08, Epoch: 13, Loss: 0.8356
Run: 08, Epoch: 14, Loss: 0.8337
Run: 08, Epoch: 14, Train: 78.57%, Valid: 90.17% Test: 76.01%
Run: 08, Epoch: 15, Loss: 0.8243
Run: 08, Epoch: 16, Loss: 0.8278
Run: 08, Epoch: 16, Train: 78.76%, Valid: 91.28% Test: 77.54%
Run: 08, Epoch: 17, Loss: 0.8240
Run: 08, Epoch: 18, Loss: 0.8263
Run: 08, Epoch: 18, Train: 78.76%, Valid: 91.10% Test: 77.09%
Run: 08, Epoch: 19, Loss: 0.8100
Run: 08, Epoch: 20, Loss: 0.8186
Run: 08, Epoch: 20, Train: 79.05%, Valid: 91.24% Test: 77.89%
Run 08:
Highest Train: 79.05
Highest Valid: 91.43
  Final Train: 78.00
   Final Test: 78.20
Run: 09, Epoch: 01, Loss: 1.9239
Run: 09, Epoch: 02, Loss: 1.1547
Run: 09, Epoch: 03, Loss: 1.0278
Run: 09, Epoch: 04, Loss: 0.9706
Run: 09, Epoch: 05, Loss: 0.9398
Run: 09, Epoch: 06, Loss: 0.9103
Run: 09, Epoch: 07, Loss: 0.8944
Run: 09, Epoch: 08, Loss: 0.8881
Run: 09, Epoch: 09, Loss: 0.8730
Run: 09, Epoch: 10, Loss: 0.8595
Run: 09, Epoch: 10, Train: 77.33%, Valid: 90.62% Test: 77.15%
Run: 09, Epoch: 11, Loss: 0.8570
Run: 09, Epoch: 12, Loss: 0.8377
Run: 09, Epoch: 12, Train: 77.72%, Valid: 91.12% Test: 77.93%
Run: 09, Epoch: 13, Loss: 0.8460
Run: 09, Epoch: 14, Loss: 0.8478
Run: 09, Epoch: 14, Train: 78.22%, Valid: 91.05% Test: 77.10%
Run: 09, Epoch: 15, Loss: 0.8294
Run: 09, Epoch: 16, Loss: 0.8193
Run: 09, Epoch: 16, Train: 78.96%, Valid: 90.94% Test: 78.06%
Run: 09, Epoch: 17, Loss: 0.8115
Run: 09, Epoch: 18, Loss: 0.8070
Run: 09, Epoch: 18, Train: 79.23%, Valid: 91.40% Test: 77.47%
Run: 09, Epoch: 19, Loss: 0.8070
Run: 09, Epoch: 20, Loss: 0.8001
Run: 09, Epoch: 20, Train: 79.77%, Valid: 91.08% Test: 77.61%
Run 09:
Highest Train: 79.77
Highest Valid: 91.40
  Final Train: 79.23
   Final Test: 77.47
Run: 10, Epoch: 01, Loss: 1.8626
Run: 10, Epoch: 02, Loss: 1.1522
Run: 10, Epoch: 03, Loss: 1.0338
Run: 10, Epoch: 04, Loss: 0.9729
Run: 10, Epoch: 05, Loss: 0.9396
Run: 10, Epoch: 06, Loss: 0.9123
Run: 10, Epoch: 07, Loss: 0.8849
Run: 10, Epoch: 08, Loss: 0.8863
Run: 10, Epoch: 09, Loss: 0.8644
Run: 10, Epoch: 10, Loss: 0.8534
Run: 10, Epoch: 10, Train: 77.98%, Valid: 91.01% Test: 77.34%
Run: 10, Epoch: 11, Loss: 0.8410
Run: 10, Epoch: 12, Loss: 0.8371
Run: 10, Epoch: 12, Train: 78.35%, Valid: 91.08% Test: 77.79%
Run: 10, Epoch: 13, Loss: 0.8403
Run: 10, Epoch: 14, Loss: 0.8366
Run: 10, Epoch: 14, Train: 78.35%, Valid: 91.34% Test: 78.43%
Run: 10, Epoch: 15, Loss: 0.8311
Run: 10, Epoch: 16, Loss: 0.8252
Run: 10, Epoch: 16, Train: 78.63%, Valid: 91.65% Test: 78.06%
Run: 10, Epoch: 17, Loss: 0.8188
Run: 10, Epoch: 18, Loss: 0.8220
Run: 10, Epoch: 18, Train: 78.69%, Valid: 91.28% Test: 77.50%
Run: 10, Epoch: 19, Loss: 0.8133
Run: 10, Epoch: 20, Loss: 0.8186
Run: 10, Epoch: 20, Train: 79.05%, Valid: 91.43% Test: 77.83%
Run 10:
Highest Train: 79.05
Highest Valid: 91.65
  Final Train: 78.63
   Final Test: 78.06
All runs:
Highest Train: 79.21 ± 0.23
Highest Valid: 91.46 ± 0.11
  Final Train: 78.71 ± 0.49
   Final Test: 77.97 ± 0.32
