Namespace(device=0, log_steps=1, inductive=False, num_layers=3, hidden_channels=256, dropout=0.5, batch_size=20000, walk_length=3, lr=0.01, num_steps=30, epochs=20, eval_steps=2, runs=10, rsv=0.3, al='mem', alpha=0.4)
tensor([147936, 100314,   1272,  ...,  41373, 171631, 163024]) 58985
tensor([222340, 232877, 217134,  ..., 213931, 229892, 206464]) 11796
Run: 01, Epoch: 01, Loss: 1.7046
Run: 01, Epoch: 02, Loss: 0.9670
Run: 01, Epoch: 03, Loss: 0.8580
Run: 01, Epoch: 04, Loss: 0.8075
Run: 01, Epoch: 05, Loss: 0.7774
Run: 01, Epoch: 06, Loss: 0.7534
Run: 01, Epoch: 07, Loss: 0.7297
Run: 01, Epoch: 08, Loss: 0.7178
Run: 01, Epoch: 09, Loss: 0.7110
Run: 01, Epoch: 10, Loss: 0.7043
Run: 01, Epoch: 10, Train: 82.34%, Valid: 91.26% Test: 78.12%
Run: 01, Epoch: 11, Loss: 0.6938
Run: 01, Epoch: 12, Loss: 0.6841
Run: 01, Epoch: 12, Train: 82.78%, Valid: 91.25% Test: 78.04%
Run: 01, Epoch: 13, Loss: 0.6832
Run: 01, Epoch: 14, Loss: 0.6799
Run: 01, Epoch: 14, Train: 83.01%, Valid: 91.39% Test: 78.47%
Run: 01, Epoch: 15, Loss: 0.6718
Run: 01, Epoch: 16, Loss: 0.6727
Run: 01, Epoch: 16, Train: 83.00%, Valid: 91.45% Test: 78.73%
Run: 01, Epoch: 17, Loss: 0.6667
Run: 01, Epoch: 18, Loss: 0.6694
Run: 01, Epoch: 18, Train: 83.52%, Valid: 91.44% Test: 77.90%
Run: 01, Epoch: 19, Loss: 0.6618
Run: 01, Epoch: 20, Loss: 0.6601
Run: 01, Epoch: 20, Train: 83.71%, Valid: 91.39% Test: 78.09%
Run 01:
Highest Train: 83.71
Highest Valid: 91.45
  Final Train: 83.00
   Final Test: 78.73
Run: 02, Epoch: 01, Loss: 1.6476
Run: 02, Epoch: 02, Loss: 0.9616
Run: 02, Epoch: 03, Loss: 0.8629
Run: 02, Epoch: 04, Loss: 0.8119
Run: 02, Epoch: 05, Loss: 0.7737
Run: 02, Epoch: 06, Loss: 0.7510
Run: 02, Epoch: 07, Loss: 0.7381
Run: 02, Epoch: 08, Loss: 0.7282
Run: 02, Epoch: 09, Loss: 0.7161
Run: 02, Epoch: 10, Loss: 0.7076
Run: 02, Epoch: 10, Train: 82.45%, Valid: 91.19% Test: 78.63%
Run: 02, Epoch: 11, Loss: 0.6944
Run: 02, Epoch: 12, Loss: 0.7034
Run: 02, Epoch: 12, Train: 82.64%, Valid: 91.33% Test: 78.19%
Run: 02, Epoch: 13, Loss: 0.6893
Run: 02, Epoch: 14, Loss: 0.6820
Run: 02, Epoch: 14, Train: 83.13%, Valid: 91.55% Test: 78.49%
Run: 02, Epoch: 15, Loss: 0.6806
Run: 02, Epoch: 16, Loss: 0.6798
Run: 02, Epoch: 16, Train: 82.73%, Valid: 91.12% Test: 78.53%
Run: 02, Epoch: 17, Loss: 0.6777
Run: 02, Epoch: 18, Loss: 0.6713
Run: 02, Epoch: 18, Train: 83.42%, Valid: 91.42% Test: 78.41%
Run: 02, Epoch: 19, Loss: 0.6598
Run: 02, Epoch: 20, Loss: 0.6609
Run: 02, Epoch: 20, Train: 83.75%, Valid: 91.47% Test: 78.03%
Run 02:
Highest Train: 83.75
Highest Valid: 91.55
  Final Train: 83.13
   Final Test: 78.49
Run: 03, Epoch: 01, Loss: 1.7176
Run: 03, Epoch: 02, Loss: 0.9639
Run: 03, Epoch: 03, Loss: 0.8663
Run: 03, Epoch: 04, Loss: 0.8189
Run: 03, Epoch: 05, Loss: 0.7822
Run: 03, Epoch: 06, Loss: 0.7640
Run: 03, Epoch: 07, Loss: 0.7446
Run: 03, Epoch: 08, Loss: 0.7309
Run: 03, Epoch: 09, Loss: 0.7169
Run: 03, Epoch: 10, Loss: 0.7055
Run: 03, Epoch: 10, Train: 81.89%, Valid: 90.97% Test: 78.17%
Run: 03, Epoch: 11, Loss: 0.7030
Run: 03, Epoch: 12, Loss: 0.6973
Run: 03, Epoch: 12, Train: 82.22%, Valid: 91.12% Test: 78.22%
Run: 03, Epoch: 13, Loss: 0.6915
Run: 03, Epoch: 14, Loss: 0.6851
Run: 03, Epoch: 14, Train: 82.60%, Valid: 91.12% Test: 78.73%
Run: 03, Epoch: 15, Loss: 0.6864
Run: 03, Epoch: 16, Loss: 0.6844
Run: 03, Epoch: 16, Train: 83.05%, Valid: 91.36% Test: 77.70%
Run: 03, Epoch: 17, Loss: 0.6756
Run: 03, Epoch: 18, Loss: 0.6766
Run: 03, Epoch: 18, Train: 83.34%, Valid: 91.23% Test: 78.73%
Run: 03, Epoch: 19, Loss: 0.6715
Run: 03, Epoch: 20, Loss: 0.6681
Run: 03, Epoch: 20, Train: 83.34%, Valid: 91.54% Test: 78.02%
Run 03:
Highest Train: 83.34
Highest Valid: 91.54
  Final Train: 83.34
   Final Test: 78.02
Run: 04, Epoch: 01, Loss: 1.7629
Run: 04, Epoch: 02, Loss: 0.9803
Run: 04, Epoch: 03, Loss: 0.8596
Run: 04, Epoch: 04, Loss: 0.8106
Run: 04, Epoch: 05, Loss: 0.7806
Run: 04, Epoch: 06, Loss: 0.7673
Run: 04, Epoch: 07, Loss: 0.7448
Run: 04, Epoch: 08, Loss: 0.7273
Run: 04, Epoch: 09, Loss: 0.7172
Run: 04, Epoch: 10, Loss: 0.7062
Run: 04, Epoch: 10, Train: 82.28%, Valid: 91.02% Test: 78.92%
Run: 04, Epoch: 11, Loss: 0.6953
Run: 04, Epoch: 12, Loss: 0.6906
Run: 04, Epoch: 12, Train: 82.68%, Valid: 91.17% Test: 78.08%
Run: 04, Epoch: 13, Loss: 0.6898
Run: 04, Epoch: 14, Loss: 0.6783
Run: 04, Epoch: 14, Train: 82.95%, Valid: 91.30% Test: 77.50%
Run: 04, Epoch: 15, Loss: 0.6872
Run: 04, Epoch: 16, Loss: 0.6936
Run: 04, Epoch: 16, Train: 82.88%, Valid: 91.45% Test: 78.58%
Run: 04, Epoch: 17, Loss: 0.6819
Run: 04, Epoch: 18, Loss: 0.6745
Run: 04, Epoch: 18, Train: 83.24%, Valid: 91.34% Test: 77.93%
Run: 04, Epoch: 19, Loss: 0.6676
Run: 04, Epoch: 20, Loss: 0.6614
Run: 04, Epoch: 20, Train: 83.55%, Valid: 91.52% Test: 78.47%
Run 04:
Highest Train: 83.55
Highest Valid: 91.52
  Final Train: 83.55
   Final Test: 78.47
Run: 05, Epoch: 01, Loss: 1.6274
Run: 05, Epoch: 02, Loss: 0.9539
Run: 05, Epoch: 03, Loss: 0.8517
Run: 05, Epoch: 04, Loss: 0.7987
Run: 05, Epoch: 05, Loss: 0.7696
Run: 05, Epoch: 06, Loss: 0.7472
Run: 05, Epoch: 07, Loss: 0.7411
Run: 05, Epoch: 08, Loss: 0.7198
Run: 05, Epoch: 09, Loss: 0.7107
Run: 05, Epoch: 10, Loss: 0.7047
Run: 05, Epoch: 10, Train: 82.32%, Valid: 91.14% Test: 78.42%
Run: 05, Epoch: 11, Loss: 0.6940
Run: 05, Epoch: 12, Loss: 0.6844
Run: 05, Epoch: 12, Train: 82.77%, Valid: 91.34% Test: 78.10%
Run: 05, Epoch: 13, Loss: 0.6813
Run: 05, Epoch: 14, Loss: 0.6817
Run: 05, Epoch: 14, Train: 83.21%, Valid: 91.46% Test: 78.12%
Run: 05, Epoch: 15, Loss: 0.6743
Run: 05, Epoch: 16, Loss: 0.6670
Run: 05, Epoch: 16, Train: 82.94%, Valid: 91.51% Test: 77.70%
Run: 05, Epoch: 17, Loss: 0.6621
Run: 05, Epoch: 18, Loss: 0.6621
Run: 05, Epoch: 18, Train: 83.61%, Valid: 91.44% Test: 78.39%
Run: 05, Epoch: 19, Loss: 0.6577
Run: 05, Epoch: 20, Loss: 0.6641
Run: 05, Epoch: 20, Train: 84.13%, Valid: 91.51% Test: 78.17%
Run 05:
Highest Train: 84.13
Highest Valid: 91.51
  Final Train: 82.94
   Final Test: 77.70
Run: 06, Epoch: 01, Loss: 1.6779
Run: 06, Epoch: 02, Loss: 0.9573
Run: 06, Epoch: 03, Loss: 0.8611
Run: 06, Epoch: 04, Loss: 0.7980
Run: 06, Epoch: 05, Loss: 0.7762
Run: 06, Epoch: 06, Loss: 0.7626
Run: 06, Epoch: 07, Loss: 0.7417
Run: 06, Epoch: 08, Loss: 0.7294
Run: 06, Epoch: 09, Loss: 0.7126
Run: 06, Epoch: 10, Loss: 0.7054
Run: 06, Epoch: 10, Train: 82.33%, Valid: 91.17% Test: 78.75%
Run: 06, Epoch: 11, Loss: 0.6962
Run: 06, Epoch: 12, Loss: 0.6933
Run: 06, Epoch: 12, Train: 82.90%, Valid: 91.31% Test: 78.29%
Run: 06, Epoch: 13, Loss: 0.6837
Run: 06, Epoch: 14, Loss: 0.6762
Run: 06, Epoch: 14, Train: 83.01%, Valid: 91.26% Test: 78.26%
Run: 06, Epoch: 15, Loss: 0.6786
Run: 06, Epoch: 16, Loss: 0.6718
Run: 06, Epoch: 16, Train: 82.96%, Valid: 91.36% Test: 78.59%
Run: 06, Epoch: 17, Loss: 0.6726
Run: 06, Epoch: 18, Loss: 0.6627
Run: 06, Epoch: 18, Train: 83.44%, Valid: 91.32% Test: 78.08%
Run: 06, Epoch: 19, Loss: 0.6611
Run: 06, Epoch: 20, Loss: 0.6647
Run: 06, Epoch: 20, Train: 83.74%, Valid: 91.51% Test: 78.22%
Run 06:
Highest Train: 83.74
Highest Valid: 91.51
  Final Train: 83.74
   Final Test: 78.22
Run: 07, Epoch: 01, Loss: 1.6584
Run: 07, Epoch: 02, Loss: 0.9528
Run: 07, Epoch: 03, Loss: 0.8622
Run: 07, Epoch: 04, Loss: 0.8069
Run: 07, Epoch: 05, Loss: 0.7757
Run: 07, Epoch: 06, Loss: 0.7597
Run: 07, Epoch: 07, Loss: 0.7369
Run: 07, Epoch: 08, Loss: 0.7266
Run: 07, Epoch: 09, Loss: 0.7162
Run: 07, Epoch: 10, Loss: 0.7187
Run: 07, Epoch: 10, Train: 82.01%, Valid: 91.16% Test: 78.35%
Run: 07, Epoch: 11, Loss: 0.7016
Run: 07, Epoch: 12, Loss: 0.6913
Run: 07, Epoch: 12, Train: 82.24%, Valid: 91.20% Test: 78.27%
Run: 07, Epoch: 13, Loss: 0.6842
Run: 07, Epoch: 14, Loss: 0.6881
Run: 07, Epoch: 14, Train: 82.93%, Valid: 91.56% Test: 78.07%
Run: 07, Epoch: 15, Loss: 0.6810
Run: 07, Epoch: 16, Loss: 0.6847
Run: 07, Epoch: 16, Train: 83.35%, Valid: 91.13% Test: 78.24%
Run: 07, Epoch: 17, Loss: 0.6719
Run: 07, Epoch: 18, Loss: 0.6685
Run: 07, Epoch: 18, Train: 83.16%, Valid: 91.32% Test: 78.38%
Run: 07, Epoch: 19, Loss: 0.6683
Run: 07, Epoch: 20, Loss: 0.6612
Run: 07, Epoch: 20, Train: 83.68%, Valid: 91.41% Test: 78.40%
Run 07:
Highest Train: 83.68
Highest Valid: 91.56
  Final Train: 82.93
   Final Test: 78.07
Run: 08, Epoch: 01, Loss: 1.7020
Run: 08, Epoch: 02, Loss: 0.9699
Run: 08, Epoch: 03, Loss: 0.8532
Run: 08, Epoch: 04, Loss: 0.7997
Run: 08, Epoch: 05, Loss: 0.7738
Run: 08, Epoch: 06, Loss: 0.7496
Run: 08, Epoch: 07, Loss: 0.7250
Run: 08, Epoch: 08, Loss: 0.7280
Run: 08, Epoch: 09, Loss: 0.7179
Run: 08, Epoch: 10, Loss: 0.7071
Run: 08, Epoch: 10, Train: 82.15%, Valid: 91.39% Test: 78.13%
Run: 08, Epoch: 11, Loss: 0.7030
Run: 08, Epoch: 12, Loss: 0.6892
Run: 08, Epoch: 12, Train: 82.24%, Valid: 91.34% Test: 78.32%
Run: 08, Epoch: 13, Loss: 0.6816
Run: 08, Epoch: 14, Loss: 0.6782
Run: 08, Epoch: 14, Train: 82.78%, Valid: 91.45% Test: 78.40%
Run: 08, Epoch: 15, Loss: 0.6791
Run: 08, Epoch: 16, Loss: 0.6783
Run: 08, Epoch: 16, Train: 83.00%, Valid: 91.43% Test: 78.16%
Run: 08, Epoch: 17, Loss: 0.6696
Run: 08, Epoch: 18, Loss: 0.6815
Run: 08, Epoch: 18, Train: 83.47%, Valid: 91.51% Test: 78.37%
Run: 08, Epoch: 19, Loss: 0.6624
Run: 08, Epoch: 20, Loss: 0.6597
Run: 08, Epoch: 20, Train: 83.42%, Valid: 91.66% Test: 78.76%
Run 08:
Highest Train: 83.47
Highest Valid: 91.66
  Final Train: 83.42
   Final Test: 78.76
Run: 09, Epoch: 01, Loss: 1.7035
Run: 09, Epoch: 02, Loss: 0.9647
Run: 09, Epoch: 03, Loss: 0.8496
Run: 09, Epoch: 04, Loss: 0.8037
Run: 09, Epoch: 05, Loss: 0.7746
Run: 09, Epoch: 06, Loss: 0.7516
Run: 09, Epoch: 07, Loss: 0.7357
Run: 09, Epoch: 08, Loss: 0.7248
Run: 09, Epoch: 09, Loss: 0.7111
Run: 09, Epoch: 10, Loss: 0.7003
Run: 09, Epoch: 10, Train: 81.76%, Valid: 90.98% Test: 77.95%
Run: 09, Epoch: 11, Loss: 0.7065
Run: 09, Epoch: 12, Loss: 0.6832
Run: 09, Epoch: 12, Train: 82.73%, Valid: 91.27% Test: 77.78%
Run: 09, Epoch: 13, Loss: 0.6884
Run: 09, Epoch: 14, Loss: 0.6899
Run: 09, Epoch: 14, Train: 82.91%, Valid: 91.40% Test: 77.86%
Run: 09, Epoch: 15, Loss: 0.6860
Run: 09, Epoch: 16, Loss: 0.6824
Run: 09, Epoch: 16, Train: 83.26%, Valid: 91.46% Test: 78.35%
Run: 09, Epoch: 17, Loss: 0.6680
Run: 09, Epoch: 18, Loss: 0.6699
Run: 09, Epoch: 18, Train: 83.23%, Valid: 91.38% Test: 77.75%
Run: 09, Epoch: 19, Loss: 0.6587
Run: 09, Epoch: 20, Loss: 0.6618
Run: 09, Epoch: 20, Train: 83.74%, Valid: 91.62% Test: 78.17%
Run 09:
Highest Train: 83.74
Highest Valid: 91.62
  Final Train: 83.74
   Final Test: 78.17
Run: 10, Epoch: 01, Loss: 1.7066
Run: 10, Epoch: 02, Loss: 0.9722
Run: 10, Epoch: 03, Loss: 0.8581
Run: 10, Epoch: 04, Loss: 0.8115
Run: 10, Epoch: 05, Loss: 0.7801
Run: 10, Epoch: 06, Loss: 0.7541
Run: 10, Epoch: 07, Loss: 0.7313
Run: 10, Epoch: 08, Loss: 0.7296
Run: 10, Epoch: 09, Loss: 0.7237
Run: 10, Epoch: 10, Loss: 0.7075
Run: 10, Epoch: 10, Train: 82.40%, Valid: 91.05% Test: 77.93%
Run: 10, Epoch: 11, Loss: 0.6980
Run: 10, Epoch: 12, Loss: 0.6947
Run: 10, Epoch: 12, Train: 82.36%, Valid: 91.12% Test: 78.50%
Run: 10, Epoch: 13, Loss: 0.6909
Run: 10, Epoch: 14, Loss: 0.6835
Run: 10, Epoch: 14, Train: 82.63%, Valid: 91.45% Test: 78.25%
Run: 10, Epoch: 15, Loss: 0.6873
Run: 10, Epoch: 16, Loss: 0.6705
Run: 10, Epoch: 16, Train: 83.41%, Valid: 91.40% Test: 77.85%
Run: 10, Epoch: 17, Loss: 0.6709
Run: 10, Epoch: 18, Loss: 0.6676
Run: 10, Epoch: 18, Train: 83.55%, Valid: 91.58% Test: 78.83%
Run: 10, Epoch: 19, Loss: 0.6638
Run: 10, Epoch: 20, Loss: 0.6710
Run: 10, Epoch: 20, Train: 83.26%, Valid: 91.51% Test: 78.44%
Run 10:
Highest Train: 83.55
Highest Valid: 91.58
  Final Train: 83.55
   Final Test: 78.83
All runs:
Highest Train: 83.66 ± 0.21
Highest Valid: 91.55 ± 0.06
  Final Train: 83.33 ± 0.31
   Final Test: 78.35 ± 0.37
