Namespace(device=0, log_steps=1, inductive=False, num_layers=3, hidden_channels=256, dropout=0.5, batch_size=20000, walk_length=3, lr=0.01, num_steps=30, epochs=20, eval_steps=2, runs=10, rsv=1.0, al='mem', alpha=0.4)
tensor([189285, 147936, 100314,  ..., 123141,  63737, 157079]) 78646
tensor([222340, 232877, 217134,  ..., 200958, 222104, 232108]) 15729
Run: 01, Epoch: 01, Loss: 1.6927
Run: 01, Epoch: 02, Loss: 0.9582
Run: 01, Epoch: 03, Loss: 0.8494
Run: 01, Epoch: 04, Loss: 0.8023
Run: 01, Epoch: 05, Loss: 0.7712
Run: 01, Epoch: 06, Loss: 0.7521
Run: 01, Epoch: 07, Loss: 0.7283
Run: 01, Epoch: 08, Loss: 0.7159
Run: 01, Epoch: 09, Loss: 0.7128
Run: 01, Epoch: 10, Loss: 0.7060
Run: 01, Epoch: 10, Train: 82.23%, Valid: 91.61% Test: 79.06%
Run: 01, Epoch: 11, Loss: 0.6940
Run: 01, Epoch: 12, Loss: 0.6873
Run: 01, Epoch: 12, Train: 82.74%, Valid: 91.65% Test: 78.94%
Run: 01, Epoch: 13, Loss: 0.6868
Run: 01, Epoch: 14, Loss: 0.6878
Run: 01, Epoch: 14, Train: 82.94%, Valid: 91.65% Test: 79.41%
Run: 01, Epoch: 15, Loss: 0.6728
Run: 01, Epoch: 16, Loss: 0.6766
Run: 01, Epoch: 16, Train: 82.99%, Valid: 91.68% Test: 78.84%
Run: 01, Epoch: 17, Loss: 0.6702
Run: 01, Epoch: 18, Loss: 0.6707
Run: 01, Epoch: 18, Train: 83.49%, Valid: 91.65% Test: 78.45%
Run: 01, Epoch: 19, Loss: 0.6615
Run: 01, Epoch: 20, Loss: 0.6574
Run: 01, Epoch: 20, Train: 83.43%, Valid: 91.75% Test: 78.50%
Run 01:
Highest Train: 83.49
Highest Valid: 91.75
  Final Train: 83.43
   Final Test: 78.50
Run: 02, Epoch: 01, Loss: 1.6413
Run: 02, Epoch: 02, Loss: 0.9517
Run: 02, Epoch: 03, Loss: 0.8513
Run: 02, Epoch: 04, Loss: 0.8022
Run: 02, Epoch: 05, Loss: 0.7685
Run: 02, Epoch: 06, Loss: 0.7436
Run: 02, Epoch: 07, Loss: 0.7283
Run: 02, Epoch: 08, Loss: 0.7189
Run: 02, Epoch: 09, Loss: 0.7161
Run: 02, Epoch: 10, Loss: 0.7058
Run: 02, Epoch: 10, Train: 82.35%, Valid: 91.49% Test: 78.74%
Run: 02, Epoch: 11, Loss: 0.6941
Run: 02, Epoch: 12, Loss: 0.6957
Run: 02, Epoch: 12, Train: 82.93%, Valid: 91.54% Test: 78.99%
Run: 02, Epoch: 13, Loss: 0.6892
Run: 02, Epoch: 14, Loss: 0.6859
Run: 02, Epoch: 14, Train: 82.89%, Valid: 91.74% Test: 78.92%
Run: 02, Epoch: 15, Loss: 0.6743
Run: 02, Epoch: 16, Loss: 0.6708
Run: 02, Epoch: 16, Train: 83.44%, Valid: 91.58% Test: 78.84%
Run: 02, Epoch: 17, Loss: 0.6699
Run: 02, Epoch: 18, Loss: 0.6686
Run: 02, Epoch: 18, Train: 83.55%, Valid: 91.84% Test: 78.73%
Run: 02, Epoch: 19, Loss: 0.6598
Run: 02, Epoch: 20, Loss: 0.6606
Run: 02, Epoch: 20, Train: 83.44%, Valid: 91.70% Test: 78.75%
Run 02:
Highest Train: 83.55
Highest Valid: 91.84
  Final Train: 83.55
   Final Test: 78.73
Run: 03, Epoch: 01, Loss: 1.7093
Run: 03, Epoch: 02, Loss: 0.9623
Run: 03, Epoch: 03, Loss: 0.8590
Run: 03, Epoch: 04, Loss: 0.8103
Run: 03, Epoch: 05, Loss: 0.7755
Run: 03, Epoch: 06, Loss: 0.7582
Run: 03, Epoch: 07, Loss: 0.7378
Run: 03, Epoch: 08, Loss: 0.7280
Run: 03, Epoch: 09, Loss: 0.7170
Run: 03, Epoch: 10, Loss: 0.7025
Run: 03, Epoch: 10, Train: 81.83%, Valid: 91.30% Test: 78.35%
Run: 03, Epoch: 11, Loss: 0.7016
Run: 03, Epoch: 12, Loss: 0.6987
Run: 03, Epoch: 12, Train: 82.34%, Valid: 91.56% Test: 78.48%
Run: 03, Epoch: 13, Loss: 0.6923
Run: 03, Epoch: 14, Loss: 0.6933
Run: 03, Epoch: 14, Train: 82.42%, Valid: 91.54% Test: 78.56%
Run: 03, Epoch: 15, Loss: 0.6905
Run: 03, Epoch: 16, Loss: 0.6852
Run: 03, Epoch: 16, Train: 82.83%, Valid: 91.73% Test: 77.83%
Run: 03, Epoch: 17, Loss: 0.6760
Run: 03, Epoch: 18, Loss: 0.6780
Run: 03, Epoch: 18, Train: 83.17%, Valid: 91.65% Test: 78.75%
Run: 03, Epoch: 19, Loss: 0.6765
Run: 03, Epoch: 20, Loss: 0.6717
Run: 03, Epoch: 20, Train: 83.16%, Valid: 91.74% Test: 77.63%
Run 03:
Highest Train: 83.17
Highest Valid: 91.74
  Final Train: 83.16
   Final Test: 77.63
Run: 04, Epoch: 01, Loss: 1.7389
Run: 04, Epoch: 02, Loss: 0.9677
Run: 04, Epoch: 03, Loss: 0.8523
Run: 04, Epoch: 04, Loss: 0.8084
Run: 04, Epoch: 05, Loss: 0.7726
Run: 04, Epoch: 06, Loss: 0.7539
Run: 04, Epoch: 07, Loss: 0.7390
Run: 04, Epoch: 08, Loss: 0.7272
Run: 04, Epoch: 09, Loss: 0.7159
Run: 04, Epoch: 10, Loss: 0.7055
Run: 04, Epoch: 10, Train: 81.98%, Valid: 91.32% Test: 78.79%
Run: 04, Epoch: 11, Loss: 0.6966
Run: 04, Epoch: 12, Loss: 0.6913
Run: 04, Epoch: 12, Train: 82.68%, Valid: 91.68% Test: 78.87%
Run: 04, Epoch: 13, Loss: 0.6922
Run: 04, Epoch: 14, Loss: 0.6854
Run: 04, Epoch: 14, Train: 82.76%, Valid: 91.49% Test: 77.65%
Run: 04, Epoch: 15, Loss: 0.6856
Run: 04, Epoch: 16, Loss: 0.6887
Run: 04, Epoch: 16, Train: 83.33%, Valid: 91.80% Test: 79.05%
Run: 04, Epoch: 17, Loss: 0.6805
Run: 04, Epoch: 18, Loss: 0.6804
Run: 04, Epoch: 18, Train: 83.70%, Valid: 91.85% Test: 78.59%
Run: 04, Epoch: 19, Loss: 0.6667
Run: 04, Epoch: 20, Loss: 0.6632
Run: 04, Epoch: 20, Train: 83.60%, Valid: 91.61% Test: 79.18%
Run 04:
Highest Train: 83.70
Highest Valid: 91.85
  Final Train: 83.70
   Final Test: 78.59
Run: 05, Epoch: 01, Loss: 1.6058
Run: 05, Epoch: 02, Loss: 0.9434
Run: 05, Epoch: 03, Loss: 0.8390
Run: 05, Epoch: 04, Loss: 0.7917
Run: 05, Epoch: 05, Loss: 0.7636
Run: 05, Epoch: 06, Loss: 0.7438
Run: 05, Epoch: 07, Loss: 0.7310
Run: 05, Epoch: 08, Loss: 0.7154
Run: 05, Epoch: 09, Loss: 0.7061
Run: 05, Epoch: 10, Loss: 0.6993
Run: 05, Epoch: 10, Train: 82.28%, Valid: 91.46% Test: 78.18%
Run: 05, Epoch: 11, Loss: 0.6871
Run: 05, Epoch: 12, Loss: 0.6800
Run: 05, Epoch: 12, Train: 83.14%, Valid: 91.67% Test: 78.80%
Run: 05, Epoch: 13, Loss: 0.6801
Run: 05, Epoch: 14, Loss: 0.6763
Run: 05, Epoch: 14, Train: 83.19%, Valid: 91.82% Test: 78.55%
Run: 05, Epoch: 15, Loss: 0.6687
Run: 05, Epoch: 16, Loss: 0.6690
Run: 05, Epoch: 16, Train: 83.36%, Valid: 91.73% Test: 78.63%
Run: 05, Epoch: 17, Loss: 0.6556
Run: 05, Epoch: 18, Loss: 0.6597
Run: 05, Epoch: 18, Train: 83.58%, Valid: 91.94% Test: 78.62%
Run: 05, Epoch: 19, Loss: 0.6547
Run: 05, Epoch: 20, Loss: 0.6613
Run: 05, Epoch: 20, Train: 83.77%, Valid: 91.90% Test: 78.94%
Run 05:
Highest Train: 83.77
Highest Valid: 91.94
  Final Train: 83.58
   Final Test: 78.62
Run: 06, Epoch: 01, Loss: 1.6842
Run: 06, Epoch: 02, Loss: 0.9562
Run: 06, Epoch: 03, Loss: 0.8537
Run: 06, Epoch: 04, Loss: 0.7967
Run: 06, Epoch: 05, Loss: 0.7694
Run: 06, Epoch: 06, Loss: 0.7506
Run: 06, Epoch: 07, Loss: 0.7345
Run: 06, Epoch: 08, Loss: 0.7284
Run: 06, Epoch: 09, Loss: 0.7128
Run: 06, Epoch: 10, Loss: 0.7038
Run: 06, Epoch: 10, Train: 82.31%, Valid: 91.39% Test: 78.91%
Run: 06, Epoch: 11, Loss: 0.6974
Run: 06, Epoch: 12, Loss: 0.6966
Run: 06, Epoch: 12, Train: 82.93%, Valid: 91.57% Test: 79.18%
Run: 06, Epoch: 13, Loss: 0.6889
Run: 06, Epoch: 14, Loss: 0.6790
Run: 06, Epoch: 14, Train: 83.00%, Valid: 91.68% Test: 78.72%
Run: 06, Epoch: 15, Loss: 0.6797
Run: 06, Epoch: 16, Loss: 0.6743
Run: 06, Epoch: 16, Train: 83.09%, Valid: 91.58% Test: 78.94%
Run: 06, Epoch: 17, Loss: 0.6754
Run: 06, Epoch: 18, Loss: 0.6713
Run: 06, Epoch: 18, Train: 83.38%, Valid: 91.67% Test: 78.46%
Run: 06, Epoch: 19, Loss: 0.6672
Run: 06, Epoch: 20, Loss: 0.6657
Run: 06, Epoch: 20, Train: 83.58%, Valid: 91.63% Test: 78.52%
Run 06:
Highest Train: 83.58
Highest Valid: 91.68
  Final Train: 83.00
   Final Test: 78.72
Run: 07, Epoch: 01, Loss: 1.6637
Run: 07, Epoch: 02, Loss: 0.9543
Run: 07, Epoch: 03, Loss: 0.8591
Run: 07, Epoch: 04, Loss: 0.8057
Run: 07, Epoch: 05, Loss: 0.7757
Run: 07, Epoch: 06, Loss: 0.7542
Run: 07, Epoch: 07, Loss: 0.7384
Run: 07, Epoch: 08, Loss: 0.7263
Run: 07, Epoch: 09, Loss: 0.7142
Run: 07, Epoch: 10, Loss: 0.7126
Run: 07, Epoch: 10, Train: 82.40%, Valid: 91.42% Test: 78.57%
Run: 07, Epoch: 11, Loss: 0.7040
Run: 07, Epoch: 12, Loss: 0.6981
Run: 07, Epoch: 12, Train: 82.36%, Valid: 91.65% Test: 79.08%
Run: 07, Epoch: 13, Loss: 0.6921
Run: 07, Epoch: 14, Loss: 0.6900
Run: 07, Epoch: 14, Train: 83.05%, Valid: 91.60% Test: 78.71%
Run: 07, Epoch: 15, Loss: 0.6813
Run: 07, Epoch: 16, Loss: 0.6858
Run: 07, Epoch: 16, Train: 83.13%, Valid: 91.79% Test: 78.71%
Run: 07, Epoch: 17, Loss: 0.6768
Run: 07, Epoch: 18, Loss: 0.6729
Run: 07, Epoch: 18, Train: 83.35%, Valid: 92.10% Test: 78.60%
Run: 07, Epoch: 19, Loss: 0.6730
Run: 07, Epoch: 20, Loss: 0.6627
Run: 07, Epoch: 20, Train: 83.62%, Valid: 91.72% Test: 79.02%
Run 07:
Highest Train: 83.62
Highest Valid: 92.10
  Final Train: 83.35
   Final Test: 78.60
Run: 08, Epoch: 01, Loss: 1.7086
Run: 08, Epoch: 02, Loss: 0.9686
Run: 08, Epoch: 03, Loss: 0.8528
Run: 08, Epoch: 04, Loss: 0.8002
Run: 08, Epoch: 05, Loss: 0.7698
Run: 08, Epoch: 06, Loss: 0.7507
Run: 08, Epoch: 07, Loss: 0.7254
Run: 08, Epoch: 08, Loss: 0.7254
Run: 08, Epoch: 09, Loss: 0.7190
Run: 08, Epoch: 10, Loss: 0.7123
Run: 08, Epoch: 10, Train: 82.48%, Valid: 91.58% Test: 78.75%
Run: 08, Epoch: 11, Loss: 0.7005
Run: 08, Epoch: 12, Loss: 0.6912
Run: 08, Epoch: 12, Train: 82.23%, Valid: 91.53% Test: 78.75%
Run: 08, Epoch: 13, Loss: 0.6811
Run: 08, Epoch: 14, Loss: 0.6832
Run: 08, Epoch: 14, Train: 82.69%, Valid: 91.79% Test: 78.02%
Run: 08, Epoch: 15, Loss: 0.6813
Run: 08, Epoch: 16, Loss: 0.6793
Run: 08, Epoch: 16, Train: 83.13%, Valid: 91.89% Test: 78.68%
Run: 08, Epoch: 17, Loss: 0.6726
Run: 08, Epoch: 18, Loss: 0.6778
Run: 08, Epoch: 18, Train: 83.40%, Valid: 91.58% Test: 78.43%
Run: 08, Epoch: 19, Loss: 0.6617
Run: 08, Epoch: 20, Loss: 0.6674
Run: 08, Epoch: 20, Train: 83.66%, Valid: 91.89% Test: 79.38%
Run 08:
Highest Train: 83.66
Highest Valid: 91.89
  Final Train: 83.13
   Final Test: 78.68
Run: 09, Epoch: 01, Loss: 1.7003
Run: 09, Epoch: 02, Loss: 0.9592
Run: 09, Epoch: 03, Loss: 0.8488
Run: 09, Epoch: 04, Loss: 0.7980
Run: 09, Epoch: 05, Loss: 0.7686
Run: 09, Epoch: 06, Loss: 0.7451
Run: 09, Epoch: 07, Loss: 0.7288
Run: 09, Epoch: 08, Loss: 0.7226
Run: 09, Epoch: 09, Loss: 0.7131
Run: 09, Epoch: 10, Loss: 0.7010
Run: 09, Epoch: 10, Train: 82.38%, Valid: 91.38% Test: 78.02%
Run: 09, Epoch: 11, Loss: 0.6942
Run: 09, Epoch: 12, Loss: 0.6795
Run: 09, Epoch: 12, Train: 82.72%, Valid: 91.61% Test: 78.29%
Run: 09, Epoch: 13, Loss: 0.6844
Run: 09, Epoch: 14, Loss: 0.6842
Run: 09, Epoch: 14, Train: 82.94%, Valid: 91.73% Test: 78.00%
Run: 09, Epoch: 15, Loss: 0.6737
Run: 09, Epoch: 16, Loss: 0.6716
Run: 09, Epoch: 16, Train: 83.32%, Valid: 91.62% Test: 78.70%
Run: 09, Epoch: 17, Loss: 0.6652
Run: 09, Epoch: 18, Loss: 0.6652
Run: 09, Epoch: 18, Train: 83.44%, Valid: 91.65% Test: 77.69%
Run: 09, Epoch: 19, Loss: 0.6573
Run: 09, Epoch: 20, Loss: 0.6545
Run: 09, Epoch: 20, Train: 83.89%, Valid: 91.93% Test: 78.71%
Run 09:
Highest Train: 83.89
Highest Valid: 91.93
  Final Train: 83.89
   Final Test: 78.71
Run: 10, Epoch: 01, Loss: 1.6848
Run: 10, Epoch: 02, Loss: 0.9604
Run: 10, Epoch: 03, Loss: 0.8521
Run: 10, Epoch: 04, Loss: 0.8057
Run: 10, Epoch: 05, Loss: 0.7787
Run: 10, Epoch: 06, Loss: 0.7516
Run: 10, Epoch: 07, Loss: 0.7257
Run: 10, Epoch: 08, Loss: 0.7288
Run: 10, Epoch: 09, Loss: 0.7113
Run: 10, Epoch: 10, Loss: 0.7055
Run: 10, Epoch: 10, Train: 82.41%, Valid: 91.78% Test: 78.55%
Run: 10, Epoch: 11, Loss: 0.6960
Run: 10, Epoch: 12, Loss: 0.6857
Run: 10, Epoch: 12, Train: 82.91%, Valid: 91.65% Test: 79.11%
Run: 10, Epoch: 13, Loss: 0.6865
Run: 10, Epoch: 14, Loss: 0.6792
Run: 10, Epoch: 14, Train: 83.11%, Valid: 91.70% Test: 79.22%
Run: 10, Epoch: 15, Loss: 0.6836
Run: 10, Epoch: 16, Loss: 0.6740
Run: 10, Epoch: 16, Train: 83.00%, Valid: 91.67% Test: 78.95%
Run: 10, Epoch: 17, Loss: 0.6711
Run: 10, Epoch: 18, Loss: 0.6736
Run: 10, Epoch: 18, Train: 83.27%, Valid: 91.76% Test: 78.89%
Run: 10, Epoch: 19, Loss: 0.6708
Run: 10, Epoch: 20, Loss: 0.6707
Run: 10, Epoch: 20, Train: 83.50%, Valid: 91.86% Test: 78.79%
Run 10:
Highest Train: 83.50
Highest Valid: 91.86
  Final Train: 83.50
   Final Test: 78.79
All runs:
Highest Train: 83.59 ± 0.19
Highest Valid: 91.86 ± 0.12
  Final Train: 83.43 ± 0.27
   Final Test: 78.56 ± 0.34
