Namespace(device=0, log_steps=1, inductive=False, num_layers=3, hidden_channels=256, dropout=0.5, batch_size=20000, walk_length=3, lr=0.01, num_steps=30, epochs=20, eval_steps=2, runs=10, rsv=0.45, al='mem', alpha=0.7)
tensor([147936, 100314,   1272,  ..., 158036, 155392, 126258]) 88477
tensor([222340, 232877, 217134,  ..., 212377, 198004, 211857]) 17695
Run: 01, Epoch: 01, Loss: 1.4682
Run: 01, Epoch: 02, Loss: 0.6497
Run: 01, Epoch: 03, Loss: 0.5584
Run: 01, Epoch: 04, Loss: 0.5192
Run: 01, Epoch: 05, Loss: 0.5001
Run: 01, Epoch: 06, Loss: 0.4800
Run: 01, Epoch: 07, Loss: 0.4611
Run: 01, Epoch: 08, Loss: 0.4581
Run: 01, Epoch: 09, Loss: 0.4481
Run: 01, Epoch: 10, Loss: 0.4477
Run: 01, Epoch: 10, Train: 89.09%, Valid: 91.03% Test: 78.61%
Run: 01, Epoch: 11, Loss: 0.4377
Run: 01, Epoch: 12, Loss: 0.4268
Run: 01, Epoch: 12, Train: 89.58%, Valid: 91.12% Test: 78.48%
Run: 01, Epoch: 13, Loss: 0.4267
Run: 01, Epoch: 14, Loss: 0.4257
Run: 01, Epoch: 14, Train: 89.52%, Valid: 91.20% Test: 79.23%
Run: 01, Epoch: 15, Loss: 0.4159
Run: 01, Epoch: 16, Loss: 0.4160
Run: 01, Epoch: 16, Train: 89.93%, Valid: 91.43% Test: 78.76%
Run: 01, Epoch: 17, Loss: 0.4117
Run: 01, Epoch: 18, Loss: 0.4117
Run: 01, Epoch: 18, Train: 90.07%, Valid: 91.61% Test: 77.84%
Run: 01, Epoch: 19, Loss: 0.4112
Run: 01, Epoch: 20, Loss: 0.4070
Run: 01, Epoch: 20, Train: 90.14%, Valid: 91.38% Test: 78.87%
Run 01:
Highest Train: 90.14
Highest Valid: 91.61
  Final Train: 90.07
   Final Test: 77.84
Run: 02, Epoch: 01, Loss: 1.6015
Run: 02, Epoch: 02, Loss: 0.6674
Run: 02, Epoch: 03, Loss: 0.5687
Run: 02, Epoch: 04, Loss: 0.5274
Run: 02, Epoch: 05, Loss: 0.4993
Run: 02, Epoch: 06, Loss: 0.4808
Run: 02, Epoch: 07, Loss: 0.4679
Run: 02, Epoch: 08, Loss: 0.4592
Run: 02, Epoch: 09, Loss: 0.4557
Run: 02, Epoch: 10, Loss: 0.4452
Run: 02, Epoch: 10, Train: 88.97%, Valid: 91.05% Test: 78.46%
Run: 02, Epoch: 11, Loss: 0.4371
Run: 02, Epoch: 12, Loss: 0.4345
Run: 02, Epoch: 12, Train: 89.24%, Valid: 91.02% Test: 78.46%
Run: 02, Epoch: 13, Loss: 0.4285
Run: 02, Epoch: 14, Loss: 0.4248
Run: 02, Epoch: 14, Train: 89.44%, Valid: 91.17% Test: 77.65%
Run: 02, Epoch: 15, Loss: 0.4242
Run: 02, Epoch: 16, Loss: 0.4177
Run: 02, Epoch: 16, Train: 89.65%, Valid: 91.42% Test: 78.99%
Run: 02, Epoch: 17, Loss: 0.4181
Run: 02, Epoch: 18, Loss: 0.4126
Run: 02, Epoch: 18, Train: 89.89%, Valid: 91.17% Test: 78.18%
Run: 02, Epoch: 19, Loss: 0.4085
Run: 02, Epoch: 20, Loss: 0.4122
Run: 02, Epoch: 20, Train: 89.88%, Valid: 91.29% Test: 78.72%
Run 02:
Highest Train: 89.89
Highest Valid: 91.42
  Final Train: 89.65
   Final Test: 78.99
Run: 03, Epoch: 01, Loss: 1.5756
Run: 03, Epoch: 02, Loss: 0.6687
Run: 03, Epoch: 03, Loss: 0.5750
Run: 03, Epoch: 04, Loss: 0.5314
Run: 03, Epoch: 05, Loss: 0.5046
Run: 03, Epoch: 06, Loss: 0.4903
Run: 03, Epoch: 07, Loss: 0.4733
Run: 03, Epoch: 08, Loss: 0.4639
Run: 03, Epoch: 09, Loss: 0.4571
Run: 03, Epoch: 10, Loss: 0.4463
Run: 03, Epoch: 10, Train: 88.98%, Valid: 90.92% Test: 78.27%
Run: 03, Epoch: 11, Loss: 0.4389
Run: 03, Epoch: 12, Loss: 0.4407
Run: 03, Epoch: 12, Train: 89.17%, Valid: 91.16% Test: 78.70%
Run: 03, Epoch: 13, Loss: 0.4325
Run: 03, Epoch: 14, Loss: 0.4297
Run: 03, Epoch: 14, Train: 89.52%, Valid: 91.14% Test: 78.41%
Run: 03, Epoch: 15, Loss: 0.4280
Run: 03, Epoch: 16, Loss: 0.4267
Run: 03, Epoch: 16, Train: 89.61%, Valid: 91.22% Test: 78.71%
Run: 03, Epoch: 17, Loss: 0.4192
Run: 03, Epoch: 18, Loss: 0.4193
Run: 03, Epoch: 18, Train: 89.87%, Valid: 91.10% Test: 79.14%
Run: 03, Epoch: 19, Loss: 0.4183
Run: 03, Epoch: 20, Loss: 0.4139
Run: 03, Epoch: 20, Train: 89.95%, Valid: 91.51% Test: 78.61%
Run 03:
Highest Train: 89.95
Highest Valid: 91.51
  Final Train: 89.95
   Final Test: 78.61
Run: 04, Epoch: 01, Loss: 1.4594
Run: 04, Epoch: 02, Loss: 0.6486
Run: 04, Epoch: 03, Loss: 0.5574
Run: 04, Epoch: 04, Loss: 0.5188
Run: 04, Epoch: 05, Loss: 0.4942
Run: 04, Epoch: 06, Loss: 0.4804
Run: 04, Epoch: 07, Loss: 0.4693
Run: 04, Epoch: 08, Loss: 0.4562
Run: 04, Epoch: 09, Loss: 0.4503
Run: 04, Epoch: 10, Loss: 0.4449
Run: 04, Epoch: 10, Train: 89.02%, Valid: 91.14% Test: 78.83%
Run: 04, Epoch: 11, Loss: 0.4371
Run: 04, Epoch: 12, Loss: 0.4291
Run: 04, Epoch: 12, Train: 89.48%, Valid: 91.17% Test: 78.55%
Run: 04, Epoch: 13, Loss: 0.4266
Run: 04, Epoch: 14, Loss: 0.4181
Run: 04, Epoch: 14, Train: 89.68%, Valid: 91.29% Test: 77.86%
Run: 04, Epoch: 15, Loss: 0.4175
Run: 04, Epoch: 16, Loss: 0.4251
Run: 04, Epoch: 16, Train: 89.64%, Valid: 91.14% Test: 78.80%
Run: 04, Epoch: 17, Loss: 0.4163
Run: 04, Epoch: 18, Loss: 0.4156
Run: 04, Epoch: 18, Train: 89.99%, Valid: 91.34% Test: 78.64%
Run: 04, Epoch: 19, Loss: 0.4123
Run: 04, Epoch: 20, Loss: 0.4102
Run: 04, Epoch: 20, Train: 90.03%, Valid: 91.42% Test: 78.89%
Run 04:
Highest Train: 90.03
Highest Valid: 91.42
  Final Train: 90.03
   Final Test: 78.89
Run: 05, Epoch: 01, Loss: 1.3905
Run: 05, Epoch: 02, Loss: 0.6412
Run: 05, Epoch: 03, Loss: 0.5578
Run: 05, Epoch: 04, Loss: 0.5172
Run: 05, Epoch: 05, Loss: 0.4893
Run: 05, Epoch: 06, Loss: 0.4755
Run: 05, Epoch: 07, Loss: 0.4632
Run: 05, Epoch: 08, Loss: 0.4509
Run: 05, Epoch: 09, Loss: 0.4459
Run: 05, Epoch: 10, Loss: 0.4366
Run: 05, Epoch: 10, Train: 89.15%, Valid: 91.10% Test: 78.15%
Run: 05, Epoch: 11, Loss: 0.4349
Run: 05, Epoch: 12, Loss: 0.4306
Run: 05, Epoch: 12, Train: 89.40%, Valid: 91.08% Test: 78.13%
Run: 05, Epoch: 13, Loss: 0.4270
Run: 05, Epoch: 14, Loss: 0.4251
Run: 05, Epoch: 14, Train: 89.70%, Valid: 91.36% Test: 78.40%
Run: 05, Epoch: 15, Loss: 0.4214
Run: 05, Epoch: 16, Loss: 0.4133
Run: 05, Epoch: 16, Train: 89.76%, Valid: 91.41% Test: 78.93%
Run: 05, Epoch: 17, Loss: 0.4129
Run: 05, Epoch: 18, Loss: 0.4108
Run: 05, Epoch: 18, Train: 89.85%, Valid: 91.46% Test: 78.27%
Run: 05, Epoch: 19, Loss: 0.4083
Run: 05, Epoch: 20, Loss: 0.4099
Run: 05, Epoch: 20, Train: 90.27%, Valid: 91.34% Test: 78.62%
Run 05:
Highest Train: 90.27
Highest Valid: 91.46
  Final Train: 89.85
   Final Test: 78.27
Run: 06, Epoch: 01, Loss: 1.4844
Run: 06, Epoch: 02, Loss: 0.6558
Run: 06, Epoch: 03, Loss: 0.5654
Run: 06, Epoch: 04, Loss: 0.5184
Run: 06, Epoch: 05, Loss: 0.4994
Run: 06, Epoch: 06, Loss: 0.4816
Run: 06, Epoch: 07, Loss: 0.4678
Run: 06, Epoch: 08, Loss: 0.4556
Run: 06, Epoch: 09, Loss: 0.4471
Run: 06, Epoch: 10, Loss: 0.4472
Run: 06, Epoch: 10, Train: 89.15%, Valid: 91.24% Test: 78.06%
Run: 06, Epoch: 11, Loss: 0.4315
Run: 06, Epoch: 12, Loss: 0.4341
Run: 06, Epoch: 12, Train: 89.58%, Valid: 91.18% Test: 78.16%
Run: 06, Epoch: 13, Loss: 0.4272
Run: 06, Epoch: 14, Loss: 0.4217
Run: 06, Epoch: 14, Train: 89.42%, Valid: 90.98% Test: 78.91%
Run: 06, Epoch: 15, Loss: 0.4230
Run: 06, Epoch: 16, Loss: 0.4198
Run: 06, Epoch: 16, Train: 89.61%, Valid: 91.35% Test: 78.51%
Run: 06, Epoch: 17, Loss: 0.4171
Run: 06, Epoch: 18, Loss: 0.4145
Run: 06, Epoch: 18, Train: 89.84%, Valid: 91.41% Test: 78.67%
Run: 06, Epoch: 19, Loss: 0.4111
Run: 06, Epoch: 20, Loss: 0.4091
Run: 06, Epoch: 20, Train: 90.08%, Valid: 91.37% Test: 78.91%
Run 06:
Highest Train: 90.08
Highest Valid: 91.41
  Final Train: 89.84
   Final Test: 78.67
Run: 07, Epoch: 01, Loss: 1.5588
Run: 07, Epoch: 02, Loss: 0.6697
Run: 07, Epoch: 03, Loss: 0.5770
Run: 07, Epoch: 04, Loss: 0.5273
Run: 07, Epoch: 05, Loss: 0.5021
Run: 07, Epoch: 06, Loss: 0.4845
Run: 07, Epoch: 07, Loss: 0.4672
Run: 07, Epoch: 08, Loss: 0.4556
Run: 07, Epoch: 09, Loss: 0.4484
Run: 07, Epoch: 10, Loss: 0.4490
Run: 07, Epoch: 10, Train: 89.02%, Valid: 91.10% Test: 77.96%
Run: 07, Epoch: 11, Loss: 0.4381
Run: 07, Epoch: 12, Loss: 0.4344
Run: 07, Epoch: 12, Train: 89.20%, Valid: 90.93% Test: 78.37%
Run: 07, Epoch: 13, Loss: 0.4294
Run: 07, Epoch: 14, Loss: 0.4248
Run: 07, Epoch: 14, Train: 89.60%, Valid: 91.27% Test: 78.91%
Run: 07, Epoch: 15, Loss: 0.4208
Run: 07, Epoch: 16, Loss: 0.4276
Run: 07, Epoch: 16, Train: 89.66%, Valid: 91.26% Test: 77.98%
Run: 07, Epoch: 17, Loss: 0.4194
Run: 07, Epoch: 18, Loss: 0.4191
Run: 07, Epoch: 18, Train: 89.90%, Valid: 91.54% Test: 78.86%
Run: 07, Epoch: 19, Loss: 0.4146
Run: 07, Epoch: 20, Loss: 0.4122
Run: 07, Epoch: 20, Train: 90.15%, Valid: 91.46% Test: 78.43%
Run 07:
Highest Train: 90.15
Highest Valid: 91.54
  Final Train: 89.90
   Final Test: 78.86
Run: 08, Epoch: 01, Loss: 1.4085
Run: 08, Epoch: 02, Loss: 0.6399
Run: 08, Epoch: 03, Loss: 0.5549
Run: 08, Epoch: 04, Loss: 0.5166
Run: 08, Epoch: 05, Loss: 0.4942
Run: 08, Epoch: 06, Loss: 0.4742
Run: 08, Epoch: 07, Loss: 0.4588
Run: 08, Epoch: 08, Loss: 0.4561
Run: 08, Epoch: 09, Loss: 0.4485
Run: 08, Epoch: 10, Loss: 0.4423
Run: 08, Epoch: 10, Train: 88.97%, Valid: 90.90% Test: 78.17%
Run: 08, Epoch: 11, Loss: 0.4362
Run: 08, Epoch: 12, Loss: 0.4292
Run: 08, Epoch: 12, Train: 89.38%, Valid: 91.16% Test: 78.50%
Run: 08, Epoch: 13, Loss: 0.4237
Run: 08, Epoch: 14, Loss: 0.4219
Run: 08, Epoch: 14, Train: 89.67%, Valid: 91.42% Test: 78.39%
Run: 08, Epoch: 15, Loss: 0.4203
Run: 08, Epoch: 16, Loss: 0.4219
Run: 08, Epoch: 16, Train: 89.86%, Valid: 91.45% Test: 78.35%
Run: 08, Epoch: 17, Loss: 0.4201
Run: 08, Epoch: 18, Loss: 0.4174
Run: 08, Epoch: 18, Train: 89.84%, Valid: 91.28% Test: 78.10%
Run: 08, Epoch: 19, Loss: 0.4087
Run: 08, Epoch: 20, Loss: 0.4088
Run: 08, Epoch: 20, Train: 90.04%, Valid: 91.46% Test: 78.57%
Run 08:
Highest Train: 90.04
Highest Valid: 91.46
  Final Train: 90.04
   Final Test: 78.57
Run: 09, Epoch: 01, Loss: 1.4565
Run: 09, Epoch: 02, Loss: 0.6441
Run: 09, Epoch: 03, Loss: 0.5573
Run: 09, Epoch: 04, Loss: 0.5187
Run: 09, Epoch: 05, Loss: 0.4976
Run: 09, Epoch: 06, Loss: 0.4756
Run: 09, Epoch: 07, Loss: 0.4640
Run: 09, Epoch: 08, Loss: 0.4564
Run: 09, Epoch: 09, Loss: 0.4522
Run: 09, Epoch: 10, Loss: 0.4436
Run: 09, Epoch: 10, Train: 89.19%, Valid: 90.92% Test: 77.85%
Run: 09, Epoch: 11, Loss: 0.4348
Run: 09, Epoch: 12, Loss: 0.4267
Run: 09, Epoch: 12, Train: 89.11%, Valid: 90.84% Test: 78.24%
Run: 09, Epoch: 13, Loss: 0.4286
Run: 09, Epoch: 14, Loss: 0.4289
Run: 09, Epoch: 14, Train: 89.55%, Valid: 91.31% Test: 77.45%
Run: 09, Epoch: 15, Loss: 0.4227
Run: 09, Epoch: 16, Loss: 0.4175
Run: 09, Epoch: 16, Train: 89.79%, Valid: 91.49% Test: 78.80%
Run: 09, Epoch: 17, Loss: 0.4076
Run: 09, Epoch: 18, Loss: 0.4109
Run: 09, Epoch: 18, Train: 89.98%, Valid: 91.36% Test: 78.10%
Run: 09, Epoch: 19, Loss: 0.4068
Run: 09, Epoch: 20, Loss: 0.4086
Run: 09, Epoch: 20, Train: 90.08%, Valid: 91.46% Test: 78.50%
Run 09:
Highest Train: 90.08
Highest Valid: 91.49
  Final Train: 89.79
   Final Test: 78.80
Run: 10, Epoch: 01, Loss: 1.4919
Run: 10, Epoch: 02, Loss: 0.6521
Run: 10, Epoch: 03, Loss: 0.5567
Run: 10, Epoch: 04, Loss: 0.5230
Run: 10, Epoch: 05, Loss: 0.4993
Run: 10, Epoch: 06, Loss: 0.4794
Run: 10, Epoch: 07, Loss: 0.4605
Run: 10, Epoch: 08, Loss: 0.4568
Run: 10, Epoch: 09, Loss: 0.4498
Run: 10, Epoch: 10, Loss: 0.4428
Run: 10, Epoch: 10, Train: 89.27%, Valid: 91.13% Test: 77.95%
Run: 10, Epoch: 11, Loss: 0.4323
Run: 10, Epoch: 12, Loss: 0.4294
Run: 10, Epoch: 12, Train: 89.35%, Valid: 91.17% Test: 78.82%
Run: 10, Epoch: 13, Loss: 0.4303
Run: 10, Epoch: 14, Loss: 0.4225
Run: 10, Epoch: 14, Train: 89.46%, Valid: 91.02% Test: 79.41%
Run: 10, Epoch: 15, Loss: 0.4283
Run: 10, Epoch: 16, Loss: 0.4168
Run: 10, Epoch: 16, Train: 89.71%, Valid: 91.23% Test: 79.04%
Run: 10, Epoch: 17, Loss: 0.4136
Run: 10, Epoch: 18, Loss: 0.4136
Run: 10, Epoch: 18, Train: 89.95%, Valid: 91.32% Test: 78.94%
Run: 10, Epoch: 19, Loss: 0.4132
Run: 10, Epoch: 20, Loss: 0.4127
Run: 10, Epoch: 20, Train: 90.05%, Valid: 91.32% Test: 78.93%
Run 10:
Highest Train: 90.05
Highest Valid: 91.32
  Final Train: 89.95
   Final Test: 78.94
All runs:
Highest Train: 90.07 ± 0.10
Highest Valid: 91.46 ± 0.08
  Final Train: 89.91 ± 0.13
   Final Test: 78.65 ± 0.35
