Namespace(device=0, log_steps=1, inductive=False, num_layers=3, hidden_channels=256, dropout=0.5, batch_size=20000, walk_length=3, lr=0.01, num_steps=30, epochs=20, eval_steps=2, runs=10, rsv=0.45, al='mem', alpha=0.6)
tensor([147936, 100314,   1272,  ...,  73147,  56011, 108281]) 88477
tensor([222340, 232877, 217134,  ..., 212377, 198004, 211857]) 17695
Run: 01, Epoch: 01, Loss: 1.5943
Run: 01, Epoch: 02, Loss: 0.7328
Run: 01, Epoch: 03, Loss: 0.6331
Run: 01, Epoch: 04, Loss: 0.5880
Run: 01, Epoch: 05, Loss: 0.5667
Run: 01, Epoch: 06, Loss: 0.5426
Run: 01, Epoch: 07, Loss: 0.5268
Run: 01, Epoch: 08, Loss: 0.5183
Run: 01, Epoch: 09, Loss: 0.5109
Run: 01, Epoch: 10, Loss: 0.5088
Run: 01, Epoch: 10, Train: 87.34%, Valid: 91.18% Test: 78.59%
Run: 01, Epoch: 11, Loss: 0.4997
Run: 01, Epoch: 12, Loss: 0.4923
Run: 01, Epoch: 12, Train: 87.81%, Valid: 91.27% Test: 78.20%
Run: 01, Epoch: 13, Loss: 0.4894
Run: 01, Epoch: 14, Loss: 0.4847
Run: 01, Epoch: 14, Train: 88.03%, Valid: 91.09% Test: 78.92%
Run: 01, Epoch: 15, Loss: 0.4805
Run: 01, Epoch: 16, Loss: 0.4783
Run: 01, Epoch: 16, Train: 88.25%, Valid: 91.33% Test: 78.32%
Run: 01, Epoch: 17, Loss: 0.4752
Run: 01, Epoch: 18, Loss: 0.4785
Run: 01, Epoch: 18, Train: 88.47%, Valid: 91.58% Test: 78.30%
Run: 01, Epoch: 19, Loss: 0.4763
Run: 01, Epoch: 20, Loss: 0.4743
Run: 01, Epoch: 20, Train: 88.58%, Valid: 91.51% Test: 78.16%
Run 01:
Highest Train: 88.58
Highest Valid: 91.58
  Final Train: 88.47
   Final Test: 78.30
Run: 02, Epoch: 01, Loss: 1.6828
Run: 02, Epoch: 02, Loss: 0.7395
Run: 02, Epoch: 03, Loss: 0.6424
Run: 02, Epoch: 04, Loss: 0.5996
Run: 02, Epoch: 05, Loss: 0.5712
Run: 02, Epoch: 06, Loss: 0.5502
Run: 02, Epoch: 07, Loss: 0.5389
Run: 02, Epoch: 08, Loss: 0.5260
Run: 02, Epoch: 09, Loss: 0.5218
Run: 02, Epoch: 10, Loss: 0.5104
Run: 02, Epoch: 10, Train: 87.33%, Valid: 91.22% Test: 78.74%
Run: 02, Epoch: 11, Loss: 0.5025
Run: 02, Epoch: 12, Loss: 0.5017
Run: 02, Epoch: 12, Train: 87.83%, Valid: 91.30% Test: 78.10%
Run: 02, Epoch: 13, Loss: 0.4921
Run: 02, Epoch: 14, Loss: 0.4900
Run: 02, Epoch: 14, Train: 87.83%, Valid: 91.37% Test: 78.38%
Run: 02, Epoch: 15, Loss: 0.4884
Run: 02, Epoch: 16, Loss: 0.4836
Run: 02, Epoch: 16, Train: 88.17%, Valid: 91.48% Test: 78.53%
Run: 02, Epoch: 17, Loss: 0.4809
Run: 02, Epoch: 18, Loss: 0.4778
Run: 02, Epoch: 18, Train: 88.32%, Valid: 91.39% Test: 77.98%
Run: 02, Epoch: 19, Loss: 0.4750
Run: 02, Epoch: 20, Loss: 0.4740
Run: 02, Epoch: 20, Train: 88.22%, Valid: 91.48% Test: 78.54%
Run 02:
Highest Train: 88.32
Highest Valid: 91.48
  Final Train: 88.17
   Final Test: 78.53
Run: 03, Epoch: 01, Loss: 1.6782
Run: 03, Epoch: 02, Loss: 0.7450
Run: 03, Epoch: 03, Loss: 0.6457
Run: 03, Epoch: 04, Loss: 0.6039
Run: 03, Epoch: 05, Loss: 0.5734
Run: 03, Epoch: 06, Loss: 0.5571
Run: 03, Epoch: 07, Loss: 0.5407
Run: 03, Epoch: 08, Loss: 0.5286
Run: 03, Epoch: 09, Loss: 0.5189
Run: 03, Epoch: 10, Loss: 0.5098
Run: 03, Epoch: 10, Train: 87.23%, Valid: 91.08% Test: 78.25%
Run: 03, Epoch: 11, Loss: 0.5046
Run: 03, Epoch: 12, Loss: 0.5018
Run: 03, Epoch: 12, Train: 87.91%, Valid: 91.35% Test: 78.62%
Run: 03, Epoch: 13, Loss: 0.4959
Run: 03, Epoch: 14, Loss: 0.4941
Run: 03, Epoch: 14, Train: 87.90%, Valid: 91.41% Test: 79.13%
Run: 03, Epoch: 15, Loss: 0.4885
Run: 03, Epoch: 16, Loss: 0.4912
Run: 03, Epoch: 16, Train: 87.97%, Valid: 91.44% Test: 77.97%
Run: 03, Epoch: 17, Loss: 0.4879
Run: 03, Epoch: 18, Loss: 0.4858
Run: 03, Epoch: 18, Train: 88.19%, Valid: 91.39% Test: 79.21%
Run: 03, Epoch: 19, Loss: 0.4849
Run: 03, Epoch: 20, Loss: 0.4829
Run: 03, Epoch: 20, Train: 88.13%, Valid: 91.44% Test: 78.35%
Run 03:
Highest Train: 88.19
Highest Valid: 91.44
  Final Train: 87.97
   Final Test: 77.97
Run: 04, Epoch: 01, Loss: 1.5818
Run: 04, Epoch: 02, Loss: 0.7337
Run: 04, Epoch: 03, Loss: 0.6345
Run: 04, Epoch: 04, Loss: 0.5938
Run: 04, Epoch: 05, Loss: 0.5670
Run: 04, Epoch: 06, Loss: 0.5521
Run: 04, Epoch: 07, Loss: 0.5398
Run: 04, Epoch: 08, Loss: 0.5239
Run: 04, Epoch: 09, Loss: 0.5195
Run: 04, Epoch: 10, Loss: 0.5090
Run: 04, Epoch: 10, Train: 87.47%, Valid: 91.34% Test: 78.83%
Run: 04, Epoch: 11, Loss: 0.5004
Run: 04, Epoch: 12, Loss: 0.4979
Run: 04, Epoch: 12, Train: 87.78%, Valid: 91.21% Test: 78.43%
Run: 04, Epoch: 13, Loss: 0.4909
Run: 04, Epoch: 14, Loss: 0.4854
Run: 04, Epoch: 14, Train: 87.97%, Valid: 91.14% Test: 77.74%
Run: 04, Epoch: 15, Loss: 0.4853
Run: 04, Epoch: 16, Loss: 0.4894
Run: 04, Epoch: 16, Train: 88.25%, Valid: 91.44% Test: 78.81%
Run: 04, Epoch: 17, Loss: 0.4829
Run: 04, Epoch: 18, Loss: 0.4811
Run: 04, Epoch: 18, Train: 88.39%, Valid: 91.28% Test: 78.96%
Run: 04, Epoch: 19, Loss: 0.4731
Run: 04, Epoch: 20, Loss: 0.4719
Run: 04, Epoch: 20, Train: 88.50%, Valid: 91.49% Test: 79.11%
Run 04:
Highest Train: 88.50
Highest Valid: 91.49
  Final Train: 88.50
   Final Test: 79.11
Run: 05, Epoch: 01, Loss: 1.4644
Run: 05, Epoch: 02, Loss: 0.7106
Run: 05, Epoch: 03, Loss: 0.6227
Run: 05, Epoch: 04, Loss: 0.5785
Run: 05, Epoch: 05, Loss: 0.5538
Run: 05, Epoch: 06, Loss: 0.5375
Run: 05, Epoch: 07, Loss: 0.5269
Run: 05, Epoch: 08, Loss: 0.5117
Run: 05, Epoch: 09, Loss: 0.5080
Run: 05, Epoch: 10, Loss: 0.4993
Run: 05, Epoch: 10, Train: 87.60%, Valid: 91.07% Test: 77.97%
Run: 05, Epoch: 11, Loss: 0.4938
Run: 05, Epoch: 12, Loss: 0.4879
Run: 05, Epoch: 12, Train: 88.01%, Valid: 91.31% Test: 77.94%
Run: 05, Epoch: 13, Loss: 0.4848
Run: 05, Epoch: 14, Loss: 0.4789
Run: 05, Epoch: 14, Train: 88.20%, Valid: 91.48% Test: 78.17%
Run: 05, Epoch: 15, Loss: 0.4784
Run: 05, Epoch: 16, Loss: 0.4743
Run: 05, Epoch: 16, Train: 88.27%, Valid: 91.40% Test: 78.35%
Run: 05, Epoch: 17, Loss: 0.4672
Run: 05, Epoch: 18, Loss: 0.4668
Run: 05, Epoch: 18, Train: 88.44%, Valid: 91.47% Test: 78.30%
Run: 05, Epoch: 19, Loss: 0.4655
Run: 05, Epoch: 20, Loss: 0.4675
Run: 05, Epoch: 20, Train: 88.69%, Valid: 91.80% Test: 78.32%
Run 05:
Highest Train: 88.69
Highest Valid: 91.80
  Final Train: 88.69
   Final Test: 78.32
Run: 06, Epoch: 01, Loss: 1.5151
Run: 06, Epoch: 02, Loss: 0.7218
Run: 06, Epoch: 03, Loss: 0.6320
Run: 06, Epoch: 04, Loss: 0.5820
Run: 06, Epoch: 05, Loss: 0.5641
Run: 06, Epoch: 06, Loss: 0.5468
Run: 06, Epoch: 07, Loss: 0.5314
Run: 06, Epoch: 08, Loss: 0.5219
Run: 06, Epoch: 09, Loss: 0.5093
Run: 06, Epoch: 10, Loss: 0.5043
Run: 06, Epoch: 10, Train: 87.67%, Valid: 91.29% Test: 78.57%
Run: 06, Epoch: 11, Loss: 0.4971
Run: 06, Epoch: 12, Loss: 0.4959
Run: 06, Epoch: 12, Train: 88.03%, Valid: 91.12% Test: 78.53%
Run: 06, Epoch: 13, Loss: 0.4905
Run: 06, Epoch: 14, Loss: 0.4818
Run: 06, Epoch: 14, Train: 87.80%, Valid: 91.29% Test: 78.66%
Run: 06, Epoch: 15, Loss: 0.4841
Run: 06, Epoch: 16, Loss: 0.4794
Run: 06, Epoch: 16, Train: 88.19%, Valid: 91.49% Test: 78.51%
Run: 06, Epoch: 17, Loss: 0.4791
Run: 06, Epoch: 18, Loss: 0.4745
Run: 06, Epoch: 18, Train: 88.48%, Valid: 91.59% Test: 78.42%
Run: 06, Epoch: 19, Loss: 0.4740
Run: 06, Epoch: 20, Loss: 0.4694
Run: 06, Epoch: 20, Train: 88.73%, Valid: 91.54% Test: 78.89%
Run 06:
Highest Train: 88.73
Highest Valid: 91.59
  Final Train: 88.48
   Final Test: 78.42
Run: 07, Epoch: 01, Loss: 1.6731
Run: 07, Epoch: 02, Loss: 0.7503
Run: 07, Epoch: 03, Loss: 0.6501
Run: 07, Epoch: 04, Loss: 0.5983
Run: 07, Epoch: 05, Loss: 0.5702
Run: 07, Epoch: 06, Loss: 0.5506
Run: 07, Epoch: 07, Loss: 0.5347
Run: 07, Epoch: 08, Loss: 0.5230
Run: 07, Epoch: 09, Loss: 0.5124
Run: 07, Epoch: 10, Loss: 0.5141
Run: 07, Epoch: 10, Train: 87.19%, Valid: 90.96% Test: 78.26%
Run: 07, Epoch: 11, Loss: 0.5076
Run: 07, Epoch: 12, Loss: 0.4985
Run: 07, Epoch: 12, Train: 87.53%, Valid: 91.14% Test: 78.69%
Run: 07, Epoch: 13, Loss: 0.4920
Run: 07, Epoch: 14, Loss: 0.4913
Run: 07, Epoch: 14, Train: 87.97%, Valid: 91.15% Test: 79.29%
Run: 07, Epoch: 15, Loss: 0.4856
Run: 07, Epoch: 16, Loss: 0.4881
Run: 07, Epoch: 16, Train: 88.18%, Valid: 91.35% Test: 77.95%
Run: 07, Epoch: 17, Loss: 0.4803
Run: 07, Epoch: 18, Loss: 0.4822
Run: 07, Epoch: 18, Train: 88.50%, Valid: 91.42% Test: 78.35%
Run: 07, Epoch: 19, Loss: 0.4739
Run: 07, Epoch: 20, Loss: 0.4777
Run: 07, Epoch: 20, Train: 88.57%, Valid: 91.52% Test: 78.43%
Run 07:
Highest Train: 88.57
Highest Valid: 91.52
  Final Train: 88.57
   Final Test: 78.43
Run: 08, Epoch: 01, Loss: 1.4295
Run: 08, Epoch: 02, Loss: 0.7078
Run: 08, Epoch: 03, Loss: 0.6180
Run: 08, Epoch: 04, Loss: 0.5777
Run: 08, Epoch: 05, Loss: 0.5545
Run: 08, Epoch: 06, Loss: 0.5348
Run: 08, Epoch: 07, Loss: 0.5162
Run: 08, Epoch: 08, Loss: 0.5147
Run: 08, Epoch: 09, Loss: 0.5106
Run: 08, Epoch: 10, Loss: 0.5013
Run: 08, Epoch: 10, Train: 87.58%, Valid: 91.14% Test: 77.91%
Run: 08, Epoch: 11, Loss: 0.4963
Run: 08, Epoch: 12, Loss: 0.4874
Run: 08, Epoch: 12, Train: 88.00%, Valid: 91.40% Test: 79.08%
Run: 08, Epoch: 13, Loss: 0.4828
Run: 08, Epoch: 14, Loss: 0.4813
Run: 08, Epoch: 14, Train: 88.22%, Valid: 91.56% Test: 78.78%
Run: 08, Epoch: 15, Loss: 0.4779
Run: 08, Epoch: 16, Loss: 0.4792
Run: 08, Epoch: 16, Train: 88.43%, Valid: 91.60% Test: 78.44%
Run: 08, Epoch: 17, Loss: 0.4703
Run: 08, Epoch: 18, Loss: 0.4770
Run: 08, Epoch: 18, Train: 88.69%, Valid: 91.50% Test: 78.51%
Run: 08, Epoch: 19, Loss: 0.4670
Run: 08, Epoch: 20, Loss: 0.4711
Run: 08, Epoch: 20, Train: 88.61%, Valid: 91.58% Test: 78.74%
Run 08:
Highest Train: 88.69
Highest Valid: 91.60
  Final Train: 88.43
   Final Test: 78.44
Run: 09, Epoch: 01, Loss: 1.5128
Run: 09, Epoch: 02, Loss: 0.7137
Run: 09, Epoch: 03, Loss: 0.6208
Run: 09, Epoch: 04, Loss: 0.5826
Run: 09, Epoch: 05, Loss: 0.5603
Run: 09, Epoch: 06, Loss: 0.5369
Run: 09, Epoch: 07, Loss: 0.5275
Run: 09, Epoch: 08, Loss: 0.5195
Run: 09, Epoch: 09, Loss: 0.5095
Run: 09, Epoch: 10, Loss: 0.5030
Run: 09, Epoch: 10, Train: 87.61%, Valid: 91.12% Test: 77.77%
Run: 09, Epoch: 11, Loss: 0.4989
Run: 09, Epoch: 12, Loss: 0.4885
Run: 09, Epoch: 12, Train: 87.87%, Valid: 91.35% Test: 78.41%
Run: 09, Epoch: 13, Loss: 0.4896
Run: 09, Epoch: 14, Loss: 0.4900
Run: 09, Epoch: 14, Train: 88.15%, Valid: 91.22% Test: 77.54%
Run: 09, Epoch: 15, Loss: 0.4847
Run: 09, Epoch: 16, Loss: 0.4797
Run: 09, Epoch: 16, Train: 88.45%, Valid: 91.62% Test: 78.49%
Run: 09, Epoch: 17, Loss: 0.4680
Run: 09, Epoch: 18, Loss: 0.4740
Run: 09, Epoch: 18, Train: 88.62%, Valid: 91.55% Test: 78.18%
Run: 09, Epoch: 19, Loss: 0.4662
Run: 09, Epoch: 20, Loss: 0.4674
Run: 09, Epoch: 20, Train: 88.68%, Valid: 91.62% Test: 78.38%
Run 09:
Highest Train: 88.68
Highest Valid: 91.62
  Final Train: 88.45
   Final Test: 78.49
Run: 10, Epoch: 01, Loss: 1.5682
Run: 10, Epoch: 02, Loss: 0.7295
Run: 10, Epoch: 03, Loss: 0.6330
Run: 10, Epoch: 04, Loss: 0.5957
Run: 10, Epoch: 05, Loss: 0.5699
Run: 10, Epoch: 06, Loss: 0.5486
Run: 10, Epoch: 07, Loss: 0.5293
Run: 10, Epoch: 08, Loss: 0.5272
Run: 10, Epoch: 09, Loss: 0.5184
Run: 10, Epoch: 10, Loss: 0.5092
Run: 10, Epoch: 10, Train: 87.69%, Valid: 91.13% Test: 78.24%
Run: 10, Epoch: 11, Loss: 0.4993
Run: 10, Epoch: 12, Loss: 0.4966
Run: 10, Epoch: 12, Train: 87.77%, Valid: 91.27% Test: 79.03%
Run: 10, Epoch: 13, Loss: 0.4916
Run: 10, Epoch: 14, Loss: 0.4869
Run: 10, Epoch: 14, Train: 87.92%, Valid: 91.26% Test: 79.28%
Run: 10, Epoch: 15, Loss: 0.4889
Run: 10, Epoch: 16, Loss: 0.4808
Run: 10, Epoch: 16, Train: 88.23%, Valid: 91.42% Test: 78.57%
Run: 10, Epoch: 17, Loss: 0.4774
Run: 10, Epoch: 18, Loss: 0.4809
Run: 10, Epoch: 18, Train: 88.39%, Valid: 91.38% Test: 78.81%
Run: 10, Epoch: 19, Loss: 0.4811
Run: 10, Epoch: 20, Loss: 0.4794
Run: 10, Epoch: 20, Train: 88.32%, Valid: 91.45% Test: 78.50%
Run 10:
Highest Train: 88.39
Highest Valid: 91.45
  Final Train: 88.32
   Final Test: 78.50
All runs:
Highest Train: 88.54 ± 0.18
Highest Valid: 91.56 ± 0.11
  Final Train: 88.40 ± 0.21
   Final Test: 78.45 ± 0.28
