Namespace(device=0, log_steps=1, inductive=False, num_layers=3, hidden_channels=256, dropout=0.5, batch_size=20000, walk_length=3, lr=0.01, num_steps=30, epochs=20, eval_steps=2, runs=10, rsv=0.45, al='mem', alpha=0.9)
tensor([147936, 100314,   1272,  ...,    305,  22828,   6694]) 88477
tensor([222340, 232877, 217134,  ..., 212377, 198004, 211857]) 17695
Run: 01, Epoch: 01, Loss: 1.3135
Run: 01, Epoch: 02, Loss: 0.5401
Run: 01, Epoch: 03, Loss: 0.4565
Run: 01, Epoch: 04, Loss: 0.4212
Run: 01, Epoch: 05, Loss: 0.4060
Run: 01, Epoch: 06, Loss: 0.3890
Run: 01, Epoch: 07, Loss: 0.3731
Run: 01, Epoch: 08, Loss: 0.3693
Run: 01, Epoch: 09, Loss: 0.3600
Run: 01, Epoch: 10, Loss: 0.3610
Run: 01, Epoch: 10, Train: 91.37%, Valid: 90.87% Test: 77.85%
Run: 01, Epoch: 11, Loss: 0.3522
Run: 01, Epoch: 12, Loss: 0.3425
Run: 01, Epoch: 12, Train: 91.74%, Valid: 91.03% Test: 78.03%
Run: 01, Epoch: 13, Loss: 0.3427
Run: 01, Epoch: 14, Loss: 0.3408
Run: 01, Epoch: 14, Train: 91.75%, Valid: 90.94% Test: 78.50%
Run: 01, Epoch: 15, Loss: 0.3375
Run: 01, Epoch: 16, Loss: 0.3356
Run: 01, Epoch: 16, Train: 92.01%, Valid: 91.32% Test: 78.42%
Run: 01, Epoch: 17, Loss: 0.3290
Run: 01, Epoch: 18, Loss: 0.3299
Run: 01, Epoch: 18, Train: 92.15%, Valid: 91.23% Test: 77.47%
Run: 01, Epoch: 19, Loss: 0.3278
Run: 01, Epoch: 20, Loss: 0.3264
Run: 01, Epoch: 20, Train: 92.17%, Valid: 90.97% Test: 77.98%
Run 01:
Highest Train: 92.17
Highest Valid: 91.32
  Final Train: 92.01
   Final Test: 78.42
Run: 02, Epoch: 01, Loss: 1.4219
Run: 02, Epoch: 02, Loss: 0.5540
Run: 02, Epoch: 03, Loss: 0.4662
Run: 02, Epoch: 04, Loss: 0.4297
Run: 02, Epoch: 05, Loss: 0.4047
Run: 02, Epoch: 06, Loss: 0.3874
Run: 02, Epoch: 07, Loss: 0.3777
Run: 02, Epoch: 08, Loss: 0.3703
Run: 02, Epoch: 09, Loss: 0.3693
Run: 02, Epoch: 10, Loss: 0.3600
Run: 02, Epoch: 10, Train: 91.26%, Valid: 91.02% Test: 78.49%
Run: 02, Epoch: 11, Loss: 0.3547
Run: 02, Epoch: 12, Loss: 0.3491
Run: 02, Epoch: 12, Train: 91.52%, Valid: 90.97% Test: 77.87%
Run: 02, Epoch: 13, Loss: 0.3401
Run: 02, Epoch: 14, Loss: 0.3398
Run: 02, Epoch: 14, Train: 91.71%, Valid: 91.05% Test: 77.92%
Run: 02, Epoch: 15, Loss: 0.3390
Run: 02, Epoch: 16, Loss: 0.3347
Run: 02, Epoch: 16, Train: 91.94%, Valid: 91.34% Test: 78.32%
Run: 02, Epoch: 17, Loss: 0.3302
Run: 02, Epoch: 18, Loss: 0.3306
Run: 02, Epoch: 18, Train: 92.09%, Valid: 91.10% Test: 77.67%
Run: 02, Epoch: 19, Loss: 0.3254
Run: 02, Epoch: 20, Loss: 0.3302
Run: 02, Epoch: 20, Train: 92.07%, Valid: 91.30% Test: 78.31%
Run 02:
Highest Train: 92.09
Highest Valid: 91.34
  Final Train: 91.94
   Final Test: 78.32
Run: 03, Epoch: 01, Loss: 1.3969
Run: 03, Epoch: 02, Loss: 0.5505
Run: 03, Epoch: 03, Loss: 0.4710
Run: 03, Epoch: 04, Loss: 0.4321
Run: 03, Epoch: 05, Loss: 0.4080
Run: 03, Epoch: 06, Loss: 0.3964
Run: 03, Epoch: 07, Loss: 0.3813
Run: 03, Epoch: 08, Loss: 0.3727
Run: 03, Epoch: 09, Loss: 0.3669
Run: 03, Epoch: 10, Loss: 0.3580
Run: 03, Epoch: 10, Train: 91.19%, Valid: 90.74% Test: 77.59%
Run: 03, Epoch: 11, Loss: 0.3547
Run: 03, Epoch: 12, Loss: 0.3503
Run: 03, Epoch: 12, Train: 91.50%, Valid: 90.99% Test: 78.07%
Run: 03, Epoch: 13, Loss: 0.3499
Run: 03, Epoch: 14, Loss: 0.3434
Run: 03, Epoch: 14, Train: 91.59%, Valid: 91.03% Test: 78.15%
Run: 03, Epoch: 15, Loss: 0.3419
Run: 03, Epoch: 16, Loss: 0.3448
Run: 03, Epoch: 16, Train: 91.62%, Valid: 90.95% Test: 78.75%
Run: 03, Epoch: 17, Loss: 0.3373
Run: 03, Epoch: 18, Loss: 0.3361
Run: 03, Epoch: 18, Train: 91.92%, Valid: 91.10% Test: 79.21%
Run: 03, Epoch: 19, Loss: 0.3352
Run: 03, Epoch: 20, Loss: 0.3314
Run: 03, Epoch: 20, Train: 92.11%, Valid: 91.25% Test: 77.70%
Run 03:
Highest Train: 92.11
Highest Valid: 91.25
  Final Train: 92.11
   Final Test: 77.70
Run: 04, Epoch: 01, Loss: 1.3053
Run: 04, Epoch: 02, Loss: 0.5311
Run: 04, Epoch: 03, Loss: 0.4529
Run: 04, Epoch: 04, Loss: 0.4205
Run: 04, Epoch: 05, Loss: 0.4022
Run: 04, Epoch: 06, Loss: 0.3889
Run: 04, Epoch: 07, Loss: 0.3787
Run: 04, Epoch: 08, Loss: 0.3694
Run: 04, Epoch: 09, Loss: 0.3648
Run: 04, Epoch: 10, Loss: 0.3558
Run: 04, Epoch: 10, Train: 91.33%, Valid: 91.04% Test: 78.45%
Run: 04, Epoch: 11, Loss: 0.3473
Run: 04, Epoch: 12, Loss: 0.3421
Run: 04, Epoch: 12, Train: 91.78%, Valid: 91.21% Test: 78.26%
Run: 04, Epoch: 13, Loss: 0.3393
Run: 04, Epoch: 14, Loss: 0.3360
Run: 04, Epoch: 14, Train: 91.90%, Valid: 91.20% Test: 77.44%
Run: 04, Epoch: 15, Loss: 0.3394
Run: 04, Epoch: 16, Loss: 0.3406
Run: 04, Epoch: 16, Train: 91.91%, Valid: 91.23% Test: 78.16%
Run: 04, Epoch: 17, Loss: 0.3320
Run: 04, Epoch: 18, Loss: 0.3320
Run: 04, Epoch: 18, Train: 92.15%, Valid: 91.11% Test: 77.38%
Run: 04, Epoch: 19, Loss: 0.3287
Run: 04, Epoch: 20, Loss: 0.3246
Run: 04, Epoch: 20, Train: 92.18%, Valid: 91.14% Test: 78.55%
Run 04:
Highest Train: 92.18
Highest Valid: 91.23
  Final Train: 91.91
   Final Test: 78.16
Run: 05, Epoch: 01, Loss: 1.2558
Run: 05, Epoch: 02, Loss: 0.5363
Run: 05, Epoch: 03, Loss: 0.4595
Run: 05, Epoch: 04, Loss: 0.4244
Run: 05, Epoch: 05, Loss: 0.3978
Run: 05, Epoch: 06, Loss: 0.3847
Run: 05, Epoch: 07, Loss: 0.3765
Run: 05, Epoch: 08, Loss: 0.3681
Run: 05, Epoch: 09, Loss: 0.3612
Run: 05, Epoch: 10, Loss: 0.3535
Run: 05, Epoch: 10, Train: 91.38%, Valid: 91.00% Test: 77.90%
Run: 05, Epoch: 11, Loss: 0.3494
Run: 05, Epoch: 12, Loss: 0.3451
Run: 05, Epoch: 12, Train: 91.63%, Valid: 90.91% Test: 77.82%
Run: 05, Epoch: 13, Loss: 0.3431
Run: 05, Epoch: 14, Loss: 0.3398
Run: 05, Epoch: 14, Train: 91.83%, Valid: 91.33% Test: 78.39%
Run: 05, Epoch: 15, Loss: 0.3390
Run: 05, Epoch: 16, Loss: 0.3344
Run: 05, Epoch: 16, Train: 92.00%, Valid: 91.22% Test: 78.02%
Run: 05, Epoch: 17, Loss: 0.3307
Run: 05, Epoch: 18, Loss: 0.3288
Run: 05, Epoch: 18, Train: 92.05%, Valid: 91.33% Test: 77.87%
Run: 05, Epoch: 19, Loss: 0.3278
Run: 05, Epoch: 20, Loss: 0.3308
Run: 05, Epoch: 20, Train: 92.30%, Valid: 91.30% Test: 78.26%
Run 05:
Highest Train: 92.30
Highest Valid: 91.33
  Final Train: 92.05
   Final Test: 77.87
Run: 06, Epoch: 01, Loss: 1.3355
Run: 06, Epoch: 02, Loss: 0.5442
Run: 06, Epoch: 03, Loss: 0.4639
Run: 06, Epoch: 04, Loss: 0.4213
Run: 06, Epoch: 05, Loss: 0.4077
Run: 06, Epoch: 06, Loss: 0.3927
Run: 06, Epoch: 07, Loss: 0.3755
Run: 06, Epoch: 08, Loss: 0.3644
Run: 06, Epoch: 09, Loss: 0.3576
Run: 06, Epoch: 10, Loss: 0.3623
Run: 06, Epoch: 10, Train: 91.40%, Valid: 90.92% Test: 78.03%
Run: 06, Epoch: 11, Loss: 0.3497
Run: 06, Epoch: 12, Loss: 0.3462
Run: 06, Epoch: 12, Train: 91.72%, Valid: 91.04% Test: 77.97%
Run: 06, Epoch: 13, Loss: 0.3473
Run: 06, Epoch: 14, Loss: 0.3402
Run: 06, Epoch: 14, Train: 91.75%, Valid: 90.88% Test: 78.62%
Run: 06, Epoch: 15, Loss: 0.3373
Run: 06, Epoch: 16, Loss: 0.3378
Run: 06, Epoch: 16, Train: 91.92%, Valid: 91.12% Test: 78.18%
Run: 06, Epoch: 17, Loss: 0.3342
Run: 06, Epoch: 18, Loss: 0.3328
Run: 06, Epoch: 18, Train: 92.11%, Valid: 91.27% Test: 78.65%
Run: 06, Epoch: 19, Loss: 0.3297
Run: 06, Epoch: 20, Loss: 0.3312
Run: 06, Epoch: 20, Train: 92.30%, Valid: 91.42% Test: 78.57%
Run 06:
Highest Train: 92.30
Highest Valid: 91.42
  Final Train: 92.30
   Final Test: 78.57
Run: 07, Epoch: 01, Loss: 1.3950
Run: 07, Epoch: 02, Loss: 0.5540
Run: 07, Epoch: 03, Loss: 0.4700
Run: 07, Epoch: 04, Loss: 0.4291
Run: 07, Epoch: 05, Loss: 0.4091
Run: 07, Epoch: 06, Loss: 0.3912
Run: 07, Epoch: 07, Loss: 0.3786
Run: 07, Epoch: 08, Loss: 0.3704
Run: 07, Epoch: 09, Loss: 0.3656
Run: 07, Epoch: 10, Loss: 0.3606
Run: 07, Epoch: 10, Train: 91.29%, Valid: 90.79% Test: 77.48%
Run: 07, Epoch: 11, Loss: 0.3559
Run: 07, Epoch: 12, Loss: 0.3485
Run: 07, Epoch: 12, Train: 91.62%, Valid: 90.95% Test: 77.74%
Run: 07, Epoch: 13, Loss: 0.3428
Run: 07, Epoch: 14, Loss: 0.3378
Run: 07, Epoch: 14, Train: 91.80%, Valid: 91.08% Test: 78.51%
Run: 07, Epoch: 15, Loss: 0.3373
Run: 07, Epoch: 16, Loss: 0.3453
Run: 07, Epoch: 16, Train: 91.89%, Valid: 91.27% Test: 77.38%
Run: 07, Epoch: 17, Loss: 0.3359
Run: 07, Epoch: 18, Loss: 0.3351
Run: 07, Epoch: 18, Train: 91.99%, Valid: 91.28% Test: 78.34%
Run: 07, Epoch: 19, Loss: 0.3343
Run: 07, Epoch: 20, Loss: 0.3328
Run: 07, Epoch: 20, Train: 92.10%, Valid: 91.25% Test: 78.38%
Run 07:
Highest Train: 92.10
Highest Valid: 91.28
  Final Train: 91.99
   Final Test: 78.34
Run: 08, Epoch: 01, Loss: 1.2695
Run: 08, Epoch: 02, Loss: 0.5306
Run: 08, Epoch: 03, Loss: 0.4552
Run: 08, Epoch: 04, Loss: 0.4207
Run: 08, Epoch: 05, Loss: 0.4002
Run: 08, Epoch: 06, Loss: 0.3838
Run: 08, Epoch: 07, Loss: 0.3709
Run: 08, Epoch: 08, Loss: 0.3689
Run: 08, Epoch: 09, Loss: 0.3619
Run: 08, Epoch: 10, Loss: 0.3544
Run: 08, Epoch: 10, Train: 91.39%, Valid: 90.91% Test: 77.83%
Run: 08, Epoch: 11, Loss: 0.3534
Run: 08, Epoch: 12, Loss: 0.3453
Run: 08, Epoch: 12, Train: 91.80%, Valid: 91.19% Test: 78.46%
Run: 08, Epoch: 13, Loss: 0.3384
Run: 08, Epoch: 14, Loss: 0.3368
Run: 08, Epoch: 14, Train: 91.88%, Valid: 91.22% Test: 78.19%
Run: 08, Epoch: 15, Loss: 0.3326
Run: 08, Epoch: 16, Loss: 0.3342
Run: 08, Epoch: 16, Train: 92.12%, Valid: 91.29% Test: 78.34%
Run: 08, Epoch: 17, Loss: 0.3328
Run: 08, Epoch: 18, Loss: 0.3346
Run: 08, Epoch: 18, Train: 92.11%, Valid: 91.30% Test: 78.19%
Run: 08, Epoch: 19, Loss: 0.3264
Run: 08, Epoch: 20, Loss: 0.3296
Run: 08, Epoch: 20, Train: 92.15%, Valid: 91.27% Test: 78.02%
Run 08:
Highest Train: 92.15
Highest Valid: 91.30
  Final Train: 92.11
   Final Test: 78.19
Run: 09, Epoch: 01, Loss: 1.3307
Run: 09, Epoch: 02, Loss: 0.5432
Run: 09, Epoch: 03, Loss: 0.4594
Run: 09, Epoch: 04, Loss: 0.4228
Run: 09, Epoch: 05, Loss: 0.4043
Run: 09, Epoch: 06, Loss: 0.3883
Run: 09, Epoch: 07, Loss: 0.3797
Run: 09, Epoch: 08, Loss: 0.3696
Run: 09, Epoch: 09, Loss: 0.3636
Run: 09, Epoch: 10, Loss: 0.3573
Run: 09, Epoch: 10, Train: 91.50%, Valid: 91.13% Test: 77.34%
Run: 09, Epoch: 11, Loss: 0.3497
Run: 09, Epoch: 12, Loss: 0.3431
Run: 09, Epoch: 12, Train: 91.51%, Valid: 90.96% Test: 78.00%
Run: 09, Epoch: 13, Loss: 0.3442
Run: 09, Epoch: 14, Loss: 0.3402
Run: 09, Epoch: 14, Train: 91.80%, Valid: 90.86% Test: 77.71%
Run: 09, Epoch: 15, Loss: 0.3399
Run: 09, Epoch: 16, Loss: 0.3348
Run: 09, Epoch: 16, Train: 91.93%, Valid: 91.13% Test: 78.57%
Run: 09, Epoch: 17, Loss: 0.3297
Run: 09, Epoch: 18, Loss: 0.3298
Run: 09, Epoch: 18, Train: 92.14%, Valid: 91.19% Test: 78.13%
Run: 09, Epoch: 19, Loss: 0.3278
Run: 09, Epoch: 20, Loss: 0.3281
Run: 09, Epoch: 20, Train: 92.19%, Valid: 91.31% Test: 78.48%
Run 09:
Highest Train: 92.19
Highest Valid: 91.31
  Final Train: 92.19
   Final Test: 78.48
Run: 10, Epoch: 01, Loss: 1.3349
Run: 10, Epoch: 02, Loss: 0.5407
Run: 10, Epoch: 03, Loss: 0.4583
Run: 10, Epoch: 04, Loss: 0.4275
Run: 10, Epoch: 05, Loss: 0.4085
Run: 10, Epoch: 06, Loss: 0.3884
Run: 10, Epoch: 07, Loss: 0.3728
Run: 10, Epoch: 08, Loss: 0.3691
Run: 10, Epoch: 09, Loss: 0.3645
Run: 10, Epoch: 10, Loss: 0.3558
Run: 10, Epoch: 10, Train: 91.33%, Valid: 91.00% Test: 77.50%
Run: 10, Epoch: 11, Loss: 0.3474
Run: 10, Epoch: 12, Loss: 0.3441
Run: 10, Epoch: 12, Train: 91.57%, Valid: 90.99% Test: 78.31%
Run: 10, Epoch: 13, Loss: 0.3457
Run: 10, Epoch: 14, Loss: 0.3393
Run: 10, Epoch: 14, Train: 91.74%, Valid: 90.89% Test: 78.31%
Run: 10, Epoch: 15, Loss: 0.3426
Run: 10, Epoch: 16, Loss: 0.3315
Run: 10, Epoch: 16, Train: 91.85%, Valid: 91.07% Test: 78.20%
Run: 10, Epoch: 17, Loss: 0.3328
Run: 10, Epoch: 18, Loss: 0.3323
Run: 10, Epoch: 18, Train: 92.01%, Valid: 91.12% Test: 78.20%
Run: 10, Epoch: 19, Loss: 0.3303
Run: 10, Epoch: 20, Loss: 0.3375
Run: 10, Epoch: 20, Train: 92.16%, Valid: 91.16% Test: 78.10%
Run 10:
Highest Train: 92.16
Highest Valid: 91.16
  Final Train: 92.16
   Final Test: 78.10
All runs:
Highest Train: 92.18 ± 0.07
Highest Valid: 91.29 ± 0.07
  Final Train: 92.08 ± 0.12
   Final Test: 78.21 ± 0.27
