Namespace(device=0, log_steps=1, inductive=False, num_layers=3, hidden_channels=256, dropout=0.5, batch_size=20000, walk_length=3, lr=0.01, num_steps=30, epochs=20, eval_steps=2, runs=10, rsv=0.45, al='mem', alpha=0.5)
tensor([189285, 147936, 100314,  ..., 153449, 110511,  63556]) 88477
tensor([222340, 232877, 217134,  ..., 212377, 198004, 211857]) 17695
Run: 01, Epoch: 01, Loss: 1.6944
Run: 01, Epoch: 02, Loss: 0.8429
Run: 01, Epoch: 03, Loss: 0.7358
Run: 01, Epoch: 04, Loss: 0.6872
Run: 01, Epoch: 05, Loss: 0.6617
Run: 01, Epoch: 06, Loss: 0.6402
Run: 01, Epoch: 07, Loss: 0.6225
Run: 01, Epoch: 08, Loss: 0.6131
Run: 01, Epoch: 09, Loss: 0.6038
Run: 01, Epoch: 10, Loss: 0.6001
Run: 01, Epoch: 10, Train: 85.25%, Valid: 91.38% Test: 78.27%
Run: 01, Epoch: 11, Loss: 0.5887
Run: 01, Epoch: 12, Loss: 0.5812
Run: 01, Epoch: 12, Train: 85.61%, Valid: 91.35% Test: 78.80%
Run: 01, Epoch: 13, Loss: 0.5806
Run: 01, Epoch: 14, Loss: 0.5765
Run: 01, Epoch: 14, Train: 85.79%, Valid: 91.38% Test: 78.84%
Run: 01, Epoch: 15, Loss: 0.5674
Run: 01, Epoch: 16, Loss: 0.5649
Run: 01, Epoch: 16, Train: 86.33%, Valid: 91.70% Test: 78.69%
Run: 01, Epoch: 17, Loss: 0.5637
Run: 01, Epoch: 18, Loss: 0.5660
Run: 01, Epoch: 18, Train: 86.30%, Valid: 91.56% Test: 78.10%
Run: 01, Epoch: 19, Loss: 0.5574
Run: 01, Epoch: 20, Loss: 0.5581
Run: 01, Epoch: 20, Train: 86.33%, Valid: 91.57% Test: 78.51%
Run 01:
Highest Train: 86.33
Highest Valid: 91.70
  Final Train: 86.33
   Final Test: 78.69
Run: 02, Epoch: 01, Loss: 1.6886
Run: 02, Epoch: 02, Loss: 0.8482
Run: 02, Epoch: 03, Loss: 0.7402
Run: 02, Epoch: 04, Loss: 0.6911
Run: 02, Epoch: 05, Loss: 0.6638
Run: 02, Epoch: 06, Loss: 0.6396
Run: 02, Epoch: 07, Loss: 0.6250
Run: 02, Epoch: 08, Loss: 0.6147
Run: 02, Epoch: 09, Loss: 0.6104
Run: 02, Epoch: 10, Loss: 0.5999
Run: 02, Epoch: 10, Train: 85.29%, Valid: 91.40% Test: 78.73%
Run: 02, Epoch: 11, Loss: 0.5883
Run: 02, Epoch: 12, Loss: 0.5900
Run: 02, Epoch: 12, Train: 85.60%, Valid: 91.47% Test: 78.70%
Run: 02, Epoch: 13, Loss: 0.5845
Run: 02, Epoch: 14, Loss: 0.5847
Run: 02, Epoch: 14, Train: 85.70%, Valid: 91.65% Test: 78.20%
Run: 02, Epoch: 15, Loss: 0.5776
Run: 02, Epoch: 16, Loss: 0.5733
Run: 02, Epoch: 16, Train: 86.20%, Valid: 91.75% Test: 78.80%
Run: 02, Epoch: 17, Loss: 0.5739
Run: 02, Epoch: 18, Loss: 0.5675
Run: 02, Epoch: 18, Train: 86.01%, Valid: 91.57% Test: 78.07%
Run: 02, Epoch: 19, Loss: 0.5615
Run: 02, Epoch: 20, Loss: 0.5626
Run: 02, Epoch: 20, Train: 85.99%, Valid: 91.73% Test: 78.38%
Run 02:
Highest Train: 86.20
Highest Valid: 91.75
  Final Train: 86.20
   Final Test: 78.80
Run: 03, Epoch: 01, Loss: 1.7287
Run: 03, Epoch: 02, Loss: 0.8431
Run: 03, Epoch: 03, Loss: 0.7396
Run: 03, Epoch: 04, Loss: 0.6929
Run: 03, Epoch: 05, Loss: 0.6573
Run: 03, Epoch: 06, Loss: 0.6393
Run: 03, Epoch: 07, Loss: 0.6219
Run: 03, Epoch: 08, Loss: 0.6156
Run: 03, Epoch: 09, Loss: 0.6015
Run: 03, Epoch: 10, Loss: 0.5933
Run: 03, Epoch: 10, Train: 85.24%, Valid: 91.15% Test: 78.17%
Run: 03, Epoch: 11, Loss: 0.5896
Run: 03, Epoch: 12, Loss: 0.5857
Run: 03, Epoch: 12, Train: 85.47%, Valid: 91.51% Test: 78.60%
Run: 03, Epoch: 13, Loss: 0.5840
Run: 03, Epoch: 14, Loss: 0.5793
Run: 03, Epoch: 14, Train: 85.58%, Valid: 91.59% Test: 79.00%
Run: 03, Epoch: 15, Loss: 0.5765
Run: 03, Epoch: 16, Loss: 0.5746
Run: 03, Epoch: 16, Train: 85.79%, Valid: 91.59% Test: 77.96%
Run: 03, Epoch: 17, Loss: 0.5662
Run: 03, Epoch: 18, Loss: 0.5672
Run: 03, Epoch: 18, Train: 86.15%, Valid: 91.76% Test: 79.06%
Run: 03, Epoch: 19, Loss: 0.5668
Run: 03, Epoch: 20, Loss: 0.5625
Run: 03, Epoch: 20, Train: 86.16%, Valid: 91.69% Test: 78.05%
Run 03:
Highest Train: 86.16
Highest Valid: 91.76
  Final Train: 86.15
   Final Test: 79.06
Run: 04, Epoch: 01, Loss: 1.6549
Run: 04, Epoch: 02, Loss: 0.8406
Run: 04, Epoch: 03, Loss: 0.7330
Run: 04, Epoch: 04, Loss: 0.6844
Run: 04, Epoch: 05, Loss: 0.6580
Run: 04, Epoch: 06, Loss: 0.6402
Run: 04, Epoch: 07, Loss: 0.6262
Run: 04, Epoch: 08, Loss: 0.6125
Run: 04, Epoch: 09, Loss: 0.6075
Run: 04, Epoch: 10, Loss: 0.5937
Run: 04, Epoch: 10, Train: 85.19%, Valid: 91.30% Test: 78.89%
Run: 04, Epoch: 11, Loss: 0.5884
Run: 04, Epoch: 12, Loss: 0.5789
Run: 04, Epoch: 12, Train: 85.70%, Valid: 91.39% Test: 78.55%
Run: 04, Epoch: 13, Loss: 0.5776
Run: 04, Epoch: 14, Loss: 0.5728
Run: 04, Epoch: 14, Train: 85.83%, Valid: 91.42% Test: 78.08%
Run: 04, Epoch: 15, Loss: 0.5748
Run: 04, Epoch: 16, Loss: 0.5757
Run: 04, Epoch: 16, Train: 86.24%, Valid: 91.66% Test: 78.58%
Run: 04, Epoch: 17, Loss: 0.5668
Run: 04, Epoch: 18, Loss: 0.5677
Run: 04, Epoch: 18, Train: 86.33%, Valid: 91.66% Test: 78.47%
Run: 04, Epoch: 19, Loss: 0.5598
Run: 04, Epoch: 20, Loss: 0.5554
Run: 04, Epoch: 20, Train: 86.61%, Valid: 91.60% Test: 78.65%
Run 04:
Highest Train: 86.61
Highest Valid: 91.66
  Final Train: 86.24
   Final Test: 78.58
Run: 05, Epoch: 01, Loss: 1.5654
Run: 05, Epoch: 02, Loss: 0.8178
Run: 05, Epoch: 03, Loss: 0.7225
Run: 05, Epoch: 04, Loss: 0.6751
Run: 05, Epoch: 05, Loss: 0.6465
Run: 05, Epoch: 06, Loss: 0.6291
Run: 05, Epoch: 07, Loss: 0.6191
Run: 05, Epoch: 08, Loss: 0.6026
Run: 05, Epoch: 09, Loss: 0.5960
Run: 05, Epoch: 10, Loss: 0.5861
Run: 05, Epoch: 10, Train: 85.25%, Valid: 91.30% Test: 78.42%
Run: 05, Epoch: 11, Loss: 0.5789
Run: 05, Epoch: 12, Loss: 0.5722
Run: 05, Epoch: 12, Train: 85.80%, Valid: 91.36% Test: 78.71%
Run: 05, Epoch: 13, Loss: 0.5706
Run: 05, Epoch: 14, Loss: 0.5697
Run: 05, Epoch: 14, Train: 86.15%, Valid: 91.60% Test: 78.40%
Run: 05, Epoch: 15, Loss: 0.5606
Run: 05, Epoch: 16, Loss: 0.5580
Run: 05, Epoch: 16, Train: 86.36%, Valid: 91.74% Test: 78.71%
Run: 05, Epoch: 17, Loss: 0.5519
Run: 05, Epoch: 18, Loss: 0.5531
Run: 05, Epoch: 18, Train: 86.25%, Valid: 91.70% Test: 78.75%
Run: 05, Epoch: 19, Loss: 0.5494
Run: 05, Epoch: 20, Loss: 0.5536
Run: 05, Epoch: 20, Train: 86.66%, Valid: 91.56% Test: 78.75%
Run 05:
Highest Train: 86.66
Highest Valid: 91.74
  Final Train: 86.36
   Final Test: 78.71
Run: 06, Epoch: 01, Loss: 1.5761
Run: 06, Epoch: 02, Loss: 0.8141
Run: 06, Epoch: 03, Loss: 0.7240
Run: 06, Epoch: 04, Loss: 0.6724
Run: 06, Epoch: 05, Loss: 0.6494
Run: 06, Epoch: 06, Loss: 0.6312
Run: 06, Epoch: 07, Loss: 0.6170
Run: 06, Epoch: 08, Loss: 0.6085
Run: 06, Epoch: 09, Loss: 0.5945
Run: 06, Epoch: 10, Loss: 0.5890
Run: 06, Epoch: 10, Train: 85.57%, Valid: 91.41% Test: 78.94%
Run: 06, Epoch: 11, Loss: 0.5824
Run: 06, Epoch: 12, Loss: 0.5800
Run: 06, Epoch: 12, Train: 85.90%, Valid: 91.35% Test: 78.67%
Run: 06, Epoch: 13, Loss: 0.5718
Run: 06, Epoch: 14, Loss: 0.5681
Run: 06, Epoch: 14, Train: 85.90%, Valid: 91.44% Test: 79.07%
Run: 06, Epoch: 15, Loss: 0.5689
Run: 06, Epoch: 16, Loss: 0.5648
Run: 06, Epoch: 16, Train: 86.29%, Valid: 91.66% Test: 78.75%
Run: 06, Epoch: 17, Loss: 0.5615
Run: 06, Epoch: 18, Loss: 0.5592
Run: 06, Epoch: 18, Train: 86.36%, Valid: 91.64% Test: 78.77%
Run: 06, Epoch: 19, Loss: 0.5587
Run: 06, Epoch: 20, Loss: 0.5599
Run: 06, Epoch: 20, Train: 86.67%, Valid: 91.62% Test: 78.30%
Run 06:
Highest Train: 86.67
Highest Valid: 91.66
  Final Train: 86.29
   Final Test: 78.75
Run: 07, Epoch: 01, Loss: 1.6785
Run: 07, Epoch: 02, Loss: 0.8437
Run: 07, Epoch: 03, Loss: 0.7480
Run: 07, Epoch: 04, Loss: 0.6902
Run: 07, Epoch: 05, Loss: 0.6642
Run: 07, Epoch: 06, Loss: 0.6445
Run: 07, Epoch: 07, Loss: 0.6273
Run: 07, Epoch: 08, Loss: 0.6148
Run: 07, Epoch: 09, Loss: 0.6033
Run: 07, Epoch: 10, Loss: 0.6045
Run: 07, Epoch: 10, Train: 84.98%, Valid: 91.27% Test: 78.28%
Run: 07, Epoch: 11, Loss: 0.5939
Run: 07, Epoch: 12, Loss: 0.5869
Run: 07, Epoch: 12, Train: 85.14%, Valid: 91.30% Test: 78.56%
Run: 07, Epoch: 13, Loss: 0.5824
Run: 07, Epoch: 14, Loss: 0.5817
Run: 07, Epoch: 14, Train: 85.72%, Valid: 91.39% Test: 78.92%
Run: 07, Epoch: 15, Loss: 0.5756
Run: 07, Epoch: 16, Loss: 0.5769
Run: 07, Epoch: 16, Train: 85.97%, Valid: 91.46% Test: 77.83%
Run: 07, Epoch: 17, Loss: 0.5695
Run: 07, Epoch: 18, Loss: 0.5678
Run: 07, Epoch: 18, Train: 86.03%, Valid: 91.65% Test: 78.47%
Run: 07, Epoch: 19, Loss: 0.5669
Run: 07, Epoch: 20, Loss: 0.5579
Run: 07, Epoch: 20, Train: 86.27%, Valid: 91.74% Test: 78.47%
Run 07:
Highest Train: 86.27
Highest Valid: 91.74
  Final Train: 86.27
   Final Test: 78.47
Run: 08, Epoch: 01, Loss: 1.4922
Run: 08, Epoch: 02, Loss: 0.8171
Run: 08, Epoch: 03, Loss: 0.7191
Run: 08, Epoch: 04, Loss: 0.6751
Run: 08, Epoch: 05, Loss: 0.6479
Run: 08, Epoch: 06, Loss: 0.6290
Run: 08, Epoch: 07, Loss: 0.6043
Run: 08, Epoch: 08, Loss: 0.6059
Run: 08, Epoch: 09, Loss: 0.5964
Run: 08, Epoch: 10, Loss: 0.5901
Run: 08, Epoch: 10, Train: 85.60%, Valid: 91.47% Test: 78.40%
Run: 08, Epoch: 11, Loss: 0.5871
Run: 08, Epoch: 12, Loss: 0.5750
Run: 08, Epoch: 12, Train: 85.59%, Valid: 91.43% Test: 78.40%
Run: 08, Epoch: 13, Loss: 0.5683
Run: 08, Epoch: 14, Loss: 0.5674
Run: 08, Epoch: 14, Train: 86.10%, Valid: 91.66% Test: 79.01%
Run: 08, Epoch: 15, Loss: 0.5649
Run: 08, Epoch: 16, Loss: 0.5600
Run: 08, Epoch: 16, Train: 86.25%, Valid: 91.63% Test: 78.45%
Run: 08, Epoch: 17, Loss: 0.5582
Run: 08, Epoch: 18, Loss: 0.5628
Run: 08, Epoch: 18, Train: 86.48%, Valid: 91.57% Test: 77.90%
Run: 08, Epoch: 19, Loss: 0.5528
Run: 08, Epoch: 20, Loss: 0.5556
Run: 08, Epoch: 20, Train: 86.45%, Valid: 91.67% Test: 79.60%
Run 08:
Highest Train: 86.48
Highest Valid: 91.67
  Final Train: 86.45
   Final Test: 79.60
Run: 09, Epoch: 01, Loss: 1.5361
Run: 09, Epoch: 02, Loss: 0.8101
Run: 09, Epoch: 03, Loss: 0.7172
Run: 09, Epoch: 04, Loss: 0.6750
Run: 09, Epoch: 05, Loss: 0.6497
Run: 09, Epoch: 06, Loss: 0.6251
Run: 09, Epoch: 07, Loss: 0.6114
Run: 09, Epoch: 08, Loss: 0.6045
Run: 09, Epoch: 09, Loss: 0.5954
Run: 09, Epoch: 10, Loss: 0.5891
Run: 09, Epoch: 10, Train: 85.46%, Valid: 91.31% Test: 78.08%
Run: 09, Epoch: 11, Loss: 0.5821
Run: 09, Epoch: 12, Loss: 0.5682
Run: 09, Epoch: 12, Train: 85.80%, Valid: 91.46% Test: 78.42%
Run: 09, Epoch: 13, Loss: 0.5724
Run: 09, Epoch: 14, Loss: 0.5745
Run: 09, Epoch: 14, Train: 85.86%, Valid: 91.63% Test: 78.12%
Run: 09, Epoch: 15, Loss: 0.5648
Run: 09, Epoch: 16, Loss: 0.5599
Run: 09, Epoch: 16, Train: 86.16%, Valid: 91.70% Test: 79.05%
Run: 09, Epoch: 17, Loss: 0.5555
Run: 09, Epoch: 18, Loss: 0.5574
Run: 09, Epoch: 18, Train: 86.48%, Valid: 91.85% Test: 78.40%
Run: 09, Epoch: 19, Loss: 0.5509
Run: 09, Epoch: 20, Loss: 0.5498
Run: 09, Epoch: 20, Train: 86.74%, Valid: 91.70% Test: 79.02%
Run 09:
Highest Train: 86.74
Highest Valid: 91.85
  Final Train: 86.48
   Final Test: 78.40
Run: 10, Epoch: 01, Loss: 1.6031
Run: 10, Epoch: 02, Loss: 0.8297
Run: 10, Epoch: 03, Loss: 0.7275
Run: 10, Epoch: 04, Loss: 0.6836
Run: 10, Epoch: 05, Loss: 0.6573
Run: 10, Epoch: 06, Loss: 0.6356
Run: 10, Epoch: 07, Loss: 0.6140
Run: 10, Epoch: 08, Loss: 0.6141
Run: 10, Epoch: 09, Loss: 0.5992
Run: 10, Epoch: 10, Loss: 0.5907
Run: 10, Epoch: 10, Train: 85.40%, Valid: 91.38% Test: 78.54%
Run: 10, Epoch: 11, Loss: 0.5826
Run: 10, Epoch: 12, Loss: 0.5781
Run: 10, Epoch: 12, Train: 85.63%, Valid: 91.51% Test: 79.25%
Run: 10, Epoch: 13, Loss: 0.5785
Run: 10, Epoch: 14, Loss: 0.5722
Run: 10, Epoch: 14, Train: 85.97%, Valid: 91.59% Test: 78.93%
Run: 10, Epoch: 15, Loss: 0.5711
Run: 10, Epoch: 16, Loss: 0.5632
Run: 10, Epoch: 16, Train: 86.20%, Valid: 91.64% Test: 78.49%
Run: 10, Epoch: 17, Loss: 0.5626
Run: 10, Epoch: 18, Loss: 0.5651
Run: 10, Epoch: 18, Train: 86.15%, Valid: 91.61% Test: 78.97%
Run: 10, Epoch: 19, Loss: 0.5635
Run: 10, Epoch: 20, Loss: 0.5630
Run: 10, Epoch: 20, Train: 86.36%, Valid: 91.59% Test: 78.47%
Run 10:
Highest Train: 86.36
Highest Valid: 91.64
  Final Train: 86.20
   Final Test: 78.49
All runs:
Highest Train: 86.45 ± 0.21
Highest Valid: 91.72 ± 0.06
  Final Train: 86.30 ± 0.11
   Final Test: 78.76 ± 0.35
