Namespace(device=0, log_steps=1, inductive=False, num_layers=3, hidden_channels=256, dropout=0.5, batch_size=20000, walk_length=3, lr=0.01, num_steps=30, epochs=20, eval_steps=2, runs=10, rsv=0.4, al='mem', alpha=0.9)
tensor([147936, 100314,   1272,  ..., 103203,  94975,  40589]) 78646
tensor([222340, 232877, 217134,  ..., 200958, 222104, 232108]) 15729
Run: 01, Epoch: 01, Loss: 1.3097
Run: 01, Epoch: 02, Loss: 0.5409
Run: 01, Epoch: 03, Loss: 0.4601
Run: 01, Epoch: 04, Loss: 0.4235
Run: 01, Epoch: 05, Loss: 0.4079
Run: 01, Epoch: 06, Loss: 0.3893
Run: 01, Epoch: 07, Loss: 0.3752
Run: 01, Epoch: 08, Loss: 0.3688
Run: 01, Epoch: 09, Loss: 0.3619
Run: 01, Epoch: 10, Loss: 0.3624
Run: 01, Epoch: 10, Train: 91.32%, Valid: 90.86% Test: 77.85%
Run: 01, Epoch: 11, Loss: 0.3557
Run: 01, Epoch: 12, Loss: 0.3451
Run: 01, Epoch: 12, Train: 91.66%, Valid: 91.00% Test: 77.33%
Run: 01, Epoch: 13, Loss: 0.3417
Run: 01, Epoch: 14, Loss: 0.3406
Run: 01, Epoch: 14, Train: 91.82%, Valid: 91.02% Test: 78.41%
Run: 01, Epoch: 15, Loss: 0.3393
Run: 01, Epoch: 16, Loss: 0.3381
Run: 01, Epoch: 16, Train: 91.92%, Valid: 91.16% Test: 78.27%
Run: 01, Epoch: 17, Loss: 0.3300
Run: 01, Epoch: 18, Loss: 0.3325
Run: 01, Epoch: 18, Train: 92.12%, Valid: 91.13% Test: 78.01%
Run: 01, Epoch: 19, Loss: 0.3302
Run: 01, Epoch: 20, Loss: 0.3289
Run: 01, Epoch: 20, Train: 92.20%, Valid: 90.97% Test: 78.15%
Run 01:
Highest Train: 92.20
Highest Valid: 91.16
  Final Train: 91.92
   Final Test: 78.27
Run: 02, Epoch: 01, Loss: 1.4233
Run: 02, Epoch: 02, Loss: 0.5578
Run: 02, Epoch: 03, Loss: 0.4702
Run: 02, Epoch: 04, Loss: 0.4310
Run: 02, Epoch: 05, Loss: 0.4082
Run: 02, Epoch: 06, Loss: 0.3895
Run: 02, Epoch: 07, Loss: 0.3805
Run: 02, Epoch: 08, Loss: 0.3732
Run: 02, Epoch: 09, Loss: 0.3702
Run: 02, Epoch: 10, Loss: 0.3583
Run: 02, Epoch: 10, Train: 91.46%, Valid: 90.95% Test: 78.07%
Run: 02, Epoch: 11, Loss: 0.3548
Run: 02, Epoch: 12, Loss: 0.3495
Run: 02, Epoch: 12, Train: 91.60%, Valid: 91.04% Test: 77.87%
Run: 02, Epoch: 13, Loss: 0.3423
Run: 02, Epoch: 14, Loss: 0.3402
Run: 02, Epoch: 14, Train: 91.67%, Valid: 91.10% Test: 78.01%
Run: 02, Epoch: 15, Loss: 0.3370
Run: 02, Epoch: 16, Loss: 0.3359
Run: 02, Epoch: 16, Train: 91.89%, Valid: 91.23% Test: 78.70%
Run: 02, Epoch: 17, Loss: 0.3326
Run: 02, Epoch: 18, Loss: 0.3299
Run: 02, Epoch: 18, Train: 92.15%, Valid: 91.31% Test: 77.60%
Run: 02, Epoch: 19, Loss: 0.3245
Run: 02, Epoch: 20, Loss: 0.3310
Run: 02, Epoch: 20, Train: 92.13%, Valid: 91.21% Test: 78.92%
Run 02:
Highest Train: 92.15
Highest Valid: 91.31
  Final Train: 92.15
   Final Test: 77.60
Run: 03, Epoch: 01, Loss: 1.4037
Run: 03, Epoch: 02, Loss: 0.5534
Run: 03, Epoch: 03, Loss: 0.4740
Run: 03, Epoch: 04, Loss: 0.4354
Run: 03, Epoch: 05, Loss: 0.4089
Run: 03, Epoch: 06, Loss: 0.3974
Run: 03, Epoch: 07, Loss: 0.3823
Run: 03, Epoch: 08, Loss: 0.3715
Run: 03, Epoch: 09, Loss: 0.3688
Run: 03, Epoch: 10, Loss: 0.3612
Run: 03, Epoch: 10, Train: 91.11%, Valid: 90.81% Test: 77.78%
Run: 03, Epoch: 11, Loss: 0.3571
Run: 03, Epoch: 12, Loss: 0.3528
Run: 03, Epoch: 12, Train: 91.43%, Valid: 91.10% Test: 78.26%
Run: 03, Epoch: 13, Loss: 0.3522
Run: 03, Epoch: 14, Loss: 0.3464
Run: 03, Epoch: 14, Train: 91.64%, Valid: 90.97% Test: 78.09%
Run: 03, Epoch: 15, Loss: 0.3405
Run: 03, Epoch: 16, Loss: 0.3410
Run: 03, Epoch: 16, Train: 91.89%, Valid: 91.16% Test: 78.85%
Run: 03, Epoch: 17, Loss: 0.3387
Run: 03, Epoch: 18, Loss: 0.3392
Run: 03, Epoch: 18, Train: 92.03%, Valid: 91.18% Test: 78.73%
Run: 03, Epoch: 19, Loss: 0.3358
Run: 03, Epoch: 20, Loss: 0.3308
Run: 03, Epoch: 20, Train: 92.12%, Valid: 91.23% Test: 77.94%
Run 03:
Highest Train: 92.12
Highest Valid: 91.23
  Final Train: 92.12
   Final Test: 77.94
Run: 04, Epoch: 01, Loss: 1.2989
Run: 04, Epoch: 02, Loss: 0.5316
Run: 04, Epoch: 03, Loss: 0.4539
Run: 04, Epoch: 04, Loss: 0.4240
Run: 04, Epoch: 05, Loss: 0.4025
Run: 04, Epoch: 06, Loss: 0.3875
Run: 04, Epoch: 07, Loss: 0.3793
Run: 04, Epoch: 08, Loss: 0.3675
Run: 04, Epoch: 09, Loss: 0.3633
Run: 04, Epoch: 10, Loss: 0.3580
Run: 04, Epoch: 10, Train: 91.40%, Valid: 90.91% Test: 78.30%
Run: 04, Epoch: 11, Loss: 0.3466
Run: 04, Epoch: 12, Loss: 0.3434
Run: 04, Epoch: 12, Train: 91.75%, Valid: 91.07% Test: 78.35%
Run: 04, Epoch: 13, Loss: 0.3402
Run: 04, Epoch: 14, Loss: 0.3350
Run: 04, Epoch: 14, Train: 91.99%, Valid: 91.31% Test: 77.36%
Run: 04, Epoch: 15, Loss: 0.3363
Run: 04, Epoch: 16, Loss: 0.3405
Run: 04, Epoch: 16, Train: 92.04%, Valid: 91.21% Test: 77.86%
Run: 04, Epoch: 17, Loss: 0.3346
Run: 04, Epoch: 18, Loss: 0.3329
Run: 04, Epoch: 18, Train: 92.03%, Valid: 91.40% Test: 77.60%
Run: 04, Epoch: 19, Loss: 0.3284
Run: 04, Epoch: 20, Loss: 0.3222
Run: 04, Epoch: 20, Train: 92.19%, Valid: 91.10% Test: 78.05%
Run 04:
Highest Train: 92.19
Highest Valid: 91.40
  Final Train: 92.03
   Final Test: 77.60
Run: 05, Epoch: 01, Loss: 1.2596
Run: 05, Epoch: 02, Loss: 0.5366
Run: 05, Epoch: 03, Loss: 0.4595
Run: 05, Epoch: 04, Loss: 0.4257
Run: 05, Epoch: 05, Loss: 0.3996
Run: 05, Epoch: 06, Loss: 0.3859
Run: 05, Epoch: 07, Loss: 0.3774
Run: 05, Epoch: 08, Loss: 0.3682
Run: 05, Epoch: 09, Loss: 0.3620
Run: 05, Epoch: 10, Loss: 0.3560
Run: 05, Epoch: 10, Train: 91.27%, Valid: 90.98% Test: 77.43%
Run: 05, Epoch: 11, Loss: 0.3514
Run: 05, Epoch: 12, Loss: 0.3468
Run: 05, Epoch: 12, Train: 91.62%, Valid: 90.88% Test: 77.37%
Run: 05, Epoch: 13, Loss: 0.3432
Run: 05, Epoch: 14, Loss: 0.3390
Run: 05, Epoch: 14, Train: 91.83%, Valid: 91.16% Test: 78.29%
Run: 05, Epoch: 15, Loss: 0.3339
Run: 05, Epoch: 16, Loss: 0.3316
Run: 05, Epoch: 16, Train: 92.00%, Valid: 91.20% Test: 78.29%
Run: 05, Epoch: 17, Loss: 0.3287
Run: 05, Epoch: 18, Loss: 0.3251
Run: 05, Epoch: 18, Train: 92.21%, Valid: 91.33% Test: 77.69%
Run: 05, Epoch: 19, Loss: 0.3235
Run: 05, Epoch: 20, Loss: 0.3264
Run: 05, Epoch: 20, Train: 92.38%, Valid: 91.30% Test: 78.22%
Run 05:
Highest Train: 92.38
Highest Valid: 91.33
  Final Train: 92.21
   Final Test: 77.69
Run: 06, Epoch: 01, Loss: 1.3447
Run: 06, Epoch: 02, Loss: 0.5460
Run: 06, Epoch: 03, Loss: 0.4664
Run: 06, Epoch: 04, Loss: 0.4223
Run: 06, Epoch: 05, Loss: 0.4097
Run: 06, Epoch: 06, Loss: 0.3925
Run: 06, Epoch: 07, Loss: 0.3807
Run: 06, Epoch: 08, Loss: 0.3661
Run: 06, Epoch: 09, Loss: 0.3602
Run: 06, Epoch: 10, Loss: 0.3612
Run: 06, Epoch: 10, Train: 91.36%, Valid: 90.85% Test: 78.17%
Run: 06, Epoch: 11, Loss: 0.3526
Run: 06, Epoch: 12, Loss: 0.3474
Run: 06, Epoch: 12, Train: 91.70%, Valid: 90.87% Test: 77.96%
Run: 06, Epoch: 13, Loss: 0.3454
Run: 06, Epoch: 14, Loss: 0.3352
Run: 06, Epoch: 14, Train: 91.84%, Valid: 90.87% Test: 78.35%
Run: 06, Epoch: 15, Loss: 0.3286
Run: 06, Epoch: 16, Loss: 0.3352
Run: 06, Epoch: 16, Train: 91.99%, Valid: 91.11% Test: 78.20%
Run: 06, Epoch: 17, Loss: 0.3333
Run: 06, Epoch: 18, Loss: 0.3305
Run: 06, Epoch: 18, Train: 92.14%, Valid: 91.12% Test: 78.24%
Run: 06, Epoch: 19, Loss: 0.3300
Run: 06, Epoch: 20, Loss: 0.3311
Run: 06, Epoch: 20, Train: 92.31%, Valid: 91.49% Test: 78.52%
Run 06:
Highest Train: 92.31
Highest Valid: 91.49
  Final Train: 92.31
   Final Test: 78.52
Run: 07, Epoch: 01, Loss: 1.3928
Run: 07, Epoch: 02, Loss: 0.5548
Run: 07, Epoch: 03, Loss: 0.4712
Run: 07, Epoch: 04, Loss: 0.4311
Run: 07, Epoch: 05, Loss: 0.4114
Run: 07, Epoch: 06, Loss: 0.3942
Run: 07, Epoch: 07, Loss: 0.3786
Run: 07, Epoch: 08, Loss: 0.3701
Run: 07, Epoch: 09, Loss: 0.3668
Run: 07, Epoch: 10, Loss: 0.3611
Run: 07, Epoch: 10, Train: 91.23%, Valid: 90.85% Test: 77.40%
Run: 07, Epoch: 11, Loss: 0.3565
Run: 07, Epoch: 12, Loss: 0.3501
Run: 07, Epoch: 12, Train: 91.63%, Valid: 91.04% Test: 77.42%
Run: 07, Epoch: 13, Loss: 0.3429
Run: 07, Epoch: 14, Loss: 0.3390
Run: 07, Epoch: 14, Train: 91.73%, Valid: 91.00% Test: 78.33%
Run: 07, Epoch: 15, Loss: 0.3374
Run: 07, Epoch: 16, Loss: 0.3435
Run: 07, Epoch: 16, Train: 91.93%, Valid: 91.29% Test: 77.58%
Run: 07, Epoch: 17, Loss: 0.3355
Run: 07, Epoch: 18, Loss: 0.3390
Run: 07, Epoch: 18, Train: 92.01%, Valid: 91.21% Test: 77.63%
Run: 07, Epoch: 19, Loss: 0.3366
Run: 07, Epoch: 20, Loss: 0.3356
Run: 07, Epoch: 20, Train: 91.99%, Valid: 90.98% Test: 78.44%
Run 07:
Highest Train: 92.01
Highest Valid: 91.29
  Final Train: 91.93
   Final Test: 77.58
Run: 08, Epoch: 01, Loss: 1.2718
Run: 08, Epoch: 02, Loss: 0.5307
Run: 08, Epoch: 03, Loss: 0.4574
Run: 08, Epoch: 04, Loss: 0.4225
Run: 08, Epoch: 05, Loss: 0.4003
Run: 08, Epoch: 06, Loss: 0.3844
Run: 08, Epoch: 07, Loss: 0.3714
Run: 08, Epoch: 08, Loss: 0.3682
Run: 08, Epoch: 09, Loss: 0.3632
Run: 08, Epoch: 10, Loss: 0.3547
Run: 08, Epoch: 10, Train: 91.18%, Valid: 90.83% Test: 77.75%
Run: 08, Epoch: 11, Loss: 0.3554
Run: 08, Epoch: 12, Loss: 0.3459
Run: 08, Epoch: 12, Train: 91.81%, Valid: 90.96% Test: 78.08%
Run: 08, Epoch: 13, Loss: 0.3398
Run: 08, Epoch: 14, Loss: 0.3392
Run: 08, Epoch: 14, Train: 91.87%, Valid: 91.14% Test: 78.50%
Run: 08, Epoch: 15, Loss: 0.3315
Run: 08, Epoch: 16, Loss: 0.3356
Run: 08, Epoch: 16, Train: 91.99%, Valid: 91.14% Test: 78.43%
Run: 08, Epoch: 17, Loss: 0.3297
Run: 08, Epoch: 18, Loss: 0.3330
Run: 08, Epoch: 18, Train: 92.18%, Valid: 90.97% Test: 78.00%
Run: 08, Epoch: 19, Loss: 0.3238
Run: 08, Epoch: 20, Loss: 0.3267
Run: 08, Epoch: 20, Train: 92.36%, Valid: 91.16% Test: 78.33%
Run 08:
Highest Train: 92.36
Highest Valid: 91.16
  Final Train: 92.36
   Final Test: 78.33
Run: 09, Epoch: 01, Loss: 1.3213
Run: 09, Epoch: 02, Loss: 0.5444
Run: 09, Epoch: 03, Loss: 0.4661
Run: 09, Epoch: 04, Loss: 0.4274
Run: 09, Epoch: 05, Loss: 0.4067
Run: 09, Epoch: 06, Loss: 0.3897
Run: 09, Epoch: 07, Loss: 0.3788
Run: 09, Epoch: 08, Loss: 0.3702
Run: 09, Epoch: 09, Loss: 0.3641
Run: 09, Epoch: 10, Loss: 0.3609
Run: 09, Epoch: 10, Train: 91.35%, Valid: 90.77% Test: 77.08%
Run: 09, Epoch: 11, Loss: 0.3540
Run: 09, Epoch: 12, Loss: 0.3415
Run: 09, Epoch: 12, Train: 91.52%, Valid: 90.83% Test: 78.28%
Run: 09, Epoch: 13, Loss: 0.3444
Run: 09, Epoch: 14, Loss: 0.3392
Run: 09, Epoch: 14, Train: 91.73%, Valid: 90.88% Test: 77.07%
Run: 09, Epoch: 15, Loss: 0.3407
Run: 09, Epoch: 16, Loss: 0.3333
Run: 09, Epoch: 16, Train: 91.98%, Valid: 91.04% Test: 78.58%
Run: 09, Epoch: 17, Loss: 0.3279
Run: 09, Epoch: 18, Loss: 0.3296
Run: 09, Epoch: 18, Train: 92.20%, Valid: 91.06% Test: 77.78%
Run: 09, Epoch: 19, Loss: 0.3286
Run: 09, Epoch: 20, Loss: 0.3272
Run: 09, Epoch: 20, Train: 92.26%, Valid: 91.21% Test: 78.02%
Run 09:
Highest Train: 92.26
Highest Valid: 91.21
  Final Train: 92.26
   Final Test: 78.02
Run: 10, Epoch: 01, Loss: 1.3377
Run: 10, Epoch: 02, Loss: 0.5444
Run: 10, Epoch: 03, Loss: 0.4625
Run: 10, Epoch: 04, Loss: 0.4281
Run: 10, Epoch: 05, Loss: 0.4096
Run: 10, Epoch: 06, Loss: 0.3953
Run: 10, Epoch: 07, Loss: 0.3754
Run: 10, Epoch: 08, Loss: 0.3694
Run: 10, Epoch: 09, Loss: 0.3624
Run: 10, Epoch: 10, Loss: 0.3557
Run: 10, Epoch: 10, Train: 91.54%, Valid: 90.91% Test: 78.35%
Run: 10, Epoch: 11, Loss: 0.3497
Run: 10, Epoch: 12, Loss: 0.3458
Run: 10, Epoch: 12, Train: 91.67%, Valid: 91.03% Test: 78.49%
Run: 10, Epoch: 13, Loss: 0.3448
Run: 10, Epoch: 14, Loss: 0.3416
Run: 10, Epoch: 14, Train: 91.73%, Valid: 90.96% Test: 77.97%
Run: 10, Epoch: 15, Loss: 0.3469
Run: 10, Epoch: 16, Loss: 0.3336
Run: 10, Epoch: 16, Train: 91.98%, Valid: 91.03% Test: 78.41%
Run: 10, Epoch: 17, Loss: 0.3323
Run: 10, Epoch: 18, Loss: 0.3309
Run: 10, Epoch: 18, Train: 92.24%, Valid: 91.13% Test: 78.27%
Run: 10, Epoch: 19, Loss: 0.3296
Run: 10, Epoch: 20, Loss: 0.3305
Run: 10, Epoch: 20, Train: 92.44%, Valid: 91.29% Test: 78.45%
Run 10:
Highest Train: 92.44
Highest Valid: 91.29
  Final Train: 92.44
   Final Test: 78.45
All runs:
Highest Train: 92.24 ± 0.13
Highest Valid: 91.29 ± 0.11
  Final Train: 92.17 ± 0.18
   Final Test: 78.00 ± 0.37
