Namespace(device=0, log_steps=1, inductive=False, num_layers=3, hidden_channels=256, dropout=0.5, batch_size=20000, walk_length=3, lr=0.01, num_steps=30, epochs=20, eval_steps=2, runs=10, rsv=0.4, al='mem', alpha=0.7)
tensor([147936, 100314,   1272,  ..., 183693,  66378,  21259]) 78646
tensor([222340, 232877, 217134,  ..., 200958, 222104, 232108]) 15729
Run: 01, Epoch: 01, Loss: 1.4748
Run: 01, Epoch: 02, Loss: 0.6544
Run: 01, Epoch: 03, Loss: 0.5628
Run: 01, Epoch: 04, Loss: 0.5255
Run: 01, Epoch: 05, Loss: 0.5029
Run: 01, Epoch: 06, Loss: 0.4820
Run: 01, Epoch: 07, Loss: 0.4663
Run: 01, Epoch: 08, Loss: 0.4615
Run: 01, Epoch: 09, Loss: 0.4519
Run: 01, Epoch: 10, Loss: 0.4488
Run: 01, Epoch: 10, Train: 89.19%, Valid: 91.01% Test: 78.40%
Run: 01, Epoch: 11, Loss: 0.4392
Run: 01, Epoch: 12, Loss: 0.4304
Run: 01, Epoch: 12, Train: 89.49%, Valid: 91.18% Test: 78.42%
Run: 01, Epoch: 13, Loss: 0.4267
Run: 01, Epoch: 14, Loss: 0.4276
Run: 01, Epoch: 14, Train: 89.53%, Valid: 91.16% Test: 78.51%
Run: 01, Epoch: 15, Loss: 0.4230
Run: 01, Epoch: 16, Loss: 0.4203
Run: 01, Epoch: 16, Train: 89.79%, Valid: 91.43% Test: 78.69%
Run: 01, Epoch: 17, Loss: 0.4139
Run: 01, Epoch: 18, Loss: 0.4144
Run: 01, Epoch: 18, Train: 90.09%, Valid: 91.43% Test: 78.10%
Run: 01, Epoch: 19, Loss: 0.4123
Run: 01, Epoch: 20, Loss: 0.4090
Run: 01, Epoch: 20, Train: 90.10%, Valid: 91.19% Test: 78.37%
Run 01:
Highest Train: 90.10
Highest Valid: 91.43
  Final Train: 89.79
   Final Test: 78.69
Run: 02, Epoch: 01, Loss: 1.6067
Run: 02, Epoch: 02, Loss: 0.6695
Run: 02, Epoch: 03, Loss: 0.5713
Run: 02, Epoch: 04, Loss: 0.5289
Run: 02, Epoch: 05, Loss: 0.5031
Run: 02, Epoch: 06, Loss: 0.4828
Run: 02, Epoch: 07, Loss: 0.4704
Run: 02, Epoch: 08, Loss: 0.4617
Run: 02, Epoch: 09, Loss: 0.4600
Run: 02, Epoch: 10, Loss: 0.4466
Run: 02, Epoch: 10, Train: 89.01%, Valid: 90.95% Test: 78.25%
Run: 02, Epoch: 11, Loss: 0.4415
Run: 02, Epoch: 12, Loss: 0.4390
Run: 02, Epoch: 12, Train: 89.15%, Valid: 91.13% Test: 77.46%
Run: 02, Epoch: 13, Loss: 0.4279
Run: 02, Epoch: 14, Loss: 0.4267
Run: 02, Epoch: 14, Train: 89.52%, Valid: 91.32% Test: 78.19%
Run: 02, Epoch: 15, Loss: 0.4266
Run: 02, Epoch: 16, Loss: 0.4203
Run: 02, Epoch: 16, Train: 89.85%, Valid: 91.38% Test: 78.67%
Run: 02, Epoch: 17, Loss: 0.4201
Run: 02, Epoch: 18, Loss: 0.4164
Run: 02, Epoch: 18, Train: 89.91%, Valid: 91.20% Test: 77.77%
Run: 02, Epoch: 19, Loss: 0.4104
Run: 02, Epoch: 20, Loss: 0.4109
Run: 02, Epoch: 20, Train: 89.93%, Valid: 91.25% Test: 78.45%
Run 02:
Highest Train: 89.93
Highest Valid: 91.38
  Final Train: 89.85
   Final Test: 78.67
Run: 03, Epoch: 01, Loss: 1.5732
Run: 03, Epoch: 02, Loss: 0.6714
Run: 03, Epoch: 03, Loss: 0.5785
Run: 03, Epoch: 04, Loss: 0.5327
Run: 03, Epoch: 05, Loss: 0.5066
Run: 03, Epoch: 06, Loss: 0.4910
Run: 03, Epoch: 07, Loss: 0.4727
Run: 03, Epoch: 08, Loss: 0.4637
Run: 03, Epoch: 09, Loss: 0.4571
Run: 03, Epoch: 10, Loss: 0.4451
Run: 03, Epoch: 10, Train: 89.00%, Valid: 91.01% Test: 77.82%
Run: 03, Epoch: 11, Loss: 0.4405
Run: 03, Epoch: 12, Loss: 0.4425
Run: 03, Epoch: 12, Train: 89.18%, Valid: 91.06% Test: 78.13%
Run: 03, Epoch: 13, Loss: 0.4348
Run: 03, Epoch: 14, Loss: 0.4315
Run: 03, Epoch: 14, Train: 89.48%, Valid: 91.21% Test: 78.34%
Run: 03, Epoch: 15, Loss: 0.4309
Run: 03, Epoch: 16, Loss: 0.4309
Run: 03, Epoch: 16, Train: 89.65%, Valid: 90.98% Test: 78.40%
Run: 03, Epoch: 17, Loss: 0.4224
Run: 03, Epoch: 18, Loss: 0.4214
Run: 03, Epoch: 18, Train: 89.84%, Valid: 91.23% Test: 78.97%
Run: 03, Epoch: 19, Loss: 0.4175
Run: 03, Epoch: 20, Loss: 0.4168
Run: 03, Epoch: 20, Train: 89.84%, Valid: 91.32% Test: 77.77%
Run 03:
Highest Train: 89.84
Highest Valid: 91.32
  Final Train: 89.84
   Final Test: 77.77
Run: 04, Epoch: 01, Loss: 1.4619
Run: 04, Epoch: 02, Loss: 0.6500
Run: 04, Epoch: 03, Loss: 0.5579
Run: 04, Epoch: 04, Loss: 0.5198
Run: 04, Epoch: 05, Loss: 0.4961
Run: 04, Epoch: 06, Loss: 0.4816
Run: 04, Epoch: 07, Loss: 0.4738
Run: 04, Epoch: 08, Loss: 0.4580
Run: 04, Epoch: 09, Loss: 0.4527
Run: 04, Epoch: 10, Loss: 0.4470
Run: 04, Epoch: 10, Train: 89.06%, Valid: 91.04% Test: 78.36%
Run: 04, Epoch: 11, Loss: 0.4362
Run: 04, Epoch: 12, Loss: 0.4312
Run: 04, Epoch: 12, Train: 89.55%, Valid: 91.00% Test: 78.31%
Run: 04, Epoch: 13, Loss: 0.4263
Run: 04, Epoch: 14, Loss: 0.4210
Run: 04, Epoch: 14, Train: 89.67%, Valid: 91.29% Test: 78.21%
Run: 04, Epoch: 15, Loss: 0.4204
Run: 04, Epoch: 16, Loss: 0.4266
Run: 04, Epoch: 16, Train: 89.73%, Valid: 91.26% Test: 78.89%
Run: 04, Epoch: 17, Loss: 0.4185
Run: 04, Epoch: 18, Loss: 0.4172
Run: 04, Epoch: 18, Train: 89.99%, Valid: 91.37% Test: 78.23%
Run: 04, Epoch: 19, Loss: 0.4175
Run: 04, Epoch: 20, Loss: 0.4110
Run: 04, Epoch: 20, Train: 89.99%, Valid: 91.45% Test: 78.72%
Run 04:
Highest Train: 89.99
Highest Valid: 91.45
  Final Train: 89.99
   Final Test: 78.72
Run: 05, Epoch: 01, Loss: 1.3950
Run: 05, Epoch: 02, Loss: 0.6450
Run: 05, Epoch: 03, Loss: 0.5610
Run: 05, Epoch: 04, Loss: 0.5196
Run: 05, Epoch: 05, Loss: 0.4896
Run: 05, Epoch: 06, Loss: 0.4773
Run: 05, Epoch: 07, Loss: 0.4655
Run: 05, Epoch: 08, Loss: 0.4531
Run: 05, Epoch: 09, Loss: 0.4506
Run: 05, Epoch: 10, Loss: 0.4406
Run: 05, Epoch: 10, Train: 89.02%, Valid: 90.95% Test: 77.93%
Run: 05, Epoch: 11, Loss: 0.4364
Run: 05, Epoch: 12, Loss: 0.4307
Run: 05, Epoch: 12, Train: 89.48%, Valid: 91.03% Test: 77.59%
Run: 05, Epoch: 13, Loss: 0.4306
Run: 05, Epoch: 14, Loss: 0.4267
Run: 05, Epoch: 14, Train: 89.71%, Valid: 91.34% Test: 78.55%
Run: 05, Epoch: 15, Loss: 0.4250
Run: 05, Epoch: 16, Loss: 0.4153
Run: 05, Epoch: 16, Train: 89.61%, Valid: 91.16% Test: 78.54%
Run: 05, Epoch: 17, Loss: 0.4121
Run: 05, Epoch: 18, Loss: 0.4115
Run: 05, Epoch: 18, Train: 89.88%, Valid: 91.21% Test: 78.59%
Run: 05, Epoch: 19, Loss: 0.4086
Run: 05, Epoch: 20, Loss: 0.4126
Run: 05, Epoch: 20, Train: 90.23%, Valid: 91.44% Test: 78.76%
Run 05:
Highest Train: 90.23
Highest Valid: 91.44
  Final Train: 90.23
   Final Test: 78.76
Run: 06, Epoch: 01, Loss: 1.4825
Run: 06, Epoch: 02, Loss: 0.6571
Run: 06, Epoch: 03, Loss: 0.5662
Run: 06, Epoch: 04, Loss: 0.5188
Run: 06, Epoch: 05, Loss: 0.5023
Run: 06, Epoch: 06, Loss: 0.4848
Run: 06, Epoch: 07, Loss: 0.4686
Run: 06, Epoch: 08, Loss: 0.4564
Run: 06, Epoch: 09, Loss: 0.4471
Run: 06, Epoch: 10, Loss: 0.4458
Run: 06, Epoch: 10, Train: 89.12%, Valid: 91.21% Test: 78.12%
Run: 06, Epoch: 11, Loss: 0.4341
Run: 06, Epoch: 12, Loss: 0.4341
Run: 06, Epoch: 12, Train: 89.49%, Valid: 91.05% Test: 77.36%
Run: 06, Epoch: 13, Loss: 0.4282
Run: 06, Epoch: 14, Loss: 0.4191
Run: 06, Epoch: 14, Train: 89.60%, Valid: 91.19% Test: 78.43%
Run: 06, Epoch: 15, Loss: 0.4170
Run: 06, Epoch: 16, Loss: 0.4218
Run: 06, Epoch: 16, Train: 89.68%, Valid: 91.56% Test: 78.15%
Run: 06, Epoch: 17, Loss: 0.4159
Run: 06, Epoch: 18, Loss: 0.4160
Run: 06, Epoch: 18, Train: 89.93%, Valid: 91.50% Test: 78.56%
Run: 06, Epoch: 19, Loss: 0.4129
Run: 06, Epoch: 20, Loss: 0.4123
Run: 06, Epoch: 20, Train: 90.12%, Valid: 91.44% Test: 78.44%
Run 06:
Highest Train: 90.12
Highest Valid: 91.56
  Final Train: 89.68
   Final Test: 78.15
Run: 07, Epoch: 01, Loss: 1.5546
Run: 07, Epoch: 02, Loss: 0.6729
Run: 07, Epoch: 03, Loss: 0.5788
Run: 07, Epoch: 04, Loss: 0.5267
Run: 07, Epoch: 05, Loss: 0.5025
Run: 07, Epoch: 06, Loss: 0.4861
Run: 07, Epoch: 07, Loss: 0.4666
Run: 07, Epoch: 08, Loss: 0.4571
Run: 07, Epoch: 09, Loss: 0.4499
Run: 07, Epoch: 10, Loss: 0.4495
Run: 07, Epoch: 10, Train: 89.01%, Valid: 91.03% Test: 77.73%
Run: 07, Epoch: 11, Loss: 0.4408
Run: 07, Epoch: 12, Loss: 0.4349
Run: 07, Epoch: 12, Train: 89.26%, Valid: 90.97% Test: 78.02%
Run: 07, Epoch: 13, Loss: 0.4283
Run: 07, Epoch: 14, Loss: 0.4253
Run: 07, Epoch: 14, Train: 89.61%, Valid: 91.13% Test: 78.34%
Run: 07, Epoch: 15, Loss: 0.4216
Run: 07, Epoch: 16, Loss: 0.4254
Run: 07, Epoch: 16, Train: 89.86%, Valid: 91.35% Test: 77.64%
Run: 07, Epoch: 17, Loss: 0.4159
Run: 07, Epoch: 18, Loss: 0.4210
Run: 07, Epoch: 18, Train: 89.87%, Valid: 91.40% Test: 78.35%
Run: 07, Epoch: 19, Loss: 0.4166
Run: 07, Epoch: 20, Loss: 0.4150
Run: 07, Epoch: 20, Train: 90.02%, Valid: 91.21% Test: 78.27%
Run 07:
Highest Train: 90.02
Highest Valid: 91.40
  Final Train: 89.87
   Final Test: 78.35
Run: 08, Epoch: 01, Loss: 1.4186
Run: 08, Epoch: 02, Loss: 0.6447
Run: 08, Epoch: 03, Loss: 0.5582
Run: 08, Epoch: 04, Loss: 0.5180
Run: 08, Epoch: 05, Loss: 0.4958
Run: 08, Epoch: 06, Loss: 0.4801
Run: 08, Epoch: 07, Loss: 0.4631
Run: 08, Epoch: 08, Loss: 0.4621
Run: 08, Epoch: 09, Loss: 0.4531
Run: 08, Epoch: 10, Loss: 0.4442
Run: 08, Epoch: 10, Train: 89.00%, Valid: 91.05% Test: 77.88%
Run: 08, Epoch: 11, Loss: 0.4382
Run: 08, Epoch: 12, Loss: 0.4291
Run: 08, Epoch: 12, Train: 89.53%, Valid: 91.32% Test: 78.87%
Run: 08, Epoch: 13, Loss: 0.4248
Run: 08, Epoch: 14, Loss: 0.4245
Run: 08, Epoch: 14, Train: 89.76%, Valid: 91.34% Test: 78.30%
Run: 08, Epoch: 15, Loss: 0.4175
Run: 08, Epoch: 16, Loss: 0.4204
Run: 08, Epoch: 16, Train: 90.00%, Valid: 91.35% Test: 78.49%
Run: 08, Epoch: 17, Loss: 0.4177
Run: 08, Epoch: 18, Loss: 0.4197
Run: 08, Epoch: 18, Train: 90.04%, Valid: 91.35% Test: 78.38%
Run: 08, Epoch: 19, Loss: 0.4081
Run: 08, Epoch: 20, Loss: 0.4116
Run: 08, Epoch: 20, Train: 90.02%, Valid: 91.33% Test: 78.66%
Run 08:
Highest Train: 90.04
Highest Valid: 91.35
  Final Train: 90.00
   Final Test: 78.49
Run: 09, Epoch: 01, Loss: 1.4560
Run: 09, Epoch: 02, Loss: 0.6442
Run: 09, Epoch: 03, Loss: 0.5574
Run: 09, Epoch: 04, Loss: 0.5195
Run: 09, Epoch: 05, Loss: 0.4984
Run: 09, Epoch: 06, Loss: 0.4768
Run: 09, Epoch: 07, Loss: 0.4651
Run: 09, Epoch: 08, Loss: 0.4560
Run: 09, Epoch: 09, Loss: 0.4521
Run: 09, Epoch: 10, Loss: 0.4395
Run: 09, Epoch: 10, Train: 89.13%, Valid: 90.98% Test: 77.46%
Run: 09, Epoch: 11, Loss: 0.4339
Run: 09, Epoch: 12, Loss: 0.4284
Run: 09, Epoch: 12, Train: 89.09%, Valid: 90.85% Test: 78.05%
Run: 09, Epoch: 13, Loss: 0.4322
Run: 09, Epoch: 14, Loss: 0.4312
Run: 09, Epoch: 14, Train: 89.53%, Valid: 91.27% Test: 77.91%
Run: 09, Epoch: 15, Loss: 0.4252
Run: 09, Epoch: 16, Loss: 0.4189
Run: 09, Epoch: 16, Train: 89.81%, Valid: 91.30% Test: 78.69%
Run: 09, Epoch: 17, Loss: 0.4102
Run: 09, Epoch: 18, Loss: 0.4116
Run: 09, Epoch: 18, Train: 89.98%, Valid: 91.37% Test: 78.19%
Run: 09, Epoch: 19, Loss: 0.4071
Run: 09, Epoch: 20, Loss: 0.4072
Run: 09, Epoch: 20, Train: 90.08%, Valid: 91.42% Test: 78.40%
Run 09:
Highest Train: 90.08
Highest Valid: 91.42
  Final Train: 90.08
   Final Test: 78.40
Run: 10, Epoch: 01, Loss: 1.4826
Run: 10, Epoch: 02, Loss: 0.6557
Run: 10, Epoch: 03, Loss: 0.5610
Run: 10, Epoch: 04, Loss: 0.5251
Run: 10, Epoch: 05, Loss: 0.5018
Run: 10, Epoch: 06, Loss: 0.4813
Run: 10, Epoch: 07, Loss: 0.4620
Run: 10, Epoch: 08, Loss: 0.4584
Run: 10, Epoch: 09, Loss: 0.4527
Run: 10, Epoch: 10, Loss: 0.4432
Run: 10, Epoch: 10, Train: 89.12%, Valid: 91.11% Test: 77.54%
Run: 10, Epoch: 11, Loss: 0.4347
Run: 10, Epoch: 12, Loss: 0.4314
Run: 10, Epoch: 12, Train: 89.35%, Valid: 91.07% Test: 78.43%
Run: 10, Epoch: 13, Loss: 0.4333
Run: 10, Epoch: 14, Loss: 0.4242
Run: 10, Epoch: 14, Train: 89.49%, Valid: 91.00% Test: 78.87%
Run: 10, Epoch: 15, Loss: 0.4263
Run: 10, Epoch: 16, Loss: 0.4123
Run: 10, Epoch: 16, Train: 89.72%, Valid: 91.28% Test: 78.76%
Run: 10, Epoch: 17, Loss: 0.4138
Run: 10, Epoch: 18, Loss: 0.4124
Run: 10, Epoch: 18, Train: 89.92%, Valid: 91.25% Test: 78.40%
Run: 10, Epoch: 19, Loss: 0.4146
Run: 10, Epoch: 20, Loss: 0.4141
Run: 10, Epoch: 20, Train: 90.25%, Valid: 91.32% Test: 78.46%
Run 10:
Highest Train: 90.25
Highest Valid: 91.32
  Final Train: 90.25
   Final Test: 78.46
All runs:
Highest Train: 90.06 ± 0.13
Highest Valid: 91.41 ± 0.07
  Final Train: 89.96 ± 0.19
   Final Test: 78.45 ± 0.31
