Namespace(device=0, log_steps=1, inductive=False, num_layers=3, hidden_channels=256, dropout=0.5, batch_size=20000, walk_length=3, lr=0.01, num_steps=30, epochs=20, eval_steps=2, runs=10, rsv=0.4, al='mem', alpha=0.8)
tensor([147936, 100314,   1272,  ...,  76650,  15610,  82881]) 78646
tensor([222340, 232877, 217134,  ..., 200958, 222104, 232108]) 15729
Run: 01, Epoch: 01, Loss: 1.3766
Run: 01, Epoch: 02, Loss: 0.5913
Run: 01, Epoch: 03, Loss: 0.5031
Run: 01, Epoch: 04, Loss: 0.4657
Run: 01, Epoch: 05, Loss: 0.4492
Run: 01, Epoch: 06, Loss: 0.4287
Run: 01, Epoch: 07, Loss: 0.4118
Run: 01, Epoch: 08, Loss: 0.4105
Run: 01, Epoch: 09, Loss: 0.4028
Run: 01, Epoch: 10, Loss: 0.4010
Run: 01, Epoch: 10, Train: 90.30%, Valid: 91.01% Test: 77.97%
Run: 01, Epoch: 11, Loss: 0.3917
Run: 01, Epoch: 12, Loss: 0.3798
Run: 01, Epoch: 12, Train: 90.68%, Valid: 91.16% Test: 78.07%
Run: 01, Epoch: 13, Loss: 0.3786
Run: 01, Epoch: 14, Loss: 0.3774
Run: 01, Epoch: 14, Train: 90.86%, Valid: 91.15% Test: 78.47%
Run: 01, Epoch: 15, Loss: 0.3695
Run: 01, Epoch: 16, Loss: 0.3719
Run: 01, Epoch: 16, Train: 91.15%, Valid: 91.31% Test: 78.48%
Run: 01, Epoch: 17, Loss: 0.3637
Run: 01, Epoch: 18, Loss: 0.3694
Run: 01, Epoch: 18, Train: 91.25%, Valid: 91.29% Test: 77.75%
Run: 01, Epoch: 19, Loss: 0.3656
Run: 01, Epoch: 20, Loss: 0.3626
Run: 01, Epoch: 20, Train: 91.24%, Valid: 91.21% Test: 78.05%
Run 01:
Highest Train: 91.25
Highest Valid: 91.31
  Final Train: 91.15
   Final Test: 78.48
Run: 02, Epoch: 01, Loss: 1.4835
Run: 02, Epoch: 02, Loss: 0.6030
Run: 02, Epoch: 03, Loss: 0.5110
Run: 02, Epoch: 04, Loss: 0.4731
Run: 02, Epoch: 05, Loss: 0.4453
Run: 02, Epoch: 06, Loss: 0.4278
Run: 02, Epoch: 07, Loss: 0.4158
Run: 02, Epoch: 08, Loss: 0.4092
Run: 02, Epoch: 09, Loss: 0.4071
Run: 02, Epoch: 10, Loss: 0.3925
Run: 02, Epoch: 10, Train: 90.38%, Valid: 91.13% Test: 78.28%
Run: 02, Epoch: 11, Loss: 0.3874
Run: 02, Epoch: 12, Loss: 0.3865
Run: 02, Epoch: 12, Train: 90.50%, Valid: 91.02% Test: 77.91%
Run: 02, Epoch: 13, Loss: 0.3745
Run: 02, Epoch: 14, Loss: 0.3755
Run: 02, Epoch: 14, Train: 90.69%, Valid: 91.14% Test: 77.78%
Run: 02, Epoch: 15, Loss: 0.3746
Run: 02, Epoch: 16, Loss: 0.3706
Run: 02, Epoch: 16, Train: 90.96%, Valid: 91.16% Test: 78.44%
Run: 02, Epoch: 17, Loss: 0.3696
Run: 02, Epoch: 18, Loss: 0.3678
Run: 02, Epoch: 18, Train: 91.15%, Valid: 91.21% Test: 77.67%
Run: 02, Epoch: 19, Loss: 0.3597
Run: 02, Epoch: 20, Loss: 0.3654
Run: 02, Epoch: 20, Train: 91.05%, Valid: 91.28% Test: 78.38%
Run 02:
Highest Train: 91.15
Highest Valid: 91.28
  Final Train: 91.05
   Final Test: 78.38
Run: 03, Epoch: 01, Loss: 1.4634
Run: 03, Epoch: 02, Loss: 0.6014
Run: 03, Epoch: 03, Loss: 0.5164
Run: 03, Epoch: 04, Loss: 0.4772
Run: 03, Epoch: 05, Loss: 0.4494
Run: 03, Epoch: 06, Loss: 0.4391
Run: 03, Epoch: 07, Loss: 0.4196
Run: 03, Epoch: 08, Loss: 0.4118
Run: 03, Epoch: 09, Loss: 0.4051
Run: 03, Epoch: 10, Loss: 0.3953
Run: 03, Epoch: 10, Train: 90.24%, Valid: 90.90% Test: 77.99%
Run: 03, Epoch: 11, Loss: 0.3917
Run: 03, Epoch: 12, Loss: 0.3879
Run: 03, Epoch: 12, Train: 90.61%, Valid: 91.17% Test: 78.45%
Run: 03, Epoch: 13, Loss: 0.3853
Run: 03, Epoch: 14, Loss: 0.3784
Run: 03, Epoch: 14, Train: 90.86%, Valid: 91.28% Test: 78.02%
Run: 03, Epoch: 15, Loss: 0.3788
Run: 03, Epoch: 16, Loss: 0.3829
Run: 03, Epoch: 16, Train: 90.74%, Valid: 91.22% Test: 78.34%
Run: 03, Epoch: 17, Loss: 0.3736
Run: 03, Epoch: 18, Loss: 0.3719
Run: 03, Epoch: 18, Train: 90.99%, Valid: 91.22% Test: 78.97%
Run: 03, Epoch: 19, Loss: 0.3704
Run: 03, Epoch: 20, Loss: 0.3668
Run: 03, Epoch: 20, Train: 91.03%, Valid: 91.18% Test: 77.54%
Run 03:
Highest Train: 91.03
Highest Valid: 91.28
  Final Train: 90.86
   Final Test: 78.02
Run: 04, Epoch: 01, Loss: 1.3690
Run: 04, Epoch: 02, Loss: 0.5826
Run: 04, Epoch: 03, Loss: 0.4982
Run: 04, Epoch: 04, Loss: 0.4631
Run: 04, Epoch: 05, Loss: 0.4429
Run: 04, Epoch: 06, Loss: 0.4275
Run: 04, Epoch: 07, Loss: 0.4180
Run: 04, Epoch: 08, Loss: 0.4073
Run: 04, Epoch: 09, Loss: 0.4004
Run: 04, Epoch: 10, Loss: 0.3936
Run: 04, Epoch: 10, Train: 90.35%, Valid: 91.06% Test: 78.31%
Run: 04, Epoch: 11, Loss: 0.3839
Run: 04, Epoch: 12, Loss: 0.3805
Run: 04, Epoch: 12, Train: 90.68%, Valid: 91.14% Test: 78.19%
Run: 04, Epoch: 13, Loss: 0.3796
Run: 04, Epoch: 14, Loss: 0.3743
Run: 04, Epoch: 14, Train: 90.74%, Valid: 91.16% Test: 77.40%
Run: 04, Epoch: 15, Loss: 0.3751
Run: 04, Epoch: 16, Loss: 0.3788
Run: 04, Epoch: 16, Train: 90.98%, Valid: 91.28% Test: 78.26%
Run: 04, Epoch: 17, Loss: 0.3718
Run: 04, Epoch: 18, Loss: 0.3740
Run: 04, Epoch: 18, Train: 91.15%, Valid: 91.15% Test: 77.14%
Run: 04, Epoch: 19, Loss: 0.3659
Run: 04, Epoch: 20, Loss: 0.3603
Run: 04, Epoch: 20, Train: 91.16%, Valid: 91.37% Test: 78.21%
Run 04:
Highest Train: 91.16
Highest Valid: 91.37
  Final Train: 91.16
   Final Test: 78.21
Run: 05, Epoch: 01, Loss: 1.3072
Run: 05, Epoch: 02, Loss: 0.5821
Run: 05, Epoch: 03, Loss: 0.5040
Run: 05, Epoch: 04, Loss: 0.4655
Run: 05, Epoch: 05, Loss: 0.4379
Run: 05, Epoch: 06, Loss: 0.4229
Run: 05, Epoch: 07, Loss: 0.4141
Run: 05, Epoch: 08, Loss: 0.4029
Run: 05, Epoch: 09, Loss: 0.3984
Run: 05, Epoch: 10, Loss: 0.3922
Run: 05, Epoch: 10, Train: 90.29%, Valid: 90.91% Test: 77.63%
Run: 05, Epoch: 11, Loss: 0.3877
Run: 05, Epoch: 12, Loss: 0.3801
Run: 05, Epoch: 12, Train: 90.59%, Valid: 90.88% Test: 77.35%
Run: 05, Epoch: 13, Loss: 0.3787
Run: 05, Epoch: 14, Loss: 0.3747
Run: 05, Epoch: 14, Train: 90.90%, Valid: 91.23% Test: 78.10%
Run: 05, Epoch: 15, Loss: 0.3716
Run: 05, Epoch: 16, Loss: 0.3695
Run: 05, Epoch: 16, Train: 91.04%, Valid: 91.40% Test: 77.76%
Run: 05, Epoch: 17, Loss: 0.3649
Run: 05, Epoch: 18, Loss: 0.3620
Run: 05, Epoch: 18, Train: 91.15%, Valid: 91.27% Test: 77.99%
Run: 05, Epoch: 19, Loss: 0.3579
Run: 05, Epoch: 20, Loss: 0.3648
Run: 05, Epoch: 20, Train: 91.41%, Valid: 91.32% Test: 77.98%
Run 05:
Highest Train: 91.41
Highest Valid: 91.40
  Final Train: 91.04
   Final Test: 77.76
Run: 06, Epoch: 01, Loss: 1.3981
Run: 06, Epoch: 02, Loss: 0.5987
Run: 06, Epoch: 03, Loss: 0.5117
Run: 06, Epoch: 04, Loss: 0.4638
Run: 06, Epoch: 05, Loss: 0.4506
Run: 06, Epoch: 06, Loss: 0.4335
Run: 06, Epoch: 07, Loss: 0.4165
Run: 06, Epoch: 08, Loss: 0.4041
Run: 06, Epoch: 09, Loss: 0.3971
Run: 06, Epoch: 10, Loss: 0.3979
Run: 06, Epoch: 10, Train: 90.42%, Valid: 91.04% Test: 78.14%
Run: 06, Epoch: 11, Loss: 0.3854
Run: 06, Epoch: 12, Loss: 0.3851
Run: 06, Epoch: 12, Train: 90.78%, Valid: 91.07% Test: 77.96%
Run: 06, Epoch: 13, Loss: 0.3832
Run: 06, Epoch: 14, Loss: 0.3756
Run: 06, Epoch: 14, Train: 90.87%, Valid: 91.01% Test: 78.45%
Run: 06, Epoch: 15, Loss: 0.3707
Run: 06, Epoch: 16, Loss: 0.3730
Run: 06, Epoch: 16, Train: 90.83%, Valid: 91.21% Test: 77.91%
Run: 06, Epoch: 17, Loss: 0.3682
Run: 06, Epoch: 18, Loss: 0.3680
Run: 06, Epoch: 18, Train: 91.22%, Valid: 91.37% Test: 78.67%
Run: 06, Epoch: 19, Loss: 0.3633
Run: 06, Epoch: 20, Loss: 0.3649
Run: 06, Epoch: 20, Train: 91.31%, Valid: 91.41% Test: 78.57%
Run 06:
Highest Train: 91.31
Highest Valid: 91.41
  Final Train: 91.31
   Final Test: 78.57
Run: 07, Epoch: 01, Loss: 1.4487
Run: 07, Epoch: 02, Loss: 0.6041
Run: 07, Epoch: 03, Loss: 0.5189
Run: 07, Epoch: 04, Loss: 0.4709
Run: 07, Epoch: 05, Loss: 0.4516
Run: 07, Epoch: 06, Loss: 0.4334
Run: 07, Epoch: 07, Loss: 0.4188
Run: 07, Epoch: 08, Loss: 0.4085
Run: 07, Epoch: 09, Loss: 0.4040
Run: 07, Epoch: 10, Loss: 0.4033
Run: 07, Epoch: 10, Train: 90.21%, Valid: 90.84% Test: 77.63%
Run: 07, Epoch: 11, Loss: 0.3936
Run: 07, Epoch: 12, Loss: 0.3862
Run: 07, Epoch: 12, Train: 90.54%, Valid: 91.12% Test: 77.78%
Run: 07, Epoch: 13, Loss: 0.3788
Run: 07, Epoch: 14, Loss: 0.3742
Run: 07, Epoch: 14, Train: 90.91%, Valid: 91.26% Test: 78.16%
Run: 07, Epoch: 15, Loss: 0.3702
Run: 07, Epoch: 16, Loss: 0.3765
Run: 07, Epoch: 16, Train: 91.04%, Valid: 91.35% Test: 77.53%
Run: 07, Epoch: 17, Loss: 0.3687
Run: 07, Epoch: 18, Loss: 0.3701
Run: 07, Epoch: 18, Train: 91.06%, Valid: 91.32% Test: 77.66%
Run: 07, Epoch: 19, Loss: 0.3648
Run: 07, Epoch: 20, Loss: 0.3643
Run: 07, Epoch: 20, Train: 91.25%, Valid: 91.35% Test: 78.32%
Run 07:
Highest Train: 91.25
Highest Valid: 91.35
  Final Train: 91.04
   Final Test: 77.53
Run: 08, Epoch: 01, Loss: 1.3333
Run: 08, Epoch: 02, Loss: 0.5855
Run: 08, Epoch: 03, Loss: 0.5028
Run: 08, Epoch: 04, Loss: 0.4636
Run: 08, Epoch: 05, Loss: 0.4441
Run: 08, Epoch: 06, Loss: 0.4251
Run: 08, Epoch: 07, Loss: 0.4123
Run: 08, Epoch: 08, Loss: 0.4074
Run: 08, Epoch: 09, Loss: 0.4013
Run: 08, Epoch: 10, Loss: 0.3946
Run: 08, Epoch: 10, Train: 90.27%, Valid: 90.79% Test: 77.82%
Run: 08, Epoch: 11, Loss: 0.3909
Run: 08, Epoch: 12, Loss: 0.3828
Run: 08, Epoch: 12, Train: 90.70%, Valid: 91.05% Test: 78.08%
Run: 08, Epoch: 13, Loss: 0.3761
Run: 08, Epoch: 14, Loss: 0.3747
Run: 08, Epoch: 14, Train: 90.93%, Valid: 91.19% Test: 78.13%
Run: 08, Epoch: 15, Loss: 0.3716
Run: 08, Epoch: 16, Loss: 0.3747
Run: 08, Epoch: 16, Train: 90.99%, Valid: 91.26% Test: 77.91%
Run: 08, Epoch: 17, Loss: 0.3711
Run: 08, Epoch: 18, Loss: 0.3692
Run: 08, Epoch: 18, Train: 90.95%, Valid: 91.05% Test: 78.10%
Run: 08, Epoch: 19, Loss: 0.3610
Run: 08, Epoch: 20, Loss: 0.3657
Run: 08, Epoch: 20, Train: 91.22%, Valid: 91.21% Test: 78.43%
Run 08:
Highest Train: 91.22
Highest Valid: 91.26
  Final Train: 90.99
   Final Test: 77.91
Run: 09, Epoch: 01, Loss: 1.3845
Run: 09, Epoch: 02, Loss: 0.5876
Run: 09, Epoch: 03, Loss: 0.5009
Run: 09, Epoch: 04, Loss: 0.4632
Run: 09, Epoch: 05, Loss: 0.4426
Run: 09, Epoch: 06, Loss: 0.4253
Run: 09, Epoch: 07, Loss: 0.4161
Run: 09, Epoch: 08, Loss: 0.4061
Run: 09, Epoch: 09, Loss: 0.4017
Run: 09, Epoch: 10, Loss: 0.3936
Run: 09, Epoch: 10, Train: 90.44%, Valid: 91.08% Test: 77.52%
Run: 09, Epoch: 11, Loss: 0.3862
Run: 09, Epoch: 12, Loss: 0.3765
Run: 09, Epoch: 12, Train: 90.44%, Valid: 90.83% Test: 77.82%
Run: 09, Epoch: 13, Loss: 0.3801
Run: 09, Epoch: 14, Loss: 0.3754
Run: 09, Epoch: 14, Train: 90.89%, Valid: 91.06% Test: 77.33%
Run: 09, Epoch: 15, Loss: 0.3730
Run: 09, Epoch: 16, Loss: 0.3695
Run: 09, Epoch: 16, Train: 90.98%, Valid: 91.18% Test: 78.06%
Run: 09, Epoch: 17, Loss: 0.3648
Run: 09, Epoch: 18, Loss: 0.3631
Run: 09, Epoch: 18, Train: 91.20%, Valid: 91.20% Test: 77.45%
Run: 09, Epoch: 19, Loss: 0.3618
Run: 09, Epoch: 20, Loss: 0.3616
Run: 09, Epoch: 20, Train: 91.49%, Valid: 91.46% Test: 78.34%
Run 09:
Highest Train: 91.49
Highest Valid: 91.46
  Final Train: 91.49
   Final Test: 78.34
Run: 10, Epoch: 01, Loss: 1.3982
Run: 10, Epoch: 02, Loss: 0.5931
Run: 10, Epoch: 03, Loss: 0.5041
Run: 10, Epoch: 04, Loss: 0.4700
Run: 10, Epoch: 05, Loss: 0.4492
Run: 10, Epoch: 06, Loss: 0.4306
Run: 10, Epoch: 07, Loss: 0.4137
Run: 10, Epoch: 08, Loss: 0.4108
Run: 10, Epoch: 09, Loss: 0.4044
Run: 10, Epoch: 10, Loss: 0.3933
Run: 10, Epoch: 10, Train: 90.40%, Valid: 91.09% Test: 77.63%
Run: 10, Epoch: 11, Loss: 0.3820
Run: 10, Epoch: 12, Loss: 0.3783
Run: 10, Epoch: 12, Train: 90.65%, Valid: 91.07% Test: 78.62%
Run: 10, Epoch: 13, Loss: 0.3836
Run: 10, Epoch: 14, Loss: 0.3782
Run: 10, Epoch: 14, Train: 90.72%, Valid: 91.14% Test: 78.09%
Run: 10, Epoch: 15, Loss: 0.3807
Run: 10, Epoch: 16, Loss: 0.3681
Run: 10, Epoch: 16, Train: 90.96%, Valid: 91.35% Test: 77.98%
Run: 10, Epoch: 17, Loss: 0.3693
Run: 10, Epoch: 18, Loss: 0.3667
Run: 10, Epoch: 18, Train: 91.23%, Valid: 91.36% Test: 78.16%
Run: 10, Epoch: 19, Loss: 0.3650
Run: 10, Epoch: 20, Loss: 0.3715
Run: 10, Epoch: 20, Train: 91.32%, Valid: 91.30% Test: 78.10%
Run 10:
Highest Train: 91.32
Highest Valid: 91.36
  Final Train: 91.23
   Final Test: 78.16
All runs:
Highest Train: 91.26 ± 0.13
Highest Valid: 91.35 ± 0.06
  Final Train: 91.13 ± 0.18
   Final Test: 78.14 ± 0.33
