Namespace(device=0, log_steps=1, inductive=False, num_layers=3, hidden_channels=256, dropout=0.5, batch_size=20000, walk_length=3, lr=0.01, num_steps=30, epochs=20, eval_steps=2, runs=10, rsv=1.0, al='mem', alpha=0.5)
tensor([189285, 147936, 100314,  ...,  52408,  72755,  39994]) 98308
tensor([222340, 232877, 217134,  ..., 214646, 203400, 198653]) 19661
Run: 01, Epoch: 01, Loss: 1.6933
Run: 01, Epoch: 02, Loss: 0.8392
Run: 01, Epoch: 03, Loss: 0.7308
Run: 01, Epoch: 04, Loss: 0.6848
Run: 01, Epoch: 05, Loss: 0.6598
Run: 01, Epoch: 06, Loss: 0.6371
Run: 01, Epoch: 07, Loss: 0.6162
Run: 01, Epoch: 08, Loss: 0.6077
Run: 01, Epoch: 09, Loss: 0.6028
Run: 01, Epoch: 10, Loss: 0.5986
Run: 01, Epoch: 10, Train: 85.05%, Valid: 91.19% Test: 78.60%
Run: 01, Epoch: 11, Loss: 0.5891
Run: 01, Epoch: 12, Loss: 0.5817
Run: 01, Epoch: 12, Train: 85.83%, Valid: 91.39% Test: 78.78%
Run: 01, Epoch: 13, Loss: 0.5787
Run: 01, Epoch: 14, Loss: 0.5755
Run: 01, Epoch: 14, Train: 85.88%, Valid: 91.41% Test: 79.45%
Run: 01, Epoch: 15, Loss: 0.5655
Run: 01, Epoch: 16, Loss: 0.5663
Run: 01, Epoch: 16, Train: 86.32%, Valid: 91.44% Test: 79.29%
Run: 01, Epoch: 17, Loss: 0.5619
Run: 01, Epoch: 18, Loss: 0.5627
Run: 01, Epoch: 18, Train: 86.57%, Valid: 91.70% Test: 78.93%
Run: 01, Epoch: 19, Loss: 0.5558
Run: 01, Epoch: 20, Loss: 0.5572
Run: 01, Epoch: 20, Train: 86.57%, Valid: 91.63% Test: 78.68%
Run 01:
Highest Train: 86.57
Highest Valid: 91.70
  Final Train: 86.57
   Final Test: 78.93
Run: 02, Epoch: 01, Loss: 1.6882
Run: 02, Epoch: 02, Loss: 0.8449
Run: 02, Epoch: 03, Loss: 0.7375
Run: 02, Epoch: 04, Loss: 0.6883
Run: 02, Epoch: 05, Loss: 0.6583
Run: 02, Epoch: 06, Loss: 0.6359
Run: 02, Epoch: 07, Loss: 0.6226
Run: 02, Epoch: 08, Loss: 0.6114
Run: 02, Epoch: 09, Loss: 0.6059
Run: 02, Epoch: 10, Loss: 0.5946
Run: 02, Epoch: 10, Train: 85.37%, Valid: 91.41% Test: 79.08%
Run: 02, Epoch: 11, Loss: 0.5877
Run: 02, Epoch: 12, Loss: 0.5870
Run: 02, Epoch: 12, Train: 85.62%, Valid: 91.54% Test: 78.60%
Run: 02, Epoch: 13, Loss: 0.5788
Run: 02, Epoch: 14, Loss: 0.5801
Run: 02, Epoch: 14, Train: 85.57%, Valid: 91.58% Test: 78.52%
Run: 02, Epoch: 15, Loss: 0.5690
Run: 02, Epoch: 16, Loss: 0.5680
Run: 02, Epoch: 16, Train: 86.20%, Valid: 91.74% Test: 79.24%
Run: 02, Epoch: 17, Loss: 0.5644
Run: 02, Epoch: 18, Loss: 0.5594
Run: 02, Epoch: 18, Train: 86.29%, Valid: 91.75% Test: 78.92%
Run: 02, Epoch: 19, Loss: 0.5549
Run: 02, Epoch: 20, Loss: 0.5572
Run: 02, Epoch: 20, Train: 86.23%, Valid: 91.75% Test: 78.71%
Run 02:
Highest Train: 86.29
Highest Valid: 91.75
  Final Train: 86.29
   Final Test: 78.92
Run: 03, Epoch: 01, Loss: 1.7233
Run: 03, Epoch: 02, Loss: 0.8407
Run: 03, Epoch: 03, Loss: 0.7351
Run: 03, Epoch: 04, Loss: 0.6895
Run: 03, Epoch: 05, Loss: 0.6581
Run: 03, Epoch: 06, Loss: 0.6386
Run: 03, Epoch: 07, Loss: 0.6185
Run: 03, Epoch: 08, Loss: 0.6127
Run: 03, Epoch: 09, Loss: 0.5994
Run: 03, Epoch: 10, Loss: 0.5918
Run: 03, Epoch: 10, Train: 85.19%, Valid: 91.32% Test: 78.66%
Run: 03, Epoch: 11, Loss: 0.5876
Run: 03, Epoch: 12, Loss: 0.5841
Run: 03, Epoch: 12, Train: 85.59%, Valid: 91.54% Test: 78.69%
Run: 03, Epoch: 13, Loss: 0.5771
Run: 03, Epoch: 14, Loss: 0.5782
Run: 03, Epoch: 14, Train: 85.81%, Valid: 91.57% Test: 79.22%
Run: 03, Epoch: 15, Loss: 0.5753
Run: 03, Epoch: 16, Loss: 0.5697
Run: 03, Epoch: 16, Train: 85.92%, Valid: 91.57% Test: 78.42%
Run: 03, Epoch: 17, Loss: 0.5661
Run: 03, Epoch: 18, Loss: 0.5622
Run: 03, Epoch: 18, Train: 86.20%, Valid: 91.73% Test: 79.27%
Run: 03, Epoch: 19, Loss: 0.5612
Run: 03, Epoch: 20, Loss: 0.5589
Run: 03, Epoch: 20, Train: 86.11%, Valid: 91.50% Test: 78.73%
Run 03:
Highest Train: 86.20
Highest Valid: 91.73
  Final Train: 86.20
   Final Test: 79.27
Run: 04, Epoch: 01, Loss: 1.6399
Run: 04, Epoch: 02, Loss: 0.8339
Run: 04, Epoch: 03, Loss: 0.7303
Run: 04, Epoch: 04, Loss: 0.6848
Run: 04, Epoch: 05, Loss: 0.6550
Run: 04, Epoch: 06, Loss: 0.6381
Run: 04, Epoch: 07, Loss: 0.6237
Run: 04, Epoch: 08, Loss: 0.6123
Run: 04, Epoch: 09, Loss: 0.6055
Run: 04, Epoch: 10, Loss: 0.5919
Run: 04, Epoch: 10, Train: 85.22%, Valid: 91.23% Test: 79.16%
Run: 04, Epoch: 11, Loss: 0.5854
Run: 04, Epoch: 12, Loss: 0.5808
Run: 04, Epoch: 12, Train: 85.57%, Valid: 91.51% Test: 78.87%
Run: 04, Epoch: 13, Loss: 0.5771
Run: 04, Epoch: 14, Loss: 0.5737
Run: 04, Epoch: 14, Train: 85.69%, Valid: 91.33% Test: 77.94%
Run: 04, Epoch: 15, Loss: 0.5710
Run: 04, Epoch: 16, Loss: 0.5702
Run: 04, Epoch: 16, Train: 86.14%, Valid: 91.54% Test: 79.01%
Run: 04, Epoch: 17, Loss: 0.5619
Run: 04, Epoch: 18, Loss: 0.5658
Run: 04, Epoch: 18, Train: 86.47%, Valid: 91.56% Test: 78.55%
Run: 04, Epoch: 19, Loss: 0.5573
Run: 04, Epoch: 20, Loss: 0.5511
Run: 04, Epoch: 20, Train: 86.55%, Valid: 92.01% Test: 79.11%
Run 04:
Highest Train: 86.55
Highest Valid: 92.01
  Final Train: 86.55
   Final Test: 79.11
Run: 05, Epoch: 01, Loss: 1.5504
Run: 05, Epoch: 02, Loss: 0.8139
Run: 05, Epoch: 03, Loss: 0.7184
Run: 05, Epoch: 04, Loss: 0.6725
Run: 05, Epoch: 05, Loss: 0.6424
Run: 05, Epoch: 06, Loss: 0.6262
Run: 05, Epoch: 07, Loss: 0.6118
Run: 05, Epoch: 08, Loss: 0.5970
Run: 05, Epoch: 09, Loss: 0.5946
Run: 05, Epoch: 10, Loss: 0.5868
Run: 05, Epoch: 10, Train: 85.40%, Valid: 91.43% Test: 79.12%
Run: 05, Epoch: 11, Loss: 0.5775
Run: 05, Epoch: 12, Loss: 0.5708
Run: 05, Epoch: 12, Train: 85.93%, Valid: 91.43% Test: 78.75%
Run: 05, Epoch: 13, Loss: 0.5681
Run: 05, Epoch: 14, Loss: 0.5697
Run: 05, Epoch: 14, Train: 86.07%, Valid: 91.52% Test: 78.53%
Run: 05, Epoch: 15, Loss: 0.5607
Run: 05, Epoch: 16, Loss: 0.5584
Run: 05, Epoch: 16, Train: 86.04%, Valid: 91.68% Test: 78.48%
Run: 05, Epoch: 17, Loss: 0.5493
Run: 05, Epoch: 18, Loss: 0.5540
Run: 05, Epoch: 18, Train: 86.44%, Valid: 91.70% Test: 78.98%
Run: 05, Epoch: 19, Loss: 0.5449
Run: 05, Epoch: 20, Loss: 0.5477
Run: 05, Epoch: 20, Train: 86.91%, Valid: 91.71% Test: 79.13%
Run 05:
Highest Train: 86.91
Highest Valid: 91.71
  Final Train: 86.91
   Final Test: 79.13
Run: 06, Epoch: 01, Loss: 1.5698
Run: 06, Epoch: 02, Loss: 0.8127
Run: 06, Epoch: 03, Loss: 0.7189
Run: 06, Epoch: 04, Loss: 0.6674
Run: 06, Epoch: 05, Loss: 0.6479
Run: 06, Epoch: 06, Loss: 0.6239
Run: 06, Epoch: 07, Loss: 0.6122
Run: 06, Epoch: 08, Loss: 0.6047
Run: 06, Epoch: 09, Loss: 0.5893
Run: 06, Epoch: 10, Loss: 0.5864
Run: 06, Epoch: 10, Train: 85.58%, Valid: 91.36% Test: 79.25%
Run: 06, Epoch: 11, Loss: 0.5818
Run: 06, Epoch: 12, Loss: 0.5780
Run: 06, Epoch: 12, Train: 86.01%, Valid: 91.49% Test: 78.81%
Run: 06, Epoch: 13, Loss: 0.5730
Run: 06, Epoch: 14, Loss: 0.5684
Run: 06, Epoch: 14, Train: 85.86%, Valid: 91.54% Test: 78.99%
Run: 06, Epoch: 15, Loss: 0.5655
Run: 06, Epoch: 16, Loss: 0.5618
Run: 06, Epoch: 16, Train: 86.23%, Valid: 91.68% Test: 78.71%
Run: 06, Epoch: 17, Loss: 0.5592
Run: 06, Epoch: 18, Loss: 0.5578
Run: 06, Epoch: 18, Train: 86.33%, Valid: 91.77% Test: 78.83%
Run: 06, Epoch: 19, Loss: 0.5530
Run: 06, Epoch: 20, Loss: 0.5553
Run: 06, Epoch: 20, Train: 86.66%, Valid: 91.75% Test: 78.61%
Run 06:
Highest Train: 86.66
Highest Valid: 91.77
  Final Train: 86.33
   Final Test: 78.83
Run: 07, Epoch: 01, Loss: 1.6697
Run: 07, Epoch: 02, Loss: 0.8386
Run: 07, Epoch: 03, Loss: 0.7424
Run: 07, Epoch: 04, Loss: 0.6867
Run: 07, Epoch: 05, Loss: 0.6606
Run: 07, Epoch: 06, Loss: 0.6419
Run: 07, Epoch: 07, Loss: 0.6245
Run: 07, Epoch: 08, Loss: 0.6120
Run: 07, Epoch: 09, Loss: 0.6027
Run: 07, Epoch: 10, Loss: 0.6012
Run: 07, Epoch: 10, Train: 85.17%, Valid: 91.26% Test: 78.33%
Run: 07, Epoch: 11, Loss: 0.5929
Run: 07, Epoch: 12, Loss: 0.5838
Run: 07, Epoch: 12, Train: 85.54%, Valid: 91.48% Test: 78.88%
Run: 07, Epoch: 13, Loss: 0.5782
Run: 07, Epoch: 14, Loss: 0.5794
Run: 07, Epoch: 14, Train: 85.78%, Valid: 91.44% Test: 79.22%
Run: 07, Epoch: 15, Loss: 0.5749
Run: 07, Epoch: 16, Loss: 0.5756
Run: 07, Epoch: 16, Train: 86.05%, Valid: 91.60% Test: 78.57%
Run: 07, Epoch: 17, Loss: 0.5675
Run: 07, Epoch: 18, Loss: 0.5651
Run: 07, Epoch: 18, Train: 86.13%, Valid: 91.79% Test: 78.35%
Run: 07, Epoch: 19, Loss: 0.5648
Run: 07, Epoch: 20, Loss: 0.5600
Run: 07, Epoch: 20, Train: 86.13%, Valid: 91.62% Test: 78.63%
Run 07:
Highest Train: 86.13
Highest Valid: 91.79
  Final Train: 86.13
   Final Test: 78.35
Run: 08, Epoch: 01, Loss: 1.4833
Run: 08, Epoch: 02, Loss: 0.8110
Run: 08, Epoch: 03, Loss: 0.7167
Run: 08, Epoch: 04, Loss: 0.6714
Run: 08, Epoch: 05, Loss: 0.6434
Run: 08, Epoch: 06, Loss: 0.6298
Run: 08, Epoch: 07, Loss: 0.6060
Run: 08, Epoch: 08, Loss: 0.6043
Run: 08, Epoch: 09, Loss: 0.5974
Run: 08, Epoch: 10, Loss: 0.5908
Run: 08, Epoch: 10, Train: 85.33%, Valid: 91.51% Test: 78.65%
Run: 08, Epoch: 11, Loss: 0.5834
Run: 08, Epoch: 12, Loss: 0.5738
Run: 08, Epoch: 12, Train: 85.61%, Valid: 91.49% Test: 78.94%
Run: 08, Epoch: 13, Loss: 0.5688
Run: 08, Epoch: 14, Loss: 0.5666
Run: 08, Epoch: 14, Train: 85.92%, Valid: 91.68% Test: 78.94%
Run: 08, Epoch: 15, Loss: 0.5636
Run: 08, Epoch: 16, Loss: 0.5620
Run: 08, Epoch: 16, Train: 86.13%, Valid: 91.60% Test: 78.83%
Run: 08, Epoch: 17, Loss: 0.5600
Run: 08, Epoch: 18, Loss: 0.5629
Run: 08, Epoch: 18, Train: 86.43%, Valid: 91.50% Test: 78.50%
Run: 08, Epoch: 19, Loss: 0.5540
Run: 08, Epoch: 20, Loss: 0.5557
Run: 08, Epoch: 20, Train: 86.48%, Valid: 91.72% Test: 79.63%
Run 08:
Highest Train: 86.48
Highest Valid: 91.72
  Final Train: 86.48
   Final Test: 79.63
Run: 09, Epoch: 01, Loss: 1.5241
Run: 09, Epoch: 02, Loss: 0.8020
Run: 09, Epoch: 03, Loss: 0.7095
Run: 09, Epoch: 04, Loss: 0.6713
Run: 09, Epoch: 05, Loss: 0.6476
Run: 09, Epoch: 06, Loss: 0.6218
Run: 09, Epoch: 07, Loss: 0.6092
Run: 09, Epoch: 08, Loss: 0.6016
Run: 09, Epoch: 09, Loss: 0.5948
Run: 09, Epoch: 10, Loss: 0.5842
Run: 09, Epoch: 10, Train: 85.50%, Valid: 91.08% Test: 78.25%
Run: 09, Epoch: 11, Loss: 0.5795
Run: 09, Epoch: 12, Loss: 0.5687
Run: 09, Epoch: 12, Train: 85.65%, Valid: 91.48% Test: 78.30%
Run: 09, Epoch: 13, Loss: 0.5704
Run: 09, Epoch: 14, Loss: 0.5707
Run: 09, Epoch: 14, Train: 85.80%, Valid: 91.54% Test: 78.46%
Run: 09, Epoch: 15, Loss: 0.5609
Run: 09, Epoch: 16, Loss: 0.5581
Run: 09, Epoch: 16, Train: 86.33%, Valid: 91.58% Test: 79.15%
Run: 09, Epoch: 17, Loss: 0.5525
Run: 09, Epoch: 18, Loss: 0.5571
Run: 09, Epoch: 18, Train: 86.45%, Valid: 91.69% Test: 78.78%
Run: 09, Epoch: 19, Loss: 0.5520
Run: 09, Epoch: 20, Loss: 0.5472
Run: 09, Epoch: 20, Train: 86.70%, Valid: 91.70% Test: 79.03%
Run 09:
Highest Train: 86.70
Highest Valid: 91.70
  Final Train: 86.70
   Final Test: 79.03
Run: 10, Epoch: 01, Loss: 1.5972
Run: 10, Epoch: 02, Loss: 0.8193
Run: 10, Epoch: 03, Loss: 0.7226
Run: 10, Epoch: 04, Loss: 0.6786
Run: 10, Epoch: 05, Loss: 0.6562
Run: 10, Epoch: 06, Loss: 0.6336
Run: 10, Epoch: 07, Loss: 0.6123
Run: 10, Epoch: 08, Loss: 0.6127
Run: 10, Epoch: 09, Loss: 0.5966
Run: 10, Epoch: 10, Loss: 0.5891
Run: 10, Epoch: 10, Train: 85.49%, Valid: 91.41% Test: 78.54%
Run: 10, Epoch: 11, Loss: 0.5815
Run: 10, Epoch: 12, Loss: 0.5758
Run: 10, Epoch: 12, Train: 85.56%, Valid: 91.52% Test: 79.44%
Run: 10, Epoch: 13, Loss: 0.5725
Run: 10, Epoch: 14, Loss: 0.5695
Run: 10, Epoch: 14, Train: 86.07%, Valid: 91.85% Test: 79.23%
Run: 10, Epoch: 15, Loss: 0.5733
Run: 10, Epoch: 16, Loss: 0.5643
Run: 10, Epoch: 16, Train: 86.10%, Valid: 91.83% Test: 79.12%
Run: 10, Epoch: 17, Loss: 0.5595
Run: 10, Epoch: 18, Loss: 0.5638
Run: 10, Epoch: 18, Train: 86.12%, Valid: 91.69% Test: 79.16%
Run: 10, Epoch: 19, Loss: 0.5593
Run: 10, Epoch: 20, Loss: 0.5601
Run: 10, Epoch: 20, Train: 86.26%, Valid: 91.90% Test: 79.07%
Run 10:
Highest Train: 86.26
Highest Valid: 91.90
  Final Train: 86.26
   Final Test: 79.07
All runs:
Highest Train: 86.47 ± 0.25
Highest Valid: 91.78 ± 0.10
  Final Train: 86.44 ± 0.25
   Final Test: 79.03 ± 0.33
