Namespace(device=0, log_steps=1, inductive=False, num_layers=3, hidden_channels=256, dropout=0.5, batch_size=20000, walk_length=3, lr=0.01, num_steps=30, epochs=20, eval_steps=2, runs=10, rsv=0.55, al='mem', alpha=0.9)
tensor([147936, 100314,   1272,  ..., 169347,  32684, 120746]) 108138
tensor([222340, 232877, 217134,  ..., 198324, 225907, 225407]) 21627
Run: 01, Epoch: 01, Loss: 1.3007
Run: 01, Epoch: 02, Loss: 0.5363
Run: 01, Epoch: 03, Loss: 0.4549
Run: 01, Epoch: 04, Loss: 0.4231
Run: 01, Epoch: 05, Loss: 0.4059
Run: 01, Epoch: 06, Loss: 0.3883
Run: 01, Epoch: 07, Loss: 0.3716
Run: 01, Epoch: 08, Loss: 0.3676
Run: 01, Epoch: 09, Loss: 0.3593
Run: 01, Epoch: 10, Loss: 0.3573
Run: 01, Epoch: 10, Train: 91.46%, Valid: 90.93% Test: 78.23%
Run: 01, Epoch: 11, Loss: 0.3505
Run: 01, Epoch: 12, Loss: 0.3416
Run: 01, Epoch: 12, Train: 91.81%, Valid: 91.05% Test: 77.91%
Run: 01, Epoch: 13, Loss: 0.3422
Run: 01, Epoch: 14, Loss: 0.3420
Run: 01, Epoch: 14, Train: 91.83%, Valid: 91.13% Test: 78.99%
Run: 01, Epoch: 15, Loss: 0.3349
Run: 01, Epoch: 16, Loss: 0.3352
Run: 01, Epoch: 16, Train: 91.96%, Valid: 91.30% Test: 78.37%
Run: 01, Epoch: 17, Loss: 0.3313
Run: 01, Epoch: 18, Loss: 0.3304
Run: 01, Epoch: 18, Train: 92.17%, Valid: 91.32% Test: 77.95%
Run: 01, Epoch: 19, Loss: 0.3260
Run: 01, Epoch: 20, Loss: 0.3291
Run: 01, Epoch: 20, Train: 92.24%, Valid: 91.43% Test: 78.63%
Run 01:
Highest Train: 92.24
Highest Valid: 91.43
  Final Train: 92.24
   Final Test: 78.63
Run: 02, Epoch: 01, Loss: 1.4125
Run: 02, Epoch: 02, Loss: 0.5462
Run: 02, Epoch: 03, Loss: 0.4617
Run: 02, Epoch: 04, Loss: 0.4273
Run: 02, Epoch: 05, Loss: 0.4036
Run: 02, Epoch: 06, Loss: 0.3852
Run: 02, Epoch: 07, Loss: 0.3759
Run: 02, Epoch: 08, Loss: 0.3677
Run: 02, Epoch: 09, Loss: 0.3642
Run: 02, Epoch: 10, Loss: 0.3556
Run: 02, Epoch: 10, Train: 91.44%, Valid: 90.90% Test: 78.63%
Run: 02, Epoch: 11, Loss: 0.3531
Run: 02, Epoch: 12, Loss: 0.3474
Run: 02, Epoch: 12, Train: 91.52%, Valid: 90.74% Test: 78.28%
Run: 02, Epoch: 13, Loss: 0.3422
Run: 02, Epoch: 14, Loss: 0.3389
Run: 02, Epoch: 14, Train: 91.89%, Valid: 91.16% Test: 78.06%
Run: 02, Epoch: 15, Loss: 0.3374
Run: 02, Epoch: 16, Loss: 0.3334
Run: 02, Epoch: 16, Train: 92.03%, Valid: 91.34% Test: 79.15%
Run: 02, Epoch: 17, Loss: 0.3313
Run: 02, Epoch: 18, Loss: 0.3282
Run: 02, Epoch: 18, Train: 92.22%, Valid: 91.18% Test: 78.05%
Run: 02, Epoch: 19, Loss: 0.3274
Run: 02, Epoch: 20, Loss: 0.3277
Run: 02, Epoch: 20, Train: 92.10%, Valid: 91.28% Test: 78.82%
Run 02:
Highest Train: 92.22
Highest Valid: 91.34
  Final Train: 92.03
   Final Test: 79.15
Run: 03, Epoch: 01, Loss: 1.3870
Run: 03, Epoch: 02, Loss: 0.5461
Run: 03, Epoch: 03, Loss: 0.4668
Run: 03, Epoch: 04, Loss: 0.4298
Run: 03, Epoch: 05, Loss: 0.4057
Run: 03, Epoch: 06, Loss: 0.3957
Run: 03, Epoch: 07, Loss: 0.3802
Run: 03, Epoch: 08, Loss: 0.3719
Run: 03, Epoch: 09, Loss: 0.3659
Run: 03, Epoch: 10, Loss: 0.3576
Run: 03, Epoch: 10, Train: 91.22%, Valid: 90.87% Test: 77.91%
Run: 03, Epoch: 11, Loss: 0.3525
Run: 03, Epoch: 12, Loss: 0.3510
Run: 03, Epoch: 12, Train: 91.60%, Valid: 91.14% Test: 78.44%
Run: 03, Epoch: 13, Loss: 0.3461
Run: 03, Epoch: 14, Loss: 0.3426
Run: 03, Epoch: 14, Train: 91.64%, Valid: 90.95% Test: 78.59%
Run: 03, Epoch: 15, Loss: 0.3407
Run: 03, Epoch: 16, Loss: 0.3420
Run: 03, Epoch: 16, Train: 91.88%, Valid: 91.15% Test: 78.67%
Run: 03, Epoch: 17, Loss: 0.3374
Run: 03, Epoch: 18, Loss: 0.3364
Run: 03, Epoch: 18, Train: 92.01%, Valid: 91.21% Test: 79.07%
Run: 03, Epoch: 19, Loss: 0.3344
Run: 03, Epoch: 20, Loss: 0.3324
Run: 03, Epoch: 20, Train: 91.92%, Valid: 91.28% Test: 78.25%
Run 03:
Highest Train: 92.01
Highest Valid: 91.28
  Final Train: 91.92
   Final Test: 78.25
Run: 04, Epoch: 01, Loss: 1.2902
Run: 04, Epoch: 02, Loss: 0.5265
Run: 04, Epoch: 03, Loss: 0.4494
Run: 04, Epoch: 04, Loss: 0.4184
Run: 04, Epoch: 05, Loss: 0.3992
Run: 04, Epoch: 06, Loss: 0.3869
Run: 04, Epoch: 07, Loss: 0.3770
Run: 04, Epoch: 08, Loss: 0.3677
Run: 04, Epoch: 09, Loss: 0.3596
Run: 04, Epoch: 10, Loss: 0.3538
Run: 04, Epoch: 10, Train: 91.33%, Valid: 91.05% Test: 78.40%
Run: 04, Epoch: 11, Loss: 0.3490
Run: 04, Epoch: 12, Loss: 0.3437
Run: 04, Epoch: 12, Train: 91.69%, Valid: 91.09% Test: 78.43%
Run: 04, Epoch: 13, Loss: 0.3403
Run: 04, Epoch: 14, Loss: 0.3355
Run: 04, Epoch: 14, Train: 91.89%, Valid: 91.28% Test: 77.94%
Run: 04, Epoch: 15, Loss: 0.3332
Run: 04, Epoch: 16, Loss: 0.3373
Run: 04, Epoch: 16, Train: 92.03%, Valid: 91.26% Test: 78.75%
Run: 04, Epoch: 17, Loss: 0.3311
Run: 04, Epoch: 18, Loss: 0.3296
Run: 04, Epoch: 18, Train: 92.11%, Valid: 91.24% Test: 78.61%
Run: 04, Epoch: 19, Loss: 0.3252
Run: 04, Epoch: 20, Loss: 0.3231
Run: 04, Epoch: 20, Train: 92.17%, Valid: 91.08% Test: 78.63%
Run 04:
Highest Train: 92.17
Highest Valid: 91.28
  Final Train: 91.89
   Final Test: 77.94
Run: 05, Epoch: 01, Loss: 1.2422
Run: 05, Epoch: 02, Loss: 0.5274
Run: 05, Epoch: 03, Loss: 0.4541
Run: 05, Epoch: 04, Loss: 0.4215
Run: 05, Epoch: 05, Loss: 0.3971
Run: 05, Epoch: 06, Loss: 0.3840
Run: 05, Epoch: 07, Loss: 0.3743
Run: 05, Epoch: 08, Loss: 0.3659
Run: 05, Epoch: 09, Loss: 0.3596
Run: 05, Epoch: 10, Loss: 0.3540
Run: 05, Epoch: 10, Train: 91.28%, Valid: 90.97% Test: 77.60%
Run: 05, Epoch: 11, Loss: 0.3497
Run: 05, Epoch: 12, Loss: 0.3457
Run: 05, Epoch: 12, Train: 91.66%, Valid: 91.04% Test: 77.89%
Run: 05, Epoch: 13, Loss: 0.3439
Run: 05, Epoch: 14, Loss: 0.3393
Run: 05, Epoch: 14, Train: 91.87%, Valid: 91.26% Test: 78.50%
Run: 05, Epoch: 15, Loss: 0.3376
Run: 05, Epoch: 16, Loss: 0.3328
Run: 05, Epoch: 16, Train: 91.79%, Valid: 91.30% Test: 78.65%
Run: 05, Epoch: 17, Loss: 0.3293
Run: 05, Epoch: 18, Loss: 0.3269
Run: 05, Epoch: 18, Train: 91.95%, Valid: 91.30% Test: 78.18%
Run: 05, Epoch: 19, Loss: 0.3271
Run: 05, Epoch: 20, Loss: 0.3290
Run: 05, Epoch: 20, Train: 92.22%, Valid: 91.40% Test: 78.54%
Run 05:
Highest Train: 92.22
Highest Valid: 91.40
  Final Train: 92.22
   Final Test: 78.54
Run: 06, Epoch: 01, Loss: 1.3365
Run: 06, Epoch: 02, Loss: 0.5392
Run: 06, Epoch: 03, Loss: 0.4600
Run: 06, Epoch: 04, Loss: 0.4158
Run: 06, Epoch: 05, Loss: 0.4037
Run: 06, Epoch: 06, Loss: 0.3881
Run: 06, Epoch: 07, Loss: 0.3743
Run: 06, Epoch: 08, Loss: 0.3655
Run: 06, Epoch: 09, Loss: 0.3563
Run: 06, Epoch: 10, Loss: 0.3591
Run: 06, Epoch: 10, Train: 91.50%, Valid: 91.09% Test: 78.47%
Run: 06, Epoch: 11, Loss: 0.3471
Run: 06, Epoch: 12, Loss: 0.3463
Run: 06, Epoch: 12, Train: 91.77%, Valid: 91.34% Test: 78.04%
Run: 06, Epoch: 13, Loss: 0.3413
Run: 06, Epoch: 14, Loss: 0.3354
Run: 06, Epoch: 14, Train: 91.67%, Valid: 90.92% Test: 78.73%
Run: 06, Epoch: 15, Loss: 0.3314
Run: 06, Epoch: 16, Loss: 0.3349
Run: 06, Epoch: 16, Train: 91.87%, Valid: 91.31% Test: 78.94%
Run: 06, Epoch: 17, Loss: 0.3325
Run: 06, Epoch: 18, Loss: 0.3292
Run: 06, Epoch: 18, Train: 92.13%, Valid: 91.27% Test: 78.55%
Run: 06, Epoch: 19, Loss: 0.3259
Run: 06, Epoch: 20, Loss: 0.3260
Run: 06, Epoch: 20, Train: 92.32%, Valid: 91.17% Test: 78.60%
Run 06:
Highest Train: 92.32
Highest Valid: 91.34
  Final Train: 91.77
   Final Test: 78.04
Run: 07, Epoch: 01, Loss: 1.3875
Run: 07, Epoch: 02, Loss: 0.5518
Run: 07, Epoch: 03, Loss: 0.4657
Run: 07, Epoch: 04, Loss: 0.4276
Run: 07, Epoch: 05, Loss: 0.4079
Run: 07, Epoch: 06, Loss: 0.3895
Run: 07, Epoch: 07, Loss: 0.3763
Run: 07, Epoch: 08, Loss: 0.3664
Run: 07, Epoch: 09, Loss: 0.3626
Run: 07, Epoch: 10, Loss: 0.3605
Run: 07, Epoch: 10, Train: 91.40%, Valid: 90.72% Test: 77.97%
Run: 07, Epoch: 11, Loss: 0.3527
Run: 07, Epoch: 12, Loss: 0.3461
Run: 07, Epoch: 12, Train: 91.55%, Valid: 90.98% Test: 77.78%
Run: 07, Epoch: 13, Loss: 0.3429
Run: 07, Epoch: 14, Loss: 0.3397
Run: 07, Epoch: 14, Train: 91.89%, Valid: 91.10% Test: 78.92%
Run: 07, Epoch: 15, Loss: 0.3357
Run: 07, Epoch: 16, Loss: 0.3378
Run: 07, Epoch: 16, Train: 91.95%, Valid: 91.22% Test: 77.78%
Run: 07, Epoch: 17, Loss: 0.3331
Run: 07, Epoch: 18, Loss: 0.3359
Run: 07, Epoch: 18, Train: 92.02%, Valid: 91.52% Test: 78.53%
Run: 07, Epoch: 19, Loss: 0.3293
Run: 07, Epoch: 20, Loss: 0.3261
Run: 07, Epoch: 20, Train: 92.24%, Valid: 91.41% Test: 78.49%
Run 07:
Highest Train: 92.24
Highest Valid: 91.52
  Final Train: 92.02
   Final Test: 78.53
Run: 08, Epoch: 01, Loss: 1.2694
Run: 08, Epoch: 02, Loss: 0.5253
Run: 08, Epoch: 03, Loss: 0.4508
Run: 08, Epoch: 04, Loss: 0.4177
Run: 08, Epoch: 05, Loss: 0.3970
Run: 08, Epoch: 06, Loss: 0.3823
Run: 08, Epoch: 07, Loss: 0.3684
Run: 08, Epoch: 08, Loss: 0.3679
Run: 08, Epoch: 09, Loss: 0.3588
Run: 08, Epoch: 10, Loss: 0.3542
Run: 08, Epoch: 10, Train: 91.42%, Valid: 91.01% Test: 78.16%
Run: 08, Epoch: 11, Loss: 0.3516
Run: 08, Epoch: 12, Loss: 0.3456
Run: 08, Epoch: 12, Train: 91.67%, Valid: 91.08% Test: 78.30%
Run: 08, Epoch: 13, Loss: 0.3379
Run: 08, Epoch: 14, Loss: 0.3343
Run: 08, Epoch: 14, Train: 92.01%, Valid: 91.22% Test: 78.27%
Run: 08, Epoch: 15, Loss: 0.3306
Run: 08, Epoch: 16, Loss: 0.3343
Run: 08, Epoch: 16, Train: 91.98%, Valid: 91.22% Test: 79.01%
Run: 08, Epoch: 17, Loss: 0.3320
Run: 08, Epoch: 18, Loss: 0.3322
Run: 08, Epoch: 18, Train: 92.05%, Valid: 91.36% Test: 78.25%
Run: 08, Epoch: 19, Loss: 0.3257
Run: 08, Epoch: 20, Loss: 0.3263
Run: 08, Epoch: 20, Train: 92.06%, Valid: 91.33% Test: 78.84%
Run 08:
Highest Train: 92.06
Highest Valid: 91.36
  Final Train: 92.05
   Final Test: 78.25
Run: 09, Epoch: 01, Loss: 1.3174
Run: 09, Epoch: 02, Loss: 0.5376
Run: 09, Epoch: 03, Loss: 0.4580
Run: 09, Epoch: 04, Loss: 0.4221
Run: 09, Epoch: 05, Loss: 0.4019
Run: 09, Epoch: 06, Loss: 0.3853
Run: 09, Epoch: 07, Loss: 0.3774
Run: 09, Epoch: 08, Loss: 0.3668
Run: 09, Epoch: 09, Loss: 0.3636
Run: 09, Epoch: 10, Loss: 0.3539
Run: 09, Epoch: 10, Train: 91.41%, Valid: 90.79% Test: 77.46%
Run: 09, Epoch: 11, Loss: 0.3465
Run: 09, Epoch: 12, Loss: 0.3425
Run: 09, Epoch: 12, Train: 91.53%, Valid: 90.93% Test: 78.24%
Run: 09, Epoch: 13, Loss: 0.3422
Run: 09, Epoch: 14, Loss: 0.3401
Run: 09, Epoch: 14, Train: 91.85%, Valid: 91.09% Test: 78.02%
Run: 09, Epoch: 15, Loss: 0.3375
Run: 09, Epoch: 16, Loss: 0.3363
Run: 09, Epoch: 16, Train: 91.90%, Valid: 91.20% Test: 78.73%
Run: 09, Epoch: 17, Loss: 0.3292
Run: 09, Epoch: 18, Loss: 0.3309
Run: 09, Epoch: 18, Train: 92.16%, Valid: 91.38% Test: 78.01%
Run: 09, Epoch: 19, Loss: 0.3263
Run: 09, Epoch: 20, Loss: 0.3268
Run: 09, Epoch: 20, Train: 92.28%, Valid: 91.27% Test: 78.81%
Run 09:
Highest Train: 92.28
Highest Valid: 91.38
  Final Train: 92.16
   Final Test: 78.01
Run: 10, Epoch: 01, Loss: 1.3341
Run: 10, Epoch: 02, Loss: 0.5372
Run: 10, Epoch: 03, Loss: 0.4535
Run: 10, Epoch: 04, Loss: 0.4220
Run: 10, Epoch: 05, Loss: 0.4045
Run: 10, Epoch: 06, Loss: 0.3847
Run: 10, Epoch: 07, Loss: 0.3709
Run: 10, Epoch: 08, Loss: 0.3662
Run: 10, Epoch: 09, Loss: 0.3614
Run: 10, Epoch: 10, Loss: 0.3561
Run: 10, Epoch: 10, Train: 91.46%, Valid: 90.98% Test: 78.04%
Run: 10, Epoch: 11, Loss: 0.3462
Run: 10, Epoch: 12, Loss: 0.3417
Run: 10, Epoch: 12, Train: 91.58%, Valid: 91.01% Test: 78.52%
Run: 10, Epoch: 13, Loss: 0.3409
Run: 10, Epoch: 14, Loss: 0.3367
Run: 10, Epoch: 14, Train: 91.80%, Valid: 91.12% Test: 78.53%
Run: 10, Epoch: 15, Loss: 0.3382
Run: 10, Epoch: 16, Loss: 0.3302
Run: 10, Epoch: 16, Train: 91.95%, Valid: 91.08% Test: 78.81%
Run: 10, Epoch: 17, Loss: 0.3299
Run: 10, Epoch: 18, Loss: 0.3301
Run: 10, Epoch: 18, Train: 92.11%, Valid: 91.16% Test: 78.95%
Run: 10, Epoch: 19, Loss: 0.3290
Run: 10, Epoch: 20, Loss: 0.3286
Run: 10, Epoch: 20, Train: 92.24%, Valid: 91.33% Test: 78.63%
Run 10:
Highest Train: 92.24
Highest Valid: 91.33
  Final Train: 92.24
   Final Test: 78.63
All runs:
Highest Train: 92.20 ± 0.10
Highest Valid: 91.37 ± 0.07
  Final Train: 92.05 ± 0.16
   Final Test: 78.40 ± 0.37
