Namespace(device=0, log_steps=1, inductive=False, num_layers=3, hidden_channels=256, dropout=0.5, batch_size=20000, walk_length=3, lr=0.01, num_steps=30, epochs=20, eval_steps=2, runs=10, rsv=0.55, al='mem', alpha=0.6)
tensor([189285, 147936, 100314,  ...,  97100, 165290, 116668]) 108138
tensor([222340, 232877, 217134,  ..., 198324, 225907, 225407]) 21627
Run: 01, Epoch: 01, Loss: 1.5930
Run: 01, Epoch: 02, Loss: 0.7333
Run: 01, Epoch: 03, Loss: 0.6316
Run: 01, Epoch: 04, Loss: 0.5880
Run: 01, Epoch: 05, Loss: 0.5654
Run: 01, Epoch: 06, Loss: 0.5437
Run: 01, Epoch: 07, Loss: 0.5281
Run: 01, Epoch: 08, Loss: 0.5205
Run: 01, Epoch: 09, Loss: 0.5131
Run: 01, Epoch: 10, Loss: 0.5101
Run: 01, Epoch: 10, Train: 87.67%, Valid: 91.40% Test: 78.49%
Run: 01, Epoch: 11, Loss: 0.5016
Run: 01, Epoch: 12, Loss: 0.4921
Run: 01, Epoch: 12, Train: 87.92%, Valid: 91.34% Test: 78.67%
Run: 01, Epoch: 13, Loss: 0.4905
Run: 01, Epoch: 14, Loss: 0.4895
Run: 01, Epoch: 14, Train: 88.11%, Valid: 91.28% Test: 79.25%
Run: 01, Epoch: 15, Loss: 0.4796
Run: 01, Epoch: 16, Loss: 0.4785
Run: 01, Epoch: 16, Train: 88.41%, Valid: 91.44% Test: 78.95%
Run: 01, Epoch: 17, Loss: 0.4752
Run: 01, Epoch: 18, Loss: 0.4764
Run: 01, Epoch: 18, Train: 88.41%, Valid: 91.48% Test: 78.55%
Run: 01, Epoch: 19, Loss: 0.4728
Run: 01, Epoch: 20, Loss: 0.4754
Run: 01, Epoch: 20, Train: 88.51%, Valid: 91.38% Test: 78.63%
Run 01:
Highest Train: 88.51
Highest Valid: 91.48
  Final Train: 88.41
   Final Test: 78.55
Run: 02, Epoch: 01, Loss: 1.6836
Run: 02, Epoch: 02, Loss: 0.7398
Run: 02, Epoch: 03, Loss: 0.6400
Run: 02, Epoch: 04, Loss: 0.5948
Run: 02, Epoch: 05, Loss: 0.5671
Run: 02, Epoch: 06, Loss: 0.5476
Run: 02, Epoch: 07, Loss: 0.5359
Run: 02, Epoch: 08, Loss: 0.5243
Run: 02, Epoch: 09, Loss: 0.5213
Run: 02, Epoch: 10, Loss: 0.5108
Run: 02, Epoch: 10, Train: 87.46%, Valid: 91.21% Test: 78.38%
Run: 02, Epoch: 11, Loss: 0.5007
Run: 02, Epoch: 12, Loss: 0.4993
Run: 02, Epoch: 12, Train: 87.84%, Valid: 91.46% Test: 78.66%
Run: 02, Epoch: 13, Loss: 0.4923
Run: 02, Epoch: 14, Loss: 0.4912
Run: 02, Epoch: 14, Train: 88.04%, Valid: 91.57% Test: 78.61%
Run: 02, Epoch: 15, Loss: 0.4861
Run: 02, Epoch: 16, Loss: 0.4806
Run: 02, Epoch: 16, Train: 88.17%, Valid: 91.66% Test: 79.19%
Run: 02, Epoch: 17, Loss: 0.4840
Run: 02, Epoch: 18, Loss: 0.4800
Run: 02, Epoch: 18, Train: 88.36%, Valid: 91.53% Test: 78.28%
Run: 02, Epoch: 19, Loss: 0.4762
Run: 02, Epoch: 20, Loss: 0.4765
Run: 02, Epoch: 20, Train: 88.25%, Valid: 91.65% Test: 78.58%
Run 02:
Highest Train: 88.36
Highest Valid: 91.66
  Final Train: 88.17
   Final Test: 79.19
Run: 03, Epoch: 01, Loss: 1.6756
Run: 03, Epoch: 02, Loss: 0.7420
Run: 03, Epoch: 03, Loss: 0.6431
Run: 03, Epoch: 04, Loss: 0.6018
Run: 03, Epoch: 05, Loss: 0.5719
Run: 03, Epoch: 06, Loss: 0.5539
Run: 03, Epoch: 07, Loss: 0.5371
Run: 03, Epoch: 08, Loss: 0.5286
Run: 03, Epoch: 09, Loss: 0.5172
Run: 03, Epoch: 10, Loss: 0.5076
Run: 03, Epoch: 10, Train: 87.38%, Valid: 91.22% Test: 78.62%
Run: 03, Epoch: 11, Loss: 0.5027
Run: 03, Epoch: 12, Loss: 0.5021
Run: 03, Epoch: 12, Train: 87.70%, Valid: 91.39% Test: 78.91%
Run: 03, Epoch: 13, Loss: 0.4961
Run: 03, Epoch: 14, Loss: 0.4957
Run: 03, Epoch: 14, Train: 87.81%, Valid: 91.34% Test: 79.45%
Run: 03, Epoch: 15, Loss: 0.4908
Run: 03, Epoch: 16, Loss: 0.4877
Run: 03, Epoch: 16, Train: 88.11%, Valid: 91.62% Test: 78.80%
Run: 03, Epoch: 17, Loss: 0.4830
Run: 03, Epoch: 18, Loss: 0.4839
Run: 03, Epoch: 18, Train: 88.17%, Valid: 91.31% Test: 79.10%
Run: 03, Epoch: 19, Loss: 0.4841
Run: 03, Epoch: 20, Loss: 0.4828
Run: 03, Epoch: 20, Train: 88.14%, Valid: 91.46% Test: 78.07%
Run 03:
Highest Train: 88.17
Highest Valid: 91.62
  Final Train: 88.11
   Final Test: 78.80
Run: 04, Epoch: 01, Loss: 1.5670
Run: 04, Epoch: 02, Loss: 0.7268
Run: 04, Epoch: 03, Loss: 0.6327
Run: 04, Epoch: 04, Loss: 0.5897
Run: 04, Epoch: 05, Loss: 0.5648
Run: 04, Epoch: 06, Loss: 0.5506
Run: 04, Epoch: 07, Loss: 0.5396
Run: 04, Epoch: 08, Loss: 0.5240
Run: 04, Epoch: 09, Loss: 0.5209
Run: 04, Epoch: 10, Loss: 0.5102
Run: 04, Epoch: 10, Train: 87.59%, Valid: 91.22% Test: 78.79%
Run: 04, Epoch: 11, Loss: 0.5010
Run: 04, Epoch: 12, Loss: 0.4981
Run: 04, Epoch: 12, Train: 87.89%, Valid: 91.33% Test: 78.98%
Run: 04, Epoch: 13, Loss: 0.4943
Run: 04, Epoch: 14, Loss: 0.4885
Run: 04, Epoch: 14, Train: 87.95%, Valid: 91.21% Test: 78.15%
Run: 04, Epoch: 15, Loss: 0.4840
Run: 04, Epoch: 16, Loss: 0.4894
Run: 04, Epoch: 16, Train: 88.36%, Valid: 91.58% Test: 79.40%
Run: 04, Epoch: 17, Loss: 0.4833
Run: 04, Epoch: 18, Loss: 0.4834
Run: 04, Epoch: 18, Train: 88.40%, Valid: 91.68% Test: 79.13%
Run: 04, Epoch: 19, Loss: 0.4759
Run: 04, Epoch: 20, Loss: 0.4729
Run: 04, Epoch: 20, Train: 88.66%, Valid: 91.70% Test: 79.55%
Run 04:
Highest Train: 88.66
Highest Valid: 91.70
  Final Train: 88.66
   Final Test: 79.55
Run: 05, Epoch: 01, Loss: 1.4658
Run: 05, Epoch: 02, Loss: 0.7105
Run: 05, Epoch: 03, Loss: 0.6220
Run: 05, Epoch: 04, Loss: 0.5798
Run: 05, Epoch: 05, Loss: 0.5538
Run: 05, Epoch: 06, Loss: 0.5374
Run: 05, Epoch: 07, Loss: 0.5263
Run: 05, Epoch: 08, Loss: 0.5150
Run: 05, Epoch: 09, Loss: 0.5094
Run: 05, Epoch: 10, Loss: 0.5000
Run: 05, Epoch: 10, Train: 87.70%, Valid: 91.35% Test: 78.75%
Run: 05, Epoch: 11, Loss: 0.4942
Run: 05, Epoch: 12, Loss: 0.4870
Run: 05, Epoch: 12, Train: 87.97%, Valid: 91.33% Test: 78.29%
Run: 05, Epoch: 13, Loss: 0.4876
Run: 05, Epoch: 14, Loss: 0.4842
Run: 05, Epoch: 14, Train: 88.27%, Valid: 91.55% Test: 78.77%
Run: 05, Epoch: 15, Loss: 0.4762
Run: 05, Epoch: 16, Loss: 0.4765
Run: 05, Epoch: 16, Train: 88.23%, Valid: 91.69% Test: 78.69%
Run: 05, Epoch: 17, Loss: 0.4701
Run: 05, Epoch: 18, Loss: 0.4692
Run: 05, Epoch: 18, Train: 88.57%, Valid: 91.56% Test: 78.71%
Run: 05, Epoch: 19, Loss: 0.4669
Run: 05, Epoch: 20, Loss: 0.4671
Run: 05, Epoch: 20, Train: 88.73%, Valid: 91.53% Test: 78.79%
Run 05:
Highest Train: 88.73
Highest Valid: 91.69
  Final Train: 88.23
   Final Test: 78.69
Run: 06, Epoch: 01, Loss: 1.5124
Run: 06, Epoch: 02, Loss: 0.7199
Run: 06, Epoch: 03, Loss: 0.6283
Run: 06, Epoch: 04, Loss: 0.5815
Run: 06, Epoch: 05, Loss: 0.5646
Run: 06, Epoch: 06, Loss: 0.5428
Run: 06, Epoch: 07, Loss: 0.5298
Run: 06, Epoch: 08, Loss: 0.5211
Run: 06, Epoch: 09, Loss: 0.5084
Run: 06, Epoch: 10, Loss: 0.5038
Run: 06, Epoch: 10, Train: 87.66%, Valid: 91.20% Test: 78.85%
Run: 06, Epoch: 11, Loss: 0.4999
Run: 06, Epoch: 12, Loss: 0.4965
Run: 06, Epoch: 12, Train: 88.04%, Valid: 91.37% Test: 78.74%
Run: 06, Epoch: 13, Loss: 0.4865
Run: 06, Epoch: 14, Loss: 0.4819
Run: 06, Epoch: 14, Train: 88.02%, Valid: 91.38% Test: 79.22%
Run: 06, Epoch: 15, Loss: 0.4822
Run: 06, Epoch: 16, Loss: 0.4799
Run: 06, Epoch: 16, Train: 88.30%, Valid: 91.72% Test: 79.04%
Run: 06, Epoch: 17, Loss: 0.4766
Run: 06, Epoch: 18, Loss: 0.4741
Run: 06, Epoch: 18, Train: 88.56%, Valid: 91.56% Test: 78.80%
Run: 06, Epoch: 19, Loss: 0.4717
Run: 06, Epoch: 20, Loss: 0.4736
Run: 06, Epoch: 20, Train: 88.70%, Valid: 91.51% Test: 79.01%
Run 06:
Highest Train: 88.70
Highest Valid: 91.72
  Final Train: 88.30
   Final Test: 79.04
Run: 07, Epoch: 01, Loss: 1.6744
Run: 07, Epoch: 02, Loss: 0.7502
Run: 07, Epoch: 03, Loss: 0.6489
Run: 07, Epoch: 04, Loss: 0.5954
Run: 07, Epoch: 05, Loss: 0.5688
Run: 07, Epoch: 06, Loss: 0.5508
Run: 07, Epoch: 07, Loss: 0.5341
Run: 07, Epoch: 08, Loss: 0.5235
Run: 07, Epoch: 09, Loss: 0.5141
Run: 07, Epoch: 10, Loss: 0.5154
Run: 07, Epoch: 10, Train: 87.34%, Valid: 91.25% Test: 78.56%
Run: 07, Epoch: 11, Loss: 0.5032
Run: 07, Epoch: 12, Loss: 0.4988
Run: 07, Epoch: 12, Train: 87.53%, Valid: 91.41% Test: 78.41%
Run: 07, Epoch: 13, Loss: 0.4914
Run: 07, Epoch: 14, Loss: 0.4915
Run: 07, Epoch: 14, Train: 88.01%, Valid: 91.57% Test: 79.55%
Run: 07, Epoch: 15, Loss: 0.4833
Run: 07, Epoch: 16, Loss: 0.4902
Run: 07, Epoch: 16, Train: 88.08%, Valid: 91.51% Test: 78.18%
Run: 07, Epoch: 17, Loss: 0.4834
Run: 07, Epoch: 18, Loss: 0.4815
Run: 07, Epoch: 18, Train: 88.45%, Valid: 91.56% Test: 78.76%
Run: 07, Epoch: 19, Loss: 0.4784
Run: 07, Epoch: 20, Loss: 0.4724
Run: 07, Epoch: 20, Train: 88.59%, Valid: 91.63% Test: 78.90%
Run 07:
Highest Train: 88.59
Highest Valid: 91.63
  Final Train: 88.59
   Final Test: 78.90
Run: 08, Epoch: 01, Loss: 1.4333
Run: 08, Epoch: 02, Loss: 0.7078
Run: 08, Epoch: 03, Loss: 0.6166
Run: 08, Epoch: 04, Loss: 0.5784
Run: 08, Epoch: 05, Loss: 0.5559
Run: 08, Epoch: 06, Loss: 0.5378
Run: 08, Epoch: 07, Loss: 0.5188
Run: 08, Epoch: 08, Loss: 0.5172
Run: 08, Epoch: 09, Loss: 0.5126
Run: 08, Epoch: 10, Loss: 0.5052
Run: 08, Epoch: 10, Train: 87.70%, Valid: 91.46% Test: 78.82%
Run: 08, Epoch: 11, Loss: 0.4989
Run: 08, Epoch: 12, Loss: 0.4907
Run: 08, Epoch: 12, Train: 87.96%, Valid: 91.58% Test: 78.83%
Run: 08, Epoch: 13, Loss: 0.4855
Run: 08, Epoch: 14, Loss: 0.4826
Run: 08, Epoch: 14, Train: 88.16%, Valid: 91.55% Test: 78.85%
Run: 08, Epoch: 15, Loss: 0.4806
Run: 08, Epoch: 16, Loss: 0.4781
Run: 08, Epoch: 16, Train: 88.28%, Valid: 91.62% Test: 79.14%
Run: 08, Epoch: 17, Loss: 0.4747
Run: 08, Epoch: 18, Loss: 0.4761
Run: 08, Epoch: 18, Train: 88.61%, Valid: 91.52% Test: 78.87%
Run: 08, Epoch: 19, Loss: 0.4691
Run: 08, Epoch: 20, Loss: 0.4708
Run: 08, Epoch: 20, Train: 88.73%, Valid: 91.76% Test: 79.21%
Run 08:
Highest Train: 88.73
Highest Valid: 91.76
  Final Train: 88.73
   Final Test: 79.21
Run: 09, Epoch: 01, Loss: 1.5120
Run: 09, Epoch: 02, Loss: 0.7128
Run: 09, Epoch: 03, Loss: 0.6201
Run: 09, Epoch: 04, Loss: 0.5799
Run: 09, Epoch: 05, Loss: 0.5588
Run: 09, Epoch: 06, Loss: 0.5373
Run: 09, Epoch: 07, Loss: 0.5246
Run: 09, Epoch: 08, Loss: 0.5172
Run: 09, Epoch: 09, Loss: 0.5107
Run: 09, Epoch: 10, Loss: 0.5025
Run: 09, Epoch: 10, Train: 87.65%, Valid: 91.24% Test: 78.19%
Run: 09, Epoch: 11, Loss: 0.4987
Run: 09, Epoch: 12, Loss: 0.4891
Run: 09, Epoch: 12, Train: 87.87%, Valid: 91.41% Test: 78.65%
Run: 09, Epoch: 13, Loss: 0.4893
Run: 09, Epoch: 14, Loss: 0.4905
Run: 09, Epoch: 14, Train: 88.03%, Valid: 91.30% Test: 77.75%
Run: 09, Epoch: 15, Loss: 0.4840
Run: 09, Epoch: 16, Loss: 0.4789
Run: 09, Epoch: 16, Train: 88.40%, Valid: 91.52% Test: 78.59%
Run: 09, Epoch: 17, Loss: 0.4695
Run: 09, Epoch: 18, Loss: 0.4729
Run: 09, Epoch: 18, Train: 88.61%, Valid: 91.46% Test: 78.29%
Run: 09, Epoch: 19, Loss: 0.4680
Run: 09, Epoch: 20, Loss: 0.4710
Run: 09, Epoch: 20, Train: 88.80%, Valid: 91.59% Test: 78.84%
Run 09:
Highest Train: 88.80
Highest Valid: 91.59
  Final Train: 88.80
   Final Test: 78.84
Run: 10, Epoch: 01, Loss: 1.5627
Run: 10, Epoch: 02, Loss: 0.7271
Run: 10, Epoch: 03, Loss: 0.6290
Run: 10, Epoch: 04, Loss: 0.5915
Run: 10, Epoch: 05, Loss: 0.5679
Run: 10, Epoch: 06, Loss: 0.5459
Run: 10, Epoch: 07, Loss: 0.5276
Run: 10, Epoch: 08, Loss: 0.5252
Run: 10, Epoch: 09, Loss: 0.5154
Run: 10, Epoch: 10, Loss: 0.5082
Run: 10, Epoch: 10, Train: 87.57%, Valid: 91.21% Test: 78.71%
Run: 10, Epoch: 11, Loss: 0.4975
Run: 10, Epoch: 12, Loss: 0.4940
Run: 10, Epoch: 12, Train: 87.80%, Valid: 91.46% Test: 79.03%
Run: 10, Epoch: 13, Loss: 0.4935
Run: 10, Epoch: 14, Loss: 0.4895
Run: 10, Epoch: 14, Train: 88.01%, Valid: 91.47% Test: 79.06%
Run: 10, Epoch: 15, Loss: 0.4887
Run: 10, Epoch: 16, Loss: 0.4792
Run: 10, Epoch: 16, Train: 88.36%, Valid: 91.57% Test: 78.74%
Run: 10, Epoch: 17, Loss: 0.4773
Run: 10, Epoch: 18, Loss: 0.4808
Run: 10, Epoch: 18, Train: 88.34%, Valid: 91.53% Test: 78.99%
Run: 10, Epoch: 19, Loss: 0.4789
Run: 10, Epoch: 20, Loss: 0.4762
Run: 10, Epoch: 20, Train: 88.43%, Valid: 91.56% Test: 78.83%
Run 10:
Highest Train: 88.43
Highest Valid: 91.57
  Final Train: 88.36
   Final Test: 78.74
All runs:
Highest Train: 88.57 ± 0.20
Highest Valid: 91.64 ± 0.08
  Final Train: 88.44 ± 0.24
   Final Test: 78.95 ± 0.30
