Namespace(device=0, log_steps=1, inductive=False, num_layers=3, hidden_channels=256, dropout=0.5, batch_size=20000, walk_length=3, lr=0.01, num_steps=30, epochs=20, eval_steps=2, runs=10, rsv=0.55, al='mem', alpha=0.7)
tensor([147936, 100314,   1272,  ..., 157700, 172601,  34170]) 108139
tensor([222340, 232877, 217134,  ..., 198324, 225907, 225407]) 21627
Run: 01, Epoch: 01, Loss: 1.4661
Run: 01, Epoch: 02, Loss: 0.6459
Run: 01, Epoch: 03, Loss: 0.5539
Run: 01, Epoch: 04, Loss: 0.5174
Run: 01, Epoch: 05, Loss: 0.4970
Run: 01, Epoch: 06, Loss: 0.4785
Run: 01, Epoch: 07, Loss: 0.4625
Run: 01, Epoch: 08, Loss: 0.4549
Run: 01, Epoch: 09, Loss: 0.4502
Run: 01, Epoch: 10, Loss: 0.4458
Run: 01, Epoch: 10, Train: 89.26%, Valid: 90.98% Test: 78.09%
Run: 01, Epoch: 11, Loss: 0.4347
Run: 01, Epoch: 12, Loss: 0.4267
Run: 01, Epoch: 12, Train: 89.65%, Valid: 91.09% Test: 78.62%
Run: 01, Epoch: 13, Loss: 0.4239
Run: 01, Epoch: 14, Loss: 0.4233
Run: 01, Epoch: 14, Train: 89.69%, Valid: 91.26% Test: 78.93%
Run: 01, Epoch: 15, Loss: 0.4158
Run: 01, Epoch: 16, Loss: 0.4136
Run: 01, Epoch: 16, Train: 90.05%, Valid: 91.39% Test: 78.71%
Run: 01, Epoch: 17, Loss: 0.4116
Run: 01, Epoch: 18, Loss: 0.4137
Run: 01, Epoch: 18, Train: 90.07%, Valid: 91.33% Test: 77.92%
Run: 01, Epoch: 19, Loss: 0.4103
Run: 01, Epoch: 20, Loss: 0.4089
Run: 01, Epoch: 20, Train: 90.05%, Valid: 91.30% Test: 78.26%
Run 01:
Highest Train: 90.07
Highest Valid: 91.39
  Final Train: 90.05
   Final Test: 78.71
Run: 02, Epoch: 01, Loss: 1.5925
Run: 02, Epoch: 02, Loss: 0.6630
Run: 02, Epoch: 03, Loss: 0.5647
Run: 02, Epoch: 04, Loss: 0.5244
Run: 02, Epoch: 05, Loss: 0.4972
Run: 02, Epoch: 06, Loss: 0.4808
Run: 02, Epoch: 07, Loss: 0.4691
Run: 02, Epoch: 08, Loss: 0.4570
Run: 02, Epoch: 09, Loss: 0.4557
Run: 02, Epoch: 10, Loss: 0.4441
Run: 02, Epoch: 10, Train: 89.09%, Valid: 91.09% Test: 79.01%
Run: 02, Epoch: 11, Loss: 0.4371
Run: 02, Epoch: 12, Loss: 0.4372
Run: 02, Epoch: 12, Train: 89.38%, Valid: 91.27% Test: 78.61%
Run: 02, Epoch: 13, Loss: 0.4298
Run: 02, Epoch: 14, Loss: 0.4259
Run: 02, Epoch: 14, Train: 89.58%, Valid: 91.25% Test: 78.20%
Run: 02, Epoch: 15, Loss: 0.4232
Run: 02, Epoch: 16, Loss: 0.4203
Run: 02, Epoch: 16, Train: 89.81%, Valid: 91.45% Test: 78.98%
Run: 02, Epoch: 17, Loss: 0.4179
Run: 02, Epoch: 18, Loss: 0.4156
Run: 02, Epoch: 18, Train: 90.01%, Valid: 91.38% Test: 78.06%
Run: 02, Epoch: 19, Loss: 0.4104
Run: 02, Epoch: 20, Loss: 0.4140
Run: 02, Epoch: 20, Train: 89.79%, Valid: 91.50% Test: 78.60%
Run 02:
Highest Train: 90.01
Highest Valid: 91.50
  Final Train: 89.79
   Final Test: 78.60
Run: 03, Epoch: 01, Loss: 1.5728
Run: 03, Epoch: 02, Loss: 0.6667
Run: 03, Epoch: 03, Loss: 0.5735
Run: 03, Epoch: 04, Loss: 0.5338
Run: 03, Epoch: 05, Loss: 0.5036
Run: 03, Epoch: 06, Loss: 0.4895
Run: 03, Epoch: 07, Loss: 0.4726
Run: 03, Epoch: 08, Loss: 0.4613
Run: 03, Epoch: 09, Loss: 0.4520
Run: 03, Epoch: 10, Loss: 0.4427
Run: 03, Epoch: 10, Train: 88.95%, Valid: 91.05% Test: 78.35%
Run: 03, Epoch: 11, Loss: 0.4407
Run: 03, Epoch: 12, Loss: 0.4376
Run: 03, Epoch: 12, Train: 89.31%, Valid: 91.16% Test: 78.54%
Run: 03, Epoch: 13, Loss: 0.4344
Run: 03, Epoch: 14, Loss: 0.4297
Run: 03, Epoch: 14, Train: 89.49%, Valid: 91.28% Test: 78.74%
Run: 03, Epoch: 15, Loss: 0.4259
Run: 03, Epoch: 16, Loss: 0.4252
Run: 03, Epoch: 16, Train: 89.63%, Valid: 91.43% Test: 78.60%
Run: 03, Epoch: 17, Loss: 0.4227
Run: 03, Epoch: 18, Loss: 0.4204
Run: 03, Epoch: 18, Train: 89.87%, Valid: 91.45% Test: 79.25%
Run: 03, Epoch: 19, Loss: 0.4190
Run: 03, Epoch: 20, Loss: 0.4165
Run: 03, Epoch: 20, Train: 89.86%, Valid: 91.28% Test: 77.99%
Run 03:
Highest Train: 89.87
Highest Valid: 91.45
  Final Train: 89.87
   Final Test: 79.25
Run: 04, Epoch: 01, Loss: 1.4603
Run: 04, Epoch: 02, Loss: 0.6442
Run: 04, Epoch: 03, Loss: 0.5537
Run: 04, Epoch: 04, Loss: 0.5165
Run: 04, Epoch: 05, Loss: 0.4929
Run: 04, Epoch: 06, Loss: 0.4779
Run: 04, Epoch: 07, Loss: 0.4659
Run: 04, Epoch: 08, Loss: 0.4554
Run: 04, Epoch: 09, Loss: 0.4475
Run: 04, Epoch: 10, Loss: 0.4404
Run: 04, Epoch: 10, Train: 89.19%, Valid: 91.12% Test: 78.75%
Run: 04, Epoch: 11, Loss: 0.4334
Run: 04, Epoch: 12, Loss: 0.4299
Run: 04, Epoch: 12, Train: 89.58%, Valid: 91.00% Test: 78.53%
Run: 04, Epoch: 13, Loss: 0.4265
Run: 04, Epoch: 14, Loss: 0.4228
Run: 04, Epoch: 14, Train: 89.62%, Valid: 91.07% Test: 77.86%
Run: 04, Epoch: 15, Loss: 0.4199
Run: 04, Epoch: 16, Loss: 0.4239
Run: 04, Epoch: 16, Train: 89.79%, Valid: 91.39% Test: 78.89%
Run: 04, Epoch: 17, Loss: 0.4185
Run: 04, Epoch: 18, Loss: 0.4164
Run: 04, Epoch: 18, Train: 90.03%, Valid: 91.46% Test: 78.45%
Run: 04, Epoch: 19, Loss: 0.4109
Run: 04, Epoch: 20, Loss: 0.4082
Run: 04, Epoch: 20, Train: 90.04%, Valid: 91.41% Test: 79.10%
Run 04:
Highest Train: 90.04
Highest Valid: 91.46
  Final Train: 90.03
   Final Test: 78.45
Run: 05, Epoch: 01, Loss: 1.3896
Run: 05, Epoch: 02, Loss: 0.6383
Run: 05, Epoch: 03, Loss: 0.5554
Run: 05, Epoch: 04, Loss: 0.5143
Run: 05, Epoch: 05, Loss: 0.4886
Run: 05, Epoch: 06, Loss: 0.4725
Run: 05, Epoch: 07, Loss: 0.4624
Run: 05, Epoch: 08, Loss: 0.4514
Run: 05, Epoch: 09, Loss: 0.4471
Run: 05, Epoch: 10, Loss: 0.4396
Run: 05, Epoch: 10, Train: 89.06%, Valid: 91.03% Test: 77.78%
Run: 05, Epoch: 11, Loss: 0.4344
Run: 05, Epoch: 12, Loss: 0.4292
Run: 05, Epoch: 12, Train: 89.38%, Valid: 91.12% Test: 78.45%
Run: 05, Epoch: 13, Loss: 0.4270
Run: 05, Epoch: 14, Loss: 0.4239
Run: 05, Epoch: 14, Train: 89.58%, Valid: 91.27% Test: 78.39%
Run: 05, Epoch: 15, Loss: 0.4193
Run: 05, Epoch: 16, Loss: 0.4149
Run: 05, Epoch: 16, Train: 89.85%, Valid: 91.27% Test: 78.48%
Run: 05, Epoch: 17, Loss: 0.4103
Run: 05, Epoch: 18, Loss: 0.4091
Run: 05, Epoch: 18, Train: 89.95%, Valid: 91.46% Test: 78.16%
Run: 05, Epoch: 19, Loss: 0.4085
Run: 05, Epoch: 20, Loss: 0.4084
Run: 05, Epoch: 20, Train: 90.08%, Valid: 91.54% Test: 78.95%
Run 05:
Highest Train: 90.08
Highest Valid: 91.54
  Final Train: 90.08
   Final Test: 78.95
Run: 06, Epoch: 01, Loss: 1.4755
Run: 06, Epoch: 02, Loss: 0.6513
Run: 06, Epoch: 03, Loss: 0.5633
Run: 06, Epoch: 04, Loss: 0.5167
Run: 06, Epoch: 05, Loss: 0.4981
Run: 06, Epoch: 06, Loss: 0.4809
Run: 06, Epoch: 07, Loss: 0.4673
Run: 06, Epoch: 08, Loss: 0.4559
Run: 06, Epoch: 09, Loss: 0.4447
Run: 06, Epoch: 10, Loss: 0.4444
Run: 06, Epoch: 10, Train: 89.18%, Valid: 91.12% Test: 78.15%
Run: 06, Epoch: 11, Loss: 0.4343
Run: 06, Epoch: 12, Loss: 0.4331
Run: 06, Epoch: 12, Train: 89.53%, Valid: 91.07% Test: 78.66%
Run: 06, Epoch: 13, Loss: 0.4269
Run: 06, Epoch: 14, Loss: 0.4208
Run: 06, Epoch: 14, Train: 89.56%, Valid: 91.17% Test: 78.74%
Run: 06, Epoch: 15, Loss: 0.4233
Run: 06, Epoch: 16, Loss: 0.4183
Run: 06, Epoch: 16, Train: 89.69%, Valid: 91.40% Test: 78.86%
Run: 06, Epoch: 17, Loss: 0.4162
Run: 06, Epoch: 18, Loss: 0.4145
Run: 06, Epoch: 18, Train: 89.97%, Valid: 91.37% Test: 78.68%
Run: 06, Epoch: 19, Loss: 0.4115
Run: 06, Epoch: 20, Loss: 0.4095
Run: 06, Epoch: 20, Train: 90.26%, Valid: 91.43% Test: 79.13%
Run 06:
Highest Train: 90.26
Highest Valid: 91.43
  Final Train: 90.26
   Final Test: 79.13
Run: 07, Epoch: 01, Loss: 1.5475
Run: 07, Epoch: 02, Loss: 0.6610
Run: 07, Epoch: 03, Loss: 0.5678
Run: 07, Epoch: 04, Loss: 0.5198
Run: 07, Epoch: 05, Loss: 0.4959
Run: 07, Epoch: 06, Loss: 0.4818
Run: 07, Epoch: 07, Loss: 0.4649
Run: 07, Epoch: 08, Loss: 0.4526
Run: 07, Epoch: 09, Loss: 0.4450
Run: 07, Epoch: 10, Loss: 0.4472
Run: 07, Epoch: 10, Train: 89.01%, Valid: 90.90% Test: 78.41%
Run: 07, Epoch: 11, Loss: 0.4340
Run: 07, Epoch: 12, Loss: 0.4318
Run: 07, Epoch: 12, Train: 89.23%, Valid: 91.14% Test: 78.80%
Run: 07, Epoch: 13, Loss: 0.4250
Run: 07, Epoch: 14, Loss: 0.4259
Run: 07, Epoch: 14, Train: 89.70%, Valid: 91.26% Test: 79.11%
Run: 07, Epoch: 15, Loss: 0.4166
Run: 07, Epoch: 16, Loss: 0.4221
Run: 07, Epoch: 16, Train: 89.82%, Valid: 91.48% Test: 78.14%
Run: 07, Epoch: 17, Loss: 0.4139
Run: 07, Epoch: 18, Loss: 0.4164
Run: 07, Epoch: 18, Train: 89.89%, Valid: 91.45% Test: 78.65%
Run: 07, Epoch: 19, Loss: 0.4127
Run: 07, Epoch: 20, Loss: 0.4087
Run: 07, Epoch: 20, Train: 89.93%, Valid: 91.55% Test: 78.67%
Run 07:
Highest Train: 89.93
Highest Valid: 91.55
  Final Train: 89.93
   Final Test: 78.67
Run: 08, Epoch: 01, Loss: 1.4012
Run: 08, Epoch: 02, Loss: 0.6386
Run: 08, Epoch: 03, Loss: 0.5519
Run: 08, Epoch: 04, Loss: 0.5151
Run: 08, Epoch: 05, Loss: 0.4903
Run: 08, Epoch: 06, Loss: 0.4755
Run: 08, Epoch: 07, Loss: 0.4575
Run: 08, Epoch: 08, Loss: 0.4535
Run: 08, Epoch: 09, Loss: 0.4485
Run: 08, Epoch: 10, Loss: 0.4403
Run: 08, Epoch: 10, Train: 89.06%, Valid: 91.24% Test: 78.52%
Run: 08, Epoch: 11, Loss: 0.4349
Run: 08, Epoch: 12, Loss: 0.4289
Run: 08, Epoch: 12, Train: 89.37%, Valid: 91.28% Test: 78.51%
Run: 08, Epoch: 13, Loss: 0.4245
Run: 08, Epoch: 14, Loss: 0.4206
Run: 08, Epoch: 14, Train: 89.72%, Valid: 91.39% Test: 78.49%
Run: 08, Epoch: 15, Loss: 0.4195
Run: 08, Epoch: 16, Loss: 0.4191
Run: 08, Epoch: 16, Train: 89.97%, Valid: 91.47% Test: 78.75%
Run: 08, Epoch: 17, Loss: 0.4144
Run: 08, Epoch: 18, Loss: 0.4197
Run: 08, Epoch: 18, Train: 89.99%, Valid: 91.22% Test: 78.57%
Run: 08, Epoch: 19, Loss: 0.4090
Run: 08, Epoch: 20, Loss: 0.4110
Run: 08, Epoch: 20, Train: 89.98%, Valid: 91.60% Test: 78.88%
Run 08:
Highest Train: 89.99
Highest Valid: 91.60
  Final Train: 89.98
   Final Test: 78.88
Run: 09, Epoch: 01, Loss: 1.4620
Run: 09, Epoch: 02, Loss: 0.6402
Run: 09, Epoch: 03, Loss: 0.5512
Run: 09, Epoch: 04, Loss: 0.5118
Run: 09, Epoch: 05, Loss: 0.4921
Run: 09, Epoch: 06, Loss: 0.4732
Run: 09, Epoch: 07, Loss: 0.4593
Run: 09, Epoch: 08, Loss: 0.4521
Run: 09, Epoch: 09, Loss: 0.4481
Run: 09, Epoch: 10, Loss: 0.4417
Run: 09, Epoch: 10, Train: 89.27%, Valid: 91.06% Test: 77.92%
Run: 09, Epoch: 11, Loss: 0.4352
Run: 09, Epoch: 12, Loss: 0.4248
Run: 09, Epoch: 12, Train: 89.39%, Valid: 91.18% Test: 78.16%
Run: 09, Epoch: 13, Loss: 0.4263
Run: 09, Epoch: 14, Loss: 0.4257
Run: 09, Epoch: 14, Train: 89.69%, Valid: 91.33% Test: 77.55%
Run: 09, Epoch: 15, Loss: 0.4204
Run: 09, Epoch: 16, Loss: 0.4176
Run: 09, Epoch: 16, Train: 89.95%, Valid: 91.52% Test: 78.60%
Run: 09, Epoch: 17, Loss: 0.4086
Run: 09, Epoch: 18, Loss: 0.4120
Run: 09, Epoch: 18, Train: 90.14%, Valid: 91.46% Test: 78.47%
Run: 09, Epoch: 19, Loss: 0.4074
Run: 09, Epoch: 20, Loss: 0.4078
Run: 09, Epoch: 20, Train: 90.07%, Valid: 91.25% Test: 78.91%
Run 09:
Highest Train: 90.14
Highest Valid: 91.52
  Final Train: 89.95
   Final Test: 78.60
Run: 10, Epoch: 01, Loss: 1.4936
Run: 10, Epoch: 02, Loss: 0.6489
Run: 10, Epoch: 03, Loss: 0.5542
Run: 10, Epoch: 04, Loss: 0.5189
Run: 10, Epoch: 05, Loss: 0.4974
Run: 10, Epoch: 06, Loss: 0.4800
Run: 10, Epoch: 07, Loss: 0.4627
Run: 10, Epoch: 08, Loss: 0.4587
Run: 10, Epoch: 09, Loss: 0.4500
Run: 10, Epoch: 10, Loss: 0.4408
Run: 10, Epoch: 10, Train: 89.32%, Valid: 91.24% Test: 78.36%
Run: 10, Epoch: 11, Loss: 0.4329
Run: 10, Epoch: 12, Loss: 0.4292
Run: 10, Epoch: 12, Train: 89.37%, Valid: 91.23% Test: 79.03%
Run: 10, Epoch: 13, Loss: 0.4262
Run: 10, Epoch: 14, Loss: 0.4216
Run: 10, Epoch: 14, Train: 89.57%, Valid: 91.39% Test: 79.63%
Run: 10, Epoch: 15, Loss: 0.4229
Run: 10, Epoch: 16, Loss: 0.4146
Run: 10, Epoch: 16, Train: 89.95%, Valid: 91.48% Test: 79.06%
Run: 10, Epoch: 17, Loss: 0.4128
Run: 10, Epoch: 18, Loss: 0.4155
Run: 10, Epoch: 18, Train: 89.94%, Valid: 91.35% Test: 78.92%
Run: 10, Epoch: 19, Loss: 0.4139
Run: 10, Epoch: 20, Loss: 0.4119
Run: 10, Epoch: 20, Train: 90.10%, Valid: 91.41% Test: 78.98%
Run 10:
Highest Train: 90.10
Highest Valid: 91.48
  Final Train: 89.95
   Final Test: 79.06
All runs:
Highest Train: 90.05 ± 0.11
Highest Valid: 91.49 ± 0.06
  Final Train: 89.99 ± 0.13
   Final Test: 78.83 ± 0.26
