Namespace(device=0, log_steps=1, inductive=False, num_layers=3, hidden_channels=256, dropout=0.5, batch_size=20000, walk_length=3, lr=0.01, num_steps=30, epochs=20, eval_steps=2, runs=10, rsv=0.55, al='mem', alpha=0.8)
tensor([147936, 100314,   1272,  ...,  45834, 104923,  86250]) 108138
tensor([222340, 232877, 217134,  ..., 198324, 225907, 225407]) 21627
Run: 01, Epoch: 01, Loss: 1.3663
Run: 01, Epoch: 02, Loss: 0.5863
Run: 01, Epoch: 03, Loss: 0.4989
Run: 01, Epoch: 04, Loss: 0.4639
Run: 01, Epoch: 05, Loss: 0.4462
Run: 01, Epoch: 06, Loss: 0.4282
Run: 01, Epoch: 07, Loss: 0.4113
Run: 01, Epoch: 08, Loss: 0.4076
Run: 01, Epoch: 09, Loss: 0.3997
Run: 01, Epoch: 10, Loss: 0.3969
Run: 01, Epoch: 10, Train: 90.40%, Valid: 91.12% Test: 78.35%
Run: 01, Epoch: 11, Loss: 0.3899
Run: 01, Epoch: 12, Loss: 0.3814
Run: 01, Epoch: 12, Train: 90.77%, Valid: 91.18% Test: 78.28%
Run: 01, Epoch: 13, Loss: 0.3772
Run: 01, Epoch: 14, Loss: 0.3798
Run: 01, Epoch: 14, Train: 90.86%, Valid: 91.10% Test: 79.38%
Run: 01, Epoch: 15, Loss: 0.3718
Run: 01, Epoch: 16, Loss: 0.3702
Run: 01, Epoch: 16, Train: 91.11%, Valid: 91.33% Test: 79.01%
Run: 01, Epoch: 17, Loss: 0.3649
Run: 01, Epoch: 18, Loss: 0.3686
Run: 01, Epoch: 18, Train: 91.18%, Valid: 91.25% Test: 78.43%
Run: 01, Epoch: 19, Loss: 0.3646
Run: 01, Epoch: 20, Loss: 0.3658
Run: 01, Epoch: 20, Train: 91.21%, Valid: 91.21% Test: 78.64%
Run 01:
Highest Train: 91.21
Highest Valid: 91.33
  Final Train: 91.11
   Final Test: 79.01
Run: 02, Epoch: 01, Loss: 1.4634
Run: 02, Epoch: 02, Loss: 0.5957
Run: 02, Epoch: 03, Loss: 0.5073
Run: 02, Epoch: 04, Loss: 0.4704
Run: 02, Epoch: 05, Loss: 0.4454
Run: 02, Epoch: 06, Loss: 0.4262
Run: 02, Epoch: 07, Loss: 0.4142
Run: 02, Epoch: 08, Loss: 0.4075
Run: 02, Epoch: 09, Loss: 0.4047
Run: 02, Epoch: 10, Loss: 0.3928
Run: 02, Epoch: 10, Train: 90.42%, Valid: 90.92% Test: 78.62%
Run: 02, Epoch: 11, Loss: 0.3867
Run: 02, Epoch: 12, Loss: 0.3858
Run: 02, Epoch: 12, Train: 90.66%, Valid: 91.13% Test: 78.49%
Run: 02, Epoch: 13, Loss: 0.3782
Run: 02, Epoch: 14, Loss: 0.3749
Run: 02, Epoch: 14, Train: 90.85%, Valid: 91.27% Test: 78.10%
Run: 02, Epoch: 15, Loss: 0.3746
Run: 02, Epoch: 16, Loss: 0.3702
Run: 02, Epoch: 16, Train: 90.97%, Valid: 91.36% Test: 79.07%
Run: 02, Epoch: 17, Loss: 0.3696
Run: 02, Epoch: 18, Loss: 0.3659
Run: 02, Epoch: 18, Train: 91.04%, Valid: 91.19% Test: 78.05%
Run: 02, Epoch: 19, Loss: 0.3644
Run: 02, Epoch: 20, Loss: 0.3655
Run: 02, Epoch: 20, Train: 90.88%, Valid: 91.18% Test: 78.72%
Run 02:
Highest Train: 91.04
Highest Valid: 91.36
  Final Train: 90.97
   Final Test: 79.07
Run: 03, Epoch: 01, Loss: 1.4694
Run: 03, Epoch: 02, Loss: 0.6002
Run: 03, Epoch: 03, Loss: 0.5132
Run: 03, Epoch: 04, Loss: 0.4747
Run: 03, Epoch: 05, Loss: 0.4489
Run: 03, Epoch: 06, Loss: 0.4361
Run: 03, Epoch: 07, Loss: 0.4193
Run: 03, Epoch: 08, Loss: 0.4114
Run: 03, Epoch: 09, Loss: 0.4034
Run: 03, Epoch: 10, Loss: 0.3953
Run: 03, Epoch: 10, Train: 90.30%, Valid: 90.93% Test: 77.97%
Run: 03, Epoch: 11, Loss: 0.3906
Run: 03, Epoch: 12, Loss: 0.3920
Run: 03, Epoch: 12, Train: 90.48%, Valid: 91.10% Test: 78.30%
Run: 03, Epoch: 13, Loss: 0.3860
Run: 03, Epoch: 14, Loss: 0.3816
Run: 03, Epoch: 14, Train: 90.67%, Valid: 91.21% Test: 78.62%
Run: 03, Epoch: 15, Loss: 0.3765
Run: 03, Epoch: 16, Loss: 0.3779
Run: 03, Epoch: 16, Train: 90.90%, Valid: 91.19% Test: 78.60%
Run: 03, Epoch: 17, Loss: 0.3720
Run: 03, Epoch: 18, Loss: 0.3707
Run: 03, Epoch: 18, Train: 91.02%, Valid: 91.22% Test: 79.07%
Run: 03, Epoch: 19, Loss: 0.3728
Run: 03, Epoch: 20, Loss: 0.3697
Run: 03, Epoch: 20, Train: 90.98%, Valid: 91.35% Test: 78.06%
Run 03:
Highest Train: 91.02
Highest Valid: 91.35
  Final Train: 90.98
   Final Test: 78.06
Run: 04, Epoch: 01, Loss: 1.3655
Run: 04, Epoch: 02, Loss: 0.5813
Run: 04, Epoch: 03, Loss: 0.4965
Run: 04, Epoch: 04, Loss: 0.4623
Run: 04, Epoch: 05, Loss: 0.4387
Run: 04, Epoch: 06, Loss: 0.4274
Run: 04, Epoch: 07, Loss: 0.4200
Run: 04, Epoch: 08, Loss: 0.4081
Run: 04, Epoch: 09, Loss: 0.3995
Run: 04, Epoch: 10, Loss: 0.3940
Run: 04, Epoch: 10, Train: 90.34%, Valid: 91.08% Test: 78.75%
Run: 04, Epoch: 11, Loss: 0.3853
Run: 04, Epoch: 12, Loss: 0.3792
Run: 04, Epoch: 12, Train: 90.67%, Valid: 91.20% Test: 78.34%
Run: 04, Epoch: 13, Loss: 0.3778
Run: 04, Epoch: 14, Loss: 0.3736
Run: 04, Epoch: 14, Train: 90.92%, Valid: 91.23% Test: 77.77%
Run: 04, Epoch: 15, Loss: 0.3735
Run: 04, Epoch: 16, Loss: 0.3767
Run: 04, Epoch: 16, Train: 91.03%, Valid: 91.31% Test: 78.58%
Run: 04, Epoch: 17, Loss: 0.3707
Run: 04, Epoch: 18, Loss: 0.3680
Run: 04, Epoch: 18, Train: 91.28%, Valid: 91.57% Test: 78.58%
Run: 04, Epoch: 19, Loss: 0.3624
Run: 04, Epoch: 20, Loss: 0.3618
Run: 04, Epoch: 20, Train: 91.17%, Valid: 91.30% Test: 78.79%
Run 04:
Highest Train: 91.28
Highest Valid: 91.57
  Final Train: 91.28
   Final Test: 78.58
Run: 05, Epoch: 01, Loss: 1.2975
Run: 05, Epoch: 02, Loss: 0.5750
Run: 05, Epoch: 03, Loss: 0.4973
Run: 05, Epoch: 04, Loss: 0.4626
Run: 05, Epoch: 05, Loss: 0.4353
Run: 05, Epoch: 06, Loss: 0.4232
Run: 05, Epoch: 07, Loss: 0.4128
Run: 05, Epoch: 08, Loss: 0.4010
Run: 05, Epoch: 09, Loss: 0.3959
Run: 05, Epoch: 10, Loss: 0.3875
Run: 05, Epoch: 10, Train: 90.43%, Valid: 90.90% Test: 78.01%
Run: 05, Epoch: 11, Loss: 0.3838
Run: 05, Epoch: 12, Loss: 0.3795
Run: 05, Epoch: 12, Train: 90.69%, Valid: 90.97% Test: 77.77%
Run: 05, Epoch: 13, Loss: 0.3781
Run: 05, Epoch: 14, Loss: 0.3750
Run: 05, Epoch: 14, Train: 90.91%, Valid: 91.22% Test: 78.01%
Run: 05, Epoch: 15, Loss: 0.3733
Run: 05, Epoch: 16, Loss: 0.3666
Run: 05, Epoch: 16, Train: 90.84%, Valid: 91.32% Test: 78.26%
Run: 05, Epoch: 17, Loss: 0.3646
Run: 05, Epoch: 18, Loss: 0.3643
Run: 05, Epoch: 18, Train: 91.06%, Valid: 91.26% Test: 77.87%
Run: 05, Epoch: 19, Loss: 0.3611
Run: 05, Epoch: 20, Loss: 0.3643
Run: 05, Epoch: 20, Train: 91.25%, Valid: 91.46% Test: 78.41%
Run 05:
Highest Train: 91.25
Highest Valid: 91.46
  Final Train: 91.25
   Final Test: 78.41
Run: 06, Epoch: 01, Loss: 1.4010
Run: 06, Epoch: 02, Loss: 0.5912
Run: 06, Epoch: 03, Loss: 0.5075
Run: 06, Epoch: 04, Loss: 0.4593
Run: 06, Epoch: 05, Loss: 0.4469
Run: 06, Epoch: 06, Loss: 0.4289
Run: 06, Epoch: 07, Loss: 0.4141
Run: 06, Epoch: 08, Loss: 0.4045
Run: 06, Epoch: 09, Loss: 0.3947
Run: 06, Epoch: 10, Loss: 0.3942
Run: 06, Epoch: 10, Train: 90.49%, Valid: 91.09% Test: 78.27%
Run: 06, Epoch: 11, Loss: 0.3844
Run: 06, Epoch: 12, Loss: 0.3826
Run: 06, Epoch: 12, Train: 90.75%, Valid: 91.31% Test: 78.53%
Run: 06, Epoch: 13, Loss: 0.3792
Run: 06, Epoch: 14, Loss: 0.3742
Run: 06, Epoch: 14, Train: 90.75%, Valid: 91.20% Test: 78.78%
Run: 06, Epoch: 15, Loss: 0.3729
Run: 06, Epoch: 16, Loss: 0.3721
Run: 06, Epoch: 16, Train: 90.87%, Valid: 91.38% Test: 78.93%
Run: 06, Epoch: 17, Loss: 0.3675
Run: 06, Epoch: 18, Loss: 0.3656
Run: 06, Epoch: 18, Train: 91.11%, Valid: 91.38% Test: 78.99%
Run: 06, Epoch: 19, Loss: 0.3646
Run: 06, Epoch: 20, Loss: 0.3630
Run: 06, Epoch: 20, Train: 91.28%, Valid: 91.38% Test: 78.86%
Run 06:
Highest Train: 91.28
Highest Valid: 91.38
  Final Train: 90.87
   Final Test: 78.93
Run: 07, Epoch: 01, Loss: 1.4463
Run: 07, Epoch: 02, Loss: 0.5985
Run: 07, Epoch: 03, Loss: 0.5095
Run: 07, Epoch: 04, Loss: 0.4679
Run: 07, Epoch: 05, Loss: 0.4472
Run: 07, Epoch: 06, Loss: 0.4314
Run: 07, Epoch: 07, Loss: 0.4179
Run: 07, Epoch: 08, Loss: 0.4076
Run: 07, Epoch: 09, Loss: 0.4028
Run: 07, Epoch: 10, Loss: 0.3986
Run: 07, Epoch: 10, Train: 90.32%, Valid: 91.03% Test: 78.36%
Run: 07, Epoch: 11, Loss: 0.3907
Run: 07, Epoch: 12, Loss: 0.3855
Run: 07, Epoch: 12, Train: 90.41%, Valid: 90.96% Test: 78.05%
Run: 07, Epoch: 13, Loss: 0.3816
Run: 07, Epoch: 14, Loss: 0.3795
Run: 07, Epoch: 14, Train: 90.86%, Valid: 91.26% Test: 78.93%
Run: 07, Epoch: 15, Loss: 0.3729
Run: 07, Epoch: 16, Loss: 0.3760
Run: 07, Epoch: 16, Train: 90.98%, Valid: 91.28% Test: 77.26%
Run: 07, Epoch: 17, Loss: 0.3697
Run: 07, Epoch: 18, Loss: 0.3703
Run: 07, Epoch: 18, Train: 91.13%, Valid: 91.60% Test: 78.72%
Run: 07, Epoch: 19, Loss: 0.3676
Run: 07, Epoch: 20, Loss: 0.3633
Run: 07, Epoch: 20, Train: 91.26%, Valid: 91.38% Test: 78.69%
Run 07:
Highest Train: 91.26
Highest Valid: 91.60
  Final Train: 91.13
   Final Test: 78.72
Run: 08, Epoch: 01, Loss: 1.3317
Run: 08, Epoch: 02, Loss: 0.5802
Run: 08, Epoch: 03, Loss: 0.4967
Run: 08, Epoch: 04, Loss: 0.4612
Run: 08, Epoch: 05, Loss: 0.4406
Run: 08, Epoch: 06, Loss: 0.4238
Run: 08, Epoch: 07, Loss: 0.4074
Run: 08, Epoch: 08, Loss: 0.4067
Run: 08, Epoch: 09, Loss: 0.3970
Run: 08, Epoch: 10, Loss: 0.3914
Run: 08, Epoch: 10, Train: 90.35%, Valid: 91.03% Test: 78.83%
Run: 08, Epoch: 11, Loss: 0.3885
Run: 08, Epoch: 12, Loss: 0.3824
Run: 08, Epoch: 12, Train: 90.80%, Valid: 91.31% Test: 78.78%
Run: 08, Epoch: 13, Loss: 0.3762
Run: 08, Epoch: 14, Loss: 0.3751
Run: 08, Epoch: 14, Train: 90.84%, Valid: 91.43% Test: 78.36%
Run: 08, Epoch: 15, Loss: 0.3716
Run: 08, Epoch: 16, Loss: 0.3724
Run: 08, Epoch: 16, Train: 91.01%, Valid: 91.37% Test: 78.68%
Run: 08, Epoch: 17, Loss: 0.3668
Run: 08, Epoch: 18, Loss: 0.3694
Run: 08, Epoch: 18, Train: 91.28%, Valid: 91.39% Test: 78.11%
Run: 08, Epoch: 19, Loss: 0.3631
Run: 08, Epoch: 20, Loss: 0.3637
Run: 08, Epoch: 20, Train: 91.15%, Valid: 91.30% Test: 78.67%
Run 08:
Highest Train: 91.28
Highest Valid: 91.43
  Final Train: 90.84
   Final Test: 78.36
Run: 09, Epoch: 01, Loss: 1.3819
Run: 09, Epoch: 02, Loss: 0.5855
Run: 09, Epoch: 03, Loss: 0.5013
Run: 09, Epoch: 04, Loss: 0.4627
Run: 09, Epoch: 05, Loss: 0.4427
Run: 09, Epoch: 06, Loss: 0.4243
Run: 09, Epoch: 07, Loss: 0.4127
Run: 09, Epoch: 08, Loss: 0.4027
Run: 09, Epoch: 09, Loss: 0.3992
Run: 09, Epoch: 10, Loss: 0.3901
Run: 09, Epoch: 10, Train: 90.44%, Valid: 91.13% Test: 77.66%
Run: 09, Epoch: 11, Loss: 0.3831
Run: 09, Epoch: 12, Loss: 0.3779
Run: 09, Epoch: 12, Train: 90.56%, Valid: 91.15% Test: 78.27%
Run: 09, Epoch: 13, Loss: 0.3789
Run: 09, Epoch: 14, Loss: 0.3770
Run: 09, Epoch: 14, Train: 90.88%, Valid: 91.17% Test: 77.58%
Run: 09, Epoch: 15, Loss: 0.3721
Run: 09, Epoch: 16, Loss: 0.3702
Run: 09, Epoch: 16, Train: 91.08%, Valid: 91.38% Test: 78.35%
Run: 09, Epoch: 17, Loss: 0.3638
Run: 09, Epoch: 18, Loss: 0.3661
Run: 09, Epoch: 18, Train: 91.19%, Valid: 91.36% Test: 78.22%
Run: 09, Epoch: 19, Loss: 0.3631
Run: 09, Epoch: 20, Loss: 0.3604
Run: 09, Epoch: 20, Train: 91.24%, Valid: 91.38% Test: 78.45%
Run 09:
Highest Train: 91.24
Highest Valid: 91.38
  Final Train: 91.08
   Final Test: 78.35
Run: 10, Epoch: 01, Loss: 1.4022
Run: 10, Epoch: 02, Loss: 0.5880
Run: 10, Epoch: 03, Loss: 0.4989
Run: 10, Epoch: 04, Loss: 0.4662
Run: 10, Epoch: 05, Loss: 0.4443
Run: 10, Epoch: 06, Loss: 0.4260
Run: 10, Epoch: 07, Loss: 0.4106
Run: 10, Epoch: 08, Loss: 0.4068
Run: 10, Epoch: 09, Loss: 0.3994
Run: 10, Epoch: 10, Loss: 0.3928
Run: 10, Epoch: 10, Train: 90.54%, Valid: 91.18% Test: 78.04%
Run: 10, Epoch: 11, Loss: 0.3827
Run: 10, Epoch: 12, Loss: 0.3795
Run: 10, Epoch: 12, Train: 90.72%, Valid: 91.22% Test: 79.12%
Run: 10, Epoch: 13, Loss: 0.3785
Run: 10, Epoch: 14, Loss: 0.3741
Run: 10, Epoch: 14, Train: 90.76%, Valid: 91.09% Test: 78.47%
Run: 10, Epoch: 15, Loss: 0.3753
Run: 10, Epoch: 16, Loss: 0.3677
Run: 10, Epoch: 16, Train: 91.10%, Valid: 91.36% Test: 78.64%
Run: 10, Epoch: 17, Loss: 0.3645
Run: 10, Epoch: 18, Loss: 0.3658
Run: 10, Epoch: 18, Train: 91.18%, Valid: 91.31% Test: 79.05%
Run: 10, Epoch: 19, Loss: 0.3648
Run: 10, Epoch: 20, Loss: 0.3666
Run: 10, Epoch: 20, Train: 91.32%, Valid: 91.40% Test: 78.87%
Run 10:
Highest Train: 91.32
Highest Valid: 91.40
  Final Train: 91.32
   Final Test: 78.87
All runs:
Highest Train: 91.22 ± 0.10
Highest Valid: 91.43 ± 0.09
  Final Train: 91.08 ± 0.17
   Final Test: 78.64 ± 0.34
