Namespace(device=0, log_steps=1, inductive=False, num_layers=3, hidden_channels=256, dropout=0.5, batch_size=20000, walk_length=3, lr=0.01, num_steps=30, epochs=20, eval_steps=2, runs=10, rsv=0.5, al='mem', alpha=0.9)
tensor([147936, 100314,   1272,  ...,  51652, 185864,  95897]) 98307
tensor([222340, 232877, 217134,  ..., 214646, 203400, 198653]) 19661
Run: 01, Epoch: 01, Loss: 1.3074
Run: 01, Epoch: 02, Loss: 0.5388
Run: 01, Epoch: 03, Loss: 0.4554
Run: 01, Epoch: 04, Loss: 0.4218
Run: 01, Epoch: 05, Loss: 0.4069
Run: 01, Epoch: 06, Loss: 0.3879
Run: 01, Epoch: 07, Loss: 0.3726
Run: 01, Epoch: 08, Loss: 0.3683
Run: 01, Epoch: 09, Loss: 0.3621
Run: 01, Epoch: 10, Loss: 0.3578
Run: 01, Epoch: 10, Train: 91.39%, Valid: 90.95% Test: 78.01%
Run: 01, Epoch: 11, Loss: 0.3512
Run: 01, Epoch: 12, Loss: 0.3419
Run: 01, Epoch: 12, Train: 91.82%, Valid: 90.96% Test: 78.35%
Run: 01, Epoch: 13, Loss: 0.3405
Run: 01, Epoch: 14, Loss: 0.3404
Run: 01, Epoch: 14, Train: 91.86%, Valid: 91.02% Test: 78.68%
Run: 01, Epoch: 15, Loss: 0.3336
Run: 01, Epoch: 16, Loss: 0.3345
Run: 01, Epoch: 16, Train: 91.97%, Valid: 91.09% Test: 79.02%
Run: 01, Epoch: 17, Loss: 0.3286
Run: 01, Epoch: 18, Loss: 0.3313
Run: 01, Epoch: 18, Train: 92.16%, Valid: 91.25% Test: 77.84%
Run: 01, Epoch: 19, Loss: 0.3293
Run: 01, Epoch: 20, Loss: 0.3271
Run: 01, Epoch: 20, Train: 92.16%, Valid: 91.24% Test: 78.06%
Run 01:
Highest Train: 92.16
Highest Valid: 91.25
  Final Train: 92.16
   Final Test: 77.84
Run: 02, Epoch: 01, Loss: 1.4170
Run: 02, Epoch: 02, Loss: 0.5488
Run: 02, Epoch: 03, Loss: 0.4647
Run: 02, Epoch: 04, Loss: 0.4281
Run: 02, Epoch: 05, Loss: 0.4050
Run: 02, Epoch: 06, Loss: 0.3867
Run: 02, Epoch: 07, Loss: 0.3768
Run: 02, Epoch: 08, Loss: 0.3698
Run: 02, Epoch: 09, Loss: 0.3666
Run: 02, Epoch: 10, Loss: 0.3556
Run: 02, Epoch: 10, Train: 91.47%, Valid: 90.97% Test: 78.75%
Run: 02, Epoch: 11, Loss: 0.3511
Run: 02, Epoch: 12, Loss: 0.3477
Run: 02, Epoch: 12, Train: 91.60%, Valid: 90.91% Test: 78.65%
Run: 02, Epoch: 13, Loss: 0.3411
Run: 02, Epoch: 14, Loss: 0.3387
Run: 02, Epoch: 14, Train: 91.80%, Valid: 91.11% Test: 78.28%
Run: 02, Epoch: 15, Loss: 0.3376
Run: 02, Epoch: 16, Loss: 0.3327
Run: 02, Epoch: 16, Train: 92.05%, Valid: 91.34% Test: 79.39%
Run: 02, Epoch: 17, Loss: 0.3309
Run: 02, Epoch: 18, Loss: 0.3278
Run: 02, Epoch: 18, Train: 92.11%, Valid: 91.12% Test: 78.07%
Run: 02, Epoch: 19, Loss: 0.3257
Run: 02, Epoch: 20, Loss: 0.3287
Run: 02, Epoch: 20, Train: 92.05%, Valid: 91.28% Test: 78.91%
Run 02:
Highest Train: 92.11
Highest Valid: 91.34
  Final Train: 92.05
   Final Test: 79.39
Run: 03, Epoch: 01, Loss: 1.3876
Run: 03, Epoch: 02, Loss: 0.5476
Run: 03, Epoch: 03, Loss: 0.4693
Run: 03, Epoch: 04, Loss: 0.4310
Run: 03, Epoch: 05, Loss: 0.4087
Run: 03, Epoch: 06, Loss: 0.3958
Run: 03, Epoch: 07, Loss: 0.3807
Run: 03, Epoch: 08, Loss: 0.3735
Run: 03, Epoch: 09, Loss: 0.3679
Run: 03, Epoch: 10, Loss: 0.3565
Run: 03, Epoch: 10, Train: 91.28%, Valid: 90.94% Test: 77.85%
Run: 03, Epoch: 11, Loss: 0.3541
Run: 03, Epoch: 12, Loss: 0.3530
Run: 03, Epoch: 12, Train: 91.46%, Valid: 90.99% Test: 78.27%
Run: 03, Epoch: 13, Loss: 0.3489
Run: 03, Epoch: 14, Loss: 0.3444
Run: 03, Epoch: 14, Train: 91.62%, Valid: 90.99% Test: 78.61%
Run: 03, Epoch: 15, Loss: 0.3411
Run: 03, Epoch: 16, Loss: 0.3433
Run: 03, Epoch: 16, Train: 91.77%, Valid: 91.10% Test: 78.53%
Run: 03, Epoch: 17, Loss: 0.3391
Run: 03, Epoch: 18, Loss: 0.3381
Run: 03, Epoch: 18, Train: 91.95%, Valid: 91.08% Test: 79.08%
Run: 03, Epoch: 19, Loss: 0.3373
Run: 03, Epoch: 20, Loss: 0.3317
Run: 03, Epoch: 20, Train: 92.03%, Valid: 91.36% Test: 78.26%
Run 03:
Highest Train: 92.03
Highest Valid: 91.36
  Final Train: 92.03
   Final Test: 78.26
Run: 04, Epoch: 01, Loss: 1.3007
Run: 04, Epoch: 02, Loss: 0.5306
Run: 04, Epoch: 03, Loss: 0.4506
Run: 04, Epoch: 04, Loss: 0.4194
Run: 04, Epoch: 05, Loss: 0.3994
Run: 04, Epoch: 06, Loss: 0.3853
Run: 04, Epoch: 07, Loss: 0.3791
Run: 04, Epoch: 08, Loss: 0.3694
Run: 04, Epoch: 09, Loss: 0.3613
Run: 04, Epoch: 10, Loss: 0.3552
Run: 04, Epoch: 10, Train: 91.35%, Valid: 91.06% Test: 78.15%
Run: 04, Epoch: 11, Loss: 0.3482
Run: 04, Epoch: 12, Loss: 0.3433
Run: 04, Epoch: 12, Train: 91.61%, Valid: 90.88% Test: 78.50%
Run: 04, Epoch: 13, Loss: 0.3406
Run: 04, Epoch: 14, Loss: 0.3367
Run: 04, Epoch: 14, Train: 91.82%, Valid: 91.13% Test: 77.72%
Run: 04, Epoch: 15, Loss: 0.3376
Run: 04, Epoch: 16, Loss: 0.3399
Run: 04, Epoch: 16, Train: 92.00%, Valid: 91.35% Test: 78.27%
Run: 04, Epoch: 17, Loss: 0.3333
Run: 04, Epoch: 18, Loss: 0.3326
Run: 04, Epoch: 18, Train: 92.14%, Valid: 91.35% Test: 78.29%
Run: 04, Epoch: 19, Loss: 0.3278
Run: 04, Epoch: 20, Loss: 0.3217
Run: 04, Epoch: 20, Train: 92.18%, Valid: 91.25% Test: 78.66%
Run 04:
Highest Train: 92.18
Highest Valid: 91.35
  Final Train: 92.00
   Final Test: 78.27
Run: 05, Epoch: 01, Loss: 1.2465
Run: 05, Epoch: 02, Loss: 0.5310
Run: 05, Epoch: 03, Loss: 0.4555
Run: 05, Epoch: 04, Loss: 0.4210
Run: 05, Epoch: 05, Loss: 0.3973
Run: 05, Epoch: 06, Loss: 0.3843
Run: 05, Epoch: 07, Loss: 0.3749
Run: 05, Epoch: 08, Loss: 0.3667
Run: 05, Epoch: 09, Loss: 0.3619
Run: 05, Epoch: 10, Loss: 0.3553
Run: 05, Epoch: 10, Train: 91.38%, Valid: 90.81% Test: 77.63%
Run: 05, Epoch: 11, Loss: 0.3503
Run: 05, Epoch: 12, Loss: 0.3450
Run: 05, Epoch: 12, Train: 91.66%, Valid: 90.90% Test: 77.72%
Run: 05, Epoch: 13, Loss: 0.3426
Run: 05, Epoch: 14, Loss: 0.3389
Run: 05, Epoch: 14, Train: 91.88%, Valid: 91.19% Test: 78.39%
Run: 05, Epoch: 15, Loss: 0.3371
Run: 05, Epoch: 16, Loss: 0.3322
Run: 05, Epoch: 16, Train: 91.84%, Valid: 91.10% Test: 78.42%
Run: 05, Epoch: 17, Loss: 0.3292
Run: 05, Epoch: 18, Loss: 0.3273
Run: 05, Epoch: 18, Train: 92.07%, Valid: 91.23% Test: 78.65%
Run: 05, Epoch: 19, Loss: 0.3261
Run: 05, Epoch: 20, Loss: 0.3289
Run: 05, Epoch: 20, Train: 92.30%, Valid: 91.16% Test: 78.63%
Run 05:
Highest Train: 92.30
Highest Valid: 91.23
  Final Train: 92.07
   Final Test: 78.65
Run: 06, Epoch: 01, Loss: 1.3386
Run: 06, Epoch: 02, Loss: 0.5426
Run: 06, Epoch: 03, Loss: 0.4614
Run: 06, Epoch: 04, Loss: 0.4204
Run: 06, Epoch: 05, Loss: 0.4058
Run: 06, Epoch: 06, Loss: 0.3913
Run: 06, Epoch: 07, Loss: 0.3778
Run: 06, Epoch: 08, Loss: 0.3658
Run: 06, Epoch: 09, Loss: 0.3562
Run: 06, Epoch: 10, Loss: 0.3595
Run: 06, Epoch: 10, Train: 91.42%, Valid: 90.91% Test: 78.51%
Run: 06, Epoch: 11, Loss: 0.3510
Run: 06, Epoch: 12, Loss: 0.3472
Run: 06, Epoch: 12, Train: 91.77%, Valid: 90.97% Test: 77.88%
Run: 06, Epoch: 13, Loss: 0.3425
Run: 06, Epoch: 14, Loss: 0.3356
Run: 06, Epoch: 14, Train: 91.86%, Valid: 90.98% Test: 78.91%
Run: 06, Epoch: 15, Loss: 0.3306
Run: 06, Epoch: 16, Loss: 0.3349
Run: 06, Epoch: 16, Train: 92.01%, Valid: 91.14% Test: 78.53%
Run: 06, Epoch: 17, Loss: 0.3323
Run: 06, Epoch: 18, Loss: 0.3294
Run: 06, Epoch: 18, Train: 92.17%, Valid: 91.28% Test: 78.90%
Run: 06, Epoch: 19, Loss: 0.3288
Run: 06, Epoch: 20, Loss: 0.3275
Run: 06, Epoch: 20, Train: 92.41%, Valid: 91.43% Test: 78.80%
Run 06:
Highest Train: 92.41
Highest Valid: 91.43
  Final Train: 92.41
   Final Test: 78.80
Run: 07, Epoch: 01, Loss: 1.3866
Run: 07, Epoch: 02, Loss: 0.5514
Run: 07, Epoch: 03, Loss: 0.4665
Run: 07, Epoch: 04, Loss: 0.4264
Run: 07, Epoch: 05, Loss: 0.4069
Run: 07, Epoch: 06, Loss: 0.3905
Run: 07, Epoch: 07, Loss: 0.3771
Run: 07, Epoch: 08, Loss: 0.3686
Run: 07, Epoch: 09, Loss: 0.3632
Run: 07, Epoch: 10, Loss: 0.3595
Run: 07, Epoch: 10, Train: 91.31%, Valid: 90.84% Test: 78.12%
Run: 07, Epoch: 11, Loss: 0.3544
Run: 07, Epoch: 12, Loss: 0.3472
Run: 07, Epoch: 12, Train: 91.65%, Valid: 91.05% Test: 77.74%
Run: 07, Epoch: 13, Loss: 0.3428
Run: 07, Epoch: 14, Loss: 0.3372
Run: 07, Epoch: 14, Train: 91.79%, Valid: 91.11% Test: 78.70%
Run: 07, Epoch: 15, Loss: 0.3321
Run: 07, Epoch: 16, Loss: 0.3370
Run: 07, Epoch: 16, Train: 92.09%, Valid: 91.25% Test: 77.65%
Run: 07, Epoch: 17, Loss: 0.3313
Run: 07, Epoch: 18, Loss: 0.3315
Run: 07, Epoch: 18, Train: 92.13%, Valid: 91.33% Test: 78.44%
Run: 07, Epoch: 19, Loss: 0.3279
Run: 07, Epoch: 20, Loss: 0.3263
Run: 07, Epoch: 20, Train: 92.16%, Valid: 91.15% Test: 78.11%
Run 07:
Highest Train: 92.16
Highest Valid: 91.33
  Final Train: 92.13
   Final Test: 78.44
Run: 08, Epoch: 01, Loss: 1.2695
Run: 08, Epoch: 02, Loss: 0.5275
Run: 08, Epoch: 03, Loss: 0.4522
Run: 08, Epoch: 04, Loss: 0.4190
Run: 08, Epoch: 05, Loss: 0.3994
Run: 08, Epoch: 06, Loss: 0.3822
Run: 08, Epoch: 07, Loss: 0.3702
Run: 08, Epoch: 08, Loss: 0.3681
Run: 08, Epoch: 09, Loss: 0.3606
Run: 08, Epoch: 10, Loss: 0.3542
Run: 08, Epoch: 10, Train: 91.36%, Valid: 90.96% Test: 78.38%
Run: 08, Epoch: 11, Loss: 0.3511
Run: 08, Epoch: 12, Loss: 0.3442
Run: 08, Epoch: 12, Train: 91.76%, Valid: 91.18% Test: 78.72%
Run: 08, Epoch: 13, Loss: 0.3375
Run: 08, Epoch: 14, Loss: 0.3368
Run: 08, Epoch: 14, Train: 91.92%, Valid: 91.26% Test: 78.13%
Run: 08, Epoch: 15, Loss: 0.3312
Run: 08, Epoch: 16, Loss: 0.3366
Run: 08, Epoch: 16, Train: 91.99%, Valid: 91.09% Test: 78.33%
Run: 08, Epoch: 17, Loss: 0.3334
Run: 08, Epoch: 18, Loss: 0.3336
Run: 08, Epoch: 18, Train: 92.16%, Valid: 91.33% Test: 77.97%
Run: 08, Epoch: 19, Loss: 0.3239
Run: 08, Epoch: 20, Loss: 0.3270
Run: 08, Epoch: 20, Train: 92.22%, Valid: 91.29% Test: 78.67%
Run 08:
Highest Train: 92.22
Highest Valid: 91.33
  Final Train: 92.16
   Final Test: 77.97
Run: 09, Epoch: 01, Loss: 1.3200
Run: 09, Epoch: 02, Loss: 0.5394
Run: 09, Epoch: 03, Loss: 0.4591
Run: 09, Epoch: 04, Loss: 0.4217
Run: 09, Epoch: 05, Loss: 0.4026
Run: 09, Epoch: 06, Loss: 0.3874
Run: 09, Epoch: 07, Loss: 0.3781
Run: 09, Epoch: 08, Loss: 0.3674
Run: 09, Epoch: 09, Loss: 0.3619
Run: 09, Epoch: 10, Loss: 0.3553
Run: 09, Epoch: 10, Train: 91.43%, Valid: 91.06% Test: 77.40%
Run: 09, Epoch: 11, Loss: 0.3494
Run: 09, Epoch: 12, Loss: 0.3405
Run: 09, Epoch: 12, Train: 91.47%, Valid: 91.01% Test: 78.24%
Run: 09, Epoch: 13, Loss: 0.3433
Run: 09, Epoch: 14, Loss: 0.3409
Run: 09, Epoch: 14, Train: 91.83%, Valid: 91.02% Test: 77.52%
Run: 09, Epoch: 15, Loss: 0.3378
Run: 09, Epoch: 16, Loss: 0.3343
Run: 09, Epoch: 16, Train: 91.94%, Valid: 91.30% Test: 78.55%
Run: 09, Epoch: 17, Loss: 0.3279
Run: 09, Epoch: 18, Loss: 0.3306
Run: 09, Epoch: 18, Train: 92.11%, Valid: 90.92% Test: 78.19%
Run: 09, Epoch: 19, Loss: 0.3289
Run: 09, Epoch: 20, Loss: 0.3270
Run: 09, Epoch: 20, Train: 92.23%, Valid: 91.32% Test: 78.60%
Run 09:
Highest Train: 92.23
Highest Valid: 91.32
  Final Train: 92.23
   Final Test: 78.60
Run: 10, Epoch: 01, Loss: 1.3329
Run: 10, Epoch: 02, Loss: 0.5402
Run: 10, Epoch: 03, Loss: 0.4577
Run: 10, Epoch: 04, Loss: 0.4259
Run: 10, Epoch: 05, Loss: 0.4066
Run: 10, Epoch: 06, Loss: 0.3883
Run: 10, Epoch: 07, Loss: 0.3729
Run: 10, Epoch: 08, Loss: 0.3688
Run: 10, Epoch: 09, Loss: 0.3639
Run: 10, Epoch: 10, Loss: 0.3563
Run: 10, Epoch: 10, Train: 91.40%, Valid: 91.09% Test: 77.84%
Run: 10, Epoch: 11, Loss: 0.3490
Run: 10, Epoch: 12, Loss: 0.3432
Run: 10, Epoch: 12, Train: 91.53%, Valid: 91.12% Test: 78.82%
Run: 10, Epoch: 13, Loss: 0.3441
Run: 10, Epoch: 14, Loss: 0.3375
Run: 10, Epoch: 14, Train: 91.78%, Valid: 91.09% Test: 78.73%
Run: 10, Epoch: 15, Loss: 0.3397
Run: 10, Epoch: 16, Loss: 0.3323
Run: 10, Epoch: 16, Train: 91.94%, Valid: 91.05% Test: 77.99%
Run: 10, Epoch: 17, Loss: 0.3301
Run: 10, Epoch: 18, Loss: 0.3305
Run: 10, Epoch: 18, Train: 92.11%, Valid: 91.35% Test: 78.74%
Run: 10, Epoch: 19, Loss: 0.3291
Run: 10, Epoch: 20, Loss: 0.3317
Run: 10, Epoch: 20, Train: 92.30%, Valid: 91.27% Test: 78.33%
Run 10:
Highest Train: 92.30
Highest Valid: 91.35
  Final Train: 92.11
   Final Test: 78.74
All runs:
Highest Train: 92.21 ± 0.11
Highest Valid: 91.33 ± 0.06
  Final Train: 92.14 ± 0.12
   Final Test: 78.50 ± 0.45
