Namespace(device=0, log_steps=1, inductive=False, num_layers=3, hidden_channels=256, dropout=0.5, batch_size=20000, walk_length=3, lr=0.01, num_steps=30, epochs=20, eval_steps=2, runs=10, rsv=0.5, al='mem', alpha=0.7)
tensor([147936, 100314,   1272,  ...,  34170,  34508, 114335]) 98308
tensor([222340, 232877, 217134,  ..., 214646, 203400, 198653]) 19661
Run: 01, Epoch: 01, Loss: 1.4647
Run: 01, Epoch: 02, Loss: 0.6483
Run: 01, Epoch: 03, Loss: 0.5548
Run: 01, Epoch: 04, Loss: 0.5150
Run: 01, Epoch: 05, Loss: 0.4969
Run: 01, Epoch: 06, Loss: 0.4749
Run: 01, Epoch: 07, Loss: 0.4600
Run: 01, Epoch: 08, Loss: 0.4567
Run: 01, Epoch: 09, Loss: 0.4485
Run: 01, Epoch: 10, Loss: 0.4457
Run: 01, Epoch: 10, Train: 89.15%, Valid: 91.07% Test: 78.47%
Run: 01, Epoch: 11, Loss: 0.4355
Run: 01, Epoch: 12, Loss: 0.4255
Run: 01, Epoch: 12, Train: 89.70%, Valid: 91.04% Test: 78.42%
Run: 01, Epoch: 13, Loss: 0.4235
Run: 01, Epoch: 14, Loss: 0.4272
Run: 01, Epoch: 14, Train: 89.61%, Valid: 91.15% Test: 79.25%
Run: 01, Epoch: 15, Loss: 0.4167
Run: 01, Epoch: 16, Loss: 0.4153
Run: 01, Epoch: 16, Train: 89.97%, Valid: 91.34% Test: 78.83%
Run: 01, Epoch: 17, Loss: 0.4133
Run: 01, Epoch: 18, Loss: 0.4134
Run: 01, Epoch: 18, Train: 90.01%, Valid: 91.41% Test: 78.28%
Run: 01, Epoch: 19, Loss: 0.4084
Run: 01, Epoch: 20, Loss: 0.4084
Run: 01, Epoch: 20, Train: 90.17%, Valid: 91.54% Test: 78.68%
Run 01:
Highest Train: 90.17
Highest Valid: 91.54
  Final Train: 90.17
   Final Test: 78.68
Run: 02, Epoch: 01, Loss: 1.5968
Run: 02, Epoch: 02, Loss: 0.6633
Run: 02, Epoch: 03, Loss: 0.5653
Run: 02, Epoch: 04, Loss: 0.5251
Run: 02, Epoch: 05, Loss: 0.4961
Run: 02, Epoch: 06, Loss: 0.4785
Run: 02, Epoch: 07, Loss: 0.4666
Run: 02, Epoch: 08, Loss: 0.4564
Run: 02, Epoch: 09, Loss: 0.4531
Run: 02, Epoch: 10, Loss: 0.4433
Run: 02, Epoch: 10, Train: 89.06%, Valid: 91.03% Test: 78.44%
Run: 02, Epoch: 11, Loss: 0.4360
Run: 02, Epoch: 12, Loss: 0.4364
Run: 02, Epoch: 12, Train: 89.37%, Valid: 91.20% Test: 78.57%
Run: 02, Epoch: 13, Loss: 0.4277
Run: 02, Epoch: 14, Loss: 0.4258
Run: 02, Epoch: 14, Train: 89.54%, Valid: 91.27% Test: 77.61%
Run: 02, Epoch: 15, Loss: 0.4225
Run: 02, Epoch: 16, Loss: 0.4175
Run: 02, Epoch: 16, Train: 89.82%, Valid: 91.26% Test: 79.17%
Run: 02, Epoch: 17, Loss: 0.4189
Run: 02, Epoch: 18, Loss: 0.4158
Run: 02, Epoch: 18, Train: 89.82%, Valid: 91.20% Test: 78.43%
Run: 02, Epoch: 19, Loss: 0.4086
Run: 02, Epoch: 20, Loss: 0.4127
Run: 02, Epoch: 20, Train: 89.82%, Valid: 91.47% Test: 78.71%
Run 02:
Highest Train: 89.82
Highest Valid: 91.47
  Final Train: 89.82
   Final Test: 78.71
Run: 03, Epoch: 01, Loss: 1.5767
Run: 03, Epoch: 02, Loss: 0.6653
Run: 03, Epoch: 03, Loss: 0.5710
Run: 03, Epoch: 04, Loss: 0.5297
Run: 03, Epoch: 05, Loss: 0.5017
Run: 03, Epoch: 06, Loss: 0.4889
Run: 03, Epoch: 07, Loss: 0.4715
Run: 03, Epoch: 08, Loss: 0.4624
Run: 03, Epoch: 09, Loss: 0.4528
Run: 03, Epoch: 10, Loss: 0.4435
Run: 03, Epoch: 10, Train: 88.97%, Valid: 91.03% Test: 78.32%
Run: 03, Epoch: 11, Loss: 0.4381
Run: 03, Epoch: 12, Loss: 0.4398
Run: 03, Epoch: 12, Train: 89.14%, Valid: 91.35% Test: 78.50%
Run: 03, Epoch: 13, Loss: 0.4315
Run: 03, Epoch: 14, Loss: 0.4288
Run: 03, Epoch: 14, Train: 89.49%, Valid: 91.23% Test: 79.00%
Run: 03, Epoch: 15, Loss: 0.4263
Run: 03, Epoch: 16, Loss: 0.4241
Run: 03, Epoch: 16, Train: 89.72%, Valid: 91.23% Test: 78.41%
Run: 03, Epoch: 17, Loss: 0.4202
Run: 03, Epoch: 18, Loss: 0.4161
Run: 03, Epoch: 18, Train: 90.05%, Valid: 91.52% Test: 79.32%
Run: 03, Epoch: 19, Loss: 0.4168
Run: 03, Epoch: 20, Loss: 0.4148
Run: 03, Epoch: 20, Train: 89.84%, Valid: 91.42% Test: 78.39%
Run 03:
Highest Train: 90.05
Highest Valid: 91.52
  Final Train: 90.05
   Final Test: 79.32
Run: 04, Epoch: 01, Loss: 1.4624
Run: 04, Epoch: 02, Loss: 0.6446
Run: 04, Epoch: 03, Loss: 0.5534
Run: 04, Epoch: 04, Loss: 0.5158
Run: 04, Epoch: 05, Loss: 0.4918
Run: 04, Epoch: 06, Loss: 0.4783
Run: 04, Epoch: 07, Loss: 0.4675
Run: 04, Epoch: 08, Loss: 0.4573
Run: 04, Epoch: 09, Loss: 0.4485
Run: 04, Epoch: 10, Loss: 0.4411
Run: 04, Epoch: 10, Train: 89.05%, Valid: 91.12% Test: 78.74%
Run: 04, Epoch: 11, Loss: 0.4345
Run: 04, Epoch: 12, Loss: 0.4285
Run: 04, Epoch: 12, Train: 89.54%, Valid: 91.12% Test: 78.80%
Run: 04, Epoch: 13, Loss: 0.4255
Run: 04, Epoch: 14, Loss: 0.4196
Run: 04, Epoch: 14, Train: 89.58%, Valid: 91.23% Test: 77.98%
Run: 04, Epoch: 15, Loss: 0.4197
Run: 04, Epoch: 16, Loss: 0.4253
Run: 04, Epoch: 16, Train: 89.84%, Valid: 91.39% Test: 78.98%
Run: 04, Epoch: 17, Loss: 0.4185
Run: 04, Epoch: 18, Loss: 0.4154
Run: 04, Epoch: 18, Train: 89.95%, Valid: 91.29% Test: 78.71%
Run: 04, Epoch: 19, Loss: 0.4069
Run: 04, Epoch: 20, Loss: 0.4083
Run: 04, Epoch: 20, Train: 90.06%, Valid: 91.48% Test: 78.78%
Run 04:
Highest Train: 90.06
Highest Valid: 91.48
  Final Train: 90.06
   Final Test: 78.78
Run: 05, Epoch: 01, Loss: 1.3855
Run: 05, Epoch: 02, Loss: 0.6364
Run: 05, Epoch: 03, Loss: 0.5524
Run: 05, Epoch: 04, Loss: 0.5138
Run: 05, Epoch: 05, Loss: 0.4865
Run: 05, Epoch: 06, Loss: 0.4736
Run: 05, Epoch: 07, Loss: 0.4607
Run: 05, Epoch: 08, Loss: 0.4497
Run: 05, Epoch: 09, Loss: 0.4443
Run: 05, Epoch: 10, Loss: 0.4364
Run: 05, Epoch: 10, Train: 89.21%, Valid: 91.02% Test: 78.41%
Run: 05, Epoch: 11, Loss: 0.4328
Run: 05, Epoch: 12, Loss: 0.4281
Run: 05, Epoch: 12, Train: 89.36%, Valid: 91.00% Test: 78.19%
Run: 05, Epoch: 13, Loss: 0.4246
Run: 05, Epoch: 14, Loss: 0.4186
Run: 05, Epoch: 14, Train: 89.88%, Valid: 91.43% Test: 78.85%
Run: 05, Epoch: 15, Loss: 0.4153
Run: 05, Epoch: 16, Loss: 0.4117
Run: 05, Epoch: 16, Train: 89.80%, Valid: 91.33% Test: 78.55%
Run: 05, Epoch: 17, Loss: 0.4098
Run: 05, Epoch: 18, Loss: 0.4090
Run: 05, Epoch: 18, Train: 89.99%, Valid: 91.58% Test: 78.26%
Run: 05, Epoch: 19, Loss: 0.4049
Run: 05, Epoch: 20, Loss: 0.4076
Run: 05, Epoch: 20, Train: 90.23%, Valid: 91.67% Test: 78.89%
Run 05:
Highest Train: 90.23
Highest Valid: 91.67
  Final Train: 90.23
   Final Test: 78.89
Run: 06, Epoch: 01, Loss: 1.4789
Run: 06, Epoch: 02, Loss: 0.6506
Run: 06, Epoch: 03, Loss: 0.5613
Run: 06, Epoch: 04, Loss: 0.5140
Run: 06, Epoch: 05, Loss: 0.4965
Run: 06, Epoch: 06, Loss: 0.4806
Run: 06, Epoch: 07, Loss: 0.4659
Run: 06, Epoch: 08, Loss: 0.4552
Run: 06, Epoch: 09, Loss: 0.4456
Run: 06, Epoch: 10, Loss: 0.4432
Run: 06, Epoch: 10, Train: 89.23%, Valid: 91.04% Test: 78.11%
Run: 06, Epoch: 11, Loss: 0.4328
Run: 06, Epoch: 12, Loss: 0.4334
Run: 06, Epoch: 12, Train: 89.50%, Valid: 91.17% Test: 78.31%
Run: 06, Epoch: 13, Loss: 0.4247
Run: 06, Epoch: 14, Loss: 0.4211
Run: 06, Epoch: 14, Train: 89.50%, Valid: 91.12% Test: 78.40%
Run: 06, Epoch: 15, Loss: 0.4198
Run: 06, Epoch: 16, Loss: 0.4161
Run: 06, Epoch: 16, Train: 89.76%, Valid: 91.49% Test: 78.51%
Run: 06, Epoch: 17, Loss: 0.4146
Run: 06, Epoch: 18, Loss: 0.4127
Run: 06, Epoch: 18, Train: 89.96%, Valid: 91.48% Test: 78.62%
Run: 06, Epoch: 19, Loss: 0.4114
Run: 06, Epoch: 20, Loss: 0.4120
Run: 06, Epoch: 20, Train: 90.23%, Valid: 91.50% Test: 78.71%
Run 06:
Highest Train: 90.23
Highest Valid: 91.50
  Final Train: 90.23
   Final Test: 78.71
Run: 07, Epoch: 01, Loss: 1.5494
Run: 07, Epoch: 02, Loss: 0.6633
Run: 07, Epoch: 03, Loss: 0.5688
Run: 07, Epoch: 04, Loss: 0.5225
Run: 07, Epoch: 05, Loss: 0.4971
Run: 07, Epoch: 06, Loss: 0.4804
Run: 07, Epoch: 07, Loss: 0.4646
Run: 07, Epoch: 08, Loss: 0.4550
Run: 07, Epoch: 09, Loss: 0.4473
Run: 07, Epoch: 10, Loss: 0.4481
Run: 07, Epoch: 10, Train: 89.09%, Valid: 91.06% Test: 78.43%
Run: 07, Epoch: 11, Loss: 0.4346
Run: 07, Epoch: 12, Loss: 0.4323
Run: 07, Epoch: 12, Train: 89.32%, Valid: 91.10% Test: 78.48%
Run: 07, Epoch: 13, Loss: 0.4253
Run: 07, Epoch: 14, Loss: 0.4250
Run: 07, Epoch: 14, Train: 89.73%, Valid: 91.31% Test: 79.00%
Run: 07, Epoch: 15, Loss: 0.4190
Run: 07, Epoch: 16, Loss: 0.4238
Run: 07, Epoch: 16, Train: 89.78%, Valid: 91.16% Test: 78.02%
Run: 07, Epoch: 17, Loss: 0.4153
Run: 07, Epoch: 18, Loss: 0.4201
Run: 07, Epoch: 18, Train: 89.82%, Valid: 91.34% Test: 78.45%
Run: 07, Epoch: 19, Loss: 0.4144
Run: 07, Epoch: 20, Loss: 0.4094
Run: 07, Epoch: 20, Train: 90.08%, Valid: 91.34% Test: 78.46%
Run 07:
Highest Train: 90.08
Highest Valid: 91.34
  Final Train: 89.82
   Final Test: 78.45
Run: 08, Epoch: 01, Loss: 1.4039
Run: 08, Epoch: 02, Loss: 0.6371
Run: 08, Epoch: 03, Loss: 0.5503
Run: 08, Epoch: 04, Loss: 0.5130
Run: 08, Epoch: 05, Loss: 0.4903
Run: 08, Epoch: 06, Loss: 0.4732
Run: 08, Epoch: 07, Loss: 0.4550
Run: 08, Epoch: 08, Loss: 0.4538
Run: 08, Epoch: 09, Loss: 0.4453
Run: 08, Epoch: 10, Loss: 0.4376
Run: 08, Epoch: 10, Train: 89.03%, Valid: 91.26% Test: 78.10%
Run: 08, Epoch: 11, Loss: 0.4367
Run: 08, Epoch: 12, Loss: 0.4270
Run: 08, Epoch: 12, Train: 89.47%, Valid: 91.44% Test: 78.66%
Run: 08, Epoch: 13, Loss: 0.4214
Run: 08, Epoch: 14, Loss: 0.4196
Run: 08, Epoch: 14, Train: 89.77%, Valid: 91.61% Test: 78.89%
Run: 08, Epoch: 15, Loss: 0.4189
Run: 08, Epoch: 16, Loss: 0.4196
Run: 08, Epoch: 16, Train: 90.03%, Valid: 91.56% Test: 78.72%
Run: 08, Epoch: 17, Loss: 0.4155
Run: 08, Epoch: 18, Loss: 0.4191
Run: 08, Epoch: 18, Train: 90.07%, Valid: 91.41% Test: 78.68%
Run: 08, Epoch: 19, Loss: 0.4094
Run: 08, Epoch: 20, Loss: 0.4114
Run: 08, Epoch: 20, Train: 90.07%, Valid: 91.51% Test: 78.94%
Run 08:
Highest Train: 90.07
Highest Valid: 91.61
  Final Train: 89.77
   Final Test: 78.89
Run: 09, Epoch: 01, Loss: 1.4561
Run: 09, Epoch: 02, Loss: 0.6363
Run: 09, Epoch: 03, Loss: 0.5487
Run: 09, Epoch: 04, Loss: 0.5127
Run: 09, Epoch: 05, Loss: 0.4913
Run: 09, Epoch: 06, Loss: 0.4728
Run: 09, Epoch: 07, Loss: 0.4592
Run: 09, Epoch: 08, Loss: 0.4500
Run: 09, Epoch: 09, Loss: 0.4485
Run: 09, Epoch: 10, Loss: 0.4384
Run: 09, Epoch: 10, Train: 89.12%, Valid: 90.91% Test: 77.38%
Run: 09, Epoch: 11, Loss: 0.4327
Run: 09, Epoch: 12, Loss: 0.4251
Run: 09, Epoch: 12, Train: 89.23%, Valid: 91.14% Test: 78.23%
Run: 09, Epoch: 13, Loss: 0.4259
Run: 09, Epoch: 14, Loss: 0.4242
Run: 09, Epoch: 14, Train: 89.66%, Valid: 91.18% Test: 77.54%
Run: 09, Epoch: 15, Loss: 0.4182
Run: 09, Epoch: 16, Loss: 0.4158
Run: 09, Epoch: 16, Train: 89.98%, Valid: 91.29% Test: 78.85%
Run: 09, Epoch: 17, Loss: 0.4093
Run: 09, Epoch: 18, Loss: 0.4125
Run: 09, Epoch: 18, Train: 89.99%, Valid: 91.35% Test: 77.95%
Run: 09, Epoch: 19, Loss: 0.4060
Run: 09, Epoch: 20, Loss: 0.4079
Run: 09, Epoch: 20, Train: 90.09%, Valid: 91.20% Test: 78.56%
Run 09:
Highest Train: 90.09
Highest Valid: 91.35
  Final Train: 89.99
   Final Test: 77.95
Run: 10, Epoch: 01, Loss: 1.4911
Run: 10, Epoch: 02, Loss: 0.6493
Run: 10, Epoch: 03, Loss: 0.5548
Run: 10, Epoch: 04, Loss: 0.5198
Run: 10, Epoch: 05, Loss: 0.4956
Run: 10, Epoch: 06, Loss: 0.4776
Run: 10, Epoch: 07, Loss: 0.4580
Run: 10, Epoch: 08, Loss: 0.4540
Run: 10, Epoch: 09, Loss: 0.4486
Run: 10, Epoch: 10, Loss: 0.4393
Run: 10, Epoch: 10, Train: 89.39%, Valid: 91.31% Test: 78.31%
Run: 10, Epoch: 11, Loss: 0.4316
Run: 10, Epoch: 12, Loss: 0.4292
Run: 10, Epoch: 12, Train: 89.42%, Valid: 91.30% Test: 78.47%
Run: 10, Epoch: 13, Loss: 0.4250
Run: 10, Epoch: 14, Loss: 0.4208
Run: 10, Epoch: 14, Train: 89.64%, Valid: 91.14% Test: 79.36%
Run: 10, Epoch: 15, Loss: 0.4211
Run: 10, Epoch: 16, Loss: 0.4159
Run: 10, Epoch: 16, Train: 89.78%, Valid: 91.46% Test: 79.02%
Run: 10, Epoch: 17, Loss: 0.4131
Run: 10, Epoch: 18, Loss: 0.4140
Run: 10, Epoch: 18, Train: 89.99%, Valid: 91.46% Test: 79.05%
Run: 10, Epoch: 19, Loss: 0.4131
Run: 10, Epoch: 20, Loss: 0.4128
Run: 10, Epoch: 20, Train: 90.12%, Valid: 91.48% Test: 79.15%
Run 10:
Highest Train: 90.12
Highest Valid: 91.48
  Final Train: 90.12
   Final Test: 79.15
All runs:
Highest Train: 90.09 ± 0.11
Highest Valid: 91.50 ± 0.10
  Final Train: 90.03 ± 0.17
   Final Test: 78.75 ± 0.37
