Namespace(device=0, log_steps=1, inductive=False, num_layers=3, hidden_channels=256, dropout=0.5, batch_size=20000, walk_length=3, lr=0.01, num_steps=30, epochs=20, eval_steps=2, runs=10, rsv=0.5, al='mem', alpha=0.6)
tensor([189285, 147936, 100314,  ...,  38920,  95463,  94091]) 98307
tensor([222340, 232877, 217134,  ..., 214646, 203400, 198653]) 19661
Run: 01, Epoch: 01, Loss: 1.5941
Run: 01, Epoch: 02, Loss: 0.7353
Run: 01, Epoch: 03, Loss: 0.6329
Run: 01, Epoch: 04, Loss: 0.5880
Run: 01, Epoch: 05, Loss: 0.5687
Run: 01, Epoch: 06, Loss: 0.5438
Run: 01, Epoch: 07, Loss: 0.5290
Run: 01, Epoch: 08, Loss: 0.5207
Run: 01, Epoch: 09, Loss: 0.5124
Run: 01, Epoch: 10, Loss: 0.5088
Run: 01, Epoch: 10, Train: 87.50%, Valid: 91.14% Test: 78.10%
Run: 01, Epoch: 11, Loss: 0.5028
Run: 01, Epoch: 12, Loss: 0.4920
Run: 01, Epoch: 12, Train: 87.72%, Valid: 91.24% Test: 78.58%
Run: 01, Epoch: 13, Loss: 0.4900
Run: 01, Epoch: 14, Loss: 0.4874
Run: 01, Epoch: 14, Train: 88.07%, Valid: 91.40% Test: 79.02%
Run: 01, Epoch: 15, Loss: 0.4835
Run: 01, Epoch: 16, Loss: 0.4818
Run: 01, Epoch: 16, Train: 88.22%, Valid: 91.50% Test: 78.92%
Run: 01, Epoch: 17, Loss: 0.4800
Run: 01, Epoch: 18, Loss: 0.4815
Run: 01, Epoch: 18, Train: 88.31%, Valid: 91.47% Test: 78.31%
Run: 01, Epoch: 19, Loss: 0.4771
Run: 01, Epoch: 20, Loss: 0.4759
Run: 01, Epoch: 20, Train: 88.53%, Valid: 91.51% Test: 78.24%
Run 01:
Highest Train: 88.53
Highest Valid: 91.51
  Final Train: 88.53
   Final Test: 78.24
Run: 02, Epoch: 01, Loss: 1.6769
Run: 02, Epoch: 02, Loss: 0.7405
Run: 02, Epoch: 03, Loss: 0.6419
Run: 02, Epoch: 04, Loss: 0.5955
Run: 02, Epoch: 05, Loss: 0.5671
Run: 02, Epoch: 06, Loss: 0.5482
Run: 02, Epoch: 07, Loss: 0.5361
Run: 02, Epoch: 08, Loss: 0.5241
Run: 02, Epoch: 09, Loss: 0.5206
Run: 02, Epoch: 10, Loss: 0.5087
Run: 02, Epoch: 10, Train: 87.41%, Valid: 91.36% Test: 78.53%
Run: 02, Epoch: 11, Loss: 0.4998
Run: 02, Epoch: 12, Loss: 0.4997
Run: 02, Epoch: 12, Train: 87.90%, Valid: 91.38% Test: 78.67%
Run: 02, Epoch: 13, Loss: 0.4930
Run: 02, Epoch: 14, Loss: 0.4918
Run: 02, Epoch: 14, Train: 87.81%, Valid: 91.32% Test: 78.26%
Run: 02, Epoch: 15, Loss: 0.4899
Run: 02, Epoch: 16, Loss: 0.4840
Run: 02, Epoch: 16, Train: 88.17%, Valid: 91.52% Test: 78.58%
Run: 02, Epoch: 17, Loss: 0.4830
Run: 02, Epoch: 18, Loss: 0.4773
Run: 02, Epoch: 18, Train: 88.32%, Valid: 91.50% Test: 78.03%
Run: 02, Epoch: 19, Loss: 0.4743
Run: 02, Epoch: 20, Loss: 0.4731
Run: 02, Epoch: 20, Train: 88.27%, Valid: 91.49% Test: 78.81%
Run 02:
Highest Train: 88.32
Highest Valid: 91.52
  Final Train: 88.17
   Final Test: 78.58
Run: 03, Epoch: 01, Loss: 1.6857
Run: 03, Epoch: 02, Loss: 0.7459
Run: 03, Epoch: 03, Loss: 0.6464
Run: 03, Epoch: 04, Loss: 0.6051
Run: 03, Epoch: 05, Loss: 0.5737
Run: 03, Epoch: 06, Loss: 0.5568
Run: 03, Epoch: 07, Loss: 0.5396
Run: 03, Epoch: 08, Loss: 0.5302
Run: 03, Epoch: 09, Loss: 0.5204
Run: 03, Epoch: 10, Loss: 0.5101
Run: 03, Epoch: 10, Train: 87.27%, Valid: 91.14% Test: 78.68%
Run: 03, Epoch: 11, Loss: 0.5057
Run: 03, Epoch: 12, Loss: 0.5035
Run: 03, Epoch: 12, Train: 87.66%, Valid: 91.35% Test: 78.74%
Run: 03, Epoch: 13, Loss: 0.4992
Run: 03, Epoch: 14, Loss: 0.4975
Run: 03, Epoch: 14, Train: 87.83%, Valid: 91.20% Test: 79.05%
Run: 03, Epoch: 15, Loss: 0.4925
Run: 03, Epoch: 16, Loss: 0.4878
Run: 03, Epoch: 16, Train: 88.04%, Valid: 91.44% Test: 78.81%
Run: 03, Epoch: 17, Loss: 0.4864
Run: 03, Epoch: 18, Loss: 0.4840
Run: 03, Epoch: 18, Train: 88.22%, Valid: 91.36% Test: 79.07%
Run: 03, Epoch: 19, Loss: 0.4818
Run: 03, Epoch: 20, Loss: 0.4799
Run: 03, Epoch: 20, Train: 88.12%, Valid: 91.58% Test: 78.11%
Run 03:
Highest Train: 88.22
Highest Valid: 91.58
  Final Train: 88.12
   Final Test: 78.11
Run: 04, Epoch: 01, Loss: 1.5754
Run: 04, Epoch: 02, Loss: 0.7293
Run: 04, Epoch: 03, Loss: 0.6341
Run: 04, Epoch: 04, Loss: 0.5921
Run: 04, Epoch: 05, Loss: 0.5656
Run: 04, Epoch: 06, Loss: 0.5512
Run: 04, Epoch: 07, Loss: 0.5383
Run: 04, Epoch: 08, Loss: 0.5239
Run: 04, Epoch: 09, Loss: 0.5202
Run: 04, Epoch: 10, Loss: 0.5068
Run: 04, Epoch: 10, Train: 87.51%, Valid: 91.29% Test: 79.05%
Run: 04, Epoch: 11, Loss: 0.4994
Run: 04, Epoch: 12, Loss: 0.4967
Run: 04, Epoch: 12, Train: 87.80%, Valid: 91.20% Test: 78.91%
Run: 04, Epoch: 13, Loss: 0.4935
Run: 04, Epoch: 14, Loss: 0.4865
Run: 04, Epoch: 14, Train: 87.95%, Valid: 91.20% Test: 77.57%
Run: 04, Epoch: 15, Loss: 0.4900
Run: 04, Epoch: 16, Loss: 0.4930
Run: 04, Epoch: 16, Train: 88.30%, Valid: 91.37% Test: 79.20%
Run: 04, Epoch: 17, Loss: 0.4862
Run: 04, Epoch: 18, Loss: 0.4830
Run: 04, Epoch: 18, Train: 88.47%, Valid: 91.64% Test: 78.41%
Run: 04, Epoch: 19, Loss: 0.4754
Run: 04, Epoch: 20, Loss: 0.4735
Run: 04, Epoch: 20, Train: 88.53%, Valid: 91.41% Test: 79.50%
Run 04:
Highest Train: 88.53
Highest Valid: 91.64
  Final Train: 88.47
   Final Test: 78.41
Run: 05, Epoch: 01, Loss: 1.4680
Run: 05, Epoch: 02, Loss: 0.7120
Run: 05, Epoch: 03, Loss: 0.6223
Run: 05, Epoch: 04, Loss: 0.5801
Run: 05, Epoch: 05, Loss: 0.5551
Run: 05, Epoch: 06, Loss: 0.5386
Run: 05, Epoch: 07, Loss: 0.5274
Run: 05, Epoch: 08, Loss: 0.5157
Run: 05, Epoch: 09, Loss: 0.5092
Run: 05, Epoch: 10, Loss: 0.5012
Run: 05, Epoch: 10, Train: 87.71%, Valid: 91.32% Test: 78.51%
Run: 05, Epoch: 11, Loss: 0.4935
Run: 05, Epoch: 12, Loss: 0.4899
Run: 05, Epoch: 12, Train: 87.99%, Valid: 91.41% Test: 78.42%
Run: 05, Epoch: 13, Loss: 0.4880
Run: 05, Epoch: 14, Loss: 0.4850
Run: 05, Epoch: 14, Train: 88.33%, Valid: 91.59% Test: 78.85%
Run: 05, Epoch: 15, Loss: 0.4779
Run: 05, Epoch: 16, Loss: 0.4784
Run: 05, Epoch: 16, Train: 88.21%, Valid: 91.58% Test: 78.42%
Run: 05, Epoch: 17, Loss: 0.4735
Run: 05, Epoch: 18, Loss: 0.4718
Run: 05, Epoch: 18, Train: 88.39%, Valid: 91.39% Test: 78.14%
Run: 05, Epoch: 19, Loss: 0.4698
Run: 05, Epoch: 20, Loss: 0.4712
Run: 05, Epoch: 20, Train: 88.62%, Valid: 91.81% Test: 78.49%
Run 05:
Highest Train: 88.62
Highest Valid: 91.81
  Final Train: 88.62
   Final Test: 78.49
Run: 06, Epoch: 01, Loss: 1.5181
Run: 06, Epoch: 02, Loss: 0.7220
Run: 06, Epoch: 03, Loss: 0.6306
Run: 06, Epoch: 04, Loss: 0.5822
Run: 06, Epoch: 05, Loss: 0.5651
Run: 06, Epoch: 06, Loss: 0.5458
Run: 06, Epoch: 07, Loss: 0.5328
Run: 06, Epoch: 08, Loss: 0.5225
Run: 06, Epoch: 09, Loss: 0.5111
Run: 06, Epoch: 10, Loss: 0.5042
Run: 06, Epoch: 10, Train: 87.58%, Valid: 91.01% Test: 78.85%
Run: 06, Epoch: 11, Loss: 0.5009
Run: 06, Epoch: 12, Loss: 0.4974
Run: 06, Epoch: 12, Train: 88.02%, Valid: 91.27% Test: 78.66%
Run: 06, Epoch: 13, Loss: 0.4885
Run: 06, Epoch: 14, Loss: 0.4812
Run: 06, Epoch: 14, Train: 88.07%, Valid: 91.39% Test: 78.78%
Run: 06, Epoch: 15, Loss: 0.4850
Run: 06, Epoch: 16, Loss: 0.4841
Run: 06, Epoch: 16, Train: 88.20%, Valid: 91.55% Test: 78.76%
Run: 06, Epoch: 17, Loss: 0.4801
Run: 06, Epoch: 18, Loss: 0.4751
Run: 06, Epoch: 18, Train: 88.50%, Valid: 91.55% Test: 78.58%
Run: 06, Epoch: 19, Loss: 0.4751
Run: 06, Epoch: 20, Loss: 0.4742
Run: 06, Epoch: 20, Train: 88.48%, Valid: 91.56% Test: 78.65%
Run 06:
Highest Train: 88.50
Highest Valid: 91.56
  Final Train: 88.48
   Final Test: 78.65
Run: 07, Epoch: 01, Loss: 1.6861
Run: 07, Epoch: 02, Loss: 0.7523
Run: 07, Epoch: 03, Loss: 0.6515
Run: 07, Epoch: 04, Loss: 0.5975
Run: 07, Epoch: 05, Loss: 0.5711
Run: 07, Epoch: 06, Loss: 0.5540
Run: 07, Epoch: 07, Loss: 0.5348
Run: 07, Epoch: 08, Loss: 0.5232
Run: 07, Epoch: 09, Loss: 0.5127
Run: 07, Epoch: 10, Loss: 0.5134
Run: 07, Epoch: 10, Train: 87.21%, Valid: 91.07% Test: 78.05%
Run: 07, Epoch: 11, Loss: 0.5025
Run: 07, Epoch: 12, Loss: 0.4980
Run: 07, Epoch: 12, Train: 87.40%, Valid: 91.25% Test: 78.71%
Run: 07, Epoch: 13, Loss: 0.4918
Run: 07, Epoch: 14, Loss: 0.4921
Run: 07, Epoch: 14, Train: 87.90%, Valid: 91.34% Test: 79.02%
Run: 07, Epoch: 15, Loss: 0.4833
Run: 07, Epoch: 16, Loss: 0.4875
Run: 07, Epoch: 16, Train: 88.14%, Valid: 91.39% Test: 78.14%
Run: 07, Epoch: 17, Loss: 0.4825
Run: 07, Epoch: 18, Loss: 0.4805
Run: 07, Epoch: 18, Train: 88.34%, Valid: 91.44% Test: 78.35%
Run: 07, Epoch: 19, Loss: 0.4747
Run: 07, Epoch: 20, Loss: 0.4720
Run: 07, Epoch: 20, Train: 88.68%, Valid: 91.58% Test: 78.37%
Run 07:
Highest Train: 88.68
Highest Valid: 91.58
  Final Train: 88.68
   Final Test: 78.37
Run: 08, Epoch: 01, Loss: 1.4380
Run: 08, Epoch: 02, Loss: 0.7106
Run: 08, Epoch: 03, Loss: 0.6199
Run: 08, Epoch: 04, Loss: 0.5795
Run: 08, Epoch: 05, Loss: 0.5562
Run: 08, Epoch: 06, Loss: 0.5362
Run: 08, Epoch: 07, Loss: 0.5182
Run: 08, Epoch: 08, Loss: 0.5152
Run: 08, Epoch: 09, Loss: 0.5090
Run: 08, Epoch: 10, Loss: 0.5048
Run: 08, Epoch: 10, Train: 87.85%, Valid: 91.25% Test: 78.51%
Run: 08, Epoch: 11, Loss: 0.4993
Run: 08, Epoch: 12, Loss: 0.4887
Run: 08, Epoch: 12, Train: 87.91%, Valid: 91.47% Test: 79.00%
Run: 08, Epoch: 13, Loss: 0.4840
Run: 08, Epoch: 14, Loss: 0.4827
Run: 08, Epoch: 14, Train: 88.22%, Valid: 91.49% Test: 79.10%
Run: 08, Epoch: 15, Loss: 0.4797
Run: 08, Epoch: 16, Loss: 0.4771
Run: 08, Epoch: 16, Train: 88.40%, Valid: 91.66% Test: 79.04%
Run: 08, Epoch: 17, Loss: 0.4744
Run: 08, Epoch: 18, Loss: 0.4776
Run: 08, Epoch: 18, Train: 88.62%, Valid: 91.46% Test: 78.63%
Run: 08, Epoch: 19, Loss: 0.4698
Run: 08, Epoch: 20, Loss: 0.4719
Run: 08, Epoch: 20, Train: 88.68%, Valid: 91.63% Test: 79.14%
Run 08:
Highest Train: 88.68
Highest Valid: 91.66
  Final Train: 88.40
   Final Test: 79.04
Run: 09, Epoch: 01, Loss: 1.5173
Run: 09, Epoch: 02, Loss: 0.7158
Run: 09, Epoch: 03, Loss: 0.6228
Run: 09, Epoch: 04, Loss: 0.5830
Run: 09, Epoch: 05, Loss: 0.5606
Run: 09, Epoch: 06, Loss: 0.5381
Run: 09, Epoch: 07, Loss: 0.5258
Run: 09, Epoch: 08, Loss: 0.5197
Run: 09, Epoch: 09, Loss: 0.5136
Run: 09, Epoch: 10, Loss: 0.5072
Run: 09, Epoch: 10, Train: 87.58%, Valid: 90.81% Test: 77.92%
Run: 09, Epoch: 11, Loss: 0.5028
Run: 09, Epoch: 12, Loss: 0.4924
Run: 09, Epoch: 12, Train: 87.75%, Valid: 91.37% Test: 78.48%
Run: 09, Epoch: 13, Loss: 0.4892
Run: 09, Epoch: 14, Loss: 0.4922
Run: 09, Epoch: 14, Train: 88.03%, Valid: 91.29% Test: 77.93%
Run: 09, Epoch: 15, Loss: 0.4870
Run: 09, Epoch: 16, Loss: 0.4795
Run: 09, Epoch: 16, Train: 88.21%, Valid: 91.46% Test: 78.68%
Run: 09, Epoch: 17, Loss: 0.4708
Run: 09, Epoch: 18, Loss: 0.4761
Run: 09, Epoch: 18, Train: 88.57%, Valid: 91.58% Test: 78.59%
Run: 09, Epoch: 19, Loss: 0.4692
Run: 09, Epoch: 20, Loss: 0.4701
Run: 09, Epoch: 20, Train: 88.61%, Valid: 91.59% Test: 78.93%
Run 09:
Highest Train: 88.61
Highest Valid: 91.59
  Final Train: 88.61
   Final Test: 78.93
Run: 10, Epoch: 01, Loss: 1.5651
Run: 10, Epoch: 02, Loss: 0.7301
Run: 10, Epoch: 03, Loss: 0.6314
Run: 10, Epoch: 04, Loss: 0.5946
Run: 10, Epoch: 05, Loss: 0.5700
Run: 10, Epoch: 06, Loss: 0.5485
Run: 10, Epoch: 07, Loss: 0.5303
Run: 10, Epoch: 08, Loss: 0.5266
Run: 10, Epoch: 09, Loss: 0.5143
Run: 10, Epoch: 10, Loss: 0.5077
Run: 10, Epoch: 10, Train: 87.64%, Valid: 91.29% Test: 78.43%
Run: 10, Epoch: 11, Loss: 0.4982
Run: 10, Epoch: 12, Loss: 0.4949
Run: 10, Epoch: 12, Train: 87.76%, Valid: 91.31% Test: 79.18%
Run: 10, Epoch: 13, Loss: 0.4923
Run: 10, Epoch: 14, Loss: 0.4867
Run: 10, Epoch: 14, Train: 87.95%, Valid: 91.44% Test: 79.22%
Run: 10, Epoch: 15, Loss: 0.4879
Run: 10, Epoch: 16, Loss: 0.4791
Run: 10, Epoch: 16, Train: 88.27%, Valid: 91.62% Test: 78.68%
Run: 10, Epoch: 17, Loss: 0.4782
Run: 10, Epoch: 18, Loss: 0.4844
Run: 10, Epoch: 18, Train: 88.12%, Valid: 91.38% Test: 78.77%
Run: 10, Epoch: 19, Loss: 0.4832
Run: 10, Epoch: 20, Loss: 0.4820
Run: 10, Epoch: 20, Train: 88.13%, Valid: 91.58% Test: 78.61%
Run 10:
Highest Train: 88.27
Highest Valid: 91.62
  Final Train: 88.27
   Final Test: 78.68
All runs:
Highest Train: 88.49 ± 0.17
Highest Valid: 91.61 ± 0.09
  Final Train: 88.43 ± 0.19
   Final Test: 78.55 ± 0.29
