Namespace(device=0, log_steps=1, inductive=False, num_layers=3, hidden_channels=256, dropout=0.5, batch_size=20000, walk_length=3, lr=0.01, num_steps=30, epochs=20, eval_steps=2, runs=10, rsv=0.5, al='mem', alpha=0.5)
tensor([189285, 147936, 100314,  ...,  52408,  72755,  39994]) 98308
tensor([222340, 232877, 217134,  ..., 214646, 203400, 198653]) 19661
Run: 01, Epoch: 01, Loss: 1.6933
Run: 01, Epoch: 02, Loss: 0.8392
Run: 01, Epoch: 03, Loss: 0.7308
Run: 01, Epoch: 04, Loss: 0.6838
Run: 01, Epoch: 05, Loss: 0.6587
Run: 01, Epoch: 06, Loss: 0.6372
Run: 01, Epoch: 07, Loss: 0.6176
Run: 01, Epoch: 08, Loss: 0.6085
Run: 01, Epoch: 09, Loss: 0.6048
Run: 01, Epoch: 10, Loss: 0.5991
Run: 01, Epoch: 10, Train: 85.23%, Valid: 91.24% Test: 78.72%
Run: 01, Epoch: 11, Loss: 0.5884
Run: 01, Epoch: 12, Loss: 0.5812
Run: 01, Epoch: 12, Train: 85.66%, Valid: 91.33% Test: 78.51%
Run: 01, Epoch: 13, Loss: 0.5803
Run: 01, Epoch: 14, Loss: 0.5776
Run: 01, Epoch: 14, Train: 85.87%, Valid: 91.40% Test: 79.45%
Run: 01, Epoch: 15, Loss: 0.5663
Run: 01, Epoch: 16, Loss: 0.5683
Run: 01, Epoch: 16, Train: 86.15%, Valid: 91.39% Test: 79.36%
Run: 01, Epoch: 17, Loss: 0.5646
Run: 01, Epoch: 18, Loss: 0.5661
Run: 01, Epoch: 18, Train: 86.46%, Valid: 91.68% Test: 78.63%
Run: 01, Epoch: 19, Loss: 0.5573
Run: 01, Epoch: 20, Loss: 0.5569
Run: 01, Epoch: 20, Train: 86.23%, Valid: 91.44% Test: 78.18%
Run 01:
Highest Train: 86.46
Highest Valid: 91.68
  Final Train: 86.46
   Final Test: 78.63
Run: 02, Epoch: 01, Loss: 1.6882
Run: 02, Epoch: 02, Loss: 0.8452
Run: 02, Epoch: 03, Loss: 0.7381
Run: 02, Epoch: 04, Loss: 0.6886
Run: 02, Epoch: 05, Loss: 0.6583
Run: 02, Epoch: 06, Loss: 0.6360
Run: 02, Epoch: 07, Loss: 0.6224
Run: 02, Epoch: 08, Loss: 0.6104
Run: 02, Epoch: 09, Loss: 0.6076
Run: 02, Epoch: 10, Loss: 0.5937
Run: 02, Epoch: 10, Train: 85.30%, Valid: 91.51% Test: 79.04%
Run: 02, Epoch: 11, Loss: 0.5867
Run: 02, Epoch: 12, Loss: 0.5852
Run: 02, Epoch: 12, Train: 85.66%, Valid: 91.48% Test: 78.68%
Run: 02, Epoch: 13, Loss: 0.5784
Run: 02, Epoch: 14, Loss: 0.5782
Run: 02, Epoch: 14, Train: 85.47%, Valid: 91.58% Test: 78.34%
Run: 02, Epoch: 15, Loss: 0.5691
Run: 02, Epoch: 16, Loss: 0.5657
Run: 02, Epoch: 16, Train: 86.18%, Valid: 91.77% Test: 79.19%
Run: 02, Epoch: 17, Loss: 0.5637
Run: 02, Epoch: 18, Loss: 0.5599
Run: 02, Epoch: 18, Train: 86.31%, Valid: 91.64% Test: 78.59%
Run: 02, Epoch: 19, Loss: 0.5542
Run: 02, Epoch: 20, Loss: 0.5565
Run: 02, Epoch: 20, Train: 86.14%, Valid: 91.76% Test: 78.78%
Run 02:
Highest Train: 86.31
Highest Valid: 91.77
  Final Train: 86.18
   Final Test: 79.19
Run: 03, Epoch: 01, Loss: 1.7233
Run: 03, Epoch: 02, Loss: 0.8407
Run: 03, Epoch: 03, Loss: 0.7345
Run: 03, Epoch: 04, Loss: 0.6889
Run: 03, Epoch: 05, Loss: 0.6574
Run: 03, Epoch: 06, Loss: 0.6387
Run: 03, Epoch: 07, Loss: 0.6194
Run: 03, Epoch: 08, Loss: 0.6139
Run: 03, Epoch: 09, Loss: 0.5996
Run: 03, Epoch: 10, Loss: 0.5910
Run: 03, Epoch: 10, Train: 85.20%, Valid: 91.25% Test: 78.61%
Run: 03, Epoch: 11, Loss: 0.5878
Run: 03, Epoch: 12, Loss: 0.5854
Run: 03, Epoch: 12, Train: 85.59%, Valid: 91.54% Test: 78.57%
Run: 03, Epoch: 13, Loss: 0.5798
Run: 03, Epoch: 14, Loss: 0.5783
Run: 03, Epoch: 14, Train: 85.67%, Valid: 91.41% Test: 79.19%
Run: 03, Epoch: 15, Loss: 0.5758
Run: 03, Epoch: 16, Loss: 0.5703
Run: 03, Epoch: 16, Train: 85.92%, Valid: 91.47% Test: 78.07%
Run: 03, Epoch: 17, Loss: 0.5645
Run: 03, Epoch: 18, Loss: 0.5626
Run: 03, Epoch: 18, Train: 86.14%, Valid: 91.77% Test: 79.12%
Run: 03, Epoch: 19, Loss: 0.5590
Run: 03, Epoch: 20, Loss: 0.5573
Run: 03, Epoch: 20, Train: 86.19%, Valid: 91.72% Test: 78.48%
Run 03:
Highest Train: 86.19
Highest Valid: 91.77
  Final Train: 86.14
   Final Test: 79.12
Run: 04, Epoch: 01, Loss: 1.6399
Run: 04, Epoch: 02, Loss: 0.8339
Run: 04, Epoch: 03, Loss: 0.7303
Run: 04, Epoch: 04, Loss: 0.6846
Run: 04, Epoch: 05, Loss: 0.6562
Run: 04, Epoch: 06, Loss: 0.6397
Run: 04, Epoch: 07, Loss: 0.6241
Run: 04, Epoch: 08, Loss: 0.6120
Run: 04, Epoch: 09, Loss: 0.6060
Run: 04, Epoch: 10, Loss: 0.5907
Run: 04, Epoch: 10, Train: 85.17%, Valid: 91.27% Test: 79.18%
Run: 04, Epoch: 11, Loss: 0.5852
Run: 04, Epoch: 12, Loss: 0.5814
Run: 04, Epoch: 12, Train: 85.51%, Valid: 91.48% Test: 78.59%
Run: 04, Epoch: 13, Loss: 0.5772
Run: 04, Epoch: 14, Loss: 0.5754
Run: 04, Epoch: 14, Train: 85.83%, Valid: 91.41% Test: 77.91%
Run: 04, Epoch: 15, Loss: 0.5706
Run: 04, Epoch: 16, Loss: 0.5701
Run: 04, Epoch: 16, Train: 86.28%, Valid: 91.61% Test: 79.54%
Run: 04, Epoch: 17, Loss: 0.5628
Run: 04, Epoch: 18, Loss: 0.5644
Run: 04, Epoch: 18, Train: 86.51%, Valid: 91.74% Test: 78.94%
Run: 04, Epoch: 19, Loss: 0.5559
Run: 04, Epoch: 20, Loss: 0.5505
Run: 04, Epoch: 20, Train: 86.60%, Valid: 91.73% Test: 79.32%
Run 04:
Highest Train: 86.60
Highest Valid: 91.74
  Final Train: 86.51
   Final Test: 78.94
Run: 05, Epoch: 01, Loss: 1.5504
Run: 05, Epoch: 02, Loss: 0.8137
Run: 05, Epoch: 03, Loss: 0.7182
Run: 05, Epoch: 04, Loss: 0.6726
Run: 05, Epoch: 05, Loss: 0.6434
Run: 05, Epoch: 06, Loss: 0.6261
Run: 05, Epoch: 07, Loss: 0.6115
Run: 05, Epoch: 08, Loss: 0.5950
Run: 05, Epoch: 09, Loss: 0.5928
Run: 05, Epoch: 10, Loss: 0.5851
Run: 05, Epoch: 10, Train: 85.40%, Valid: 91.38% Test: 78.87%
Run: 05, Epoch: 11, Loss: 0.5783
Run: 05, Epoch: 12, Loss: 0.5734
Run: 05, Epoch: 12, Train: 85.88%, Valid: 91.40% Test: 78.63%
Run: 05, Epoch: 13, Loss: 0.5692
Run: 05, Epoch: 14, Loss: 0.5680
Run: 05, Epoch: 14, Train: 86.13%, Valid: 91.58% Test: 78.44%
Run: 05, Epoch: 15, Loss: 0.5606
Run: 05, Epoch: 16, Loss: 0.5570
Run: 05, Epoch: 16, Train: 86.12%, Valid: 91.62% Test: 78.61%
Run: 05, Epoch: 17, Loss: 0.5482
Run: 05, Epoch: 18, Loss: 0.5541
Run: 05, Epoch: 18, Train: 86.51%, Valid: 91.70% Test: 78.92%
Run: 05, Epoch: 19, Loss: 0.5470
Run: 05, Epoch: 20, Loss: 0.5529
Run: 05, Epoch: 20, Train: 86.93%, Valid: 91.80% Test: 79.12%
Run 05:
Highest Train: 86.93
Highest Valid: 91.80
  Final Train: 86.93
   Final Test: 79.12
Run: 06, Epoch: 01, Loss: 1.5698
Run: 06, Epoch: 02, Loss: 0.8128
Run: 06, Epoch: 03, Loss: 0.7188
Run: 06, Epoch: 04, Loss: 0.6673
Run: 06, Epoch: 05, Loss: 0.6491
Run: 06, Epoch: 06, Loss: 0.6245
Run: 06, Epoch: 07, Loss: 0.6119
Run: 06, Epoch: 08, Loss: 0.6046
Run: 06, Epoch: 09, Loss: 0.5891
Run: 06, Epoch: 10, Loss: 0.5859
Run: 06, Epoch: 10, Train: 85.56%, Valid: 91.47% Test: 79.11%
Run: 06, Epoch: 11, Loss: 0.5793
Run: 06, Epoch: 12, Loss: 0.5769
Run: 06, Epoch: 12, Train: 86.04%, Valid: 91.55% Test: 78.80%
Run: 06, Epoch: 13, Loss: 0.5691
Run: 06, Epoch: 14, Loss: 0.5649
Run: 06, Epoch: 14, Train: 85.79%, Valid: 91.53% Test: 78.98%
Run: 06, Epoch: 15, Loss: 0.5624
Run: 06, Epoch: 16, Loss: 0.5593
Run: 06, Epoch: 16, Train: 86.33%, Valid: 91.75% Test: 78.75%
Run: 06, Epoch: 17, Loss: 0.5598
Run: 06, Epoch: 18, Loss: 0.5573
Run: 06, Epoch: 18, Train: 86.26%, Valid: 91.80% Test: 78.77%
Run: 06, Epoch: 19, Loss: 0.5528
Run: 06, Epoch: 20, Loss: 0.5526
Run: 06, Epoch: 20, Train: 86.74%, Valid: 91.84% Test: 78.93%
Run 06:
Highest Train: 86.74
Highest Valid: 91.84
  Final Train: 86.74
   Final Test: 78.93
Run: 07, Epoch: 01, Loss: 1.6697
Run: 07, Epoch: 02, Loss: 0.8384
Run: 07, Epoch: 03, Loss: 0.7423
Run: 07, Epoch: 04, Loss: 0.6868
Run: 07, Epoch: 05, Loss: 0.6604
Run: 07, Epoch: 06, Loss: 0.6402
Run: 07, Epoch: 07, Loss: 0.6231
Run: 07, Epoch: 08, Loss: 0.6126
Run: 07, Epoch: 09, Loss: 0.6033
Run: 07, Epoch: 10, Loss: 0.6025
Run: 07, Epoch: 10, Train: 85.16%, Valid: 91.28% Test: 78.22%
Run: 07, Epoch: 11, Loss: 0.5940
Run: 07, Epoch: 12, Loss: 0.5852
Run: 07, Epoch: 12, Train: 85.39%, Valid: 91.48% Test: 78.97%
Run: 07, Epoch: 13, Loss: 0.5792
Run: 07, Epoch: 14, Loss: 0.5815
Run: 07, Epoch: 14, Train: 85.70%, Valid: 91.54% Test: 79.13%
Run: 07, Epoch: 15, Loss: 0.5753
Run: 07, Epoch: 16, Loss: 0.5758
Run: 07, Epoch: 16, Train: 86.06%, Valid: 91.65% Test: 78.53%
Run: 07, Epoch: 17, Loss: 0.5673
Run: 07, Epoch: 18, Loss: 0.5643
Run: 07, Epoch: 18, Train: 86.28%, Valid: 91.57% Test: 78.32%
Run: 07, Epoch: 19, Loss: 0.5674
Run: 07, Epoch: 20, Loss: 0.5632
Run: 07, Epoch: 20, Train: 86.03%, Valid: 91.72% Test: 78.69%
Run 07:
Highest Train: 86.28
Highest Valid: 91.72
  Final Train: 86.03
   Final Test: 78.69
Run: 08, Epoch: 01, Loss: 1.4832
Run: 08, Epoch: 02, Loss: 0.8111
Run: 08, Epoch: 03, Loss: 0.7168
Run: 08, Epoch: 04, Loss: 0.6717
Run: 08, Epoch: 05, Loss: 0.6432
Run: 08, Epoch: 06, Loss: 0.6288
Run: 08, Epoch: 07, Loss: 0.6044
Run: 08, Epoch: 08, Loss: 0.6032
Run: 08, Epoch: 09, Loss: 0.5968
Run: 08, Epoch: 10, Loss: 0.5908
Run: 08, Epoch: 10, Train: 85.47%, Valid: 91.66% Test: 78.73%
Run: 08, Epoch: 11, Loss: 0.5827
Run: 08, Epoch: 12, Loss: 0.5738
Run: 08, Epoch: 12, Train: 85.64%, Valid: 91.60% Test: 78.90%
Run: 08, Epoch: 13, Loss: 0.5694
Run: 08, Epoch: 14, Loss: 0.5679
Run: 08, Epoch: 14, Train: 86.00%, Valid: 91.76% Test: 78.96%
Run: 08, Epoch: 15, Loss: 0.5654
Run: 08, Epoch: 16, Loss: 0.5610
Run: 08, Epoch: 16, Train: 86.31%, Valid: 91.77% Test: 78.71%
Run: 08, Epoch: 17, Loss: 0.5590
Run: 08, Epoch: 18, Loss: 0.5649
Run: 08, Epoch: 18, Train: 86.55%, Valid: 91.64% Test: 78.73%
Run: 08, Epoch: 19, Loss: 0.5540
Run: 08, Epoch: 20, Loss: 0.5575
Run: 08, Epoch: 20, Train: 86.56%, Valid: 91.85% Test: 79.70%
Run 08:
Highest Train: 86.56
Highest Valid: 91.85
  Final Train: 86.56
   Final Test: 79.70
Run: 09, Epoch: 01, Loss: 1.5241
Run: 09, Epoch: 02, Loss: 0.8019
Run: 09, Epoch: 03, Loss: 0.7090
Run: 09, Epoch: 04, Loss: 0.6687
Run: 09, Epoch: 05, Loss: 0.6449
Run: 09, Epoch: 06, Loss: 0.6208
Run: 09, Epoch: 07, Loss: 0.6081
Run: 09, Epoch: 08, Loss: 0.5998
Run: 09, Epoch: 09, Loss: 0.5947
Run: 09, Epoch: 10, Loss: 0.5838
Run: 09, Epoch: 10, Train: 85.44%, Valid: 91.09% Test: 78.28%
Run: 09, Epoch: 11, Loss: 0.5774
Run: 09, Epoch: 12, Loss: 0.5665
Run: 09, Epoch: 12, Train: 85.75%, Valid: 91.41% Test: 78.46%
Run: 09, Epoch: 13, Loss: 0.5679
Run: 09, Epoch: 14, Loss: 0.5718
Run: 09, Epoch: 14, Train: 86.00%, Valid: 91.56% Test: 78.38%
Run: 09, Epoch: 15, Loss: 0.5595
Run: 09, Epoch: 16, Loss: 0.5550
Run: 09, Epoch: 16, Train: 86.34%, Valid: 91.57% Test: 79.17%
Run: 09, Epoch: 17, Loss: 0.5500
Run: 09, Epoch: 18, Loss: 0.5555
Run: 09, Epoch: 18, Train: 86.45%, Valid: 91.65% Test: 78.81%
Run: 09, Epoch: 19, Loss: 0.5480
Run: 09, Epoch: 20, Loss: 0.5480
Run: 09, Epoch: 20, Train: 86.66%, Valid: 91.72% Test: 78.97%
Run 09:
Highest Train: 86.66
Highest Valid: 91.72
  Final Train: 86.66
   Final Test: 78.97
Run: 10, Epoch: 01, Loss: 1.5973
Run: 10, Epoch: 02, Loss: 0.8194
Run: 10, Epoch: 03, Loss: 0.7231
Run: 10, Epoch: 04, Loss: 0.6784
Run: 10, Epoch: 05, Loss: 0.6551
Run: 10, Epoch: 06, Loss: 0.6322
Run: 10, Epoch: 07, Loss: 0.6117
Run: 10, Epoch: 08, Loss: 0.6112
Run: 10, Epoch: 09, Loss: 0.5958
Run: 10, Epoch: 10, Loss: 0.5889
Run: 10, Epoch: 10, Train: 85.62%, Valid: 91.42% Test: 78.60%
Run: 10, Epoch: 11, Loss: 0.5823
Run: 10, Epoch: 12, Loss: 0.5759
Run: 10, Epoch: 12, Train: 85.70%, Valid: 91.46% Test: 79.46%
Run: 10, Epoch: 13, Loss: 0.5737
Run: 10, Epoch: 14, Loss: 0.5681
Run: 10, Epoch: 14, Train: 86.09%, Valid: 91.73% Test: 79.34%
Run: 10, Epoch: 15, Loss: 0.5690
Run: 10, Epoch: 16, Loss: 0.5632
Run: 10, Epoch: 16, Train: 86.04%, Valid: 91.85% Test: 78.60%
Run: 10, Epoch: 17, Loss: 0.5605
Run: 10, Epoch: 18, Loss: 0.5636
Run: 10, Epoch: 18, Train: 86.32%, Valid: 91.73% Test: 79.03%
Run: 10, Epoch: 19, Loss: 0.5582
Run: 10, Epoch: 20, Loss: 0.5605
Run: 10, Epoch: 20, Train: 86.30%, Valid: 91.55% Test: 78.79%
Run 10:
Highest Train: 86.32
Highest Valid: 91.85
  Final Train: 86.04
   Final Test: 78.60
All runs:
Highest Train: 86.51 ± 0.23
Highest Valid: 91.77 ± 0.06
  Final Train: 86.43 ± 0.31
   Final Test: 78.99 ± 0.33
