Namespace(device=0, log_steps=1, inductive=False, num_layers=3, hidden_channels=256, dropout=0.5, batch_size=20000, walk_length=3, lr=0.01, num_steps=30, epochs=20, eval_steps=2, runs=10, rsv=1.0, al='mem', alpha=0.6)
tensor([189285, 147936, 100314,  ...,  94777, 191326,  62342]) 117969
tensor([222340, 232877, 217134,  ..., 235295, 200932, 206519]) 23593
Run: 01, Epoch: 01, Loss: 1.5919
Run: 01, Epoch: 02, Loss: 0.7319
Run: 01, Epoch: 03, Loss: 0.6307
Run: 01, Epoch: 04, Loss: 0.5873
Run: 01, Epoch: 05, Loss: 0.5625
Run: 01, Epoch: 06, Loss: 0.5409
Run: 01, Epoch: 07, Loss: 0.5265
Run: 01, Epoch: 08, Loss: 0.5197
Run: 01, Epoch: 09, Loss: 0.5117
Run: 01, Epoch: 10, Loss: 0.5097
Run: 01, Epoch: 10, Train: 87.67%, Valid: 91.49% Test: 78.78%
Run: 01, Epoch: 11, Loss: 0.5004
Run: 01, Epoch: 12, Loss: 0.4924
Run: 01, Epoch: 12, Train: 87.96%, Valid: 91.54% Test: 78.91%
Run: 01, Epoch: 13, Loss: 0.4918
Run: 01, Epoch: 14, Loss: 0.4908
Run: 01, Epoch: 14, Train: 88.07%, Valid: 91.54% Test: 79.22%
Run: 01, Epoch: 15, Loss: 0.4821
Run: 01, Epoch: 16, Loss: 0.4803
Run: 01, Epoch: 16, Train: 88.44%, Valid: 91.66% Test: 79.23%
Run: 01, Epoch: 17, Loss: 0.4746
Run: 01, Epoch: 18, Loss: 0.4770
Run: 01, Epoch: 18, Train: 88.46%, Valid: 91.60% Test: 79.10%
Run: 01, Epoch: 19, Loss: 0.4724
Run: 01, Epoch: 20, Loss: 0.4768
Run: 01, Epoch: 20, Train: 88.52%, Valid: 91.61% Test: 79.11%
Run 01:
Highest Train: 88.52
Highest Valid: 91.66
  Final Train: 88.44
   Final Test: 79.23
Run: 02, Epoch: 01, Loss: 1.6736
Run: 02, Epoch: 02, Loss: 0.7378
Run: 02, Epoch: 03, Loss: 0.6376
Run: 02, Epoch: 04, Loss: 0.5937
Run: 02, Epoch: 05, Loss: 0.5655
Run: 02, Epoch: 06, Loss: 0.5482
Run: 02, Epoch: 07, Loss: 0.5350
Run: 02, Epoch: 08, Loss: 0.5230
Run: 02, Epoch: 09, Loss: 0.5184
Run: 02, Epoch: 10, Loss: 0.5080
Run: 02, Epoch: 10, Train: 87.52%, Valid: 91.34% Test: 78.62%
Run: 02, Epoch: 11, Loss: 0.5003
Run: 02, Epoch: 12, Loss: 0.5003
Run: 02, Epoch: 12, Train: 87.80%, Valid: 91.41% Test: 78.79%
Run: 02, Epoch: 13, Loss: 0.4927
Run: 02, Epoch: 14, Loss: 0.4909
Run: 02, Epoch: 14, Train: 88.03%, Valid: 91.51% Test: 78.97%
Run: 02, Epoch: 15, Loss: 0.4833
Run: 02, Epoch: 16, Loss: 0.4812
Run: 02, Epoch: 16, Train: 88.30%, Valid: 91.62% Test: 79.50%
Run: 02, Epoch: 17, Loss: 0.4817
Run: 02, Epoch: 18, Loss: 0.4793
Run: 02, Epoch: 18, Train: 88.42%, Valid: 91.59% Test: 78.43%
Run: 02, Epoch: 19, Loss: 0.4717
Run: 02, Epoch: 20, Loss: 0.4757
Run: 02, Epoch: 20, Train: 88.26%, Valid: 91.47% Test: 79.08%
Run 02:
Highest Train: 88.42
Highest Valid: 91.62
  Final Train: 88.30
   Final Test: 79.50
Run: 03, Epoch: 01, Loss: 1.6699
Run: 03, Epoch: 02, Loss: 0.7405
Run: 03, Epoch: 03, Loss: 0.6406
Run: 03, Epoch: 04, Loss: 0.5985
Run: 03, Epoch: 05, Loss: 0.5712
Run: 03, Epoch: 06, Loss: 0.5538
Run: 03, Epoch: 07, Loss: 0.5346
Run: 03, Epoch: 08, Loss: 0.5294
Run: 03, Epoch: 09, Loss: 0.5161
Run: 03, Epoch: 10, Loss: 0.5100
Run: 03, Epoch: 10, Train: 87.54%, Valid: 91.39% Test: 78.96%
Run: 03, Epoch: 11, Loss: 0.5037
Run: 03, Epoch: 12, Loss: 0.4991
Run: 03, Epoch: 12, Train: 87.64%, Valid: 91.35% Test: 78.61%
Run: 03, Epoch: 13, Loss: 0.4964
Run: 03, Epoch: 14, Loss: 0.4960
Run: 03, Epoch: 14, Train: 87.75%, Valid: 91.41% Test: 79.53%
Run: 03, Epoch: 15, Loss: 0.4903
Run: 03, Epoch: 16, Loss: 0.4869
Run: 03, Epoch: 16, Train: 88.08%, Valid: 91.62% Test: 78.92%
Run: 03, Epoch: 17, Loss: 0.4846
Run: 03, Epoch: 18, Loss: 0.4813
Run: 03, Epoch: 18, Train: 88.26%, Valid: 91.57% Test: 79.33%
Run: 03, Epoch: 19, Loss: 0.4790
Run: 03, Epoch: 20, Loss: 0.4769
Run: 03, Epoch: 20, Train: 88.26%, Valid: 91.57% Test: 78.78%
Run 03:
Highest Train: 88.26
Highest Valid: 91.62
  Final Train: 88.08
   Final Test: 78.92
Run: 04, Epoch: 01, Loss: 1.5550
Run: 04, Epoch: 02, Loss: 0.7196
Run: 04, Epoch: 03, Loss: 0.6274
Run: 04, Epoch: 04, Loss: 0.5875
Run: 04, Epoch: 05, Loss: 0.5600
Run: 04, Epoch: 06, Loss: 0.5472
Run: 04, Epoch: 07, Loss: 0.5331
Run: 04, Epoch: 08, Loss: 0.5214
Run: 04, Epoch: 09, Loss: 0.5138
Run: 04, Epoch: 10, Loss: 0.5063
Run: 04, Epoch: 10, Train: 87.55%, Valid: 91.41% Test: 78.67%
Run: 04, Epoch: 11, Loss: 0.5010
Run: 04, Epoch: 12, Loss: 0.4938
Run: 04, Epoch: 12, Train: 87.96%, Valid: 91.40% Test: 78.99%
Run: 04, Epoch: 13, Loss: 0.4915
Run: 04, Epoch: 14, Loss: 0.4864
Run: 04, Epoch: 14, Train: 87.97%, Valid: 91.28% Test: 77.76%
Run: 04, Epoch: 15, Loss: 0.4828
Run: 04, Epoch: 16, Loss: 0.4852
Run: 04, Epoch: 16, Train: 88.46%, Valid: 91.54% Test: 79.16%
Run: 04, Epoch: 17, Loss: 0.4791
Run: 04, Epoch: 18, Loss: 0.4803
Run: 04, Epoch: 18, Train: 88.37%, Valid: 91.60% Test: 78.82%
Run: 04, Epoch: 19, Loss: 0.4725
Run: 04, Epoch: 20, Loss: 0.4695
Run: 04, Epoch: 20, Train: 88.60%, Valid: 91.66% Test: 79.61%
Run 04:
Highest Train: 88.60
Highest Valid: 91.66
  Final Train: 88.60
   Final Test: 79.61
Run: 05, Epoch: 01, Loss: 1.4593
Run: 05, Epoch: 02, Loss: 0.7060
Run: 05, Epoch: 03, Loss: 0.6179
Run: 05, Epoch: 04, Loss: 0.5771
Run: 05, Epoch: 05, Loss: 0.5500
Run: 05, Epoch: 06, Loss: 0.5355
Run: 05, Epoch: 07, Loss: 0.5250
Run: 05, Epoch: 08, Loss: 0.5132
Run: 05, Epoch: 09, Loss: 0.5063
Run: 05, Epoch: 10, Loss: 0.4980
Run: 05, Epoch: 10, Train: 87.60%, Valid: 91.36% Test: 78.38%
Run: 05, Epoch: 11, Loss: 0.4911
Run: 05, Epoch: 12, Loss: 0.4858
Run: 05, Epoch: 12, Train: 88.06%, Valid: 91.29% Test: 78.76%
Run: 05, Epoch: 13, Loss: 0.4844
Run: 05, Epoch: 14, Loss: 0.4814
Run: 05, Epoch: 14, Train: 88.16%, Valid: 91.47% Test: 78.41%
Run: 05, Epoch: 15, Loss: 0.4770
Run: 05, Epoch: 16, Loss: 0.4752
Run: 05, Epoch: 16, Train: 88.32%, Valid: 91.74% Test: 78.82%
Run: 05, Epoch: 17, Loss: 0.4684
Run: 05, Epoch: 18, Loss: 0.4691
Run: 05, Epoch: 18, Train: 88.64%, Valid: 91.69% Test: 78.77%
Run: 05, Epoch: 19, Loss: 0.4643
Run: 05, Epoch: 20, Loss: 0.4714
Run: 05, Epoch: 20, Train: 88.65%, Valid: 91.78% Test: 79.00%
Run 05:
Highest Train: 88.65
Highest Valid: 91.78
  Final Train: 88.65
   Final Test: 79.00
Run: 06, Epoch: 01, Loss: 1.5057
Run: 06, Epoch: 02, Loss: 0.7176
Run: 06, Epoch: 03, Loss: 0.6250
Run: 06, Epoch: 04, Loss: 0.5793
Run: 06, Epoch: 05, Loss: 0.5623
Run: 06, Epoch: 06, Loss: 0.5406
Run: 06, Epoch: 07, Loss: 0.5292
Run: 06, Epoch: 08, Loss: 0.5188
Run: 06, Epoch: 09, Loss: 0.5068
Run: 06, Epoch: 10, Loss: 0.5012
Run: 06, Epoch: 10, Train: 87.75%, Valid: 91.29% Test: 79.15%
Run: 06, Epoch: 11, Loss: 0.4993
Run: 06, Epoch: 12, Loss: 0.4948
Run: 06, Epoch: 12, Train: 88.04%, Valid: 91.52% Test: 79.03%
Run: 06, Epoch: 13, Loss: 0.4866
Run: 06, Epoch: 14, Loss: 0.4811
Run: 06, Epoch: 14, Train: 87.95%, Valid: 91.50% Test: 78.94%
Run: 06, Epoch: 15, Loss: 0.4819
Run: 06, Epoch: 16, Loss: 0.4819
Run: 06, Epoch: 16, Train: 88.17%, Valid: 91.63% Test: 79.03%
Run: 06, Epoch: 17, Loss: 0.4791
Run: 06, Epoch: 18, Loss: 0.4767
Run: 06, Epoch: 18, Train: 88.29%, Valid: 91.57% Test: 78.67%
Run: 06, Epoch: 19, Loss: 0.4743
Run: 06, Epoch: 20, Loss: 0.4744
Run: 06, Epoch: 20, Train: 88.64%, Valid: 91.62% Test: 79.11%
Run 06:
Highest Train: 88.64
Highest Valid: 91.63
  Final Train: 88.17
   Final Test: 79.03
Run: 07, Epoch: 01, Loss: 1.6679
Run: 07, Epoch: 02, Loss: 0.7457
Run: 07, Epoch: 03, Loss: 0.6457
Run: 07, Epoch: 04, Loss: 0.5933
Run: 07, Epoch: 05, Loss: 0.5682
Run: 07, Epoch: 06, Loss: 0.5494
Run: 07, Epoch: 07, Loss: 0.5352
Run: 07, Epoch: 08, Loss: 0.5214
Run: 07, Epoch: 09, Loss: 0.5122
Run: 07, Epoch: 10, Loss: 0.5144
Run: 07, Epoch: 10, Train: 87.29%, Valid: 91.32% Test: 78.70%
Run: 07, Epoch: 11, Loss: 0.5026
Run: 07, Epoch: 12, Loss: 0.4968
Run: 07, Epoch: 12, Train: 87.68%, Valid: 91.38% Test: 78.79%
Run: 07, Epoch: 13, Loss: 0.4921
Run: 07, Epoch: 14, Loss: 0.4911
Run: 07, Epoch: 14, Train: 88.07%, Valid: 91.47% Test: 79.51%
Run: 07, Epoch: 15, Loss: 0.4840
Run: 07, Epoch: 16, Loss: 0.4907
Run: 07, Epoch: 16, Train: 88.06%, Valid: 91.59% Test: 78.16%
Run: 07, Epoch: 17, Loss: 0.4827
Run: 07, Epoch: 18, Loss: 0.4806
Run: 07, Epoch: 18, Train: 88.40%, Valid: 91.60% Test: 78.60%
Run: 07, Epoch: 19, Loss: 0.4789
Run: 07, Epoch: 20, Loss: 0.4726
Run: 07, Epoch: 20, Train: 88.43%, Valid: 91.55% Test: 79.40%
Run 07:
Highest Train: 88.43
Highest Valid: 91.60
  Final Train: 88.40
   Final Test: 78.60
Run: 08, Epoch: 01, Loss: 1.4229
Run: 08, Epoch: 02, Loss: 0.7051
Run: 08, Epoch: 03, Loss: 0.6162
Run: 08, Epoch: 04, Loss: 0.5766
Run: 08, Epoch: 05, Loss: 0.5523
Run: 08, Epoch: 06, Loss: 0.5360
Run: 08, Epoch: 07, Loss: 0.5166
Run: 08, Epoch: 08, Loss: 0.5148
Run: 08, Epoch: 09, Loss: 0.5095
Run: 08, Epoch: 10, Loss: 0.5053
Run: 08, Epoch: 10, Train: 87.73%, Valid: 91.38% Test: 78.69%
Run: 08, Epoch: 11, Loss: 0.4981
Run: 08, Epoch: 12, Loss: 0.4914
Run: 08, Epoch: 12, Train: 87.92%, Valid: 91.53% Test: 79.31%
Run: 08, Epoch: 13, Loss: 0.4864
Run: 08, Epoch: 14, Loss: 0.4809
Run: 08, Epoch: 14, Train: 88.26%, Valid: 91.52% Test: 79.03%
Run: 08, Epoch: 15, Loss: 0.4783
Run: 08, Epoch: 16, Loss: 0.4764
Run: 08, Epoch: 16, Train: 88.20%, Valid: 91.62% Test: 79.14%
Run: 08, Epoch: 17, Loss: 0.4734
Run: 08, Epoch: 18, Loss: 0.4749
Run: 08, Epoch: 18, Train: 88.56%, Valid: 91.59% Test: 78.88%
Run: 08, Epoch: 19, Loss: 0.4685
Run: 08, Epoch: 20, Loss: 0.4714
Run: 08, Epoch: 20, Train: 88.71%, Valid: 91.57% Test: 79.50%
Run 08:
Highest Train: 88.71
Highest Valid: 91.62
  Final Train: 88.20
   Final Test: 79.14
Run: 09, Epoch: 01, Loss: 1.5046
Run: 09, Epoch: 02, Loss: 0.7091
Run: 09, Epoch: 03, Loss: 0.6169
Run: 09, Epoch: 04, Loss: 0.5757
Run: 09, Epoch: 05, Loss: 0.5557
Run: 09, Epoch: 06, Loss: 0.5344
Run: 09, Epoch: 07, Loss: 0.5235
Run: 09, Epoch: 08, Loss: 0.5161
Run: 09, Epoch: 09, Loss: 0.5109
Run: 09, Epoch: 10, Loss: 0.5031
Run: 09, Epoch: 10, Train: 87.62%, Valid: 91.01% Test: 78.22%
Run: 09, Epoch: 11, Loss: 0.4972
Run: 09, Epoch: 12, Loss: 0.4900
Run: 09, Epoch: 12, Train: 87.85%, Valid: 91.47% Test: 78.53%
Run: 09, Epoch: 13, Loss: 0.4868
Run: 09, Epoch: 14, Loss: 0.4869
Run: 09, Epoch: 14, Train: 88.07%, Valid: 91.52% Test: 78.31%
Run: 09, Epoch: 15, Loss: 0.4814
Run: 09, Epoch: 16, Loss: 0.4754
Run: 09, Epoch: 16, Train: 88.40%, Valid: 91.70% Test: 78.89%
Run: 09, Epoch: 17, Loss: 0.4705
Run: 09, Epoch: 18, Loss: 0.4714
Run: 09, Epoch: 18, Train: 88.46%, Valid: 91.64% Test: 78.41%
Run: 09, Epoch: 19, Loss: 0.4661
Run: 09, Epoch: 20, Loss: 0.4654
Run: 09, Epoch: 20, Train: 88.80%, Valid: 91.90% Test: 79.19%
Run 09:
Highest Train: 88.80
Highest Valid: 91.90
  Final Train: 88.80
   Final Test: 79.19
Run: 10, Epoch: 01, Loss: 1.5650
Run: 10, Epoch: 02, Loss: 0.7237
Run: 10, Epoch: 03, Loss: 0.6287
Run: 10, Epoch: 04, Loss: 0.5901
Run: 10, Epoch: 05, Loss: 0.5673
Run: 10, Epoch: 06, Loss: 0.5457
Run: 10, Epoch: 07, Loss: 0.5258
Run: 10, Epoch: 08, Loss: 0.5247
Run: 10, Epoch: 09, Loss: 0.5154
Run: 10, Epoch: 10, Loss: 0.5036
Run: 10, Epoch: 10, Train: 87.59%, Valid: 91.31% Test: 78.65%
Run: 10, Epoch: 11, Loss: 0.4981
Run: 10, Epoch: 12, Loss: 0.4934
Run: 10, Epoch: 12, Train: 87.75%, Valid: 91.43% Test: 79.12%
Run: 10, Epoch: 13, Loss: 0.4909
Run: 10, Epoch: 14, Loss: 0.4930
Run: 10, Epoch: 14, Train: 87.86%, Valid: 91.42% Test: 79.06%
Run: 10, Epoch: 15, Loss: 0.4910
Run: 10, Epoch: 16, Loss: 0.4828
Run: 10, Epoch: 16, Train: 88.12%, Valid: 91.57% Test: 78.66%
Run: 10, Epoch: 17, Loss: 0.4780
Run: 10, Epoch: 18, Loss: 0.4795
Run: 10, Epoch: 18, Train: 88.35%, Valid: 91.65% Test: 79.01%
Run: 10, Epoch: 19, Loss: 0.4798
Run: 10, Epoch: 20, Loss: 0.4786
Run: 10, Epoch: 20, Train: 88.36%, Valid: 91.48% Test: 78.44%
Run 10:
Highest Train: 88.36
Highest Valid: 91.65
  Final Train: 88.35
   Final Test: 79.01
All runs:
Highest Train: 88.54 ± 0.17
Highest Valid: 91.67 ± 0.09
  Final Train: 88.40 ± 0.23
   Final Test: 79.12 ± 0.29
