Namespace(device=0, log_steps=1, inductive=False, num_layers=3, hidden_channels=256, dropout=0.5, batch_size=20000, walk_length=3, lr=0.01, num_steps=30, epochs=20, eval_steps=2, runs=10, rsv=0.65, al='mem', alpha=0.7)
tensor([189285, 147936, 100314,  ..., 114335,  77630, 143662]) 127800
tensor([222340, 232877, 217134,  ..., 199739, 221009, 221526]) 25559
Run: 01, Epoch: 01, Loss: 1.4571
Run: 01, Epoch: 02, Loss: 0.6447
Run: 01, Epoch: 03, Loss: 0.5537
Run: 01, Epoch: 04, Loss: 0.5164
Run: 01, Epoch: 05, Loss: 0.4929
Run: 01, Epoch: 06, Loss: 0.4761
Run: 01, Epoch: 07, Loss: 0.4604
Run: 01, Epoch: 08, Loss: 0.4533
Run: 01, Epoch: 09, Loss: 0.4472
Run: 01, Epoch: 10, Loss: 0.4442
Run: 01, Epoch: 10, Train: 89.33%, Valid: 91.27% Test: 78.17%
Run: 01, Epoch: 11, Loss: 0.4334
Run: 01, Epoch: 12, Loss: 0.4263
Run: 01, Epoch: 12, Train: 89.59%, Valid: 91.24% Test: 78.67%
Run: 01, Epoch: 13, Loss: 0.4239
Run: 01, Epoch: 14, Loss: 0.4236
Run: 01, Epoch: 14, Train: 89.81%, Valid: 91.38% Test: 79.57%
Run: 01, Epoch: 15, Loss: 0.4140
Run: 01, Epoch: 16, Loss: 0.4137
Run: 01, Epoch: 16, Train: 89.97%, Valid: 91.58% Test: 78.95%
Run: 01, Epoch: 17, Loss: 0.4109
Run: 01, Epoch: 18, Loss: 0.4127
Run: 01, Epoch: 18, Train: 90.12%, Valid: 91.65% Test: 78.92%
Run: 01, Epoch: 19, Loss: 0.4077
Run: 01, Epoch: 20, Loss: 0.4103
Run: 01, Epoch: 20, Train: 90.10%, Valid: 91.55% Test: 78.63%
Run 01:
Highest Train: 90.12
Highest Valid: 91.65
  Final Train: 90.12
   Final Test: 78.92
Run: 02, Epoch: 01, Loss: 1.5918
Run: 02, Epoch: 02, Loss: 0.6601
Run: 02, Epoch: 03, Loss: 0.5617
Run: 02, Epoch: 04, Loss: 0.5213
Run: 02, Epoch: 05, Loss: 0.4970
Run: 02, Epoch: 06, Loss: 0.4791
Run: 02, Epoch: 07, Loss: 0.4666
Run: 02, Epoch: 08, Loss: 0.4567
Run: 02, Epoch: 09, Loss: 0.4549
Run: 02, Epoch: 10, Loss: 0.4423
Run: 02, Epoch: 10, Train: 89.02%, Valid: 91.04% Test: 78.76%
Run: 02, Epoch: 11, Loss: 0.4350
Run: 02, Epoch: 12, Loss: 0.4331
Run: 02, Epoch: 12, Train: 89.46%, Valid: 91.23% Test: 79.01%
Run: 02, Epoch: 13, Loss: 0.4276
Run: 02, Epoch: 14, Loss: 0.4271
Run: 02, Epoch: 14, Train: 89.53%, Valid: 91.33% Test: 78.60%
Run: 02, Epoch: 15, Loss: 0.4223
Run: 02, Epoch: 16, Loss: 0.4185
Run: 02, Epoch: 16, Train: 89.73%, Valid: 91.44% Test: 78.94%
Run: 02, Epoch: 17, Loss: 0.4188
Run: 02, Epoch: 18, Loss: 0.4125
Run: 02, Epoch: 18, Train: 89.99%, Valid: 91.38% Test: 78.46%
Run: 02, Epoch: 19, Loss: 0.4113
Run: 02, Epoch: 20, Loss: 0.4127
Run: 02, Epoch: 20, Train: 89.80%, Valid: 91.42% Test: 78.39%
Run 02:
Highest Train: 89.99
Highest Valid: 91.44
  Final Train: 89.73
   Final Test: 78.94
Run: 03, Epoch: 01, Loss: 1.5753
Run: 03, Epoch: 02, Loss: 0.6632
Run: 03, Epoch: 03, Loss: 0.5686
Run: 03, Epoch: 04, Loss: 0.5281
Run: 03, Epoch: 05, Loss: 0.5003
Run: 03, Epoch: 06, Loss: 0.4842
Run: 03, Epoch: 07, Loss: 0.4697
Run: 03, Epoch: 08, Loss: 0.4630
Run: 03, Epoch: 09, Loss: 0.4532
Run: 03, Epoch: 10, Loss: 0.4438
Run: 03, Epoch: 10, Train: 89.00%, Valid: 91.08% Test: 78.27%
Run: 03, Epoch: 11, Loss: 0.4386
Run: 03, Epoch: 12, Loss: 0.4369
Run: 03, Epoch: 12, Train: 89.34%, Valid: 91.41% Test: 78.56%
Run: 03, Epoch: 13, Loss: 0.4315
Run: 03, Epoch: 14, Loss: 0.4276
Run: 03, Epoch: 14, Train: 89.51%, Valid: 91.41% Test: 79.19%
Run: 03, Epoch: 15, Loss: 0.4260
Run: 03, Epoch: 16, Loss: 0.4253
Run: 03, Epoch: 16, Train: 89.75%, Valid: 91.42% Test: 78.68%
Run: 03, Epoch: 17, Loss: 0.4181
Run: 03, Epoch: 18, Loss: 0.4183
Run: 03, Epoch: 18, Train: 89.92%, Valid: 91.53% Test: 79.62%
Run: 03, Epoch: 19, Loss: 0.4163
Run: 03, Epoch: 20, Loss: 0.4146
Run: 03, Epoch: 20, Train: 89.86%, Valid: 91.56% Test: 78.59%
Run 03:
Highest Train: 89.92
Highest Valid: 91.56
  Final Train: 89.86
   Final Test: 78.59
Run: 04, Epoch: 01, Loss: 1.4578
Run: 04, Epoch: 02, Loss: 0.6398
Run: 04, Epoch: 03, Loss: 0.5527
Run: 04, Epoch: 04, Loss: 0.5128
Run: 04, Epoch: 05, Loss: 0.4898
Run: 04, Epoch: 06, Loss: 0.4767
Run: 04, Epoch: 07, Loss: 0.4652
Run: 04, Epoch: 08, Loss: 0.4538
Run: 04, Epoch: 09, Loss: 0.4495
Run: 04, Epoch: 10, Loss: 0.4391
Run: 04, Epoch: 10, Train: 89.35%, Valid: 91.32% Test: 78.50%
Run: 04, Epoch: 11, Loss: 0.4348
Run: 04, Epoch: 12, Loss: 0.4280
Run: 04, Epoch: 12, Train: 89.63%, Valid: 91.47% Test: 78.80%
Run: 04, Epoch: 13, Loss: 0.4251
Run: 04, Epoch: 14, Loss: 0.4207
Run: 04, Epoch: 14, Train: 89.61%, Valid: 91.36% Test: 78.11%
Run: 04, Epoch: 15, Loss: 0.4185
Run: 04, Epoch: 16, Loss: 0.4214
Run: 04, Epoch: 16, Train: 89.85%, Valid: 91.51% Test: 78.87%
Run: 04, Epoch: 17, Loss: 0.4149
Run: 04, Epoch: 18, Loss: 0.4137
Run: 04, Epoch: 18, Train: 90.17%, Valid: 91.61% Test: 78.99%
Run: 04, Epoch: 19, Loss: 0.4092
Run: 04, Epoch: 20, Loss: 0.4068
Run: 04, Epoch: 20, Train: 90.17%, Valid: 91.64% Test: 79.36%
Run 04:
Highest Train: 90.17
Highest Valid: 91.64
  Final Train: 90.17
   Final Test: 79.36
Run: 05, Epoch: 01, Loss: 1.3801
Run: 05, Epoch: 02, Loss: 0.6367
Run: 05, Epoch: 03, Loss: 0.5542
Run: 05, Epoch: 04, Loss: 0.5127
Run: 05, Epoch: 05, Loss: 0.4881
Run: 05, Epoch: 06, Loss: 0.4731
Run: 05, Epoch: 07, Loss: 0.4603
Run: 05, Epoch: 08, Loss: 0.4512
Run: 05, Epoch: 09, Loss: 0.4454
Run: 05, Epoch: 10, Loss: 0.4362
Run: 05, Epoch: 10, Train: 89.12%, Valid: 91.13% Test: 78.38%
Run: 05, Epoch: 11, Loss: 0.4311
Run: 05, Epoch: 12, Loss: 0.4272
Run: 05, Epoch: 12, Train: 89.45%, Valid: 91.35% Test: 78.20%
Run: 05, Epoch: 13, Loss: 0.4242
Run: 05, Epoch: 14, Loss: 0.4214
Run: 05, Epoch: 14, Train: 89.78%, Valid: 91.46% Test: 78.48%
Run: 05, Epoch: 15, Loss: 0.4141
Run: 05, Epoch: 16, Loss: 0.4127
Run: 05, Epoch: 16, Train: 89.73%, Valid: 91.52% Test: 78.60%
Run: 05, Epoch: 17, Loss: 0.4095
Run: 05, Epoch: 18, Loss: 0.4079
Run: 05, Epoch: 18, Train: 90.13%, Valid: 91.67% Test: 78.45%
Run: 05, Epoch: 19, Loss: 0.4073
Run: 05, Epoch: 20, Loss: 0.4075
Run: 05, Epoch: 20, Train: 90.22%, Valid: 91.69% Test: 79.32%
Run 05:
Highest Train: 90.22
Highest Valid: 91.69
  Final Train: 90.22
   Final Test: 79.32
Run: 06, Epoch: 01, Loss: 1.4744
Run: 06, Epoch: 02, Loss: 0.6460
Run: 06, Epoch: 03, Loss: 0.5563
Run: 06, Epoch: 04, Loss: 0.5114
Run: 06, Epoch: 05, Loss: 0.4960
Run: 06, Epoch: 06, Loss: 0.4770
Run: 06, Epoch: 07, Loss: 0.4639
Run: 06, Epoch: 08, Loss: 0.4552
Run: 06, Epoch: 09, Loss: 0.4445
Run: 06, Epoch: 10, Loss: 0.4422
Run: 06, Epoch: 10, Train: 89.29%, Valid: 91.19% Test: 78.66%
Run: 06, Epoch: 11, Loss: 0.4334
Run: 06, Epoch: 12, Loss: 0.4303
Run: 06, Epoch: 12, Train: 89.63%, Valid: 91.17% Test: 79.08%
Run: 06, Epoch: 13, Loss: 0.4246
Run: 06, Epoch: 14, Loss: 0.4199
Run: 06, Epoch: 14, Train: 89.60%, Valid: 91.41% Test: 79.38%
Run: 06, Epoch: 15, Loss: 0.4190
Run: 06, Epoch: 16, Loss: 0.4167
Run: 06, Epoch: 16, Train: 89.69%, Valid: 91.55% Test: 79.39%
Run: 06, Epoch: 17, Loss: 0.4137
Run: 06, Epoch: 18, Loss: 0.4124
Run: 06, Epoch: 18, Train: 90.00%, Valid: 91.57% Test: 78.66%
Run: 06, Epoch: 19, Loss: 0.4083
Run: 06, Epoch: 20, Loss: 0.4107
Run: 06, Epoch: 20, Train: 90.20%, Valid: 91.78% Test: 79.18%
Run 06:
Highest Train: 90.20
Highest Valid: 91.78
  Final Train: 90.20
   Final Test: 79.18
Run: 07, Epoch: 01, Loss: 1.5536
Run: 07, Epoch: 02, Loss: 0.6628
Run: 07, Epoch: 03, Loss: 0.5672
Run: 07, Epoch: 04, Loss: 0.5201
Run: 07, Epoch: 05, Loss: 0.4949
Run: 07, Epoch: 06, Loss: 0.4815
Run: 07, Epoch: 07, Loss: 0.4658
Run: 07, Epoch: 08, Loss: 0.4532
Run: 07, Epoch: 09, Loss: 0.4438
Run: 07, Epoch: 10, Loss: 0.4474
Run: 07, Epoch: 10, Train: 88.91%, Valid: 91.06% Test: 78.19%
Run: 07, Epoch: 11, Loss: 0.4357
Run: 07, Epoch: 12, Loss: 0.4317
Run: 07, Epoch: 12, Train: 89.26%, Valid: 91.17% Test: 78.62%
Run: 07, Epoch: 13, Loss: 0.4264
Run: 07, Epoch: 14, Loss: 0.4265
Run: 07, Epoch: 14, Train: 89.67%, Valid: 91.29% Test: 79.24%
Run: 07, Epoch: 15, Loss: 0.4189
Run: 07, Epoch: 16, Loss: 0.4230
Run: 07, Epoch: 16, Train: 89.85%, Valid: 91.43% Test: 78.36%
Run: 07, Epoch: 17, Loss: 0.4150
Run: 07, Epoch: 18, Loss: 0.4174
Run: 07, Epoch: 18, Train: 89.89%, Valid: 91.51% Test: 78.60%
Run: 07, Epoch: 19, Loss: 0.4146
Run: 07, Epoch: 20, Loss: 0.4094
Run: 07, Epoch: 20, Train: 90.15%, Valid: 91.49% Test: 78.93%
Run 07:
Highest Train: 90.15
Highest Valid: 91.51
  Final Train: 89.89
   Final Test: 78.60
Run: 08, Epoch: 01, Loss: 1.3933
Run: 08, Epoch: 02, Loss: 0.6339
Run: 08, Epoch: 03, Loss: 0.5475
Run: 08, Epoch: 04, Loss: 0.5112
Run: 08, Epoch: 05, Loss: 0.4886
Run: 08, Epoch: 06, Loss: 0.4721
Run: 08, Epoch: 07, Loss: 0.4552
Run: 08, Epoch: 08, Loss: 0.4541
Run: 08, Epoch: 09, Loss: 0.4475
Run: 08, Epoch: 10, Loss: 0.4397
Run: 08, Epoch: 10, Train: 89.27%, Valid: 91.32% Test: 78.76%
Run: 08, Epoch: 11, Loss: 0.4339
Run: 08, Epoch: 12, Loss: 0.4302
Run: 08, Epoch: 12, Train: 89.44%, Valid: 91.34% Test: 79.05%
Run: 08, Epoch: 13, Loss: 0.4247
Run: 08, Epoch: 14, Loss: 0.4197
Run: 08, Epoch: 14, Train: 89.69%, Valid: 91.62% Test: 78.99%
Run: 08, Epoch: 15, Loss: 0.4193
Run: 08, Epoch: 16, Loss: 0.4167
Run: 08, Epoch: 16, Train: 89.85%, Valid: 91.68% Test: 78.79%
Run: 08, Epoch: 17, Loss: 0.4149
Run: 08, Epoch: 18, Loss: 0.4177
Run: 08, Epoch: 18, Train: 90.03%, Valid: 91.69% Test: 78.74%
Run: 08, Epoch: 19, Loss: 0.4080
Run: 08, Epoch: 20, Loss: 0.4102
Run: 08, Epoch: 20, Train: 90.17%, Valid: 91.66% Test: 78.96%
Run 08:
Highest Train: 90.17
Highest Valid: 91.69
  Final Train: 90.03
   Final Test: 78.74
Run: 09, Epoch: 01, Loss: 1.4456
Run: 09, Epoch: 02, Loss: 0.6375
Run: 09, Epoch: 03, Loss: 0.5493
Run: 09, Epoch: 04, Loss: 0.5084
Run: 09, Epoch: 05, Loss: 0.4926
Run: 09, Epoch: 06, Loss: 0.4723
Run: 09, Epoch: 07, Loss: 0.4588
Run: 09, Epoch: 08, Loss: 0.4519
Run: 09, Epoch: 09, Loss: 0.4475
Run: 09, Epoch: 10, Loss: 0.4398
Run: 09, Epoch: 10, Train: 89.29%, Valid: 91.07% Test: 78.05%
Run: 09, Epoch: 11, Loss: 0.4321
Run: 09, Epoch: 12, Loss: 0.4235
Run: 09, Epoch: 12, Train: 89.45%, Valid: 91.27% Test: 78.54%
Run: 09, Epoch: 13, Loss: 0.4231
Run: 09, Epoch: 14, Loss: 0.4244
Run: 09, Epoch: 14, Train: 89.76%, Valid: 91.24% Test: 77.72%
Run: 09, Epoch: 15, Loss: 0.4183
Run: 09, Epoch: 16, Loss: 0.4146
Run: 09, Epoch: 16, Train: 90.04%, Valid: 91.53% Test: 79.02%
Run: 09, Epoch: 17, Loss: 0.4088
Run: 09, Epoch: 18, Loss: 0.4102
Run: 09, Epoch: 18, Train: 90.11%, Valid: 91.42% Test: 78.05%
Run: 09, Epoch: 19, Loss: 0.4061
Run: 09, Epoch: 20, Loss: 0.4065
Run: 09, Epoch: 20, Train: 90.14%, Valid: 91.52% Test: 78.77%
Run 09:
Highest Train: 90.14
Highest Valid: 91.53
  Final Train: 90.04
   Final Test: 79.02
Run: 10, Epoch: 01, Loss: 1.4938
Run: 10, Epoch: 02, Loss: 0.6480
Run: 10, Epoch: 03, Loss: 0.5518
Run: 10, Epoch: 04, Loss: 0.5172
Run: 10, Epoch: 05, Loss: 0.4944
Run: 10, Epoch: 06, Loss: 0.4757
Run: 10, Epoch: 07, Loss: 0.4578
Run: 10, Epoch: 08, Loss: 0.4549
Run: 10, Epoch: 09, Loss: 0.4475
Run: 10, Epoch: 10, Loss: 0.4396
Run: 10, Epoch: 10, Train: 89.41%, Valid: 91.40% Test: 78.40%
Run: 10, Epoch: 11, Loss: 0.4309
Run: 10, Epoch: 12, Loss: 0.4289
Run: 10, Epoch: 12, Train: 89.41%, Valid: 91.37% Test: 78.90%
Run: 10, Epoch: 13, Loss: 0.4273
Run: 10, Epoch: 14, Loss: 0.4219
Run: 10, Epoch: 14, Train: 89.58%, Valid: 91.35% Test: 79.24%
Run: 10, Epoch: 15, Loss: 0.4216
Run: 10, Epoch: 16, Loss: 0.4132
Run: 10, Epoch: 16, Train: 89.83%, Valid: 91.47% Test: 78.96%
Run: 10, Epoch: 17, Loss: 0.4138
Run: 10, Epoch: 18, Loss: 0.4129
Run: 10, Epoch: 18, Train: 90.14%, Valid: 91.59% Test: 79.25%
Run: 10, Epoch: 19, Loss: 0.4112
Run: 10, Epoch: 20, Loss: 0.4106
Run: 10, Epoch: 20, Train: 90.06%, Valid: 91.54% Test: 78.73%
Run 10:
Highest Train: 90.14
Highest Valid: 91.59
  Final Train: 90.14
   Final Test: 79.25
All runs:
Highest Train: 90.12 ± 0.10
Highest Valid: 91.61 ± 0.10
  Final Train: 90.04 ± 0.16
   Final Test: 78.99 ± 0.29
