Namespace(device=0, log_steps=1, inductive=False, num_layers=3, hidden_channels=256, dropout=0.5, batch_size=20000, walk_length=3, lr=0.01, num_steps=30, epochs=20, eval_steps=2, runs=10, rsv=0.65, al='mem', alpha=0.8)
tensor([189285, 147936, 100314,  ..., 188232, 121319, 175547]) 127800
tensor([222340, 232877, 217134,  ..., 199739, 221009, 221526]) 25559
Run: 01, Epoch: 01, Loss: 1.3649
Run: 01, Epoch: 02, Loss: 0.5828
Run: 01, Epoch: 03, Loss: 0.4972
Run: 01, Epoch: 04, Loss: 0.4619
Run: 01, Epoch: 05, Loss: 0.4420
Run: 01, Epoch: 06, Loss: 0.4260
Run: 01, Epoch: 07, Loss: 0.4117
Run: 01, Epoch: 08, Loss: 0.4054
Run: 01, Epoch: 09, Loss: 0.4000
Run: 01, Epoch: 10, Loss: 0.3953
Run: 01, Epoch: 10, Train: 90.60%, Valid: 91.28% Test: 78.26%
Run: 01, Epoch: 11, Loss: 0.3880
Run: 01, Epoch: 12, Loss: 0.3798
Run: 01, Epoch: 12, Train: 90.79%, Valid: 91.02% Test: 78.76%
Run: 01, Epoch: 13, Loss: 0.3771
Run: 01, Epoch: 14, Loss: 0.3773
Run: 01, Epoch: 14, Train: 90.84%, Valid: 91.18% Test: 79.45%
Run: 01, Epoch: 15, Loss: 0.3693
Run: 01, Epoch: 16, Loss: 0.3691
Run: 01, Epoch: 16, Train: 91.14%, Valid: 91.42% Test: 78.90%
Run: 01, Epoch: 17, Loss: 0.3675
Run: 01, Epoch: 18, Loss: 0.3697
Run: 01, Epoch: 18, Train: 91.08%, Valid: 91.31% Test: 78.21%
Run: 01, Epoch: 19, Loss: 0.3643
Run: 01, Epoch: 20, Loss: 0.3661
Run: 01, Epoch: 20, Train: 91.14%, Valid: 91.27% Test: 78.72%
Run 01:
Highest Train: 91.14
Highest Valid: 91.42
  Final Train: 91.14
   Final Test: 78.90
Run: 02, Epoch: 01, Loss: 1.4663
Run: 02, Epoch: 02, Loss: 0.5952
Run: 02, Epoch: 03, Loss: 0.5053
Run: 02, Epoch: 04, Loss: 0.4677
Run: 02, Epoch: 05, Loss: 0.4426
Run: 02, Epoch: 06, Loss: 0.4249
Run: 02, Epoch: 07, Loss: 0.4149
Run: 02, Epoch: 08, Loss: 0.4043
Run: 02, Epoch: 09, Loss: 0.4047
Run: 02, Epoch: 10, Loss: 0.3928
Run: 02, Epoch: 10, Train: 90.37%, Valid: 91.06% Test: 78.72%
Run: 02, Epoch: 11, Loss: 0.3863
Run: 02, Epoch: 12, Loss: 0.3891
Run: 02, Epoch: 12, Train: 90.56%, Valid: 91.08% Test: 78.62%
Run: 02, Epoch: 13, Loss: 0.3811
Run: 02, Epoch: 14, Loss: 0.3768
Run: 02, Epoch: 14, Train: 90.88%, Valid: 91.30% Test: 78.08%
Run: 02, Epoch: 15, Loss: 0.3736
Run: 02, Epoch: 16, Loss: 0.3704
Run: 02, Epoch: 16, Train: 91.00%, Valid: 91.31% Test: 78.95%
Run: 02, Epoch: 17, Loss: 0.3676
Run: 02, Epoch: 18, Loss: 0.3656
Run: 02, Epoch: 18, Train: 91.11%, Valid: 91.37% Test: 78.06%
Run: 02, Epoch: 19, Loss: 0.3641
Run: 02, Epoch: 20, Loss: 0.3640
Run: 02, Epoch: 20, Train: 91.03%, Valid: 91.36% Test: 78.71%
Run 02:
Highest Train: 91.11
Highest Valid: 91.37
  Final Train: 91.11
   Final Test: 78.06
Run: 03, Epoch: 01, Loss: 1.4660
Run: 03, Epoch: 02, Loss: 0.6004
Run: 03, Epoch: 03, Loss: 0.5104
Run: 03, Epoch: 04, Loss: 0.4746
Run: 03, Epoch: 05, Loss: 0.4476
Run: 03, Epoch: 06, Loss: 0.4338
Run: 03, Epoch: 07, Loss: 0.4193
Run: 03, Epoch: 08, Loss: 0.4125
Run: 03, Epoch: 09, Loss: 0.4027
Run: 03, Epoch: 10, Loss: 0.3940
Run: 03, Epoch: 10, Train: 90.36%, Valid: 91.03% Test: 78.30%
Run: 03, Epoch: 11, Loss: 0.3902
Run: 03, Epoch: 12, Loss: 0.3896
Run: 03, Epoch: 12, Train: 90.57%, Valid: 91.28% Test: 78.54%
Run: 03, Epoch: 13, Loss: 0.3849
Run: 03, Epoch: 14, Loss: 0.3795
Run: 03, Epoch: 14, Train: 90.71%, Valid: 91.45% Test: 79.26%
Run: 03, Epoch: 15, Loss: 0.3770
Run: 03, Epoch: 16, Loss: 0.3770
Run: 03, Epoch: 16, Train: 90.98%, Valid: 91.35% Test: 78.52%
Run: 03, Epoch: 17, Loss: 0.3735
Run: 03, Epoch: 18, Loss: 0.3698
Run: 03, Epoch: 18, Train: 91.14%, Valid: 91.29% Test: 79.34%
Run: 03, Epoch: 19, Loss: 0.3682
Run: 03, Epoch: 20, Loss: 0.3662
Run: 03, Epoch: 20, Train: 91.09%, Valid: 91.44% Test: 78.10%
Run 03:
Highest Train: 91.14
Highest Valid: 91.45
  Final Train: 90.71
   Final Test: 79.26
Run: 04, Epoch: 01, Loss: 1.3734
Run: 04, Epoch: 02, Loss: 0.5801
Run: 04, Epoch: 03, Loss: 0.4956
Run: 04, Epoch: 04, Loss: 0.4596
Run: 04, Epoch: 05, Loss: 0.4399
Run: 04, Epoch: 06, Loss: 0.4250
Run: 04, Epoch: 07, Loss: 0.4162
Run: 04, Epoch: 08, Loss: 0.4055
Run: 04, Epoch: 09, Loss: 0.3995
Run: 04, Epoch: 10, Loss: 0.3902
Run: 04, Epoch: 10, Train: 90.55%, Valid: 91.18% Test: 78.84%
Run: 04, Epoch: 11, Loss: 0.3850
Run: 04, Epoch: 12, Loss: 0.3783
Run: 04, Epoch: 12, Train: 90.79%, Valid: 91.29% Test: 79.05%
Run: 04, Epoch: 13, Loss: 0.3780
Run: 04, Epoch: 14, Loss: 0.3756
Run: 04, Epoch: 14, Train: 90.92%, Valid: 91.32% Test: 77.74%
Run: 04, Epoch: 15, Loss: 0.3700
Run: 04, Epoch: 16, Loss: 0.3740
Run: 04, Epoch: 16, Train: 91.12%, Valid: 91.59% Test: 78.95%
Run: 04, Epoch: 17, Loss: 0.3687
Run: 04, Epoch: 18, Loss: 0.3666
Run: 04, Epoch: 18, Train: 91.31%, Valid: 91.49% Test: 78.75%
Run: 04, Epoch: 19, Loss: 0.3592
Run: 04, Epoch: 20, Loss: 0.3595
Run: 04, Epoch: 20, Train: 91.34%, Valid: 91.46% Test: 79.25%
Run 04:
Highest Train: 91.34
Highest Valid: 91.59
  Final Train: 91.12
   Final Test: 78.95
Run: 05, Epoch: 01, Loss: 1.2960
Run: 05, Epoch: 02, Loss: 0.5730
Run: 05, Epoch: 03, Loss: 0.4956
Run: 05, Epoch: 04, Loss: 0.4589
Run: 05, Epoch: 05, Loss: 0.4345
Run: 05, Epoch: 06, Loss: 0.4193
Run: 05, Epoch: 07, Loss: 0.4121
Run: 05, Epoch: 08, Loss: 0.4012
Run: 05, Epoch: 09, Loss: 0.3954
Run: 05, Epoch: 10, Loss: 0.3876
Run: 05, Epoch: 10, Train: 90.34%, Valid: 91.00% Test: 78.07%
Run: 05, Epoch: 11, Loss: 0.3839
Run: 05, Epoch: 12, Loss: 0.3801
Run: 05, Epoch: 12, Train: 90.73%, Valid: 91.05% Test: 78.46%
Run: 05, Epoch: 13, Loss: 0.3771
Run: 05, Epoch: 14, Loss: 0.3745
Run: 05, Epoch: 14, Train: 90.88%, Valid: 91.35% Test: 78.26%
Run: 05, Epoch: 15, Loss: 0.3712
Run: 05, Epoch: 16, Loss: 0.3668
Run: 05, Epoch: 16, Train: 91.02%, Valid: 91.23% Test: 78.55%
Run: 05, Epoch: 17, Loss: 0.3616
Run: 05, Epoch: 18, Loss: 0.3632
Run: 05, Epoch: 18, Train: 91.21%, Valid: 91.22% Test: 78.01%
Run: 05, Epoch: 19, Loss: 0.3611
Run: 05, Epoch: 20, Loss: 0.3634
Run: 05, Epoch: 20, Train: 91.22%, Valid: 91.35% Test: 78.74%
Run 05:
Highest Train: 91.22
Highest Valid: 91.35
  Final Train: 91.22
   Final Test: 78.74
Run: 06, Epoch: 01, Loss: 1.3960
Run: 06, Epoch: 02, Loss: 0.5881
Run: 06, Epoch: 03, Loss: 0.5048
Run: 06, Epoch: 04, Loss: 0.4587
Run: 06, Epoch: 05, Loss: 0.4461
Run: 06, Epoch: 06, Loss: 0.4278
Run: 06, Epoch: 07, Loss: 0.4147
Run: 06, Epoch: 08, Loss: 0.4064
Run: 06, Epoch: 09, Loss: 0.3984
Run: 06, Epoch: 10, Loss: 0.3962
Run: 06, Epoch: 10, Train: 90.39%, Valid: 91.11% Test: 78.59%
Run: 06, Epoch: 11, Loss: 0.3890
Run: 06, Epoch: 12, Loss: 0.3842
Run: 06, Epoch: 12, Train: 90.75%, Valid: 91.29% Test: 78.48%
Run: 06, Epoch: 13, Loss: 0.3777
Run: 06, Epoch: 14, Loss: 0.3728
Run: 06, Epoch: 14, Train: 90.73%, Valid: 91.26% Test: 79.06%
Run: 06, Epoch: 15, Loss: 0.3740
Run: 06, Epoch: 16, Loss: 0.3705
Run: 06, Epoch: 16, Train: 90.94%, Valid: 91.51% Test: 79.13%
Run: 06, Epoch: 17, Loss: 0.3687
Run: 06, Epoch: 18, Loss: 0.3663
Run: 06, Epoch: 18, Train: 91.06%, Valid: 91.37% Test: 78.44%
Run: 06, Epoch: 19, Loss: 0.3638
Run: 06, Epoch: 20, Loss: 0.3626
Run: 06, Epoch: 20, Train: 91.32%, Valid: 91.60% Test: 79.31%
Run 06:
Highest Train: 91.32
Highest Valid: 91.60
  Final Train: 91.32
   Final Test: 79.31
Run: 07, Epoch: 01, Loss: 1.4451
Run: 07, Epoch: 02, Loss: 0.5962
Run: 07, Epoch: 03, Loss: 0.5071
Run: 07, Epoch: 04, Loss: 0.4649
Run: 07, Epoch: 05, Loss: 0.4453
Run: 07, Epoch: 06, Loss: 0.4281
Run: 07, Epoch: 07, Loss: 0.4139
Run: 07, Epoch: 08, Loss: 0.4042
Run: 07, Epoch: 09, Loss: 0.3980
Run: 07, Epoch: 10, Loss: 0.3987
Run: 07, Epoch: 10, Train: 90.34%, Valid: 91.21% Test: 78.43%
Run: 07, Epoch: 11, Loss: 0.3874
Run: 07, Epoch: 12, Loss: 0.3819
Run: 07, Epoch: 12, Train: 90.59%, Valid: 91.20% Test: 78.42%
Run: 07, Epoch: 13, Loss: 0.3773
Run: 07, Epoch: 14, Loss: 0.3762
Run: 07, Epoch: 14, Train: 90.89%, Valid: 91.33% Test: 79.09%
Run: 07, Epoch: 15, Loss: 0.3704
Run: 07, Epoch: 16, Loss: 0.3744
Run: 07, Epoch: 16, Train: 90.97%, Valid: 91.47% Test: 78.36%
Run: 07, Epoch: 17, Loss: 0.3679
Run: 07, Epoch: 18, Loss: 0.3694
Run: 07, Epoch: 18, Train: 91.16%, Valid: 91.61% Test: 78.53%
Run: 07, Epoch: 19, Loss: 0.3651
Run: 07, Epoch: 20, Loss: 0.3618
Run: 07, Epoch: 20, Train: 91.23%, Valid: 91.37% Test: 78.66%
Run 07:
Highest Train: 91.23
Highest Valid: 91.61
  Final Train: 91.16
   Final Test: 78.53
Run: 08, Epoch: 01, Loss: 1.3288
Run: 08, Epoch: 02, Loss: 0.5762
Run: 08, Epoch: 03, Loss: 0.4932
Run: 08, Epoch: 04, Loss: 0.4589
Run: 08, Epoch: 05, Loss: 0.4382
Run: 08, Epoch: 06, Loss: 0.4217
Run: 08, Epoch: 07, Loss: 0.4074
Run: 08, Epoch: 08, Loss: 0.4046
Run: 08, Epoch: 09, Loss: 0.3967
Run: 08, Epoch: 10, Loss: 0.3899
Run: 08, Epoch: 10, Train: 90.48%, Valid: 91.21% Test: 78.83%
Run: 08, Epoch: 11, Loss: 0.3870
Run: 08, Epoch: 12, Loss: 0.3821
Run: 08, Epoch: 12, Train: 90.75%, Valid: 91.17% Test: 78.88%
Run: 08, Epoch: 13, Loss: 0.3761
Run: 08, Epoch: 14, Loss: 0.3742
Run: 08, Epoch: 14, Train: 90.92%, Valid: 91.40% Test: 78.65%
Run: 08, Epoch: 15, Loss: 0.3714
Run: 08, Epoch: 16, Loss: 0.3715
Run: 08, Epoch: 16, Train: 91.02%, Valid: 91.56% Test: 78.60%
Run: 08, Epoch: 17, Loss: 0.3669
Run: 08, Epoch: 18, Loss: 0.3685
Run: 08, Epoch: 18, Train: 91.28%, Valid: 91.53% Test: 78.86%
Run: 08, Epoch: 19, Loss: 0.3614
Run: 08, Epoch: 20, Loss: 0.3631
Run: 08, Epoch: 20, Train: 91.28%, Valid: 91.59% Test: 78.94%
Run 08:
Highest Train: 91.28
Highest Valid: 91.59
  Final Train: 91.28
   Final Test: 78.94
Run: 09, Epoch: 01, Loss: 1.3765
Run: 09, Epoch: 02, Loss: 0.5842
Run: 09, Epoch: 03, Loss: 0.4980
Run: 09, Epoch: 04, Loss: 0.4596
Run: 09, Epoch: 05, Loss: 0.4399
Run: 09, Epoch: 06, Loss: 0.4230
Run: 09, Epoch: 07, Loss: 0.4112
Run: 09, Epoch: 08, Loss: 0.4032
Run: 09, Epoch: 09, Loss: 0.3976
Run: 09, Epoch: 10, Loss: 0.3920
Run: 09, Epoch: 10, Train: 90.52%, Valid: 91.06% Test: 77.82%
Run: 09, Epoch: 11, Loss: 0.3871
Run: 09, Epoch: 12, Loss: 0.3777
Run: 09, Epoch: 12, Train: 90.69%, Valid: 91.29% Test: 78.54%
Run: 09, Epoch: 13, Loss: 0.3793
Run: 09, Epoch: 14, Loss: 0.3792
Run: 09, Epoch: 14, Train: 90.80%, Valid: 91.17% Test: 77.80%
Run: 09, Epoch: 15, Loss: 0.3746
Run: 09, Epoch: 16, Loss: 0.3716
Run: 09, Epoch: 16, Train: 91.04%, Valid: 91.39% Test: 78.72%
Run: 09, Epoch: 17, Loss: 0.3643
Run: 09, Epoch: 18, Loss: 0.3657
Run: 09, Epoch: 18, Train: 91.20%, Valid: 91.54% Test: 78.58%
Run: 09, Epoch: 19, Loss: 0.3618
Run: 09, Epoch: 20, Loss: 0.3618
Run: 09, Epoch: 20, Train: 91.40%, Valid: 91.52% Test: 78.49%
Run 09:
Highest Train: 91.40
Highest Valid: 91.54
  Final Train: 91.20
   Final Test: 78.58
Run: 10, Epoch: 01, Loss: 1.3980
Run: 10, Epoch: 02, Loss: 0.5836
Run: 10, Epoch: 03, Loss: 0.4957
Run: 10, Epoch: 04, Loss: 0.4623
Run: 10, Epoch: 05, Loss: 0.4426
Run: 10, Epoch: 06, Loss: 0.4243
Run: 10, Epoch: 07, Loss: 0.4094
Run: 10, Epoch: 08, Loss: 0.4057
Run: 10, Epoch: 09, Loss: 0.3989
Run: 10, Epoch: 10, Loss: 0.3907
Run: 10, Epoch: 10, Train: 90.62%, Valid: 91.17% Test: 78.55%
Run: 10, Epoch: 11, Loss: 0.3820
Run: 10, Epoch: 12, Loss: 0.3792
Run: 10, Epoch: 12, Train: 90.73%, Valid: 91.28% Test: 79.13%
Run: 10, Epoch: 13, Loss: 0.3774
Run: 10, Epoch: 14, Loss: 0.3733
Run: 10, Epoch: 14, Train: 90.79%, Valid: 91.21% Test: 79.07%
Run: 10, Epoch: 15, Loss: 0.3741
Run: 10, Epoch: 16, Loss: 0.3674
Run: 10, Epoch: 16, Train: 91.11%, Valid: 91.41% Test: 78.62%
Run: 10, Epoch: 17, Loss: 0.3662
Run: 10, Epoch: 18, Loss: 0.3674
Run: 10, Epoch: 18, Train: 91.20%, Valid: 91.29% Test: 79.43%
Run: 10, Epoch: 19, Loss: 0.3646
Run: 10, Epoch: 20, Loss: 0.3645
Run: 10, Epoch: 20, Train: 91.28%, Valid: 91.36% Test: 79.02%
Run 10:
Highest Train: 91.28
Highest Valid: 91.41
  Final Train: 91.11
   Final Test: 78.62
All runs:
Highest Train: 91.24 ± 0.10
Highest Valid: 91.49 ± 0.10
  Final Train: 91.14 ± 0.16
   Final Test: 78.79 ± 0.37
