Namespace(device=0, log_steps=1, inductive=False, num_layers=3, hidden_channels=256, dropout=0.5, batch_size=20000, walk_length=3, lr=0.01, num_steps=30, epochs=20, eval_steps=2, runs=10, rsv=0.65, al='mem', alpha=0.9)
tensor([147936, 100314,   1272,  ..., 138858,  12587, 194816]) 127800
tensor([222340, 232877, 217134,  ..., 199739, 221009, 221526]) 25559
Run: 01, Epoch: 01, Loss: 1.3062
Run: 01, Epoch: 02, Loss: 0.5342
Run: 01, Epoch: 03, Loss: 0.4511
Run: 01, Epoch: 04, Loss: 0.4188
Run: 01, Epoch: 05, Loss: 0.4022
Run: 01, Epoch: 06, Loss: 0.3865
Run: 01, Epoch: 07, Loss: 0.3706
Run: 01, Epoch: 08, Loss: 0.3665
Run: 01, Epoch: 09, Loss: 0.3589
Run: 01, Epoch: 10, Loss: 0.3561
Run: 01, Epoch: 10, Train: 91.42%, Valid: 90.99% Test: 77.86%
Run: 01, Epoch: 11, Loss: 0.3497
Run: 01, Epoch: 12, Loss: 0.3398
Run: 01, Epoch: 12, Train: 91.76%, Valid: 91.08% Test: 78.39%
Run: 01, Epoch: 13, Loss: 0.3392
Run: 01, Epoch: 14, Loss: 0.3410
Run: 01, Epoch: 14, Train: 91.83%, Valid: 91.04% Test: 79.14%
Run: 01, Epoch: 15, Loss: 0.3336
Run: 01, Epoch: 16, Loss: 0.3311
Run: 01, Epoch: 16, Train: 92.14%, Valid: 91.33% Test: 78.77%
Run: 01, Epoch: 17, Loss: 0.3280
Run: 01, Epoch: 18, Loss: 0.3299
Run: 01, Epoch: 18, Train: 92.15%, Valid: 91.33% Test: 78.10%
Run: 01, Epoch: 19, Loss: 0.3257
Run: 01, Epoch: 20, Loss: 0.3268
Run: 01, Epoch: 20, Train: 92.23%, Valid: 91.35% Test: 78.85%
Run 01:
Highest Train: 92.23
Highest Valid: 91.35
  Final Train: 92.23
   Final Test: 78.85
Run: 02, Epoch: 01, Loss: 1.4062
Run: 02, Epoch: 02, Loss: 0.5441
Run: 02, Epoch: 03, Loss: 0.4598
Run: 02, Epoch: 04, Loss: 0.4257
Run: 02, Epoch: 05, Loss: 0.4010
Run: 02, Epoch: 06, Loss: 0.3833
Run: 02, Epoch: 07, Loss: 0.3737
Run: 02, Epoch: 08, Loss: 0.3663
Run: 02, Epoch: 09, Loss: 0.3639
Run: 02, Epoch: 10, Loss: 0.3538
Run: 02, Epoch: 10, Train: 91.41%, Valid: 90.90% Test: 78.60%
Run: 02, Epoch: 11, Loss: 0.3491
Run: 02, Epoch: 12, Loss: 0.3471
Run: 02, Epoch: 12, Train: 91.62%, Valid: 91.05% Test: 78.58%
Run: 02, Epoch: 13, Loss: 0.3415
Run: 02, Epoch: 14, Loss: 0.3377
Run: 02, Epoch: 14, Train: 91.81%, Valid: 91.20% Test: 78.05%
Run: 02, Epoch: 15, Loss: 0.3375
Run: 02, Epoch: 16, Loss: 0.3319
Run: 02, Epoch: 16, Train: 92.01%, Valid: 91.29% Test: 79.27%
Run: 02, Epoch: 17, Loss: 0.3312
Run: 02, Epoch: 18, Loss: 0.3300
Run: 02, Epoch: 18, Train: 92.12%, Valid: 91.15% Test: 78.25%
Run: 02, Epoch: 19, Loss: 0.3249
Run: 02, Epoch: 20, Loss: 0.3255
Run: 02, Epoch: 20, Train: 92.05%, Valid: 91.34% Test: 78.82%
Run 02:
Highest Train: 92.12
Highest Valid: 91.34
  Final Train: 92.05
   Final Test: 78.82
Run: 03, Epoch: 01, Loss: 1.3927
Run: 03, Epoch: 02, Loss: 0.5453
Run: 03, Epoch: 03, Loss: 0.4654
Run: 03, Epoch: 04, Loss: 0.4297
Run: 03, Epoch: 05, Loss: 0.4056
Run: 03, Epoch: 06, Loss: 0.3927
Run: 03, Epoch: 07, Loss: 0.3783
Run: 03, Epoch: 08, Loss: 0.3694
Run: 03, Epoch: 09, Loss: 0.3629
Run: 03, Epoch: 10, Loss: 0.3540
Run: 03, Epoch: 10, Train: 91.41%, Valid: 90.88% Test: 78.53%
Run: 03, Epoch: 11, Loss: 0.3518
Run: 03, Epoch: 12, Loss: 0.3500
Run: 03, Epoch: 12, Train: 91.58%, Valid: 91.20% Test: 78.74%
Run: 03, Epoch: 13, Loss: 0.3456
Run: 03, Epoch: 14, Loss: 0.3422
Run: 03, Epoch: 14, Train: 91.69%, Valid: 91.07% Test: 78.82%
Run: 03, Epoch: 15, Loss: 0.3393
Run: 03, Epoch: 16, Loss: 0.3391
Run: 03, Epoch: 16, Train: 91.96%, Valid: 91.27% Test: 78.71%
Run: 03, Epoch: 17, Loss: 0.3375
Run: 03, Epoch: 18, Loss: 0.3336
Run: 03, Epoch: 18, Train: 92.06%, Valid: 91.24% Test: 79.45%
Run: 03, Epoch: 19, Loss: 0.3328
Run: 03, Epoch: 20, Loss: 0.3331
Run: 03, Epoch: 20, Train: 91.99%, Valid: 91.27% Test: 78.17%
Run 03:
Highest Train: 92.06
Highest Valid: 91.27
  Final Train: 91.99
   Final Test: 78.17
Run: 04, Epoch: 01, Loss: 1.2917
Run: 04, Epoch: 02, Loss: 0.5256
Run: 04, Epoch: 03, Loss: 0.4477
Run: 04, Epoch: 04, Loss: 0.4165
Run: 04, Epoch: 05, Loss: 0.3960
Run: 04, Epoch: 06, Loss: 0.3823
Run: 04, Epoch: 07, Loss: 0.3753
Run: 04, Epoch: 08, Loss: 0.3656
Run: 04, Epoch: 09, Loss: 0.3583
Run: 04, Epoch: 10, Loss: 0.3526
Run: 04, Epoch: 10, Train: 91.44%, Valid: 91.06% Test: 78.53%
Run: 04, Epoch: 11, Loss: 0.3462
Run: 04, Epoch: 12, Loss: 0.3425
Run: 04, Epoch: 12, Train: 91.66%, Valid: 91.06% Test: 79.03%
Run: 04, Epoch: 13, Loss: 0.3396
Run: 04, Epoch: 14, Loss: 0.3358
Run: 04, Epoch: 14, Train: 91.87%, Valid: 91.24% Test: 78.07%
Run: 04, Epoch: 15, Loss: 0.3333
Run: 04, Epoch: 16, Loss: 0.3366
Run: 04, Epoch: 16, Train: 92.05%, Valid: 91.33% Test: 78.79%
Run: 04, Epoch: 17, Loss: 0.3326
Run: 04, Epoch: 18, Loss: 0.3297
Run: 04, Epoch: 18, Train: 92.15%, Valid: 91.35% Test: 79.01%
Run: 04, Epoch: 19, Loss: 0.3238
Run: 04, Epoch: 20, Loss: 0.3235
Run: 04, Epoch: 20, Train: 92.29%, Valid: 91.40% Test: 78.99%
Run 04:
Highest Train: 92.29
Highest Valid: 91.40
  Final Train: 92.29
   Final Test: 78.99
Run: 05, Epoch: 01, Loss: 1.2407
Run: 05, Epoch: 02, Loss: 0.5252
Run: 05, Epoch: 03, Loss: 0.4508
Run: 05, Epoch: 04, Loss: 0.4184
Run: 05, Epoch: 05, Loss: 0.3936
Run: 05, Epoch: 06, Loss: 0.3822
Run: 05, Epoch: 07, Loss: 0.3718
Run: 05, Epoch: 08, Loss: 0.3625
Run: 05, Epoch: 09, Loss: 0.3568
Run: 05, Epoch: 10, Loss: 0.3504
Run: 05, Epoch: 10, Train: 91.39%, Valid: 90.92% Test: 78.15%
Run: 05, Epoch: 11, Loss: 0.3484
Run: 05, Epoch: 12, Loss: 0.3430
Run: 05, Epoch: 12, Train: 91.74%, Valid: 91.08% Test: 78.07%
Run: 05, Epoch: 13, Loss: 0.3391
Run: 05, Epoch: 14, Loss: 0.3356
Run: 05, Epoch: 14, Train: 91.98%, Valid: 91.26% Test: 78.41%
Run: 05, Epoch: 15, Loss: 0.3345
Run: 05, Epoch: 16, Loss: 0.3291
Run: 05, Epoch: 16, Train: 91.83%, Valid: 91.20% Test: 78.69%
Run: 05, Epoch: 17, Loss: 0.3271
Run: 05, Epoch: 18, Loss: 0.3260
Run: 05, Epoch: 18, Train: 92.12%, Valid: 91.30% Test: 77.89%
Run: 05, Epoch: 19, Loss: 0.3216
Run: 05, Epoch: 20, Loss: 0.3252
Run: 05, Epoch: 20, Train: 92.32%, Valid: 91.48% Test: 79.08%
Run 05:
Highest Train: 92.32
Highest Valid: 91.48
  Final Train: 92.32
   Final Test: 79.08
Run: 06, Epoch: 01, Loss: 1.3302
Run: 06, Epoch: 02, Loss: 0.5364
Run: 06, Epoch: 03, Loss: 0.4581
Run: 06, Epoch: 04, Loss: 0.4157
Run: 06, Epoch: 05, Loss: 0.4033
Run: 06, Epoch: 06, Loss: 0.3877
Run: 06, Epoch: 07, Loss: 0.3765
Run: 06, Epoch: 08, Loss: 0.3664
Run: 06, Epoch: 09, Loss: 0.3566
Run: 06, Epoch: 10, Loss: 0.3568
Run: 06, Epoch: 10, Train: 91.48%, Valid: 91.06% Test: 78.29%
Run: 06, Epoch: 11, Loss: 0.3486
Run: 06, Epoch: 12, Loss: 0.3466
Run: 06, Epoch: 12, Train: 91.77%, Valid: 91.17% Test: 78.59%
Run: 06, Epoch: 13, Loss: 0.3415
Run: 06, Epoch: 14, Loss: 0.3366
Run: 06, Epoch: 14, Train: 91.72%, Valid: 91.18% Test: 79.05%
Run: 06, Epoch: 15, Loss: 0.3354
Run: 06, Epoch: 16, Loss: 0.3347
Run: 06, Epoch: 16, Train: 91.83%, Valid: 91.38% Test: 78.88%
Run: 06, Epoch: 17, Loss: 0.3313
Run: 06, Epoch: 18, Loss: 0.3292
Run: 06, Epoch: 18, Train: 92.08%, Valid: 91.55% Test: 78.92%
Run: 06, Epoch: 19, Loss: 0.3279
Run: 06, Epoch: 20, Loss: 0.3261
Run: 06, Epoch: 20, Train: 92.22%, Valid: 91.50% Test: 78.99%
Run 06:
Highest Train: 92.22
Highest Valid: 91.55
  Final Train: 92.08
   Final Test: 78.92
Run: 07, Epoch: 01, Loss: 1.3762
Run: 07, Epoch: 02, Loss: 0.5440
Run: 07, Epoch: 03, Loss: 0.4607
Run: 07, Epoch: 04, Loss: 0.4223
Run: 07, Epoch: 05, Loss: 0.4031
Run: 07, Epoch: 06, Loss: 0.3880
Run: 07, Epoch: 07, Loss: 0.3755
Run: 07, Epoch: 08, Loss: 0.3637
Run: 07, Epoch: 09, Loss: 0.3581
Run: 07, Epoch: 10, Loss: 0.3579
Run: 07, Epoch: 10, Train: 91.35%, Valid: 90.99% Test: 78.33%
Run: 07, Epoch: 11, Loss: 0.3494
Run: 07, Epoch: 12, Loss: 0.3460
Run: 07, Epoch: 12, Train: 91.63%, Valid: 91.04% Test: 78.27%
Run: 07, Epoch: 13, Loss: 0.3401
Run: 07, Epoch: 14, Loss: 0.3398
Run: 07, Epoch: 14, Train: 91.89%, Valid: 91.20% Test: 78.83%
Run: 07, Epoch: 15, Loss: 0.3349
Run: 07, Epoch: 16, Loss: 0.3370
Run: 07, Epoch: 16, Train: 92.01%, Valid: 91.26% Test: 77.77%
Run: 07, Epoch: 17, Loss: 0.3328
Run: 07, Epoch: 18, Loss: 0.3336
Run: 07, Epoch: 18, Train: 92.07%, Valid: 91.40% Test: 78.67%
Run: 07, Epoch: 19, Loss: 0.3292
Run: 07, Epoch: 20, Loss: 0.3263
Run: 07, Epoch: 20, Train: 92.14%, Valid: 91.42% Test: 78.79%
Run 07:
Highest Train: 92.14
Highest Valid: 91.42
  Final Train: 92.14
   Final Test: 78.79
Run: 08, Epoch: 01, Loss: 1.2683
Run: 08, Epoch: 02, Loss: 0.5257
Run: 08, Epoch: 03, Loss: 0.4474
Run: 08, Epoch: 04, Loss: 0.4178
Run: 08, Epoch: 05, Loss: 0.3967
Run: 08, Epoch: 06, Loss: 0.3808
Run: 08, Epoch: 07, Loss: 0.3678
Run: 08, Epoch: 08, Loss: 0.3658
Run: 08, Epoch: 09, Loss: 0.3579
Run: 08, Epoch: 10, Loss: 0.3528
Run: 08, Epoch: 10, Train: 91.40%, Valid: 90.97% Test: 78.52%
Run: 08, Epoch: 11, Loss: 0.3490
Run: 08, Epoch: 12, Loss: 0.3442
Run: 08, Epoch: 12, Train: 91.78%, Valid: 91.23% Test: 78.85%
Run: 08, Epoch: 13, Loss: 0.3377
Run: 08, Epoch: 14, Loss: 0.3371
Run: 08, Epoch: 14, Train: 91.94%, Valid: 91.28% Test: 78.43%
Run: 08, Epoch: 15, Loss: 0.3324
Run: 08, Epoch: 16, Loss: 0.3357
Run: 08, Epoch: 16, Train: 92.00%, Valid: 91.35% Test: 78.94%
Run: 08, Epoch: 17, Loss: 0.3312
Run: 08, Epoch: 18, Loss: 0.3320
Run: 08, Epoch: 18, Train: 92.14%, Valid: 91.16% Test: 78.73%
Run: 08, Epoch: 19, Loss: 0.3247
Run: 08, Epoch: 20, Loss: 0.3264
Run: 08, Epoch: 20, Train: 92.18%, Valid: 91.41% Test: 78.91%
Run 08:
Highest Train: 92.18
Highest Valid: 91.41
  Final Train: 92.18
   Final Test: 78.91
Run: 09, Epoch: 01, Loss: 1.3179
Run: 09, Epoch: 02, Loss: 0.5355
Run: 09, Epoch: 03, Loss: 0.4540
Run: 09, Epoch: 04, Loss: 0.4184
Run: 09, Epoch: 05, Loss: 0.3994
Run: 09, Epoch: 06, Loss: 0.3838
Run: 09, Epoch: 07, Loss: 0.3730
Run: 09, Epoch: 08, Loss: 0.3631
Run: 09, Epoch: 09, Loss: 0.3603
Run: 09, Epoch: 10, Loss: 0.3540
Run: 09, Epoch: 10, Train: 91.41%, Valid: 90.90% Test: 77.79%
Run: 09, Epoch: 11, Loss: 0.3465
Run: 09, Epoch: 12, Loss: 0.3407
Run: 09, Epoch: 12, Train: 91.62%, Valid: 91.13% Test: 78.10%
Run: 09, Epoch: 13, Loss: 0.3413
Run: 09, Epoch: 14, Loss: 0.3389
Run: 09, Epoch: 14, Train: 91.90%, Valid: 90.91% Test: 77.76%
Run: 09, Epoch: 15, Loss: 0.3364
Run: 09, Epoch: 16, Loss: 0.3345
Run: 09, Epoch: 16, Train: 92.05%, Valid: 91.28% Test: 78.88%
Run: 09, Epoch: 17, Loss: 0.3273
Run: 09, Epoch: 18, Loss: 0.3309
Run: 09, Epoch: 18, Train: 92.06%, Valid: 91.29% Test: 78.02%
Run: 09, Epoch: 19, Loss: 0.3270
Run: 09, Epoch: 20, Loss: 0.3259
Run: 09, Epoch: 20, Train: 92.17%, Valid: 91.42% Test: 78.47%
Run 09:
Highest Train: 92.17
Highest Valid: 91.42
  Final Train: 92.17
   Final Test: 78.47
Run: 10, Epoch: 01, Loss: 1.3377
Run: 10, Epoch: 02, Loss: 0.5357
Run: 10, Epoch: 03, Loss: 0.4514
Run: 10, Epoch: 04, Loss: 0.4209
Run: 10, Epoch: 05, Loss: 0.4016
Run: 10, Epoch: 06, Loss: 0.3830
Run: 10, Epoch: 07, Loss: 0.3701
Run: 10, Epoch: 08, Loss: 0.3659
Run: 10, Epoch: 09, Loss: 0.3600
Run: 10, Epoch: 10, Loss: 0.3514
Run: 10, Epoch: 10, Train: 91.49%, Valid: 91.08% Test: 77.93%
Run: 10, Epoch: 11, Loss: 0.3465
Run: 10, Epoch: 12, Loss: 0.3429
Run: 10, Epoch: 12, Train: 91.63%, Valid: 91.23% Test: 79.04%
Run: 10, Epoch: 13, Loss: 0.3387
Run: 10, Epoch: 14, Loss: 0.3340
Run: 10, Epoch: 14, Train: 91.86%, Valid: 91.19% Test: 78.95%
Run: 10, Epoch: 15, Loss: 0.3339
Run: 10, Epoch: 16, Loss: 0.3305
Run: 10, Epoch: 16, Train: 92.08%, Valid: 91.38% Test: 78.24%
Run: 10, Epoch: 17, Loss: 0.3273
Run: 10, Epoch: 18, Loss: 0.3308
Run: 10, Epoch: 18, Train: 92.09%, Valid: 91.30% Test: 79.13%
Run: 10, Epoch: 19, Loss: 0.3263
Run: 10, Epoch: 20, Loss: 0.3273
Run: 10, Epoch: 20, Train: 92.21%, Valid: 91.36% Test: 78.75%
Run 10:
Highest Train: 92.21
Highest Valid: 91.38
  Final Train: 92.08
   Final Test: 78.24
All runs:
Highest Train: 92.19 ± 0.08
Highest Valid: 91.40 ± 0.08
  Final Train: 92.15 ± 0.11
   Final Test: 78.73 ± 0.32
