Namespace(device=0, log_steps=1, inductive=False, num_layers=3, hidden_channels=256, dropout=0.5, batch_size=20000, walk_length=3, lr=0.01, num_steps=30, epochs=20, eval_steps=2, runs=10, rsv=0.6, al='mem', alpha=0.9)
tensor([147936, 100314,   1272,  ..., 167305,   3536,  77597]) 117969
tensor([222340, 232877, 217134,  ..., 235295, 200932, 206519]) 23593
Run: 01, Epoch: 01, Loss: 1.3066
Run: 01, Epoch: 02, Loss: 0.5372
Run: 01, Epoch: 03, Loss: 0.4548
Run: 01, Epoch: 04, Loss: 0.4214
Run: 01, Epoch: 05, Loss: 0.4036
Run: 01, Epoch: 06, Loss: 0.3888
Run: 01, Epoch: 07, Loss: 0.3717
Run: 01, Epoch: 08, Loss: 0.3682
Run: 01, Epoch: 09, Loss: 0.3597
Run: 01, Epoch: 10, Loss: 0.3570
Run: 01, Epoch: 10, Train: 91.50%, Valid: 91.05% Test: 78.46%
Run: 01, Epoch: 11, Loss: 0.3508
Run: 01, Epoch: 12, Loss: 0.3413
Run: 01, Epoch: 12, Train: 91.79%, Valid: 91.13% Test: 78.19%
Run: 01, Epoch: 13, Loss: 0.3416
Run: 01, Epoch: 14, Loss: 0.3421
Run: 01, Epoch: 14, Train: 91.75%, Valid: 91.11% Test: 79.02%
Run: 01, Epoch: 15, Loss: 0.3353
Run: 01, Epoch: 16, Loss: 0.3328
Run: 01, Epoch: 16, Train: 92.06%, Valid: 91.28% Test: 79.19%
Run: 01, Epoch: 17, Loss: 0.3287
Run: 01, Epoch: 18, Loss: 0.3310
Run: 01, Epoch: 18, Train: 92.15%, Valid: 91.35% Test: 78.24%
Run: 01, Epoch: 19, Loss: 0.3278
Run: 01, Epoch: 20, Loss: 0.3289
Run: 01, Epoch: 20, Train: 92.15%, Valid: 91.38% Test: 78.79%
Run 01:
Highest Train: 92.15
Highest Valid: 91.38
  Final Train: 92.15
   Final Test: 78.79
Run: 02, Epoch: 01, Loss: 1.4098
Run: 02, Epoch: 02, Loss: 0.5461
Run: 02, Epoch: 03, Loss: 0.4624
Run: 02, Epoch: 04, Loss: 0.4269
Run: 02, Epoch: 05, Loss: 0.4020
Run: 02, Epoch: 06, Loss: 0.3852
Run: 02, Epoch: 07, Loss: 0.3768
Run: 02, Epoch: 08, Loss: 0.3693
Run: 02, Epoch: 09, Loss: 0.3646
Run: 02, Epoch: 10, Loss: 0.3552
Run: 02, Epoch: 10, Train: 91.40%, Valid: 91.09% Test: 78.75%
Run: 02, Epoch: 11, Loss: 0.3494
Run: 02, Epoch: 12, Loss: 0.3474
Run: 02, Epoch: 12, Train: 91.63%, Valid: 91.07% Test: 78.94%
Run: 02, Epoch: 13, Loss: 0.3412
Run: 02, Epoch: 14, Loss: 0.3379
Run: 02, Epoch: 14, Train: 91.84%, Valid: 91.21% Test: 78.36%
Run: 02, Epoch: 15, Loss: 0.3356
Run: 02, Epoch: 16, Loss: 0.3322
Run: 02, Epoch: 16, Train: 91.95%, Valid: 91.45% Test: 79.43%
Run: 02, Epoch: 17, Loss: 0.3324
Run: 02, Epoch: 18, Loss: 0.3279
Run: 02, Epoch: 18, Train: 92.08%, Valid: 91.17% Test: 78.13%
Run: 02, Epoch: 19, Loss: 0.3264
Run: 02, Epoch: 20, Loss: 0.3270
Run: 02, Epoch: 20, Train: 92.13%, Valid: 91.34% Test: 78.82%
Run 02:
Highest Train: 92.13
Highest Valid: 91.45
  Final Train: 91.95
   Final Test: 79.43
Run: 03, Epoch: 01, Loss: 1.3921
Run: 03, Epoch: 02, Loss: 0.5472
Run: 03, Epoch: 03, Loss: 0.4685
Run: 03, Epoch: 04, Loss: 0.4311
Run: 03, Epoch: 05, Loss: 0.4067
Run: 03, Epoch: 06, Loss: 0.3949
Run: 03, Epoch: 07, Loss: 0.3792
Run: 03, Epoch: 08, Loss: 0.3716
Run: 03, Epoch: 09, Loss: 0.3649
Run: 03, Epoch: 10, Loss: 0.3566
Run: 03, Epoch: 10, Train: 91.27%, Valid: 90.85% Test: 78.20%
Run: 03, Epoch: 11, Loss: 0.3532
Run: 03, Epoch: 12, Loss: 0.3533
Run: 03, Epoch: 12, Train: 91.53%, Valid: 91.16% Test: 78.61%
Run: 03, Epoch: 13, Loss: 0.3458
Run: 03, Epoch: 14, Loss: 0.3442
Run: 03, Epoch: 14, Train: 91.68%, Valid: 91.13% Test: 78.64%
Run: 03, Epoch: 15, Loss: 0.3408
Run: 03, Epoch: 16, Loss: 0.3426
Run: 03, Epoch: 16, Train: 91.84%, Valid: 91.24% Test: 78.44%
Run: 03, Epoch: 17, Loss: 0.3383
Run: 03, Epoch: 18, Loss: 0.3373
Run: 03, Epoch: 18, Train: 92.04%, Valid: 91.22% Test: 79.30%
Run: 03, Epoch: 19, Loss: 0.3349
Run: 03, Epoch: 20, Loss: 0.3336
Run: 03, Epoch: 20, Train: 91.97%, Valid: 91.35% Test: 78.50%
Run 03:
Highest Train: 92.04
Highest Valid: 91.35
  Final Train: 91.97
   Final Test: 78.50
Run: 04, Epoch: 01, Loss: 1.2967
Run: 04, Epoch: 02, Loss: 0.5291
Run: 04, Epoch: 03, Loss: 0.4511
Run: 04, Epoch: 04, Loss: 0.4195
Run: 04, Epoch: 05, Loss: 0.3982
Run: 04, Epoch: 06, Loss: 0.3861
Run: 04, Epoch: 07, Loss: 0.3795
Run: 04, Epoch: 08, Loss: 0.3701
Run: 04, Epoch: 09, Loss: 0.3623
Run: 04, Epoch: 10, Loss: 0.3573
Run: 04, Epoch: 10, Train: 91.33%, Valid: 90.90% Test: 78.49%
Run: 04, Epoch: 11, Loss: 0.3479
Run: 04, Epoch: 12, Loss: 0.3442
Run: 04, Epoch: 12, Train: 91.66%, Valid: 91.10% Test: 78.86%
Run: 04, Epoch: 13, Loss: 0.3450
Run: 04, Epoch: 14, Loss: 0.3385
Run: 04, Epoch: 14, Train: 91.88%, Valid: 91.23% Test: 78.19%
Run: 04, Epoch: 15, Loss: 0.3345
Run: 04, Epoch: 16, Loss: 0.3402
Run: 04, Epoch: 16, Train: 92.02%, Valid: 91.33% Test: 78.99%
Run: 04, Epoch: 17, Loss: 0.3327
Run: 04, Epoch: 18, Loss: 0.3322
Run: 04, Epoch: 18, Train: 92.11%, Valid: 91.45% Test: 78.75%
Run: 04, Epoch: 19, Loss: 0.3305
Run: 04, Epoch: 20, Loss: 0.3280
Run: 04, Epoch: 20, Train: 92.01%, Valid: 91.37% Test: 79.15%
Run 04:
Highest Train: 92.11
Highest Valid: 91.45
  Final Train: 92.11
   Final Test: 78.75
Run: 05, Epoch: 01, Loss: 1.2423
Run: 05, Epoch: 02, Loss: 0.5291
Run: 05, Epoch: 03, Loss: 0.4560
Run: 05, Epoch: 04, Loss: 0.4218
Run: 05, Epoch: 05, Loss: 0.3967
Run: 05, Epoch: 06, Loss: 0.3839
Run: 05, Epoch: 07, Loss: 0.3737
Run: 05, Epoch: 08, Loss: 0.3657
Run: 05, Epoch: 09, Loss: 0.3593
Run: 05, Epoch: 10, Loss: 0.3532
Run: 05, Epoch: 10, Train: 91.39%, Valid: 91.01% Test: 77.82%
Run: 05, Epoch: 11, Loss: 0.3501
Run: 05, Epoch: 12, Loss: 0.3465
Run: 05, Epoch: 12, Train: 91.65%, Valid: 91.10% Test: 77.91%
Run: 05, Epoch: 13, Loss: 0.3419
Run: 05, Epoch: 14, Loss: 0.3382
Run: 05, Epoch: 14, Train: 91.84%, Valid: 91.11% Test: 78.56%
Run: 05, Epoch: 15, Loss: 0.3367
Run: 05, Epoch: 16, Loss: 0.3313
Run: 05, Epoch: 16, Train: 91.83%, Valid: 91.29% Test: 78.62%
Run: 05, Epoch: 17, Loss: 0.3300
Run: 05, Epoch: 18, Loss: 0.3288
Run: 05, Epoch: 18, Train: 92.07%, Valid: 91.33% Test: 78.15%
Run: 05, Epoch: 19, Loss: 0.3257
Run: 05, Epoch: 20, Loss: 0.3285
Run: 05, Epoch: 20, Train: 92.21%, Valid: 91.34% Test: 78.50%
Run 05:
Highest Train: 92.21
Highest Valid: 91.34
  Final Train: 92.21
   Final Test: 78.50
Run: 06, Epoch: 01, Loss: 1.3356
Run: 06, Epoch: 02, Loss: 0.5398
Run: 06, Epoch: 03, Loss: 0.4594
Run: 06, Epoch: 04, Loss: 0.4172
Run: 06, Epoch: 05, Loss: 0.4041
Run: 06, Epoch: 06, Loss: 0.3895
Run: 06, Epoch: 07, Loss: 0.3755
Run: 06, Epoch: 08, Loss: 0.3676
Run: 06, Epoch: 09, Loss: 0.3579
Run: 06, Epoch: 10, Loss: 0.3583
Run: 06, Epoch: 10, Train: 91.43%, Valid: 91.09% Test: 78.04%
Run: 06, Epoch: 11, Loss: 0.3490
Run: 06, Epoch: 12, Loss: 0.3461
Run: 06, Epoch: 12, Train: 91.74%, Valid: 91.12% Test: 78.23%
Run: 06, Epoch: 13, Loss: 0.3437
Run: 06, Epoch: 14, Loss: 0.3375
Run: 06, Epoch: 14, Train: 91.64%, Valid: 91.11% Test: 78.76%
Run: 06, Epoch: 15, Loss: 0.3365
Run: 06, Epoch: 16, Loss: 0.3364
Run: 06, Epoch: 16, Train: 91.84%, Valid: 91.43% Test: 78.88%
Run: 06, Epoch: 17, Loss: 0.3329
Run: 06, Epoch: 18, Loss: 0.3321
Run: 06, Epoch: 18, Train: 92.10%, Valid: 91.51% Test: 78.75%
Run: 06, Epoch: 19, Loss: 0.3287
Run: 06, Epoch: 20, Loss: 0.3260
Run: 06, Epoch: 20, Train: 92.31%, Valid: 91.43% Test: 78.70%
Run 06:
Highest Train: 92.31
Highest Valid: 91.51
  Final Train: 92.10
   Final Test: 78.75
Run: 07, Epoch: 01, Loss: 1.3780
Run: 07, Epoch: 02, Loss: 0.5474
Run: 07, Epoch: 03, Loss: 0.4644
Run: 07, Epoch: 04, Loss: 0.4254
Run: 07, Epoch: 05, Loss: 0.4066
Run: 07, Epoch: 06, Loss: 0.3907
Run: 07, Epoch: 07, Loss: 0.3779
Run: 07, Epoch: 08, Loss: 0.3664
Run: 07, Epoch: 09, Loss: 0.3612
Run: 07, Epoch: 10, Loss: 0.3606
Run: 07, Epoch: 10, Train: 91.38%, Valid: 91.09% Test: 78.34%
Run: 07, Epoch: 11, Loss: 0.3512
Run: 07, Epoch: 12, Loss: 0.3478
Run: 07, Epoch: 12, Train: 91.50%, Valid: 91.10% Test: 77.97%
Run: 07, Epoch: 13, Loss: 0.3417
Run: 07, Epoch: 14, Loss: 0.3402
Run: 07, Epoch: 14, Train: 91.92%, Valid: 91.23% Test: 78.79%
Run: 07, Epoch: 15, Loss: 0.3330
Run: 07, Epoch: 16, Loss: 0.3385
Run: 07, Epoch: 16, Train: 91.90%, Valid: 91.16% Test: 77.50%
Run: 07, Epoch: 17, Loss: 0.3326
Run: 07, Epoch: 18, Loss: 0.3347
Run: 07, Epoch: 18, Train: 92.03%, Valid: 91.35% Test: 78.82%
Run: 07, Epoch: 19, Loss: 0.3312
Run: 07, Epoch: 20, Loss: 0.3296
Run: 07, Epoch: 20, Train: 92.09%, Valid: 91.42% Test: 78.24%
Run 07:
Highest Train: 92.09
Highest Valid: 91.42
  Final Train: 92.09
   Final Test: 78.24
Run: 08, Epoch: 01, Loss: 1.2737
Run: 08, Epoch: 02, Loss: 0.5281
Run: 08, Epoch: 03, Loss: 0.4499
Run: 08, Epoch: 04, Loss: 0.4186
Run: 08, Epoch: 05, Loss: 0.3988
Run: 08, Epoch: 06, Loss: 0.3824
Run: 08, Epoch: 07, Loss: 0.3688
Run: 08, Epoch: 08, Loss: 0.3672
Run: 08, Epoch: 09, Loss: 0.3592
Run: 08, Epoch: 10, Loss: 0.3539
Run: 08, Epoch: 10, Train: 91.41%, Valid: 90.96% Test: 78.60%
Run: 08, Epoch: 11, Loss: 0.3503
Run: 08, Epoch: 12, Loss: 0.3441
Run: 08, Epoch: 12, Train: 91.77%, Valid: 91.14% Test: 78.80%
Run: 08, Epoch: 13, Loss: 0.3379
Run: 08, Epoch: 14, Loss: 0.3350
Run: 08, Epoch: 14, Train: 91.92%, Valid: 91.27% Test: 78.39%
Run: 08, Epoch: 15, Loss: 0.3342
Run: 08, Epoch: 16, Loss: 0.3372
Run: 08, Epoch: 16, Train: 91.97%, Valid: 91.39% Test: 79.24%
Run: 08, Epoch: 17, Loss: 0.3319
Run: 08, Epoch: 18, Loss: 0.3317
Run: 08, Epoch: 18, Train: 92.13%, Valid: 91.36% Test: 78.58%
Run: 08, Epoch: 19, Loss: 0.3240
Run: 08, Epoch: 20, Loss: 0.3276
Run: 08, Epoch: 20, Train: 92.20%, Valid: 91.59% Test: 78.83%
Run 08:
Highest Train: 92.20
Highest Valid: 91.59
  Final Train: 92.20
   Final Test: 78.83
Run: 09, Epoch: 01, Loss: 1.3241
Run: 09, Epoch: 02, Loss: 0.5401
Run: 09, Epoch: 03, Loss: 0.4589
Run: 09, Epoch: 04, Loss: 0.4231
Run: 09, Epoch: 05, Loss: 0.4027
Run: 09, Epoch: 06, Loss: 0.3855
Run: 09, Epoch: 07, Loss: 0.3785
Run: 09, Epoch: 08, Loss: 0.3660
Run: 09, Epoch: 09, Loss: 0.3623
Run: 09, Epoch: 10, Loss: 0.3551
Run: 09, Epoch: 10, Train: 91.38%, Valid: 90.93% Test: 77.74%
Run: 09, Epoch: 11, Loss: 0.3473
Run: 09, Epoch: 12, Loss: 0.3447
Run: 09, Epoch: 12, Train: 91.53%, Valid: 91.04% Test: 78.25%
Run: 09, Epoch: 13, Loss: 0.3444
Run: 09, Epoch: 14, Loss: 0.3415
Run: 09, Epoch: 14, Train: 91.82%, Valid: 91.08% Test: 78.10%
Run: 09, Epoch: 15, Loss: 0.3377
Run: 09, Epoch: 16, Loss: 0.3356
Run: 09, Epoch: 16, Train: 91.91%, Valid: 91.43% Test: 78.95%
Run: 09, Epoch: 17, Loss: 0.3296
Run: 09, Epoch: 18, Loss: 0.3331
Run: 09, Epoch: 18, Train: 92.09%, Valid: 91.31% Test: 78.27%
Run: 09, Epoch: 19, Loss: 0.3283
Run: 09, Epoch: 20, Loss: 0.3295
Run: 09, Epoch: 20, Train: 92.11%, Valid: 91.36% Test: 78.62%
Run 09:
Highest Train: 92.11
Highest Valid: 91.43
  Final Train: 91.91
   Final Test: 78.95
Run: 10, Epoch: 01, Loss: 1.3417
Run: 10, Epoch: 02, Loss: 0.5408
Run: 10, Epoch: 03, Loss: 0.4550
Run: 10, Epoch: 04, Loss: 0.4232
Run: 10, Epoch: 05, Loss: 0.4037
Run: 10, Epoch: 06, Loss: 0.3854
Run: 10, Epoch: 07, Loss: 0.3718
Run: 10, Epoch: 08, Loss: 0.3684
Run: 10, Epoch: 09, Loss: 0.3619
Run: 10, Epoch: 10, Loss: 0.3549
Run: 10, Epoch: 10, Train: 91.49%, Valid: 91.20% Test: 77.95%
Run: 10, Epoch: 11, Loss: 0.3470
Run: 10, Epoch: 12, Loss: 0.3434
Run: 10, Epoch: 12, Train: 91.63%, Valid: 91.23% Test: 78.99%
Run: 10, Epoch: 13, Loss: 0.3417
Run: 10, Epoch: 14, Loss: 0.3380
Run: 10, Epoch: 14, Train: 91.71%, Valid: 91.04% Test: 79.09%
Run: 10, Epoch: 15, Loss: 0.3409
Run: 10, Epoch: 16, Loss: 0.3316
Run: 10, Epoch: 16, Train: 91.89%, Valid: 91.32% Test: 78.48%
Run: 10, Epoch: 17, Loss: 0.3321
Run: 10, Epoch: 18, Loss: 0.3324
Run: 10, Epoch: 18, Train: 92.10%, Valid: 91.26% Test: 79.20%
Run: 10, Epoch: 19, Loss: 0.3291
Run: 10, Epoch: 20, Loss: 0.3316
Run: 10, Epoch: 20, Train: 92.22%, Valid: 91.44% Test: 78.66%
Run 10:
Highest Train: 92.22
Highest Valid: 91.44
  Final Train: 92.22
   Final Test: 78.66
All runs:
Highest Train: 92.16 ± 0.08
Highest Valid: 91.44 ± 0.07
  Final Train: 92.09 ± 0.11
   Final Test: 78.74 ± 0.32
