Namespace(device=0, log_steps=1, inductive=False, num_layers=3, hidden_channels=256, dropout=0.5, batch_size=20000, walk_length=3, lr=0.01, num_steps=30, epochs=20, eval_steps=2, runs=10, rsv=0.6, al='mem', alpha=0.8)
tensor([147936, 100314,   1272,  ...,  29674,  76985, 156226]) 117969
tensor([222340, 232877, 217134,  ..., 235295, 200932, 206519]) 23593
Run: 01, Epoch: 01, Loss: 1.3644
Run: 01, Epoch: 02, Loss: 0.5826
Run: 01, Epoch: 03, Loss: 0.4960
Run: 01, Epoch: 04, Loss: 0.4613
Run: 01, Epoch: 05, Loss: 0.4427
Run: 01, Epoch: 06, Loss: 0.4255
Run: 01, Epoch: 07, Loss: 0.4100
Run: 01, Epoch: 08, Loss: 0.4047
Run: 01, Epoch: 09, Loss: 0.3986
Run: 01, Epoch: 10, Loss: 0.3950
Run: 01, Epoch: 10, Train: 90.51%, Valid: 91.12% Test: 78.33%
Run: 01, Epoch: 11, Loss: 0.3875
Run: 01, Epoch: 12, Loss: 0.3786
Run: 01, Epoch: 12, Train: 90.81%, Valid: 91.01% Test: 78.46%
Run: 01, Epoch: 13, Loss: 0.3765
Run: 01, Epoch: 14, Loss: 0.3764
Run: 01, Epoch: 14, Train: 90.77%, Valid: 90.93% Test: 79.58%
Run: 01, Epoch: 15, Loss: 0.3684
Run: 01, Epoch: 16, Loss: 0.3688
Run: 01, Epoch: 16, Train: 91.24%, Valid: 91.46% Test: 78.43%
Run: 01, Epoch: 17, Loss: 0.3657
Run: 01, Epoch: 18, Loss: 0.3673
Run: 01, Epoch: 18, Train: 91.22%, Valid: 91.48% Test: 78.05%
Run: 01, Epoch: 19, Loss: 0.3619
Run: 01, Epoch: 20, Loss: 0.3620
Run: 01, Epoch: 20, Train: 91.26%, Valid: 91.42% Test: 78.43%
Run 01:
Highest Train: 91.26
Highest Valid: 91.48
  Final Train: 91.22
   Final Test: 78.05
Run: 02, Epoch: 01, Loss: 1.4664
Run: 02, Epoch: 02, Loss: 0.5936
Run: 02, Epoch: 03, Loss: 0.5039
Run: 02, Epoch: 04, Loss: 0.4691
Run: 02, Epoch: 05, Loss: 0.4432
Run: 02, Epoch: 06, Loss: 0.4236
Run: 02, Epoch: 07, Loss: 0.4143
Run: 02, Epoch: 08, Loss: 0.4042
Run: 02, Epoch: 09, Loss: 0.4015
Run: 02, Epoch: 10, Loss: 0.3919
Run: 02, Epoch: 10, Train: 90.41%, Valid: 90.98% Test: 78.88%
Run: 02, Epoch: 11, Loss: 0.3860
Run: 02, Epoch: 12, Loss: 0.3863
Run: 02, Epoch: 12, Train: 90.56%, Valid: 91.03% Test: 78.45%
Run: 02, Epoch: 13, Loss: 0.3777
Run: 02, Epoch: 14, Loss: 0.3742
Run: 02, Epoch: 14, Train: 90.85%, Valid: 91.22% Test: 78.27%
Run: 02, Epoch: 15, Loss: 0.3721
Run: 02, Epoch: 16, Loss: 0.3682
Run: 02, Epoch: 16, Train: 91.05%, Valid: 91.44% Test: 78.95%
Run: 02, Epoch: 17, Loss: 0.3659
Run: 02, Epoch: 18, Loss: 0.3642
Run: 02, Epoch: 18, Train: 91.13%, Valid: 91.21% Test: 78.15%
Run: 02, Epoch: 19, Loss: 0.3613
Run: 02, Epoch: 20, Loss: 0.3649
Run: 02, Epoch: 20, Train: 90.95%, Valid: 91.35% Test: 78.53%
Run 02:
Highest Train: 91.13
Highest Valid: 91.44
  Final Train: 91.05
   Final Test: 78.95
Run: 03, Epoch: 01, Loss: 1.4710
Run: 03, Epoch: 02, Loss: 0.5981
Run: 03, Epoch: 03, Loss: 0.5099
Run: 03, Epoch: 04, Loss: 0.4733
Run: 03, Epoch: 05, Loss: 0.4470
Run: 03, Epoch: 06, Loss: 0.4338
Run: 03, Epoch: 07, Loss: 0.4179
Run: 03, Epoch: 08, Loss: 0.4099
Run: 03, Epoch: 09, Loss: 0.4020
Run: 03, Epoch: 10, Loss: 0.3928
Run: 03, Epoch: 10, Train: 90.38%, Valid: 91.05% Test: 78.30%
Run: 03, Epoch: 11, Loss: 0.3895
Run: 03, Epoch: 12, Loss: 0.3876
Run: 03, Epoch: 12, Train: 90.54%, Valid: 91.09% Test: 78.41%
Run: 03, Epoch: 13, Loss: 0.3820
Run: 03, Epoch: 14, Loss: 0.3783
Run: 03, Epoch: 14, Train: 90.74%, Valid: 91.26% Test: 78.97%
Run: 03, Epoch: 15, Loss: 0.3771
Run: 03, Epoch: 16, Loss: 0.3773
Run: 03, Epoch: 16, Train: 90.92%, Valid: 91.26% Test: 78.51%
Run: 03, Epoch: 17, Loss: 0.3733
Run: 03, Epoch: 18, Loss: 0.3715
Run: 03, Epoch: 18, Train: 91.15%, Valid: 91.29% Test: 79.29%
Run: 03, Epoch: 19, Loss: 0.3679
Run: 03, Epoch: 20, Loss: 0.3666
Run: 03, Epoch: 20, Train: 90.98%, Valid: 91.42% Test: 78.33%
Run 03:
Highest Train: 91.15
Highest Valid: 91.42
  Final Train: 90.98
   Final Test: 78.33
Run: 04, Epoch: 01, Loss: 1.3703
Run: 04, Epoch: 02, Loss: 0.5793
Run: 04, Epoch: 03, Loss: 0.4939
Run: 04, Epoch: 04, Loss: 0.4604
Run: 04, Epoch: 05, Loss: 0.4378
Run: 04, Epoch: 06, Loss: 0.4243
Run: 04, Epoch: 07, Loss: 0.4151
Run: 04, Epoch: 08, Loss: 0.4052
Run: 04, Epoch: 09, Loss: 0.3972
Run: 04, Epoch: 10, Loss: 0.3896
Run: 04, Epoch: 10, Train: 90.53%, Valid: 91.20% Test: 78.75%
Run: 04, Epoch: 11, Loss: 0.3811
Run: 04, Epoch: 12, Loss: 0.3773
Run: 04, Epoch: 12, Train: 90.75%, Valid: 91.18% Test: 78.86%
Run: 04, Epoch: 13, Loss: 0.3760
Run: 04, Epoch: 14, Loss: 0.3720
Run: 04, Epoch: 14, Train: 90.92%, Valid: 91.34% Test: 78.03%
Run: 04, Epoch: 15, Loss: 0.3687
Run: 04, Epoch: 16, Loss: 0.3726
Run: 04, Epoch: 16, Train: 91.09%, Valid: 91.47% Test: 78.92%
Run: 04, Epoch: 17, Loss: 0.3672
Run: 04, Epoch: 18, Loss: 0.3647
Run: 04, Epoch: 18, Train: 91.29%, Valid: 91.46% Test: 78.82%
Run: 04, Epoch: 19, Loss: 0.3591
Run: 04, Epoch: 20, Loss: 0.3599
Run: 04, Epoch: 20, Train: 91.38%, Valid: 91.40% Test: 79.17%
Run 04:
Highest Train: 91.38
Highest Valid: 91.47
  Final Train: 91.09
   Final Test: 78.92
Run: 05, Epoch: 01, Loss: 1.2968
Run: 05, Epoch: 02, Loss: 0.5718
Run: 05, Epoch: 03, Loss: 0.4950
Run: 05, Epoch: 04, Loss: 0.4588
Run: 05, Epoch: 05, Loss: 0.4316
Run: 05, Epoch: 06, Loss: 0.4189
Run: 05, Epoch: 07, Loss: 0.4116
Run: 05, Epoch: 08, Loss: 0.3994
Run: 05, Epoch: 09, Loss: 0.3957
Run: 05, Epoch: 10, Loss: 0.3873
Run: 05, Epoch: 10, Train: 90.46%, Valid: 91.07% Test: 77.88%
Run: 05, Epoch: 11, Loss: 0.3841
Run: 05, Epoch: 12, Loss: 0.3784
Run: 05, Epoch: 12, Train: 90.69%, Valid: 91.13% Test: 78.20%
Run: 05, Epoch: 13, Loss: 0.3759
Run: 05, Epoch: 14, Loss: 0.3723
Run: 05, Epoch: 14, Train: 90.96%, Valid: 91.48% Test: 78.19%
Run: 05, Epoch: 15, Loss: 0.3706
Run: 05, Epoch: 16, Loss: 0.3661
Run: 05, Epoch: 16, Train: 91.00%, Valid: 91.31% Test: 78.11%
Run: 05, Epoch: 17, Loss: 0.3630
Run: 05, Epoch: 18, Loss: 0.3625
Run: 05, Epoch: 18, Train: 91.15%, Valid: 91.30% Test: 78.15%
Run: 05, Epoch: 19, Loss: 0.3567
Run: 05, Epoch: 20, Loss: 0.3617
Run: 05, Epoch: 20, Train: 91.31%, Valid: 91.51% Test: 78.87%
Run 05:
Highest Train: 91.31
Highest Valid: 91.51
  Final Train: 91.31
   Final Test: 78.87
Run: 06, Epoch: 01, Loss: 1.3940
Run: 06, Epoch: 02, Loss: 0.5880
Run: 06, Epoch: 03, Loss: 0.5050
Run: 06, Epoch: 04, Loss: 0.4579
Run: 06, Epoch: 05, Loss: 0.4449
Run: 06, Epoch: 06, Loss: 0.4274
Run: 06, Epoch: 07, Loss: 0.4145
Run: 06, Epoch: 08, Loss: 0.4045
Run: 06, Epoch: 09, Loss: 0.3928
Run: 06, Epoch: 10, Loss: 0.3925
Run: 06, Epoch: 10, Train: 90.56%, Valid: 91.17% Test: 78.16%
Run: 06, Epoch: 11, Loss: 0.3848
Run: 06, Epoch: 12, Loss: 0.3839
Run: 06, Epoch: 12, Train: 90.75%, Valid: 91.20% Test: 78.20%
Run: 06, Epoch: 13, Loss: 0.3777
Run: 06, Epoch: 14, Loss: 0.3721
Run: 06, Epoch: 14, Train: 90.76%, Valid: 91.25% Test: 79.01%
Run: 06, Epoch: 15, Loss: 0.3720
Run: 06, Epoch: 16, Loss: 0.3701
Run: 06, Epoch: 16, Train: 90.94%, Valid: 91.42% Test: 79.07%
Run: 06, Epoch: 17, Loss: 0.3673
Run: 06, Epoch: 18, Loss: 0.3644
Run: 06, Epoch: 18, Train: 91.15%, Valid: 91.44% Test: 78.55%
Run: 06, Epoch: 19, Loss: 0.3627
Run: 06, Epoch: 20, Loss: 0.3614
Run: 06, Epoch: 20, Train: 91.36%, Valid: 91.51% Test: 78.82%
Run 06:
Highest Train: 91.36
Highest Valid: 91.51
  Final Train: 91.36
   Final Test: 78.82
Run: 07, Epoch: 01, Loss: 1.4388
Run: 07, Epoch: 02, Loss: 0.5925
Run: 07, Epoch: 03, Loss: 0.5046
Run: 07, Epoch: 04, Loss: 0.4650
Run: 07, Epoch: 05, Loss: 0.4444
Run: 07, Epoch: 06, Loss: 0.4261
Run: 07, Epoch: 07, Loss: 0.4134
Run: 07, Epoch: 08, Loss: 0.4035
Run: 07, Epoch: 09, Loss: 0.3961
Run: 07, Epoch: 10, Loss: 0.3955
Run: 07, Epoch: 10, Train: 90.38%, Valid: 91.03% Test: 78.44%
Run: 07, Epoch: 11, Loss: 0.3845
Run: 07, Epoch: 12, Loss: 0.3806
Run: 07, Epoch: 12, Train: 90.60%, Valid: 91.26% Test: 78.42%
Run: 07, Epoch: 13, Loss: 0.3756
Run: 07, Epoch: 14, Loss: 0.3755
Run: 07, Epoch: 14, Train: 90.91%, Valid: 91.21% Test: 78.90%
Run: 07, Epoch: 15, Loss: 0.3694
Run: 07, Epoch: 16, Loss: 0.3733
Run: 07, Epoch: 16, Train: 91.14%, Valid: 91.32% Test: 77.70%
Run: 07, Epoch: 17, Loss: 0.3660
Run: 07, Epoch: 18, Loss: 0.3674
Run: 07, Epoch: 18, Train: 91.20%, Valid: 91.66% Test: 78.54%
Run: 07, Epoch: 19, Loss: 0.3655
Run: 07, Epoch: 20, Loss: 0.3642
Run: 07, Epoch: 20, Train: 91.24%, Valid: 91.36% Test: 78.39%
Run 07:
Highest Train: 91.24
Highest Valid: 91.66
  Final Train: 91.20
   Final Test: 78.54
Run: 08, Epoch: 01, Loss: 1.3276
Run: 08, Epoch: 02, Loss: 0.5767
Run: 08, Epoch: 03, Loss: 0.4921
Run: 08, Epoch: 04, Loss: 0.4594
Run: 08, Epoch: 05, Loss: 0.4368
Run: 08, Epoch: 06, Loss: 0.4209
Run: 08, Epoch: 07, Loss: 0.4043
Run: 08, Epoch: 08, Loss: 0.4007
Run: 08, Epoch: 09, Loss: 0.3941
Run: 08, Epoch: 10, Loss: 0.3886
Run: 08, Epoch: 10, Train: 90.41%, Valid: 91.12% Test: 78.63%
Run: 08, Epoch: 11, Loss: 0.3863
Run: 08, Epoch: 12, Loss: 0.3796
Run: 08, Epoch: 12, Train: 90.77%, Valid: 91.34% Test: 78.96%
Run: 08, Epoch: 13, Loss: 0.3732
Run: 08, Epoch: 14, Loss: 0.3716
Run: 08, Epoch: 14, Train: 91.01%, Valid: 91.59% Test: 78.61%
Run: 08, Epoch: 15, Loss: 0.3709
Run: 08, Epoch: 16, Loss: 0.3710
Run: 08, Epoch: 16, Train: 91.16%, Valid: 91.37% Test: 78.73%
Run: 08, Epoch: 17, Loss: 0.3651
Run: 08, Epoch: 18, Loss: 0.3676
Run: 08, Epoch: 18, Train: 91.41%, Valid: 91.45% Test: 78.88%
Run: 08, Epoch: 19, Loss: 0.3597
Run: 08, Epoch: 20, Loss: 0.3609
Run: 08, Epoch: 20, Train: 91.23%, Valid: 91.41% Test: 78.91%
Run 08:
Highest Train: 91.41
Highest Valid: 91.59
  Final Train: 91.01
   Final Test: 78.61
Run: 09, Epoch: 01, Loss: 1.3734
Run: 09, Epoch: 02, Loss: 0.5799
Run: 09, Epoch: 03, Loss: 0.4968
Run: 09, Epoch: 04, Loss: 0.4581
Run: 09, Epoch: 05, Loss: 0.4381
Run: 09, Epoch: 06, Loss: 0.4217
Run: 09, Epoch: 07, Loss: 0.4108
Run: 09, Epoch: 08, Loss: 0.4013
Run: 09, Epoch: 09, Loss: 0.3969
Run: 09, Epoch: 10, Loss: 0.3900
Run: 09, Epoch: 10, Train: 90.37%, Valid: 91.04% Test: 77.87%
Run: 09, Epoch: 11, Loss: 0.3851
Run: 09, Epoch: 12, Loss: 0.3766
Run: 09, Epoch: 12, Train: 90.61%, Valid: 91.16% Test: 78.31%
Run: 09, Epoch: 13, Loss: 0.3764
Run: 09, Epoch: 14, Loss: 0.3764
Run: 09, Epoch: 14, Train: 90.85%, Valid: 91.01% Test: 77.72%
Run: 09, Epoch: 15, Loss: 0.3720
Run: 09, Epoch: 16, Loss: 0.3710
Run: 09, Epoch: 16, Train: 91.02%, Valid: 91.32% Test: 78.58%
Run: 09, Epoch: 17, Loss: 0.3612
Run: 09, Epoch: 18, Loss: 0.3638
Run: 09, Epoch: 18, Train: 91.27%, Valid: 91.42% Test: 78.54%
Run: 09, Epoch: 19, Loss: 0.3603
Run: 09, Epoch: 20, Loss: 0.3611
Run: 09, Epoch: 20, Train: 91.39%, Valid: 91.35% Test: 78.94%
Run 09:
Highest Train: 91.39
Highest Valid: 91.42
  Final Train: 91.27
   Final Test: 78.54
Run: 10, Epoch: 01, Loss: 1.3901
Run: 10, Epoch: 02, Loss: 0.5829
Run: 10, Epoch: 03, Loss: 0.4954
Run: 10, Epoch: 04, Loss: 0.4640
Run: 10, Epoch: 05, Loss: 0.4426
Run: 10, Epoch: 06, Loss: 0.4239
Run: 10, Epoch: 07, Loss: 0.4087
Run: 10, Epoch: 08, Loss: 0.4051
Run: 10, Epoch: 09, Loss: 0.3991
Run: 10, Epoch: 10, Loss: 0.3913
Run: 10, Epoch: 10, Train: 90.61%, Valid: 91.20% Test: 78.08%
Run: 10, Epoch: 11, Loss: 0.3819
Run: 10, Epoch: 12, Loss: 0.3796
Run: 10, Epoch: 12, Train: 90.64%, Valid: 91.27% Test: 78.82%
Run: 10, Epoch: 13, Loss: 0.3772
Run: 10, Epoch: 14, Loss: 0.3732
Run: 10, Epoch: 14, Train: 90.77%, Valid: 91.41% Test: 78.87%
Run: 10, Epoch: 15, Loss: 0.3738
Run: 10, Epoch: 16, Loss: 0.3655
Run: 10, Epoch: 16, Train: 91.11%, Valid: 91.50% Test: 78.61%
Run: 10, Epoch: 17, Loss: 0.3633
Run: 10, Epoch: 18, Loss: 0.3641
Run: 10, Epoch: 18, Train: 91.21%, Valid: 91.38% Test: 78.99%
Run: 10, Epoch: 19, Loss: 0.3643
Run: 10, Epoch: 20, Loss: 0.3649
Run: 10, Epoch: 20, Train: 91.28%, Valid: 91.53% Test: 78.91%
Run 10:
Highest Train: 91.28
Highest Valid: 91.53
  Final Train: 91.28
   Final Test: 78.91
All runs:
Highest Train: 91.29 ± 0.10
Highest Valid: 91.50 ± 0.08
  Final Train: 91.18 ± 0.13
   Final Test: 78.65 ± 0.30
