Namespace(device=0, log_steps=1, inductive=False, num_layers=3, hidden_channels=256, dropout=0.5, batch_size=20000, walk_length=3, lr=0.01, num_steps=30, epochs=20, eval_steps=2, runs=10, rsv=0.6, al='mem', alpha=0.7)
tensor([189285, 147936, 100314,  ...,  60035,  31885,  18582]) 117969
tensor([222340, 232877, 217134,  ..., 235295, 200932, 206519]) 23593
Run: 01, Epoch: 01, Loss: 1.4613
Run: 01, Epoch: 02, Loss: 0.6463
Run: 01, Epoch: 03, Loss: 0.5546
Run: 01, Epoch: 04, Loss: 0.5170
Run: 01, Epoch: 05, Loss: 0.4946
Run: 01, Epoch: 06, Loss: 0.4764
Run: 01, Epoch: 07, Loss: 0.4595
Run: 01, Epoch: 08, Loss: 0.4530
Run: 01, Epoch: 09, Loss: 0.4475
Run: 01, Epoch: 10, Loss: 0.4449
Run: 01, Epoch: 10, Train: 89.35%, Valid: 91.27% Test: 78.31%
Run: 01, Epoch: 11, Loss: 0.4341
Run: 01, Epoch: 12, Loss: 0.4263
Run: 01, Epoch: 12, Train: 89.61%, Valid: 91.19% Test: 78.61%
Run: 01, Epoch: 13, Loss: 0.4253
Run: 01, Epoch: 14, Loss: 0.4245
Run: 01, Epoch: 14, Train: 89.64%, Valid: 91.14% Test: 79.14%
Run: 01, Epoch: 15, Loss: 0.4152
Run: 01, Epoch: 16, Loss: 0.4159
Run: 01, Epoch: 16, Train: 89.93%, Valid: 91.45% Test: 78.94%
Run: 01, Epoch: 17, Loss: 0.4115
Run: 01, Epoch: 18, Loss: 0.4134
Run: 01, Epoch: 18, Train: 90.03%, Valid: 91.50% Test: 78.55%
Run: 01, Epoch: 19, Loss: 0.4105
Run: 01, Epoch: 20, Loss: 0.4093
Run: 01, Epoch: 20, Train: 90.18%, Valid: 91.32% Test: 78.36%
Run 01:
Highest Train: 90.18
Highest Valid: 91.50
  Final Train: 90.03
   Final Test: 78.55
Run: 02, Epoch: 01, Loss: 1.5900
Run: 02, Epoch: 02, Loss: 0.6621
Run: 02, Epoch: 03, Loss: 0.5633
Run: 02, Epoch: 04, Loss: 0.5236
Run: 02, Epoch: 05, Loss: 0.4973
Run: 02, Epoch: 06, Loss: 0.4793
Run: 02, Epoch: 07, Loss: 0.4666
Run: 02, Epoch: 08, Loss: 0.4560
Run: 02, Epoch: 09, Loss: 0.4550
Run: 02, Epoch: 10, Loss: 0.4436
Run: 02, Epoch: 10, Train: 88.98%, Valid: 91.15% Test: 78.88%
Run: 02, Epoch: 11, Loss: 0.4366
Run: 02, Epoch: 12, Loss: 0.4342
Run: 02, Epoch: 12, Train: 89.38%, Valid: 91.30% Test: 78.85%
Run: 02, Epoch: 13, Loss: 0.4279
Run: 02, Epoch: 14, Loss: 0.4259
Run: 02, Epoch: 14, Train: 89.61%, Valid: 91.39% Test: 78.07%
Run: 02, Epoch: 15, Loss: 0.4236
Run: 02, Epoch: 16, Loss: 0.4196
Run: 02, Epoch: 16, Train: 89.86%, Valid: 91.38% Test: 78.99%
Run: 02, Epoch: 17, Loss: 0.4176
Run: 02, Epoch: 18, Loss: 0.4144
Run: 02, Epoch: 18, Train: 89.99%, Valid: 91.41% Test: 78.01%
Run: 02, Epoch: 19, Loss: 0.4091
Run: 02, Epoch: 20, Loss: 0.4100
Run: 02, Epoch: 20, Train: 89.97%, Valid: 91.49% Test: 78.55%
Run 02:
Highest Train: 89.99
Highest Valid: 91.49
  Final Train: 89.97
   Final Test: 78.55
Run: 03, Epoch: 01, Loss: 1.5736
Run: 03, Epoch: 02, Loss: 0.6653
Run: 03, Epoch: 03, Loss: 0.5714
Run: 03, Epoch: 04, Loss: 0.5309
Run: 03, Epoch: 05, Loss: 0.5016
Run: 03, Epoch: 06, Loss: 0.4860
Run: 03, Epoch: 07, Loss: 0.4711
Run: 03, Epoch: 08, Loss: 0.4644
Run: 03, Epoch: 09, Loss: 0.4526
Run: 03, Epoch: 10, Loss: 0.4429
Run: 03, Epoch: 10, Train: 88.99%, Valid: 91.02% Test: 78.31%
Run: 03, Epoch: 11, Loss: 0.4385
Run: 03, Epoch: 12, Loss: 0.4375
Run: 03, Epoch: 12, Train: 89.33%, Valid: 91.23% Test: 78.88%
Run: 03, Epoch: 13, Loss: 0.4331
Run: 03, Epoch: 14, Loss: 0.4298
Run: 03, Epoch: 14, Train: 89.50%, Valid: 91.28% Test: 78.95%
Run: 03, Epoch: 15, Loss: 0.4262
Run: 03, Epoch: 16, Loss: 0.4263
Run: 03, Epoch: 16, Train: 89.65%, Valid: 91.33% Test: 78.77%
Run: 03, Epoch: 17, Loss: 0.4199
Run: 03, Epoch: 18, Loss: 0.4182
Run: 03, Epoch: 18, Train: 89.88%, Valid: 91.61% Test: 79.34%
Run: 03, Epoch: 19, Loss: 0.4169
Run: 03, Epoch: 20, Loss: 0.4160
Run: 03, Epoch: 20, Train: 89.81%, Valid: 91.45% Test: 77.97%
Run 03:
Highest Train: 89.88
Highest Valid: 91.61
  Final Train: 89.88
   Final Test: 79.34
Run: 04, Epoch: 01, Loss: 1.4619
Run: 04, Epoch: 02, Loss: 0.6397
Run: 04, Epoch: 03, Loss: 0.5522
Run: 04, Epoch: 04, Loss: 0.5156
Run: 04, Epoch: 05, Loss: 0.4911
Run: 04, Epoch: 06, Loss: 0.4780
Run: 04, Epoch: 07, Loss: 0.4654
Run: 04, Epoch: 08, Loss: 0.4534
Run: 04, Epoch: 09, Loss: 0.4474
Run: 04, Epoch: 10, Loss: 0.4396
Run: 04, Epoch: 10, Train: 89.23%, Valid: 91.27% Test: 78.72%
Run: 04, Epoch: 11, Loss: 0.4340
Run: 04, Epoch: 12, Loss: 0.4279
Run: 04, Epoch: 12, Train: 89.56%, Valid: 91.29% Test: 78.87%
Run: 04, Epoch: 13, Loss: 0.4253
Run: 04, Epoch: 14, Loss: 0.4205
Run: 04, Epoch: 14, Train: 89.77%, Valid: 91.43% Test: 77.99%
Run: 04, Epoch: 15, Loss: 0.4202
Run: 04, Epoch: 16, Loss: 0.4215
Run: 04, Epoch: 16, Train: 89.92%, Valid: 91.40% Test: 79.01%
Run: 04, Epoch: 17, Loss: 0.4158
Run: 04, Epoch: 18, Loss: 0.4142
Run: 04, Epoch: 18, Train: 90.12%, Valid: 91.62% Test: 79.04%
Run: 04, Epoch: 19, Loss: 0.4088
Run: 04, Epoch: 20, Loss: 0.4074
Run: 04, Epoch: 20, Train: 90.10%, Valid: 91.50% Test: 79.16%
Run 04:
Highest Train: 90.12
Highest Valid: 91.62
  Final Train: 90.12
   Final Test: 79.04
Run: 05, Epoch: 01, Loss: 1.3860
Run: 05, Epoch: 02, Loss: 0.6378
Run: 05, Epoch: 03, Loss: 0.5549
Run: 05, Epoch: 04, Loss: 0.5132
Run: 05, Epoch: 05, Loss: 0.4897
Run: 05, Epoch: 06, Loss: 0.4725
Run: 05, Epoch: 07, Loss: 0.4600
Run: 05, Epoch: 08, Loss: 0.4504
Run: 05, Epoch: 09, Loss: 0.4464
Run: 05, Epoch: 10, Loss: 0.4362
Run: 05, Epoch: 10, Train: 89.11%, Valid: 91.06% Test: 78.12%
Run: 05, Epoch: 11, Loss: 0.4320
Run: 05, Epoch: 12, Loss: 0.4277
Run: 05, Epoch: 12, Train: 89.45%, Valid: 91.32% Test: 78.11%
Run: 05, Epoch: 13, Loss: 0.4238
Run: 05, Epoch: 14, Loss: 0.4216
Run: 05, Epoch: 14, Train: 89.74%, Valid: 91.57% Test: 78.45%
Run: 05, Epoch: 15, Loss: 0.4161
Run: 05, Epoch: 16, Loss: 0.4143
Run: 05, Epoch: 16, Train: 89.86%, Valid: 91.48% Test: 78.41%
Run: 05, Epoch: 17, Loss: 0.4095
Run: 05, Epoch: 18, Loss: 0.4084
Run: 05, Epoch: 18, Train: 90.04%, Valid: 91.58% Test: 78.58%
Run: 05, Epoch: 19, Loss: 0.4074
Run: 05, Epoch: 20, Loss: 0.4098
Run: 05, Epoch: 20, Train: 90.18%, Valid: 91.74% Test: 78.96%
Run 05:
Highest Train: 90.18
Highest Valid: 91.74
  Final Train: 90.18
   Final Test: 78.96
Run: 06, Epoch: 01, Loss: 1.4754
Run: 06, Epoch: 02, Loss: 0.6475
Run: 06, Epoch: 03, Loss: 0.5584
Run: 06, Epoch: 04, Loss: 0.5112
Run: 06, Epoch: 05, Loss: 0.4954
Run: 06, Epoch: 06, Loss: 0.4780
Run: 06, Epoch: 07, Loss: 0.4658
Run: 06, Epoch: 08, Loss: 0.4547
Run: 06, Epoch: 09, Loss: 0.4438
Run: 06, Epoch: 10, Loss: 0.4406
Run: 06, Epoch: 10, Train: 89.19%, Valid: 91.08% Test: 78.37%
Run: 06, Epoch: 11, Loss: 0.4332
Run: 06, Epoch: 12, Loss: 0.4310
Run: 06, Epoch: 12, Train: 89.58%, Valid: 91.24% Test: 78.70%
Run: 06, Epoch: 13, Loss: 0.4238
Run: 06, Epoch: 14, Loss: 0.4183
Run: 06, Epoch: 14, Train: 89.58%, Valid: 91.29% Test: 79.05%
Run: 06, Epoch: 15, Loss: 0.4174
Run: 06, Epoch: 16, Loss: 0.4158
Run: 06, Epoch: 16, Train: 89.76%, Valid: 91.42% Test: 78.97%
Run: 06, Epoch: 17, Loss: 0.4127
Run: 06, Epoch: 18, Loss: 0.4103
Run: 06, Epoch: 18, Train: 89.98%, Valid: 91.42% Test: 78.37%
Run: 06, Epoch: 19, Loss: 0.4079
Run: 06, Epoch: 20, Loss: 0.4093
Run: 06, Epoch: 20, Train: 90.16%, Valid: 91.58% Test: 78.94%
Run 06:
Highest Train: 90.16
Highest Valid: 91.58
  Final Train: 90.16
   Final Test: 78.94
Run: 07, Epoch: 01, Loss: 1.5536
Run: 07, Epoch: 02, Loss: 0.6659
Run: 07, Epoch: 03, Loss: 0.5702
Run: 07, Epoch: 04, Loss: 0.5221
Run: 07, Epoch: 05, Loss: 0.4976
Run: 07, Epoch: 06, Loss: 0.4829
Run: 07, Epoch: 07, Loss: 0.4679
Run: 07, Epoch: 08, Loss: 0.4545
Run: 07, Epoch: 09, Loss: 0.4457
Run: 07, Epoch: 10, Loss: 0.4488
Run: 07, Epoch: 10, Train: 89.07%, Valid: 91.05% Test: 78.33%
Run: 07, Epoch: 11, Loss: 0.4340
Run: 07, Epoch: 12, Loss: 0.4323
Run: 07, Epoch: 12, Train: 89.23%, Valid: 91.30% Test: 78.50%
Run: 07, Epoch: 13, Loss: 0.4251
Run: 07, Epoch: 14, Loss: 0.4248
Run: 07, Epoch: 14, Train: 89.73%, Valid: 91.34% Test: 78.96%
Run: 07, Epoch: 15, Loss: 0.4200
Run: 07, Epoch: 16, Loss: 0.4237
Run: 07, Epoch: 16, Train: 89.77%, Valid: 91.46% Test: 77.65%
Run: 07, Epoch: 17, Loss: 0.4155
Run: 07, Epoch: 18, Loss: 0.4169
Run: 07, Epoch: 18, Train: 89.96%, Valid: 91.48% Test: 78.59%
Run: 07, Epoch: 19, Loss: 0.4134
Run: 07, Epoch: 20, Loss: 0.4086
Run: 07, Epoch: 20, Train: 90.09%, Valid: 91.45% Test: 78.66%
Run 07:
Highest Train: 90.09
Highest Valid: 91.48
  Final Train: 89.96
   Final Test: 78.59
Run: 08, Epoch: 01, Loss: 1.4023
Run: 08, Epoch: 02, Loss: 0.6379
Run: 08, Epoch: 03, Loss: 0.5483
Run: 08, Epoch: 04, Loss: 0.5116
Run: 08, Epoch: 05, Loss: 0.4880
Run: 08, Epoch: 06, Loss: 0.4725
Run: 08, Epoch: 07, Loss: 0.4564
Run: 08, Epoch: 08, Loss: 0.4573
Run: 08, Epoch: 09, Loss: 0.4524
Run: 08, Epoch: 10, Loss: 0.4418
Run: 08, Epoch: 10, Train: 89.17%, Valid: 91.27% Test: 78.63%
Run: 08, Epoch: 11, Loss: 0.4360
Run: 08, Epoch: 12, Loss: 0.4301
Run: 08, Epoch: 12, Train: 89.48%, Valid: 91.43% Test: 78.77%
Run: 08, Epoch: 13, Loss: 0.4250
Run: 08, Epoch: 14, Loss: 0.4197
Run: 08, Epoch: 14, Train: 89.70%, Valid: 91.48% Test: 78.45%
Run: 08, Epoch: 15, Loss: 0.4200
Run: 08, Epoch: 16, Loss: 0.4155
Run: 08, Epoch: 16, Train: 89.95%, Valid: 91.57% Test: 78.65%
Run: 08, Epoch: 17, Loss: 0.4135
Run: 08, Epoch: 18, Loss: 0.4189
Run: 08, Epoch: 18, Train: 90.11%, Valid: 91.38% Test: 78.95%
Run: 08, Epoch: 19, Loss: 0.4087
Run: 08, Epoch: 20, Loss: 0.4102
Run: 08, Epoch: 20, Train: 90.09%, Valid: 91.54% Test: 79.01%
Run 08:
Highest Train: 90.11
Highest Valid: 91.57
  Final Train: 89.95
   Final Test: 78.65
Run: 09, Epoch: 01, Loss: 1.4567
Run: 09, Epoch: 02, Loss: 0.6398
Run: 09, Epoch: 03, Loss: 0.5497
Run: 09, Epoch: 04, Loss: 0.5116
Run: 09, Epoch: 05, Loss: 0.4924
Run: 09, Epoch: 06, Loss: 0.4717
Run: 09, Epoch: 07, Loss: 0.4573
Run: 09, Epoch: 08, Loss: 0.4517
Run: 09, Epoch: 09, Loss: 0.4465
Run: 09, Epoch: 10, Loss: 0.4387
Run: 09, Epoch: 10, Train: 89.35%, Valid: 91.21% Test: 77.92%
Run: 09, Epoch: 11, Loss: 0.4332
Run: 09, Epoch: 12, Loss: 0.4241
Run: 09, Epoch: 12, Train: 89.55%, Valid: 91.26% Test: 78.10%
Run: 09, Epoch: 13, Loss: 0.4238
Run: 09, Epoch: 14, Loss: 0.4256
Run: 09, Epoch: 14, Train: 89.75%, Valid: 91.26% Test: 77.80%
Run: 09, Epoch: 15, Loss: 0.4207
Run: 09, Epoch: 16, Loss: 0.4151
Run: 09, Epoch: 16, Train: 90.06%, Valid: 91.62% Test: 78.74%
Run: 09, Epoch: 17, Loss: 0.4103
Run: 09, Epoch: 18, Loss: 0.4107
Run: 09, Epoch: 18, Train: 90.20%, Valid: 91.47% Test: 77.88%
Run: 09, Epoch: 19, Loss: 0.4069
Run: 09, Epoch: 20, Loss: 0.4071
Run: 09, Epoch: 20, Train: 90.14%, Valid: 91.53% Test: 78.36%
Run 09:
Highest Train: 90.20
Highest Valid: 91.62
  Final Train: 90.06
   Final Test: 78.74
Run: 10, Epoch: 01, Loss: 1.4980
Run: 10, Epoch: 02, Loss: 0.6501
Run: 10, Epoch: 03, Loss: 0.5529
Run: 10, Epoch: 04, Loss: 0.5170
Run: 10, Epoch: 05, Loss: 0.4934
Run: 10, Epoch: 06, Loss: 0.4772
Run: 10, Epoch: 07, Loss: 0.4601
Run: 10, Epoch: 08, Loss: 0.4560
Run: 10, Epoch: 09, Loss: 0.4487
Run: 10, Epoch: 10, Loss: 0.4382
Run: 10, Epoch: 10, Train: 89.43%, Valid: 91.43% Test: 78.45%
Run: 10, Epoch: 11, Loss: 0.4290
Run: 10, Epoch: 12, Loss: 0.4273
Run: 10, Epoch: 12, Train: 89.53%, Valid: 91.31% Test: 78.91%
Run: 10, Epoch: 13, Loss: 0.4263
Run: 10, Epoch: 14, Loss: 0.4200
Run: 10, Epoch: 14, Train: 89.62%, Valid: 91.34% Test: 79.44%
Run: 10, Epoch: 15, Loss: 0.4206
Run: 10, Epoch: 16, Loss: 0.4158
Run: 10, Epoch: 16, Train: 89.93%, Valid: 91.52% Test: 78.92%
Run: 10, Epoch: 17, Loss: 0.4144
Run: 10, Epoch: 18, Loss: 0.4138
Run: 10, Epoch: 18, Train: 89.93%, Valid: 91.55% Test: 79.24%
Run: 10, Epoch: 19, Loss: 0.4103
Run: 10, Epoch: 20, Loss: 0.4107
Run: 10, Epoch: 20, Train: 90.05%, Valid: 91.40% Test: 79.07%
Run 10:
Highest Train: 90.05
Highest Valid: 91.55
  Final Train: 89.93
   Final Test: 79.24
All runs:
Highest Train: 90.09 ± 0.10
Highest Valid: 91.58 ± 0.08
  Final Train: 90.02 ± 0.10
   Final Test: 78.86 ± 0.29
