Namespace(device=0, log_steps=1, inductive=False, num_layers=3, hidden_channels=256, dropout=0.5, batch_size=20000, walk_length=3, lr=0.01, num_steps=30, epochs=20, eval_steps=2, runs=10, rsv=0.75, al='mem', alpha=0.8)
tensor([189285, 147936, 100314,  ..., 146476,  55258, 107893]) 147461
tensor([222340, 232877, 217134,  ..., 234487, 225753, 204515]) 29492
Run: 01, Epoch: 01, Loss: 1.3585
Run: 01, Epoch: 02, Loss: 0.5805
Run: 01, Epoch: 03, Loss: 0.4951
Run: 01, Epoch: 04, Loss: 0.4602
Run: 01, Epoch: 05, Loss: 0.4387
Run: 01, Epoch: 06, Loss: 0.4246
Run: 01, Epoch: 07, Loss: 0.4093
Run: 01, Epoch: 08, Loss: 0.4045
Run: 01, Epoch: 09, Loss: 0.3987
Run: 01, Epoch: 10, Loss: 0.3931
Run: 01, Epoch: 10, Train: 90.66%, Valid: 91.28% Test: 78.38%
Run: 01, Epoch: 11, Loss: 0.3861
Run: 01, Epoch: 12, Loss: 0.3787
Run: 01, Epoch: 12, Train: 90.86%, Valid: 91.26% Test: 78.73%
Run: 01, Epoch: 13, Loss: 0.3790
Run: 01, Epoch: 14, Loss: 0.3782
Run: 01, Epoch: 14, Train: 90.97%, Valid: 91.30% Test: 79.62%
Run: 01, Epoch: 15, Loss: 0.3693
Run: 01, Epoch: 16, Loss: 0.3699
Run: 01, Epoch: 16, Train: 91.05%, Valid: 91.37% Test: 79.04%
Run: 01, Epoch: 17, Loss: 0.3645
Run: 01, Epoch: 18, Loss: 0.3676
Run: 01, Epoch: 18, Train: 91.21%, Valid: 91.31% Test: 78.78%
Run: 01, Epoch: 19, Loss: 0.3628
Run: 01, Epoch: 20, Loss: 0.3645
Run: 01, Epoch: 20, Train: 91.29%, Valid: 91.40% Test: 78.73%
Run 01:
Highest Train: 91.29
Highest Valid: 91.40
  Final Train: 91.29
   Final Test: 78.73
Run: 02, Epoch: 01, Loss: 1.4677
Run: 02, Epoch: 02, Loss: 0.5925
Run: 02, Epoch: 03, Loss: 0.5013
Run: 02, Epoch: 04, Loss: 0.4638
Run: 02, Epoch: 05, Loss: 0.4416
Run: 02, Epoch: 06, Loss: 0.4252
Run: 02, Epoch: 07, Loss: 0.4136
Run: 02, Epoch: 08, Loss: 0.4044
Run: 02, Epoch: 09, Loss: 0.4029
Run: 02, Epoch: 10, Loss: 0.3915
Run: 02, Epoch: 10, Train: 90.40%, Valid: 90.99% Test: 78.44%
Run: 02, Epoch: 11, Loss: 0.3847
Run: 02, Epoch: 12, Loss: 0.3844
Run: 02, Epoch: 12, Train: 90.73%, Valid: 91.26% Test: 78.78%
Run: 02, Epoch: 13, Loss: 0.3789
Run: 02, Epoch: 14, Loss: 0.3775
Run: 02, Epoch: 14, Train: 90.90%, Valid: 91.29% Test: 78.27%
Run: 02, Epoch: 15, Loss: 0.3717
Run: 02, Epoch: 16, Loss: 0.3695
Run: 02, Epoch: 16, Train: 91.02%, Valid: 91.40% Test: 79.09%
Run: 02, Epoch: 17, Loss: 0.3670
Run: 02, Epoch: 18, Loss: 0.3652
Run: 02, Epoch: 18, Train: 91.21%, Valid: 91.34% Test: 78.33%
Run: 02, Epoch: 19, Loss: 0.3631
Run: 02, Epoch: 20, Loss: 0.3638
Run: 02, Epoch: 20, Train: 91.07%, Valid: 91.42% Test: 78.75%
Run 02:
Highest Train: 91.21
Highest Valid: 91.42
  Final Train: 91.07
   Final Test: 78.75
Run: 03, Epoch: 01, Loss: 1.4625
Run: 03, Epoch: 02, Loss: 0.5957
Run: 03, Epoch: 03, Loss: 0.5072
Run: 03, Epoch: 04, Loss: 0.4709
Run: 03, Epoch: 05, Loss: 0.4457
Run: 03, Epoch: 06, Loss: 0.4311
Run: 03, Epoch: 07, Loss: 0.4166
Run: 03, Epoch: 08, Loss: 0.4108
Run: 03, Epoch: 09, Loss: 0.3992
Run: 03, Epoch: 10, Loss: 0.3919
Run: 03, Epoch: 10, Train: 90.43%, Valid: 91.05% Test: 78.20%
Run: 03, Epoch: 11, Loss: 0.3895
Run: 03, Epoch: 12, Loss: 0.3884
Run: 03, Epoch: 12, Train: 90.52%, Valid: 91.24% Test: 78.31%
Run: 03, Epoch: 13, Loss: 0.3841
Run: 03, Epoch: 14, Loss: 0.3793
Run: 03, Epoch: 14, Train: 90.76%, Valid: 91.34% Test: 79.21%
Run: 03, Epoch: 15, Loss: 0.3771
Run: 03, Epoch: 16, Loss: 0.3780
Run: 03, Epoch: 16, Train: 90.95%, Valid: 91.40% Test: 78.30%
Run: 03, Epoch: 17, Loss: 0.3721
Run: 03, Epoch: 18, Loss: 0.3715
Run: 03, Epoch: 18, Train: 91.05%, Valid: 91.40% Test: 79.57%
Run: 03, Epoch: 19, Loss: 0.3682
Run: 03, Epoch: 20, Loss: 0.3664
Run: 03, Epoch: 20, Train: 91.10%, Valid: 91.56% Test: 78.70%
Run 03:
Highest Train: 91.10
Highest Valid: 91.56
  Final Train: 91.10
   Final Test: 78.70
Run: 04, Epoch: 01, Loss: 1.3719
Run: 04, Epoch: 02, Loss: 0.5790
Run: 04, Epoch: 03, Loss: 0.4936
Run: 04, Epoch: 04, Loss: 0.4570
Run: 04, Epoch: 05, Loss: 0.4357
Run: 04, Epoch: 06, Loss: 0.4227
Run: 04, Epoch: 07, Loss: 0.4134
Run: 04, Epoch: 08, Loss: 0.4033
Run: 04, Epoch: 09, Loss: 0.3977
Run: 04, Epoch: 10, Loss: 0.3879
Run: 04, Epoch: 10, Train: 90.64%, Valid: 91.29% Test: 78.65%
Run: 04, Epoch: 11, Loss: 0.3843
Run: 04, Epoch: 12, Loss: 0.3803
Run: 04, Epoch: 12, Train: 90.80%, Valid: 91.36% Test: 78.70%
Run: 04, Epoch: 13, Loss: 0.3791
Run: 04, Epoch: 14, Loss: 0.3739
Run: 04, Epoch: 14, Train: 90.92%, Valid: 91.37% Test: 78.45%
Run: 04, Epoch: 15, Loss: 0.3695
Run: 04, Epoch: 16, Loss: 0.3737
Run: 04, Epoch: 16, Train: 91.09%, Valid: 91.56% Test: 79.06%
Run: 04, Epoch: 17, Loss: 0.3669
Run: 04, Epoch: 18, Loss: 0.3658
Run: 04, Epoch: 18, Train: 91.23%, Valid: 91.62% Test: 79.15%
Run: 04, Epoch: 19, Loss: 0.3607
Run: 04, Epoch: 20, Loss: 0.3591
Run: 04, Epoch: 20, Train: 91.33%, Valid: 91.63% Test: 79.38%
Run 04:
Highest Train: 91.33
Highest Valid: 91.63
  Final Train: 91.33
   Final Test: 79.38
Run: 05, Epoch: 01, Loss: 1.2887
Run: 05, Epoch: 02, Loss: 0.5705
Run: 05, Epoch: 03, Loss: 0.4933
Run: 05, Epoch: 04, Loss: 0.4560
Run: 05, Epoch: 05, Loss: 0.4327
Run: 05, Epoch: 06, Loss: 0.4203
Run: 05, Epoch: 07, Loss: 0.4096
Run: 05, Epoch: 08, Loss: 0.3996
Run: 05, Epoch: 09, Loss: 0.3946
Run: 05, Epoch: 10, Loss: 0.3854
Run: 05, Epoch: 10, Train: 90.38%, Valid: 91.00% Test: 78.33%
Run: 05, Epoch: 11, Loss: 0.3810
Run: 05, Epoch: 12, Loss: 0.3785
Run: 05, Epoch: 12, Train: 90.78%, Valid: 91.17% Test: 78.33%
Run: 05, Epoch: 13, Loss: 0.3763
Run: 05, Epoch: 14, Loss: 0.3716
Run: 05, Epoch: 14, Train: 91.02%, Valid: 91.39% Test: 78.36%
Run: 05, Epoch: 15, Loss: 0.3677
Run: 05, Epoch: 16, Loss: 0.3656
Run: 05, Epoch: 16, Train: 91.06%, Valid: 91.53% Test: 78.85%
Run: 05, Epoch: 17, Loss: 0.3625
Run: 05, Epoch: 18, Loss: 0.3603
Run: 05, Epoch: 18, Train: 91.26%, Valid: 91.54% Test: 78.07%
Run: 05, Epoch: 19, Loss: 0.3609
Run: 05, Epoch: 20, Loss: 0.3614
Run: 05, Epoch: 20, Train: 91.35%, Valid: 91.51% Test: 78.77%
Run 05:
Highest Train: 91.35
Highest Valid: 91.54
  Final Train: 91.26
   Final Test: 78.07
Run: 06, Epoch: 01, Loss: 1.3944
Run: 06, Epoch: 02, Loss: 0.5852
Run: 06, Epoch: 03, Loss: 0.5007
Run: 06, Epoch: 04, Loss: 0.4559
Run: 06, Epoch: 05, Loss: 0.4441
Run: 06, Epoch: 06, Loss: 0.4242
Run: 06, Epoch: 07, Loss: 0.4131
Run: 06, Epoch: 08, Loss: 0.4046
Run: 06, Epoch: 09, Loss: 0.3953
Run: 06, Epoch: 10, Loss: 0.3924
Run: 06, Epoch: 10, Train: 90.41%, Valid: 91.06% Test: 78.56%
Run: 06, Epoch: 11, Loss: 0.3863
Run: 06, Epoch: 12, Loss: 0.3817
Run: 06, Epoch: 12, Train: 90.80%, Valid: 91.21% Test: 78.45%
Run: 06, Epoch: 13, Loss: 0.3763
Run: 06, Epoch: 14, Loss: 0.3732
Run: 06, Epoch: 14, Train: 90.80%, Valid: 91.38% Test: 79.07%
Run: 06, Epoch: 15, Loss: 0.3715
Run: 06, Epoch: 16, Loss: 0.3696
Run: 06, Epoch: 16, Train: 91.00%, Valid: 91.56% Test: 79.68%
Run: 06, Epoch: 17, Loss: 0.3668
Run: 06, Epoch: 18, Loss: 0.3659
Run: 06, Epoch: 18, Train: 91.10%, Valid: 91.63% Test: 78.40%
Run: 06, Epoch: 19, Loss: 0.3607
Run: 06, Epoch: 20, Loss: 0.3641
Run: 06, Epoch: 20, Train: 91.33%, Valid: 91.55% Test: 78.83%
Run 06:
Highest Train: 91.33
Highest Valid: 91.63
  Final Train: 91.10
   Final Test: 78.40
Run: 07, Epoch: 01, Loss: 1.4463
Run: 07, Epoch: 02, Loss: 0.5954
Run: 07, Epoch: 03, Loss: 0.5042
Run: 07, Epoch: 04, Loss: 0.4614
Run: 07, Epoch: 05, Loss: 0.4420
Run: 07, Epoch: 06, Loss: 0.4271
Run: 07, Epoch: 07, Loss: 0.4142
Run: 07, Epoch: 08, Loss: 0.4028
Run: 07, Epoch: 09, Loss: 0.3953
Run: 07, Epoch: 10, Loss: 0.3960
Run: 07, Epoch: 10, Train: 90.31%, Valid: 91.17% Test: 78.38%
Run: 07, Epoch: 11, Loss: 0.3868
Run: 07, Epoch: 12, Loss: 0.3826
Run: 07, Epoch: 12, Train: 90.56%, Valid: 91.32% Test: 78.41%
Run: 07, Epoch: 13, Loss: 0.3759
Run: 07, Epoch: 14, Loss: 0.3775
Run: 07, Epoch: 14, Train: 90.87%, Valid: 91.30% Test: 79.09%
Run: 07, Epoch: 15, Loss: 0.3697
Run: 07, Epoch: 16, Loss: 0.3743
Run: 07, Epoch: 16, Train: 91.04%, Valid: 91.55% Test: 78.09%
Run: 07, Epoch: 17, Loss: 0.3668
Run: 07, Epoch: 18, Loss: 0.3671
Run: 07, Epoch: 18, Train: 91.14%, Valid: 91.60% Test: 78.74%
Run: 07, Epoch: 19, Loss: 0.3646
Run: 07, Epoch: 20, Loss: 0.3605
Run: 07, Epoch: 20, Train: 91.33%, Valid: 91.64% Test: 78.80%
Run 07:
Highest Train: 91.33
Highest Valid: 91.64
  Final Train: 91.33
   Final Test: 78.80
Run: 08, Epoch: 01, Loss: 1.3256
Run: 08, Epoch: 02, Loss: 0.5747
Run: 08, Epoch: 03, Loss: 0.4898
Run: 08, Epoch: 04, Loss: 0.4554
Run: 08, Epoch: 05, Loss: 0.4358
Run: 08, Epoch: 06, Loss: 0.4214
Run: 08, Epoch: 07, Loss: 0.4063
Run: 08, Epoch: 08, Loss: 0.4027
Run: 08, Epoch: 09, Loss: 0.3962
Run: 08, Epoch: 10, Loss: 0.3913
Run: 08, Epoch: 10, Train: 90.47%, Valid: 91.15% Test: 78.85%
Run: 08, Epoch: 11, Loss: 0.3858
Run: 08, Epoch: 12, Loss: 0.3814
Run: 08, Epoch: 12, Train: 90.69%, Valid: 91.33% Test: 79.17%
Run: 08, Epoch: 13, Loss: 0.3765
Run: 08, Epoch: 14, Loss: 0.3727
Run: 08, Epoch: 14, Train: 90.87%, Valid: 91.58% Test: 78.86%
Run: 08, Epoch: 15, Loss: 0.3707
Run: 08, Epoch: 16, Loss: 0.3702
Run: 08, Epoch: 16, Train: 91.06%, Valid: 91.53% Test: 78.93%
Run: 08, Epoch: 17, Loss: 0.3662
Run: 08, Epoch: 18, Loss: 0.3674
Run: 08, Epoch: 18, Train: 91.21%, Valid: 91.55% Test: 78.50%
Run: 08, Epoch: 19, Loss: 0.3620
Run: 08, Epoch: 20, Loss: 0.3638
Run: 08, Epoch: 20, Train: 91.23%, Valid: 91.56% Test: 78.90%
Run 08:
Highest Train: 91.23
Highest Valid: 91.58
  Final Train: 90.87
   Final Test: 78.86
Run: 09, Epoch: 01, Loss: 1.3654
Run: 09, Epoch: 02, Loss: 0.5800
Run: 09, Epoch: 03, Loss: 0.4955
Run: 09, Epoch: 04, Loss: 0.4565
Run: 09, Epoch: 05, Loss: 0.4385
Run: 09, Epoch: 06, Loss: 0.4219
Run: 09, Epoch: 07, Loss: 0.4095
Run: 09, Epoch: 08, Loss: 0.4007
Run: 09, Epoch: 09, Loss: 0.3968
Run: 09, Epoch: 10, Loss: 0.3915
Run: 09, Epoch: 10, Train: 90.43%, Valid: 90.96% Test: 78.21%
Run: 09, Epoch: 11, Loss: 0.3846
Run: 09, Epoch: 12, Loss: 0.3758
Run: 09, Epoch: 12, Train: 90.68%, Valid: 91.38% Test: 78.72%
Run: 09, Epoch: 13, Loss: 0.3773
Run: 09, Epoch: 14, Loss: 0.3775
Run: 09, Epoch: 14, Train: 90.88%, Valid: 91.30% Test: 78.05%
Run: 09, Epoch: 15, Loss: 0.3729
Run: 09, Epoch: 16, Loss: 0.3687
Run: 09, Epoch: 16, Train: 91.17%, Valid: 91.34% Test: 79.03%
Run: 09, Epoch: 17, Loss: 0.3639
Run: 09, Epoch: 18, Loss: 0.3636
Run: 09, Epoch: 18, Train: 91.29%, Valid: 91.46% Test: 78.31%
Run: 09, Epoch: 19, Loss: 0.3617
Run: 09, Epoch: 20, Loss: 0.3614
Run: 09, Epoch: 20, Train: 91.29%, Valid: 91.51% Test: 79.02%
Run 09:
Highest Train: 91.29
Highest Valid: 91.51
  Final Train: 91.29
   Final Test: 79.02
Run: 10, Epoch: 01, Loss: 1.4007
Run: 10, Epoch: 02, Loss: 0.5831
Run: 10, Epoch: 03, Loss: 0.4939
Run: 10, Epoch: 04, Loss: 0.4615
Run: 10, Epoch: 05, Loss: 0.4404
Run: 10, Epoch: 06, Loss: 0.4240
Run: 10, Epoch: 07, Loss: 0.4093
Run: 10, Epoch: 08, Loss: 0.4051
Run: 10, Epoch: 09, Loss: 0.3962
Run: 10, Epoch: 10, Loss: 0.3899
Run: 10, Epoch: 10, Train: 90.69%, Valid: 91.25% Test: 78.20%
Run: 10, Epoch: 11, Loss: 0.3815
Run: 10, Epoch: 12, Loss: 0.3784
Run: 10, Epoch: 12, Train: 90.78%, Valid: 91.41% Test: 79.34%
Run: 10, Epoch: 13, Loss: 0.3761
Run: 10, Epoch: 14, Loss: 0.3730
Run: 10, Epoch: 14, Train: 91.03%, Valid: 91.33% Test: 78.78%
Run: 10, Epoch: 15, Loss: 0.3714
Run: 10, Epoch: 16, Loss: 0.3662
Run: 10, Epoch: 16, Train: 91.05%, Valid: 91.50% Test: 78.93%
Run: 10, Epoch: 17, Loss: 0.3649
Run: 10, Epoch: 18, Loss: 0.3658
Run: 10, Epoch: 18, Train: 91.32%, Valid: 91.48% Test: 79.41%
Run: 10, Epoch: 19, Loss: 0.3627
Run: 10, Epoch: 20, Loss: 0.3624
Run: 10, Epoch: 20, Train: 91.41%, Valid: 91.52% Test: 78.82%
Run 10:
Highest Train: 91.41
Highest Valid: 91.52
  Final Train: 91.41
   Final Test: 78.82
All runs:
Highest Train: 91.29 ± 0.09
Highest Valid: 91.54 ± 0.08
  Final Train: 91.20 ± 0.16
   Final Test: 78.75 ± 0.35
