Namespace(device=0, log_steps=1, inductive=False, num_layers=3, hidden_channels=256, dropout=0.5, batch_size=20000, walk_length=3, lr=0.01, num_steps=30, epochs=20, eval_steps=2, runs=10, rsv=0.75, al='mem', alpha=0.9)
tensor([189285, 147936, 100314,  ...,    190,  87504, 181321]) 147461
tensor([222340, 232877, 217134,  ..., 234487, 225753, 204515]) 29492
Run: 01, Epoch: 01, Loss: 1.3078
Run: 01, Epoch: 02, Loss: 0.5330
Run: 01, Epoch: 03, Loss: 0.4521
Run: 01, Epoch: 04, Loss: 0.4193
Run: 01, Epoch: 05, Loss: 0.4001
Run: 01, Epoch: 06, Loss: 0.3851
Run: 01, Epoch: 07, Loss: 0.3719
Run: 01, Epoch: 08, Loss: 0.3653
Run: 01, Epoch: 09, Loss: 0.3590
Run: 01, Epoch: 10, Loss: 0.3566
Run: 01, Epoch: 10, Train: 91.47%, Valid: 91.06% Test: 78.28%
Run: 01, Epoch: 11, Loss: 0.3508
Run: 01, Epoch: 12, Loss: 0.3429
Run: 01, Epoch: 12, Train: 91.79%, Valid: 91.13% Test: 78.78%
Run: 01, Epoch: 13, Loss: 0.3417
Run: 01, Epoch: 14, Loss: 0.3400
Run: 01, Epoch: 14, Train: 91.86%, Valid: 91.16% Test: 79.38%
Run: 01, Epoch: 15, Loss: 0.3349
Run: 01, Epoch: 16, Loss: 0.3317
Run: 01, Epoch: 16, Train: 92.07%, Valid: 91.28% Test: 79.20%
Run: 01, Epoch: 17, Loss: 0.3289
Run: 01, Epoch: 18, Loss: 0.3310
Run: 01, Epoch: 18, Train: 92.01%, Valid: 91.43% Test: 78.46%
Run: 01, Epoch: 19, Loss: 0.3277
Run: 01, Epoch: 20, Loss: 0.3280
Run: 01, Epoch: 20, Train: 92.11%, Valid: 91.36% Test: 78.84%
Run 01:
Highest Train: 92.11
Highest Valid: 91.43
  Final Train: 92.01
   Final Test: 78.46
Run: 02, Epoch: 01, Loss: 1.3973
Run: 02, Epoch: 02, Loss: 0.5429
Run: 02, Epoch: 03, Loss: 0.4591
Run: 02, Epoch: 04, Loss: 0.4244
Run: 02, Epoch: 05, Loss: 0.4008
Run: 02, Epoch: 06, Loss: 0.3850
Run: 02, Epoch: 07, Loss: 0.3749
Run: 02, Epoch: 08, Loss: 0.3662
Run: 02, Epoch: 09, Loss: 0.3650
Run: 02, Epoch: 10, Loss: 0.3558
Run: 02, Epoch: 10, Train: 91.43%, Valid: 90.95% Test: 78.69%
Run: 02, Epoch: 11, Loss: 0.3487
Run: 02, Epoch: 12, Loss: 0.3481
Run: 02, Epoch: 12, Train: 91.63%, Valid: 91.14% Test: 78.72%
Run: 02, Epoch: 13, Loss: 0.3431
Run: 02, Epoch: 14, Loss: 0.3399
Run: 02, Epoch: 14, Train: 91.77%, Valid: 91.18% Test: 77.99%
Run: 02, Epoch: 15, Loss: 0.3370
Run: 02, Epoch: 16, Loss: 0.3331
Run: 02, Epoch: 16, Train: 92.01%, Valid: 91.33% Test: 79.05%
Run: 02, Epoch: 17, Loss: 0.3292
Run: 02, Epoch: 18, Loss: 0.3283
Run: 02, Epoch: 18, Train: 92.16%, Valid: 91.28% Test: 78.25%
Run: 02, Epoch: 19, Loss: 0.3283
Run: 02, Epoch: 20, Loss: 0.3275
Run: 02, Epoch: 20, Train: 92.07%, Valid: 91.35% Test: 78.77%
Run 02:
Highest Train: 92.16
Highest Valid: 91.35
  Final Train: 92.07
   Final Test: 78.77
Run: 03, Epoch: 01, Loss: 1.3902
Run: 03, Epoch: 02, Loss: 0.5453
Run: 03, Epoch: 03, Loss: 0.4645
Run: 03, Epoch: 04, Loss: 0.4295
Run: 03, Epoch: 05, Loss: 0.4054
Run: 03, Epoch: 06, Loss: 0.3932
Run: 03, Epoch: 07, Loss: 0.3798
Run: 03, Epoch: 08, Loss: 0.3714
Run: 03, Epoch: 09, Loss: 0.3621
Run: 03, Epoch: 10, Loss: 0.3563
Run: 03, Epoch: 10, Train: 91.38%, Valid: 90.88% Test: 78.32%
Run: 03, Epoch: 11, Loss: 0.3539
Run: 03, Epoch: 12, Loss: 0.3504
Run: 03, Epoch: 12, Train: 91.58%, Valid: 91.15% Test: 78.51%
Run: 03, Epoch: 13, Loss: 0.3471
Run: 03, Epoch: 14, Loss: 0.3427
Run: 03, Epoch: 14, Train: 91.69%, Valid: 91.25% Test: 78.87%
Run: 03, Epoch: 15, Loss: 0.3403
Run: 03, Epoch: 16, Loss: 0.3406
Run: 03, Epoch: 16, Train: 91.87%, Valid: 91.31% Test: 78.24%
Run: 03, Epoch: 17, Loss: 0.3376
Run: 03, Epoch: 18, Loss: 0.3352
Run: 03, Epoch: 18, Train: 92.01%, Valid: 91.29% Test: 79.20%
Run: 03, Epoch: 19, Loss: 0.3351
Run: 03, Epoch: 20, Loss: 0.3313
Run: 03, Epoch: 20, Train: 92.01%, Valid: 91.38% Test: 78.30%
Run 03:
Highest Train: 92.01
Highest Valid: 91.38
  Final Train: 92.01
   Final Test: 78.30
Run: 04, Epoch: 01, Loss: 1.2986
Run: 04, Epoch: 02, Loss: 0.5278
Run: 04, Epoch: 03, Loss: 0.4507
Run: 04, Epoch: 04, Loss: 0.4167
Run: 04, Epoch: 05, Loss: 0.3973
Run: 04, Epoch: 06, Loss: 0.3840
Run: 04, Epoch: 07, Loss: 0.3759
Run: 04, Epoch: 08, Loss: 0.3675
Run: 04, Epoch: 09, Loss: 0.3602
Run: 04, Epoch: 10, Loss: 0.3505
Run: 04, Epoch: 10, Train: 91.51%, Valid: 91.24% Test: 79.04%
Run: 04, Epoch: 11, Loss: 0.3464
Run: 04, Epoch: 12, Loss: 0.3429
Run: 04, Epoch: 12, Train: 91.78%, Valid: 91.22% Test: 79.17%
Run: 04, Epoch: 13, Loss: 0.3417
Run: 04, Epoch: 14, Loss: 0.3375
Run: 04, Epoch: 14, Train: 91.84%, Valid: 91.35% Test: 78.21%
Run: 04, Epoch: 15, Loss: 0.3346
Run: 04, Epoch: 16, Loss: 0.3363
Run: 04, Epoch: 16, Train: 92.07%, Valid: 91.57% Test: 78.99%
Run: 04, Epoch: 17, Loss: 0.3306
Run: 04, Epoch: 18, Loss: 0.3306
Run: 04, Epoch: 18, Train: 92.25%, Valid: 91.61% Test: 79.28%
Run: 04, Epoch: 19, Loss: 0.3251
Run: 04, Epoch: 20, Loss: 0.3241
Run: 04, Epoch: 20, Train: 92.25%, Valid: 91.44% Test: 79.69%
Run 04:
Highest Train: 92.25
Highest Valid: 91.61
  Final Train: 92.25
   Final Test: 79.28
Run: 05, Epoch: 01, Loss: 1.2399
Run: 05, Epoch: 02, Loss: 0.5252
Run: 05, Epoch: 03, Loss: 0.4510
Run: 05, Epoch: 04, Loss: 0.4175
Run: 05, Epoch: 05, Loss: 0.3945
Run: 05, Epoch: 06, Loss: 0.3813
Run: 05, Epoch: 07, Loss: 0.3723
Run: 05, Epoch: 08, Loss: 0.3632
Run: 05, Epoch: 09, Loss: 0.3587
Run: 05, Epoch: 10, Loss: 0.3513
Run: 05, Epoch: 10, Train: 91.35%, Valid: 90.98% Test: 78.01%
Run: 05, Epoch: 11, Loss: 0.3473
Run: 05, Epoch: 12, Loss: 0.3437
Run: 05, Epoch: 12, Train: 91.68%, Valid: 91.13% Test: 78.58%
Run: 05, Epoch: 13, Loss: 0.3403
Run: 05, Epoch: 14, Loss: 0.3358
Run: 05, Epoch: 14, Train: 91.95%, Valid: 91.42% Test: 78.71%
Run: 05, Epoch: 15, Loss: 0.3340
Run: 05, Epoch: 16, Loss: 0.3323
Run: 05, Epoch: 16, Train: 91.95%, Valid: 91.38% Test: 78.44%
Run: 05, Epoch: 17, Loss: 0.3288
Run: 05, Epoch: 18, Loss: 0.3276
Run: 05, Epoch: 18, Train: 92.13%, Valid: 91.40% Test: 78.28%
Run: 05, Epoch: 19, Loss: 0.3255
Run: 05, Epoch: 20, Loss: 0.3260
Run: 05, Epoch: 20, Train: 92.33%, Valid: 91.41% Test: 79.09%
Run 05:
Highest Train: 92.33
Highest Valid: 91.42
  Final Train: 91.95
   Final Test: 78.71
Run: 06, Epoch: 01, Loss: 1.3351
Run: 06, Epoch: 02, Loss: 0.5372
Run: 06, Epoch: 03, Loss: 0.4580
Run: 06, Epoch: 04, Loss: 0.4154
Run: 06, Epoch: 05, Loss: 0.4029
Run: 06, Epoch: 06, Loss: 0.3875
Run: 06, Epoch: 07, Loss: 0.3757
Run: 06, Epoch: 08, Loss: 0.3672
Run: 06, Epoch: 09, Loss: 0.3571
Run: 06, Epoch: 10, Loss: 0.3557
Run: 06, Epoch: 10, Train: 91.41%, Valid: 91.07% Test: 78.56%
Run: 06, Epoch: 11, Loss: 0.3511
Run: 06, Epoch: 12, Loss: 0.3458
Run: 06, Epoch: 12, Train: 91.77%, Valid: 91.17% Test: 78.54%
Run: 06, Epoch: 13, Loss: 0.3418
Run: 06, Epoch: 14, Loss: 0.3358
Run: 06, Epoch: 14, Train: 91.81%, Valid: 91.35% Test: 79.16%
Run: 06, Epoch: 15, Loss: 0.3348
Run: 06, Epoch: 16, Loss: 0.3328
Run: 06, Epoch: 16, Train: 91.88%, Valid: 91.39% Test: 79.06%
Run: 06, Epoch: 17, Loss: 0.3309
Run: 06, Epoch: 18, Loss: 0.3300
Run: 06, Epoch: 18, Train: 92.04%, Valid: 91.38% Test: 78.23%
Run: 06, Epoch: 19, Loss: 0.3280
Run: 06, Epoch: 20, Loss: 0.3271
Run: 06, Epoch: 20, Train: 92.23%, Valid: 91.51% Test: 79.11%
Run 06:
Highest Train: 92.23
Highest Valid: 91.51
  Final Train: 92.23
   Final Test: 79.11
Run: 07, Epoch: 01, Loss: 1.3850
Run: 07, Epoch: 02, Loss: 0.5464
Run: 07, Epoch: 03, Loss: 0.4611
Run: 07, Epoch: 04, Loss: 0.4219
Run: 07, Epoch: 05, Loss: 0.4045
Run: 07, Epoch: 06, Loss: 0.3898
Run: 07, Epoch: 07, Loss: 0.3762
Run: 07, Epoch: 08, Loss: 0.3663
Run: 07, Epoch: 09, Loss: 0.3584
Run: 07, Epoch: 10, Loss: 0.3597
Run: 07, Epoch: 10, Train: 91.30%, Valid: 90.88% Test: 78.38%
Run: 07, Epoch: 11, Loss: 0.3499
Run: 07, Epoch: 12, Loss: 0.3440
Run: 07, Epoch: 12, Train: 91.59%, Valid: 91.13% Test: 78.56%
Run: 07, Epoch: 13, Loss: 0.3395
Run: 07, Epoch: 14, Loss: 0.3391
Run: 07, Epoch: 14, Train: 91.89%, Valid: 91.29% Test: 78.87%
Run: 07, Epoch: 15, Loss: 0.3334
Run: 07, Epoch: 16, Loss: 0.3361
Run: 07, Epoch: 16, Train: 91.96%, Valid: 91.23% Test: 77.93%
Run: 07, Epoch: 17, Loss: 0.3298
Run: 07, Epoch: 18, Loss: 0.3325
Run: 07, Epoch: 18, Train: 92.10%, Valid: 91.45% Test: 78.79%
Run: 07, Epoch: 19, Loss: 0.3303
Run: 07, Epoch: 20, Loss: 0.3252
Run: 07, Epoch: 20, Train: 92.18%, Valid: 91.46% Test: 78.66%
Run 07:
Highest Train: 92.18
Highest Valid: 91.46
  Final Train: 92.18
   Final Test: 78.66
Run: 08, Epoch: 01, Loss: 1.2669
Run: 08, Epoch: 02, Loss: 0.5274
Run: 08, Epoch: 03, Loss: 0.4488
Run: 08, Epoch: 04, Loss: 0.4174
Run: 08, Epoch: 05, Loss: 0.3968
Run: 08, Epoch: 06, Loss: 0.3820
Run: 08, Epoch: 07, Loss: 0.3676
Run: 08, Epoch: 08, Loss: 0.3649
Run: 08, Epoch: 09, Loss: 0.3590
Run: 08, Epoch: 10, Loss: 0.3533
Run: 08, Epoch: 10, Train: 91.38%, Valid: 91.17% Test: 78.77%
Run: 08, Epoch: 11, Loss: 0.3485
Run: 08, Epoch: 12, Loss: 0.3447
Run: 08, Epoch: 12, Train: 91.68%, Valid: 91.17% Test: 78.81%
Run: 08, Epoch: 13, Loss: 0.3393
Run: 08, Epoch: 14, Loss: 0.3359
Run: 08, Epoch: 14, Train: 91.84%, Valid: 91.34% Test: 78.51%
Run: 08, Epoch: 15, Loss: 0.3327
Run: 08, Epoch: 16, Loss: 0.3333
Run: 08, Epoch: 16, Train: 92.00%, Valid: 91.49% Test: 78.99%
Run: 08, Epoch: 17, Loss: 0.3315
Run: 08, Epoch: 18, Loss: 0.3323
Run: 08, Epoch: 18, Train: 92.14%, Valid: 91.48% Test: 78.83%
Run: 08, Epoch: 19, Loss: 0.3269
Run: 08, Epoch: 20, Loss: 0.3270
Run: 08, Epoch: 20, Train: 92.21%, Valid: 91.54% Test: 78.70%
Run 08:
Highest Train: 92.21
Highest Valid: 91.54
  Final Train: 92.21
   Final Test: 78.70
Run: 09, Epoch: 01, Loss: 1.3205
Run: 09, Epoch: 02, Loss: 0.5382
Run: 09, Epoch: 03, Loss: 0.4547
Run: 09, Epoch: 04, Loss: 0.4185
Run: 09, Epoch: 05, Loss: 0.4003
Run: 09, Epoch: 06, Loss: 0.3842
Run: 09, Epoch: 07, Loss: 0.3733
Run: 09, Epoch: 08, Loss: 0.3642
Run: 09, Epoch: 09, Loss: 0.3611
Run: 09, Epoch: 10, Loss: 0.3550
Run: 09, Epoch: 10, Train: 91.54%, Valid: 90.88% Test: 77.91%
Run: 09, Epoch: 11, Loss: 0.3486
Run: 09, Epoch: 12, Loss: 0.3424
Run: 09, Epoch: 12, Train: 91.58%, Valid: 91.18% Test: 78.54%
Run: 09, Epoch: 13, Loss: 0.3416
Run: 09, Epoch: 14, Loss: 0.3423
Run: 09, Epoch: 14, Train: 91.77%, Valid: 91.18% Test: 78.00%
Run: 09, Epoch: 15, Loss: 0.3389
Run: 09, Epoch: 16, Loss: 0.3351
Run: 09, Epoch: 16, Train: 91.95%, Valid: 91.37% Test: 78.72%
Run: 09, Epoch: 17, Loss: 0.3296
Run: 09, Epoch: 18, Loss: 0.3292
Run: 09, Epoch: 18, Train: 92.19%, Valid: 91.48% Test: 78.41%
Run: 09, Epoch: 19, Loss: 0.3277
Run: 09, Epoch: 20, Loss: 0.3271
Run: 09, Epoch: 20, Train: 92.22%, Valid: 91.35% Test: 78.78%
Run 09:
Highest Train: 92.22
Highest Valid: 91.48
  Final Train: 92.19
   Final Test: 78.41
Run: 10, Epoch: 01, Loss: 1.3357
Run: 10, Epoch: 02, Loss: 0.5363
Run: 10, Epoch: 03, Loss: 0.4516
Run: 10, Epoch: 04, Loss: 0.4216
Run: 10, Epoch: 05, Loss: 0.4019
Run: 10, Epoch: 06, Loss: 0.3862
Run: 10, Epoch: 07, Loss: 0.3731
Run: 10, Epoch: 08, Loss: 0.3672
Run: 10, Epoch: 09, Loss: 0.3601
Run: 10, Epoch: 10, Loss: 0.3553
Run: 10, Epoch: 10, Train: 91.53%, Valid: 91.13% Test: 78.05%
Run: 10, Epoch: 11, Loss: 0.3460
Run: 10, Epoch: 12, Loss: 0.3448
Run: 10, Epoch: 12, Train: 91.68%, Valid: 91.22% Test: 79.12%
Run: 10, Epoch: 13, Loss: 0.3420
Run: 10, Epoch: 14, Loss: 0.3367
Run: 10, Epoch: 14, Train: 91.87%, Valid: 91.26% Test: 78.79%
Run: 10, Epoch: 15, Loss: 0.3372
Run: 10, Epoch: 16, Loss: 0.3327
Run: 10, Epoch: 16, Train: 92.02%, Valid: 91.42% Test: 78.30%
Run: 10, Epoch: 17, Loss: 0.3312
Run: 10, Epoch: 18, Loss: 0.3332
Run: 10, Epoch: 18, Train: 92.18%, Valid: 91.47% Test: 79.25%
Run: 10, Epoch: 19, Loss: 0.3320
Run: 10, Epoch: 20, Loss: 0.3337
Run: 10, Epoch: 20, Train: 92.09%, Valid: 91.42% Test: 78.66%
Run 10:
Highest Train: 92.18
Highest Valid: 91.47
  Final Train: 92.18
   Final Test: 79.25
All runs:
Highest Train: 92.19 ± 0.08
Highest Valid: 91.46 ± 0.08
  Final Train: 92.13 ± 0.11
   Final Test: 78.77 ± 0.35
