Namespace(device=0, log_steps=1, inductive=False, num_layers=3, hidden_channels=256, dropout=0.5, batch_size=20000, walk_length=3, lr=0.01, num_steps=30, epochs=20, eval_steps=2, runs=10, rsv=0.7, al='mem', alpha=0.9)
tensor([147936, 100314,   1272,  ..., 182153, 186040,  87486]) 137630
tensor([222340, 232877, 217134,  ..., 203947, 232198, 217176]) 27526
Run: 01, Epoch: 01, Loss: 1.3083
Run: 01, Epoch: 02, Loss: 0.5343
Run: 01, Epoch: 03, Loss: 0.4516
Run: 01, Epoch: 04, Loss: 0.4195
Run: 01, Epoch: 05, Loss: 0.4008
Run: 01, Epoch: 06, Loss: 0.3869
Run: 01, Epoch: 07, Loss: 0.3720
Run: 01, Epoch: 08, Loss: 0.3653
Run: 01, Epoch: 09, Loss: 0.3599
Run: 01, Epoch: 10, Loss: 0.3571
Run: 01, Epoch: 10, Train: 91.50%, Valid: 91.08% Test: 77.90%
Run: 01, Epoch: 11, Loss: 0.3502
Run: 01, Epoch: 12, Loss: 0.3425
Run: 01, Epoch: 12, Train: 91.82%, Valid: 91.17% Test: 78.52%
Run: 01, Epoch: 13, Loss: 0.3408
Run: 01, Epoch: 14, Loss: 0.3392
Run: 01, Epoch: 14, Train: 91.88%, Valid: 91.14% Test: 78.88%
Run: 01, Epoch: 15, Loss: 0.3344
Run: 01, Epoch: 16, Loss: 0.3319
Run: 01, Epoch: 16, Train: 92.12%, Valid: 91.38% Test: 78.68%
Run: 01, Epoch: 17, Loss: 0.3283
Run: 01, Epoch: 18, Loss: 0.3305
Run: 01, Epoch: 18, Train: 92.19%, Valid: 91.40% Test: 78.12%
Run: 01, Epoch: 19, Loss: 0.3280
Run: 01, Epoch: 20, Loss: 0.3276
Run: 01, Epoch: 20, Train: 92.17%, Valid: 91.36% Test: 78.77%
Run 01:
Highest Train: 92.19
Highest Valid: 91.40
  Final Train: 92.19
   Final Test: 78.12
Run: 02, Epoch: 01, Loss: 1.4039
Run: 02, Epoch: 02, Loss: 0.5432
Run: 02, Epoch: 03, Loss: 0.4598
Run: 02, Epoch: 04, Loss: 0.4258
Run: 02, Epoch: 05, Loss: 0.4022
Run: 02, Epoch: 06, Loss: 0.3850
Run: 02, Epoch: 07, Loss: 0.3758
Run: 02, Epoch: 08, Loss: 0.3662
Run: 02, Epoch: 09, Loss: 0.3646
Run: 02, Epoch: 10, Loss: 0.3560
Run: 02, Epoch: 10, Train: 91.38%, Valid: 91.04% Test: 78.79%
Run: 02, Epoch: 11, Loss: 0.3515
Run: 02, Epoch: 12, Loss: 0.3500
Run: 02, Epoch: 12, Train: 91.52%, Valid: 90.97% Test: 78.96%
Run: 02, Epoch: 13, Loss: 0.3434
Run: 02, Epoch: 14, Loss: 0.3384
Run: 02, Epoch: 14, Train: 91.76%, Valid: 91.18% Test: 78.36%
Run: 02, Epoch: 15, Loss: 0.3357
Run: 02, Epoch: 16, Loss: 0.3329
Run: 02, Epoch: 16, Train: 92.02%, Valid: 91.23% Test: 79.20%
Run: 02, Epoch: 17, Loss: 0.3299
Run: 02, Epoch: 18, Loss: 0.3291
Run: 02, Epoch: 18, Train: 92.12%, Valid: 91.39% Test: 77.85%
Run: 02, Epoch: 19, Loss: 0.3287
Run: 02, Epoch: 20, Loss: 0.3277
Run: 02, Epoch: 20, Train: 92.04%, Valid: 91.32% Test: 78.59%
Run 02:
Highest Train: 92.12
Highest Valid: 91.39
  Final Train: 92.12
   Final Test: 77.85
Run: 03, Epoch: 01, Loss: 1.3954
Run: 03, Epoch: 02, Loss: 0.5469
Run: 03, Epoch: 03, Loss: 0.4667
Run: 03, Epoch: 04, Loss: 0.4310
Run: 03, Epoch: 05, Loss: 0.4062
Run: 03, Epoch: 06, Loss: 0.3937
Run: 03, Epoch: 07, Loss: 0.3797
Run: 03, Epoch: 08, Loss: 0.3721
Run: 03, Epoch: 09, Loss: 0.3634
Run: 03, Epoch: 10, Loss: 0.3564
Run: 03, Epoch: 10, Train: 91.42%, Valid: 90.93% Test: 78.40%
Run: 03, Epoch: 11, Loss: 0.3527
Run: 03, Epoch: 12, Loss: 0.3513
Run: 03, Epoch: 12, Train: 91.63%, Valid: 91.18% Test: 78.74%
Run: 03, Epoch: 13, Loss: 0.3468
Run: 03, Epoch: 14, Loss: 0.3412
Run: 03, Epoch: 14, Train: 91.76%, Valid: 91.29% Test: 78.91%
Run: 03, Epoch: 15, Loss: 0.3403
Run: 03, Epoch: 16, Loss: 0.3409
Run: 03, Epoch: 16, Train: 91.88%, Valid: 91.34% Test: 78.63%
Run: 03, Epoch: 17, Loss: 0.3380
Run: 03, Epoch: 18, Loss: 0.3366
Run: 03, Epoch: 18, Train: 91.97%, Valid: 91.35% Test: 79.44%
Run: 03, Epoch: 19, Loss: 0.3344
Run: 03, Epoch: 20, Loss: 0.3320
Run: 03, Epoch: 20, Train: 92.04%, Valid: 91.54% Test: 78.32%
Run 03:
Highest Train: 92.04
Highest Valid: 91.54
  Final Train: 92.04
   Final Test: 78.32
Run: 04, Epoch: 01, Loss: 1.2997
Run: 04, Epoch: 02, Loss: 0.5286
Run: 04, Epoch: 03, Loss: 0.4504
Run: 04, Epoch: 04, Loss: 0.4187
Run: 04, Epoch: 05, Loss: 0.3983
Run: 04, Epoch: 06, Loss: 0.3850
Run: 04, Epoch: 07, Loss: 0.3761
Run: 04, Epoch: 08, Loss: 0.3670
Run: 04, Epoch: 09, Loss: 0.3599
Run: 04, Epoch: 10, Loss: 0.3530
Run: 04, Epoch: 10, Train: 91.48%, Valid: 91.22% Test: 78.85%
Run: 04, Epoch: 11, Loss: 0.3473
Run: 04, Epoch: 12, Loss: 0.3432
Run: 04, Epoch: 12, Train: 91.61%, Valid: 91.28% Test: 79.02%
Run: 04, Epoch: 13, Loss: 0.3423
Run: 04, Epoch: 14, Loss: 0.3360
Run: 04, Epoch: 14, Train: 91.82%, Valid: 91.38% Test: 78.26%
Run: 04, Epoch: 15, Loss: 0.3336
Run: 04, Epoch: 16, Loss: 0.3377
Run: 04, Epoch: 16, Train: 92.00%, Valid: 91.41% Test: 78.90%
Run: 04, Epoch: 17, Loss: 0.3323
Run: 04, Epoch: 18, Loss: 0.3300
Run: 04, Epoch: 18, Train: 92.11%, Valid: 91.56% Test: 79.07%
Run: 04, Epoch: 19, Loss: 0.3256
Run: 04, Epoch: 20, Loss: 0.3236
Run: 04, Epoch: 20, Train: 92.20%, Valid: 91.50% Test: 79.08%
Run 04:
Highest Train: 92.20
Highest Valid: 91.56
  Final Train: 92.11
   Final Test: 79.07
Run: 05, Epoch: 01, Loss: 1.2420
Run: 05, Epoch: 02, Loss: 0.5262
Run: 05, Epoch: 03, Loss: 0.4537
Run: 05, Epoch: 04, Loss: 0.4187
Run: 05, Epoch: 05, Loss: 0.3938
Run: 05, Epoch: 06, Loss: 0.3816
Run: 05, Epoch: 07, Loss: 0.3736
Run: 05, Epoch: 08, Loss: 0.3637
Run: 05, Epoch: 09, Loss: 0.3594
Run: 05, Epoch: 10, Loss: 0.3516
Run: 05, Epoch: 10, Train: 91.35%, Valid: 91.01% Test: 77.83%
Run: 05, Epoch: 11, Loss: 0.3482
Run: 05, Epoch: 12, Loss: 0.3444
Run: 05, Epoch: 12, Train: 91.59%, Valid: 91.03% Test: 78.10%
Run: 05, Epoch: 13, Loss: 0.3410
Run: 05, Epoch: 14, Loss: 0.3382
Run: 05, Epoch: 14, Train: 91.86%, Valid: 91.36% Test: 78.34%
Run: 05, Epoch: 15, Loss: 0.3345
Run: 05, Epoch: 16, Loss: 0.3313
Run: 05, Epoch: 16, Train: 91.86%, Valid: 91.31% Test: 78.25%
Run: 05, Epoch: 17, Loss: 0.3285
Run: 05, Epoch: 18, Loss: 0.3272
Run: 05, Epoch: 18, Train: 92.13%, Valid: 91.48% Test: 78.19%
Run: 05, Epoch: 19, Loss: 0.3236
Run: 05, Epoch: 20, Loss: 0.3260
Run: 05, Epoch: 20, Train: 92.27%, Valid: 91.53% Test: 79.02%
Run 05:
Highest Train: 92.27
Highest Valid: 91.53
  Final Train: 92.27
   Final Test: 79.02
Run: 06, Epoch: 01, Loss: 1.3315
Run: 06, Epoch: 02, Loss: 0.5366
Run: 06, Epoch: 03, Loss: 0.4601
Run: 06, Epoch: 04, Loss: 0.4168
Run: 06, Epoch: 05, Loss: 0.4035
Run: 06, Epoch: 06, Loss: 0.3879
Run: 06, Epoch: 07, Loss: 0.3749
Run: 06, Epoch: 08, Loss: 0.3665
Run: 06, Epoch: 09, Loss: 0.3556
Run: 06, Epoch: 10, Loss: 0.3558
Run: 06, Epoch: 10, Train: 91.44%, Valid: 90.99% Test: 78.42%
Run: 06, Epoch: 11, Loss: 0.3496
Run: 06, Epoch: 12, Loss: 0.3461
Run: 06, Epoch: 12, Train: 91.68%, Valid: 91.06% Test: 78.49%
Run: 06, Epoch: 13, Loss: 0.3432
Run: 06, Epoch: 14, Loss: 0.3371
Run: 06, Epoch: 14, Train: 91.72%, Valid: 91.20% Test: 78.71%
Run: 06, Epoch: 15, Loss: 0.3359
Run: 06, Epoch: 16, Loss: 0.3328
Run: 06, Epoch: 16, Train: 91.89%, Valid: 91.43% Test: 79.24%
Run: 06, Epoch: 17, Loss: 0.3341
Run: 06, Epoch: 18, Loss: 0.3302
Run: 06, Epoch: 18, Train: 92.06%, Valid: 91.48% Test: 78.62%
Run: 06, Epoch: 19, Loss: 0.3284
Run: 06, Epoch: 20, Loss: 0.3280
Run: 06, Epoch: 20, Train: 92.24%, Valid: 91.47% Test: 78.97%
Run 06:
Highest Train: 92.24
Highest Valid: 91.48
  Final Train: 92.06
   Final Test: 78.62
Run: 07, Epoch: 01, Loss: 1.3776
Run: 07, Epoch: 02, Loss: 0.5447
Run: 07, Epoch: 03, Loss: 0.4613
Run: 07, Epoch: 04, Loss: 0.4230
Run: 07, Epoch: 05, Loss: 0.4047
Run: 07, Epoch: 06, Loss: 0.3890
Run: 07, Epoch: 07, Loss: 0.3767
Run: 07, Epoch: 08, Loss: 0.3652
Run: 07, Epoch: 09, Loss: 0.3577
Run: 07, Epoch: 10, Loss: 0.3590
Run: 07, Epoch: 10, Train: 91.41%, Valid: 91.02% Test: 78.17%
Run: 07, Epoch: 11, Loss: 0.3495
Run: 07, Epoch: 12, Loss: 0.3437
Run: 07, Epoch: 12, Train: 91.60%, Valid: 91.17% Test: 78.27%
Run: 07, Epoch: 13, Loss: 0.3406
Run: 07, Epoch: 14, Loss: 0.3404
Run: 07, Epoch: 14, Train: 91.88%, Valid: 91.16% Test: 78.76%
Run: 07, Epoch: 15, Loss: 0.3324
Run: 07, Epoch: 16, Loss: 0.3369
Run: 07, Epoch: 16, Train: 92.01%, Valid: 91.26% Test: 77.70%
Run: 07, Epoch: 17, Loss: 0.3306
Run: 07, Epoch: 18, Loss: 0.3333
Run: 07, Epoch: 18, Train: 92.12%, Valid: 91.48% Test: 78.56%
Run: 07, Epoch: 19, Loss: 0.3294
Run: 07, Epoch: 20, Loss: 0.3255
Run: 07, Epoch: 20, Train: 92.21%, Valid: 91.44% Test: 78.64%
Run 07:
Highest Train: 92.21
Highest Valid: 91.48
  Final Train: 92.12
   Final Test: 78.56
Run: 08, Epoch: 01, Loss: 1.2625
Run: 08, Epoch: 02, Loss: 0.5268
Run: 08, Epoch: 03, Loss: 0.4493
Run: 08, Epoch: 04, Loss: 0.4177
Run: 08, Epoch: 05, Loss: 0.3970
Run: 08, Epoch: 06, Loss: 0.3819
Run: 08, Epoch: 07, Loss: 0.3690
Run: 08, Epoch: 08, Loss: 0.3663
Run: 08, Epoch: 09, Loss: 0.3593
Run: 08, Epoch: 10, Loss: 0.3519
Run: 08, Epoch: 10, Train: 91.37%, Valid: 91.14% Test: 78.74%
Run: 08, Epoch: 11, Loss: 0.3487
Run: 08, Epoch: 12, Loss: 0.3448
Run: 08, Epoch: 12, Train: 91.66%, Valid: 91.11% Test: 78.79%
Run: 08, Epoch: 13, Loss: 0.3391
Run: 08, Epoch: 14, Loss: 0.3361
Run: 08, Epoch: 14, Train: 91.87%, Valid: 91.40% Test: 78.29%
Run: 08, Epoch: 15, Loss: 0.3331
Run: 08, Epoch: 16, Loss: 0.3339
Run: 08, Epoch: 16, Train: 92.04%, Valid: 91.36% Test: 78.77%
Run: 08, Epoch: 17, Loss: 0.3304
Run: 08, Epoch: 18, Loss: 0.3332
Run: 08, Epoch: 18, Train: 92.24%, Valid: 91.36% Test: 78.58%
Run: 08, Epoch: 19, Loss: 0.3261
Run: 08, Epoch: 20, Loss: 0.3274
Run: 08, Epoch: 20, Train: 92.08%, Valid: 91.37% Test: 78.23%
Run 08:
Highest Train: 92.24
Highest Valid: 91.40
  Final Train: 91.87
   Final Test: 78.29
Run: 09, Epoch: 01, Loss: 1.3197
Run: 09, Epoch: 02, Loss: 0.5377
Run: 09, Epoch: 03, Loss: 0.4560
Run: 09, Epoch: 04, Loss: 0.4196
Run: 09, Epoch: 05, Loss: 0.3998
Run: 09, Epoch: 06, Loss: 0.3849
Run: 09, Epoch: 07, Loss: 0.3740
Run: 09, Epoch: 08, Loss: 0.3647
Run: 09, Epoch: 09, Loss: 0.3618
Run: 09, Epoch: 10, Loss: 0.3557
Run: 09, Epoch: 10, Train: 91.37%, Valid: 90.86% Test: 77.63%
Run: 09, Epoch: 11, Loss: 0.3498
Run: 09, Epoch: 12, Loss: 0.3428
Run: 09, Epoch: 12, Train: 91.57%, Valid: 91.16% Test: 78.34%
Run: 09, Epoch: 13, Loss: 0.3426
Run: 09, Epoch: 14, Loss: 0.3404
Run: 09, Epoch: 14, Train: 91.80%, Valid: 91.02% Test: 77.73%
Run: 09, Epoch: 15, Loss: 0.3377
Run: 09, Epoch: 16, Loss: 0.3365
Run: 09, Epoch: 16, Train: 91.94%, Valid: 91.31% Test: 78.67%
Run: 09, Epoch: 17, Loss: 0.3296
Run: 09, Epoch: 18, Loss: 0.3297
Run: 09, Epoch: 18, Train: 92.17%, Valid: 91.39% Test: 78.24%
Run: 09, Epoch: 19, Loss: 0.3263
Run: 09, Epoch: 20, Loss: 0.3272
Run: 09, Epoch: 20, Train: 92.17%, Valid: 91.37% Test: 78.74%
Run 09:
Highest Train: 92.17
Highest Valid: 91.39
  Final Train: 92.17
   Final Test: 78.24
Run: 10, Epoch: 01, Loss: 1.3348
Run: 10, Epoch: 02, Loss: 0.5345
Run: 10, Epoch: 03, Loss: 0.4515
Run: 10, Epoch: 04, Loss: 0.4208
Run: 10, Epoch: 05, Loss: 0.4013
Run: 10, Epoch: 06, Loss: 0.3848
Run: 10, Epoch: 07, Loss: 0.3714
Run: 10, Epoch: 08, Loss: 0.3676
Run: 10, Epoch: 09, Loss: 0.3599
Run: 10, Epoch: 10, Loss: 0.3527
Run: 10, Epoch: 10, Train: 91.58%, Valid: 91.23% Test: 78.28%
Run: 10, Epoch: 11, Loss: 0.3448
Run: 10, Epoch: 12, Loss: 0.3435
Run: 10, Epoch: 12, Train: 91.69%, Valid: 91.33% Test: 78.93%
Run: 10, Epoch: 13, Loss: 0.3393
Run: 10, Epoch: 14, Loss: 0.3363
Run: 10, Epoch: 14, Train: 91.78%, Valid: 91.19% Test: 79.03%
Run: 10, Epoch: 15, Loss: 0.3380
Run: 10, Epoch: 16, Loss: 0.3309
Run: 10, Epoch: 16, Train: 92.06%, Valid: 91.57% Test: 78.56%
Run: 10, Epoch: 17, Loss: 0.3295
Run: 10, Epoch: 18, Loss: 0.3300
Run: 10, Epoch: 18, Train: 92.13%, Valid: 91.45% Test: 79.22%
Run: 10, Epoch: 19, Loss: 0.3273
Run: 10, Epoch: 20, Loss: 0.3258
Run: 10, Epoch: 20, Train: 92.19%, Valid: 91.39% Test: 78.63%
Run 10:
Highest Train: 92.19
Highest Valid: 91.57
  Final Train: 92.06
   Final Test: 78.56
All runs:
Highest Train: 92.19 ± 0.07
Highest Valid: 91.47 ± 0.07
  Final Train: 92.10 ± 0.11
   Final Test: 78.47 ± 0.38
