Namespace(device=0, log_steps=1, inductive=False, num_layers=3, hidden_channels=256, dropout=0.5, batch_size=20000, walk_length=3, lr=0.01, num_steps=30, epochs=20, eval_steps=2, runs=10, rsv=1.0, al='mem', alpha=0.8)
tensor([189285, 147936, 100314,  ...,  23952, 189918, 196431]) 157292
tensor([222340, 232877, 217134,  ..., 232268, 231520, 205630]) 31458
Run: 01, Epoch: 01, Loss: 1.3604
Run: 01, Epoch: 02, Loss: 0.5808
Run: 01, Epoch: 03, Loss: 0.4941
Run: 01, Epoch: 04, Loss: 0.4592
Run: 01, Epoch: 05, Loss: 0.4388
Run: 01, Epoch: 06, Loss: 0.4240
Run: 01, Epoch: 07, Loss: 0.4090
Run: 01, Epoch: 08, Loss: 0.4025
Run: 01, Epoch: 09, Loss: 0.3984
Run: 01, Epoch: 10, Loss: 0.3943
Run: 01, Epoch: 10, Train: 90.58%, Valid: 91.34% Test: 78.57%
Run: 01, Epoch: 11, Loss: 0.3863
Run: 01, Epoch: 12, Loss: 0.3777
Run: 01, Epoch: 12, Train: 90.82%, Valid: 91.23% Test: 78.89%
Run: 01, Epoch: 13, Loss: 0.3789
Run: 01, Epoch: 14, Loss: 0.3779
Run: 01, Epoch: 14, Train: 90.98%, Valid: 91.36% Test: 79.63%
Run: 01, Epoch: 15, Loss: 0.3694
Run: 01, Epoch: 16, Loss: 0.3695
Run: 01, Epoch: 16, Train: 91.09%, Valid: 91.51% Test: 79.25%
Run: 01, Epoch: 17, Loss: 0.3639
Run: 01, Epoch: 18, Loss: 0.3684
Run: 01, Epoch: 18, Train: 91.20%, Valid: 91.52% Test: 79.04%
Run: 01, Epoch: 19, Loss: 0.3635
Run: 01, Epoch: 20, Loss: 0.3665
Run: 01, Epoch: 20, Train: 91.29%, Valid: 91.48% Test: 78.75%
Run 01:
Highest Train: 91.29
Highest Valid: 91.52
  Final Train: 91.20
   Final Test: 79.04
Run: 02, Epoch: 01, Loss: 1.4631
Run: 02, Epoch: 02, Loss: 0.5918
Run: 02, Epoch: 03, Loss: 0.5010
Run: 02, Epoch: 04, Loss: 0.4646
Run: 02, Epoch: 05, Loss: 0.4412
Run: 02, Epoch: 06, Loss: 0.4240
Run: 02, Epoch: 07, Loss: 0.4121
Run: 02, Epoch: 08, Loss: 0.4040
Run: 02, Epoch: 09, Loss: 0.4023
Run: 02, Epoch: 10, Loss: 0.3926
Run: 02, Epoch: 10, Train: 90.37%, Valid: 91.08% Test: 78.86%
Run: 02, Epoch: 11, Loss: 0.3863
Run: 02, Epoch: 12, Loss: 0.3860
Run: 02, Epoch: 12, Train: 90.70%, Valid: 91.33% Test: 79.00%
Run: 02, Epoch: 13, Loss: 0.3792
Run: 02, Epoch: 14, Loss: 0.3773
Run: 02, Epoch: 14, Train: 90.81%, Valid: 91.32% Test: 78.41%
Run: 02, Epoch: 15, Loss: 0.3722
Run: 02, Epoch: 16, Loss: 0.3685
Run: 02, Epoch: 16, Train: 91.12%, Valid: 91.44% Test: 79.50%
Run: 02, Epoch: 17, Loss: 0.3663
Run: 02, Epoch: 18, Loss: 0.3653
Run: 02, Epoch: 18, Train: 91.22%, Valid: 91.48% Test: 78.45%
Run: 02, Epoch: 19, Loss: 0.3633
Run: 02, Epoch: 20, Loss: 0.3645
Run: 02, Epoch: 20, Train: 91.13%, Valid: 91.35% Test: 78.76%
Run 02:
Highest Train: 91.22
Highest Valid: 91.48
  Final Train: 91.22
   Final Test: 78.45
Run: 03, Epoch: 01, Loss: 1.4600
Run: 03, Epoch: 02, Loss: 0.5945
Run: 03, Epoch: 03, Loss: 0.5054
Run: 03, Epoch: 04, Loss: 0.4695
Run: 03, Epoch: 05, Loss: 0.4452
Run: 03, Epoch: 06, Loss: 0.4297
Run: 03, Epoch: 07, Loss: 0.4152
Run: 03, Epoch: 08, Loss: 0.4096
Run: 03, Epoch: 09, Loss: 0.3987
Run: 03, Epoch: 10, Loss: 0.3913
Run: 03, Epoch: 10, Train: 90.44%, Valid: 91.17% Test: 78.54%
Run: 03, Epoch: 11, Loss: 0.3889
Run: 03, Epoch: 12, Loss: 0.3867
Run: 03, Epoch: 12, Train: 90.55%, Valid: 91.26% Test: 78.35%
Run: 03, Epoch: 13, Loss: 0.3833
Run: 03, Epoch: 14, Loss: 0.3790
Run: 03, Epoch: 14, Train: 90.77%, Valid: 91.45% Test: 79.21%
Run: 03, Epoch: 15, Loss: 0.3771
Run: 03, Epoch: 16, Loss: 0.3766
Run: 03, Epoch: 16, Train: 91.01%, Valid: 91.54% Test: 78.87%
Run: 03, Epoch: 17, Loss: 0.3706
Run: 03, Epoch: 18, Loss: 0.3703
Run: 03, Epoch: 18, Train: 91.11%, Valid: 91.60% Test: 79.48%
Run: 03, Epoch: 19, Loss: 0.3675
Run: 03, Epoch: 20, Loss: 0.3653
Run: 03, Epoch: 20, Train: 91.15%, Valid: 91.62% Test: 78.70%
Run 03:
Highest Train: 91.15
Highest Valid: 91.62
  Final Train: 91.15
   Final Test: 78.70
Run: 04, Epoch: 01, Loss: 1.3657
Run: 04, Epoch: 02, Loss: 0.5777
Run: 04, Epoch: 03, Loss: 0.4933
Run: 04, Epoch: 04, Loss: 0.4573
Run: 04, Epoch: 05, Loss: 0.4354
Run: 04, Epoch: 06, Loss: 0.4222
Run: 04, Epoch: 07, Loss: 0.4141
Run: 04, Epoch: 08, Loss: 0.4045
Run: 04, Epoch: 09, Loss: 0.3984
Run: 04, Epoch: 10, Loss: 0.3901
Run: 04, Epoch: 10, Train: 90.53%, Valid: 91.27% Test: 78.77%
Run: 04, Epoch: 11, Loss: 0.3850
Run: 04, Epoch: 12, Loss: 0.3795
Run: 04, Epoch: 12, Train: 90.73%, Valid: 91.35% Test: 79.08%
Run: 04, Epoch: 13, Loss: 0.3774
Run: 04, Epoch: 14, Loss: 0.3741
Run: 04, Epoch: 14, Train: 90.95%, Valid: 91.43% Test: 78.39%
Run: 04, Epoch: 15, Loss: 0.3700
Run: 04, Epoch: 16, Loss: 0.3738
Run: 04, Epoch: 16, Train: 91.08%, Valid: 91.61% Test: 79.16%
Run: 04, Epoch: 17, Loss: 0.3687
Run: 04, Epoch: 18, Loss: 0.3683
Run: 04, Epoch: 18, Train: 91.25%, Valid: 91.71% Test: 79.19%
Run: 04, Epoch: 19, Loss: 0.3607
Run: 04, Epoch: 20, Loss: 0.3619
Run: 04, Epoch: 20, Train: 91.28%, Valid: 91.75% Test: 79.56%
Run 04:
Highest Train: 91.28
Highest Valid: 91.75
  Final Train: 91.28
   Final Test: 79.56
Run: 05, Epoch: 01, Loss: 1.2870
Run: 05, Epoch: 02, Loss: 0.5688
Run: 05, Epoch: 03, Loss: 0.4914
Run: 05, Epoch: 04, Loss: 0.4570
Run: 05, Epoch: 05, Loss: 0.4321
Run: 05, Epoch: 06, Loss: 0.4185
Run: 05, Epoch: 07, Loss: 0.4082
Run: 05, Epoch: 08, Loss: 0.3989
Run: 05, Epoch: 09, Loss: 0.3944
Run: 05, Epoch: 10, Loss: 0.3850
Run: 05, Epoch: 10, Train: 90.48%, Valid: 91.28% Test: 78.45%
Run: 05, Epoch: 11, Loss: 0.3804
Run: 05, Epoch: 12, Loss: 0.3790
Run: 05, Epoch: 12, Train: 90.79%, Valid: 91.29% Test: 78.42%
Run: 05, Epoch: 13, Loss: 0.3767
Run: 05, Epoch: 14, Loss: 0.3714
Run: 05, Epoch: 14, Train: 91.01%, Valid: 91.49% Test: 78.57%
Run: 05, Epoch: 15, Loss: 0.3664
Run: 05, Epoch: 16, Loss: 0.3666
Run: 05, Epoch: 16, Train: 91.02%, Valid: 91.52% Test: 78.99%
Run: 05, Epoch: 17, Loss: 0.3615
Run: 05, Epoch: 18, Loss: 0.3610
Run: 05, Epoch: 18, Train: 91.28%, Valid: 91.57% Test: 78.93%
Run: 05, Epoch: 19, Loss: 0.3587
Run: 05, Epoch: 20, Loss: 0.3643
Run: 05, Epoch: 20, Train: 91.39%, Valid: 91.60% Test: 79.17%
Run 05:
Highest Train: 91.39
Highest Valid: 91.60
  Final Train: 91.39
   Final Test: 79.17
Run: 06, Epoch: 01, Loss: 1.3903
Run: 06, Epoch: 02, Loss: 0.5842
Run: 06, Epoch: 03, Loss: 0.5003
Run: 06, Epoch: 04, Loss: 0.4559
Run: 06, Epoch: 05, Loss: 0.4423
Run: 06, Epoch: 06, Loss: 0.4230
Run: 06, Epoch: 07, Loss: 0.4123
Run: 06, Epoch: 08, Loss: 0.4041
Run: 06, Epoch: 09, Loss: 0.3938
Run: 06, Epoch: 10, Loss: 0.3934
Run: 06, Epoch: 10, Train: 90.45%, Valid: 91.09% Test: 78.74%
Run: 06, Epoch: 11, Loss: 0.3866
Run: 06, Epoch: 12, Loss: 0.3825
Run: 06, Epoch: 12, Train: 90.76%, Valid: 91.26% Test: 78.76%
Run: 06, Epoch: 13, Loss: 0.3776
Run: 06, Epoch: 14, Loss: 0.3740
Run: 06, Epoch: 14, Train: 90.80%, Valid: 91.44% Test: 78.85%
Run: 06, Epoch: 15, Loss: 0.3709
Run: 06, Epoch: 16, Loss: 0.3700
Run: 06, Epoch: 16, Train: 91.08%, Valid: 91.57% Test: 79.33%
Run: 06, Epoch: 17, Loss: 0.3678
Run: 06, Epoch: 18, Loss: 0.3665
Run: 06, Epoch: 18, Train: 91.11%, Valid: 91.61% Test: 78.68%
Run: 06, Epoch: 19, Loss: 0.3626
Run: 06, Epoch: 20, Loss: 0.3638
Run: 06, Epoch: 20, Train: 91.27%, Valid: 91.65% Test: 79.24%
Run 06:
Highest Train: 91.27
Highest Valid: 91.65
  Final Train: 91.27
   Final Test: 79.24
Run: 07, Epoch: 01, Loss: 1.4384
Run: 07, Epoch: 02, Loss: 0.5922
Run: 07, Epoch: 03, Loss: 0.5018
Run: 07, Epoch: 04, Loss: 0.4596
Run: 07, Epoch: 05, Loss: 0.4399
Run: 07, Epoch: 06, Loss: 0.4250
Run: 07, Epoch: 07, Loss: 0.4130
Run: 07, Epoch: 08, Loss: 0.4034
Run: 07, Epoch: 09, Loss: 0.3937
Run: 07, Epoch: 10, Loss: 0.3933
Run: 07, Epoch: 10, Train: 90.47%, Valid: 91.30% Test: 78.51%
Run: 07, Epoch: 11, Loss: 0.3839
Run: 07, Epoch: 12, Loss: 0.3810
Run: 07, Epoch: 12, Train: 90.59%, Valid: 91.28% Test: 78.59%
Run: 07, Epoch: 13, Loss: 0.3755
Run: 07, Epoch: 14, Loss: 0.3757
Run: 07, Epoch: 14, Train: 90.87%, Valid: 91.44% Test: 79.09%
Run: 07, Epoch: 15, Loss: 0.3697
Run: 07, Epoch: 16, Loss: 0.3749
Run: 07, Epoch: 16, Train: 91.04%, Valid: 91.63% Test: 78.35%
Run: 07, Epoch: 17, Loss: 0.3671
Run: 07, Epoch: 18, Loss: 0.3660
Run: 07, Epoch: 18, Train: 91.15%, Valid: 91.68% Test: 78.88%
Run: 07, Epoch: 19, Loss: 0.3631
Run: 07, Epoch: 20, Loss: 0.3594
Run: 07, Epoch: 20, Train: 91.22%, Valid: 91.72% Test: 78.75%
Run 07:
Highest Train: 91.22
Highest Valid: 91.72
  Final Train: 91.22
   Final Test: 78.75
Run: 08, Epoch: 01, Loss: 1.3245
Run: 08, Epoch: 02, Loss: 0.5751
Run: 08, Epoch: 03, Loss: 0.4906
Run: 08, Epoch: 04, Loss: 0.4553
Run: 08, Epoch: 05, Loss: 0.4350
Run: 08, Epoch: 06, Loss: 0.4215
Run: 08, Epoch: 07, Loss: 0.4064
Run: 08, Epoch: 08, Loss: 0.4026
Run: 08, Epoch: 09, Loss: 0.3968
Run: 08, Epoch: 10, Loss: 0.3909
Run: 08, Epoch: 10, Train: 90.50%, Valid: 91.31% Test: 79.02%
Run: 08, Epoch: 11, Loss: 0.3848
Run: 08, Epoch: 12, Loss: 0.3813
Run: 08, Epoch: 12, Train: 90.73%, Valid: 91.31% Test: 79.06%
Run: 08, Epoch: 13, Loss: 0.3762
Run: 08, Epoch: 14, Loss: 0.3750
Run: 08, Epoch: 14, Train: 90.90%, Valid: 91.60% Test: 78.89%
Run: 08, Epoch: 15, Loss: 0.3716
Run: 08, Epoch: 16, Loss: 0.3724
Run: 08, Epoch: 16, Train: 90.98%, Valid: 91.44% Test: 79.01%
Run: 08, Epoch: 17, Loss: 0.3664
Run: 08, Epoch: 18, Loss: 0.3695
Run: 08, Epoch: 18, Train: 91.21%, Valid: 91.57% Test: 78.94%
Run: 08, Epoch: 19, Loss: 0.3635
Run: 08, Epoch: 20, Loss: 0.3661
Run: 08, Epoch: 20, Train: 91.24%, Valid: 91.74% Test: 79.33%
Run 08:
Highest Train: 91.24
Highest Valid: 91.74
  Final Train: 91.24
   Final Test: 79.33
Run: 09, Epoch: 01, Loss: 1.3634
Run: 09, Epoch: 02, Loss: 0.5779
Run: 09, Epoch: 03, Loss: 0.4936
Run: 09, Epoch: 04, Loss: 0.4560
Run: 09, Epoch: 05, Loss: 0.4373
Run: 09, Epoch: 06, Loss: 0.4185
Run: 09, Epoch: 07, Loss: 0.4087
Run: 09, Epoch: 08, Loss: 0.4006
Run: 09, Epoch: 09, Loss: 0.3966
Run: 09, Epoch: 10, Loss: 0.3909
Run: 09, Epoch: 10, Train: 90.43%, Valid: 90.93% Test: 78.19%
Run: 09, Epoch: 11, Loss: 0.3846
Run: 09, Epoch: 12, Loss: 0.3764
Run: 09, Epoch: 12, Train: 90.69%, Valid: 91.39% Test: 78.63%
Run: 09, Epoch: 13, Loss: 0.3770
Run: 09, Epoch: 14, Loss: 0.3759
Run: 09, Epoch: 14, Train: 90.90%, Valid: 91.33% Test: 77.92%
Run: 09, Epoch: 15, Loss: 0.3718
Run: 09, Epoch: 16, Loss: 0.3693
Run: 09, Epoch: 16, Train: 91.17%, Valid: 91.48% Test: 78.85%
Run: 09, Epoch: 17, Loss: 0.3644
Run: 09, Epoch: 18, Loss: 0.3640
Run: 09, Epoch: 18, Train: 91.29%, Valid: 91.41% Test: 78.46%
Run: 09, Epoch: 19, Loss: 0.3624
Run: 09, Epoch: 20, Loss: 0.3606
Run: 09, Epoch: 20, Train: 91.43%, Valid: 91.63% Test: 78.76%
Run 09:
Highest Train: 91.43
Highest Valid: 91.63
  Final Train: 91.43
   Final Test: 78.76
Run: 10, Epoch: 01, Loss: 1.4008
Run: 10, Epoch: 02, Loss: 0.5831
Run: 10, Epoch: 03, Loss: 0.4947
Run: 10, Epoch: 04, Loss: 0.4615
Run: 10, Epoch: 05, Loss: 0.4396
Run: 10, Epoch: 06, Loss: 0.4230
Run: 10, Epoch: 07, Loss: 0.4088
Run: 10, Epoch: 08, Loss: 0.4055
Run: 10, Epoch: 09, Loss: 0.3962
Run: 10, Epoch: 10, Loss: 0.3902
Run: 10, Epoch: 10, Train: 90.61%, Valid: 91.39% Test: 78.34%
Run: 10, Epoch: 11, Loss: 0.3824
Run: 10, Epoch: 12, Loss: 0.3797
Run: 10, Epoch: 12, Train: 90.80%, Valid: 91.42% Test: 79.53%
Run: 10, Epoch: 13, Loss: 0.3780
Run: 10, Epoch: 14, Loss: 0.3729
Run: 10, Epoch: 14, Train: 90.97%, Valid: 91.49% Test: 79.05%
Run: 10, Epoch: 15, Loss: 0.3724
Run: 10, Epoch: 16, Loss: 0.3665
Run: 10, Epoch: 16, Train: 91.04%, Valid: 91.58% Test: 79.10%
Run: 10, Epoch: 17, Loss: 0.3660
Run: 10, Epoch: 18, Loss: 0.3663
Run: 10, Epoch: 18, Train: 91.24%, Valid: 91.61% Test: 79.22%
Run: 10, Epoch: 19, Loss: 0.3636
Run: 10, Epoch: 20, Loss: 0.3629
Run: 10, Epoch: 20, Train: 91.34%, Valid: 91.63% Test: 78.79%
Run 10:
Highest Train: 91.34
Highest Valid: 91.63
  Final Train: 91.34
   Final Test: 78.79
All runs:
Highest Train: 91.28 ± 0.08
Highest Valid: 91.63 ± 0.09
  Final Train: 91.27 ± 0.09
   Final Test: 78.98 ± 0.34
