Namespace(device=0, log_steps=1, inductive=False, num_layers=3, hidden_channels=256, dropout=0.5, batch_size=20000, walk_length=3, lr=0.01, num_steps=30, epochs=20, eval_steps=2, runs=10, rsv=0.85, al='mem', alpha=0.9)
tensor([189285, 147936, 100314,  ...,  51652, 185864,   8384]) 167122
tensor([222340, 232877, 217134,  ..., 207590, 210730, 214650]) 33424
Run: 01, Epoch: 01, Loss: 1.3055
Run: 01, Epoch: 02, Loss: 0.5319
Run: 01, Epoch: 03, Loss: 0.4493
Run: 01, Epoch: 04, Loss: 0.4162
Run: 01, Epoch: 05, Loss: 0.3974
Run: 01, Epoch: 06, Loss: 0.3846
Run: 01, Epoch: 07, Loss: 0.3711
Run: 01, Epoch: 08, Loss: 0.3644
Run: 01, Epoch: 09, Loss: 0.3581
Run: 01, Epoch: 10, Loss: 0.3537
Run: 01, Epoch: 10, Train: 91.62%, Valid: 91.27% Test: 78.16%
Run: 01, Epoch: 11, Loss: 0.3481
Run: 01, Epoch: 12, Loss: 0.3416
Run: 01, Epoch: 12, Train: 91.73%, Valid: 91.34% Test: 78.45%
Run: 01, Epoch: 13, Loss: 0.3404
Run: 01, Epoch: 14, Loss: 0.3397
Run: 01, Epoch: 14, Train: 91.91%, Valid: 91.37% Test: 79.40%
Run: 01, Epoch: 15, Loss: 0.3322
Run: 01, Epoch: 16, Loss: 0.3316
Run: 01, Epoch: 16, Train: 92.11%, Valid: 91.49% Test: 79.08%
Run: 01, Epoch: 17, Loss: 0.3270
Run: 01, Epoch: 18, Loss: 0.3304
Run: 01, Epoch: 18, Train: 92.19%, Valid: 91.62% Test: 78.89%
Run: 01, Epoch: 19, Loss: 0.3248
Run: 01, Epoch: 20, Loss: 0.3269
Run: 01, Epoch: 20, Train: 92.19%, Valid: 91.48% Test: 78.66%
Run 01:
Highest Train: 92.19
Highest Valid: 91.62
  Final Train: 92.19
   Final Test: 78.89
Run: 02, Epoch: 01, Loss: 1.3995
Run: 02, Epoch: 02, Loss: 0.5408
Run: 02, Epoch: 03, Loss: 0.4576
Run: 02, Epoch: 04, Loss: 0.4231
Run: 02, Epoch: 05, Loss: 0.4014
Run: 02, Epoch: 06, Loss: 0.3844
Run: 02, Epoch: 07, Loss: 0.3735
Run: 02, Epoch: 08, Loss: 0.3657
Run: 02, Epoch: 09, Loss: 0.3644
Run: 02, Epoch: 10, Loss: 0.3551
Run: 02, Epoch: 10, Train: 91.37%, Valid: 91.00% Test: 78.64%
Run: 02, Epoch: 11, Loss: 0.3488
Run: 02, Epoch: 12, Loss: 0.3474
Run: 02, Epoch: 12, Train: 91.59%, Valid: 91.23% Test: 78.96%
Run: 02, Epoch: 13, Loss: 0.3426
Run: 02, Epoch: 14, Loss: 0.3401
Run: 02, Epoch: 14, Train: 91.86%, Valid: 91.36% Test: 78.65%
Run: 02, Epoch: 15, Loss: 0.3347
Run: 02, Epoch: 16, Loss: 0.3318
Run: 02, Epoch: 16, Train: 92.04%, Valid: 91.38% Test: 79.21%
Run: 02, Epoch: 17, Loss: 0.3311
Run: 02, Epoch: 18, Loss: 0.3279
Run: 02, Epoch: 18, Train: 92.15%, Valid: 91.53% Test: 78.40%
Run: 02, Epoch: 19, Loss: 0.3276
Run: 02, Epoch: 20, Loss: 0.3273
Run: 02, Epoch: 20, Train: 92.04%, Valid: 91.43% Test: 78.73%
Run 02:
Highest Train: 92.15
Highest Valid: 91.53
  Final Train: 92.15
   Final Test: 78.40
Run: 03, Epoch: 01, Loss: 1.3894
Run: 03, Epoch: 02, Loss: 0.5445
Run: 03, Epoch: 03, Loss: 0.4627
Run: 03, Epoch: 04, Loss: 0.4276
Run: 03, Epoch: 05, Loss: 0.4041
Run: 03, Epoch: 06, Loss: 0.3908
Run: 03, Epoch: 07, Loss: 0.3782
Run: 03, Epoch: 08, Loss: 0.3723
Run: 03, Epoch: 09, Loss: 0.3618
Run: 03, Epoch: 10, Loss: 0.3549
Run: 03, Epoch: 10, Train: 91.40%, Valid: 91.05% Test: 78.53%
Run: 03, Epoch: 11, Loss: 0.3527
Run: 03, Epoch: 12, Loss: 0.3501
Run: 03, Epoch: 12, Train: 91.50%, Valid: 91.20% Test: 78.67%
Run: 03, Epoch: 13, Loss: 0.3470
Run: 03, Epoch: 14, Loss: 0.3422
Run: 03, Epoch: 14, Train: 91.76%, Valid: 91.36% Test: 79.39%
Run: 03, Epoch: 15, Loss: 0.3405
Run: 03, Epoch: 16, Loss: 0.3410
Run: 03, Epoch: 16, Train: 91.90%, Valid: 91.45% Test: 78.68%
Run: 03, Epoch: 17, Loss: 0.3369
Run: 03, Epoch: 18, Loss: 0.3352
Run: 03, Epoch: 18, Train: 92.05%, Valid: 91.53% Test: 79.40%
Run: 03, Epoch: 19, Loss: 0.3327
Run: 03, Epoch: 20, Loss: 0.3303
Run: 03, Epoch: 20, Train: 92.06%, Valid: 91.50% Test: 78.60%
Run 03:
Highest Train: 92.06
Highest Valid: 91.53
  Final Train: 92.05
   Final Test: 79.40
Run: 04, Epoch: 01, Loss: 1.2945
Run: 04, Epoch: 02, Loss: 0.5256
Run: 04, Epoch: 03, Loss: 0.4487
Run: 04, Epoch: 04, Loss: 0.4158
Run: 04, Epoch: 05, Loss: 0.3955
Run: 04, Epoch: 06, Loss: 0.3828
Run: 04, Epoch: 07, Loss: 0.3744
Run: 04, Epoch: 08, Loss: 0.3654
Run: 04, Epoch: 09, Loss: 0.3593
Run: 04, Epoch: 10, Loss: 0.3514
Run: 04, Epoch: 10, Train: 91.55%, Valid: 91.25% Test: 78.85%
Run: 04, Epoch: 11, Loss: 0.3469
Run: 04, Epoch: 12, Loss: 0.3424
Run: 04, Epoch: 12, Train: 91.76%, Valid: 91.38% Test: 78.88%
Run: 04, Epoch: 13, Loss: 0.3428
Run: 04, Epoch: 14, Loss: 0.3373
Run: 04, Epoch: 14, Train: 91.87%, Valid: 91.37% Test: 78.05%
Run: 04, Epoch: 15, Loss: 0.3332
Run: 04, Epoch: 16, Loss: 0.3367
Run: 04, Epoch: 16, Train: 92.13%, Valid: 91.47% Test: 78.96%
Run: 04, Epoch: 17, Loss: 0.3295
Run: 04, Epoch: 18, Loss: 0.3304
Run: 04, Epoch: 18, Train: 92.21%, Valid: 91.59% Test: 79.51%
Run: 04, Epoch: 19, Loss: 0.3248
Run: 04, Epoch: 20, Loss: 0.3245
Run: 04, Epoch: 20, Train: 92.24%, Valid: 91.57% Test: 79.76%
Run 04:
Highest Train: 92.24
Highest Valid: 91.59
  Final Train: 92.21
   Final Test: 79.51
Run: 05, Epoch: 01, Loss: 1.2335
Run: 05, Epoch: 02, Loss: 0.5225
Run: 05, Epoch: 03, Loss: 0.4495
Run: 05, Epoch: 04, Loss: 0.4151
Run: 05, Epoch: 05, Loss: 0.3917
Run: 05, Epoch: 06, Loss: 0.3799
Run: 05, Epoch: 07, Loss: 0.3698
Run: 05, Epoch: 08, Loss: 0.3621
Run: 05, Epoch: 09, Loss: 0.3571
Run: 05, Epoch: 10, Loss: 0.3486
Run: 05, Epoch: 10, Train: 91.40%, Valid: 91.08% Test: 78.11%
Run: 05, Epoch: 11, Loss: 0.3450
Run: 05, Epoch: 12, Loss: 0.3422
Run: 05, Epoch: 12, Train: 91.78%, Valid: 91.19% Test: 78.62%
Run: 05, Epoch: 13, Loss: 0.3397
Run: 05, Epoch: 14, Loss: 0.3359
Run: 05, Epoch: 14, Train: 91.92%, Valid: 91.39% Test: 78.56%
Run: 05, Epoch: 15, Loss: 0.3315
Run: 05, Epoch: 16, Loss: 0.3298
Run: 05, Epoch: 16, Train: 92.06%, Valid: 91.54% Test: 78.83%
Run: 05, Epoch: 17, Loss: 0.3270
Run: 05, Epoch: 18, Loss: 0.3254
Run: 05, Epoch: 18, Train: 92.22%, Valid: 91.52% Test: 78.25%
Run: 05, Epoch: 19, Loss: 0.3250
Run: 05, Epoch: 20, Loss: 0.3247
Run: 05, Epoch: 20, Train: 92.37%, Valid: 91.60% Test: 79.30%
Run 05:
Highest Train: 92.37
Highest Valid: 91.60
  Final Train: 92.37
   Final Test: 79.30
Run: 06, Epoch: 01, Loss: 1.3328
Run: 06, Epoch: 02, Loss: 0.5341
Run: 06, Epoch: 03, Loss: 0.4562
Run: 06, Epoch: 04, Loss: 0.4152
Run: 06, Epoch: 05, Loss: 0.4016
Run: 06, Epoch: 06, Loss: 0.3856
Run: 06, Epoch: 07, Loss: 0.3753
Run: 06, Epoch: 08, Loss: 0.3675
Run: 06, Epoch: 09, Loss: 0.3581
Run: 06, Epoch: 10, Loss: 0.3544
Run: 06, Epoch: 10, Train: 91.43%, Valid: 91.04% Test: 78.37%
Run: 06, Epoch: 11, Loss: 0.3493
Run: 06, Epoch: 12, Loss: 0.3435
Run: 06, Epoch: 12, Train: 91.80%, Valid: 91.28% Test: 78.68%
Run: 06, Epoch: 13, Loss: 0.3403
Run: 06, Epoch: 14, Loss: 0.3365
Run: 06, Epoch: 14, Train: 91.81%, Valid: 91.36% Test: 78.97%
Run: 06, Epoch: 15, Loss: 0.3336
Run: 06, Epoch: 16, Loss: 0.3324
Run: 06, Epoch: 16, Train: 92.00%, Valid: 91.48% Test: 79.30%
Run: 06, Epoch: 17, Loss: 0.3308
Run: 06, Epoch: 18, Loss: 0.3301
Run: 06, Epoch: 18, Train: 92.07%, Valid: 91.48% Test: 78.65%
Run: 06, Epoch: 19, Loss: 0.3254
Run: 06, Epoch: 20, Loss: 0.3271
Run: 06, Epoch: 20, Train: 92.32%, Valid: 91.60% Test: 79.25%
Run 06:
Highest Train: 92.32
Highest Valid: 91.60
  Final Train: 92.32
   Final Test: 79.25
Run: 07, Epoch: 01, Loss: 1.3856
Run: 07, Epoch: 02, Loss: 0.5483
Run: 07, Epoch: 03, Loss: 0.4604
Run: 07, Epoch: 04, Loss: 0.4204
Run: 07, Epoch: 05, Loss: 0.4012
Run: 07, Epoch: 06, Loss: 0.3869
Run: 07, Epoch: 07, Loss: 0.3761
Run: 07, Epoch: 08, Loss: 0.3654
Run: 07, Epoch: 09, Loss: 0.3575
Run: 07, Epoch: 10, Loss: 0.3587
Run: 07, Epoch: 10, Train: 91.51%, Valid: 91.22% Test: 78.55%
Run: 07, Epoch: 11, Loss: 0.3485
Run: 07, Epoch: 12, Loss: 0.3449
Run: 07, Epoch: 12, Train: 91.67%, Valid: 91.36% Test: 78.50%
Run: 07, Epoch: 13, Loss: 0.3393
Run: 07, Epoch: 14, Loss: 0.3398
Run: 07, Epoch: 14, Train: 91.88%, Valid: 91.33% Test: 79.29%
Run: 07, Epoch: 15, Loss: 0.3340
Run: 07, Epoch: 16, Loss: 0.3389
Run: 07, Epoch: 16, Train: 91.99%, Valid: 91.46% Test: 78.29%
Run: 07, Epoch: 17, Loss: 0.3328
Run: 07, Epoch: 18, Loss: 0.3327
Run: 07, Epoch: 18, Train: 92.13%, Valid: 91.74% Test: 78.98%
Run: 07, Epoch: 19, Loss: 0.3292
Run: 07, Epoch: 20, Loss: 0.3253
Run: 07, Epoch: 20, Train: 92.17%, Valid: 91.73% Test: 79.09%
Run 07:
Highest Train: 92.17
Highest Valid: 91.74
  Final Train: 92.13
   Final Test: 78.98
Run: 08, Epoch: 01, Loss: 1.2626
Run: 08, Epoch: 02, Loss: 0.5241
Run: 08, Epoch: 03, Loss: 0.4454
Run: 08, Epoch: 04, Loss: 0.4140
Run: 08, Epoch: 05, Loss: 0.3952
Run: 08, Epoch: 06, Loss: 0.3820
Run: 08, Epoch: 07, Loss: 0.3679
Run: 08, Epoch: 08, Loss: 0.3657
Run: 08, Epoch: 09, Loss: 0.3584
Run: 08, Epoch: 10, Loss: 0.3519
Run: 08, Epoch: 10, Train: 91.45%, Valid: 91.25% Test: 78.61%
Run: 08, Epoch: 11, Loss: 0.3466
Run: 08, Epoch: 12, Loss: 0.3445
Run: 08, Epoch: 12, Train: 91.72%, Valid: 91.46% Test: 78.90%
Run: 08, Epoch: 13, Loss: 0.3384
Run: 08, Epoch: 14, Loss: 0.3349
Run: 08, Epoch: 14, Train: 91.91%, Valid: 91.52% Test: 78.71%
Run: 08, Epoch: 15, Loss: 0.3318
Run: 08, Epoch: 16, Loss: 0.3327
Run: 08, Epoch: 16, Train: 92.01%, Valid: 91.62% Test: 78.92%
Run: 08, Epoch: 17, Loss: 0.3309
Run: 08, Epoch: 18, Loss: 0.3320
Run: 08, Epoch: 18, Train: 92.21%, Valid: 91.64% Test: 79.06%
Run: 08, Epoch: 19, Loss: 0.3257
Run: 08, Epoch: 20, Loss: 0.3266
Run: 08, Epoch: 20, Train: 92.25%, Valid: 91.71% Test: 79.20%
Run 08:
Highest Train: 92.25
Highest Valid: 91.71
  Final Train: 92.25
   Final Test: 79.20
Run: 09, Epoch: 01, Loss: 1.3136
Run: 09, Epoch: 02, Loss: 0.5361
Run: 09, Epoch: 03, Loss: 0.4525
Run: 09, Epoch: 04, Loss: 0.4176
Run: 09, Epoch: 05, Loss: 0.4003
Run: 09, Epoch: 06, Loss: 0.3827
Run: 09, Epoch: 07, Loss: 0.3711
Run: 09, Epoch: 08, Loss: 0.3628
Run: 09, Epoch: 09, Loss: 0.3609
Run: 09, Epoch: 10, Loss: 0.3543
Run: 09, Epoch: 10, Train: 91.46%, Valid: 91.05% Test: 78.12%
Run: 09, Epoch: 11, Loss: 0.3488
Run: 09, Epoch: 12, Loss: 0.3417
Run: 09, Epoch: 12, Train: 91.66%, Valid: 91.26% Test: 78.78%
Run: 09, Epoch: 13, Loss: 0.3415
Run: 09, Epoch: 14, Loss: 0.3413
Run: 09, Epoch: 14, Train: 91.86%, Valid: 91.40% Test: 77.93%
Run: 09, Epoch: 15, Loss: 0.3354
Run: 09, Epoch: 16, Loss: 0.3340
Run: 09, Epoch: 16, Train: 92.10%, Valid: 91.64% Test: 79.02%
Run: 09, Epoch: 17, Loss: 0.3293
Run: 09, Epoch: 18, Loss: 0.3285
Run: 09, Epoch: 18, Train: 92.14%, Valid: 91.58% Test: 78.43%
Run: 09, Epoch: 19, Loss: 0.3282
Run: 09, Epoch: 20, Loss: 0.3275
Run: 09, Epoch: 20, Train: 92.26%, Valid: 91.58% Test: 79.18%
Run 09:
Highest Train: 92.26
Highest Valid: 91.64
  Final Train: 92.10
   Final Test: 79.02
Run: 10, Epoch: 01, Loss: 1.3383
Run: 10, Epoch: 02, Loss: 0.5351
Run: 10, Epoch: 03, Loss: 0.4508
Run: 10, Epoch: 04, Loss: 0.4193
Run: 10, Epoch: 05, Loss: 0.4009
Run: 10, Epoch: 06, Loss: 0.3839
Run: 10, Epoch: 07, Loss: 0.3693
Run: 10, Epoch: 08, Loss: 0.3666
Run: 10, Epoch: 09, Loss: 0.3577
Run: 10, Epoch: 10, Loss: 0.3527
Run: 10, Epoch: 10, Train: 91.61%, Valid: 91.38% Test: 78.25%
Run: 10, Epoch: 11, Loss: 0.3440
Run: 10, Epoch: 12, Loss: 0.3427
Run: 10, Epoch: 12, Train: 91.77%, Valid: 91.36% Test: 79.67%
Run: 10, Epoch: 13, Loss: 0.3401
Run: 10, Epoch: 14, Loss: 0.3359
Run: 10, Epoch: 14, Train: 91.91%, Valid: 91.30% Test: 79.16%
Run: 10, Epoch: 15, Loss: 0.3367
Run: 10, Epoch: 16, Loss: 0.3304
Run: 10, Epoch: 16, Train: 92.07%, Valid: 91.58% Test: 78.81%
Run: 10, Epoch: 17, Loss: 0.3290
Run: 10, Epoch: 18, Loss: 0.3299
Run: 10, Epoch: 18, Train: 92.20%, Valid: 91.49% Test: 79.55%
Run: 10, Epoch: 19, Loss: 0.3265
Run: 10, Epoch: 20, Loss: 0.3254
Run: 10, Epoch: 20, Train: 92.25%, Valid: 91.62% Test: 78.83%
Run 10:
Highest Train: 92.25
Highest Valid: 91.62
  Final Train: 92.25
   Final Test: 78.83
All runs:
Highest Train: 92.23 ± 0.09
Highest Valid: 91.62 ± 0.07
  Final Train: 92.20 ± 0.10
   Final Test: 79.08 ± 0.32
