Namespace(device=0, log_steps=1, inductive=False, num_layers=3, hidden_channels=256, dropout=0.5, batch_size=20000, walk_length=3, lr=0.01, num_steps=30, epochs=20, eval_steps=2, runs=10, rsv=0.9, al='mem', alpha=0.9)
tensor([189285, 147936, 100314,  ...,  87486, 162917, 144680]) 176954
tensor([222340, 232877, 217134,  ..., 234880, 200956, 219079]) 35390
Run: 01, Epoch: 01, Loss: 1.3047
Run: 01, Epoch: 02, Loss: 0.5297
Run: 01, Epoch: 03, Loss: 0.4479
Run: 01, Epoch: 04, Loss: 0.4155
Run: 01, Epoch: 05, Loss: 0.3977
Run: 01, Epoch: 06, Loss: 0.3843
Run: 01, Epoch: 07, Loss: 0.3697
Run: 01, Epoch: 08, Loss: 0.3631
Run: 01, Epoch: 09, Loss: 0.3582
Run: 01, Epoch: 10, Loss: 0.3555
Run: 01, Epoch: 10, Train: 91.60%, Valid: 91.32% Test: 78.61%
Run: 01, Epoch: 11, Loss: 0.3483
Run: 01, Epoch: 12, Loss: 0.3408
Run: 01, Epoch: 12, Train: 91.76%, Valid: 91.39% Test: 78.69%
Run: 01, Epoch: 13, Loss: 0.3413
Run: 01, Epoch: 14, Loss: 0.3396
Run: 01, Epoch: 14, Train: 91.92%, Valid: 91.39% Test: 79.48%
Run: 01, Epoch: 15, Loss: 0.3328
Run: 01, Epoch: 16, Loss: 0.3310
Run: 01, Epoch: 16, Train: 92.03%, Valid: 91.44% Test: 79.23%
Run: 01, Epoch: 17, Loss: 0.3280
Run: 01, Epoch: 18, Loss: 0.3312
Run: 01, Epoch: 18, Train: 92.19%, Valid: 91.57% Test: 79.02%
Run: 01, Epoch: 19, Loss: 0.3260
Run: 01, Epoch: 20, Loss: 0.3273
Run: 01, Epoch: 20, Train: 92.12%, Valid: 91.56% Test: 78.90%
Run 01:
Highest Train: 92.19
Highest Valid: 91.57
  Final Train: 92.19
   Final Test: 79.02
Run: 02, Epoch: 01, Loss: 1.3961
Run: 02, Epoch: 02, Loss: 0.5413
Run: 02, Epoch: 03, Loss: 0.4569
Run: 02, Epoch: 04, Loss: 0.4227
Run: 02, Epoch: 05, Loss: 0.4001
Run: 02, Epoch: 06, Loss: 0.3844
Run: 02, Epoch: 07, Loss: 0.3734
Run: 02, Epoch: 08, Loss: 0.3657
Run: 02, Epoch: 09, Loss: 0.3639
Run: 02, Epoch: 10, Loss: 0.3551
Run: 02, Epoch: 10, Train: 91.41%, Valid: 91.05% Test: 78.96%
Run: 02, Epoch: 11, Loss: 0.3502
Run: 02, Epoch: 12, Loss: 0.3484
Run: 02, Epoch: 12, Train: 91.64%, Valid: 91.24% Test: 78.98%
Run: 02, Epoch: 13, Loss: 0.3422
Run: 02, Epoch: 14, Loss: 0.3393
Run: 02, Epoch: 14, Train: 91.81%, Valid: 91.41% Test: 78.65%
Run: 02, Epoch: 15, Loss: 0.3341
Run: 02, Epoch: 16, Loss: 0.3317
Run: 02, Epoch: 16, Train: 92.04%, Valid: 91.45% Test: 79.55%
Run: 02, Epoch: 17, Loss: 0.3318
Run: 02, Epoch: 18, Loss: 0.3288
Run: 02, Epoch: 18, Train: 92.21%, Valid: 91.53% Test: 78.88%
Run: 02, Epoch: 19, Loss: 0.3280
Run: 02, Epoch: 20, Loss: 0.3273
Run: 02, Epoch: 20, Train: 92.08%, Valid: 91.51% Test: 78.92%
Run 02:
Highest Train: 92.21
Highest Valid: 91.53
  Final Train: 92.21
   Final Test: 78.88
Run: 03, Epoch: 01, Loss: 1.3908
Run: 03, Epoch: 02, Loss: 0.5421
Run: 03, Epoch: 03, Loss: 0.4602
Run: 03, Epoch: 04, Loss: 0.4260
Run: 03, Epoch: 05, Loss: 0.4038
Run: 03, Epoch: 06, Loss: 0.3896
Run: 03, Epoch: 07, Loss: 0.3760
Run: 03, Epoch: 08, Loss: 0.3707
Run: 03, Epoch: 09, Loss: 0.3613
Run: 03, Epoch: 10, Loss: 0.3536
Run: 03, Epoch: 10, Train: 91.49%, Valid: 91.08% Test: 78.49%
Run: 03, Epoch: 11, Loss: 0.3529
Run: 03, Epoch: 12, Loss: 0.3488
Run: 03, Epoch: 12, Train: 91.61%, Valid: 91.28% Test: 78.84%
Run: 03, Epoch: 13, Loss: 0.3456
Run: 03, Epoch: 14, Loss: 0.3421
Run: 03, Epoch: 14, Train: 91.74%, Valid: 91.28% Test: 79.11%
Run: 03, Epoch: 15, Loss: 0.3407
Run: 03, Epoch: 16, Loss: 0.3413
Run: 03, Epoch: 16, Train: 91.91%, Valid: 91.49% Test: 78.50%
Run: 03, Epoch: 17, Loss: 0.3370
Run: 03, Epoch: 18, Loss: 0.3346
Run: 03, Epoch: 18, Train: 92.05%, Valid: 91.48% Test: 79.18%
Run: 03, Epoch: 19, Loss: 0.3319
Run: 03, Epoch: 20, Loss: 0.3295
Run: 03, Epoch: 20, Train: 92.02%, Valid: 91.62% Test: 78.55%
Run 03:
Highest Train: 92.05
Highest Valid: 91.62
  Final Train: 92.02
   Final Test: 78.55
Run: 04, Epoch: 01, Loss: 1.2922
Run: 04, Epoch: 02, Loss: 0.5267
Run: 04, Epoch: 03, Loss: 0.4479
Run: 04, Epoch: 04, Loss: 0.4139
Run: 04, Epoch: 05, Loss: 0.3945
Run: 04, Epoch: 06, Loss: 0.3818
Run: 04, Epoch: 07, Loss: 0.3737
Run: 04, Epoch: 08, Loss: 0.3655
Run: 04, Epoch: 09, Loss: 0.3591
Run: 04, Epoch: 10, Loss: 0.3505
Run: 04, Epoch: 10, Train: 91.52%, Valid: 91.29% Test: 78.88%
Run: 04, Epoch: 11, Loss: 0.3475
Run: 04, Epoch: 12, Loss: 0.3422
Run: 04, Epoch: 12, Train: 91.72%, Valid: 91.34% Test: 79.29%
Run: 04, Epoch: 13, Loss: 0.3419
Run: 04, Epoch: 14, Loss: 0.3369
Run: 04, Epoch: 14, Train: 91.77%, Valid: 91.38% Test: 78.40%
Run: 04, Epoch: 15, Loss: 0.3359
Run: 04, Epoch: 16, Loss: 0.3359
Run: 04, Epoch: 16, Train: 92.04%, Valid: 91.51% Test: 79.13%
Run: 04, Epoch: 17, Loss: 0.3296
Run: 04, Epoch: 18, Loss: 0.3315
Run: 04, Epoch: 18, Train: 92.26%, Valid: 91.78% Test: 79.59%
Run: 04, Epoch: 19, Loss: 0.3257
Run: 04, Epoch: 20, Loss: 0.3225
Run: 04, Epoch: 20, Train: 92.26%, Valid: 91.71% Test: 79.71%
Run 04:
Highest Train: 92.26
Highest Valid: 91.78
  Final Train: 92.26
   Final Test: 79.59
Run: 05, Epoch: 01, Loss: 1.2346
Run: 05, Epoch: 02, Loss: 0.5218
Run: 05, Epoch: 03, Loss: 0.4488
Run: 05, Epoch: 04, Loss: 0.4157
Run: 05, Epoch: 05, Loss: 0.3926
Run: 05, Epoch: 06, Loss: 0.3803
Run: 05, Epoch: 07, Loss: 0.3704
Run: 05, Epoch: 08, Loss: 0.3622
Run: 05, Epoch: 09, Loss: 0.3573
Run: 05, Epoch: 10, Loss: 0.3490
Run: 05, Epoch: 10, Train: 91.50%, Valid: 91.28% Test: 78.36%
Run: 05, Epoch: 11, Loss: 0.3456
Run: 05, Epoch: 12, Loss: 0.3418
Run: 05, Epoch: 12, Train: 91.76%, Valid: 91.31% Test: 78.30%
Run: 05, Epoch: 13, Loss: 0.3406
Run: 05, Epoch: 14, Loss: 0.3375
Run: 05, Epoch: 14, Train: 91.94%, Valid: 91.49% Test: 78.67%
Run: 05, Epoch: 15, Loss: 0.3321
Run: 05, Epoch: 16, Loss: 0.3316
Run: 05, Epoch: 16, Train: 92.02%, Valid: 91.60% Test: 78.97%
Run: 05, Epoch: 17, Loss: 0.3270
Run: 05, Epoch: 18, Loss: 0.3266
Run: 05, Epoch: 18, Train: 92.16%, Valid: 91.51% Test: 78.57%
Run: 05, Epoch: 19, Loss: 0.3243
Run: 05, Epoch: 20, Loss: 0.3254
Run: 05, Epoch: 20, Train: 92.31%, Valid: 91.59% Test: 79.26%
Run 05:
Highest Train: 92.31
Highest Valid: 91.60
  Final Train: 92.02
   Final Test: 78.97
Run: 06, Epoch: 01, Loss: 1.3347
Run: 06, Epoch: 02, Loss: 0.5338
Run: 06, Epoch: 03, Loss: 0.4559
Run: 06, Epoch: 04, Loss: 0.4144
Run: 06, Epoch: 05, Loss: 0.4006
Run: 06, Epoch: 06, Loss: 0.3842
Run: 06, Epoch: 07, Loss: 0.3755
Run: 06, Epoch: 08, Loss: 0.3678
Run: 06, Epoch: 09, Loss: 0.3573
Run: 06, Epoch: 10, Loss: 0.3546
Run: 06, Epoch: 10, Train: 91.38%, Valid: 91.24% Test: 78.64%
Run: 06, Epoch: 11, Loss: 0.3502
Run: 06, Epoch: 12, Loss: 0.3460
Run: 06, Epoch: 12, Train: 91.74%, Valid: 91.37% Test: 78.49%
Run: 06, Epoch: 13, Loss: 0.3404
Run: 06, Epoch: 14, Loss: 0.3359
Run: 06, Epoch: 14, Train: 91.82%, Valid: 91.45% Test: 79.13%
Run: 06, Epoch: 15, Loss: 0.3328
Run: 06, Epoch: 16, Loss: 0.3332
Run: 06, Epoch: 16, Train: 91.94%, Valid: 91.44% Test: 79.19%
Run: 06, Epoch: 17, Loss: 0.3309
Run: 06, Epoch: 18, Loss: 0.3291
Run: 06, Epoch: 18, Train: 92.02%, Valid: 91.47% Test: 78.79%
Run: 06, Epoch: 19, Loss: 0.3253
Run: 06, Epoch: 20, Loss: 0.3262
Run: 06, Epoch: 20, Train: 92.24%, Valid: 91.55% Test: 79.55%
Run 06:
Highest Train: 92.24
Highest Valid: 91.55
  Final Train: 92.24
   Final Test: 79.55
Run: 07, Epoch: 01, Loss: 1.3799
Run: 07, Epoch: 02, Loss: 0.5463
Run: 07, Epoch: 03, Loss: 0.4597
Run: 07, Epoch: 04, Loss: 0.4192
Run: 07, Epoch: 05, Loss: 0.4009
Run: 07, Epoch: 06, Loss: 0.3872
Run: 07, Epoch: 07, Loss: 0.3761
Run: 07, Epoch: 08, Loss: 0.3668
Run: 07, Epoch: 09, Loss: 0.3591
Run: 07, Epoch: 10, Loss: 0.3601
Run: 07, Epoch: 10, Train: 91.32%, Valid: 91.16% Test: 78.54%
Run: 07, Epoch: 11, Loss: 0.3498
Run: 07, Epoch: 12, Loss: 0.3448
Run: 07, Epoch: 12, Train: 91.67%, Valid: 91.45% Test: 78.75%
Run: 07, Epoch: 13, Loss: 0.3407
Run: 07, Epoch: 14, Loss: 0.3407
Run: 07, Epoch: 14, Train: 91.90%, Valid: 91.43% Test: 79.52%
Run: 07, Epoch: 15, Loss: 0.3346
Run: 07, Epoch: 16, Loss: 0.3379
Run: 07, Epoch: 16, Train: 92.00%, Valid: 91.58% Test: 78.44%
Run: 07, Epoch: 17, Loss: 0.3319
Run: 07, Epoch: 18, Loss: 0.3315
Run: 07, Epoch: 18, Train: 92.08%, Valid: 91.58% Test: 79.04%
Run: 07, Epoch: 19, Loss: 0.3283
Run: 07, Epoch: 20, Loss: 0.3259
Run: 07, Epoch: 20, Train: 92.15%, Valid: 91.72% Test: 79.05%
Run 07:
Highest Train: 92.15
Highest Valid: 91.72
  Final Train: 92.15
   Final Test: 79.05
Run: 08, Epoch: 01, Loss: 1.2643
Run: 08, Epoch: 02, Loss: 0.5242
Run: 08, Epoch: 03, Loss: 0.4456
Run: 08, Epoch: 04, Loss: 0.4137
Run: 08, Epoch: 05, Loss: 0.3939
Run: 08, Epoch: 06, Loss: 0.3818
Run: 08, Epoch: 07, Loss: 0.3675
Run: 08, Epoch: 08, Loss: 0.3648
Run: 08, Epoch: 09, Loss: 0.3581
Run: 08, Epoch: 10, Loss: 0.3520
Run: 08, Epoch: 10, Train: 91.52%, Valid: 91.29% Test: 78.91%
Run: 08, Epoch: 11, Loss: 0.3472
Run: 08, Epoch: 12, Loss: 0.3443
Run: 08, Epoch: 12, Train: 91.73%, Valid: 91.41% Test: 79.03%
Run: 08, Epoch: 13, Loss: 0.3379
Run: 08, Epoch: 14, Loss: 0.3361
Run: 08, Epoch: 14, Train: 91.93%, Valid: 91.66% Test: 79.01%
Run: 08, Epoch: 15, Loss: 0.3321
Run: 08, Epoch: 16, Loss: 0.3334
Run: 08, Epoch: 16, Train: 91.95%, Valid: 91.58% Test: 79.12%
Run: 08, Epoch: 17, Loss: 0.3293
Run: 08, Epoch: 18, Loss: 0.3315
Run: 08, Epoch: 18, Train: 92.18%, Valid: 91.72% Test: 79.10%
Run: 08, Epoch: 19, Loss: 0.3255
Run: 08, Epoch: 20, Loss: 0.3269
Run: 08, Epoch: 20, Train: 92.19%, Valid: 91.77% Test: 79.31%
Run 08:
Highest Train: 92.19
Highest Valid: 91.77
  Final Train: 92.19
   Final Test: 79.31
Run: 09, Epoch: 01, Loss: 1.3124
Run: 09, Epoch: 02, Loss: 0.5348
Run: 09, Epoch: 03, Loss: 0.4522
Run: 09, Epoch: 04, Loss: 0.4170
Run: 09, Epoch: 05, Loss: 0.3989
Run: 09, Epoch: 06, Loss: 0.3809
Run: 09, Epoch: 07, Loss: 0.3706
Run: 09, Epoch: 08, Loss: 0.3622
Run: 09, Epoch: 09, Loss: 0.3594
Run: 09, Epoch: 10, Loss: 0.3536
Run: 09, Epoch: 10, Train: 91.45%, Valid: 91.16% Test: 78.10%
Run: 09, Epoch: 11, Loss: 0.3476
Run: 09, Epoch: 12, Loss: 0.3411
Run: 09, Epoch: 12, Train: 91.68%, Valid: 91.40% Test: 79.04%
Run: 09, Epoch: 13, Loss: 0.3403
Run: 09, Epoch: 14, Loss: 0.3395
Run: 09, Epoch: 14, Train: 91.94%, Valid: 91.43% Test: 78.36%
Run: 09, Epoch: 15, Loss: 0.3338
Run: 09, Epoch: 16, Loss: 0.3319
Run: 09, Epoch: 16, Train: 92.14%, Valid: 91.63% Test: 79.24%
Run: 09, Epoch: 17, Loss: 0.3280
Run: 09, Epoch: 18, Loss: 0.3282
Run: 09, Epoch: 18, Train: 92.22%, Valid: 91.64% Test: 78.51%
Run: 09, Epoch: 19, Loss: 0.3260
Run: 09, Epoch: 20, Loss: 0.3239
Run: 09, Epoch: 20, Train: 92.28%, Valid: 91.77% Test: 79.08%
Run 09:
Highest Train: 92.28
Highest Valid: 91.77
  Final Train: 92.28
   Final Test: 79.08
Run: 10, Epoch: 01, Loss: 1.3353
Run: 10, Epoch: 02, Loss: 0.5327
Run: 10, Epoch: 03, Loss: 0.4491
Run: 10, Epoch: 04, Loss: 0.4185
Run: 10, Epoch: 05, Loss: 0.3994
Run: 10, Epoch: 06, Loss: 0.3835
Run: 10, Epoch: 07, Loss: 0.3700
Run: 10, Epoch: 08, Loss: 0.3656
Run: 10, Epoch: 09, Loss: 0.3586
Run: 10, Epoch: 10, Loss: 0.3537
Run: 10, Epoch: 10, Train: 91.59%, Valid: 91.31% Test: 78.58%
Run: 10, Epoch: 11, Loss: 0.3446
Run: 10, Epoch: 12, Loss: 0.3425
Run: 10, Epoch: 12, Train: 91.71%, Valid: 91.33% Test: 79.52%
Run: 10, Epoch: 13, Loss: 0.3415
Run: 10, Epoch: 14, Loss: 0.3370
Run: 10, Epoch: 14, Train: 91.93%, Valid: 91.39% Test: 79.37%
Run: 10, Epoch: 15, Loss: 0.3379
Run: 10, Epoch: 16, Loss: 0.3318
Run: 10, Epoch: 16, Train: 92.08%, Valid: 91.68% Test: 78.81%
Run: 10, Epoch: 17, Loss: 0.3296
Run: 10, Epoch: 18, Loss: 0.3316
Run: 10, Epoch: 18, Train: 92.18%, Valid: 91.56% Test: 79.68%
Run: 10, Epoch: 19, Loss: 0.3270
Run: 10, Epoch: 20, Loss: 0.3267
Run: 10, Epoch: 20, Train: 92.25%, Valid: 91.53% Test: 78.84%
Run 10:
Highest Train: 92.25
Highest Valid: 91.68
  Final Train: 92.08
   Final Test: 78.81
All runs:
Highest Train: 92.21 ± 0.07
Highest Valid: 91.66 ± 0.10
  Final Train: 92.17 ± 0.09
   Final Test: 79.08 ± 0.32
